2020-05-20 17:54:40,831 : kivy : Factory: 184 symbols loaded
2020-05-20 17:54:41,439 : kivy : Image: Providers: img_tex, img_dds, img_sdl2, img_pil, img_gif (img_ffpyplayer ignored)
2020-05-20 17:54:41,704 : kivy : VideoGstplayer: Using Gstreamer 1.16.0.0
2020-05-20 17:54:41,704 : kivy : Video: Provider: gstplayer
2020-05-20 17:54:42,001 : kivy : Loading MPF-MC controller
2020-05-20 17:54:42,001 : mpfmc : Mission Pinball Framework Media Controller v0.53.3
2020-05-20 17:54:42,016 : mpfmc : Mission Pinball Framework Game Engine v0.53.3
2020-05-20 17:54:42,016 : mpfmc : Machine path: C:\pinball\HauntedHouse
2020-05-20 17:54:42,016 : ConfigProcessor : Config file in cache changed: C:\pinball\HauntedHouse\config\config
2020-05-20 17:54:42,016 : ConfigProcessor : Loading config from file c:\users\hans\appdata\local\programs\python\python36-32\lib\site-packages\mpfmc\mcconfig.yaml.
2020-05-20 17:54:42,406 : ConfigProcessor : Loading config: c:\users\hans\appdata\local\programs\python\python36-32\lib\site-packages\mpfmc\mcconfig.yaml
2020-05-20 17:54:46,088 : ConfigValidator : Config spec file cache created: C:\Users\Hans\AppData\Local\Temp\config_spec.mpf_cache
2020-05-20 17:54:46,150 : ConfigProcessor : Loading config from file C:\pinball\HauntedHouse\config\config.
2020-05-20 17:54:46,977 : ConfigProcessor : Loading config: C:\pinball\HauntedHouse\config\config
2020-05-20 17:54:46,977 : ConfigProcessor : Config file cache created: C:\Users\Hans\AppData\Local\Temp\1db0e0e3fd8cb1ead45d2e51d225dce4.mpf_cache
2020-05-20 17:54:46,993 : mpfmc : Starting clock at 60.0Hz
2020-05-20 17:54:47,039 : kivy : Text: Provider: sdl2
2020-05-20 17:54:47,195 : kivy : Window: Provider: sdl2
2020-05-20 17:54:47,724 : kivy : GL: Using the "OpenGL" graphics system
2020-05-20 17:54:47,728 : kivy : GL: GLEW initialization succeeded
2020-05-20 17:54:47,729 : kivy : GL: Backend used <glew>
2020-05-20 17:54:47,729 : kivy : GL: OpenGL version <b'3.0'>
2020-05-20 17:54:47,730 : kivy : GL: OpenGL vendor <b'Intel Corporation'>
2020-05-20 17:54:47,730 : kivy : GL: OpenGL renderer <b'Intel(R) Graphics Media Accelerator 3600 Series'>
2020-05-20 17:54:47,731 : kivy : GL: OpenGL parsed version: 3, 0
2020-05-20 17:54:47,731 : kivy : GL: Shading version <b'1.30'>
2020-05-20 17:54:47,732 : kivy : GL: Texture max size <8192>
2020-05-20 17:54:47,732 : kivy : GL: Texture max units <16>
2020-05-20 17:54:47,852 : kivy : Window: auto add sdl2 input provider
2020-05-20 17:54:47,853 : kivy : Window: virtual keyboard not allowed, single mode, not docked
2020-05-20 17:54:47,884 : SoundSystem : SoundSystem: Using default 'sound_system' settings
2020-05-20 17:54:48,887 : AudioInterface : Initialized
2020-05-20 17:54:48,888 : SoundSystem : No audio tracks are specified in your machine config file. a track named 'default' has been created.
2020-05-20 17:54:48,904 : kivy : Base: Start application main loop
2020-05-20 17:54:48,906 : EventManager : Event: ======'display_window_initialized'====== Args={}
2020-05-20 17:54:48,950 : mpfmc : Display: Setting 'window' as default display
2020-05-20 17:54:48,973 : EventManager : Event: ======'displays_initialized'====== Args={}
2020-05-20 17:54:48,978 : EventManager : Event: ======'slide_window_blank_created'====== Args={}
2020-05-20 17:54:48,979 : EventManager : Event: ======'display_window_ready'====== Args={}
2020-05-20 17:54:49,018 : EventManager : Event: ======'init_phase_1'====== Args={}
2020-05-20 17:54:49,046 : EventManager : Event: ======'mc_ready'====== Args={}
2020-05-20 17:54:49,046 : EventManager : Event: ======'init_phase_2'====== Args={}
2020-05-20 17:54:49,053 : ConfigProcessor : Loading config from cache: C:\Users\Hans\AppData\Local\Temp\5bc0fa50944284867e966a154a822445.mpf_cache
2020-05-20 17:54:49,057 : ConfigProcessor : Loading config from cache: C:\Users\Hans\AppData\Local\Temp\7d6c1285f2e862430ea29e9aa05d0f73.mpf_cache
2020-05-20 17:54:49,060 : ConfigProcessor : Loading config from cache: C:\Users\Hans\AppData\Local\Temp\fd4d0ac963aaaec6abb4cac3da0cded0.mpf_cache
2020-05-20 17:54:49,065 : EventManager : Event: ======'init_phase_3'====== Args={}
2020-05-20 17:54:49,069 : EventManager : Event: ======'init_phase_4'====== Args={}
2020-05-20 17:54:49,070 : EventManager : Event: ======'init_phase_5'====== Args={}
2020-05-20 17:54:49,070 : EventManager : Event: ======'init_done'====== Args={}
2020-05-20 17:54:49,071 : MPF-MC BCP Server : Starting up on localhost port 5050
2020-05-20 17:54:49,084 : MPF-MC BCP Server : Waiting for a connection...
2020-05-20 17:54:49,085 : mpfmc : SlidePlayer: Play called with settings={'slides': {welcome_slide-None-None: {'priority': None, 'target': None, 'background_color': [0.0, 0.0, 0.0, 1.0], 'show': True, 'force': False, 'expire': None, 'slide': None, 'tokens': {}, 'action': 'play', 'transition': None, 'transition_out': None}}}
2020-05-20 17:54:49,104 : kivy : GL: NPOT texture support is available
2020-05-20 17:54:49,112 : EventManager : Event: ======'slide_welcome_slide_created'====== Args={}
2020-05-20 17:54:49,136 : EventManager : Event: ======'slide_welcome_slide_active'====== Args={}
2020-05-20 17:54:49,169 : EventManager : Event: ======'client_disconnected'====== Args={'host': '127.0.0.1', 'port': 5050}
2020-05-20 17:54:49,238 : MPF-MC BCP Server : Received connection from: 127.0.0.1:49219
2020-05-20 17:54:49,245 : EventManager : Event: ======'client_connected'====== Args={'host': '127.0.0.1', 'port': 49219}
2020-05-20 17:54:49,297 : EventManager : Event: ======'machine_var_p_roc_version'====== Args={'value': 2, 'prev_value': None, 'change': True}
2020-05-20 17:54:49,297 : EventManager : Event: ======'machine_var_p_roc_revision'====== Args={'value': 6, 'prev_value': None, 'change': True}
2020-05-20 17:54:49,298 : EventManager : Event: ======'machine_var_p_roc_hardware_version'====== Args={'value': 1, 'prev_value': None, 'change': True}
2020-05-20 17:54:49,299 : EventManager : Event: ======'machine_var_credits_string'====== Args={'value': 'FREE PLAY', 'prev_value': None, 'change': True}
2020-05-20 17:54:49,300 : EventManager : Event: ======'machine_var_player1_score'====== Args={'value': 120480, 'prev_value': None, 'change': True}
2020-05-20 17:54:49,301 : EventManager : Event: ======'machine_var_mpf_version'====== Args={'value': 'MPF v0.53.3', 'prev_value': None, 'change': True}
2020-05-20 17:54:49,301 : EventManager : Event: ======'machine_var_mpf_extended_version'====== Args={'value': 'MPF v0.53.3, Config version:5, Show version: 5, BCP version:1.1', 'prev_value': None, 'change': True}
2020-05-20 17:54:49,302 : EventManager : Event: ======'machine_var_python_version'====== Args={'value': '3.6.8', 'prev_value': None, 'change': True}
2020-05-20 17:54:49,303 : EventManager : Event: ======'machine_var_platform'====== Args={'value': 'Windows-7-6.1.7601-SP1', 'prev_value': None, 'change': True}
2020-05-20 17:54:49,303 : EventManager : Event: ======'machine_var_platform_system'====== Args={'value': 'Windows', 'prev_value': None, 'change': True}
2020-05-20 17:54:49,304 : EventManager : Event: ======'machine_var_platform_release'====== Args={'value': '7', 'prev_value': None, 'change': True}
2020-05-20 17:54:49,305 : EventManager : Event: ======'machine_var_platform_version'====== Args={'value': '6.1.7601', 'prev_value': None, 'change': True}
2020-05-20 17:54:49,305 : EventManager : Event: ======'machine_var_platform_machine'====== Args={'value': 'x86', 'prev_value': None, 'change': True}
2020-05-20 17:54:49,306 : EventManager : Event: ======'machine_var_mc_version'====== Args={'value': 'MPF-MC v0.53.3', 'prev_value': None, 'change': True}
2020-05-20 17:54:49,307 : EventManager : Event: ======'machine_var_mc_extended_version'====== Args={'value': 'MPF-MC v0.53.3 (config_version=5, BCP v1.1, Requires MPF v0.53.0)', 'prev_value': None, 'change': True}
2020-05-20 17:54:49,308 : EventManager : Event: ======'machine_var_master_volume'====== Args={'value': 0.5, 'prev_value': None, 'change': True}
2020-05-20 17:54:49,676 : EventManager : Event: ======'machine_var_audits_events_game_ended'====== Args={'value': 41, 'prev_value': None, 'change': True}
2020-05-20 17:54:49,678 : EventManager : Event: ======'machine_var_audits_events_game_started'====== Args={'value': 86, 'prev_value': None, 'change': True}
2020-05-20 17:54:49,678 : EventManager : Event: ======'machine_var_audits_player_score'====== Args={'value': {'average': 17047.045454545456, 'top': [120480, 114590, 76090, 56770, 45090, 43120, 36560, 36090, 27560, 23530], 'total': 44}, 'prev_value': None, 'change': True}
2020-05-20 17:54:49,680 : EventManager : Event: ======'machine_var_audits_shots_10pt'====== Args={'value': 115, 'prev_value': None, 'change': True}
2020-05-20 17:54:49,689 : EventManager : Event: ======'machine_var_audits_shots_left_inlane'====== Args={'value': 10, 'prev_value': None, 'change': True}
2020-05-20 17:54:49,690 : EventManager : Event: ======'machine_var_audits_shots_left_outlane'====== Args={'value': 3, 'prev_value': None, 'change': True}
2020-05-20 17:54:49,691 : EventManager : Event: ======'machine_var_audits_shots_lower_10pt_drops'====== Args={'value': 10, 'prev_value': None, 'change': True}
2020-05-20 17:54:49,692 : EventManager : Event: ======'machine_var_audits_shots_lower_10pt_lower'====== Args={'value': 6, 'prev_value': None, 'change': True}
2020-05-20 17:54:49,693 : EventManager : Event: ======'machine_var_audits_shots_lower_10pt_upper'====== Args={'value': 5, 'prev_value': None, 'change': True}
2020-05-20 17:54:49,694 : EventManager : Event: ======'machine_var_audits_shots_lower_1_drop'====== Args={'value': 32, 'prev_value': None, 'change': True}
2020-05-20 17:54:49,695 : EventManager : Event: ======'machine_var_audits_shots_lower_2_drop'====== Args={'value': 3, 'prev_value': None, 'change': True}
2020-05-20 17:54:49,698 : EventManager : Event: ======'machine_var_audits_shots_lower_3_drop'====== Args={'value': 4, 'prev_value': None, 'change': True}
2020-05-20 17:54:49,699 : EventManager : Event: ======'machine_var_audits_shots_lower_4_drop'====== Args={'value': 5, 'prev_value': None, 'change': True}
2020-05-20 17:54:49,710 : EventManager : Event: ======'machine_var_audits_shots_lower_5_drop'====== Args={'value': 3, 'prev_value': None, 'change': True}
2020-05-20 17:54:49,711 : EventManager : Event: ======'machine_var_audits_shots_lower_hole'====== Args={'value': 10, 'prev_value': None, 'change': True}
2020-05-20 17:54:49,712 : EventManager : Event: ======'machine_var_audits_shots_lower_kick_target'====== Args={'value': 1, 'prev_value': None, 'change': True}
2020-05-20 17:54:49,713 : EventManager : Event: ======'machine_var_audits_shots_lower_left'====== Args={'value': 3, 'prev_value': None, 'change': True}
2020-05-20 17:54:49,714 : EventManager : Event: ======'machine_var_audits_shots_lower_left_pop'====== Args={'value': 66, 'prev_value': None, 'change': True}
2020-05-20 17:54:49,715 : EventManager : Event: ======'machine_var_audits_shots_lower_pop'====== Args={'value': 13, 'prev_value': None, 'change': True}
2020-05-20 17:54:49,718 : EventManager : Event: ======'machine_var_audits_shots_lower_right'====== Args={'value': 2, 'prev_value': None, 'change': True}
2020-05-20 17:54:49,719 : EventManager : Event: ======'machine_var_audits_shots_lower_rollover'====== Args={'value': 10, 'prev_value': None, 'change': True}
2020-05-20 17:54:49,730 : EventManager : Event: ======'machine_var_audits_shots_lower_slingshot'====== Args={'value': 5, 'prev_value': None, 'change': True}
2020-05-20 17:54:49,731 : EventManager : Event: ======'machine_var_audits_shots_main_1'====== Args={'value': 8, 'prev_value': None, 'change': True}
2020-05-20 17:54:49,732 : EventManager : Event: ======'machine_var_audits_shots_main_2'====== Args={'value': 12, 'prev_value': None, 'change': True}
2020-05-20 17:54:49,733 : EventManager : Event: ======'machine_var_audits_shots_main_3'====== Args={'value': 8, 'prev_value': None, 'change': True}
2020-05-20 17:54:49,733 : EventManager : Event: ======'machine_var_audits_shots_main_4'====== Args={'value': 19, 'prev_value': None, 'change': True}
2020-05-20 17:54:49,743 : EventManager : Event: ======'machine_var_audits_shots_main_5'====== Args={'value': 15, 'prev_value': None, 'change': True}
2020-05-20 17:54:49,744 : EventManager : Event: ======'machine_var_audits_shots_main_slingshot'====== Args={'value': 18, 'prev_value': None, 'change': True}
2020-05-20 17:54:49,745 : EventManager : Event: ======'machine_var_audits_shots_right_inlane'====== Args={'value': 48, 'prev_value': None, 'change': True}
2020-05-20 17:54:49,746 : EventManager : Event: ======'machine_var_audits_shots_right_kickout'====== Args={'value': 24, 'prev_value': None, 'change': True}
2020-05-20 17:54:49,755 : EventManager : Event: ======'machine_var_audits_shots_right_outlane'====== Args={'value': 28, 'prev_value': None, 'change': True}
2020-05-20 17:54:49,756 : EventManager : Event: ======'machine_var_audits_shots_rollunder'====== Args={'value': 44, 'prev_value': None, 'change': True}
2020-05-20 17:54:49,757 : EventManager : Event: ======'machine_var_audits_shots_standup_right'====== Args={'value': 54, 'prev_value': None, 'change': True}
2020-05-20 17:54:49,758 : EventManager : Event: ======'machine_var_audits_shots_upper_1'====== Args={'value': 16, 'prev_value': None, 'change': True}
2020-05-20 17:54:49,767 : EventManager : Event: ======'machine_var_audits_shots_upper_1_drop'====== Args={'value': 32, 'prev_value': None, 'change': True}
2020-05-20 17:54:49,768 : EventManager : Event: ======'machine_var_audits_shots_upper_2'====== Args={'value': 22, 'prev_value': None, 'change': True}
2020-05-20 17:54:49,768 : EventManager : Event: ======'machine_var_audits_shots_upper_2_drop'====== Args={'value': 35, 'prev_value': None, 'change': True}
2020-05-20 17:54:49,770 : EventManager : Event: ======'machine_var_audits_shots_upper_3'====== Args={'value': 12, 'prev_value': None, 'change': True}
2020-05-20 17:54:49,779 : EventManager : Event: ======'machine_var_audits_shots_upper_3_drop'====== Args={'value': 33, 'prev_value': None, 'change': True}
2020-05-20 17:54:49,780 : EventManager : Event: ======'machine_var_audits_shots_upper_4'====== Args={'value': 11, 'prev_value': None, 'change': True}
2020-05-20 17:54:49,781 : EventManager : Event: ======'machine_var_audits_shots_upper_4_drop'====== Args={'value': 40, 'prev_value': None, 'change': True}
2020-05-20 17:54:49,791 : EventManager : Event: ======'machine_var_audits_shots_upper_left_pop'====== Args={'value': 26, 'prev_value': None, 'change': True}
2020-05-20 17:54:49,792 : EventManager : Event: ======'machine_var_audits_shots_upper_pop'====== Args={'value': 136, 'prev_value': None, 'change': True}
2020-05-20 17:54:49,793 : EventManager : Event: ======'machine_var_audits_switches_s_left_flipper1'====== Args={'value': 32, 'prev_value': None, 'change': True}
2020-05-20 17:54:49,795 : EventManager : Event: ======'machine_var_audits_switches_s_left_flipper2'====== Args={'value': 113, 'prev_value': None, 'change': True}
2020-05-20 17:54:49,803 : EventManager : Event: ======'machine_var_audits_switches_s_lower_10pt_UPPER'====== Args={'value': 0, 'prev_value': None, 'change': True}
2020-05-20 17:54:49,804 : EventManager : Event: ======'machine_var_audits_switches_s_lower_10pt_drops'====== Args={'value': 10, 'prev_value': None, 'change': True}
2020-05-20 17:54:49,815 : EventManager : Event: ======'machine_var_audits_switches_s_lower_10pt_lower'====== Args={'value': 6, 'prev_value': None, 'change': True}
2020-05-20 17:54:49,816 : EventManager : Event: ======'machine_var_audits_switches_s_lower_10pt_upper'====== Args={'value': 5, 'prev_value': None, 'change': True}
2020-05-20 17:54:49,817 : EventManager : Event: ======'machine_var_audits_switches_s_lower_1_drop'====== Args={'value': 386, 'prev_value': None, 'change': True}
2020-05-20 17:54:49,828 : EventManager : Event: ======'machine_var_audits_switches_s_lower_2_drop'====== Args={'value': 3, 'prev_value': None, 'change': True}
2020-05-20 17:54:49,829 : EventManager : Event: ======'machine_var_audits_switches_s_lower_3_drop'====== Args={'value': 4, 'prev_value': None, 'change': True}
2020-05-20 17:54:49,830 : EventManager : Event: ======'machine_var_audits_switches_s_lower_4_drop'====== Args={'value': 5, 'prev_value': None, 'change': True}
2020-05-20 17:54:49,840 : EventManager : Event: ======'machine_var_audits_switches_s_lower_5_drop'====== Args={'value': 3, 'prev_value': None, 'change': True}
2020-05-20 17:54:49,841 : EventManager : Event: ======'machine_var_audits_switches_s_lower_bonus_left'====== Args={'value': 3, 'prev_value': None, 'change': True}
2020-05-20 17:54:49,842 : EventManager : Event: ======'machine_var_audits_switches_s_lower_bonus_right'====== Args={'value': 2, 'prev_value': None, 'change': True}
2020-05-20 17:54:49,852 : EventManager : Event: ======'machine_var_audits_switches_s_lower_kick_target'====== Args={'value': 1, 'prev_value': None, 'change': True}
2020-05-20 17:54:49,853 : EventManager : Event: ======'machine_var_audits_switches_s_lower_kickout_special'====== Args={'value': 10, 'prev_value': None, 'change': True}
2020-05-20 17:54:49,853 : EventManager : Event: ======'machine_var_audits_switches_s_lower_pop'====== Args={'value': 13, 'prev_value': None, 'change': True}
2020-05-20 17:54:49,865 : EventManager : Event: ======'machine_var_audits_switches_s_lower_rollover'====== Args={'value': 38, 'prev_value': None, 'change': True}
2020-05-20 17:54:49,866 : EventManager : Event: ======'machine_var_audits_switches_s_lower_slingshot'====== Args={'value': 5, 'prev_value': None, 'change': True}
2020-05-20 17:54:49,867 : EventManager : Event: ======'machine_var_audits_switches_s_lower_vuk'====== Args={'value': 158, 'prev_value': None, 'change': True}
2020-05-20 17:54:49,878 : EventManager : Event: ======'machine_var_audits_switches_s_main_10pt_left'====== Args={'value': 13, 'prev_value': None, 'change': True}
2020-05-20 17:54:49,879 : EventManager : Event: ======'machine_var_audits_switches_s_main_1_target'====== Args={'value': 35, 'prev_value': None, 'change': True}
2020-05-20 17:54:49,891 : EventManager : Event: ======'machine_var_audits_switches_s_main_1_trough'====== Args={'value': 20, 'prev_value': None, 'change': True}
2020-05-20 17:54:49,892 : EventManager : Event: ======'machine_var_audits_switches_s_main_2_target'====== Args={'value': 35, 'prev_value': None, 'change': True}
2020-05-20 17:54:49,892 : EventManager : Event: ======'machine_var_audits_switches_s_main_2_trough'====== Args={'value': 45, 'prev_value': None, 'change': True}
2020-05-20 17:54:49,903 : EventManager : Event: ======'machine_var_audits_switches_s_main_3_target'====== Args={'value': 8, 'prev_value': None, 'change': True}
2020-05-20 17:54:49,904 : EventManager : Event: ======'machine_var_audits_switches_s_main_4_target'====== Args={'value': 35, 'prev_value': None, 'change': True}
2020-05-20 17:54:49,915 : EventManager : Event: ======'machine_var_audits_switches_s_main_5_target'====== Args={'value': 49, 'prev_value': None, 'change': True}
2020-05-20 17:54:49,916 : EventManager : Event: ======'machine_var_audits_switches_s_main_inlane_left'====== Args={'value': 13, 'prev_value': None, 'change': True}
2020-05-20 17:54:49,917 : EventManager : Event: ======'machine_var_audits_switches_s_main_inlane_right'====== Args={'value': 53, 'prev_value': None, 'change': True}
2020-05-20 17:54:49,918 : EventManager : Event: ======'machine_var_audits_switches_s_main_kickout_right'====== Args={'value': 122, 'prev_value': None, 'change': True}
2020-05-20 17:54:49,928 : EventManager : Event: ======'machine_var_audits_switches_s_main_lane_center'====== Args={'value': 68, 'prev_value': None, 'change': True}
2020-05-20 17:54:49,929 : EventManager : Event: ======'machine_var_audits_switches_s_main_outhole'====== Args={'value': 305, 'prev_value': None, 'change': True}
2020-05-20 17:54:49,941 : EventManager : Event: ======'machine_var_audits_switches_s_main_outlane_left'====== Args={'value': 10, 'prev_value': None, 'change': True}
2020-05-20 17:54:49,942 : EventManager : Event: ======'machine_var_audits_switches_s_main_outlane_right'====== Args={'value': 29, 'prev_value': None, 'change': True}
2020-05-20 17:54:49,953 : EventManager : Event: ======'machine_var_audits_switches_s_main_pop_bottom'====== Args={'value': 94, 'prev_value': None, 'change': True}
2020-05-20 17:54:49,954 : EventManager : Event: ======'machine_var_audits_switches_s_main_pop_top'====== Args={'value': 91, 'prev_value': None, 'change': True}
2020-05-20 17:54:49,956 : EventManager : Event: ======'machine_var_audits_switches_s_main_rollunder'====== Args={'value': 44, 'prev_value': None, 'change': True}
2020-05-20 17:54:49,965 : EventManager : Event: ======'machine_var_audits_switches_s_main_roundabout_rollunder'====== Args={'value': 52, 'prev_value': None, 'change': True}
2020-05-20 17:54:49,978 : EventManager : Event: ======'machine_var_audits_switches_s_main_secret_trough'====== Args={'value': 17, 'prev_value': None, 'change': True}
2020-05-20 17:54:49,979 : EventManager : Event: ======'machine_var_audits_switches_s_main_slingshot'====== Args={'value': 213, 'prev_value': None, 'change': True}
2020-05-20 17:54:49,980 : EventManager : Event: ======'machine_var_audits_switches_s_main_target_right'====== Args={'value': 107, 'prev_value': None, 'change': True}
2020-05-20 17:54:49,981 : EventManager : Event: ======'machine_var_audits_switches_s_main_trapdoor_trough'====== Args={'value': 0, 'prev_value': None, 'change': True}
2020-05-20 17:54:49,990 : EventManager : Event: ======'machine_var_audits_switches_s_main_vuk'====== Args={'value': 143, 'prev_value': None, 'change': True}
2020-05-20 17:54:49,991 : EventManager : Event: ======'machine_var_audits_switches_s_right_flipper1'====== Args={'value': 0, 'prev_value': None, 'change': True}
2020-05-20 17:54:50,002 : EventManager : Event: ======'machine_var_audits_switches_s_right_flipper2'====== Args={'value': 88, 'prev_value': None, 'change': True}
2020-05-20 17:54:50,003 : EventManager : Event: ======'machine_var_audits_switches_s_start'====== Args={'value': 1, 'prev_value': None, 'change': True}
2020-05-20 17:54:50,015 : EventManager : Event: ======'machine_var_audits_switches_s_upper_10pt_center'====== Args={'value': 129, 'prev_value': None, 'change': True}
2020-05-20 17:54:50,016 : EventManager : Event: ======'machine_var_audits_switches_s_upper_10pt_left'====== Args={'value': 82, 'prev_value': None, 'change': True}
2020-05-20 17:54:50,016 : EventManager : Event: ======'machine_var_audits_switches_s_upper_1_drop'====== Args={'value': 40, 'prev_value': None, 'change': True}
2020-05-20 17:54:50,018 : EventManager : Event: ======'machine_var_audits_switches_s_upper_1_target'====== Args={'value': 77, 'prev_value': None, 'change': True}
2020-05-20 17:54:50,027 : EventManager : Event: ======'machine_var_audits_switches_s_upper_2_drop'====== Args={'value': 52, 'prev_value': None, 'change': True}
2020-05-20 17:54:50,029 : EventManager : Event: ======'machine_var_audits_switches_s_upper_2_target'====== Args={'value': 108, 'prev_value': None, 'change': True}
2020-05-20 17:54:50,039 : EventManager : Event: ======'machine_var_audits_switches_s_upper_3_drop'====== Args={'value': 43, 'prev_value': None, 'change': True}
2020-05-20 17:54:50,040 : EventManager : Event: ======'machine_var_audits_switches_s_upper_3_target'====== Args={'value': 49, 'prev_value': None, 'change': True}
2020-05-20 17:54:50,052 : EventManager : Event: ======'machine_var_audits_switches_s_upper_4_drop'====== Args={'value': 58, 'prev_value': None, 'change': True}
2020-05-20 17:54:50,053 : EventManager : Event: ======'machine_var_audits_switches_s_upper_4_target'====== Args={'value': 49, 'prev_value': None, 'change': True}
2020-05-20 17:54:50,054 : EventManager : Event: ======'machine_var_audits_switches_s_upper_pop'====== Args={'value': 368, 'prev_value': None, 'change': True}
2020-05-20 17:54:50,125 : EventManager : Event: ======'slides_play'====== Args={'settings': {'welcome_slide': {'target': None, 'background_color': [0.0, 0.0, 0.0, 1.0], 'priority': None, 'show': True, 'force': False, 'expire': None, 'slide': None, 'tokens': {}, 'action': 'play'}}, 'context': '_global', 'calling_context': 'init_done', 'priority': 0}
2020-05-20 17:54:50,126 : EventManager : Event: ======'mc_reset_phase_1'====== Args={}
2020-05-20 17:54:50,126 : mpfmc : SlidePlayer: Play called with settings={'welcome_slide': {'target': None, 'background_color': [0.0, 0.0, 0.0, 1.0], 'priority': None, 'show': True, 'force': False, 'expire': None, 'slide': None, 'tokens': {}, 'action': 'play'}}
2020-05-20 17:54:50,130 : EventManager : Event: ======'slide_welcome_slide_removed'====== Args={}
2020-05-20 17:54:50,148 : EventManager : Event: ======'slide_welcome_slide_created'====== Args={}
2020-05-20 17:54:50,151 : EventManager : Event: ======'mc_reset_phase_2'====== Args={}
2020-05-20 17:54:50,152 : EventManager : Event: ======'mc_reset_phase_3'====== Args={}
2020-05-20 17:54:50,153 : EventManager : Event: ======'mc_reset_complete'====== Args={}
2020-05-20 17:54:50,156 : EventManager : Event: ======'slide_welcome_slide_active'====== Args={}
2020-05-20 17:54:50,179 : EventManager : Event: ======'slides_play'====== Args={'settings': {'attract_started': {'target': None, 'background_color': [0.0, 0.0, 0.0, 1.0], 'priority': None, 'show': True, 'force': False, 'expire': None, 'slide': None, 'tokens': {}, 'action': 'play'}}, 'context': '_global', 'calling_context': 'mode_attract_started', 'priority': 0}
2020-05-20 17:54:50,180 : mpfmc : SlidePlayer: Play called with settings={'attract_started': {'target': None, 'background_color': [0.0, 0.0, 0.0, 1.0], 'priority': None, 'show': True, 'force': False, 'expire': None, 'slide': None, 'tokens': {}, 'action': 'play'}}
2020-05-20 17:54:50,194 : EventManager : Event: ======'slide_attract_started_created'====== Args={}
2020-05-20 17:54:50,201 : EventManager : Event: ======'slide_attract_started_active'====== Args={}
