2020-05-25 18:22:03,285 : kivy : Factory: 184 symbols loaded
2020-05-25 18:22:03,924 : kivy : Image: Providers: img_tex, img_dds, img_sdl2, img_pil, img_gif (img_ffpyplayer ignored)
2020-05-25 18:22:04,205 : kivy : VideoGstplayer: Using Gstreamer 1.16.0.0
2020-05-25 18:22:04,221 : kivy : Video: Provider: gstplayer
2020-05-25 18:22:04,595 : kivy : Loading MPF-MC controller
2020-05-25 18:22:04,595 : mpfmc : Mission Pinball Framework Media Controller v0.53.3
2020-05-25 18:22:04,611 : mpfmc : Mission Pinball Framework Game Engine v0.53.3
2020-05-25 18:22:04,611 : mpfmc : Machine path: C:\pinball\HauntedHouse
2020-05-25 18:22:04,611 : ConfigProcessor : Config file in cache changed: C:\pinball\HauntedHouse\config\config
2020-05-25 18:22:04,611 : ConfigProcessor : Loading config from file c:\users\hans\appdata\local\programs\python\python36-32\lib\site-packages\mpfmc\mcconfig.yaml.
2020-05-25 18:22:05,016 : ConfigProcessor : Loading config: c:\users\hans\appdata\local\programs\python\python36-32\lib\site-packages\mpfmc\mcconfig.yaml
2020-05-25 18:22:08,776 : ConfigValidator : Config spec file cache created: C:\Users\Hans\AppData\Local\Temp\config_spec.mpf_cache
2020-05-25 18:22:08,838 : ConfigProcessor : Loading config from file C:\pinball\HauntedHouse\config\config.
2020-05-25 18:22:09,681 : ConfigProcessor : Loading config: C:\pinball\HauntedHouse\config\config
2020-05-25 18:22:09,696 : ConfigProcessor : Config file cache created: C:\Users\Hans\AppData\Local\Temp\1db0e0e3fd8cb1ead45d2e51d225dce4.mpf_cache
2020-05-25 18:22:09,696 : mpfmc : Starting clock at 60.0Hz
2020-05-25 18:22:09,759 : kivy : Text: Provider: sdl2
2020-05-25 18:22:09,961 : kivy : Window: Provider: sdl2
2020-05-25 18:22:10,493 : kivy : GL: Using the "OpenGL" graphics system
2020-05-25 18:22:10,496 : kivy : GL: GLEW initialization succeeded
2020-05-25 18:22:10,497 : kivy : GL: Backend used <glew>
2020-05-25 18:22:10,498 : kivy : GL: OpenGL version <b'3.0'>
2020-05-25 18:22:10,498 : kivy : GL: OpenGL vendor <b'Intel Corporation'>
2020-05-25 18:22:10,499 : kivy : GL: OpenGL renderer <b'Intel(R) Graphics Media Accelerator 3600 Series'>
2020-05-25 18:22:10,499 : kivy : GL: OpenGL parsed version: 3, 0
2020-05-25 18:22:10,499 : kivy : GL: Shading version <b'1.30'>
2020-05-25 18:22:10,500 : kivy : GL: Texture max size <8192>
2020-05-25 18:22:10,500 : kivy : GL: Texture max units <16>
2020-05-25 18:22:10,618 : kivy : Window: auto add sdl2 input provider
2020-05-25 18:22:10,619 : kivy : Window: virtual keyboard not allowed, single mode, not docked
2020-05-25 18:22:10,654 : SoundSystem : SoundSystem: Using default 'sound_system' settings
2020-05-25 18:22:11,842 : AudioInterface : Initialized
2020-05-25 18:22:11,843 : SoundSystem : No audio tracks are specified in your machine config file. a track named 'default' has been created.
2020-05-25 18:22:11,859 : kivy : Base: Start application main loop
2020-05-25 18:22:11,861 : EventManager : Event: ======'display_window_initialized'====== Args={}
2020-05-25 18:22:11,906 : mpfmc : Display: Setting 'window' as default display
2020-05-25 18:22:11,929 : EventManager : Event: ======'displays_initialized'====== Args={}
2020-05-25 18:22:11,934 : EventManager : Event: ======'slide_window_blank_created'====== Args={}
2020-05-25 18:22:11,935 : EventManager : Event: ======'display_window_ready'====== Args={}
2020-05-25 18:22:11,985 : EventManager : Event: ======'init_phase_1'====== Args={}
2020-05-25 18:22:12,010 : EventManager : Event: ======'mc_ready'====== Args={}
2020-05-25 18:22:12,010 : EventManager : Event: ======'init_phase_2'====== Args={}
2020-05-25 18:22:12,023 : ConfigProcessor : Loading config from cache: C:\Users\Hans\AppData\Local\Temp\fd4d0ac963aaaec6abb4cac3da0cded0.mpf_cache
2020-05-25 18:22:12,030 : ConfigProcessor : Loading config from cache: C:\Users\Hans\AppData\Local\Temp\7d6c1285f2e862430ea29e9aa05d0f73.mpf_cache
2020-05-25 18:22:12,033 : ConfigProcessor : Loading config from cache: C:\Users\Hans\AppData\Local\Temp\ac83460c407a763630a505790089d322.mpf_cache
2020-05-25 18:22:12,035 : EventManager : Event: ======'init_phase_3'====== Args={}
2020-05-25 18:22:12,039 : EventManager : Event: ======'init_phase_4'====== Args={}
2020-05-25 18:22:12,039 : EventManager : Event: ======'init_phase_5'====== Args={}
2020-05-25 18:22:12,040 : EventManager : Event: ======'init_done'====== Args={}
2020-05-25 18:22:12,041 : MPF-MC BCP Server : Starting up on localhost port 5050
2020-05-25 18:22:12,050 : MPF-MC BCP Server : Waiting for a connection...
2020-05-25 18:22:12,050 : mpfmc : SlidePlayer: Play called with settings={'slides': {welcome_slide-None-None: {'priority': None, 'target': None, 'background_color': [0.0, 0.0, 0.0, 1.0], 'show': True, 'force': False, 'expire': None, 'slide': None, 'tokens': {}, 'action': 'play', 'transition': None, 'transition_out': None}}}
2020-05-25 18:22:12,070 : kivy : GL: NPOT texture support is available
2020-05-25 18:22:12,078 : EventManager : Event: ======'slide_welcome_slide_created'====== Args={}
2020-05-25 18:22:12,101 : EventManager : Event: ======'slide_welcome_slide_active'====== Args={}
2020-05-25 18:22:12,133 : EventManager : Event: ======'client_disconnected'====== Args={'host': '127.0.0.1', 'port': 5050}
2020-05-25 18:22:12,396 : MPF-MC BCP Server : Received connection from: 127.0.0.1:49358
2020-05-25 18:22:12,404 : EventManager : Event: ======'client_connected'====== Args={'host': '127.0.0.1', 'port': 49358}
2020-05-25 18:22:12,461 : EventManager : Event: ======'machine_var_p_roc_version'====== Args={'value': 2, 'prev_value': None, 'change': True}
2020-05-25 18:22:12,461 : EventManager : Event: ======'machine_var_p_roc_revision'====== Args={'value': 6, 'prev_value': None, 'change': True}
2020-05-25 18:22:12,462 : EventManager : Event: ======'machine_var_p_roc_hardware_version'====== Args={'value': 1, 'prev_value': None, 'change': True}
2020-05-25 18:22:12,463 : EventManager : Event: ======'machine_var_credits_string'====== Args={'value': 'FREE PLAY', 'prev_value': None, 'change': True}
2020-05-25 18:22:12,463 : EventManager : Event: ======'machine_var_player1_score'====== Args={'value': 29150, 'prev_value': None, 'change': True}
2020-05-25 18:22:12,464 : EventManager : Event: ======'machine_var_mpf_version'====== Args={'value': 'MPF v0.53.3', 'prev_value': None, 'change': True}
2020-05-25 18:22:12,464 : EventManager : Event: ======'machine_var_mpf_extended_version'====== Args={'value': 'MPF v0.53.3, Config version:5, Show version: 5, BCP version:1.1', 'prev_value': None, 'change': True}
2020-05-25 18:22:12,465 : EventManager : Event: ======'machine_var_python_version'====== Args={'value': '3.6.8', 'prev_value': None, 'change': True}
2020-05-25 18:22:12,466 : EventManager : Event: ======'machine_var_platform'====== Args={'value': 'Windows-7-6.1.7601-SP1', 'prev_value': None, 'change': True}
2020-05-25 18:22:12,466 : EventManager : Event: ======'machine_var_platform_system'====== Args={'value': 'Windows', 'prev_value': None, 'change': True}
2020-05-25 18:22:12,467 : EventManager : Event: ======'machine_var_platform_release'====== Args={'value': '7', 'prev_value': None, 'change': True}
2020-05-25 18:22:12,468 : EventManager : Event: ======'machine_var_platform_version'====== Args={'value': '6.1.7601', 'prev_value': None, 'change': True}
2020-05-25 18:22:12,468 : EventManager : Event: ======'machine_var_platform_machine'====== Args={'value': 'x86', 'prev_value': None, 'change': True}
2020-05-25 18:22:12,469 : EventManager : Event: ======'machine_var_mc_version'====== Args={'value': 'MPF-MC v0.53.3', 'prev_value': None, 'change': True}
2020-05-25 18:22:12,483 : EventManager : Event: ======'machine_var_mc_extended_version'====== Args={'value': 'MPF-MC v0.53.3 (config_version=5, BCP v1.1, Requires MPF v0.53.0)', 'prev_value': None, 'change': True}
2020-05-25 18:22:12,484 : EventManager : Event: ======'machine_var_master_volume'====== Args={'value': 0.5, 'prev_value': None, 'change': True}
2020-05-25 18:22:12,972 : mpfmc : Stopping...
2020-05-25 18:22:12,973 : EventManager : Event: ======'shutdown'====== Args={}
2020-05-25 18:22:13,028 : mpfmc : Loop rate 61.22 Hz
2020-05-25 18:22:13,029 : kivy : Base: Leaving application in progress...
2020-05-25 18:22:13,043 : kivy : WindowSDL: exiting mainloop and closing.
2020-05-25 18:22:13,144 : mpfmc : Stopping...
2020-05-25 18:22:13,144 : EventManager : Event: ======'shutdown'====== Args={}
2020-05-25 18:22:13,144 : mpfmc : Loop rate 56.48 Hz
2020-05-25 18:22:13,144 : kivy : MC run loop ended.
2020-05-25 18:22:13,144 : kivy : Stopping child threads... (2 remaining)
2020-05-25 18:22:13,425 : MPF-MC BCP Server : Stopping BCP sending thread
2020-05-25 18:22:13,924 : kivy : All child threads stopped.
