2020-05-20 18:03:54,943 : kivy : Factory: 184 symbols loaded
2020-05-20 18:03:55,613 : kivy : Image: Providers: img_tex, img_dds, img_sdl2, img_pil, img_gif (img_ffpyplayer ignored)
2020-05-20 18:03:55,910 : kivy : VideoGstplayer: Using Gstreamer 1.16.0.0
2020-05-20 18:03:55,910 : kivy : Video: Provider: gstplayer
2020-05-20 18:03:56,222 : kivy : Loading MPF-MC controller
2020-05-20 18:03:56,222 : mpfmc : Mission Pinball Framework Media Controller v0.53.3
2020-05-20 18:03:56,237 : mpfmc : Mission Pinball Framework Game Engine v0.53.3
2020-05-20 18:03:56,237 : mpfmc : Machine path: C:\pinball\HauntedHouse
2020-05-20 18:03:56,237 : ConfigProcessor : Config file in cache changed: C:\pinball\HauntedHouse\config\config
2020-05-20 18:03:56,237 : ConfigProcessor : Loading config from file c:\users\hans\appdata\local\programs\python\python36-32\lib\site-packages\mpfmc\mcconfig.yaml.
2020-05-20 18:03:56,643 : ConfigProcessor : Loading config: c:\users\hans\appdata\local\programs\python\python36-32\lib\site-packages\mpfmc\mcconfig.yaml
2020-05-20 18:04:00,278 : ConfigValidator : Config spec file cache created: C:\Users\Hans\AppData\Local\Temp\config_spec.mpf_cache
2020-05-20 18:04:00,340 : ConfigProcessor : Loading config from file C:\pinball\HauntedHouse\config\config.
2020-05-20 18:04:01,214 : ConfigProcessor : Loading config: C:\pinball\HauntedHouse\config\config
2020-05-20 18:04:01,229 : ConfigProcessor : Config file cache created: C:\Users\Hans\AppData\Local\Temp\1db0e0e3fd8cb1ead45d2e51d225dce4.mpf_cache
2020-05-20 18:04:01,229 : mpfmc : Starting clock at 60.0Hz
2020-05-20 18:04:01,697 : kivy : Text: Provider: sdl2
2020-05-20 18:04:02,446 : kivy : Window: Provider: sdl2
2020-05-20 18:04:03,846 : kivy : GL: Using the "OpenGL" graphics system
2020-05-20 18:04:03,886 : kivy : GL: GLEW initialization succeeded
2020-05-20 18:04:03,912 : kivy : GL: Backend used <glew>
2020-05-20 18:04:03,927 : kivy : GL: OpenGL version <b'3.0'>
2020-05-20 18:04:03,928 : kivy : GL: OpenGL vendor <b'Intel Corporation'>
2020-05-20 18:04:03,928 : kivy : GL: OpenGL renderer <b'Intel(R) Graphics Media Accelerator 3600 Series'>
2020-05-20 18:04:03,936 : kivy : GL: OpenGL parsed version: 3, 0
2020-05-20 18:04:03,936 : kivy : GL: Shading version <b'1.30'>
2020-05-20 18:04:03,937 : kivy : GL: Texture max size <8192>
2020-05-20 18:04:03,938 : kivy : GL: Texture max units <16>
2020-05-20 18:04:04,302 : kivy : Window: auto add sdl2 input provider
2020-05-20 18:04:04,304 : kivy : Window: virtual keyboard not allowed, single mode, not docked
2020-05-20 18:04:04,474 : SoundSystem : SoundSystem: Using default 'sound_system' settings
2020-05-20 18:04:07,581 : AudioInterface : Initialized
2020-05-20 18:04:07,612 : SoundSystem : No audio tracks are specified in your machine config file. a track named 'default' has been created.
2020-05-20 18:04:07,628 : kivy : Base: Start application main loop
2020-05-20 18:04:07,630 : EventManager : Event: ======'display_window_initialized'====== Args={}
2020-05-20 18:04:07,754 : mpfmc : Display: Setting 'window' as default display
2020-05-20 18:04:07,829 : EventManager : Event: ======'displays_initialized'====== Args={}
2020-05-20 18:04:07,835 : EventManager : Event: ======'slide_window_blank_created'====== Args={}
2020-05-20 18:04:07,836 : EventManager : Event: ======'display_window_ready'====== Args={}
2020-05-20 18:04:07,926 : EventManager : Event: ======'init_phase_1'====== Args={}
2020-05-20 18:04:07,952 : EventManager : Event: ======'mc_ready'====== Args={}
2020-05-20 18:04:07,953 : EventManager : Event: ======'init_phase_2'====== Args={}
2020-05-20 18:04:07,960 : ConfigProcessor : Loading config from cache: C:\Users\Hans\AppData\Local\Temp\5bc0fa50944284867e966a154a822445.mpf_cache
2020-05-20 18:04:07,964 : ConfigProcessor : Loading config from cache: C:\Users\Hans\AppData\Local\Temp\fd4d0ac963aaaec6abb4cac3da0cded0.mpf_cache
2020-05-20 18:04:07,970 : ConfigProcessor : Loading config from cache: C:\Users\Hans\AppData\Local\Temp\7d6c1285f2e862430ea29e9aa05d0f73.mpf_cache
2020-05-20 18:04:07,972 : EventManager : Event: ======'init_phase_3'====== Args={}
2020-05-20 18:04:07,976 : EventManager : Event: ======'init_phase_4'====== Args={}
2020-05-20 18:04:07,976 : EventManager : Event: ======'init_phase_5'====== Args={}
2020-05-20 18:04:07,977 : EventManager : Event: ======'init_done'====== Args={}
2020-05-20 18:04:07,978 : MPF-MC BCP Server : Starting up on localhost port 5050
2020-05-20 18:04:07,987 : MPF-MC BCP Server : Waiting for a connection...
2020-05-20 18:04:07,987 : mpfmc : SlidePlayer: Play called with settings={'slides': {welcome_slide-None-None: {'priority': None, 'target': None, 'background_color': [0.0, 0.0, 0.0, 1.0], 'show': True, 'force': False, 'expire': None, 'slide': None, 'tokens': {}, 'action': 'play', 'transition': None, 'transition_out': None}}}
2020-05-20 18:04:08,107 : kivy : GL: NPOT texture support is available
2020-05-20 18:04:08,116 : EventManager : Event: ======'slide_welcome_slide_created'====== Args={}
2020-05-20 18:04:08,139 : EventManager : Event: ======'slide_welcome_slide_active'====== Args={}
2020-05-20 18:04:08,183 : EventManager : Event: ======'client_disconnected'====== Args={'host': '127.0.0.1', 'port': 5050}
2020-05-20 18:04:09,067 : MPF-MC BCP Server : Received connection from: 127.0.0.1:49182
2020-05-20 18:04:09,492 : EventManager : Event: ======'client_connected'====== Args={'host': '127.0.0.1', 'port': 49182}
2020-05-20 18:04:09,960 : EventManager : Event: ======'machine_var_p_roc_version'====== Args={'value': 2, 'prev_value': None, 'change': True}
2020-05-20 18:04:09,961 : EventManager : Event: ======'machine_var_p_roc_revision'====== Args={'value': 6, 'prev_value': None, 'change': True}
2020-05-20 18:04:09,962 : EventManager : Event: ======'machine_var_p_roc_hardware_version'====== Args={'value': 1, 'prev_value': None, 'change': True}
2020-05-20 18:04:09,962 : EventManager : Event: ======'machine_var_credits_string'====== Args={'value': 'FREE PLAY', 'prev_value': None, 'change': True}
2020-05-20 18:04:09,963 : EventManager : Event: ======'machine_var_player1_score'====== Args={'value': 120480, 'prev_value': None, 'change': True}
2020-05-20 18:04:09,964 : EventManager : Event: ======'machine_var_mpf_version'====== Args={'value': 'MPF v0.53.3', 'prev_value': None, 'change': True}
2020-05-20 18:04:09,964 : EventManager : Event: ======'machine_var_mpf_extended_version'====== Args={'value': 'MPF v0.53.3, Config version:5, Show version: 5, BCP version:1.1', 'prev_value': None, 'change': True}
2020-05-20 18:04:09,965 : EventManager : Event: ======'machine_var_python_version'====== Args={'value': '3.6.8', 'prev_value': None, 'change': True}
2020-05-20 18:04:09,966 : EventManager : Event: ======'machine_var_platform'====== Args={'value': 'Windows-7-6.1.7601-SP1', 'prev_value': None, 'change': True}
2020-05-20 18:04:09,966 : EventManager : Event: ======'machine_var_platform_system'====== Args={'value': 'Windows', 'prev_value': None, 'change': True}
2020-05-20 18:04:09,967 : EventManager : Event: ======'machine_var_platform_release'====== Args={'value': '7', 'prev_value': None, 'change': True}
2020-05-20 18:04:09,967 : EventManager : Event: ======'machine_var_platform_version'====== Args={'value': '6.1.7601', 'prev_value': None, 'change': True}
2020-05-20 18:04:09,968 : EventManager : Event: ======'machine_var_platform_machine'====== Args={'value': 'x86', 'prev_value': None, 'change': True}
2020-05-20 18:04:09,969 : EventManager : Event: ======'machine_var_audits_events_game_ended'====== Args={'value': 41, 'prev_value': None, 'change': True}
2020-05-20 18:04:09,970 : EventManager : Event: ======'machine_var_audits_events_game_started'====== Args={'value': 86, 'prev_value': None, 'change': True}
2020-05-20 18:04:09,970 : EventManager : Event: ======'machine_var_audits_player_score'====== Args={'value': {'average': 17047.045454545456, 'top': [120480, 114590, 76090, 56770, 45090, 43120, 36560, 36090, 27560, 23530], 'total': 44}, 'prev_value': None, 'change': True}
2020-05-20 18:04:09,971 : EventManager : Event: ======'machine_var_audits_shots_10pt'====== Args={'value': 115, 'prev_value': None, 'change': True}
2020-05-20 18:04:09,972 : EventManager : Event: ======'machine_var_audits_shots_left_inlane'====== Args={'value': 10, 'prev_value': None, 'change': True}
2020-05-20 18:04:09,972 : EventManager : Event: ======'machine_var_audits_shots_left_outlane'====== Args={'value': 3, 'prev_value': None, 'change': True}
2020-05-20 18:04:09,973 : EventManager : Event: ======'machine_var_audits_shots_lower_10pt_drops'====== Args={'value': 10, 'prev_value': None, 'change': True}
2020-05-20 18:04:09,974 : EventManager : Event: ======'machine_var_audits_shots_lower_10pt_lower'====== Args={'value': 6, 'prev_value': None, 'change': True}
2020-05-20 18:04:09,975 : EventManager : Event: ======'machine_var_audits_shots_lower_10pt_upper'====== Args={'value': 5, 'prev_value': None, 'change': True}
2020-05-20 18:04:09,976 : EventManager : Event: ======'machine_var_audits_shots_lower_1_drop'====== Args={'value': 32, 'prev_value': None, 'change': True}
2020-05-20 18:04:09,976 : EventManager : Event: ======'machine_var_audits_shots_lower_2_drop'====== Args={'value': 3, 'prev_value': None, 'change': True}
2020-05-20 18:04:09,977 : EventManager : Event: ======'machine_var_audits_shots_lower_3_drop'====== Args={'value': 4, 'prev_value': None, 'change': True}
2020-05-20 18:04:09,977 : EventManager : Event: ======'machine_var_audits_shots_lower_4_drop'====== Args={'value': 5, 'prev_value': None, 'change': True}
2020-05-20 18:04:09,978 : EventManager : Event: ======'machine_var_audits_shots_lower_5_drop'====== Args={'value': 3, 'prev_value': None, 'change': True}
2020-05-20 18:04:09,978 : EventManager : Event: ======'machine_var_audits_shots_lower_hole'====== Args={'value': 10, 'prev_value': None, 'change': True}
2020-05-20 18:04:09,979 : EventManager : Event: ======'machine_var_audits_shots_lower_kick_target'====== Args={'value': 1, 'prev_value': None, 'change': True}
2020-05-20 18:04:09,980 : EventManager : Event: ======'machine_var_audits_shots_lower_left'====== Args={'value': 3, 'prev_value': None, 'change': True}
2020-05-20 18:04:09,981 : EventManager : Event: ======'machine_var_audits_shots_lower_left_pop'====== Args={'value': 66, 'prev_value': None, 'change': True}
2020-05-20 18:04:09,981 : EventManager : Event: ======'machine_var_audits_shots_lower_pop'====== Args={'value': 13, 'prev_value': None, 'change': True}
2020-05-20 18:04:09,982 : EventManager : Event: ======'machine_var_audits_shots_lower_right'====== Args={'value': 2, 'prev_value': None, 'change': True}
2020-05-20 18:04:09,983 : EventManager : Event: ======'machine_var_audits_shots_lower_rollover'====== Args={'value': 10, 'prev_value': None, 'change': True}
2020-05-20 18:04:09,984 : EventManager : Event: ======'machine_var_audits_shots_lower_slingshot'====== Args={'value': 5, 'prev_value': None, 'change': True}
2020-05-20 18:04:09,984 : EventManager : Event: ======'machine_var_audits_shots_main_1'====== Args={'value': 8, 'prev_value': None, 'change': True}
2020-05-20 18:04:09,985 : EventManager : Event: ======'machine_var_audits_shots_main_2'====== Args={'value': 12, 'prev_value': None, 'change': True}
2020-05-20 18:04:09,985 : EventManager : Event: ======'machine_var_audits_shots_main_3'====== Args={'value': 8, 'prev_value': None, 'change': True}
2020-05-20 18:04:09,986 : EventManager : Event: ======'machine_var_audits_shots_main_4'====== Args={'value': 19, 'prev_value': None, 'change': True}
2020-05-20 18:04:09,987 : EventManager : Event: ======'machine_var_audits_shots_main_5'====== Args={'value': 15, 'prev_value': None, 'change': True}
2020-05-20 18:04:09,987 : EventManager : Event: ======'machine_var_audits_shots_main_slingshot'====== Args={'value': 18, 'prev_value': None, 'change': True}
2020-05-20 18:04:09,988 : EventManager : Event: ======'machine_var_audits_shots_right_inlane'====== Args={'value': 48, 'prev_value': None, 'change': True}
2020-05-20 18:04:09,988 : EventManager : Event: ======'machine_var_audits_shots_right_kickout'====== Args={'value': 24, 'prev_value': None, 'change': True}
2020-05-20 18:04:09,989 : EventManager : Event: ======'machine_var_audits_shots_right_outlane'====== Args={'value': 28, 'prev_value': None, 'change': True}
2020-05-20 18:04:09,990 : EventManager : Event: ======'machine_var_audits_shots_rollunder'====== Args={'value': 44, 'prev_value': None, 'change': True}
2020-05-20 18:04:09,990 : EventManager : Event: ======'machine_var_audits_shots_standup_right'====== Args={'value': 54, 'prev_value': None, 'change': True}
2020-05-20 18:04:09,991 : EventManager : Event: ======'machine_var_audits_shots_upper_1'====== Args={'value': 16, 'prev_value': None, 'change': True}
2020-05-20 18:04:09,991 : EventManager : Event: ======'machine_var_audits_shots_upper_1_drop'====== Args={'value': 32, 'prev_value': None, 'change': True}
2020-05-20 18:04:09,993 : EventManager : Event: ======'machine_var_audits_shots_upper_2'====== Args={'value': 22, 'prev_value': None, 'change': True}
2020-05-20 18:04:09,993 : EventManager : Event: ======'machine_var_audits_shots_upper_2_drop'====== Args={'value': 35, 'prev_value': None, 'change': True}
2020-05-20 18:04:09,994 : EventManager : Event: ======'machine_var_audits_shots_upper_3'====== Args={'value': 12, 'prev_value': None, 'change': True}
2020-05-20 18:04:09,994 : EventManager : Event: ======'machine_var_audits_shots_upper_3_drop'====== Args={'value': 33, 'prev_value': None, 'change': True}
2020-05-20 18:04:09,995 : EventManager : Event: ======'machine_var_audits_shots_upper_4'====== Args={'value': 11, 'prev_value': None, 'change': True}
2020-05-20 18:04:09,996 : EventManager : Event: ======'machine_var_audits_shots_upper_4_drop'====== Args={'value': 40, 'prev_value': None, 'change': True}
2020-05-20 18:04:09,996 : EventManager : Event: ======'machine_var_audits_shots_upper_left_pop'====== Args={'value': 26, 'prev_value': None, 'change': True}
2020-05-20 18:04:09,997 : EventManager : Event: ======'machine_var_audits_shots_upper_pop'====== Args={'value': 136, 'prev_value': None, 'change': True}
2020-05-20 18:04:09,997 : EventManager : Event: ======'machine_var_audits_switches_s_left_flipper1'====== Args={'value': 32, 'prev_value': None, 'change': True}
2020-05-20 18:04:09,998 : EventManager : Event: ======'machine_var_audits_switches_s_left_flipper2'====== Args={'value': 113, 'prev_value': None, 'change': True}
2020-05-20 18:04:09,999 : EventManager : Event: ======'machine_var_audits_switches_s_lower_10pt_UPPER'====== Args={'value': 0, 'prev_value': None, 'change': True}
2020-05-20 18:04:10,000 : EventManager : Event: ======'machine_var_audits_switches_s_lower_10pt_drops'====== Args={'value': 10, 'prev_value': None, 'change': True}
2020-05-20 18:04:10,000 : EventManager : Event: ======'machine_var_audits_switches_s_lower_10pt_lower'====== Args={'value': 6, 'prev_value': None, 'change': True}
2020-05-20 18:04:10,001 : EventManager : Event: ======'machine_var_audits_switches_s_lower_10pt_upper'====== Args={'value': 5, 'prev_value': None, 'change': True}
2020-05-20 18:04:10,001 : EventManager : Event: ======'machine_var_audits_switches_s_lower_1_drop'====== Args={'value': 386, 'prev_value': None, 'change': True}
2020-05-20 18:04:10,002 : EventManager : Event: ======'machine_var_audits_switches_s_lower_2_drop'====== Args={'value': 3, 'prev_value': None, 'change': True}
2020-05-20 18:04:10,003 : EventManager : Event: ======'machine_var_audits_switches_s_lower_3_drop'====== Args={'value': 4, 'prev_value': None, 'change': True}
2020-05-20 18:04:10,003 : EventManager : Event: ======'machine_var_audits_switches_s_lower_4_drop'====== Args={'value': 5, 'prev_value': None, 'change': True}
2020-05-20 18:04:10,004 : EventManager : Event: ======'machine_var_audits_switches_s_lower_5_drop'====== Args={'value': 3, 'prev_value': None, 'change': True}
2020-05-20 18:04:10,004 : EventManager : Event: ======'machine_var_audits_switches_s_lower_bonus_left'====== Args={'value': 3, 'prev_value': None, 'change': True}
2020-05-20 18:04:10,005 : EventManager : Event: ======'machine_var_audits_switches_s_lower_bonus_right'====== Args={'value': 2, 'prev_value': None, 'change': True}
2020-05-20 18:04:10,006 : EventManager : Event: ======'machine_var_audits_switches_s_lower_kick_target'====== Args={'value': 1, 'prev_value': None, 'change': True}
2020-05-20 18:04:10,007 : EventManager : Event: ======'machine_var_audits_switches_s_lower_kickout_special'====== Args={'value': 10, 'prev_value': None, 'change': True}
2020-05-20 18:04:10,007 : EventManager : Event: ======'machine_var_audits_switches_s_lower_pop'====== Args={'value': 13, 'prev_value': None, 'change': True}
2020-05-20 18:04:10,008 : EventManager : Event: ======'machine_var_audits_switches_s_lower_rollover'====== Args={'value': 38, 'prev_value': None, 'change': True}
2020-05-20 18:04:10,008 : EventManager : Event: ======'machine_var_audits_switches_s_lower_slingshot'====== Args={'value': 5, 'prev_value': None, 'change': True}
2020-05-20 18:04:10,009 : EventManager : Event: ======'machine_var_audits_switches_s_lower_vuk'====== Args={'value': 158, 'prev_value': None, 'change': True}
2020-05-20 18:04:10,010 : EventManager : Event: ======'machine_var_audits_switches_s_main_10pt_left'====== Args={'value': 13, 'prev_value': None, 'change': True}
2020-05-20 18:04:10,010 : EventManager : Event: ======'machine_var_audits_switches_s_main_1_target'====== Args={'value': 35, 'prev_value': None, 'change': True}
2020-05-20 18:04:10,011 : EventManager : Event: ======'machine_var_audits_switches_s_main_1_trough'====== Args={'value': 20, 'prev_value': None, 'change': True}
2020-05-20 18:04:10,012 : EventManager : Event: ======'machine_var_audits_switches_s_main_2_target'====== Args={'value': 35, 'prev_value': None, 'change': True}
2020-05-20 18:04:10,012 : EventManager : Event: ======'machine_var_audits_switches_s_main_2_trough'====== Args={'value': 45, 'prev_value': None, 'change': True}
2020-05-20 18:04:10,013 : EventManager : Event: ======'machine_var_audits_switches_s_main_3_target'====== Args={'value': 8, 'prev_value': None, 'change': True}
2020-05-20 18:04:10,013 : EventManager : Event: ======'machine_var_audits_switches_s_main_4_target'====== Args={'value': 35, 'prev_value': None, 'change': True}
2020-05-20 18:04:10,016 : EventManager : Event: ======'machine_var_audits_switches_s_main_5_target'====== Args={'value': 49, 'prev_value': None, 'change': True}
2020-05-20 18:04:10,017 : EventManager : Event: ======'machine_var_audits_switches_s_main_inlane_left'====== Args={'value': 13, 'prev_value': None, 'change': True}
2020-05-20 18:04:10,017 : EventManager : Event: ======'machine_var_audits_switches_s_main_inlane_right'====== Args={'value': 53, 'prev_value': None, 'change': True}
2020-05-20 18:04:10,018 : EventManager : Event: ======'machine_var_audits_switches_s_main_kickout_right'====== Args={'value': 122, 'prev_value': None, 'change': True}
2020-05-20 18:04:10,019 : EventManager : Event: ======'machine_var_audits_switches_s_main_lane_center'====== Args={'value': 68, 'prev_value': None, 'change': True}
2020-05-20 18:04:10,019 : EventManager : Event: ======'machine_var_audits_switches_s_main_outhole'====== Args={'value': 305, 'prev_value': None, 'change': True}
2020-05-20 18:04:10,020 : EventManager : Event: ======'machine_var_audits_switches_s_main_outlane_left'====== Args={'value': 10, 'prev_value': None, 'change': True}
2020-05-20 18:04:10,021 : EventManager : Event: ======'machine_var_audits_switches_s_main_outlane_right'====== Args={'value': 29, 'prev_value': None, 'change': True}
2020-05-20 18:04:10,021 : EventManager : Event: ======'machine_var_audits_switches_s_main_pop_bottom'====== Args={'value': 94, 'prev_value': None, 'change': True}
2020-05-20 18:04:10,022 : EventManager : Event: ======'machine_var_audits_switches_s_main_pop_top'====== Args={'value': 91, 'prev_value': None, 'change': True}
2020-05-20 18:04:10,023 : EventManager : Event: ======'machine_var_audits_switches_s_main_rollunder'====== Args={'value': 44, 'prev_value': None, 'change': True}
2020-05-20 18:04:10,024 : EventManager : Event: ======'machine_var_audits_switches_s_main_roundabout_rollunder'====== Args={'value': 52, 'prev_value': None, 'change': True}
2020-05-20 18:04:10,025 : EventManager : Event: ======'machine_var_audits_switches_s_main_secret_trough'====== Args={'value': 17, 'prev_value': None, 'change': True}
2020-05-20 18:04:10,025 : EventManager : Event: ======'machine_var_audits_switches_s_main_slingshot'====== Args={'value': 213, 'prev_value': None, 'change': True}
2020-05-20 18:04:10,026 : EventManager : Event: ======'machine_var_audits_switches_s_main_target_right'====== Args={'value': 107, 'prev_value': None, 'change': True}
2020-05-20 18:04:10,027 : EventManager : Event: ======'machine_var_audits_switches_s_main_trapdoor_trough'====== Args={'value': 0, 'prev_value': None, 'change': True}
2020-05-20 18:04:10,028 : EventManager : Event: ======'machine_var_audits_switches_s_main_vuk'====== Args={'value': 143, 'prev_value': None, 'change': True}
2020-05-20 18:04:10,029 : EventManager : Event: ======'machine_var_audits_switches_s_right_flipper1'====== Args={'value': 0, 'prev_value': None, 'change': True}
2020-05-20 18:04:10,030 : EventManager : Event: ======'machine_var_audits_switches_s_right_flipper2'====== Args={'value': 88, 'prev_value': None, 'change': True}
2020-05-20 18:04:10,031 : EventManager : Event: ======'machine_var_audits_switches_s_start'====== Args={'value': 1, 'prev_value': None, 'change': True}
2020-05-20 18:04:10,031 : EventManager : Event: ======'machine_var_audits_switches_s_upper_10pt_center'====== Args={'value': 129, 'prev_value': None, 'change': True}
2020-05-20 18:04:10,032 : EventManager : Event: ======'machine_var_audits_switches_s_upper_10pt_left'====== Args={'value': 82, 'prev_value': None, 'change': True}
2020-05-20 18:04:10,033 : EventManager : Event: ======'machine_var_audits_switches_s_upper_1_drop'====== Args={'value': 40, 'prev_value': None, 'change': True}
2020-05-20 18:04:10,033 : EventManager : Event: ======'machine_var_audits_switches_s_upper_1_target'====== Args={'value': 77, 'prev_value': None, 'change': True}
2020-05-20 18:04:10,034 : EventManager : Event: ======'machine_var_audits_switches_s_upper_2_drop'====== Args={'value': 52, 'prev_value': None, 'change': True}
2020-05-20 18:04:10,035 : EventManager : Event: ======'machine_var_audits_switches_s_upper_2_target'====== Args={'value': 108, 'prev_value': None, 'change': True}
2020-05-20 18:04:10,035 : EventManager : Event: ======'machine_var_audits_switches_s_upper_3_drop'====== Args={'value': 43, 'prev_value': None, 'change': True}
2020-05-20 18:04:10,036 : EventManager : Event: ======'machine_var_audits_switches_s_upper_3_target'====== Args={'value': 49, 'prev_value': None, 'change': True}
2020-05-20 18:04:10,036 : EventManager : Event: ======'machine_var_audits_switches_s_upper_4_drop'====== Args={'value': 58, 'prev_value': None, 'change': True}
2020-05-20 18:04:10,037 : EventManager : Event: ======'machine_var_audits_switches_s_upper_4_target'====== Args={'value': 49, 'prev_value': None, 'change': True}
2020-05-20 18:04:10,038 : EventManager : Event: ======'machine_var_audits_switches_s_upper_pop'====== Args={'value': 368, 'prev_value': None, 'change': True}
2020-05-20 18:04:10,038 : EventManager : Event: ======'machine_var_mc_version'====== Args={'value': 'MPF-MC v0.53.3', 'prev_value': None, 'change': True}
2020-05-20 18:04:10,039 : EventManager : Event: ======'machine_var_mc_extended_version'====== Args={'value': 'MPF-MC v0.53.3 (config_version=5, BCP v1.1, Requires MPF v0.53.0)', 'prev_value': None, 'change': True}
2020-05-20 18:04:10,039 : EventManager : Event: ======'machine_var_master_volume'====== Args={'value': 0.5, 'prev_value': None, 'change': True}
2020-05-20 18:04:10,040 : EventManager : Event: ======'slides_play'====== Args={'settings': {'welcome_slide': {'target': None, 'background_color': [0.0, 0.0, 0.0, 1.0], 'priority': None, 'show': True, 'force': False, 'expire': None, 'slide': None, 'tokens': {}, 'action': 'play'}}, 'context': '_global', 'calling_context': 'init_done', 'priority': 0}
2020-05-20 18:04:10,041 : EventManager : Event: ======'mc_reset_phase_1'====== Args={}
2020-05-20 18:04:10,041 : mpfmc : SlidePlayer: Play called with settings={'welcome_slide': {'target': None, 'background_color': [0.0, 0.0, 0.0, 1.0], 'priority': None, 'show': True, 'force': False, 'expire': None, 'slide': None, 'tokens': {}, 'action': 'play'}}
2020-05-20 18:04:10,045 : EventManager : Event: ======'slide_welcome_slide_removed'====== Args={}
2020-05-20 18:04:10,061 : EventManager : Event: ======'slide_welcome_slide_created'====== Args={}
2020-05-20 18:04:10,065 : EventManager : Event: ======'mc_reset_phase_2'====== Args={}
2020-05-20 18:04:10,065 : EventManager : Event: ======'mc_reset_phase_3'====== Args={}
2020-05-20 18:04:10,066 : EventManager : Event: ======'mc_reset_complete'====== Args={}
2020-05-20 18:04:10,070 : EventManager : Event: ======'slide_welcome_slide_active'====== Args={}
2020-05-20 18:04:10,090 : EventManager : Event: ======'slides_play'====== Args={'settings': {'attract_started': {'target': None, 'background_color': [0.0, 0.0, 0.0, 1.0], 'priority': None, 'show': True, 'force': False, 'expire': None, 'slide': None, 'tokens': {}, 'action': 'play'}}, 'context': '_global', 'calling_context': 'mode_attract_started', 'priority': 0}
2020-05-20 18:04:10,092 : mpfmc : SlidePlayer: Play called with settings={'attract_started': {'target': None, 'background_color': [0.0, 0.0, 0.0, 1.0], 'priority': None, 'show': True, 'force': False, 'expire': None, 'slide': None, 'tokens': {}, 'action': 'play'}}
2020-05-20 18:04:10,109 : EventManager : Event: ======'slide_attract_started_created'====== Args={}
2020-05-20 18:04:10,115 : EventManager : Event: ======'slide_attract_started_active'====== Args={}
2020-05-20 18:04:28,561 : EventManager : Event: ======'game_started'====== Args={}
2020-05-20 18:04:28,649 : EventManager : Event: ======'player_added'====== Args={'player': <Player 1>, 'num': 1}
2020-05-20 18:04:28,650 : EventManager : Event: ======'player_index'====== Args={'value': 0, 'prev_value': 0, 'change': 0, 'player_num': 1}
2020-05-20 18:04:28,651 : EventManager : Event: ======'player_number'====== Args={'value': 1, 'prev_value': 1, 'change': 0, 'player_num': 1}
2020-05-20 18:04:28,652 : EventManager : Event: ======'player_score'====== Args={'value': 0, 'prev_value': 0, 'change': 0, 'player_num': 1}
2020-05-20 18:04:28,909 : EventManager : Event: ======'player_ball'====== Args={'value': 1, 'prev_value': 0, 'change': 1, 'player_num': 1}
2020-05-20 18:04:28,910 : EventManager : Event: ======'player_turn_start'====== Args={'number': 1, 'player': <Player 1>}
2020-05-20 18:04:28,994 : EventManager : Event: ======'player_shot_upper_pop_enabled'====== Args={'value': True, 'prev_value': 0, 'change': 1, 'player_num': 1}
2020-05-20 18:04:28,995 : EventManager : Event: ======'player_shot_lower_left_pop_enabled'====== Args={'value': True, 'prev_value': 0, 'change': 1, 'player_num': 1}
2020-05-20 18:04:29,006 : EventManager : Event: ======'player_shot_upper_left_pop_enabled'====== Args={'value': True, 'prev_value': 0, 'change': 1, 'player_num': 1}
2020-05-20 18:04:29,007 : EventManager : Event: ======'player_shot_10pt_enabled'====== Args={'value': True, 'prev_value': 0, 'change': 1, 'player_num': 1}
2020-05-20 18:04:29,008 : EventManager : Event: ======'player_shot_upper_1_enabled'====== Args={'value': True, 'prev_value': 0, 'change': 1, 'player_num': 1}
2020-05-20 18:04:29,008 : EventManager : Event: ======'player_shot_upper_2_enabled'====== Args={'value': True, 'prev_value': 0, 'change': 1, 'player_num': 1}
2020-05-20 18:04:29,019 : EventManager : Event: ======'player_shot_upper_3_enabled'====== Args={'value': True, 'prev_value': 0, 'change': 1, 'player_num': 1}
2020-05-20 18:04:29,020 : EventManager : Event: ======'player_shot_upper_4_enabled'====== Args={'value': True, 'prev_value': 0, 'change': 1, 'player_num': 1}
2020-05-20 18:04:29,021 : EventManager : Event: ======'player_shot_upper_1_drop_enabled'====== Args={'value': True, 'prev_value': 0, 'change': 1, 'player_num': 1}
2020-05-20 18:04:29,021 : EventManager : Event: ======'player_shot_upper_2_drop_enabled'====== Args={'value': True, 'prev_value': 0, 'change': 1, 'player_num': 1}
2020-05-20 18:04:29,031 : EventManager : Event: ======'player_shot_upper_3_drop_enabled'====== Args={'value': True, 'prev_value': 0, 'change': 1, 'player_num': 1}
2020-05-20 18:04:29,032 : EventManager : Event: ======'player_shot_upper_4_drop_enabled'====== Args={'value': True, 'prev_value': 0, 'change': 1, 'player_num': 1}
2020-05-20 18:04:29,033 : EventManager : Event: ======'player_shot_lower_1_drop_enabled'====== Args={'value': True, 'prev_value': 0, 'change': 1, 'player_num': 1}
2020-05-20 18:04:29,033 : EventManager : Event: ======'player_shot_lower_2_drop_enabled'====== Args={'value': True, 'prev_value': 0, 'change': 1, 'player_num': 1}
2020-05-20 18:04:29,034 : EventManager : Event: ======'player_shot_lower_3_drop_enabled'====== Args={'value': True, 'prev_value': 0, 'change': 1, 'player_num': 1}
2020-05-20 18:04:29,044 : EventManager : Event: ======'player_shot_lower_4_drop_enabled'====== Args={'value': True, 'prev_value': 0, 'change': 1, 'player_num': 1}
2020-05-20 18:04:29,045 : EventManager : Event: ======'player_shot_lower_5_drop_enabled'====== Args={'value': True, 'prev_value': 0, 'change': 1, 'player_num': 1}
2020-05-20 18:04:29,046 : EventManager : Event: ======'player_shot_lower_hole_enabled'====== Args={'value': True, 'prev_value': 0, 'change': 1, 'player_num': 1}
2020-05-20 18:04:29,046 : EventManager : Event: ======'player_shot_lower_left_enabled'====== Args={'value': True, 'prev_value': 0, 'change': 1, 'player_num': 1}
2020-05-20 18:04:29,056 : EventManager : Event: ======'player_shot_lower_right_enabled'====== Args={'value': True, 'prev_value': 0, 'change': 1, 'player_num': 1}
2020-05-20 18:04:29,057 : EventManager : Event: ======'player_shot_lower_pop_enabled'====== Args={'value': True, 'prev_value': 0, 'change': 1, 'player_num': 1}
2020-05-20 18:04:29,058 : EventManager : Event: ======'player_shot_lower_10pt_lower_enabled'====== Args={'value': True, 'prev_value': 0, 'change': 1, 'player_num': 1}
2020-05-20 18:04:29,059 : EventManager : Event: ======'player_shot_lower_10pt_drops_enabled'====== Args={'value': True, 'prev_value': 0, 'change': 1, 'player_num': 1}
2020-05-20 18:04:29,060 : EventManager : Event: ======'player_shot_lower_10pt_upper_enabled'====== Args={'value': True, 'prev_value': 0, 'change': 1, 'player_num': 1}
2020-05-20 18:04:29,060 : EventManager : Event: ======'player_shot_lower_slingshot_enabled'====== Args={'value': True, 'prev_value': 0, 'change': 1, 'player_num': 1}
2020-05-20 18:04:29,069 : EventManager : Event: ======'player_shot_lower_kick_target_enabled'====== Args={'value': True, 'prev_value': 0, 'change': 1, 'player_num': 1}
2020-05-20 18:04:29,070 : EventManager : Event: ======'player_shot_lower_rollover_enabled'====== Args={'value': True, 'prev_value': 0, 'change': 1, 'player_num': 1}
2020-05-20 18:04:29,071 : EventManager : Event: ======'player_shot_main_1_enabled'====== Args={'value': True, 'prev_value': 0, 'change': 1, 'player_num': 1}
2020-05-20 18:04:29,081 : EventManager : Event: ======'player_shot_main_2_enabled'====== Args={'value': True, 'prev_value': 0, 'change': 1, 'player_num': 1}
2020-05-20 18:04:29,082 : EventManager : Event: ======'player_shot_main_3_enabled'====== Args={'value': True, 'prev_value': 0, 'change': 1, 'player_num': 1}
2020-05-20 18:04:29,083 : EventManager : Event: ======'player_shot_main_4_enabled'====== Args={'value': True, 'prev_value': 0, 'change': 1, 'player_num': 1}
2020-05-20 18:04:29,084 : EventManager : Event: ======'player_shot_main_5_enabled'====== Args={'value': True, 'prev_value': 0, 'change': 1, 'player_num': 1}
2020-05-20 18:04:29,093 : EventManager : Event: ======'player_shot_main_slingshot_enabled'====== Args={'value': True, 'prev_value': 0, 'change': 1, 'player_num': 1}
2020-05-20 18:04:29,094 : EventManager : Event: ======'player_shot_right_outlane_enabled'====== Args={'value': True, 'prev_value': 0, 'change': 1, 'player_num': 1}
2020-05-20 18:04:29,094 : EventManager : Event: ======'player_shot_right_inlane_enabled'====== Args={'value': True, 'prev_value': 0, 'change': 1, 'player_num': 1}
2020-05-20 18:04:29,095 : EventManager : Event: ======'player_shot_left_inlane_enabled'====== Args={'value': True, 'prev_value': 0, 'change': 1, 'player_num': 1}
2020-05-20 18:04:29,096 : EventManager : Event: ======'player_shot_left_outlane_enabled'====== Args={'value': True, 'prev_value': 0, 'change': 1, 'player_num': 1}
2020-05-20 18:04:29,105 : EventManager : Event: ======'player_shot_standup_right_enabled'====== Args={'value': True, 'prev_value': 0, 'change': 1, 'player_num': 1}
2020-05-20 18:04:29,106 : EventManager : Event: ======'player_shot_right_kickout_enabled'====== Args={'value': True, 'prev_value': 0, 'change': 1, 'player_num': 1}
2020-05-20 18:04:29,106 : EventManager : Event: ======'player_shot_rollunder_enabled'====== Args={'value': True, 'prev_value': 0, 'change': 1, 'player_num': 1}
2020-05-20 18:04:29,144 : EventManager : Event: ======'slides_play'====== Args={'settings': {'widgets': {'widgets': [{'type': 'text', 'text': '(score)', 'number_grouping': True, 'min_digits': 2, 'font_size': 100, '_default_settings': ['type', 'text', 'number_grouping', 'min_digits', 'font_size'], 'x': None, 'y': None, 'anchor_x': 'center', 'anchor_y': 'center', 'round_anchor_x': None, 'round_anchor_y': None, 'opacity': 1.0, 'z': 0, 'reset_animations_events': {}, 'color': [1.0, 1.0, 1.0, 1.0], 'style': [], 'adjust_top': 0, 'adjust_bottom': 0, 'adjust_left': 0, 'adjust_right': 0, 'expire': None, 'key': None, 'widget': None, 'events_when_added': [], 'events_when_removed': [], 'bitmap_font': False, 'font_kerning': True, 'bold': False, 'italic': False, 'halign': 'center', 'valign': 'middle', 'rotation': 0, 'scale': 1.0, 'casing': None, 'animations': None}, {'type': 'text', 'text': 'Player (number)', 'x': '10', 'y': '10', 'font_size': 50, 'anchor_x': 'left', 'anchor_y': 'bottom', '_default_settings': ['type', 'text', 'x', 'y', 'font_size', 'anchor_x', 'anchor_y'], 'round_anchor_x': None, 'round_anchor_y': None, 'opacity': 1.0, 'z': 0, 'reset_animations_events': {}, 'color': [1.0, 1.0, 1.0, 1.0], 'style': [], 'adjust_top': 0, 'adjust_bottom': 0, 'adjust_left': 0, 'adjust_right': 0, 'expire': None, 'key': None, 'widget': None, 'events_when_added': [], 'events_when_removed': [], 'bitmap_font': False, 'font_kerning': True, 'bold': False, 'italic': False, 'number_grouping': False, 'min_digits': 0, 'halign': 'center', 'valign': 'middle', 'rotation': 0, 'scale': 1.0, 'casing': None, 'animations': None}, {'type': 'text', 'text': 'Ball (ball)', 'y': '10', 'x': 'right-10', 'anchor_x': 'right', 'anchor_y': 'bottom', 'font_size': 50, '_default_settings': ['type', 'text', 'y', 'x', 'anchor_x', 'anchor_y', 'font_size'], 'round_anchor_x': None, 'round_anchor_y': None, 'opacity': 1.0, 'z': 0, 'reset_animations_events': {}, 'color': [1.0, 1.0, 1.0, 1.0], 'style': [], 'adjust_top': 0, 'adjust_bottom': 0, 'adjust_left': 0, 'adjust_right': 0, 'expire': None, 'key': None, 'widget': None, 'events_when_added': [], 'events_when_removed': [], 'bitmap_font': False, 'font_kerning': True, 'bold': False, 'italic': False, 'number_grouping': False, 'min_digits': 0, 'halign': 'center', 'valign': 'middle', 'rotation': 0, 'scale': 1.0, 'casing': None, 'animations': None}], 'target': None, 'background_color': [0.0, 0.0, 0.0, 1.0], 'priority': None, 'show': True, 'force': False, 'expire': None, 'slide': None, 'tokens': {}, 'action': 'play'}}, 'context': 'base', 'calling_context': 'mode_base_started', 'priority': 100, 'queue': '<QueuedEvent>', 'player': 1, 'ball': 1, 'balls_remaining': 2, 'is_extra_ball': False}
2020-05-20 18:04:29,146 : mpfmc : SlidePlayer: Play called with settings={'widgets': {'widgets': [{'type': 'text', 'text': '(score)', 'number_grouping': True, 'min_digits': 2, 'font_size': 100, '_default_settings': ['type', 'text', 'number_grouping', 'min_digits', 'font_size'], 'x': None, 'y': None, 'anchor_x': 'center', 'anchor_y': 'center', 'round_anchor_x': None, 'round_anchor_y': None, 'opacity': 1.0, 'z': 0, 'reset_animations_events': {}, 'color': [1.0, 1.0, 1.0, 1.0], 'style': [], 'adjust_top': 0, 'adjust_bottom': 0, 'adjust_left': 0, 'adjust_right': 0, 'expire': None, 'key': None, 'widget': None, 'events_when_added': [], 'events_when_removed': [], 'bitmap_font': False, 'font_kerning': True, 'bold': False, 'italic': False, 'halign': 'center', 'valign': 'middle', 'rotation': 0, 'scale': 1.0, 'casing': None, 'animations': None}, {'type': 'text', 'text': 'Player (number)', 'x': '10', 'y': '10', 'font_size': 50, 'anchor_x': 'left', 'anchor_y': 'bottom', '_default_settings': ['type', 'text', 'x', 'y', 'font_size', 'anchor_x', 'anchor_y'], 'round_anchor_x': None, 'round_anchor_y': None, 'opacity': 1.0, 'z': 0, 'reset_animations_events': {}, 'color': [1.0, 1.0, 1.0, 1.0], 'style': [], 'adjust_top': 0, 'adjust_bottom': 0, 'adjust_left': 0, 'adjust_right': 0, 'expire': None, 'key': None, 'widget': None, 'events_when_added': [], 'events_when_removed': [], 'bitmap_font': False, 'font_kerning': True, 'bold': False, 'italic': False, 'number_grouping': False, 'min_digits': 0, 'halign': 'center', 'valign': 'middle', 'rotation': 0, 'scale': 1.0, 'casing': None, 'animations': None}, {'type': 'text', 'text': 'Ball (ball)', 'y': '10', 'x': 'right-10', 'anchor_x': 'right', 'anchor_y': 'bottom', 'font_size': 50, '_default_settings': ['type', 'text', 'y', 'x', 'anchor_x', 'anchor_y', 'font_size'], 'round_anchor_x': None, 'round_anchor_y': None, 'opacity': 1.0, 'z': 0, 'reset_animations_events': {}, 'color': [1.0, 1.0, 1.0, 1.0], 'style': [], 'adjust_top': 0, 'adjust_bottom': 0, 'adjust_left': 0, 'adjust_right': 0, 'expire': None, 'key': None, 'widget': None, 'events_when_added': [], 'events_when_removed': [], 'bitmap_font': False, 'font_kerning': True, 'bold': False, 'italic': False, 'number_grouping': False, 'min_digits': 0, 'halign': 'center', 'valign': 'middle', 'rotation': 0, 'scale': 1.0, 'casing': None, 'animations': None}], 'target': None, 'background_color': [0.0, 0.0, 0.0, 1.0], 'priority': None, 'show': True, 'force': False, 'expire': None, 'slide': None, 'tokens': {}, 'action': 'play'}}
2020-05-20 18:04:29,188 : EventManager : Event: ======'slide_base.slide_player-mode_base_started_created'====== Args={}
2020-05-20 18:04:29,200 : EventManager : Event: ======'slide_base.slide_player-mode_base_started_active'====== Args={}
2020-05-20 18:04:31,494 : EventManager : Event: ======'machine_var_audits_switches_s_right_flipper1'====== Args={'value': 1, 'prev_value': 0, 'change': 1}
2020-05-20 18:04:33,401 : EventManager : Event: ======'machine_var_audits_switches_s_right_flipper1'====== Args={'value': 2, 'prev_value': 1, 'change': 1}
2020-05-20 18:04:34,813 : EventManager : Event: ======'machine_var_audits_switches_s_right_flipper1'====== Args={'value': 3, 'prev_value': 2, 'change': 1}
2020-05-20 18:04:35,795 : EventManager : Event: ======'machine_var_audits_switches_s_right_flipper1'====== Args={'value': 4, 'prev_value': 3, 'change': 1}
2020-05-20 18:04:36,380 : EventManager : Event: ======'machine_var_audits_switches_s_right_flipper1'====== Args={'value': 5, 'prev_value': 4, 'change': 1}
2020-05-20 18:04:37,800 : EventManager : Event: ======'machine_var_audits_switches_s_right_flipper1'====== Args={'value': 6, 'prev_value': 5, 'change': 1}
2020-05-20 18:04:38,800 : EventManager : Event: ======'machine_var_audits_switches_s_right_flipper1'====== Args={'value': 7, 'prev_value': 6, 'change': 1}
2020-05-20 18:04:39,677 : EventManager : Event: ======'machine_var_audits_switches_s_right_flipper1'====== Args={'value': 8, 'prev_value': 7, 'change': 1}
2020-05-20 18:04:43,325 : EventManager : Event: ======'machine_var_audits_switches_s_left_flipper1'====== Args={'value': 33, 'prev_value': 32, 'change': 1}
2020-05-20 18:04:45,238 : EventManager : Event: ======'machine_var_audits_switches_s_left_flipper1'====== Args={'value': 34, 'prev_value': 33, 'change': 1}
2020-05-20 18:04:50,248 : kivy : Base: Leaving application in progress...
2020-05-20 18:04:50,256 : mpfmc : Stopping...
2020-05-20 18:04:50,257 : EventManager : Event: ======'shutdown'====== Args={}
2020-05-20 18:04:50,318 : mpfmc : Loop rate 78.04 Hz
