2020-05-25 18:13:02,867 : kivy : Factory: 184 symbols loaded
2020-05-25 18:13:03,694 : kivy : Image: Providers: img_tex, img_dds, img_sdl2, img_pil, img_gif (img_ffpyplayer ignored)
2020-05-25 18:13:04,084 : kivy : VideoGstplayer: Using Gstreamer 1.16.0.0
2020-05-25 18:13:04,084 : kivy : Video: Provider: gstplayer
2020-05-25 18:13:04,490 : kivy : Loading MPF-MC controller
2020-05-25 18:13:04,490 : mpfmc : Mission Pinball Framework Media Controller v0.53.3
2020-05-25 18:13:04,490 : mpfmc : Mission Pinball Framework Game Engine v0.53.3
2020-05-25 18:13:04,490 : mpfmc : Machine path: C:\pinball\HauntedHouse
2020-05-25 18:13:04,505 : ConfigProcessor : Config file in cache changed: C:\pinball\HauntedHouse\config\config
2020-05-25 18:13:04,505 : ConfigProcessor : Loading config from file c:\users\hans\appdata\local\programs\python\python36-32\lib\site-packages\mpfmc\mcconfig.yaml.
2020-05-25 18:13:05,036 : ConfigProcessor : Loading config: c:\users\hans\appdata\local\programs\python\python36-32\lib\site-packages\mpfmc\mcconfig.yaml
2020-05-25 18:13:09,638 : ConfigValidator : Config spec file cache created: C:\Users\Hans\AppData\Local\Temp\config_spec.mpf_cache
2020-05-25 18:13:09,700 : ConfigProcessor : Loading config from file C:\pinball\HauntedHouse\config\config.
2020-05-25 18:13:10,496 : ConfigProcessor : Loading config: C:\pinball\HauntedHouse\config\config
2020-05-25 18:13:10,511 : ConfigProcessor : Config file cache created: C:\Users\Hans\AppData\Local\Temp\1db0e0e3fd8cb1ead45d2e51d225dce4.mpf_cache
2020-05-25 18:13:10,511 : mpfmc : Starting clock at 60.0Hz
2020-05-25 18:13:10,574 : kivy : Text: Provider: sdl2
2020-05-25 18:13:10,792 : kivy : Window: Provider: sdl2
2020-05-25 18:13:11,411 : kivy : GL: Using the "OpenGL" graphics system
2020-05-25 18:13:11,415 : kivy : GL: GLEW initialization succeeded
2020-05-25 18:13:11,416 : kivy : GL: Backend used <glew>
2020-05-25 18:13:11,416 : kivy : GL: OpenGL version <b'3.0'>
2020-05-25 18:13:11,416 : kivy : GL: OpenGL vendor <b'Intel Corporation'>
2020-05-25 18:13:11,417 : kivy : GL: OpenGL renderer <b'Intel(R) Graphics Media Accelerator 3600 Series'>
2020-05-25 18:13:11,418 : kivy : GL: OpenGL parsed version: 3, 0
2020-05-25 18:13:11,418 : kivy : GL: Shading version <b'1.30'>
2020-05-25 18:13:11,419 : kivy : GL: Texture max size <8192>
2020-05-25 18:13:11,419 : kivy : GL: Texture max units <16>
2020-05-25 18:13:11,548 : kivy : Window: auto add sdl2 input provider
2020-05-25 18:13:11,549 : kivy : Window: virtual keyboard not allowed, single mode, not docked
2020-05-25 18:13:11,590 : SoundSystem : SoundSystem: Using default 'sound_system' settings
2020-05-25 18:13:12,907 : AudioInterface : Initialized
2020-05-25 18:13:12,908 : SoundSystem : No audio tracks are specified in your machine config file. a track named 'default' has been created.
2020-05-25 18:13:12,928 : kivy : Base: Start application main loop
2020-05-25 18:13:12,930 : EventManager : Event: ======'display_window_initialized'====== Args={}
2020-05-25 18:13:12,981 : mpfmc : Display: Setting 'window' as default display
2020-05-25 18:13:13,008 : EventManager : Event: ======'displays_initialized'====== Args={}
2020-05-25 18:13:13,014 : EventManager : Event: ======'slide_window_blank_created'====== Args={}
2020-05-25 18:13:13,014 : EventManager : Event: ======'display_window_ready'====== Args={}
2020-05-25 18:13:13,070 : EventManager : Event: ======'init_phase_1'====== Args={}
2020-05-25 18:13:13,095 : EventManager : Event: ======'mc_ready'====== Args={}
2020-05-25 18:13:13,096 : EventManager : Event: ======'init_phase_2'====== Args={}
2020-05-25 18:13:13,109 : ConfigProcessor : Loading config from cache: C:\Users\Hans\AppData\Local\Temp\fd4d0ac963aaaec6abb4cac3da0cded0.mpf_cache
2020-05-25 18:13:13,116 : ConfigProcessor : Loading config from cache: C:\Users\Hans\AppData\Local\Temp\7d6c1285f2e862430ea29e9aa05d0f73.mpf_cache
2020-05-25 18:13:13,119 : ConfigProcessor : Loading config from cache: C:\Users\Hans\AppData\Local\Temp\ac83460c407a763630a505790089d322.mpf_cache
2020-05-25 18:13:13,121 : EventManager : Event: ======'init_phase_3'====== Args={}
2020-05-25 18:13:13,125 : EventManager : Event: ======'init_phase_4'====== Args={}
2020-05-25 18:13:13,126 : EventManager : Event: ======'init_phase_5'====== Args={}
2020-05-25 18:13:13,126 : EventManager : Event: ======'init_done'====== Args={}
2020-05-25 18:13:13,127 : MPF-MC BCP Server : Starting up on localhost port 5050
2020-05-25 18:13:13,136 : MPF-MC BCP Server : Waiting for a connection...
2020-05-25 18:13:13,137 : mpfmc : SlidePlayer: Play called with settings={'slides': {welcome_slide-None-None: {'priority': None, 'target': None, 'background_color': [0.0, 0.0, 0.0, 1.0], 'show': True, 'force': False, 'expire': None, 'slide': None, 'tokens': {}, 'action': 'play', 'transition': None, 'transition_out': None}}}
2020-05-25 18:13:13,157 : kivy : GL: NPOT texture support is available
2020-05-25 18:13:13,165 : EventManager : Event: ======'slide_welcome_slide_created'====== Args={}
2020-05-25 18:13:13,189 : EventManager : Event: ======'slide_welcome_slide_active'====== Args={}
2020-05-25 18:13:13,224 : EventManager : Event: ======'client_disconnected'====== Args={'host': '127.0.0.1', 'port': 5050}
2020-05-25 18:13:14,200 : MPF-MC BCP Server : Received connection from: 127.0.0.1:49287
2020-05-25 18:13:14,231 : EventManager : Event: ======'client_connected'====== Args={'host': '127.0.0.1', 'port': 49287}
2020-05-25 18:13:14,275 : EventManager : Event: ======'machine_var_p_roc_version'====== Args={'value': 2, 'prev_value': None, 'change': True}
2020-05-25 18:13:14,276 : EventManager : Event: ======'machine_var_p_roc_revision'====== Args={'value': 6, 'prev_value': None, 'change': True}
2020-05-25 18:13:14,277 : EventManager : Event: ======'machine_var_p_roc_hardware_version'====== Args={'value': 1, 'prev_value': None, 'change': True}
2020-05-25 18:13:14,278 : EventManager : Event: ======'machine_var_credits_string'====== Args={'value': 'FREE PLAY', 'prev_value': None, 'change': True}
2020-05-25 18:13:14,279 : EventManager : Event: ======'machine_var_player1_score'====== Args={'value': 29150, 'prev_value': None, 'change': True}
2020-05-25 18:13:14,280 : EventManager : Event: ======'machine_var_mpf_version'====== Args={'value': 'MPF v0.53.3', 'prev_value': None, 'change': True}
2020-05-25 18:13:14,281 : EventManager : Event: ======'machine_var_mpf_extended_version'====== Args={'value': 'MPF v0.53.3, Config version:5, Show version: 5, BCP version:1.1', 'prev_value': None, 'change': True}
2020-05-25 18:13:14,282 : EventManager : Event: ======'machine_var_python_version'====== Args={'value': '3.6.8', 'prev_value': None, 'change': True}
2020-05-25 18:13:14,282 : EventManager : Event: ======'machine_var_platform'====== Args={'value': 'Windows-7-6.1.7601-SP1', 'prev_value': None, 'change': True}
2020-05-25 18:13:14,284 : EventManager : Event: ======'machine_var_platform_system'====== Args={'value': 'Windows', 'prev_value': None, 'change': True}
2020-05-25 18:13:14,285 : EventManager : Event: ======'machine_var_platform_release'====== Args={'value': '7', 'prev_value': None, 'change': True}
2020-05-25 18:13:14,286 : EventManager : Event: ======'machine_var_platform_version'====== Args={'value': '6.1.7601', 'prev_value': None, 'change': True}
2020-05-25 18:13:14,287 : EventManager : Event: ======'machine_var_platform_machine'====== Args={'value': 'x86', 'prev_value': None, 'change': True}
2020-05-25 18:13:14,288 : EventManager : Event: ======'machine_var_mc_version'====== Args={'value': 'MPF-MC v0.53.3', 'prev_value': None, 'change': True}
2020-05-25 18:13:14,289 : EventManager : Event: ======'machine_var_mc_extended_version'====== Args={'value': 'MPF-MC v0.53.3 (config_version=5, BCP v1.1, Requires MPF v0.53.0)', 'prev_value': None, 'change': True}
2020-05-25 18:13:14,290 : EventManager : Event: ======'machine_var_master_volume'====== Args={'value': 0.5, 'prev_value': None, 'change': True}
2020-05-25 18:13:14,873 : mpfmc : Stopping...
2020-05-25 18:13:14,874 : EventManager : Event: ======'shutdown'====== Args={}
2020-05-25 18:13:14,920 : mpfmc : Loop rate 66.0 Hz
2020-05-25 18:13:14,921 : kivy : Base: Leaving application in progress...
2020-05-25 18:13:14,937 : kivy : WindowSDL: exiting mainloop and closing.
2020-05-25 18:13:15,049 : mpfmc : Stopping...
2020-05-25 18:13:15,049 : EventManager : Event: ======'shutdown'====== Args={}
2020-05-25 18:13:15,049 : mpfmc : Loop rate 62.46 Hz
2020-05-25 18:13:15,049 : kivy : MC run loop ended.
2020-05-25 18:13:15,049 : kivy : Stopping child threads... (1 remaining)
2020-05-25 18:13:15,782 : MPF-MC BCP Server : Stopping BCP sending thread
2020-05-25 18:13:15,814 : kivy : All child threads stopped.
