2020-05-25 18:45:50,765 : INFO : Machine : Mission Pinball Framework Core Engine v0.53.3
2020-05-25 18:45:50,765 : INFO : Machine : Command line arguments: {'no_load_cache': False, 'create_config_cache': True, 'bcp': True, 'configfile': ['config.yaml'], 'mpfconfigfile': 'c:\\users\\hans\\appdata\\local\\programs\\python\\python36-32\\lib\\site-packages\\mpf\\mpfconfig.yaml', 'force_assets_load': False, 'jsonlogging': False, 'logfile': 'logs\\2020-05-25-18-45-50-mpf-Hans-PC.log', 'pause': False, 'production': False, 'text_ui': True, 'loglevel': 15, 'consoleloglevel': 20, 'force_platform': None, 'syslog_address': None, 'mc_file_name': None, 'no_sound': False}
2020-05-25 18:45:50,765 : INFO : Machine : MPF path: c:\users\hans\appdata\local\programs\python\python36-32\lib\site-packages\mpf
2020-05-25 18:45:50,765 : INFO : Machine : Machine path: C:\pinball\HauntedHouse
2020-05-25 18:45:50,765 : INFO : Machine : Platform: win32
2020-05-25 18:45:50,765 : INFO : Machine : Python executable location: c:\users\hans\appdata\local\programs\python\python36-32\python.exe
2020-05-25 18:45:50,765 : INFO : Machine : Python version: 3.6.8 (32-bit)
2020-05-25 18:45:50,765 : INFO : Machine : Machine config file #1: config.yaml
2020-05-25 18:45:50,781 : WARNING : ConfigProcessor : Config file in cache changed: C:\pinball\HauntedHouse\config\config.yaml
2020-05-25 18:45:50,781 : INFO : ConfigProcessor : Loading config from file c:\users\hans\appdata\local\programs\python\python36-32\lib\site-packages\mpf\mpfconfig.yaml.
2020-05-25 18:45:51,483 : INFO : ConfigProcessor : Loading config: c:\users\hans\appdata\local\programs\python\python36-32\lib\site-packages\mpf\mpfconfig.yaml
2020-05-25 18:45:55,164 : INFO : ConfigValidator : Config spec file cache created: C:\Users\Hans\AppData\Local\Temp\config_spec.mpf_cache
2020-05-25 18:45:55,227 : INFO : ConfigProcessor : Loading config from file C:\pinball\HauntedHouse\config\config.yaml.
2020-05-25 18:45:56,038 : INFO : ConfigProcessor : Loading config: C:\pinball\HauntedHouse\config\config.yaml
2020-05-25 18:45:56,054 : INFO : ConfigProcessor : Config file cache created: C:\Users\Hans\AppData\Local\Temp\6e040aaf1f6a41fde2348c429eac1a1c.mpf_cache
2020-05-25 18:45:56,069 : INFO : Machine : Initialise MPF.
2020-05-25 18:45:56,787 : INFO : P3-ROC : Connecting to P-ROC
2020-05-25 18:45:57,052 : INFO : P3-ROC : Successfully connected to P-ROC/P3-ROC. Firmware Version: 2. Firmware Revision: 6. Hardware Board ID: 1
2020-05-25 18:45:57,364 : INFO : EventManager : Event: ======'machine_var_p_roc_version'====== Args={'value': 2, 'prev_value': None, 'change': True}
2020-05-25 18:45:57,364 : INFO : EventManager : Event: ======'machine_var_p_roc_revision'====== Args={'value': 6, 'prev_value': None, 'change': True}
2020-05-25 18:45:57,364 : INFO : EventManager : Event: ======'machine_var_p_roc_hardware_version'====== Args={'value': 1, 'prev_value': None, 'change': True}
2020-05-25 18:45:57,411 : INFO : EventManager : Event: ======'machine_var_credits_string'====== Args={'value': 'FREE PLAY', 'prev_value': None, 'change': True}
2020-05-25 18:45:57,723 : INFO : EventManager : Event: ======'machine_var_player1_score'====== Args={'value': 29150, 'prev_value': None, 'change': True}
2020-05-25 18:45:57,723 : INFO : EventManager : Event: ======'machine_var_mpf_version'====== Args={'value': 'MPF v0.53.3', 'prev_value': None, 'change': True}
2020-05-25 18:45:57,723 : INFO : EventManager : Event: ======'machine_var_mpf_extended_version'====== Args={'value': 'MPF v0.53.3, Config version:5, Show version: 5, BCP version:1.1', 'prev_value': None, 'change': True}
2020-05-25 18:45:57,723 : INFO : EventManager : Event: ======'machine_var_python_version'====== Args={'value': '3.6.8', 'prev_value': None, 'change': True}
2020-05-25 18:45:57,723 : INFO : EventManager : Event: ======'machine_var_platform'====== Args={'value': 'Windows-7-6.1.7601-SP1', 'prev_value': None, 'change': True}
2020-05-25 18:45:57,723 : INFO : EventManager : Event: ======'machine_var_platform_system'====== Args={'value': 'Windows', 'prev_value': None, 'change': True}
2020-05-25 18:45:57,723 : INFO : EventManager : Event: ======'machine_var_platform_release'====== Args={'value': '7', 'prev_value': None, 'change': True}
2020-05-25 18:45:57,723 : INFO : EventManager : Event: ======'machine_var_platform_version'====== Args={'value': '6.1.7601', 'prev_value': None, 'change': True}
2020-05-25 18:45:57,723 : INFO : EventManager : Event: ======'machine_var_platform_machine'====== Args={'value': 'x86', 'prev_value': None, 'change': True}
2020-05-25 18:45:57,723 : INFO : EventManager : Event: ======'init_phase_1'====== Args={}
2020-05-25 18:45:57,910 : INFO : ConfigProcessor : Loading config from cache: C:\Users\Hans\AppData\Local\Temp\ac83460c407a763630a505790089d322.mpf_cache
2020-05-25 18:45:57,941 : INFO : ConfigProcessor : Loading config from cache: C:\Users\Hans\AppData\Local\Temp\fd4d0ac963aaaec6abb4cac3da0cded0.mpf_cache
2020-05-25 18:45:57,957 : INFO : ConfigProcessor : Loading config from cache: C:\Users\Hans\AppData\Local\Temp\7d6c1285f2e862430ea29e9aa05d0f73.mpf_cache
2020-05-25 18:45:58,300 : INFO : EventManager : Event: ======'drop_target_bank_upper_up'====== Args={}
2020-05-25 18:45:58,300 : INFO : EventManager : Event: ======'drop_target_bank_lower_up'====== Args={}
2020-05-25 18:45:58,331 : INFO : EventManager : Event: ======'init_phase_2'====== Args={}
2020-05-25 18:45:58,378 : INFO : SwitchController : Found active switch: (8, <Platform.P3-ROC>)
2020-05-25 18:45:58,378 : INFO : SwitchController : Found active switch: (10, <Platform.P3-ROC>)
2020-05-25 18:45:58,378 : INFO : SwitchController : Found active switch: (11, <Platform.P3-ROC>)
2020-05-25 18:45:58,440 : INFO : EventManager : Event: ======'bcp_connection_attempt'====== Args={'name': 'local_display', 'host': 'localhost', 'port': 5050}
2020-05-25 18:45:58,456 : INFO : BCPClientSocket : Connecting BCP to 'local_display' at localhost:5050...
2020-05-25 18:46:00,666 : INFO : BCPClientSocket : Connected BCP to 'local_display' localhost:5050
2020-05-25 18:46:00,668 : INFO : EventManager : Event: ======'bcp_clients_connected'====== Args={}
2020-05-25 18:46:00,711 : INFO : EventManager : Event: ======'machine_var_mc_version'====== Args={'value': 'MPF-MC v0.53.3', 'prev_value': None, 'change': True}
2020-05-25 18:46:00,713 : INFO : EventManager : Event: ======'machine_var_mc_extended_version'====== Args={'value': 'MPF-MC v0.53.3 (config_version=5, BCP v1.1, Requires MPF v0.53.0)', 'prev_value': None, 'change': True}
2020-05-25 18:46:00,724 : INFO : EventManager : Event: ======'machine_var_master_volume'====== Args={'value': 0.5, 'prev_value': None, 'change': True}
2020-05-25 18:46:01,030 : INFO : EventManager : Event: ======'init_phase_3'====== Args={}
2020-05-25 18:46:01,032 : INFO : AssetManager : Registering Asset: attract_display_loop, File: attract_display_loop.yaml, Default Group: default, Final Config: {'load': 'preload', 'file': 'C:\\pinball\\HauntedHouse\\modes\\attract\\shows\\attract_display_loop.yaml'}
2020-05-25 18:46:01,033 : INFO : AssetManager : Registering Asset: attract_light_show, File: attract_light_show.yaml, Default Group: default, Final Config: {'load': 'preload', 'file': 'C:\\pinball\\HauntedHouse\\modes\\attract\\shows\\attract_light_show.yaml'}
2020-05-25 18:46:01,048 : INFO : ConfigProcessor : Loading config from cache: C:\Users\Hans\AppData\Local\Temp\636f49f53640d05219cf7c0882dcdaa5.mpf_cache
2020-05-25 18:46:01,065 : INFO : EventManager : Event: ======'loading_assets'====== Args={'total': 2, 'loaded': 1, 'remaining': 1, 'percent': 50}
2020-05-25 18:46:01,065 : INFO : AssetManager : Loading assets: 1/2 (50%)
2020-05-25 18:46:01,067 : INFO : ConfigProcessor : Loading config from cache: C:\Users\Hans\AppData\Local\Temp\9ea88fba871b7df57825a62800362443.mpf_cache
2020-05-25 18:46:01,071 : INFO : EventManager : Event: ======'loading_assets'====== Args={'total': 2, 'loaded': 2, 'remaining': 0, 'percent': 100}
2020-05-25 18:46:01,071 : INFO : AssetManager : Asset loading took: 4.362344026565552
2020-05-25 18:46:01,073 : INFO : EventManager : Event: ======'asset_loading_complete'====== Args={}
2020-05-25 18:46:01,073 : INFO : AssetManager : Loading assets: 2/2 (100%)
2020-05-25 18:46:01,074 : INFO : EventManager : Event: ======'init_phase_4'====== Args={}
2020-05-25 18:46:01,078 : INFO : EventManager : Event: ======'playfield_active'====== Args={}
2020-05-25 18:46:01,078 : INFO : EventManager : Event: ======'unexpected_ball_on_playfield'====== Args={}
2020-05-25 18:46:01,079 : INFO : EventManager : Event: ======'drop_target_u1_drop_down'====== Args={'device': <drop_target.u1_drop>}
2020-05-25 18:46:01,080 : INFO : EventManager : Event: ======'drop_target_bank_upper_mixed'====== Args={'down': 1}
2020-05-25 18:46:01,080 : INFO : EventManager : Event: ======'playfield_active'====== Args={}
2020-05-25 18:46:01,080 : INFO : EventManager : Event: ======'unexpected_ball_on_playfield'====== Args={}
2020-05-25 18:46:01,081 : INFO : EventManager : Event: ======'drop_target_u3_drop_down'====== Args={'device': <drop_target.u3_drop>}
2020-05-25 18:46:01,083 : INFO : EventManager : Event: ======'drop_target_bank_upper_mixed'====== Args={'down': 2}
2020-05-25 18:46:01,084 : INFO : EventManager : Event: ======'playfield_active'====== Args={}
2020-05-25 18:46:01,084 : INFO : EventManager : Event: ======'unexpected_ball_on_playfield'====== Args={}
2020-05-25 18:46:01,084 : INFO : EventManager : Event: ======'drop_target_u4_drop_down'====== Args={'device': <drop_target.u4_drop>}
2020-05-25 18:46:01,085 : INFO : EventManager : Event: ======'drop_target_bank_upper_mixed'====== Args={'down': 3}
2020-05-25 18:46:01,129 : INFO : EventManager : Event: ======'machine_var_audits_events_game_ended'====== Args={'value': 53, 'prev_value': None, 'change': True}
2020-05-25 18:46:01,131 : INFO : EventManager : Event: ======'machine_var_audits_events_game_started'====== Args={'value': 101, 'prev_value': None, 'change': True}
2020-05-25 18:46:01,133 : INFO : EventManager : Event: ======'machine_var_audits_player_score'====== Args={'value': {'average': 23430.178571428572, 'top': [120480, 114590, 92630, 76090, 75650, 71920, 57150, 56770, 56270, 46210], 'total': 56}, 'prev_value': None, 'change': True}
2020-05-25 18:46:01,135 : INFO : EventManager : Event: ======'machine_var_audits_shots_10pt'====== Args={'value': 178, 'prev_value': None, 'change': True}
2020-05-25 18:46:01,137 : INFO : EventManager : Event: ======'machine_var_audits_shots_left_inlane'====== Args={'value': 12, 'prev_value': None, 'change': True}
2020-05-25 18:46:01,139 : INFO : EventManager : Event: ======'machine_var_audits_shots_left_outlane'====== Args={'value': 6, 'prev_value': None, 'change': True}
2020-05-25 18:46:01,141 : INFO : EventManager : Event: ======'machine_var_audits_shots_lower_10pt_drops'====== Args={'value': 27, 'prev_value': None, 'change': True}
2020-05-25 18:46:01,144 : INFO : EventManager : Event: ======'machine_var_audits_shots_lower_10pt_lower'====== Args={'value': 10, 'prev_value': None, 'change': True}
2020-05-25 18:46:01,146 : INFO : EventManager : Event: ======'machine_var_audits_shots_lower_10pt_upper'====== Args={'value': 8, 'prev_value': None, 'change': True}
2020-05-25 18:46:01,148 : INFO : EventManager : Event: ======'machine_var_audits_shots_lower_1_drop'====== Args={'value': 37, 'prev_value': None, 'change': True}
2020-05-25 18:46:01,150 : INFO : EventManager : Event: ======'machine_var_audits_shots_lower_2_drop'====== Args={'value': 5, 'prev_value': None, 'change': True}
2020-05-25 18:46:01,152 : INFO : EventManager : Event: ======'machine_var_audits_shots_lower_3_drop'====== Args={'value': 7, 'prev_value': None, 'change': True}
2020-05-25 18:46:01,154 : INFO : EventManager : Event: ======'machine_var_audits_shots_lower_4_drop'====== Args={'value': 12, 'prev_value': None, 'change': True}
2020-05-25 18:46:01,157 : INFO : EventManager : Event: ======'machine_var_audits_shots_lower_5_drop'====== Args={'value': 11, 'prev_value': None, 'change': True}
2020-05-25 18:46:01,160 : INFO : EventManager : Event: ======'machine_var_audits_shots_lower_hole'====== Args={'value': 12, 'prev_value': None, 'change': True}
2020-05-25 18:46:01,162 : INFO : EventManager : Event: ======'machine_var_audits_shots_lower_kick_target'====== Args={'value': 1, 'prev_value': None, 'change': True}
2020-05-25 18:46:01,165 : INFO : EventManager : Event: ======'machine_var_audits_shots_lower_left'====== Args={'value': 6, 'prev_value': None, 'change': True}
2020-05-25 18:46:01,167 : INFO : EventManager : Event: ======'machine_var_audits_shots_lower_left_pop'====== Args={'value': 102, 'prev_value': None, 'change': True}
2020-05-25 18:46:01,169 : INFO : EventManager : Event: ======'machine_var_audits_shots_lower_pop'====== Args={'value': 24, 'prev_value': None, 'change': True}
2020-05-25 18:46:01,171 : INFO : EventManager : Event: ======'machine_var_audits_shots_lower_right'====== Args={'value': 3, 'prev_value': None, 'change': True}
2020-05-25 18:46:01,174 : INFO : EventManager : Event: ======'machine_var_audits_shots_lower_rollover'====== Args={'value': 20, 'prev_value': None, 'change': True}
2020-05-25 18:46:01,177 : INFO : EventManager : Event: ======'machine_var_audits_shots_lower_slingshot'====== Args={'value': 13, 'prev_value': None, 'change': True}
2020-05-25 18:46:01,179 : INFO : EventManager : Event: ======'machine_var_audits_shots_main_1'====== Args={'value': 10, 'prev_value': None, 'change': True}
2020-05-25 18:46:01,182 : INFO : EventManager : Event: ======'machine_var_audits_shots_main_2'====== Args={'value': 16, 'prev_value': None, 'change': True}
2020-05-25 18:46:01,185 : INFO : EventManager : Event: ======'machine_var_audits_shots_main_3'====== Args={'value': 13, 'prev_value': None, 'change': True}
2020-05-25 18:46:01,188 : INFO : EventManager : Event: ======'machine_var_audits_shots_main_4'====== Args={'value': 21, 'prev_value': None, 'change': True}
2020-05-25 18:46:01,191 : INFO : EventManager : Event: ======'machine_var_audits_shots_main_5'====== Args={'value': 17, 'prev_value': None, 'change': True}
2020-05-25 18:46:01,194 : INFO : EventManager : Event: ======'machine_var_audits_shots_main_slingshot'====== Args={'value': 27, 'prev_value': None, 'change': True}
2020-05-25 18:46:01,197 : INFO : EventManager : Event: ======'machine_var_audits_shots_right_inlane'====== Args={'value': 58, 'prev_value': None, 'change': True}
2020-05-25 18:46:01,200 : INFO : EventManager : Event: ======'machine_var_audits_shots_right_kickout'====== Args={'value': 28, 'prev_value': None, 'change': True}
2020-05-25 18:46:01,202 : INFO : EventManager : Event: ======'machine_var_audits_shots_right_outlane'====== Args={'value': 39, 'prev_value': None, 'change': True}
2020-05-25 18:46:01,206 : INFO : EventManager : Event: ======'machine_var_audits_shots_rollunder'====== Args={'value': 74, 'prev_value': None, 'change': True}
2020-05-25 18:46:01,209 : INFO : EventManager : Event: ======'machine_var_audits_shots_standup_right'====== Args={'value': 62, 'prev_value': None, 'change': True}
2020-05-25 18:46:01,212 : INFO : EventManager : Event: ======'machine_var_audits_shots_upper_1'====== Args={'value': 25, 'prev_value': None, 'change': True}
2020-05-25 18:46:01,215 : INFO : EventManager : Event: ======'machine_var_audits_shots_upper_1_drop'====== Args={'value': 43, 'prev_value': None, 'change': True}
2020-05-25 18:46:01,218 : INFO : EventManager : Event: ======'machine_var_audits_shots_upper_2'====== Args={'value': 46, 'prev_value': None, 'change': True}
2020-05-25 18:46:01,221 : INFO : EventManager : Event: ======'machine_var_audits_shots_upper_2_drop'====== Args={'value': 35, 'prev_value': None, 'change': True}
2020-05-25 18:46:01,225 : INFO : EventManager : Event: ======'machine_var_audits_shots_upper_3'====== Args={'value': 21, 'prev_value': None, 'change': True}
2020-05-25 18:46:01,229 : INFO : EventManager : Event: ======'machine_var_audits_shots_upper_3_drop'====== Args={'value': 44, 'prev_value': None, 'change': True}
2020-05-25 18:46:01,232 : INFO : EventManager : Event: ======'machine_var_audits_shots_upper_4'====== Args={'value': 17, 'prev_value': None, 'change': True}
2020-05-25 18:46:01,235 : INFO : EventManager : Event: ======'machine_var_audits_shots_upper_4_drop'====== Args={'value': 57, 'prev_value': None, 'change': True}
2020-05-25 18:46:01,239 : INFO : EventManager : Event: ======'machine_var_audits_shots_upper_left_pop'====== Args={'value': 46, 'prev_value': None, 'change': True}
2020-05-25 18:46:01,242 : INFO : EventManager : Event: ======'machine_var_audits_shots_upper_pop'====== Args={'value': 243, 'prev_value': None, 'change': True}
2020-05-25 18:46:01,245 : INFO : EventManager : Event: ======'machine_var_audits_switches_s_left_flipper1'====== Args={'value': 216, 'prev_value': None, 'change': True}
2020-05-25 18:46:01,248 : INFO : EventManager : Event: ======'machine_var_audits_switches_s_left_flipper2'====== Args={'value': 276, 'prev_value': None, 'change': True}
2020-05-25 18:46:01,252 : INFO : EventManager : Event: ======'machine_var_audits_switches_s_lower_10pt_UPPER'====== Args={'value': 0, 'prev_value': None, 'change': True}
2020-05-25 18:46:01,255 : INFO : EventManager : Event: ======'machine_var_audits_switches_s_lower_10pt_drops'====== Args={'value': 27, 'prev_value': None, 'change': True}
2020-05-25 18:46:01,259 : INFO : EventManager : Event: ======'machine_var_audits_switches_s_lower_10pt_lower'====== Args={'value': 10, 'prev_value': None, 'change': True}
2020-05-25 18:46:01,262 : INFO : EventManager : Event: ======'machine_var_audits_switches_s_lower_10pt_upper'====== Args={'value': 8, 'prev_value': None, 'change': True}
2020-05-25 18:46:01,266 : INFO : EventManager : Event: ======'machine_var_audits_switches_s_lower_1_drop'====== Args={'value': 391, 'prev_value': None, 'change': True}
2020-05-25 18:46:01,269 : INFO : EventManager : Event: ======'machine_var_audits_switches_s_lower_2_drop'====== Args={'value': 5, 'prev_value': None, 'change': True}
2020-05-25 18:46:01,273 : INFO : EventManager : Event: ======'machine_var_audits_switches_s_lower_3_drop'====== Args={'value': 7, 'prev_value': None, 'change': True}
2020-05-25 18:46:01,276 : INFO : EventManager : Event: ======'machine_var_audits_switches_s_lower_4_drop'====== Args={'value': 12, 'prev_value': None, 'change': True}
2020-05-25 18:46:01,280 : INFO : EventManager : Event: ======'machine_var_audits_switches_s_lower_5_drop'====== Args={'value': 11, 'prev_value': None, 'change': True}
2020-05-25 18:46:01,284 : INFO : EventManager : Event: ======'machine_var_audits_switches_s_lower_bonus_left'====== Args={'value': 6, 'prev_value': None, 'change': True}
2020-05-25 18:46:01,287 : INFO : EventManager : Event: ======'machine_var_audits_switches_s_lower_bonus_right'====== Args={'value': 3, 'prev_value': None, 'change': True}
2020-05-25 18:46:01,291 : INFO : EventManager : Event: ======'machine_var_audits_switches_s_lower_kick_target'====== Args={'value': 1, 'prev_value': None, 'change': True}
2020-05-25 18:46:01,294 : INFO : EventManager : Event: ======'machine_var_audits_switches_s_lower_kickout_special'====== Args={'value': 12, 'prev_value': None, 'change': True}
2020-05-25 18:46:01,299 : INFO : EventManager : Event: ======'machine_var_audits_switches_s_lower_pop'====== Args={'value': 24, 'prev_value': None, 'change': True}
2020-05-25 18:46:01,303 : INFO : EventManager : Event: ======'machine_var_audits_switches_s_lower_rollover'====== Args={'value': 48, 'prev_value': None, 'change': True}
2020-05-25 18:46:01,306 : INFO : EventManager : Event: ======'machine_var_audits_switches_s_lower_slingshot'====== Args={'value': 13, 'prev_value': None, 'change': True}
2020-05-25 18:46:01,310 : INFO : EventManager : Event: ======'machine_var_audits_switches_s_lower_vuk'====== Args={'value': 196, 'prev_value': None, 'change': True}
2020-05-25 18:46:01,314 : INFO : EventManager : Event: ======'machine_var_audits_switches_s_main_10pt_left'====== Args={'value': 17, 'prev_value': None, 'change': True}
2020-05-25 18:46:01,318 : INFO : EventManager : Event: ======'machine_var_audits_switches_s_main_1_target'====== Args={'value': 37, 'prev_value': None, 'change': True}
2020-05-25 18:46:01,322 : INFO : EventManager : Event: ======'machine_var_audits_switches_s_main_1_trough'====== Args={'value': 28, 'prev_value': None, 'change': True}
2020-05-25 18:46:01,326 : INFO : EventManager : Event: ======'machine_var_audits_switches_s_main_2_target'====== Args={'value': 39, 'prev_value': None, 'change': True}
2020-05-25 18:46:01,330 : INFO : EventManager : Event: ======'machine_var_audits_switches_s_main_2_trough'====== Args={'value': 56, 'prev_value': None, 'change': True}
2020-05-25 18:46:01,334 : INFO : EventManager : Event: ======'machine_var_audits_switches_s_main_3_target'====== Args={'value': 13, 'prev_value': None, 'change': True}
2020-05-25 18:46:01,338 : INFO : EventManager : Event: ======'machine_var_audits_switches_s_main_4_target'====== Args={'value': 37, 'prev_value': None, 'change': True}
2020-05-25 18:46:01,341 : INFO : EventManager : Event: ======'machine_var_audits_switches_s_main_5_target'====== Args={'value': 51, 'prev_value': None, 'change': True}
2020-05-25 18:46:01,345 : INFO : EventManager : Event: ======'machine_var_audits_switches_s_main_inlane_left'====== Args={'value': 15, 'prev_value': None, 'change': True}
2020-05-25 18:46:01,349 : INFO : EventManager : Event: ======'machine_var_audits_switches_s_main_inlane_right'====== Args={'value': 63, 'prev_value': None, 'change': True}
2020-05-25 18:46:01,354 : INFO : EventManager : Event: ======'machine_var_audits_switches_s_main_kickout_right'====== Args={'value': 126, 'prev_value': None, 'change': True}
2020-05-25 18:46:01,358 : INFO : EventManager : Event: ======'machine_var_audits_switches_s_main_lane_center'====== Args={'value': 82, 'prev_value': None, 'change': True}
2020-05-25 18:46:01,362 : INFO : EventManager : Event: ======'machine_var_audits_switches_s_main_outhole'====== Args={'value': 370, 'prev_value': None, 'change': True}
2020-05-25 18:46:01,366 : INFO : EventManager : Event: ======'machine_var_audits_switches_s_main_outlane_left'====== Args={'value': 13, 'prev_value': None, 'change': True}
2020-05-25 18:46:01,370 : INFO : EventManager : Event: ======'machine_var_audits_switches_s_main_outlane_right'====== Args={'value': 40, 'prev_value': None, 'change': True}
2020-05-25 18:46:01,375 : INFO : EventManager : Event: ======'machine_var_audits_switches_s_main_pop_bottom'====== Args={'value': 130, 'prev_value': None, 'change': True}
2020-05-25 18:46:01,379 : INFO : EventManager : Event: ======'machine_var_audits_switches_s_main_pop_top'====== Args={'value': 111, 'prev_value': None, 'change': True}
2020-05-25 18:46:01,383 : INFO : EventManager : Event: ======'machine_var_audits_switches_s_main_rollunder'====== Args={'value': 74, 'prev_value': None, 'change': True}
2020-05-25 18:46:01,387 : INFO : EventManager : Event: ======'machine_var_audits_switches_s_main_roundabout_rollunder'====== Args={'value': 52, 'prev_value': None, 'change': True}
2020-05-25 18:46:01,391 : INFO : EventManager : Event: ======'machine_var_audits_switches_s_main_secret_trough'====== Args={'value': 21, 'prev_value': None, 'change': True}
2020-05-25 18:46:01,396 : INFO : EventManager : Event: ======'machine_var_audits_switches_s_main_slingshot'====== Args={'value': 222, 'prev_value': None, 'change': True}
2020-05-25 18:46:01,400 : INFO : EventManager : Event: ======'machine_var_audits_switches_s_main_target_right'====== Args={'value': 115, 'prev_value': None, 'change': True}
2020-05-25 18:46:01,405 : INFO : EventManager : Event: ======'machine_var_audits_switches_s_main_trapdoor_trough'====== Args={'value': 0, 'prev_value': None, 'change': True}
2020-05-25 18:46:01,409 : INFO : EventManager : Event: ======'machine_var_audits_switches_s_main_vuk'====== Args={'value': 220, 'prev_value': None, 'change': True}
2020-05-25 18:46:01,414 : INFO : EventManager : Event: ======'machine_var_audits_switches_s_right_flipper1'====== Args={'value': 195, 'prev_value': None, 'change': True}
2020-05-25 18:46:01,418 : INFO : EventManager : Event: ======'machine_var_audits_switches_s_right_flipper2'====== Args={'value': 257, 'prev_value': None, 'change': True}
2020-05-25 18:46:01,423 : INFO : EventManager : Event: ======'machine_var_audits_switches_s_start'====== Args={'value': 1, 'prev_value': None, 'change': True}
2020-05-25 18:46:01,427 : INFO : EventManager : Event: ======'machine_var_audits_switches_s_upper_10pt_center'====== Args={'value': 164, 'prev_value': None, 'change': True}
2020-05-25 18:46:01,432 : INFO : EventManager : Event: ======'machine_var_audits_switches_s_upper_10pt_left'====== Args={'value': 106, 'prev_value': None, 'change': True}
2020-05-25 18:46:01,437 : INFO : EventManager : Event: ======'machine_var_audits_switches_s_upper_1_drop'====== Args={'value': 51, 'prev_value': None, 'change': True}
2020-05-25 18:46:01,441 : INFO : EventManager : Event: ======'machine_var_audits_switches_s_upper_1_target'====== Args={'value': 86, 'prev_value': None, 'change': True}
2020-05-25 18:46:01,446 : INFO : EventManager : Event: ======'machine_var_audits_switches_s_upper_2_drop'====== Args={'value': 52, 'prev_value': None, 'change': True}
2020-05-25 18:46:01,451 : INFO : EventManager : Event: ======'machine_var_audits_switches_s_upper_2_target'====== Args={'value': 132, 'prev_value': None, 'change': True}
2020-05-25 18:46:01,456 : INFO : EventManager : Event: ======'machine_var_audits_switches_s_upper_3_drop'====== Args={'value': 54, 'prev_value': None, 'change': True}
2020-05-25 18:46:01,461 : INFO : EventManager : Event: ======'machine_var_audits_switches_s_upper_3_target'====== Args={'value': 58, 'prev_value': None, 'change': True}
2020-05-25 18:46:01,465 : INFO : EventManager : Event: ======'machine_var_audits_switches_s_upper_4_drop'====== Args={'value': 75, 'prev_value': None, 'change': True}
2020-05-25 18:46:01,470 : INFO : EventManager : Event: ======'machine_var_audits_switches_s_upper_4_target'====== Args={'value': 55, 'prev_value': None, 'change': True}
2020-05-25 18:46:01,475 : INFO : EventManager : Event: ======'machine_var_audits_switches_s_upper_pop'====== Args={'value': 475, 'prev_value': None, 'change': True}
2020-05-25 18:46:01,480 : INFO : EventManager : Event: ======'init_phase_5'====== Args={}
2020-05-25 18:46:01,540 : INFO : EventManager : Event: ======'init_done'====== Args={}
2020-05-25 18:46:01,590 : INFO : EventManager : Event: ======'machine_reset_phase_1'====== Args={}
2020-05-25 18:46:01,607 : INFO : EventManager : Event: ======'slide_welcome_slide_removed'====== Args={'_from_bcp': True}
2020-05-25 18:46:01,624 : INFO : EventManager : Event: ======'slide_welcome_slide_created'====== Args={'_from_bcp': True}
2020-05-25 18:46:01,629 : INFO : EventManager : Event: ======'machine_reset_phase_2'====== Args={}
2020-05-25 18:46:01,630 : INFO : EventManager : Event: ======'machine_reset_phase_3'====== Args={}
2020-05-25 18:46:01,632 : INFO : drop_target_bank.upper : 3 targets are down. Will reset those.
2020-05-25 18:46:01,634 : INFO : coil.c_upper_drop : Pulsing Driver for 75ms (1.0 pulse_power)
2020-05-25 18:46:01,636 : INFO : drop_target_bank.lower : All targets are already up. Will not reset bank.
2020-05-25 18:46:01,637 : INFO : coil.c_upper_drop : Pulsing Driver for 75ms (1.0 pulse_power)
2020-05-25 18:46:01,639 : INFO : coil.c_upper_drop : Pulsing Driver for 75ms (1.0 pulse_power)
2020-05-25 18:46:01,641 : INFO : EventManager : Event: ======'reset_complete'====== Args={}
2020-05-25 18:46:01,645 : INFO : EventManager : Event: ======'mode_attract_will_start'====== Args={}
2020-05-25 18:46:01,653 : INFO : EventManager : Event: ======'mode_attract_starting'====== Args={}
2020-05-25 18:46:01,654 : INFO : Mode.attract : Started. Priority: 10
2020-05-25 18:46:01,654 : INFO : EventManager : Event: ======'mode_attract_started'====== Args={}
2020-05-25 18:46:01,657 : INFO : EventManager : Event: ======'collecting_balls_complete'====== Args={}
2020-05-25 18:46:01,658 : INFO : EventManager : Event: ======'slide_welcome_slide_active'====== Args={'_from_bcp': True}
2020-05-25 18:46:01,814 : INFO : coil.c_upper_drop : Pulsing Driver for 75ms (1.0 pulse_power)
2020-05-25 18:46:01,818 : INFO : EventManager : Event: ======'slide_awesome_slide_created'====== Args={'_from_bcp': True}
2020-05-25 18:46:01,819 : INFO : EventManager : Event: ======'slide_awesome_slide_active'====== Args={'_from_bcp': True}
2020-05-25 18:46:01,821 : INFO : Machine : Starting the main run loop.
2020-05-25 18:46:02,130 : INFO : EventManager : Event: ======'restore'====== Args={}
2020-05-25 18:46:02,131 : INFO : EventManager : Event: ======'drop_target_bank_upper_mixed'====== Args={'down': 3}
2020-05-25 18:46:04,680 : INFO : EventManager : Event: ======'slide_press_start_created'====== Args={'_from_bcp': True}
2020-05-25 18:46:04,690 : INFO : EventManager : Event: ======'slide_press_start_active'====== Args={'_from_bcp': True}
2020-05-25 18:46:07,662 : INFO : EventManager : Event: ======'slide_mission_pinball_created'====== Args={'_from_bcp': True}
2020-05-25 18:46:07,670 : INFO : EventManager : Event: ======'slide_mission_pinball_active'====== Args={'_from_bcp': True}
2020-05-25 18:46:10,667 : INFO : EventManager : Event: ======'slide_last_game_score_slide_created'====== Args={'_from_bcp': True}
2020-05-25 18:46:10,678 : INFO : EventManager : Event: ======'slide_last_game_score_slide_active'====== Args={'_from_bcp': True}
2020-05-25 18:46:13,661 : INFO : EventManager : Event: ======'slide_awesome_slide_removed'====== Args={'_from_bcp': True}
2020-05-25 18:46:13,671 : INFO : EventManager : Event: ======'slide_awesome_slide_created'====== Args={'_from_bcp': True}
2020-05-25 18:46:13,677 : INFO : EventManager : Event: ======'slide_awesome_slide_active'====== Args={'_from_bcp': True}
2020-05-25 18:46:16,660 : INFO : EventManager : Event: ======'slide_press_start_removed'====== Args={'_from_bcp': True}
2020-05-25 18:46:16,676 : INFO : EventManager : Event: ======'slide_press_start_created'====== Args={'_from_bcp': True}
2020-05-25 18:46:16,686 : INFO : EventManager : Event: ======'slide_press_start_active'====== Args={'_from_bcp': True}
2020-05-25 18:46:19,652 : INFO : EventManager : Event: ======'slide_mission_pinball_removed'====== Args={'_from_bcp': True}
2020-05-25 18:46:19,662 : INFO : EventManager : Event: ======'slide_mission_pinball_created'====== Args={'_from_bcp': True}
2020-05-25 18:46:19,671 : INFO : EventManager : Event: ======'slide_mission_pinball_active'====== Args={'_from_bcp': True}
2020-05-25 18:46:22,668 : INFO : EventManager : Event: ======'slide_last_game_score_slide_removed'====== Args={'_from_bcp': True}
2020-05-25 18:46:22,681 : INFO : EventManager : Event: ======'slide_last_game_score_slide_created'====== Args={'_from_bcp': True}
2020-05-25 18:46:22,693 : INFO : EventManager : Event: ======'slide_last_game_score_slide_active'====== Args={'_from_bcp': True}
2020-05-25 18:46:25,665 : INFO : EventManager : Event: ======'slide_awesome_slide_removed'====== Args={'_from_bcp': True}
2020-05-25 18:46:25,668 : INFO : EventManager : Event: ======'slide_awesome_slide_created'====== Args={'_from_bcp': True}
2020-05-25 18:46:25,671 : INFO : EventManager : Event: ======'slide_awesome_slide_active'====== Args={'_from_bcp': True}
2020-05-25 18:46:28,658 : INFO : EventManager : Event: ======'slide_press_start_removed'====== Args={'_from_bcp': True}
2020-05-25 18:46:28,674 : INFO : EventManager : Event: ======'slide_press_start_created'====== Args={'_from_bcp': True}
2020-05-25 18:46:28,684 : INFO : EventManager : Event: ======'slide_press_start_active'====== Args={'_from_bcp': True}
2020-05-25 18:46:31,668 : INFO : EventManager : Event: ======'slide_mission_pinball_removed'====== Args={'_from_bcp': True}
2020-05-25 18:46:31,676 : INFO : EventManager : Event: ======'slide_mission_pinball_created'====== Args={'_from_bcp': True}
2020-05-25 18:46:31,684 : INFO : EventManager : Event: ======'slide_mission_pinball_active'====== Args={'_from_bcp': True}
2020-05-25 18:46:34,665 : INFO : EventManager : Event: ======'slide_last_game_score_slide_removed'====== Args={'_from_bcp': True}
2020-05-25 18:46:34,687 : INFO : EventManager : Event: ======'slide_last_game_score_slide_created'====== Args={'_from_bcp': True}
2020-05-25 18:46:34,698 : INFO : EventManager : Event: ======'slide_last_game_score_slide_active'====== Args={'_from_bcp': True}
2020-05-25 18:46:37,658 : INFO : EventManager : Event: ======'slide_awesome_slide_removed'====== Args={'_from_bcp': True}
2020-05-25 18:46:37,670 : INFO : EventManager : Event: ======'slide_awesome_slide_created'====== Args={'_from_bcp': True}
2020-05-25 18:46:37,680 : INFO : EventManager : Event: ======'slide_awesome_slide_active'====== Args={'_from_bcp': True}
2020-05-25 18:46:40,650 : INFO : EventManager : Event: ======'slide_press_start_removed'====== Args={'_from_bcp': True}
2020-05-25 18:46:40,668 : INFO : EventManager : Event: ======'slide_press_start_created'====== Args={'_from_bcp': True}
2020-05-25 18:46:40,680 : INFO : EventManager : Event: ======'slide_press_start_active'====== Args={'_from_bcp': True}
2020-05-25 18:46:43,666 : INFO : EventManager : Event: ======'slide_mission_pinball_removed'====== Args={'_from_bcp': True}
2020-05-25 18:46:43,672 : INFO : EventManager : Event: ======'slide_mission_pinball_created'====== Args={'_from_bcp': True}
2020-05-25 18:46:43,680 : INFO : EventManager : Event: ======'slide_mission_pinball_active'====== Args={'_from_bcp': True}
2020-05-25 18:46:46,667 : INFO : EventManager : Event: ======'slide_last_game_score_slide_removed'====== Args={'_from_bcp': True}
2020-05-25 18:46:46,677 : INFO : EventManager : Event: ======'slide_last_game_score_slide_created'====== Args={'_from_bcp': True}
2020-05-25 18:46:46,685 : INFO : EventManager : Event: ======'slide_last_game_score_slide_active'====== Args={'_from_bcp': True}
2020-05-25 18:46:49,655 : INFO : EventManager : Event: ======'slide_awesome_slide_removed'====== Args={'_from_bcp': True}
2020-05-25 18:46:49,668 : INFO : EventManager : Event: ======'slide_awesome_slide_created'====== Args={'_from_bcp': True}
2020-05-25 18:46:49,675 : INFO : EventManager : Event: ======'slide_awesome_slide_active'====== Args={'_from_bcp': True}
2020-05-25 18:46:50,089 : INFO : Machine : Shutting down...
2020-05-25 18:46:50,089 : INFO : EventManager : Event: ======'shutdown'====== Args={}
2020-05-25 18:46:50,118 : INFO : root : MPF run loop ended.
