2020-05-20 18:12:39,379 : INFO : Machine : Mission Pinball Framework Core Engine v0.53.3
2020-05-20 18:12:39,379 : INFO : Machine : Command line arguments: {'no_load_cache': False, 'create_config_cache': True, 'bcp': True, 'configfile': ['config.yaml'], 'mpfconfigfile': 'c:\\users\\hans\\appdata\\local\\programs\\python\\python36-32\\lib\\site-packages\\mpf\\mpfconfig.yaml', 'force_assets_load': False, 'jsonlogging': False, 'logfile': 'logs\\2020-05-20-18-12-39-mpf-Hans-PC.log', 'pause': False, 'production': False, 'text_ui': True, 'loglevel': 15, 'consoleloglevel': 20, 'force_platform': None, 'syslog_address': None, 'mc_file_name': None, 'no_sound': False}
2020-05-20 18:12:39,379 : INFO : Machine : MPF path: c:\users\hans\appdata\local\programs\python\python36-32\lib\site-packages\mpf
2020-05-20 18:12:39,379 : INFO : Machine : Machine path: C:\pinball\HauntedHouse
2020-05-20 18:12:39,379 : INFO : Machine : Platform: win32
2020-05-20 18:12:39,379 : INFO : Machine : Python executable location: c:\users\hans\appdata\local\programs\python\python36-32\python.exe
2020-05-20 18:12:39,379 : INFO : Machine : Python version: 3.6.8 (32-bit)
2020-05-20 18:12:39,379 : INFO : Machine : Machine config file #1: config.yaml
2020-05-20 18:12:39,411 : WARNING : ConfigProcessor : Config file in cache changed: C:\pinball\HauntedHouse\config\config.yaml
2020-05-20 18:12:39,411 : INFO : ConfigProcessor : Loading config from file c:\users\hans\appdata\local\programs\python\python36-32\lib\site-packages\mpf\mpfconfig.yaml.
2020-05-20 18:12:40,347 : INFO : ConfigProcessor : Loading config: c:\users\hans\appdata\local\programs\python\python36-32\lib\site-packages\mpf\mpfconfig.yaml
2020-05-20 18:12:43,997 : INFO : ConfigValidator : Config spec file cache created: C:\Users\Hans\AppData\Local\Temp\config_spec.mpf_cache
2020-05-20 18:12:44,059 : INFO : ConfigProcessor : Loading config from file C:\pinball\HauntedHouse\config\config.yaml.
2020-05-20 18:12:44,855 : INFO : ConfigProcessor : Loading config: C:\pinball\HauntedHouse\config\config.yaml
2020-05-20 18:12:44,871 : INFO : ConfigProcessor : Config file cache created: C:\Users\Hans\AppData\Local\Temp\6e040aaf1f6a41fde2348c429eac1a1c.mpf_cache
2020-05-20 18:12:44,871 : INFO : Machine : Initialise MPF.
2020-05-20 18:12:45,604 : INFO : P3-ROC : Connecting to P-ROC
2020-05-20 18:12:45,869 : INFO : P3-ROC : Successfully connected to P-ROC/P3-ROC. Firmware Version: 2. Firmware Revision: 6. Hardware Board ID: 1
2020-05-20 18:12:46,181 : INFO : EventManager : Event: ======'machine_var_p_roc_version'====== Args={'value': 2, 'prev_value': None, 'change': True}
2020-05-20 18:12:46,181 : INFO : EventManager : Event: ======'machine_var_p_roc_revision'====== Args={'value': 6, 'prev_value': None, 'change': True}
2020-05-20 18:12:46,181 : INFO : EventManager : Event: ======'machine_var_p_roc_hardware_version'====== Args={'value': 1, 'prev_value': None, 'change': True}
2020-05-20 18:12:46,243 : INFO : EventManager : Event: ======'machine_var_credits_string'====== Args={'value': 'FREE PLAY', 'prev_value': None, 'change': True}
2020-05-20 18:12:46,524 : INFO : EventManager : Event: ======'machine_var_player1_score'====== Args={'value': 26030, 'prev_value': None, 'change': True}
2020-05-20 18:12:46,524 : INFO : EventManager : Event: ======'machine_var_mpf_version'====== Args={'value': 'MPF v0.53.3', 'prev_value': None, 'change': True}
2020-05-20 18:12:46,524 : INFO : EventManager : Event: ======'machine_var_mpf_extended_version'====== Args={'value': 'MPF v0.53.3, Config version:5, Show version: 5, BCP version:1.1', 'prev_value': None, 'change': True}
2020-05-20 18:12:46,524 : INFO : EventManager : Event: ======'machine_var_python_version'====== Args={'value': '3.6.8', 'prev_value': None, 'change': True}
2020-05-20 18:12:46,524 : INFO : EventManager : Event: ======'machine_var_platform'====== Args={'value': 'Windows-7-6.1.7601-SP1', 'prev_value': None, 'change': True}
2020-05-20 18:12:46,524 : INFO : EventManager : Event: ======'machine_var_platform_system'====== Args={'value': 'Windows', 'prev_value': None, 'change': True}
2020-05-20 18:12:46,524 : INFO : EventManager : Event: ======'machine_var_platform_release'====== Args={'value': '7', 'prev_value': None, 'change': True}
2020-05-20 18:12:46,524 : INFO : EventManager : Event: ======'machine_var_platform_version'====== Args={'value': '6.1.7601', 'prev_value': None, 'change': True}
2020-05-20 18:12:46,524 : INFO : EventManager : Event: ======'machine_var_platform_machine'====== Args={'value': 'x86', 'prev_value': None, 'change': True}
2020-05-20 18:12:46,524 : INFO : EventManager : Event: ======'init_phase_1'====== Args={}
2020-05-20 18:12:46,711 : INFO : ConfigProcessor : Loading config from cache: C:\Users\Hans\AppData\Local\Temp\fd4d0ac963aaaec6abb4cac3da0cded0.mpf_cache
2020-05-20 18:12:46,743 : INFO : ConfigProcessor : Loading config from cache: C:\Users\Hans\AppData\Local\Temp\5bc0fa50944284867e966a154a822445.mpf_cache
2020-05-20 18:12:46,774 : INFO : ConfigProcessor : Loading config from cache: C:\Users\Hans\AppData\Local\Temp\7d6c1285f2e862430ea29e9aa05d0f73.mpf_cache
2020-05-20 18:12:47,117 : INFO : EventManager : Event: ======'drop_target_bank_upper_up'====== Args={}
2020-05-20 18:12:47,117 : INFO : EventManager : Event: ======'drop_target_bank_lower_up'====== Args={}
2020-05-20 18:12:47,133 : INFO : EventManager : Event: ======'init_phase_2'====== Args={}
2020-05-20 18:12:47,195 : INFO : SwitchController : Found active switch: (39, <Platform.P3-ROC>)
2020-05-20 18:12:47,257 : INFO : EventManager : Event: ======'bcp_connection_attempt'====== Args={'name': 'local_display', 'host': 'localhost', 'port': 5050}
2020-05-20 18:12:47,273 : INFO : BCPClientSocket : Connecting BCP to 'local_display' at localhost:5050...
2020-05-20 18:12:49,483 : INFO : BCPClientSocket : Connected BCP to 'local_display' localhost:5050
2020-05-20 18:12:49,486 : INFO : EventManager : Event: ======'bcp_clients_connected'====== Args={}
2020-05-20 18:12:49,534 : INFO : EventManager : Event: ======'machine_var_mc_version'====== Args={'value': 'MPF-MC v0.53.3', 'prev_value': None, 'change': True}
2020-05-20 18:12:49,535 : INFO : EventManager : Event: ======'machine_var_mc_extended_version'====== Args={'value': 'MPF-MC v0.53.3 (config_version=5, BCP v1.1, Requires MPF v0.53.0)', 'prev_value': None, 'change': True}
2020-05-20 18:12:49,548 : INFO : EventManager : Event: ======'machine_var_master_volume'====== Args={'value': 0.5, 'prev_value': None, 'change': True}
2020-05-20 18:12:49,858 : INFO : EventManager : Event: ======'init_phase_3'====== Args={}
2020-05-20 18:12:49,873 : INFO : EventManager : Event: ======'init_phase_4'====== Args={}
2020-05-20 18:12:49,880 : INFO : EventManager : Event: ======'machine_var_audits_events_game_ended'====== Args={'value': 43, 'prev_value': None, 'change': True}
2020-05-20 18:12:49,882 : INFO : EventManager : Event: ======'machine_var_audits_events_game_started'====== Args={'value': 90, 'prev_value': None, 'change': True}
2020-05-20 18:12:49,885 : INFO : EventManager : Event: ======'machine_var_audits_player_score'====== Args={'value': {'average': 18114.130434782608, 'top': [120480, 114590, 76090, 57150, 56770, 45090, 43120, 36560, 36090, 27560], 'total': 46}, 'prev_value': None, 'change': True}
2020-05-20 18:12:49,887 : INFO : EventManager : Event: ======'machine_var_audits_shots_10pt'====== Args={'value': 119, 'prev_value': None, 'change': True}
2020-05-20 18:12:49,889 : INFO : EventManager : Event: ======'machine_var_audits_shots_left_inlane'====== Args={'value': 11, 'prev_value': None, 'change': True}
2020-05-20 18:12:49,891 : INFO : EventManager : Event: ======'machine_var_audits_shots_left_outlane'====== Args={'value': 5, 'prev_value': None, 'change': True}
2020-05-20 18:12:49,893 : INFO : EventManager : Event: ======'machine_var_audits_shots_lower_10pt_drops'====== Args={'value': 14, 'prev_value': None, 'change': True}
2020-05-20 18:12:49,895 : INFO : EventManager : Event: ======'machine_var_audits_shots_lower_10pt_lower'====== Args={'value': 6, 'prev_value': None, 'change': True}
2020-05-20 18:12:49,897 : INFO : EventManager : Event: ======'machine_var_audits_shots_lower_10pt_upper'====== Args={'value': 6, 'prev_value': None, 'change': True}
2020-05-20 18:12:49,899 : INFO : EventManager : Event: ======'machine_var_audits_shots_lower_1_drop'====== Args={'value': 34, 'prev_value': None, 'change': True}
2020-05-20 18:12:49,901 : INFO : EventManager : Event: ======'machine_var_audits_shots_lower_2_drop'====== Args={'value': 4, 'prev_value': None, 'change': True}
2020-05-20 18:12:49,903 : INFO : EventManager : Event: ======'machine_var_audits_shots_lower_3_drop'====== Args={'value': 5, 'prev_value': None, 'change': True}
2020-05-20 18:12:49,905 : INFO : EventManager : Event: ======'machine_var_audits_shots_lower_4_drop'====== Args={'value': 7, 'prev_value': None, 'change': True}
2020-05-20 18:12:49,907 : INFO : EventManager : Event: ======'machine_var_audits_shots_lower_5_drop'====== Args={'value': 5, 'prev_value': None, 'change': True}
2020-05-20 18:12:49,909 : INFO : EventManager : Event: ======'machine_var_audits_shots_lower_hole'====== Args={'value': 12, 'prev_value': None, 'change': True}
2020-05-20 18:12:49,911 : INFO : EventManager : Event: ======'machine_var_audits_shots_lower_kick_target'====== Args={'value': 1, 'prev_value': None, 'change': True}
2020-05-20 18:12:49,914 : INFO : EventManager : Event: ======'machine_var_audits_shots_lower_left'====== Args={'value': 4, 'prev_value': None, 'change': True}
2020-05-20 18:12:49,917 : INFO : EventManager : Event: ======'machine_var_audits_shots_lower_left_pop'====== Args={'value': 80, 'prev_value': None, 'change': True}
2020-05-20 18:12:49,919 : INFO : EventManager : Event: ======'machine_var_audits_shots_lower_pop'====== Args={'value': 17, 'prev_value': None, 'change': True}
2020-05-20 18:12:49,922 : INFO : EventManager : Event: ======'machine_var_audits_shots_lower_right'====== Args={'value': 3, 'prev_value': None, 'change': True}
2020-05-20 18:12:49,924 : INFO : EventManager : Event: ======'machine_var_audits_shots_lower_rollover'====== Args={'value': 13, 'prev_value': None, 'change': True}
2020-05-20 18:12:49,926 : INFO : EventManager : Event: ======'machine_var_audits_shots_lower_slingshot'====== Args={'value': 9, 'prev_value': None, 'change': True}
2020-05-20 18:12:49,929 : INFO : EventManager : Event: ======'machine_var_audits_shots_main_1'====== Args={'value': 8, 'prev_value': None, 'change': True}
2020-05-20 18:12:49,932 : INFO : EventManager : Event: ======'machine_var_audits_shots_main_2'====== Args={'value': 13, 'prev_value': None, 'change': True}
2020-05-20 18:12:49,935 : INFO : EventManager : Event: ======'machine_var_audits_shots_main_3'====== Args={'value': 8, 'prev_value': None, 'change': True}
2020-05-20 18:12:49,937 : INFO : EventManager : Event: ======'machine_var_audits_shots_main_4'====== Args={'value': 19, 'prev_value': None, 'change': True}
2020-05-20 18:12:49,940 : INFO : EventManager : Event: ======'machine_var_audits_shots_main_5'====== Args={'value': 16, 'prev_value': None, 'change': True}
2020-05-20 18:12:49,943 : INFO : EventManager : Event: ======'machine_var_audits_shots_main_slingshot'====== Args={'value': 21, 'prev_value': None, 'change': True}
2020-05-20 18:12:49,946 : INFO : EventManager : Event: ======'machine_var_audits_shots_right_inlane'====== Args={'value': 50, 'prev_value': None, 'change': True}
2020-05-20 18:12:49,949 : INFO : EventManager : Event: ======'machine_var_audits_shots_right_kickout'====== Args={'value': 24, 'prev_value': None, 'change': True}
2020-05-20 18:12:49,952 : INFO : EventManager : Event: ======'machine_var_audits_shots_right_outlane'====== Args={'value': 29, 'prev_value': None, 'change': True}
2020-05-20 18:12:49,956 : INFO : EventManager : Event: ======'machine_var_audits_shots_rollunder'====== Args={'value': 44, 'prev_value': None, 'change': True}
2020-05-20 18:12:49,958 : INFO : EventManager : Event: ======'machine_var_audits_shots_standup_right'====== Args={'value': 56, 'prev_value': None, 'change': True}
2020-05-20 18:12:49,962 : INFO : EventManager : Event: ======'machine_var_audits_shots_upper_1'====== Args={'value': 16, 'prev_value': None, 'change': True}
2020-05-20 18:12:49,964 : INFO : EventManager : Event: ======'machine_var_audits_shots_upper_1_drop'====== Args={'value': 32, 'prev_value': None, 'change': True}
2020-05-20 18:12:49,967 : INFO : EventManager : Event: ======'machine_var_audits_shots_upper_2'====== Args={'value': 23, 'prev_value': None, 'change': True}
2020-05-20 18:12:49,972 : INFO : EventManager : Event: ======'machine_var_audits_shots_upper_2_drop'====== Args={'value': 35, 'prev_value': None, 'change': True}
2020-05-20 18:12:49,975 : INFO : EventManager : Event: ======'machine_var_audits_shots_upper_3'====== Args={'value': 13, 'prev_value': None, 'change': True}
2020-05-20 18:12:49,978 : INFO : EventManager : Event: ======'machine_var_audits_shots_upper_3_drop'====== Args={'value': 33, 'prev_value': None, 'change': True}
2020-05-20 18:12:49,982 : INFO : EventManager : Event: ======'machine_var_audits_shots_upper_4'====== Args={'value': 11, 'prev_value': None, 'change': True}
2020-05-20 18:12:49,985 : INFO : EventManager : Event: ======'machine_var_audits_shots_upper_4_drop'====== Args={'value': 42, 'prev_value': None, 'change': True}
2020-05-20 18:12:49,988 : INFO : EventManager : Event: ======'machine_var_audits_shots_upper_left_pop'====== Args={'value': 32, 'prev_value': None, 'change': True}
2020-05-20 18:12:49,992 : INFO : EventManager : Event: ======'machine_var_audits_shots_upper_pop'====== Args={'value': 140, 'prev_value': None, 'change': True}
2020-05-20 18:12:49,996 : INFO : EventManager : Event: ======'machine_var_audits_switches_s_left_flipper1'====== Args={'value': 76, 'prev_value': None, 'change': True}
2020-05-20 18:12:49,999 : INFO : EventManager : Event: ======'machine_var_audits_switches_s_left_flipper2'====== Args={'value': 133, 'prev_value': None, 'change': True}
2020-05-20 18:12:50,002 : INFO : EventManager : Event: ======'machine_var_audits_switches_s_lower_10pt_UPPER'====== Args={'value': 0, 'prev_value': None, 'change': True}
2020-05-20 18:12:50,006 : INFO : EventManager : Event: ======'machine_var_audits_switches_s_lower_10pt_drops'====== Args={'value': 14, 'prev_value': None, 'change': True}
2020-05-20 18:12:50,010 : INFO : EventManager : Event: ======'machine_var_audits_switches_s_lower_10pt_lower'====== Args={'value': 6, 'prev_value': None, 'change': True}
2020-05-20 18:12:50,013 : INFO : EventManager : Event: ======'machine_var_audits_switches_s_lower_10pt_upper'====== Args={'value': 6, 'prev_value': None, 'change': True}
2020-05-20 18:12:50,017 : INFO : EventManager : Event: ======'machine_var_audits_switches_s_lower_1_drop'====== Args={'value': 388, 'prev_value': None, 'change': True}
2020-05-20 18:12:50,020 : INFO : EventManager : Event: ======'machine_var_audits_switches_s_lower_2_drop'====== Args={'value': 4, 'prev_value': None, 'change': True}
2020-05-20 18:12:50,024 : INFO : EventManager : Event: ======'machine_var_audits_switches_s_lower_3_drop'====== Args={'value': 5, 'prev_value': None, 'change': True}
2020-05-20 18:12:50,027 : INFO : EventManager : Event: ======'machine_var_audits_switches_s_lower_4_drop'====== Args={'value': 7, 'prev_value': None, 'change': True}
2020-05-20 18:12:50,031 : INFO : EventManager : Event: ======'machine_var_audits_switches_s_lower_5_drop'====== Args={'value': 5, 'prev_value': None, 'change': True}
2020-05-20 18:12:50,035 : INFO : EventManager : Event: ======'machine_var_audits_switches_s_lower_bonus_left'====== Args={'value': 4, 'prev_value': None, 'change': True}
2020-05-20 18:12:50,038 : INFO : EventManager : Event: ======'machine_var_audits_switches_s_lower_bonus_right'====== Args={'value': 3, 'prev_value': None, 'change': True}
2020-05-20 18:12:50,042 : INFO : EventManager : Event: ======'machine_var_audits_switches_s_lower_kick_target'====== Args={'value': 1, 'prev_value': None, 'change': True}
2020-05-20 18:12:50,047 : INFO : EventManager : Event: ======'machine_var_audits_switches_s_lower_kickout_special'====== Args={'value': 12, 'prev_value': None, 'change': True}
2020-05-20 18:12:50,050 : INFO : EventManager : Event: ======'machine_var_audits_switches_s_lower_pop'====== Args={'value': 17, 'prev_value': None, 'change': True}
2020-05-20 18:12:50,055 : INFO : EventManager : Event: ======'machine_var_audits_switches_s_lower_rollover'====== Args={'value': 41, 'prev_value': None, 'change': True}
2020-05-20 18:12:50,058 : INFO : EventManager : Event: ======'machine_var_audits_switches_s_lower_slingshot'====== Args={'value': 9, 'prev_value': None, 'change': True}
2020-05-20 18:12:50,062 : INFO : EventManager : Event: ======'machine_var_audits_switches_s_lower_vuk'====== Args={'value': 170, 'prev_value': None, 'change': True}
2020-05-20 18:12:50,066 : INFO : EventManager : Event: ======'machine_var_audits_switches_s_main_10pt_left'====== Args={'value': 13, 'prev_value': None, 'change': True}
2020-05-20 18:12:50,070 : INFO : EventManager : Event: ======'machine_var_audits_switches_s_main_1_target'====== Args={'value': 35, 'prev_value': None, 'change': True}
2020-05-20 18:12:50,074 : INFO : EventManager : Event: ======'machine_var_audits_switches_s_main_1_trough'====== Args={'value': 26, 'prev_value': None, 'change': True}
2020-05-20 18:12:50,078 : INFO : EventManager : Event: ======'machine_var_audits_switches_s_main_2_target'====== Args={'value': 36, 'prev_value': None, 'change': True}
2020-05-20 18:12:50,082 : INFO : EventManager : Event: ======'machine_var_audits_switches_s_main_2_trough'====== Args={'value': 46, 'prev_value': None, 'change': True}
2020-05-20 18:12:50,086 : INFO : EventManager : Event: ======'machine_var_audits_switches_s_main_3_target'====== Args={'value': 8, 'prev_value': None, 'change': True}
2020-05-20 18:12:50,090 : INFO : EventManager : Event: ======'machine_var_audits_switches_s_main_4_target'====== Args={'value': 35, 'prev_value': None, 'change': True}
2020-05-20 18:12:50,094 : INFO : EventManager : Event: ======'machine_var_audits_switches_s_main_5_target'====== Args={'value': 50, 'prev_value': None, 'change': True}
2020-05-20 18:12:50,098 : INFO : EventManager : Event: ======'machine_var_audits_switches_s_main_inlane_left'====== Args={'value': 14, 'prev_value': None, 'change': True}
2020-05-20 18:12:50,102 : INFO : EventManager : Event: ======'machine_var_audits_switches_s_main_inlane_right'====== Args={'value': 55, 'prev_value': None, 'change': True}
2020-05-20 18:12:50,106 : INFO : EventManager : Event: ======'machine_var_audits_switches_s_main_kickout_right'====== Args={'value': 122, 'prev_value': None, 'change': True}
2020-05-20 18:12:50,111 : INFO : EventManager : Event: ======'machine_var_audits_switches_s_main_lane_center'====== Args={'value': 76, 'prev_value': None, 'change': True}
2020-05-20 18:12:50,115 : INFO : EventManager : Event: ======'machine_var_audits_switches_s_main_outhole'====== Args={'value': 320, 'prev_value': None, 'change': True}
2020-05-20 18:12:50,119 : INFO : EventManager : Event: ======'machine_var_audits_switches_s_main_outlane_left'====== Args={'value': 12, 'prev_value': None, 'change': True}
2020-05-20 18:12:50,123 : INFO : EventManager : Event: ======'machine_var_audits_switches_s_main_outlane_right'====== Args={'value': 30, 'prev_value': None, 'change': True}
2020-05-20 18:12:50,128 : INFO : EventManager : Event: ======'machine_var_audits_switches_s_main_pop_bottom'====== Args={'value': 108, 'prev_value': None, 'change': True}
2020-05-20 18:12:50,133 : INFO : EventManager : Event: ======'machine_var_audits_switches_s_main_pop_top'====== Args={'value': 97, 'prev_value': None, 'change': True}
2020-05-20 18:12:50,137 : INFO : EventManager : Event: ======'machine_var_audits_switches_s_main_rollunder'====== Args={'value': 44, 'prev_value': None, 'change': True}
2020-05-20 18:12:50,141 : INFO : EventManager : Event: ======'machine_var_audits_switches_s_main_roundabout_rollunder'====== Args={'value': 52, 'prev_value': None, 'change': True}
2020-05-20 18:12:50,146 : INFO : EventManager : Event: ======'machine_var_audits_switches_s_main_secret_trough'====== Args={'value': 18, 'prev_value': None, 'change': True}
2020-05-20 18:12:50,150 : INFO : EventManager : Event: ======'machine_var_audits_switches_s_main_slingshot'====== Args={'value': 216, 'prev_value': None, 'change': True}
2020-05-20 18:12:50,155 : INFO : EventManager : Event: ======'machine_var_audits_switches_s_main_target_right'====== Args={'value': 109, 'prev_value': None, 'change': True}
2020-05-20 18:12:50,159 : INFO : EventManager : Event: ======'machine_var_audits_switches_s_main_trapdoor_trough'====== Args={'value': 0, 'prev_value': None, 'change': True}
2020-05-20 18:12:50,163 : INFO : EventManager : Event: ======'machine_var_audits_switches_s_main_vuk'====== Args={'value': 153, 'prev_value': None, 'change': True}
2020-05-20 18:12:50,168 : INFO : EventManager : Event: ======'machine_var_audits_switches_s_right_flipper1'====== Args={'value': 57, 'prev_value': None, 'change': True}
2020-05-20 18:12:50,172 : INFO : EventManager : Event: ======'machine_var_audits_switches_s_right_flipper2'====== Args={'value': 102, 'prev_value': None, 'change': True}
2020-05-20 18:12:50,177 : INFO : EventManager : Event: ======'machine_var_audits_switches_s_start'====== Args={'value': 1, 'prev_value': None, 'change': True}
2020-05-20 18:12:50,182 : INFO : EventManager : Event: ======'machine_var_audits_switches_s_upper_10pt_center'====== Args={'value': 132, 'prev_value': None, 'change': True}
2020-05-20 18:12:50,186 : INFO : EventManager : Event: ======'machine_var_audits_switches_s_upper_10pt_left'====== Args={'value': 83, 'prev_value': None, 'change': True}
2020-05-20 18:12:50,191 : INFO : EventManager : Event: ======'machine_var_audits_switches_s_upper_1_drop'====== Args={'value': 40, 'prev_value': None, 'change': True}
2020-05-20 18:12:50,196 : INFO : EventManager : Event: ======'machine_var_audits_switches_s_upper_1_target'====== Args={'value': 77, 'prev_value': None, 'change': True}
2020-05-20 18:12:50,201 : INFO : EventManager : Event: ======'machine_var_audits_switches_s_upper_2_drop'====== Args={'value': 52, 'prev_value': None, 'change': True}
2020-05-20 18:12:50,205 : INFO : EventManager : Event: ======'machine_var_audits_switches_s_upper_2_target'====== Args={'value': 109, 'prev_value': None, 'change': True}
2020-05-20 18:12:50,210 : INFO : EventManager : Event: ======'machine_var_audits_switches_s_upper_3_drop'====== Args={'value': 43, 'prev_value': None, 'change': True}
2020-05-20 18:12:50,215 : INFO : EventManager : Event: ======'machine_var_audits_switches_s_upper_3_target'====== Args={'value': 50, 'prev_value': None, 'change': True}
2020-05-20 18:12:50,220 : INFO : EventManager : Event: ======'machine_var_audits_switches_s_upper_4_drop'====== Args={'value': 60, 'prev_value': None, 'change': True}
2020-05-20 18:12:50,224 : INFO : EventManager : Event: ======'machine_var_audits_switches_s_upper_4_target'====== Args={'value': 49, 'prev_value': None, 'change': True}
2020-05-20 18:12:50,230 : INFO : EventManager : Event: ======'machine_var_audits_switches_s_upper_pop'====== Args={'value': 372, 'prev_value': None, 'change': True}
2020-05-20 18:12:50,235 : INFO : EventManager : Event: ======'init_phase_5'====== Args={}
2020-05-20 18:12:50,301 : INFO : EventManager : Event: ======'init_done'====== Args={}
2020-05-20 18:12:50,354 : INFO : EventManager : Event: ======'machine_reset_phase_1'====== Args={}
2020-05-20 18:12:50,372 : INFO : EventManager : Event: ======'slide_welcome_slide_removed'====== Args={'_from_bcp': True}
2020-05-20 18:12:50,387 : INFO : EventManager : Event: ======'slide_welcome_slide_created'====== Args={'_from_bcp': True}
2020-05-20 18:12:50,394 : INFO : EventManager : Event: ======'machine_reset_phase_2'====== Args={}
2020-05-20 18:12:50,395 : INFO : EventManager : Event: ======'machine_reset_phase_3'====== Args={}
2020-05-20 18:12:50,397 : INFO : drop_target_bank.upper : All targets are already up. Will not reset bank.
2020-05-20 18:12:50,397 : INFO : drop_target_bank.lower : All targets are already up. Will not reset bank.
2020-05-20 18:12:50,399 : INFO : EventManager : Event: ======'reset_complete'====== Args={}
2020-05-20 18:12:50,400 : INFO : EventManager : Event: ======'mode_attract_will_start'====== Args={}
2020-05-20 18:12:50,403 : INFO : EventManager : Event: ======'mode_attract_starting'====== Args={}
2020-05-20 18:12:50,404 : INFO : Mode.attract : Started. Priority: 10
2020-05-20 18:12:50,405 : INFO : EventManager : Event: ======'mode_attract_started'====== Args={}
2020-05-20 18:12:50,407 : INFO : EventManager : Event: ======'collecting_balls_complete'====== Args={}
2020-05-20 18:12:50,531 : INFO : EventManager : Event: ======'slide_welcome_slide_active'====== Args={'_from_bcp': True}
2020-05-20 18:12:50,532 : INFO : EventManager : Event: ======'slide_attract_started_created'====== Args={'_from_bcp': True}
2020-05-20 18:12:50,532 : INFO : EventManager : Event: ======'slide_attract_started_active'====== Args={'_from_bcp': True}
2020-05-20 18:12:50,534 : INFO : Machine : Starting the main run loop.
2020-05-20 18:13:35,092 : INFO : SwitchController : <<<<<<< 's_start' active >>>>>>>
2020-05-20 18:13:35,182 : INFO : SwitchController : <<<<<<< 's_start' inactive >>>>>>>
2020-05-20 18:13:35,183 : INFO : EventManager : Event: ======'request_to_start_game'====== Args={}
2020-05-20 18:13:35,185 : INFO : EventManager : Event: ======'game_start'====== Args={'buttons': [], 'hold_time': 0.07800000000008822}
2020-05-20 18:13:35,185 : INFO : EventManager : Event: ======'mode_game_will_start'====== Args={'buttons': [], 'hold_time': 0.07800000000008822}
2020-05-20 18:13:35,188 : INFO : EventManager : Event: ======'mode_game_starting'====== Args={'buttons': [], 'hold_time': 0.07800000000008822}
2020-05-20 18:13:35,189 : INFO : EventManager : Event: ======'mode_attract_will_stop'====== Args={}
2020-05-20 18:13:35,189 : INFO : EventManager : Event: ======'mode_attract_stopping'====== Args={}
2020-05-20 18:13:35,190 : INFO : Mode.attract : Stopped.
2020-05-20 18:13:35,191 : INFO : EventManager : Event: ======'mode_attract_stopped'====== Args={}
2020-05-20 18:13:35,191 : INFO : EventManager : Event: ======'clear'====== Args={'key': 'attract'}
2020-05-20 18:13:35,192 : INFO : Mode.game : Started. Priority: 20
2020-05-20 18:13:35,193 : INFO : EventManager : Event: ======'mode_game_started'====== Args={'buttons': [], 'hold_time': 0.07800000000008822}
2020-05-20 18:13:35,249 : INFO : EventManager : Event: ======'game_will_start'====== Args={}
2020-05-20 18:13:35,304 : INFO : EventManager : Event: ======'game_starting'====== Args={'game': <Mode.game>}
2020-05-20 18:13:35,309 : INFO : EventManager : Event: ======'player_add_request'====== Args={}
2020-05-20 18:13:35,311 : INFO : EventManager : Event: ======'player_will_add'====== Args={'number': 1}
2020-05-20 18:13:35,311 : INFO : EventManager : Event: ======'player_adding'====== Args={'player': <Player 1>, 'number': 1}
2020-05-20 18:13:35,312 : INFO : EventManager : Event: ======'player_added'====== Args={'player': <Player 1>, 'num': 1}
2020-05-20 18:13:35,312 : INFO : Mode.game : Player added successfully. Total players: 1
2020-05-20 18:13:35,314 : INFO : EventManager : Event: ======'player_index'====== Args={'value': 0, 'prev_value': 0, 'change': 0, 'player_num': 1}
2020-05-20 18:13:35,315 : INFO : EventManager : Event: ======'player_number'====== Args={'value': 1, 'prev_value': 1, 'change': 0, 'player_num': 1}
2020-05-20 18:13:35,317 : INFO : EventManager : Event: ======'player_score'====== Args={'value': 0, 'prev_value': 0, 'change': 0, 'player_num': 1}
2020-05-20 18:13:35,320 : INFO : EventManager : Event: ======'game_started'====== Args={}
2020-05-20 18:13:35,451 : INFO : EventManager : Event: ======'player_turn_will_start'====== Args={'player': <Player 1>, 'number': 1}
2020-05-20 18:13:35,497 : INFO : EventManager : Event: ======'player_turn_starting'====== Args={'player': <Player 1>, 'number': 1}
2020-05-20 18:13:35,498 : INFO : EventManager : Event: ======'player_ball'====== Args={'value': 1, 'prev_value': 0, 'change': 1, 'player_num': 1}
2020-05-20 18:13:35,505 : INFO : EventManager : Event: ======'player_turn_started'====== Args={'player': <Player 1>, 'number': 1}
2020-05-20 18:13:35,512 : INFO : EventManager : Event: ======'ball_will_start'====== Args={'player': 1, 'ball': 1, 'balls_remaining': 2, 'is_extra_ball': False}
2020-05-20 18:13:35,568 : INFO : EventManager : Event: ======'ball_starting'====== Args={'player': 1, 'ball': 1, 'balls_remaining': 2, 'is_extra_ball': False}
2020-05-20 18:13:35,570 : INFO : EventManager : Event: ======'mode_base_will_start'====== Args={'queue': <QueuedEvent>, 'player': 1, 'ball': 1, 'balls_remaining': 2, 'is_extra_ball': False}
2020-05-20 18:13:35,571 : INFO : EventManager : Event: ======'player_shot_upper_pop_enabled'====== Args={'value': True, 'prev_value': 0, 'change': 1, 'player_num': 1}
2020-05-20 18:13:35,574 : INFO : EventManager : Event: ======'player_shot_lower_left_pop_enabled'====== Args={'value': True, 'prev_value': 0, 'change': 1, 'player_num': 1}
2020-05-20 18:13:35,576 : INFO : EventManager : Event: ======'player_shot_upper_left_pop_enabled'====== Args={'value': True, 'prev_value': 0, 'change': 1, 'player_num': 1}
2020-05-20 18:13:35,579 : INFO : EventManager : Event: ======'player_shot_10pt_enabled'====== Args={'value': True, 'prev_value': 0, 'change': 1, 'player_num': 1}
2020-05-20 18:13:35,583 : INFO : EventManager : Event: ======'player_shot_upper_1_enabled'====== Args={'value': True, 'prev_value': 0, 'change': 1, 'player_num': 1}
2020-05-20 18:13:35,586 : INFO : EventManager : Event: ======'player_shot_upper_2_enabled'====== Args={'value': True, 'prev_value': 0, 'change': 1, 'player_num': 1}
2020-05-20 18:13:35,588 : INFO : EventManager : Event: ======'player_shot_upper_3_enabled'====== Args={'value': True, 'prev_value': 0, 'change': 1, 'player_num': 1}
2020-05-20 18:13:35,591 : INFO : EventManager : Event: ======'player_shot_upper_4_enabled'====== Args={'value': True, 'prev_value': 0, 'change': 1, 'player_num': 1}
2020-05-20 18:13:35,593 : INFO : EventManager : Event: ======'player_shot_upper_1_drop_enabled'====== Args={'value': True, 'prev_value': 0, 'change': 1, 'player_num': 1}
2020-05-20 18:13:35,597 : INFO : EventManager : Event: ======'player_shot_upper_2_drop_enabled'====== Args={'value': True, 'prev_value': 0, 'change': 1, 'player_num': 1}
2020-05-20 18:13:35,600 : INFO : EventManager : Event: ======'player_shot_upper_3_drop_enabled'====== Args={'value': True, 'prev_value': 0, 'change': 1, 'player_num': 1}
2020-05-20 18:13:35,602 : INFO : EventManager : Event: ======'player_shot_upper_4_drop_enabled'====== Args={'value': True, 'prev_value': 0, 'change': 1, 'player_num': 1}
2020-05-20 18:13:35,604 : INFO : EventManager : Event: ======'player_shot_lower_1_drop_enabled'====== Args={'value': True, 'prev_value': 0, 'change': 1, 'player_num': 1}
2020-05-20 18:13:35,607 : INFO : EventManager : Event: ======'player_shot_lower_2_drop_enabled'====== Args={'value': True, 'prev_value': 0, 'change': 1, 'player_num': 1}
2020-05-20 18:13:35,609 : INFO : EventManager : Event: ======'player_shot_lower_3_drop_enabled'====== Args={'value': True, 'prev_value': 0, 'change': 1, 'player_num': 1}
2020-05-20 18:13:35,612 : INFO : EventManager : Event: ======'player_shot_lower_4_drop_enabled'====== Args={'value': True, 'prev_value': 0, 'change': 1, 'player_num': 1}
2020-05-20 18:13:35,615 : INFO : EventManager : Event: ======'player_shot_lower_5_drop_enabled'====== Args={'value': True, 'prev_value': 0, 'change': 1, 'player_num': 1}
2020-05-20 18:13:35,617 : INFO : EventManager : Event: ======'player_shot_lower_hole_enabled'====== Args={'value': True, 'prev_value': 0, 'change': 1, 'player_num': 1}
2020-05-20 18:13:35,620 : INFO : EventManager : Event: ======'player_shot_lower_left_enabled'====== Args={'value': True, 'prev_value': 0, 'change': 1, 'player_num': 1}
2020-05-20 18:13:35,622 : INFO : EventManager : Event: ======'player_shot_lower_right_enabled'====== Args={'value': True, 'prev_value': 0, 'change': 1, 'player_num': 1}
2020-05-20 18:13:35,625 : INFO : EventManager : Event: ======'player_shot_lower_pop_enabled'====== Args={'value': True, 'prev_value': 0, 'change': 1, 'player_num': 1}
2020-05-20 18:13:35,628 : INFO : EventManager : Event: ======'player_shot_lower_10pt_lower_enabled'====== Args={'value': True, 'prev_value': 0, 'change': 1, 'player_num': 1}
2020-05-20 18:13:35,631 : INFO : EventManager : Event: ======'player_shot_lower_10pt_drops_enabled'====== Args={'value': True, 'prev_value': 0, 'change': 1, 'player_num': 1}
2020-05-20 18:13:35,634 : INFO : EventManager : Event: ======'player_shot_lower_10pt_upper_enabled'====== Args={'value': True, 'prev_value': 0, 'change': 1, 'player_num': 1}
2020-05-20 18:13:35,637 : INFO : EventManager : Event: ======'player_shot_lower_slingshot_enabled'====== Args={'value': True, 'prev_value': 0, 'change': 1, 'player_num': 1}
2020-05-20 18:13:35,640 : INFO : EventManager : Event: ======'player_shot_lower_kick_target_enabled'====== Args={'value': True, 'prev_value': 0, 'change': 1, 'player_num': 1}
2020-05-20 18:13:35,643 : INFO : EventManager : Event: ======'player_shot_lower_rollover_enabled'====== Args={'value': True, 'prev_value': 0, 'change': 1, 'player_num': 1}
2020-05-20 18:13:35,646 : INFO : EventManager : Event: ======'player_shot_main_1_enabled'====== Args={'value': True, 'prev_value': 0, 'change': 1, 'player_num': 1}
2020-05-20 18:13:35,648 : INFO : EventManager : Event: ======'player_shot_main_2_enabled'====== Args={'value': True, 'prev_value': 0, 'change': 1, 'player_num': 1}
2020-05-20 18:13:35,651 : INFO : EventManager : Event: ======'player_shot_main_3_enabled'====== Args={'value': True, 'prev_value': 0, 'change': 1, 'player_num': 1}
2020-05-20 18:13:35,655 : INFO : EventManager : Event: ======'player_shot_main_4_enabled'====== Args={'value': True, 'prev_value': 0, 'change': 1, 'player_num': 1}
2020-05-20 18:13:35,657 : INFO : EventManager : Event: ======'player_shot_main_5_enabled'====== Args={'value': True, 'prev_value': 0, 'change': 1, 'player_num': 1}
2020-05-20 18:13:35,660 : INFO : EventManager : Event: ======'player_shot_main_slingshot_enabled'====== Args={'value': True, 'prev_value': 0, 'change': 1, 'player_num': 1}
2020-05-20 18:13:35,663 : INFO : EventManager : Event: ======'player_shot_right_outlane_enabled'====== Args={'value': True, 'prev_value': 0, 'change': 1, 'player_num': 1}
2020-05-20 18:13:35,666 : INFO : EventManager : Event: ======'player_shot_right_inlane_enabled'====== Args={'value': True, 'prev_value': 0, 'change': 1, 'player_num': 1}
2020-05-20 18:13:35,672 : INFO : EventManager : Event: ======'player_shot_left_inlane_enabled'====== Args={'value': True, 'prev_value': 0, 'change': 1, 'player_num': 1}
2020-05-20 18:13:35,674 : INFO : EventManager : Event: ======'player_shot_left_outlane_enabled'====== Args={'value': True, 'prev_value': 0, 'change': 1, 'player_num': 1}
2020-05-20 18:13:35,677 : INFO : EventManager : Event: ======'player_shot_standup_right_enabled'====== Args={'value': True, 'prev_value': 0, 'change': 1, 'player_num': 1}
2020-05-20 18:13:35,680 : INFO : EventManager : Event: ======'player_shot_right_kickout_enabled'====== Args={'value': True, 'prev_value': 0, 'change': 1, 'player_num': 1}
2020-05-20 18:13:35,683 : INFO : EventManager : Event: ======'player_shot_rollunder_enabled'====== Args={'value': True, 'prev_value': 0, 'change': 1, 'player_num': 1}
2020-05-20 18:13:35,708 : INFO : EventManager : Event: ======'mode_base_starting'====== Args={'queue': <QueuedEvent>, 'player': 1, 'ball': 1, 'balls_remaining': 2, 'is_extra_ball': False}
2020-05-20 18:13:35,709 : INFO : drop_target_bank.upper : All targets are already up. Will not reset bank.
2020-05-20 18:13:35,709 : INFO : drop_target_bank.lower : All targets are already up. Will not reset bank.
2020-05-20 18:13:35,711 : INFO : Mode.base : Started. Priority: 100
2020-05-20 18:13:35,711 : INFO : EventManager : Event: ======'mode_base_started'====== Args={'queue': <QueuedEvent>, 'player': 1, 'ball': 1, 'balls_remaining': 2, 'is_extra_ball': False}
2020-05-20 18:13:35,714 : INFO : EventManager : Event: ======'balls_in_play'====== Args={'balls': 1}
2020-05-20 18:13:35,714 : INFO : EventManager : Event: ======'ball_started'====== Args={'player': 1, 'ball': 1, 'balls_remaining': 2, 'is_extra_ball': False}
2020-05-20 18:13:35,918 : INFO : EventManager : Event: ======'single_player_ball_started'====== Args={}
2020-05-20 18:13:35,929 : INFO : EventManager : Event: ======'slide_base.slide_player-mode_base_started_created'====== Args={'_from_bcp': True}
2020-05-20 18:13:35,929 : INFO : EventManager : Event: ======'slide_base.slide_player-mode_base_started_active'====== Args={'_from_bcp': True}
2020-05-20 18:13:35,931 : INFO : EventManager : Event: ======'balldevice_balls_available'====== Args={}
2020-05-20 18:13:35,942 : INFO : EventManager : Event: ======'balldevice_bd_drain_ball_eject_attempt'====== Args={'balls': 1, 'target': <playfield.playfield>, 'source': <ball_device.bd_drain>, 'mechanical_eject': False, 'num_attempts': 0}
2020-05-20 18:13:35,943 : INFO : ball_device.bd_drain : Ejecting ball to <playfield.playfield>
2020-05-20 18:13:35,945 : INFO : EventManager : Event: ======'balldevice_bd_drain_ejecting_ball'====== Args={'balls': 1, 'target': <playfield.playfield>, 'source': <ball_device.bd_drain>, 'mechanical_eject': False, 'num_attempts': 0}
2020-05-20 18:13:35,949 : INFO : coil.c_main_outhole : Pulsing Driver for 60ms (1.0 pulse_power)
2020-05-20 18:13:36,021 : INFO : SwitchController : <<<<<<< 's_main_outhole' inactive >>>>>>>
2020-05-20 18:13:38,751 : INFO : SwitchController : <<<<<<< 's_left_flipper1' active >>>>>>>
2020-05-20 18:13:38,752 : INFO : EventManager : Event: ======'machine_var_audits_switches_s_left_flipper1'====== Args={'value': 77, 'prev_value': 76, 'change': 1}
2020-05-20 18:13:38,876 : INFO : SwitchController : <<<<<<< 's_left_flipper1' inactive >>>>>>>
2020-05-20 18:13:39,804 : WARNING : SwitchController : Received duplicate switch state 0 for switch s_left_flipper1 from the platform interface. Log Code: Log-SwitchController-1 (https://docs.missionpinball.org/en/0.53/logs/Log-SwitchController-1.html)
2020-05-20 18:13:40,117 : INFO : SwitchController : <<<<<<< 's_left_flipper1' active >>>>>>>
2020-05-20 18:13:40,118 : INFO : EventManager : Event: ======'machine_var_audits_switches_s_left_flipper1'====== Args={'value': 78, 'prev_value': 77, 'change': 1}
2020-05-20 18:13:40,317 : INFO : SwitchController : <<<<<<< 's_left_flipper1' inactive >>>>>>>
2020-05-20 18:13:41,093 : INFO : SwitchController : <<<<<<< 's_left_flipper1' active >>>>>>>
2020-05-20 18:13:41,094 : INFO : EventManager : Event: ======'machine_var_audits_switches_s_left_flipper1'====== Args={'value': 79, 'prev_value': 78, 'change': 1}
2020-05-20 18:13:41,876 : INFO : SwitchController : <<<<<<< 's_left_flipper1' inactive >>>>>>>
2020-05-20 18:13:42,248 : INFO : SwitchController : <<<<<<< 's_left_flipper1' active >>>>>>>
2020-05-20 18:13:42,249 : INFO : EventManager : Event: ======'machine_var_audits_switches_s_left_flipper1'====== Args={'value': 80, 'prev_value': 79, 'change': 1}
2020-05-20 18:13:42,980 : INFO : SwitchController : <<<<<<< 's_left_flipper1' inactive >>>>>>>
2020-05-20 18:13:43,153 : INFO : SwitchController : <<<<<<< 's_left_flipper1' active >>>>>>>
2020-05-20 18:13:43,153 : INFO : EventManager : Event: ======'machine_var_audits_switches_s_left_flipper1'====== Args={'value': 81, 'prev_value': 80, 'change': 1}
2020-05-20 18:13:43,876 : INFO : SwitchController : <<<<<<< 's_left_flipper1' inactive >>>>>>>
2020-05-20 18:13:46,153 : INFO : EventManager : Event: ======'balldevice_bd_drain_ball_eject_success'====== Args={'balls': 1, 'target': <playfield.playfield>}
2020-05-20 18:13:46,154 : INFO : EventManager : Event: ======'balldevice_playfield_ball_enter'====== Args={'new_balls': 1, 'unclaimed_balls': 1, 'device': <playfield.playfield>}
2020-05-20 18:13:46,155 : INFO : EventManager : Event: ======'playfield_ball_count_change'====== Args={'balls': 1, 'change': 1}
2020-05-20 18:13:46,157 : INFO : EventManager : Event: ======'balldevice_bd_drain_ball_count_changed'====== Args={'balls': 0}
2020-05-20 18:13:49,659 : INFO : Machine : Shutting down...
2020-05-20 18:13:49,659 : INFO : EventManager : Event: ======'shutdown'====== Args={}
2020-05-20 18:13:49,692 : INFO : root : MPF run loop ended.
