2020-05-20 18:12:41,017 : kivy : Factory: 184 symbols loaded
2020-05-20 18:12:41,641 : kivy : Image: Providers: img_tex, img_dds, img_sdl2, img_pil, img_gif (img_ffpyplayer ignored)
2020-05-20 18:12:41,907 : kivy : VideoGstplayer: Using Gstreamer 1.16.0.0
2020-05-20 18:12:41,907 : kivy : Video: Provider: gstplayer
2020-05-20 18:12:42,203 : kivy : Loading MPF-MC controller
2020-05-20 18:12:42,203 : mpfmc : Mission Pinball Framework Media Controller v0.53.3
2020-05-20 18:12:42,203 : mpfmc : Mission Pinball Framework Game Engine v0.53.3
2020-05-20 18:12:42,203 : mpfmc : Machine path: C:\pinball\HauntedHouse
2020-05-20 18:12:42,203 : ConfigProcessor : Config file in cache changed: C:\pinball\HauntedHouse\config\config
2020-05-20 18:12:42,203 : ConfigProcessor : Loading config from file c:\users\hans\appdata\local\programs\python\python36-32\lib\site-packages\mpfmc\mcconfig.yaml.
2020-05-20 18:12:42,593 : ConfigProcessor : Loading config: c:\users\hans\appdata\local\programs\python\python36-32\lib\site-packages\mpfmc\mcconfig.yaml
2020-05-20 18:12:46,243 : ConfigValidator : Config spec file cache created: C:\Users\Hans\AppData\Local\Temp\config_spec.mpf_cache
2020-05-20 18:12:46,306 : ConfigProcessor : Loading config from file C:\pinball\HauntedHouse\config\config.
2020-05-20 18:12:47,117 : ConfigProcessor : Loading config: C:\pinball\HauntedHouse\config\config
2020-05-20 18:12:47,133 : ConfigProcessor : Config file cache created: C:\Users\Hans\AppData\Local\Temp\1db0e0e3fd8cb1ead45d2e51d225dce4.mpf_cache
2020-05-20 18:12:47,133 : mpfmc : Starting clock at 60.0Hz
2020-05-20 18:12:47,179 : kivy : Text: Provider: sdl2
2020-05-20 18:12:47,351 : kivy : Window: Provider: sdl2
2020-05-20 18:12:47,913 : kivy : GL: Using the "OpenGL" graphics system
2020-05-20 18:12:47,918 : kivy : GL: GLEW initialization succeeded
2020-05-20 18:12:47,919 : kivy : GL: Backend used <glew>
2020-05-20 18:12:47,919 : kivy : GL: OpenGL version <b'3.0'>
2020-05-20 18:12:47,920 : kivy : GL: OpenGL vendor <b'Intel Corporation'>
2020-05-20 18:12:47,920 : kivy : GL: OpenGL renderer <b'Intel(R) Graphics Media Accelerator 3600 Series'>
2020-05-20 18:12:47,921 : kivy : GL: OpenGL parsed version: 3, 0
2020-05-20 18:12:47,921 : kivy : GL: Shading version <b'1.30'>
2020-05-20 18:12:47,921 : kivy : GL: Texture max size <8192>
2020-05-20 18:12:47,922 : kivy : GL: Texture max units <16>
2020-05-20 18:12:48,040 : kivy : Window: auto add sdl2 input provider
2020-05-20 18:12:48,041 : kivy : Window: virtual keyboard not allowed, single mode, not docked
2020-05-20 18:12:48,073 : SoundSystem : SoundSystem: Using default 'sound_system' settings
2020-05-20 18:12:48,997 : AudioInterface : Initialized
2020-05-20 18:12:48,997 : SoundSystem : No audio tracks are specified in your machine config file. a track named 'default' has been created.
2020-05-20 18:12:49,013 : kivy : Base: Start application main loop
2020-05-20 18:12:49,015 : EventManager : Event: ======'display_window_initialized'====== Args={}
2020-05-20 18:12:49,060 : mpfmc : Display: Setting 'window' as default display
2020-05-20 18:12:49,081 : EventManager : Event: ======'displays_initialized'====== Args={}
2020-05-20 18:12:49,086 : EventManager : Event: ======'slide_window_blank_created'====== Args={}
2020-05-20 18:12:49,087 : EventManager : Event: ======'display_window_ready'====== Args={}
2020-05-20 18:12:49,127 : EventManager : Event: ======'init_phase_1'====== Args={}
2020-05-20 18:12:49,154 : EventManager : Event: ======'mc_ready'====== Args={}
2020-05-20 18:12:49,154 : EventManager : Event: ======'init_phase_2'====== Args={}
2020-05-20 18:12:49,161 : ConfigProcessor : Loading config from cache: C:\Users\Hans\AppData\Local\Temp\fd4d0ac963aaaec6abb4cac3da0cded0.mpf_cache
2020-05-20 18:12:49,168 : ConfigProcessor : Loading config from cache: C:\Users\Hans\AppData\Local\Temp\7d6c1285f2e862430ea29e9aa05d0f73.mpf_cache
2020-05-20 18:12:49,171 : ConfigProcessor : Loading config from cache: C:\Users\Hans\AppData\Local\Temp\5bc0fa50944284867e966a154a822445.mpf_cache
2020-05-20 18:12:49,173 : EventManager : Event: ======'init_phase_3'====== Args={}
2020-05-20 18:12:49,177 : EventManager : Event: ======'init_phase_4'====== Args={}
2020-05-20 18:12:49,177 : EventManager : Event: ======'init_phase_5'====== Args={}
2020-05-20 18:12:49,178 : EventManager : Event: ======'init_done'====== Args={}
2020-05-20 18:12:49,179 : MPF-MC BCP Server : Starting up on localhost port 5050
2020-05-20 18:12:49,188 : MPF-MC BCP Server : Waiting for a connection...
2020-05-20 18:12:49,189 : mpfmc : SlidePlayer: Play called with settings={'slides': {welcome_slide-None-None: {'priority': None, 'target': None, 'background_color': [0.0, 0.0, 0.0, 1.0], 'show': True, 'force': False, 'expire': None, 'slide': None, 'tokens': {}, 'action': 'play', 'transition': None, 'transition_out': None}}}
2020-05-20 18:12:49,209 : kivy : GL: NPOT texture support is available
2020-05-20 18:12:49,217 : EventManager : Event: ======'slide_welcome_slide_created'====== Args={}
2020-05-20 18:12:49,242 : EventManager : Event: ======'slide_welcome_slide_active'====== Args={}
2020-05-20 18:12:49,274 : EventManager : Event: ======'client_disconnected'====== Args={'host': '127.0.0.1', 'port': 5050}
2020-05-20 18:12:49,482 : MPF-MC BCP Server : Received connection from: 127.0.0.1:49219
2020-05-20 18:12:49,484 : EventManager : Event: ======'client_connected'====== Args={'host': '127.0.0.1', 'port': 49219}
2020-05-20 18:12:49,547 : EventManager : Event: ======'machine_var_p_roc_version'====== Args={'value': 2, 'prev_value': None, 'change': True}
2020-05-20 18:12:49,548 : EventManager : Event: ======'machine_var_p_roc_revision'====== Args={'value': 6, 'prev_value': None, 'change': True}
2020-05-20 18:12:49,548 : EventManager : Event: ======'machine_var_p_roc_hardware_version'====== Args={'value': 1, 'prev_value': None, 'change': True}
2020-05-20 18:12:49,549 : EventManager : Event: ======'machine_var_credits_string'====== Args={'value': 'FREE PLAY', 'prev_value': None, 'change': True}
2020-05-20 18:12:49,551 : EventManager : Event: ======'machine_var_player1_score'====== Args={'value': 26030, 'prev_value': None, 'change': True}
2020-05-20 18:12:49,551 : EventManager : Event: ======'machine_var_mpf_version'====== Args={'value': 'MPF v0.53.3', 'prev_value': None, 'change': True}
2020-05-20 18:12:49,552 : EventManager : Event: ======'machine_var_mpf_extended_version'====== Args={'value': 'MPF v0.53.3, Config version:5, Show version: 5, BCP version:1.1', 'prev_value': None, 'change': True}
2020-05-20 18:12:49,553 : EventManager : Event: ======'machine_var_python_version'====== Args={'value': '3.6.8', 'prev_value': None, 'change': True}
2020-05-20 18:12:49,553 : EventManager : Event: ======'machine_var_platform'====== Args={'value': 'Windows-7-6.1.7601-SP1', 'prev_value': None, 'change': True}
2020-05-20 18:12:49,554 : EventManager : Event: ======'machine_var_platform_system'====== Args={'value': 'Windows', 'prev_value': None, 'change': True}
2020-05-20 18:12:49,554 : EventManager : Event: ======'machine_var_platform_release'====== Args={'value': '7', 'prev_value': None, 'change': True}
2020-05-20 18:12:49,555 : EventManager : Event: ======'machine_var_platform_version'====== Args={'value': '6.1.7601', 'prev_value': None, 'change': True}
2020-05-20 18:12:49,556 : EventManager : Event: ======'machine_var_platform_machine'====== Args={'value': 'x86', 'prev_value': None, 'change': True}
2020-05-20 18:12:49,556 : EventManager : Event: ======'machine_var_mc_version'====== Args={'value': 'MPF-MC v0.53.3', 'prev_value': None, 'change': True}
2020-05-20 18:12:49,557 : EventManager : Event: ======'machine_var_mc_extended_version'====== Args={'value': 'MPF-MC v0.53.3 (config_version=5, BCP v1.1, Requires MPF v0.53.0)', 'prev_value': None, 'change': True}
2020-05-20 18:12:49,558 : EventManager : Event: ======'machine_var_master_volume'====== Args={'value': 0.5, 'prev_value': None, 'change': True}
2020-05-20 18:12:49,882 : EventManager : Event: ======'machine_var_audits_events_game_ended'====== Args={'value': 43, 'prev_value': None, 'change': True}
2020-05-20 18:12:49,895 : EventManager : Event: ======'machine_var_audits_events_game_started'====== Args={'value': 90, 'prev_value': None, 'change': True}
2020-05-20 18:12:49,896 : EventManager : Event: ======'machine_var_audits_player_score'====== Args={'value': {'average': 18114.130434782608, 'top': [120480, 114590, 76090, 57150, 56770, 45090, 43120, 36560, 36090, 27560], 'total': 46}, 'prev_value': None, 'change': True}
2020-05-20 18:12:49,897 : EventManager : Event: ======'machine_var_audits_shots_10pt'====== Args={'value': 119, 'prev_value': None, 'change': True}
2020-05-20 18:12:49,898 : EventManager : Event: ======'machine_var_audits_shots_left_inlane'====== Args={'value': 11, 'prev_value': None, 'change': True}
2020-05-20 18:12:49,900 : EventManager : Event: ======'machine_var_audits_shots_left_outlane'====== Args={'value': 5, 'prev_value': None, 'change': True}
2020-05-20 18:12:49,901 : EventManager : Event: ======'machine_var_audits_shots_lower_10pt_drops'====== Args={'value': 14, 'prev_value': None, 'change': True}
2020-05-20 18:12:49,902 : EventManager : Event: ======'machine_var_audits_shots_lower_10pt_lower'====== Args={'value': 6, 'prev_value': None, 'change': True}
2020-05-20 18:12:49,903 : EventManager : Event: ======'machine_var_audits_shots_lower_10pt_upper'====== Args={'value': 6, 'prev_value': None, 'change': True}
2020-05-20 18:12:49,904 : EventManager : Event: ======'machine_var_audits_shots_lower_1_drop'====== Args={'value': 34, 'prev_value': None, 'change': True}
2020-05-20 18:12:49,905 : EventManager : Event: ======'machine_var_audits_shots_lower_2_drop'====== Args={'value': 4, 'prev_value': None, 'change': True}
2020-05-20 18:12:49,906 : EventManager : Event: ======'machine_var_audits_shots_lower_3_drop'====== Args={'value': 5, 'prev_value': None, 'change': True}
2020-05-20 18:12:49,907 : EventManager : Event: ======'machine_var_audits_shots_lower_4_drop'====== Args={'value': 7, 'prev_value': None, 'change': True}
2020-05-20 18:12:49,910 : EventManager : Event: ======'machine_var_audits_shots_lower_5_drop'====== Args={'value': 5, 'prev_value': None, 'change': True}
2020-05-20 18:12:49,911 : EventManager : Event: ======'machine_var_audits_shots_lower_hole'====== Args={'value': 12, 'prev_value': None, 'change': True}
2020-05-20 18:12:49,922 : EventManager : Event: ======'machine_var_audits_shots_lower_kick_target'====== Args={'value': 1, 'prev_value': None, 'change': True}
2020-05-20 18:12:49,923 : EventManager : Event: ======'machine_var_audits_shots_lower_left'====== Args={'value': 4, 'prev_value': None, 'change': True}
2020-05-20 18:12:49,924 : EventManager : Event: ======'machine_var_audits_shots_lower_left_pop'====== Args={'value': 80, 'prev_value': None, 'change': True}
2020-05-20 18:12:49,925 : EventManager : Event: ======'machine_var_audits_shots_lower_pop'====== Args={'value': 17, 'prev_value': None, 'change': True}
2020-05-20 18:12:49,926 : EventManager : Event: ======'machine_var_audits_shots_lower_right'====== Args={'value': 3, 'prev_value': None, 'change': True}
2020-05-20 18:12:49,926 : EventManager : Event: ======'machine_var_audits_shots_lower_rollover'====== Args={'value': 13, 'prev_value': None, 'change': True}
2020-05-20 18:12:49,929 : EventManager : Event: ======'machine_var_audits_shots_lower_slingshot'====== Args={'value': 9, 'prev_value': None, 'change': True}
2020-05-20 18:12:49,941 : EventManager : Event: ======'machine_var_audits_shots_main_1'====== Args={'value': 8, 'prev_value': None, 'change': True}
2020-05-20 18:12:49,942 : EventManager : Event: ======'machine_var_audits_shots_main_2'====== Args={'value': 13, 'prev_value': None, 'change': True}
2020-05-20 18:12:49,943 : EventManager : Event: ======'machine_var_audits_shots_main_3'====== Args={'value': 8, 'prev_value': None, 'change': True}
2020-05-20 18:12:49,944 : EventManager : Event: ======'machine_var_audits_shots_main_4'====== Args={'value': 19, 'prev_value': None, 'change': True}
2020-05-20 18:12:49,945 : EventManager : Event: ======'machine_var_audits_shots_main_5'====== Args={'value': 16, 'prev_value': None, 'change': True}
2020-05-20 18:12:49,946 : EventManager : Event: ======'machine_var_audits_shots_main_slingshot'====== Args={'value': 21, 'prev_value': None, 'change': True}
2020-05-20 18:12:49,953 : EventManager : Event: ======'machine_var_audits_shots_right_inlane'====== Args={'value': 50, 'prev_value': None, 'change': True}
2020-05-20 18:12:49,954 : EventManager : Event: ======'machine_var_audits_shots_right_kickout'====== Args={'value': 24, 'prev_value': None, 'change': True}
2020-05-20 18:12:49,966 : EventManager : Event: ======'machine_var_audits_shots_right_outlane'====== Args={'value': 29, 'prev_value': None, 'change': True}
2020-05-20 18:12:49,967 : EventManager : Event: ======'machine_var_audits_shots_rollunder'====== Args={'value': 44, 'prev_value': None, 'change': True}
2020-05-20 18:12:49,968 : EventManager : Event: ======'machine_var_audits_shots_standup_right'====== Args={'value': 56, 'prev_value': None, 'change': True}
2020-05-20 18:12:49,968 : EventManager : Event: ======'machine_var_audits_shots_upper_1'====== Args={'value': 16, 'prev_value': None, 'change': True}
2020-05-20 18:12:49,969 : EventManager : Event: ======'machine_var_audits_shots_upper_1_drop'====== Args={'value': 32, 'prev_value': None, 'change': True}
2020-05-20 18:12:49,980 : EventManager : Event: ======'machine_var_audits_shots_upper_2'====== Args={'value': 23, 'prev_value': None, 'change': True}
2020-05-20 18:12:49,981 : EventManager : Event: ======'machine_var_audits_shots_upper_2_drop'====== Args={'value': 35, 'prev_value': None, 'change': True}
2020-05-20 18:12:49,982 : EventManager : Event: ======'machine_var_audits_shots_upper_3'====== Args={'value': 13, 'prev_value': None, 'change': True}
2020-05-20 18:12:49,983 : EventManager : Event: ======'machine_var_audits_shots_upper_3_drop'====== Args={'value': 33, 'prev_value': None, 'change': True}
2020-05-20 18:12:49,984 : EventManager : Event: ======'machine_var_audits_shots_upper_4'====== Args={'value': 11, 'prev_value': None, 'change': True}
2020-05-20 18:12:49,992 : EventManager : Event: ======'machine_var_audits_shots_upper_4_drop'====== Args={'value': 42, 'prev_value': None, 'change': True}
2020-05-20 18:12:49,993 : EventManager : Event: ======'machine_var_audits_shots_upper_left_pop'====== Args={'value': 32, 'prev_value': None, 'change': True}
2020-05-20 18:12:49,994 : EventManager : Event: ======'machine_var_audits_shots_upper_pop'====== Args={'value': 140, 'prev_value': None, 'change': True}
2020-05-20 18:12:50,005 : EventManager : Event: ======'machine_var_audits_switches_s_left_flipper1'====== Args={'value': 76, 'prev_value': None, 'change': True}
2020-05-20 18:12:50,006 : EventManager : Event: ======'machine_var_audits_switches_s_left_flipper2'====== Args={'value': 133, 'prev_value': None, 'change': True}
2020-05-20 18:12:50,006 : EventManager : Event: ======'machine_var_audits_switches_s_lower_10pt_UPPER'====== Args={'value': 0, 'prev_value': None, 'change': True}
2020-05-20 18:12:50,008 : EventManager : Event: ======'machine_var_audits_switches_s_lower_10pt_drops'====== Args={'value': 14, 'prev_value': None, 'change': True}
2020-05-20 18:12:50,017 : EventManager : Event: ======'machine_var_audits_switches_s_lower_10pt_lower'====== Args={'value': 6, 'prev_value': None, 'change': True}
2020-05-20 18:12:50,018 : EventManager : Event: ======'machine_var_audits_switches_s_lower_10pt_upper'====== Args={'value': 6, 'prev_value': None, 'change': True}
2020-05-20 18:12:50,019 : EventManager : Event: ======'machine_var_audits_switches_s_lower_1_drop'====== Args={'value': 388, 'prev_value': None, 'change': True}
2020-05-20 18:12:50,030 : EventManager : Event: ======'machine_var_audits_switches_s_lower_2_drop'====== Args={'value': 4, 'prev_value': None, 'change': True}
2020-05-20 18:12:50,031 : EventManager : Event: ======'machine_var_audits_switches_s_lower_3_drop'====== Args={'value': 5, 'prev_value': None, 'change': True}
2020-05-20 18:12:50,031 : EventManager : Event: ======'machine_var_audits_switches_s_lower_4_drop'====== Args={'value': 7, 'prev_value': None, 'change': True}
2020-05-20 18:12:50,043 : EventManager : Event: ======'machine_var_audits_switches_s_lower_5_drop'====== Args={'value': 5, 'prev_value': None, 'change': True}
2020-05-20 18:12:50,044 : EventManager : Event: ======'machine_var_audits_switches_s_lower_bonus_left'====== Args={'value': 4, 'prev_value': None, 'change': True}
2020-05-20 18:12:50,045 : EventManager : Event: ======'machine_var_audits_switches_s_lower_bonus_right'====== Args={'value': 3, 'prev_value': None, 'change': True}
2020-05-20 18:12:50,046 : EventManager : Event: ======'machine_var_audits_switches_s_lower_kick_target'====== Args={'value': 1, 'prev_value': None, 'change': True}
2020-05-20 18:12:50,056 : EventManager : Event: ======'machine_var_audits_switches_s_lower_kickout_special'====== Args={'value': 12, 'prev_value': None, 'change': True}
2020-05-20 18:12:50,057 : EventManager : Event: ======'machine_var_audits_switches_s_lower_pop'====== Args={'value': 17, 'prev_value': None, 'change': True}
2020-05-20 18:12:50,058 : EventManager : Event: ======'machine_var_audits_switches_s_lower_rollover'====== Args={'value': 41, 'prev_value': None, 'change': True}
2020-05-20 18:12:50,069 : EventManager : Event: ======'machine_var_audits_switches_s_lower_slingshot'====== Args={'value': 9, 'prev_value': None, 'change': True}
2020-05-20 18:12:50,070 : EventManager : Event: ======'machine_var_audits_switches_s_lower_vuk'====== Args={'value': 170, 'prev_value': None, 'change': True}
2020-05-20 18:12:50,070 : EventManager : Event: ======'machine_var_audits_switches_s_main_10pt_left'====== Args={'value': 13, 'prev_value': None, 'change': True}
2020-05-20 18:12:50,072 : EventManager : Event: ======'machine_var_audits_switches_s_main_1_target'====== Args={'value': 35, 'prev_value': None, 'change': True}
2020-05-20 18:12:50,081 : EventManager : Event: ======'machine_var_audits_switches_s_main_1_trough'====== Args={'value': 26, 'prev_value': None, 'change': True}
2020-05-20 18:12:50,082 : EventManager : Event: ======'machine_var_audits_switches_s_main_2_target'====== Args={'value': 36, 'prev_value': None, 'change': True}
2020-05-20 18:12:50,093 : EventManager : Event: ======'machine_var_audits_switches_s_main_2_trough'====== Args={'value': 46, 'prev_value': None, 'change': True}
2020-05-20 18:12:50,094 : EventManager : Event: ======'machine_var_audits_switches_s_main_3_target'====== Args={'value': 8, 'prev_value': None, 'change': True}
2020-05-20 18:12:50,094 : EventManager : Event: ======'machine_var_audits_switches_s_main_4_target'====== Args={'value': 35, 'prev_value': None, 'change': True}
2020-05-20 18:12:50,105 : EventManager : Event: ======'machine_var_audits_switches_s_main_5_target'====== Args={'value': 50, 'prev_value': None, 'change': True}
2020-05-20 18:12:50,106 : EventManager : Event: ======'machine_var_audits_switches_s_main_inlane_left'====== Args={'value': 14, 'prev_value': None, 'change': True}
2020-05-20 18:12:50,106 : EventManager : Event: ======'machine_var_audits_switches_s_main_inlane_right'====== Args={'value': 55, 'prev_value': None, 'change': True}
2020-05-20 18:12:50,117 : EventManager : Event: ======'machine_var_audits_switches_s_main_kickout_right'====== Args={'value': 122, 'prev_value': None, 'change': True}
2020-05-20 18:12:50,118 : EventManager : Event: ======'machine_var_audits_switches_s_main_lane_center'====== Args={'value': 76, 'prev_value': None, 'change': True}
2020-05-20 18:12:50,118 : EventManager : Event: ======'machine_var_audits_switches_s_main_outhole'====== Args={'value': 320, 'prev_value': None, 'change': True}
2020-05-20 18:12:50,130 : EventManager : Event: ======'machine_var_audits_switches_s_main_outlane_left'====== Args={'value': 12, 'prev_value': None, 'change': True}
2020-05-20 18:12:50,130 : EventManager : Event: ======'machine_var_audits_switches_s_main_outlane_right'====== Args={'value': 30, 'prev_value': None, 'change': True}
2020-05-20 18:12:50,131 : EventManager : Event: ======'machine_var_audits_switches_s_main_pop_bottom'====== Args={'value': 108, 'prev_value': None, 'change': True}
2020-05-20 18:12:50,142 : EventManager : Event: ======'machine_var_audits_switches_s_main_pop_top'====== Args={'value': 97, 'prev_value': None, 'change': True}
2020-05-20 18:12:50,143 : EventManager : Event: ======'machine_var_audits_switches_s_main_rollunder'====== Args={'value': 44, 'prev_value': None, 'change': True}
2020-05-20 18:12:50,144 : EventManager : Event: ======'machine_var_audits_switches_s_main_roundabout_rollunder'====== Args={'value': 52, 'prev_value': None, 'change': True}
2020-05-20 18:12:50,154 : EventManager : Event: ======'machine_var_audits_switches_s_main_secret_trough'====== Args={'value': 18, 'prev_value': None, 'change': True}
2020-05-20 18:12:50,155 : EventManager : Event: ======'machine_var_audits_switches_s_main_slingshot'====== Args={'value': 216, 'prev_value': None, 'change': True}
2020-05-20 18:12:50,166 : EventManager : Event: ======'machine_var_audits_switches_s_main_target_right'====== Args={'value': 109, 'prev_value': None, 'change': True}
2020-05-20 18:12:50,167 : EventManager : Event: ======'machine_var_audits_switches_s_main_trapdoor_trough'====== Args={'value': 0, 'prev_value': None, 'change': True}
2020-05-20 18:12:50,167 : EventManager : Event: ======'machine_var_audits_switches_s_main_vuk'====== Args={'value': 153, 'prev_value': None, 'change': True}
2020-05-20 18:12:50,178 : EventManager : Event: ======'machine_var_audits_switches_s_right_flipper1'====== Args={'value': 57, 'prev_value': None, 'change': True}
2020-05-20 18:12:50,179 : EventManager : Event: ======'machine_var_audits_switches_s_right_flipper2'====== Args={'value': 102, 'prev_value': None, 'change': True}
2020-05-20 18:12:50,191 : EventManager : Event: ======'machine_var_audits_switches_s_start'====== Args={'value': 1, 'prev_value': None, 'change': True}
2020-05-20 18:12:50,192 : EventManager : Event: ======'machine_var_audits_switches_s_upper_10pt_center'====== Args={'value': 132, 'prev_value': None, 'change': True}
2020-05-20 18:12:50,192 : EventManager : Event: ======'machine_var_audits_switches_s_upper_10pt_left'====== Args={'value': 83, 'prev_value': None, 'change': True}
2020-05-20 18:12:50,194 : EventManager : Event: ======'machine_var_audits_switches_s_upper_1_drop'====== Args={'value': 40, 'prev_value': None, 'change': True}
2020-05-20 18:12:50,204 : EventManager : Event: ======'machine_var_audits_switches_s_upper_1_target'====== Args={'value': 77, 'prev_value': None, 'change': True}
2020-05-20 18:12:50,205 : EventManager : Event: ======'machine_var_audits_switches_s_upper_2_drop'====== Args={'value': 52, 'prev_value': None, 'change': True}
2020-05-20 18:12:50,217 : EventManager : Event: ======'machine_var_audits_switches_s_upper_2_target'====== Args={'value': 109, 'prev_value': None, 'change': True}
2020-05-20 18:12:50,218 : EventManager : Event: ======'machine_var_audits_switches_s_upper_3_drop'====== Args={'value': 43, 'prev_value': None, 'change': True}
2020-05-20 18:12:50,218 : EventManager : Event: ======'machine_var_audits_switches_s_upper_3_target'====== Args={'value': 50, 'prev_value': None, 'change': True}
2020-05-20 18:12:50,230 : EventManager : Event: ======'machine_var_audits_switches_s_upper_4_drop'====== Args={'value': 60, 'prev_value': None, 'change': True}
2020-05-20 18:12:50,231 : EventManager : Event: ======'machine_var_audits_switches_s_upper_4_target'====== Args={'value': 49, 'prev_value': None, 'change': True}
2020-05-20 18:12:50,242 : EventManager : Event: ======'machine_var_audits_switches_s_upper_pop'====== Args={'value': 372, 'prev_value': None, 'change': True}
2020-05-20 18:12:50,364 : EventManager : Event: ======'slides_play'====== Args={'settings': {'welcome_slide': {'target': None, 'background_color': [0.0, 0.0, 0.0, 1.0], 'priority': None, 'show': True, 'force': False, 'expire': None, 'slide': None, 'tokens': {}, 'action': 'play'}}, 'context': '_global', 'calling_context': 'init_done', 'priority': 0}
2020-05-20 18:12:50,365 : EventManager : Event: ======'mc_reset_phase_1'====== Args={}
2020-05-20 18:12:50,365 : mpfmc : SlidePlayer: Play called with settings={'welcome_slide': {'target': None, 'background_color': [0.0, 0.0, 0.0, 1.0], 'priority': None, 'show': True, 'force': False, 'expire': None, 'slide': None, 'tokens': {}, 'action': 'play'}}
2020-05-20 18:12:50,369 : EventManager : Event: ======'slide_welcome_slide_removed'====== Args={}
2020-05-20 18:12:50,386 : EventManager : Event: ======'slide_welcome_slide_created'====== Args={}
2020-05-20 18:12:50,389 : EventManager : Event: ======'mc_reset_phase_2'====== Args={}
2020-05-20 18:12:50,390 : EventManager : Event: ======'mc_reset_phase_3'====== Args={}
2020-05-20 18:12:50,390 : EventManager : Event: ======'mc_reset_complete'====== Args={}
2020-05-20 18:12:50,394 : EventManager : Event: ======'slide_welcome_slide_active'====== Args={}
2020-05-20 18:12:50,408 : EventManager : Event: ======'slides_play'====== Args={'settings': {'attract_started': {'target': None, 'background_color': [0.0, 0.0, 0.0, 1.0], 'priority': None, 'show': True, 'force': False, 'expire': None, 'slide': None, 'tokens': {}, 'action': 'play'}}, 'context': '_global', 'calling_context': 'mode_attract_started', 'priority': 0}
2020-05-20 18:12:50,410 : mpfmc : SlidePlayer: Play called with settings={'attract_started': {'target': None, 'background_color': [0.0, 0.0, 0.0, 1.0], 'priority': None, 'show': True, 'force': False, 'expire': None, 'slide': None, 'tokens': {}, 'action': 'play'}}
2020-05-20 18:12:50,425 : EventManager : Event: ======'slide_attract_started_created'====== Args={}
2020-05-20 18:12:50,432 : EventManager : Event: ======'slide_attract_started_active'====== Args={}
2020-05-20 18:13:35,189 : EventManager : Event: ======'game_started'====== Args={}
2020-05-20 18:13:35,324 : EventManager : Event: ======'player_added'====== Args={'player': <Player 1>, 'num': 1}
2020-05-20 18:13:35,325 : EventManager : Event: ======'player_index'====== Args={'value': 0, 'prev_value': 0, 'change': 0, 'player_num': 1}
2020-05-20 18:13:35,326 : EventManager : Event: ======'player_number'====== Args={'value': 1, 'prev_value': 1, 'change': 0, 'player_num': 1}
2020-05-20 18:13:35,326 : EventManager : Event: ======'player_score'====== Args={'value': 0, 'prev_value': 0, 'change': 0, 'player_num': 1}
2020-05-20 18:13:35,507 : EventManager : Event: ======'player_ball'====== Args={'value': 1, 'prev_value': 0, 'change': 1, 'player_num': 1}
2020-05-20 18:13:35,520 : EventManager : Event: ======'player_turn_start'====== Args={'number': 1, 'player': <Player 1>}
2020-05-20 18:13:35,582 : EventManager : Event: ======'player_shot_upper_pop_enabled'====== Args={'value': True, 'prev_value': 0, 'change': 1, 'player_num': 1}
2020-05-20 18:13:35,582 : EventManager : Event: ======'player_shot_lower_left_pop_enabled'====== Args={'value': True, 'prev_value': 0, 'change': 1, 'player_num': 1}
2020-05-20 18:13:35,583 : EventManager : Event: ======'player_shot_upper_left_pop_enabled'====== Args={'value': True, 'prev_value': 0, 'change': 1, 'player_num': 1}
2020-05-20 18:13:35,584 : EventManager : Event: ======'player_shot_10pt_enabled'====== Args={'value': True, 'prev_value': 0, 'change': 1, 'player_num': 1}
2020-05-20 18:13:35,585 : EventManager : Event: ======'player_shot_upper_1_enabled'====== Args={'value': True, 'prev_value': 0, 'change': 1, 'player_num': 1}
2020-05-20 18:13:35,593 : EventManager : Event: ======'player_shot_upper_2_enabled'====== Args={'value': True, 'prev_value': 0, 'change': 1, 'player_num': 1}
2020-05-20 18:13:35,594 : EventManager : Event: ======'player_shot_upper_3_enabled'====== Args={'value': True, 'prev_value': 0, 'change': 1, 'player_num': 1}
2020-05-20 18:13:35,595 : EventManager : Event: ======'player_shot_upper_4_enabled'====== Args={'value': True, 'prev_value': 0, 'change': 1, 'player_num': 1}
2020-05-20 18:13:35,606 : EventManager : Event: ======'player_shot_upper_1_drop_enabled'====== Args={'value': True, 'prev_value': 0, 'change': 1, 'player_num': 1}
2020-05-20 18:13:35,607 : EventManager : Event: ======'player_shot_upper_2_drop_enabled'====== Args={'value': True, 'prev_value': 0, 'change': 1, 'player_num': 1}
2020-05-20 18:13:35,609 : EventManager : Event: ======'player_shot_upper_3_drop_enabled'====== Args={'value': True, 'prev_value': 0, 'change': 1, 'player_num': 1}
2020-05-20 18:13:35,610 : EventManager : Event: ======'player_shot_upper_4_drop_enabled'====== Args={'value': True, 'prev_value': 0, 'change': 1, 'player_num': 1}
2020-05-20 18:13:35,611 : EventManager : Event: ======'player_shot_lower_1_drop_enabled'====== Args={'value': True, 'prev_value': 0, 'change': 1, 'player_num': 1}
2020-05-20 18:13:35,612 : EventManager : Event: ======'player_shot_lower_2_drop_enabled'====== Args={'value': True, 'prev_value': 0, 'change': 1, 'player_num': 1}
2020-05-20 18:13:35,613 : EventManager : Event: ======'player_shot_lower_3_drop_enabled'====== Args={'value': True, 'prev_value': 0, 'change': 1, 'player_num': 1}
2020-05-20 18:13:35,615 : EventManager : Event: ======'player_shot_lower_4_drop_enabled'====== Args={'value': True, 'prev_value': 0, 'change': 1, 'player_num': 1}
2020-05-20 18:13:35,617 : EventManager : Event: ======'player_shot_lower_5_drop_enabled'====== Args={'value': True, 'prev_value': 0, 'change': 1, 'player_num': 1}
2020-05-20 18:13:35,628 : EventManager : Event: ======'player_shot_lower_hole_enabled'====== Args={'value': True, 'prev_value': 0, 'change': 1, 'player_num': 1}
2020-05-20 18:13:35,629 : EventManager : Event: ======'player_shot_lower_left_enabled'====== Args={'value': True, 'prev_value': 0, 'change': 1, 'player_num': 1}
2020-05-20 18:13:35,630 : EventManager : Event: ======'player_shot_lower_right_enabled'====== Args={'value': True, 'prev_value': 0, 'change': 1, 'player_num': 1}
2020-05-20 18:13:35,631 : EventManager : Event: ======'player_shot_lower_pop_enabled'====== Args={'value': True, 'prev_value': 0, 'change': 1, 'player_num': 1}
2020-05-20 18:13:35,632 : EventManager : Event: ======'player_shot_lower_10pt_lower_enabled'====== Args={'value': True, 'prev_value': 0, 'change': 1, 'player_num': 1}
2020-05-20 18:13:35,640 : EventManager : Event: ======'player_shot_lower_10pt_drops_enabled'====== Args={'value': True, 'prev_value': 0, 'change': 1, 'player_num': 1}
2020-05-20 18:13:35,641 : EventManager : Event: ======'player_shot_lower_10pt_upper_enabled'====== Args={'value': True, 'prev_value': 0, 'change': 1, 'player_num': 1}
2020-05-20 18:13:35,641 : EventManager : Event: ======'player_shot_lower_slingshot_enabled'====== Args={'value': True, 'prev_value': 0, 'change': 1, 'player_num': 1}
2020-05-20 18:13:35,652 : EventManager : Event: ======'player_shot_lower_kick_target_enabled'====== Args={'value': True, 'prev_value': 0, 'change': 1, 'player_num': 1}
2020-05-20 18:13:35,653 : EventManager : Event: ======'player_shot_lower_rollover_enabled'====== Args={'value': True, 'prev_value': 0, 'change': 1, 'player_num': 1}
2020-05-20 18:13:35,654 : EventManager : Event: ======'player_shot_main_1_enabled'====== Args={'value': True, 'prev_value': 0, 'change': 1, 'player_num': 1}
2020-05-20 18:13:35,655 : EventManager : Event: ======'player_shot_main_2_enabled'====== Args={'value': True, 'prev_value': 0, 'change': 1, 'player_num': 1}
2020-05-20 18:13:35,655 : EventManager : Event: ======'player_shot_main_3_enabled'====== Args={'value': True, 'prev_value': 0, 'change': 1, 'player_num': 1}
2020-05-20 18:13:35,665 : EventManager : Event: ======'player_shot_main_4_enabled'====== Args={'value': True, 'prev_value': 0, 'change': 1, 'player_num': 1}
2020-05-20 18:13:35,665 : EventManager : Event: ======'player_shot_main_5_enabled'====== Args={'value': True, 'prev_value': 0, 'change': 1, 'player_num': 1}
2020-05-20 18:13:35,666 : EventManager : Event: ======'player_shot_main_slingshot_enabled'====== Args={'value': True, 'prev_value': 0, 'change': 1, 'player_num': 1}
2020-05-20 18:13:35,667 : EventManager : Event: ======'player_shot_right_outlane_enabled'====== Args={'value': True, 'prev_value': 0, 'change': 1, 'player_num': 1}
2020-05-20 18:13:35,677 : EventManager : Event: ======'player_shot_right_inlane_enabled'====== Args={'value': True, 'prev_value': 0, 'change': 1, 'player_num': 1}
2020-05-20 18:13:35,678 : EventManager : Event: ======'player_shot_left_inlane_enabled'====== Args={'value': True, 'prev_value': 0, 'change': 1, 'player_num': 1}
2020-05-20 18:13:35,679 : EventManager : Event: ======'player_shot_left_outlane_enabled'====== Args={'value': True, 'prev_value': 0, 'change': 1, 'player_num': 1}
2020-05-20 18:13:35,680 : EventManager : Event: ======'player_shot_standup_right_enabled'====== Args={'value': True, 'prev_value': 0, 'change': 1, 'player_num': 1}
2020-05-20 18:13:35,689 : EventManager : Event: ======'player_shot_right_kickout_enabled'====== Args={'value': True, 'prev_value': 0, 'change': 1, 'player_num': 1}
2020-05-20 18:13:35,690 : EventManager : Event: ======'player_shot_rollunder_enabled'====== Args={'value': True, 'prev_value': 0, 'change': 1, 'player_num': 1}
2020-05-20 18:13:35,715 : EventManager : Event: ======'slides_play'====== Args={'settings': {'widgets': {'widgets': [{'type': 'text', 'text': '(score)', 'number_grouping': True, 'min_digits': 2, 'font_size': 100, '_default_settings': ['type', 'text', 'number_grouping', 'min_digits', 'font_size'], 'x': None, 'y': None, 'anchor_x': 'center', 'anchor_y': 'center', 'round_anchor_x': None, 'round_anchor_y': None, 'opacity': 1.0, 'z': 0, 'reset_animations_events': {}, 'color': [1.0, 1.0, 1.0, 1.0], 'style': [], 'adjust_top': 0, 'adjust_bottom': 0, 'adjust_left': 0, 'adjust_right': 0, 'expire': None, 'key': None, 'widget': None, 'events_when_added': [], 'events_when_removed': [], 'bitmap_font': False, 'font_kerning': True, 'bold': False, 'italic': False, 'halign': 'center', 'valign': 'middle', 'rotation': 0, 'scale': 1.0, 'casing': None, 'animations': None}, {'type': 'text', 'text': 'Player (number)', 'x': '10', 'y': '10', 'font_size': 50, 'anchor_x': 'left', 'anchor_y': 'bottom', '_default_settings': ['type', 'text', 'x', 'y', 'font_size', 'anchor_x', 'anchor_y'], 'round_anchor_x': None, 'round_anchor_y': None, 'opacity': 1.0, 'z': 0, 'reset_animations_events': {}, 'color': [1.0, 1.0, 1.0, 1.0], 'style': [], 'adjust_top': 0, 'adjust_bottom': 0, 'adjust_left': 0, 'adjust_right': 0, 'expire': None, 'key': None, 'widget': None, 'events_when_added': [], 'events_when_removed': [], 'bitmap_font': False, 'font_kerning': True, 'bold': False, 'italic': False, 'number_grouping': False, 'min_digits': 0, 'halign': 'center', 'valign': 'middle', 'rotation': 0, 'scale': 1.0, 'casing': None, 'animations': None}, {'type': 'text', 'text': 'Ball (ball)', 'y': '10', 'x': 'right-10', 'anchor_x': 'right', 'anchor_y': 'bottom', 'font_size': 50, '_default_settings': ['type', 'text', 'y', 'x', 'anchor_x', 'anchor_y', 'font_size'], 'round_anchor_x': None, 'round_anchor_y': None, 'opacity': 1.0, 'z': 0, 'reset_animations_events': {}, 'color': [1.0, 1.0, 1.0, 1.0], 'style': [], 'adjust_top': 0, 'adjust_bottom': 0, 'adjust_left': 0, 'adjust_right': 0, 'expire': None, 'key': None, 'widget': None, 'events_when_added': [], 'events_when_removed': [], 'bitmap_font': False, 'font_kerning': True, 'bold': False, 'italic': False, 'number_grouping': False, 'min_digits': 0, 'halign': 'center', 'valign': 'middle', 'rotation': 0, 'scale': 1.0, 'casing': None, 'animations': None}], 'target': None, 'background_color': [0.0, 0.0, 0.0, 1.0], 'priority': None, 'show': True, 'force': False, 'expire': None, 'slide': None, 'tokens': {}, 'action': 'play'}}, 'context': 'base', 'calling_context': 'mode_base_started', 'priority': 100, 'queue': '<QueuedEvent>', 'player': 1, 'ball': 1, 'balls_remaining': 2, 'is_extra_ball': False}
2020-05-20 18:13:35,716 : mpfmc : SlidePlayer: Play called with settings={'widgets': {'widgets': [{'type': 'text', 'text': '(score)', 'number_grouping': True, 'min_digits': 2, 'font_size': 100, '_default_settings': ['type', 'text', 'number_grouping', 'min_digits', 'font_size'], 'x': None, 'y': None, 'anchor_x': 'center', 'anchor_y': 'center', 'round_anchor_x': None, 'round_anchor_y': None, 'opacity': 1.0, 'z': 0, 'reset_animations_events': {}, 'color': [1.0, 1.0, 1.0, 1.0], 'style': [], 'adjust_top': 0, 'adjust_bottom': 0, 'adjust_left': 0, 'adjust_right': 0, 'expire': None, 'key': None, 'widget': None, 'events_when_added': [], 'events_when_removed': [], 'bitmap_font': False, 'font_kerning': True, 'bold': False, 'italic': False, 'halign': 'center', 'valign': 'middle', 'rotation': 0, 'scale': 1.0, 'casing': None, 'animations': None}, {'type': 'text', 'text': 'Player (number)', 'x': '10', 'y': '10', 'font_size': 50, 'anchor_x': 'left', 'anchor_y': 'bottom', '_default_settings': ['type', 'text', 'x', 'y', 'font_size', 'anchor_x', 'anchor_y'], 'round_anchor_x': None, 'round_anchor_y': None, 'opacity': 1.0, 'z': 0, 'reset_animations_events': {}, 'color': [1.0, 1.0, 1.0, 1.0], 'style': [], 'adjust_top': 0, 'adjust_bottom': 0, 'adjust_left': 0, 'adjust_right': 0, 'expire': None, 'key': None, 'widget': None, 'events_when_added': [], 'events_when_removed': [], 'bitmap_font': False, 'font_kerning': True, 'bold': False, 'italic': False, 'number_grouping': False, 'min_digits': 0, 'halign': 'center', 'valign': 'middle', 'rotation': 0, 'scale': 1.0, 'casing': None, 'animations': None}, {'type': 'text', 'text': 'Ball (ball)', 'y': '10', 'x': 'right-10', 'anchor_x': 'right', 'anchor_y': 'bottom', 'font_size': 50, '_default_settings': ['type', 'text', 'y', 'x', 'anchor_x', 'anchor_y', 'font_size'], 'round_anchor_x': None, 'round_anchor_y': None, 'opacity': 1.0, 'z': 0, 'reset_animations_events': {}, 'color': [1.0, 1.0, 1.0, 1.0], 'style': [], 'adjust_top': 0, 'adjust_bottom': 0, 'adjust_left': 0, 'adjust_right': 0, 'expire': None, 'key': None, 'widget': None, 'events_when_added': [], 'events_when_removed': [], 'bitmap_font': False, 'font_kerning': True, 'bold': False, 'italic': False, 'number_grouping': False, 'min_digits': 0, 'halign': 'center', 'valign': 'middle', 'rotation': 0, 'scale': 1.0, 'casing': None, 'animations': None}], 'target': None, 'background_color': [0.0, 0.0, 0.0, 1.0], 'priority': None, 'show': True, 'force': False, 'expire': None, 'slide': None, 'tokens': {}, 'action': 'play'}}
2020-05-20 18:13:35,749 : EventManager : Event: ======'slide_base.slide_player-mode_base_started_created'====== Args={}
2020-05-20 18:13:35,761 : EventManager : Event: ======'slide_base.slide_player-mode_base_started_active'====== Args={}
2020-05-20 18:13:38,764 : EventManager : Event: ======'machine_var_audits_switches_s_left_flipper1'====== Args={'value': 77, 'prev_value': 76, 'change': 1}
2020-05-20 18:13:40,125 : EventManager : Event: ======'machine_var_audits_switches_s_left_flipper1'====== Args={'value': 78, 'prev_value': 77, 'change': 1}
2020-05-20 18:13:41,103 : EventManager : Event: ======'machine_var_audits_switches_s_left_flipper1'====== Args={'value': 79, 'prev_value': 78, 'change': 1}
2020-05-20 18:13:42,257 : EventManager : Event: ======'machine_var_audits_switches_s_left_flipper1'====== Args={'value': 80, 'prev_value': 79, 'change': 1}
2020-05-20 18:13:43,166 : EventManager : Event: ======'machine_var_audits_switches_s_left_flipper1'====== Args={'value': 81, 'prev_value': 80, 'change': 1}
2020-05-20 18:13:49,663 : kivy : Base: Leaving application in progress...
2020-05-20 18:13:49,671 : mpfmc : Stopping...
2020-05-20 18:13:49,672 : EventManager : Event: ======'shutdown'====== Args={}
2020-05-20 18:13:49,746 : mpfmc : Loop rate 81.17 Hz
