2020-05-20 17:36:28,239 : INFO : Machine : Mission Pinball Framework Core Engine v0.53.3
2020-05-20 17:36:28,255 : INFO : Machine : Command line arguments: {'no_load_cache': False, 'create_config_cache': True, 'bcp': True, 'configfile': ['config.yaml'], 'mpfconfigfile': 'c:\\users\\hans\\appdata\\local\\programs\\python\\python36-32\\lib\\site-packages\\mpf\\mpfconfig.yaml', 'force_assets_load': False, 'jsonlogging': False, 'logfile': 'logs\\2020-05-20-17-36-28-mpf-Hans-PC.log', 'pause': False, 'production': False, 'text_ui': True, 'loglevel': 15, 'consoleloglevel': 20, 'force_platform': None, 'syslog_address': None, 'mc_file_name': None, 'no_sound': False}
2020-05-20 17:36:28,255 : INFO : Machine : MPF path: c:\users\hans\appdata\local\programs\python\python36-32\lib\site-packages\mpf
2020-05-20 17:36:28,255 : INFO : Machine : Machine path: C:\pinball\HauntedHouse
2020-05-20 17:36:28,255 : INFO : Machine : Platform: win32
2020-05-20 17:36:28,255 : INFO : Machine : Python executable location: c:\users\hans\appdata\local\programs\python\python36-32\python.exe
2020-05-20 17:36:28,255 : INFO : Machine : Python version: 3.6.8 (32-bit)
2020-05-20 17:36:28,255 : INFO : Machine : Machine config file #1: config.yaml
2020-05-20 17:36:28,255 : WARNING : ConfigProcessor : Config file in cache changed: C:\pinball\HauntedHouse\config\config.yaml
2020-05-20 17:36:28,255 : INFO : ConfigProcessor : Loading config from file c:\users\hans\appdata\local\programs\python\python36-32\lib\site-packages\mpf\mpfconfig.yaml.
2020-05-20 17:36:28,957 : INFO : ConfigProcessor : Loading config: c:\users\hans\appdata\local\programs\python\python36-32\lib\site-packages\mpf\mpfconfig.yaml
2020-05-20 17:36:32,607 : INFO : ConfigValidator : Config spec file cache created: C:\Users\Hans\AppData\Local\Temp\config_spec.mpf_cache
2020-05-20 17:36:32,669 : INFO : ConfigProcessor : Loading config from file C:\pinball\HauntedHouse\config\config.yaml.
2020-05-20 17:36:33,481 : INFO : ConfigProcessor : Loading config: C:\pinball\HauntedHouse\config\config.yaml
2020-05-20 17:36:33,496 : INFO : ConfigProcessor : Config file cache created: C:\Users\Hans\AppData\Local\Temp\6e040aaf1f6a41fde2348c429eac1a1c.mpf_cache
2020-05-20 17:36:33,496 : INFO : Machine : Initialise MPF.
2020-05-20 17:36:34,729 : INFO : P3-ROC : Connecting to P-ROC
2020-05-20 17:36:35,259 : INFO : P3-ROC : Successfully connected to P-ROC/P3-ROC. Firmware Version: 2. Firmware Revision: 6. Hardware Board ID: 1
2020-05-20 17:36:35,540 : INFO : EventManager : Event: ======'machine_var_p_roc_version'====== Args={'value': 2, 'prev_value': None, 'change': True}
2020-05-20 17:36:35,540 : INFO : EventManager : Event: ======'machine_var_p_roc_revision'====== Args={'value': 6, 'prev_value': None, 'change': True}
2020-05-20 17:36:35,540 : INFO : EventManager : Event: ======'machine_var_p_roc_hardware_version'====== Args={'value': 1, 'prev_value': None, 'change': True}
2020-05-20 17:36:35,602 : INFO : EventManager : Event: ======'machine_var_credits_string'====== Args={'value': 'FREE PLAY', 'prev_value': None, 'change': True}
2020-05-20 17:36:35,930 : INFO : EventManager : Event: ======'machine_var_player1_score'====== Args={'value': 120480, 'prev_value': None, 'change': True}
2020-05-20 17:36:35,930 : INFO : EventManager : Event: ======'machine_var_mpf_version'====== Args={'value': 'MPF v0.53.3', 'prev_value': None, 'change': True}
2020-05-20 17:36:35,930 : INFO : EventManager : Event: ======'machine_var_mpf_extended_version'====== Args={'value': 'MPF v0.53.3, Config version:5, Show version: 5, BCP version:1.1', 'prev_value': None, 'change': True}
2020-05-20 17:36:35,930 : INFO : EventManager : Event: ======'machine_var_python_version'====== Args={'value': '3.6.8', 'prev_value': None, 'change': True}
2020-05-20 17:36:35,930 : INFO : EventManager : Event: ======'machine_var_platform'====== Args={'value': 'Windows-7-6.1.7601-SP1', 'prev_value': None, 'change': True}
2020-05-20 17:36:35,930 : INFO : EventManager : Event: ======'machine_var_platform_system'====== Args={'value': 'Windows', 'prev_value': None, 'change': True}
2020-05-20 17:36:35,930 : INFO : EventManager : Event: ======'machine_var_platform_release'====== Args={'value': '7', 'prev_value': None, 'change': True}
2020-05-20 17:36:35,930 : INFO : EventManager : Event: ======'machine_var_platform_version'====== Args={'value': '6.1.7601', 'prev_value': None, 'change': True}
2020-05-20 17:36:35,930 : INFO : EventManager : Event: ======'machine_var_platform_machine'====== Args={'value': 'x86', 'prev_value': None, 'change': True}
2020-05-20 17:36:35,930 : INFO : EventManager : Event: ======'init_phase_1'====== Args={}
2020-05-20 17:36:36,133 : INFO : ConfigProcessor : Loading config from cache: C:\Users\Hans\AppData\Local\Temp\fd4d0ac963aaaec6abb4cac3da0cded0.mpf_cache
2020-05-20 17:36:36,164 : INFO : ConfigProcessor : Loading config from cache: C:\Users\Hans\AppData\Local\Temp\7d6c1285f2e862430ea29e9aa05d0f73.mpf_cache
2020-05-20 17:36:36,195 : INFO : ConfigProcessor : Loading config from cache: C:\Users\Hans\AppData\Local\Temp\5bc0fa50944284867e966a154a822445.mpf_cache
2020-05-20 17:36:36,577 : INFO : EventManager : Event: ======'drop_target_bank_upper_up'====== Args={}
2020-05-20 17:36:36,578 : INFO : EventManager : Event: ======'drop_target_bank_lower_up'====== Args={}
2020-05-20 17:36:36,613 : INFO : EventManager : Event: ======'init_phase_2'====== Args={}
2020-05-20 17:36:36,662 : INFO : SwitchController : Found active switch: (48, <Platform.P3-ROC>)
2020-05-20 17:36:36,664 : INFO : SwitchController : Found active switch: (49, <Platform.P3-ROC>)
2020-05-20 17:36:36,665 : INFO : SwitchController : Found active switch: (50, <Platform.P3-ROC>)
2020-05-20 17:36:36,665 : INFO : SwitchController : Found active switch: (51, <Platform.P3-ROC>)
2020-05-20 17:36:36,665 : INFO : SwitchController : Found active switch: (52, <Platform.P3-ROC>)
2020-05-20 17:36:36,666 : INFO : SwitchController : Found active switch: (39, <Platform.P3-ROC>)
2020-05-20 17:36:36,666 : INFO : SwitchController : Found active switch: (8, <Platform.P3-ROC>)
2020-05-20 17:36:36,666 : INFO : SwitchController : Found active switch: (10, <Platform.P3-ROC>)
2020-05-20 17:36:36,667 : INFO : SwitchController : Found active switch: (11, <Platform.P3-ROC>)
2020-05-20 17:36:36,735 : INFO : EventManager : Event: ======'bcp_connection_attempt'====== Args={'name': 'local_display', 'host': 'localhost', 'port': 5050}
2020-05-20 17:36:36,742 : INFO : BCPClientSocket : Connecting BCP to 'local_display' at localhost:5050...
2020-05-20 17:36:38,798 : INFO : BCPClientSocket : Connected BCP to 'local_display' localhost:5050
2020-05-20 17:36:38,800 : INFO : EventManager : Event: ======'bcp_clients_connected'====== Args={}
2020-05-20 17:36:38,847 : INFO : EventManager : Event: ======'machine_var_mc_version'====== Args={'value': 'MPF-MC v0.53.3', 'prev_value': None, 'change': True}
2020-05-20 17:36:38,848 : INFO : EventManager : Event: ======'machine_var_mc_extended_version'====== Args={'value': 'MPF-MC v0.53.3 (config_version=5, BCP v1.1, Requires MPF v0.53.0)', 'prev_value': None, 'change': True}
2020-05-20 17:36:38,860 : INFO : EventManager : Event: ======'machine_var_master_volume'====== Args={'value': 0.5, 'prev_value': None, 'change': True}
2020-05-20 17:36:39,202 : INFO : EventManager : Event: ======'init_phase_3'====== Args={}
2020-05-20 17:36:39,217 : INFO : EventManager : Event: ======'init_phase_4'====== Args={}
2020-05-20 17:36:39,218 : INFO : EventManager : Event: ======'playfield_active'====== Args={}
2020-05-20 17:36:39,219 : INFO : EventManager : Event: ======'unexpected_ball_on_playfield'====== Args={}
2020-05-20 17:36:39,219 : INFO : EventManager : Event: ======'drop_target_u1_drop_down'====== Args={'device': <drop_target.u1_drop>}
2020-05-20 17:36:39,220 : INFO : EventManager : Event: ======'drop_target_bank_upper_mixed'====== Args={'down': 1}
2020-05-20 17:36:39,221 : INFO : EventManager : Event: ======'playfield_active'====== Args={}
2020-05-20 17:36:39,221 : INFO : EventManager : Event: ======'unexpected_ball_on_playfield'====== Args={}
2020-05-20 17:36:39,222 : INFO : EventManager : Event: ======'drop_target_u3_drop_down'====== Args={'device': <drop_target.u3_drop>}
2020-05-20 17:36:39,222 : INFO : EventManager : Event: ======'drop_target_bank_upper_mixed'====== Args={'down': 2}
2020-05-20 17:36:39,223 : INFO : EventManager : Event: ======'playfield_active'====== Args={}
2020-05-20 17:36:39,223 : INFO : EventManager : Event: ======'unexpected_ball_on_playfield'====== Args={}
2020-05-20 17:36:39,225 : INFO : EventManager : Event: ======'drop_target_u4_drop_down'====== Args={'device': <drop_target.u4_drop>}
2020-05-20 17:36:39,225 : INFO : EventManager : Event: ======'drop_target_bank_upper_mixed'====== Args={'down': 3}
2020-05-20 17:36:39,226 : INFO : EventManager : Event: ======'playfield_active'====== Args={}
2020-05-20 17:36:39,226 : INFO : EventManager : Event: ======'unexpected_ball_on_playfield'====== Args={}
2020-05-20 17:36:39,227 : INFO : EventManager : Event: ======'drop_target_l1_drop_down'====== Args={'device': <drop_target.l1_drop>}
2020-05-20 17:36:39,227 : INFO : EventManager : Event: ======'drop_target_bank_lower_mixed'====== Args={'down': 1}
2020-05-20 17:36:39,228 : INFO : EventManager : Event: ======'playfield_active'====== Args={}
2020-05-20 17:36:39,228 : INFO : EventManager : Event: ======'unexpected_ball_on_playfield'====== Args={}
2020-05-20 17:36:39,229 : INFO : EventManager : Event: ======'drop_target_l2_drop_down'====== Args={'device': <drop_target.l2_drop>}
2020-05-20 17:36:39,231 : INFO : EventManager : Event: ======'drop_target_bank_lower_mixed'====== Args={'down': 2}
2020-05-20 17:36:39,231 : INFO : EventManager : Event: ======'playfield_active'====== Args={}
2020-05-20 17:36:39,232 : INFO : EventManager : Event: ======'unexpected_ball_on_playfield'====== Args={}
2020-05-20 17:36:39,233 : INFO : EventManager : Event: ======'drop_target_l3_drop_down'====== Args={'device': <drop_target.l3_drop>}
2020-05-20 17:36:39,233 : INFO : EventManager : Event: ======'drop_target_bank_lower_mixed'====== Args={'down': 3}
2020-05-20 17:36:39,234 : INFO : EventManager : Event: ======'playfield_active'====== Args={}
2020-05-20 17:36:39,235 : INFO : EventManager : Event: ======'unexpected_ball_on_playfield'====== Args={}
2020-05-20 17:36:39,237 : INFO : EventManager : Event: ======'drop_target_l4_drop_down'====== Args={'device': <drop_target.l4_drop>}
2020-05-20 17:36:39,238 : INFO : EventManager : Event: ======'drop_target_bank_lower_mixed'====== Args={'down': 4}
2020-05-20 17:36:39,242 : INFO : EventManager : Event: ======'playfield_active'====== Args={}
2020-05-20 17:36:39,242 : INFO : EventManager : Event: ======'unexpected_ball_on_playfield'====== Args={}
2020-05-20 17:36:39,243 : INFO : EventManager : Event: ======'drop_target_l5_drop_down'====== Args={'device': <drop_target.l5_drop>}
2020-05-20 17:36:39,244 : INFO : EventManager : Event: ======'drop_target_bank_lower_down'====== Args={}
2020-05-20 17:36:39,253 : ERROR : asyncio : Exception in callback EventManager._done(<Task finishe...eft2_hold>',)>)
handle: <Handle EventManager._done(<Task finishe...eft2_hold>',)>)>
Traceback (most recent call last):
  File "c:\users\hans\appdata\local\programs\python\python36-32\lib\asyncio\events.py", line 145, in _run
    self._callback(*self._args)
  File "c:\users\hans\appdata\local\programs\python\python36-32\lib\site-packages\mpf\core\events.py", line 698, in _done
    future.result()
  File "c:\users\hans\appdata\local\programs\python\python36-32\lib\site-packages\mpf\core\events.py", line 615, in _run_handlers_sequential
    handler.callback(queue=queue, **merged_kwargs)
  File "c:\users\hans\appdata\local\programs\python\python36-32\lib\site-packages\mpf\devices\driver.py", line 56, in _check_duplicate_coil_numbers
    raise AssertionError("Duplicate coil number {} for coil {}".format(coil.hw_driver.number, coil))
AssertionError: Duplicate coil number 35 for coil <coil.c_flipper_left2_hold>
2020-05-20 17:36:39,516 : INFO : Machine : Starting the main run loop.
2020-05-20 17:36:39,523 : INFO : Machine : Shutting down...
2020-05-20 17:36:39,524 : INFO : EventManager : Event: ======'shutdown'====== Args={}
2020-05-20 17:36:39,541 : ERROR : Machine : Runtime Exception
Traceback (most recent call last):
  File "c:\users\hans\appdata\local\programs\python\python36-32\lib\site-packages\mpf\core\machine.py", line 765, in _run_loop
    raise self._exception['exception']
  File "c:\users\hans\appdata\local\programs\python\python36-32\lib\asyncio\events.py", line 145, in _run
    self._callback(*self._args)
  File "c:\users\hans\appdata\local\programs\python\python36-32\lib\site-packages\mpf\core\events.py", line 698, in _done
    future.result()
  File "c:\users\hans\appdata\local\programs\python\python36-32\lib\site-packages\mpf\core\events.py", line 615, in _run_handlers_sequential
    handler.callback(queue=queue, **merged_kwargs)
  File "c:\users\hans\appdata\local\programs\python\python36-32\lib\site-packages\mpf\devices\driver.py", line 56, in _check_duplicate_coil_numbers
    raise AssertionError("Duplicate coil number {} for coil {}".format(coil.hw_driver.number, coil))
AssertionError: Duplicate coil number 35 for coil <coil.c_flipper_left2_hold>
2020-05-20 17:36:39,580 : INFO : root : MPF run loop ended.
