2020-05-20 17:37:51,088 : INFO : Machine : Mission Pinball Framework Core Engine v0.53.3
2020-05-20 17:37:51,088 : INFO : Machine : Command line arguments: {'no_load_cache': False, 'create_config_cache': True, 'bcp': True, 'configfile': ['config.yaml'], 'mpfconfigfile': 'c:\\users\\hans\\appdata\\local\\programs\\python\\python36-32\\lib\\site-packages\\mpf\\mpfconfig.yaml', 'force_assets_load': False, 'jsonlogging': False, 'logfile': 'logs\\2020-05-20-17-37-51-mpf-Hans-PC.log', 'pause': False, 'production': False, 'text_ui': True, 'loglevel': 15, 'consoleloglevel': 20, 'force_platform': None, 'syslog_address': None, 'mc_file_name': None, 'no_sound': False}
2020-05-20 17:37:51,088 : INFO : Machine : MPF path: c:\users\hans\appdata\local\programs\python\python36-32\lib\site-packages\mpf
2020-05-20 17:37:51,088 : INFO : Machine : Machine path: C:\pinball\HauntedHouse
2020-05-20 17:37:51,088 : INFO : Machine : Platform: win32
2020-05-20 17:37:51,088 : INFO : Machine : Python executable location: c:\users\hans\appdata\local\programs\python\python36-32\python.exe
2020-05-20 17:37:51,088 : INFO : Machine : Python version: 3.6.8 (32-bit)
2020-05-20 17:37:51,088 : INFO : Machine : Machine config file #1: config.yaml
2020-05-20 17:37:51,103 : WARNING : ConfigProcessor : Config file in cache changed: C:\pinball\HauntedHouse\config\config.yaml
2020-05-20 17:37:51,103 : INFO : ConfigProcessor : Loading config from file c:\users\hans\appdata\local\programs\python\python36-32\lib\site-packages\mpf\mpfconfig.yaml.
2020-05-20 17:37:51,805 : INFO : ConfigProcessor : Loading config: c:\users\hans\appdata\local\programs\python\python36-32\lib\site-packages\mpf\mpfconfig.yaml
2020-05-20 17:37:55,471 : INFO : ConfigValidator : Config spec file cache created: C:\Users\Hans\AppData\Local\Temp\config_spec.mpf_cache
2020-05-20 17:37:55,534 : INFO : ConfigProcessor : Loading config from file C:\pinball\HauntedHouse\config\config.yaml.
2020-05-20 17:37:56,345 : INFO : ConfigProcessor : Loading config: C:\pinball\HauntedHouse\config\config.yaml
2020-05-20 17:37:56,360 : INFO : ConfigProcessor : Config file cache created: C:\Users\Hans\AppData\Local\Temp\6e040aaf1f6a41fde2348c429eac1a1c.mpf_cache
2020-05-20 17:37:56,376 : INFO : Machine : Initialise MPF.
2020-05-20 17:37:57,094 : INFO : P3-ROC : Connecting to P-ROC
2020-05-20 17:37:57,359 : INFO : P3-ROC : Successfully connected to P-ROC/P3-ROC. Firmware Version: 2. Firmware Revision: 6. Hardware Board ID: 1
2020-05-20 17:37:57,640 : INFO : EventManager : Event: ======'machine_var_p_roc_version'====== Args={'value': 2, 'prev_value': None, 'change': True}
2020-05-20 17:37:57,640 : INFO : EventManager : Event: ======'machine_var_p_roc_revision'====== Args={'value': 6, 'prev_value': None, 'change': True}
2020-05-20 17:37:57,640 : INFO : EventManager : Event: ======'machine_var_p_roc_hardware_version'====== Args={'value': 1, 'prev_value': None, 'change': True}
2020-05-20 17:37:57,686 : INFO : EventManager : Event: ======'machine_var_credits_string'====== Args={'value': 'FREE PLAY', 'prev_value': None, 'change': True}
2020-05-20 17:37:57,998 : INFO : EventManager : Event: ======'machine_var_player1_score'====== Args={'value': 120480, 'prev_value': None, 'change': True}
2020-05-20 17:37:57,998 : INFO : EventManager : Event: ======'machine_var_mpf_version'====== Args={'value': 'MPF v0.53.3', 'prev_value': None, 'change': True}
2020-05-20 17:37:57,998 : INFO : EventManager : Event: ======'machine_var_mpf_extended_version'====== Args={'value': 'MPF v0.53.3, Config version:5, Show version: 5, BCP version:1.1', 'prev_value': None, 'change': True}
2020-05-20 17:37:57,998 : INFO : EventManager : Event: ======'machine_var_python_version'====== Args={'value': '3.6.8', 'prev_value': None, 'change': True}
2020-05-20 17:37:57,998 : INFO : EventManager : Event: ======'machine_var_platform'====== Args={'value': 'Windows-7-6.1.7601-SP1', 'prev_value': None, 'change': True}
2020-05-20 17:37:57,998 : INFO : EventManager : Event: ======'machine_var_platform_system'====== Args={'value': 'Windows', 'prev_value': None, 'change': True}
2020-05-20 17:37:57,998 : INFO : EventManager : Event: ======'machine_var_platform_release'====== Args={'value': '7', 'prev_value': None, 'change': True}
2020-05-20 17:37:57,998 : INFO : EventManager : Event: ======'machine_var_platform_version'====== Args={'value': '6.1.7601', 'prev_value': None, 'change': True}
2020-05-20 17:37:57,998 : INFO : EventManager : Event: ======'machine_var_platform_machine'====== Args={'value': 'x86', 'prev_value': None, 'change': True}
2020-05-20 17:37:57,998 : INFO : EventManager : Event: ======'init_phase_1'====== Args={}
2020-05-20 17:37:58,201 : INFO : ConfigProcessor : Loading config from cache: C:\Users\Hans\AppData\Local\Temp\fd4d0ac963aaaec6abb4cac3da0cded0.mpf_cache
2020-05-20 17:37:58,217 : INFO : ConfigProcessor : Loading config from cache: C:\Users\Hans\AppData\Local\Temp\7d6c1285f2e862430ea29e9aa05d0f73.mpf_cache
2020-05-20 17:37:58,248 : INFO : ConfigProcessor : Loading config from cache: C:\Users\Hans\AppData\Local\Temp\5bc0fa50944284867e966a154a822445.mpf_cache
2020-05-20 17:37:58,591 : INFO : EventManager : Event: ======'drop_target_bank_upper_up'====== Args={}
2020-05-20 17:37:58,591 : INFO : EventManager : Event: ======'drop_target_bank_lower_up'====== Args={}
2020-05-20 17:37:58,622 : INFO : EventManager : Event: ======'init_phase_2'====== Args={}
2020-05-20 17:37:58,669 : INFO : SwitchController : Found active switch: (48, <Platform.P3-ROC>)
2020-05-20 17:37:58,669 : INFO : SwitchController : Found active switch: (49, <Platform.P3-ROC>)
2020-05-20 17:37:58,669 : INFO : SwitchController : Found active switch: (50, <Platform.P3-ROC>)
2020-05-20 17:37:58,669 : INFO : SwitchController : Found active switch: (51, <Platform.P3-ROC>)
2020-05-20 17:37:58,669 : INFO : SwitchController : Found active switch: (52, <Platform.P3-ROC>)
2020-05-20 17:37:58,669 : INFO : SwitchController : Found active switch: (39, <Platform.P3-ROC>)
2020-05-20 17:37:58,669 : INFO : SwitchController : Found active switch: (8, <Platform.P3-ROC>)
2020-05-20 17:37:58,669 : INFO : SwitchController : Found active switch: (10, <Platform.P3-ROC>)
2020-05-20 17:37:58,669 : INFO : SwitchController : Found active switch: (11, <Platform.P3-ROC>)
2020-05-20 17:37:58,732 : INFO : EventManager : Event: ======'bcp_connection_attempt'====== Args={'name': 'local_display', 'host': 'localhost', 'port': 5050}
2020-05-20 17:37:58,747 : INFO : BCPClientSocket : Connecting BCP to 'local_display' at localhost:5050...
2020-05-20 17:38:00,966 : INFO : BCPClientSocket : Connected BCP to 'local_display' localhost:5050
2020-05-20 17:38:00,968 : INFO : EventManager : Event: ======'bcp_clients_connected'====== Args={}
2020-05-20 17:38:01,016 : INFO : EventManager : Event: ======'machine_var_mc_version'====== Args={'value': 'MPF-MC v0.53.3', 'prev_value': None, 'change': True}
2020-05-20 17:38:01,017 : INFO : EventManager : Event: ======'machine_var_mc_extended_version'====== Args={'value': 'MPF-MC v0.53.3 (config_version=5, BCP v1.1, Requires MPF v0.53.0)', 'prev_value': None, 'change': True}
2020-05-20 17:38:01,029 : INFO : EventManager : Event: ======'machine_var_master_volume'====== Args={'value': 0.5, 'prev_value': None, 'change': True}
2020-05-20 17:38:01,341 : INFO : EventManager : Event: ======'init_phase_3'====== Args={}
2020-05-20 17:38:01,355 : INFO : EventManager : Event: ======'init_phase_4'====== Args={}
2020-05-20 17:38:01,357 : INFO : EventManager : Event: ======'playfield_active'====== Args={}
2020-05-20 17:38:01,357 : INFO : EventManager : Event: ======'unexpected_ball_on_playfield'====== Args={}
2020-05-20 17:38:01,358 : INFO : EventManager : Event: ======'drop_target_u1_drop_down'====== Args={'device': <drop_target.u1_drop>}
2020-05-20 17:38:01,359 : INFO : EventManager : Event: ======'drop_target_bank_upper_mixed'====== Args={'down': 1}
2020-05-20 17:38:01,359 : INFO : EventManager : Event: ======'playfield_active'====== Args={}
2020-05-20 17:38:01,360 : INFO : EventManager : Event: ======'unexpected_ball_on_playfield'====== Args={}
2020-05-20 17:38:01,360 : INFO : EventManager : Event: ======'drop_target_u3_drop_down'====== Args={'device': <drop_target.u3_drop>}
2020-05-20 17:38:01,361 : INFO : EventManager : Event: ======'drop_target_bank_upper_mixed'====== Args={'down': 2}
2020-05-20 17:38:01,361 : INFO : EventManager : Event: ======'playfield_active'====== Args={}
2020-05-20 17:38:01,362 : INFO : EventManager : Event: ======'unexpected_ball_on_playfield'====== Args={}
2020-05-20 17:38:01,363 : INFO : EventManager : Event: ======'drop_target_u4_drop_down'====== Args={'device': <drop_target.u4_drop>}
2020-05-20 17:38:01,364 : INFO : EventManager : Event: ======'drop_target_bank_upper_mixed'====== Args={'down': 3}
2020-05-20 17:38:01,364 : INFO : EventManager : Event: ======'playfield_active'====== Args={}
2020-05-20 17:38:01,365 : INFO : EventManager : Event: ======'unexpected_ball_on_playfield'====== Args={}
2020-05-20 17:38:01,365 : INFO : EventManager : Event: ======'drop_target_l1_drop_down'====== Args={'device': <drop_target.l1_drop>}
2020-05-20 17:38:01,366 : INFO : EventManager : Event: ======'drop_target_bank_lower_mixed'====== Args={'down': 1}
2020-05-20 17:38:01,366 : INFO : EventManager : Event: ======'playfield_active'====== Args={}
2020-05-20 17:38:01,367 : INFO : EventManager : Event: ======'unexpected_ball_on_playfield'====== Args={}
2020-05-20 17:38:01,368 : INFO : EventManager : Event: ======'drop_target_l2_drop_down'====== Args={'device': <drop_target.l2_drop>}
2020-05-20 17:38:01,369 : INFO : EventManager : Event: ======'drop_target_bank_lower_mixed'====== Args={'down': 2}
2020-05-20 17:38:01,369 : INFO : EventManager : Event: ======'playfield_active'====== Args={}
2020-05-20 17:38:01,370 : INFO : EventManager : Event: ======'unexpected_ball_on_playfield'====== Args={}
2020-05-20 17:38:01,370 : INFO : EventManager : Event: ======'drop_target_l3_drop_down'====== Args={'device': <drop_target.l3_drop>}
2020-05-20 17:38:01,371 : INFO : EventManager : Event: ======'drop_target_bank_lower_mixed'====== Args={'down': 3}
2020-05-20 17:38:01,372 : INFO : EventManager : Event: ======'playfield_active'====== Args={}
2020-05-20 17:38:01,373 : INFO : EventManager : Event: ======'unexpected_ball_on_playfield'====== Args={}
2020-05-20 17:38:01,373 : INFO : EventManager : Event: ======'drop_target_l4_drop_down'====== Args={'device': <drop_target.l4_drop>}
2020-05-20 17:38:01,374 : INFO : EventManager : Event: ======'drop_target_bank_lower_mixed'====== Args={'down': 4}
2020-05-20 17:38:01,375 : INFO : EventManager : Event: ======'playfield_active'====== Args={}
2020-05-20 17:38:01,375 : INFO : EventManager : Event: ======'unexpected_ball_on_playfield'====== Args={}
2020-05-20 17:38:01,375 : INFO : EventManager : Event: ======'drop_target_l5_drop_down'====== Args={'device': <drop_target.l5_drop>}
2020-05-20 17:38:01,376 : INFO : EventManager : Event: ======'drop_target_bank_lower_down'====== Args={}
2020-05-20 17:38:01,389 : INFO : EventManager : Event: ======'machine_var_audits_events_game_ended'====== Args={'value': 41, 'prev_value': None, 'change': True}
2020-05-20 17:38:01,392 : INFO : EventManager : Event: ======'machine_var_audits_events_game_started'====== Args={'value': 84, 'prev_value': None, 'change': True}
2020-05-20 17:38:01,394 : INFO : EventManager : Event: ======'machine_var_audits_player_score'====== Args={'value': {'average': 17047.045454545456, 'top': [120480, 114590, 76090, 56770, 45090, 43120, 36560, 36090, 27560, 23530], 'total': 44}, 'prev_value': None, 'change': True}
2020-05-20 17:38:01,396 : INFO : EventManager : Event: ======'machine_var_audits_shots_10pt'====== Args={'value': 115, 'prev_value': None, 'change': True}
2020-05-20 17:38:01,398 : INFO : EventManager : Event: ======'machine_var_audits_shots_left_inlane'====== Args={'value': 10, 'prev_value': None, 'change': True}
2020-05-20 17:38:01,401 : INFO : EventManager : Event: ======'machine_var_audits_shots_left_outlane'====== Args={'value': 3, 'prev_value': None, 'change': True}
2020-05-20 17:38:01,403 : INFO : EventManager : Event: ======'machine_var_audits_shots_lower_10pt_drops'====== Args={'value': 10, 'prev_value': None, 'change': True}
2020-05-20 17:38:01,406 : INFO : EventManager : Event: ======'machine_var_audits_shots_lower_10pt_lower'====== Args={'value': 6, 'prev_value': None, 'change': True}
2020-05-20 17:38:01,408 : INFO : EventManager : Event: ======'machine_var_audits_shots_lower_10pt_upper'====== Args={'value': 5, 'prev_value': None, 'change': True}
2020-05-20 17:38:01,410 : INFO : EventManager : Event: ======'machine_var_audits_shots_lower_1_drop'====== Args={'value': 8, 'prev_value': None, 'change': True}
2020-05-20 17:38:01,413 : INFO : EventManager : Event: ======'machine_var_audits_shots_lower_2_drop'====== Args={'value': 3, 'prev_value': None, 'change': True}
2020-05-20 17:38:01,416 : INFO : EventManager : Event: ======'machine_var_audits_shots_lower_3_drop'====== Args={'value': 4, 'prev_value': None, 'change': True}
2020-05-20 17:38:01,418 : INFO : EventManager : Event: ======'machine_var_audits_shots_lower_4_drop'====== Args={'value': 5, 'prev_value': None, 'change': True}
2020-05-20 17:38:01,420 : INFO : EventManager : Event: ======'machine_var_audits_shots_lower_5_drop'====== Args={'value': 3, 'prev_value': None, 'change': True}
2020-05-20 17:38:01,423 : INFO : EventManager : Event: ======'machine_var_audits_shots_lower_hole'====== Args={'value': 10, 'prev_value': None, 'change': True}
2020-05-20 17:38:01,425 : INFO : EventManager : Event: ======'machine_var_audits_shots_lower_kick_target'====== Args={'value': 1, 'prev_value': None, 'change': True}
2020-05-20 17:38:01,428 : INFO : EventManager : Event: ======'machine_var_audits_shots_lower_left'====== Args={'value': 3, 'prev_value': None, 'change': True}
2020-05-20 17:38:01,431 : INFO : EventManager : Event: ======'machine_var_audits_shots_lower_left_pop'====== Args={'value': 66, 'prev_value': None, 'change': True}
2020-05-20 17:38:01,433 : INFO : EventManager : Event: ======'machine_var_audits_shots_lower_pop'====== Args={'value': 13, 'prev_value': None, 'change': True}
2020-05-20 17:38:01,436 : INFO : EventManager : Event: ======'machine_var_audits_shots_lower_right'====== Args={'value': 2, 'prev_value': None, 'change': True}
2020-05-20 17:38:01,440 : INFO : EventManager : Event: ======'machine_var_audits_shots_lower_rollover'====== Args={'value': 10, 'prev_value': None, 'change': True}
2020-05-20 17:38:01,442 : INFO : EventManager : Event: ======'machine_var_audits_shots_lower_slingshot'====== Args={'value': 5, 'prev_value': None, 'change': True}
2020-05-20 17:38:01,445 : INFO : EventManager : Event: ======'machine_var_audits_shots_main_1'====== Args={'value': 8, 'prev_value': None, 'change': True}
2020-05-20 17:38:01,448 : INFO : EventManager : Event: ======'machine_var_audits_shots_main_2'====== Args={'value': 12, 'prev_value': None, 'change': True}
2020-05-20 17:38:01,452 : INFO : EventManager : Event: ======'machine_var_audits_shots_main_3'====== Args={'value': 8, 'prev_value': None, 'change': True}
2020-05-20 17:38:01,454 : INFO : EventManager : Event: ======'machine_var_audits_shots_main_4'====== Args={'value': 19, 'prev_value': None, 'change': True}
2020-05-20 17:38:01,457 : INFO : EventManager : Event: ======'machine_var_audits_shots_main_5'====== Args={'value': 15, 'prev_value': None, 'change': True}
2020-05-20 17:38:01,460 : INFO : EventManager : Event: ======'machine_var_audits_shots_main_slingshot'====== Args={'value': 18, 'prev_value': None, 'change': True}
2020-05-20 17:38:01,463 : INFO : EventManager : Event: ======'machine_var_audits_shots_right_inlane'====== Args={'value': 48, 'prev_value': None, 'change': True}
2020-05-20 17:38:01,466 : INFO : EventManager : Event: ======'machine_var_audits_shots_right_kickout'====== Args={'value': 24, 'prev_value': None, 'change': True}
2020-05-20 17:38:01,469 : INFO : EventManager : Event: ======'machine_var_audits_shots_right_outlane'====== Args={'value': 28, 'prev_value': None, 'change': True}
2020-05-20 17:38:01,472 : INFO : EventManager : Event: ======'machine_var_audits_shots_rollunder'====== Args={'value': 44, 'prev_value': None, 'change': True}
2020-05-20 17:38:01,475 : INFO : EventManager : Event: ======'machine_var_audits_shots_standup_right'====== Args={'value': 54, 'prev_value': None, 'change': True}
2020-05-20 17:38:01,478 : INFO : EventManager : Event: ======'machine_var_audits_shots_upper_1'====== Args={'value': 16, 'prev_value': None, 'change': True}
2020-05-20 17:38:01,481 : INFO : EventManager : Event: ======'machine_var_audits_shots_upper_1_drop'====== Args={'value': 32, 'prev_value': None, 'change': True}
2020-05-20 17:38:01,484 : INFO : EventManager : Event: ======'machine_var_audits_shots_upper_2'====== Args={'value': 22, 'prev_value': None, 'change': True}
2020-05-20 17:38:01,487 : INFO : EventManager : Event: ======'machine_var_audits_shots_upper_2_drop'====== Args={'value': 35, 'prev_value': None, 'change': True}
2020-05-20 17:38:01,490 : INFO : EventManager : Event: ======'machine_var_audits_shots_upper_3'====== Args={'value': 12, 'prev_value': None, 'change': True}
2020-05-20 17:38:01,493 : INFO : EventManager : Event: ======'machine_var_audits_shots_upper_3_drop'====== Args={'value': 33, 'prev_value': None, 'change': True}
2020-05-20 17:38:01,497 : INFO : EventManager : Event: ======'machine_var_audits_shots_upper_4'====== Args={'value': 11, 'prev_value': None, 'change': True}
2020-05-20 17:38:01,499 : INFO : EventManager : Event: ======'machine_var_audits_shots_upper_4_drop'====== Args={'value': 40, 'prev_value': None, 'change': True}
2020-05-20 17:38:01,503 : INFO : EventManager : Event: ======'machine_var_audits_shots_upper_left_pop'====== Args={'value': 26, 'prev_value': None, 'change': True}
2020-05-20 17:38:01,506 : INFO : EventManager : Event: ======'machine_var_audits_shots_upper_pop'====== Args={'value': 136, 'prev_value': None, 'change': True}
2020-05-20 17:38:01,509 : INFO : EventManager : Event: ======'machine_var_audits_switches_s_left_flipper1'====== Args={'value': 10, 'prev_value': None, 'change': True}
2020-05-20 17:38:01,513 : INFO : EventManager : Event: ======'machine_var_audits_switches_s_left_flipper2'====== Args={'value': 113, 'prev_value': None, 'change': True}
2020-05-20 17:38:01,516 : INFO : EventManager : Event: ======'machine_var_audits_switches_s_lower_10pt_UPPER'====== Args={'value': 0, 'prev_value': None, 'change': True}
2020-05-20 17:38:01,520 : INFO : EventManager : Event: ======'machine_var_audits_switches_s_lower_10pt_drops'====== Args={'value': 10, 'prev_value': None, 'change': True}
2020-05-20 17:38:01,523 : INFO : EventManager : Event: ======'machine_var_audits_switches_s_lower_10pt_lower'====== Args={'value': 6, 'prev_value': None, 'change': True}
2020-05-20 17:38:01,527 : INFO : EventManager : Event: ======'machine_var_audits_switches_s_lower_10pt_upper'====== Args={'value': 5, 'prev_value': None, 'change': True}
2020-05-20 17:38:01,530 : INFO : EventManager : Event: ======'machine_var_audits_switches_s_lower_1_drop'====== Args={'value': 362, 'prev_value': None, 'change': True}
2020-05-20 17:38:01,534 : INFO : EventManager : Event: ======'machine_var_audits_switches_s_lower_2_drop'====== Args={'value': 3, 'prev_value': None, 'change': True}
2020-05-20 17:38:01,537 : INFO : EventManager : Event: ======'machine_var_audits_switches_s_lower_3_drop'====== Args={'value': 4, 'prev_value': None, 'change': True}
2020-05-20 17:38:01,541 : INFO : EventManager : Event: ======'machine_var_audits_switches_s_lower_4_drop'====== Args={'value': 5, 'prev_value': None, 'change': True}
2020-05-20 17:38:01,544 : INFO : EventManager : Event: ======'machine_var_audits_switches_s_lower_5_drop'====== Args={'value': 3, 'prev_value': None, 'change': True}
2020-05-20 17:38:01,548 : INFO : EventManager : Event: ======'machine_var_audits_switches_s_lower_bonus_left'====== Args={'value': 3, 'prev_value': None, 'change': True}
2020-05-20 17:38:01,552 : INFO : EventManager : Event: ======'machine_var_audits_switches_s_lower_bonus_right'====== Args={'value': 2, 'prev_value': None, 'change': True}
2020-05-20 17:38:01,555 : INFO : EventManager : Event: ======'machine_var_audits_switches_s_lower_kick_target'====== Args={'value': 1, 'prev_value': None, 'change': True}
2020-05-20 17:38:01,559 : INFO : EventManager : Event: ======'machine_var_audits_switches_s_lower_kickout_special'====== Args={'value': 10, 'prev_value': None, 'change': True}
2020-05-20 17:38:01,563 : INFO : EventManager : Event: ======'machine_var_audits_switches_s_lower_pop'====== Args={'value': 13, 'prev_value': None, 'change': True}
2020-05-20 17:38:01,567 : INFO : EventManager : Event: ======'machine_var_audits_switches_s_lower_rollover'====== Args={'value': 38, 'prev_value': None, 'change': True}
2020-05-20 17:38:01,571 : INFO : EventManager : Event: ======'machine_var_audits_switches_s_lower_slingshot'====== Args={'value': 5, 'prev_value': None, 'change': True}
2020-05-20 17:38:01,574 : INFO : EventManager : Event: ======'machine_var_audits_switches_s_lower_vuk'====== Args={'value': 158, 'prev_value': None, 'change': True}
2020-05-20 17:38:01,578 : INFO : EventManager : Event: ======'machine_var_audits_switches_s_main_10pt_left'====== Args={'value': 13, 'prev_value': None, 'change': True}
2020-05-20 17:38:01,582 : INFO : EventManager : Event: ======'machine_var_audits_switches_s_main_1_target'====== Args={'value': 35, 'prev_value': None, 'change': True}
2020-05-20 17:38:01,587 : INFO : EventManager : Event: ======'machine_var_audits_switches_s_main_1_trough'====== Args={'value': 20, 'prev_value': None, 'change': True}
2020-05-20 17:38:01,591 : INFO : EventManager : Event: ======'machine_var_audits_switches_s_main_2_target'====== Args={'value': 35, 'prev_value': None, 'change': True}
2020-05-20 17:38:01,595 : INFO : EventManager : Event: ======'machine_var_audits_switches_s_main_2_trough'====== Args={'value': 45, 'prev_value': None, 'change': True}
2020-05-20 17:38:01,599 : INFO : EventManager : Event: ======'machine_var_audits_switches_s_main_3_target'====== Args={'value': 8, 'prev_value': None, 'change': True}
2020-05-20 17:38:01,603 : INFO : EventManager : Event: ======'machine_var_audits_switches_s_main_4_target'====== Args={'value': 35, 'prev_value': None, 'change': True}
2020-05-20 17:38:01,606 : INFO : EventManager : Event: ======'machine_var_audits_switches_s_main_5_target'====== Args={'value': 49, 'prev_value': None, 'change': True}
2020-05-20 17:38:01,611 : INFO : EventManager : Event: ======'machine_var_audits_switches_s_main_inlane_left'====== Args={'value': 13, 'prev_value': None, 'change': True}
2020-05-20 17:38:01,615 : INFO : EventManager : Event: ======'machine_var_audits_switches_s_main_inlane_right'====== Args={'value': 53, 'prev_value': None, 'change': True}
2020-05-20 17:38:01,619 : INFO : EventManager : Event: ======'machine_var_audits_switches_s_main_kickout_right'====== Args={'value': 122, 'prev_value': None, 'change': True}
2020-05-20 17:38:01,623 : INFO : EventManager : Event: ======'machine_var_audits_switches_s_main_lane_center'====== Args={'value': 68, 'prev_value': None, 'change': True}
2020-05-20 17:38:01,627 : INFO : EventManager : Event: ======'machine_var_audits_switches_s_main_outhole'====== Args={'value': 304, 'prev_value': None, 'change': True}
2020-05-20 17:38:01,632 : INFO : EventManager : Event: ======'machine_var_audits_switches_s_main_outlane_left'====== Args={'value': 10, 'prev_value': None, 'change': True}
2020-05-20 17:38:01,636 : INFO : EventManager : Event: ======'machine_var_audits_switches_s_main_outlane_right'====== Args={'value': 29, 'prev_value': None, 'change': True}
2020-05-20 17:38:01,640 : INFO : EventManager : Event: ======'machine_var_audits_switches_s_main_pop_bottom'====== Args={'value': 94, 'prev_value': None, 'change': True}
2020-05-20 17:38:01,644 : INFO : EventManager : Event: ======'machine_var_audits_switches_s_main_pop_top'====== Args={'value': 91, 'prev_value': None, 'change': True}
2020-05-20 17:38:01,649 : INFO : EventManager : Event: ======'machine_var_audits_switches_s_main_rollunder'====== Args={'value': 44, 'prev_value': None, 'change': True}
2020-05-20 17:38:01,653 : INFO : EventManager : Event: ======'machine_var_audits_switches_s_main_roundabout_rollunder'====== Args={'value': 52, 'prev_value': None, 'change': True}
2020-05-20 17:38:01,657 : INFO : EventManager : Event: ======'machine_var_audits_switches_s_main_secret_trough'====== Args={'value': 17, 'prev_value': None, 'change': True}
2020-05-20 17:38:01,662 : INFO : EventManager : Event: ======'machine_var_audits_switches_s_main_slingshot'====== Args={'value': 213, 'prev_value': None, 'change': True}
2020-05-20 17:38:01,666 : INFO : EventManager : Event: ======'machine_var_audits_switches_s_main_target_right'====== Args={'value': 107, 'prev_value': None, 'change': True}
2020-05-20 17:38:01,671 : INFO : EventManager : Event: ======'machine_var_audits_switches_s_main_trapdoor_trough'====== Args={'value': 0, 'prev_value': None, 'change': True}
2020-05-20 17:38:01,675 : INFO : EventManager : Event: ======'machine_var_audits_switches_s_main_vuk'====== Args={'value': 143, 'prev_value': None, 'change': True}
2020-05-20 17:38:01,679 : INFO : EventManager : Event: ======'machine_var_audits_switches_s_right_flipper1'====== Args={'value': 0, 'prev_value': None, 'change': True}
2020-05-20 17:38:01,684 : INFO : EventManager : Event: ======'machine_var_audits_switches_s_right_flipper2'====== Args={'value': 85, 'prev_value': None, 'change': True}
2020-05-20 17:38:01,688 : INFO : EventManager : Event: ======'machine_var_audits_switches_s_start'====== Args={'value': 1, 'prev_value': None, 'change': True}
2020-05-20 17:38:01,693 : INFO : EventManager : Event: ======'machine_var_audits_switches_s_upper_10pt_center'====== Args={'value': 129, 'prev_value': None, 'change': True}
2020-05-20 17:38:01,697 : INFO : EventManager : Event: ======'machine_var_audits_switches_s_upper_10pt_left'====== Args={'value': 82, 'prev_value': None, 'change': True}
2020-05-20 17:38:01,702 : INFO : EventManager : Event: ======'machine_var_audits_switches_s_upper_1_drop'====== Args={'value': 40, 'prev_value': None, 'change': True}
2020-05-20 17:38:01,707 : INFO : EventManager : Event: ======'machine_var_audits_switches_s_upper_1_target'====== Args={'value': 77, 'prev_value': None, 'change': True}
2020-05-20 17:38:01,711 : INFO : EventManager : Event: ======'machine_var_audits_switches_s_upper_2_drop'====== Args={'value': 52, 'prev_value': None, 'change': True}
2020-05-20 17:38:01,715 : INFO : EventManager : Event: ======'machine_var_audits_switches_s_upper_2_target'====== Args={'value': 108, 'prev_value': None, 'change': True}
2020-05-20 17:38:01,720 : INFO : EventManager : Event: ======'machine_var_audits_switches_s_upper_3_drop'====== Args={'value': 43, 'prev_value': None, 'change': True}
2020-05-20 17:38:01,726 : INFO : EventManager : Event: ======'machine_var_audits_switches_s_upper_3_target'====== Args={'value': 49, 'prev_value': None, 'change': True}
2020-05-20 17:38:01,731 : INFO : EventManager : Event: ======'machine_var_audits_switches_s_upper_4_drop'====== Args={'value': 58, 'prev_value': None, 'change': True}
2020-05-20 17:38:01,736 : INFO : EventManager : Event: ======'machine_var_audits_switches_s_upper_4_target'====== Args={'value': 49, 'prev_value': None, 'change': True}
2020-05-20 17:38:01,740 : INFO : EventManager : Event: ======'machine_var_audits_switches_s_upper_pop'====== Args={'value': 368, 'prev_value': None, 'change': True}
2020-05-20 17:38:01,746 : INFO : EventManager : Event: ======'init_phase_5'====== Args={}
2020-05-20 17:38:01,809 : INFO : EventManager : Event: ======'init_done'====== Args={}
2020-05-20 17:38:01,869 : INFO : EventManager : Event: ======'machine_reset_phase_1'====== Args={}
2020-05-20 17:38:01,882 : INFO : EventManager : Event: ======'slide_welcome_slide_removed'====== Args={'_from_bcp': True}
2020-05-20 17:38:01,896 : INFO : EventManager : Event: ======'slide_welcome_slide_created'====== Args={'_from_bcp': True}
2020-05-20 17:38:01,901 : INFO : EventManager : Event: ======'slide_welcome_slide_active'====== Args={'_from_bcp': True}
2020-05-20 17:38:01,917 : INFO : EventManager : Event: ======'machine_reset_phase_2'====== Args={}
2020-05-20 17:38:01,919 : INFO : EventManager : Event: ======'machine_reset_phase_3'====== Args={}
2020-05-20 17:38:01,921 : INFO : drop_target_bank.upper : 3 targets are down. Will reset those.
2020-05-20 17:38:01,923 : INFO : coil.c_upper_drop : Pulsing Driver for 75ms (1.0 pulse_power)
2020-05-20 17:38:01,924 : INFO : drop_target_bank.lower : 5 targets are down. Will reset those.
2020-05-20 17:38:01,925 : INFO : coil.c_upper_drop : Pulsing Driver for 75ms (1.0 pulse_power)
2020-05-20 17:38:01,927 : INFO : coil.c_upper_drop : Pulsing Driver for 75ms (1.0 pulse_power)
2020-05-20 17:38:01,929 : INFO : coil.c_upper_drop : Pulsing Driver for 75ms (1.0 pulse_power)
2020-05-20 17:38:01,932 : INFO : coil.c_lower_drop : Pulsing Driver for 50ms (1.0 pulse_power)
2020-05-20 17:38:01,935 : INFO : coil.c_lower_drop : Pulsing Driver for 50ms (1.0 pulse_power)
2020-05-20 17:38:01,936 : INFO : coil.c_lower_drop : Pulsing Driver for 50ms (1.0 pulse_power)
2020-05-20 17:38:01,938 : INFO : coil.c_lower_drop : Pulsing Driver for 50ms (1.0 pulse_power)
2020-05-20 17:38:01,940 : INFO : coil.c_lower_drop : Pulsing Driver for 50ms (1.0 pulse_power)
2020-05-20 17:38:01,942 : INFO : EventManager : Event: ======'reset_complete'====== Args={}
2020-05-20 17:38:01,945 : INFO : EventManager : Event: ======'mode_attract_will_start'====== Args={}
2020-05-20 17:38:01,949 : INFO : EventManager : Event: ======'mode_attract_starting'====== Args={}
2020-05-20 17:38:01,950 : INFO : Mode.attract : Started. Priority: 10
2020-05-20 17:38:01,950 : INFO : EventManager : Event: ======'mode_attract_started'====== Args={}
2020-05-20 17:38:01,953 : INFO : EventManager : Event: ======'collecting_balls_complete'====== Args={}
2020-05-20 17:38:02,068 : INFO : coil.c_lower_drop : Pulsing Driver for 50ms (1.0 pulse_power)
2020-05-20 17:38:02,070 : INFO : EventManager : Event: ======'slide_attract_started_created'====== Args={'_from_bcp': True}
2020-05-20 17:38:02,071 : INFO : EventManager : Event: ======'slide_attract_started_active'====== Args={'_from_bcp': True}
2020-05-20 17:38:02,072 : INFO : Machine : Starting the main run loop.
2020-05-20 17:38:02,363 : INFO : drop_target_bank.lower : 5 targets are down. Will reset those.
2020-05-20 17:38:02,364 : INFO : coil.c_lower_drop : Pulsing Driver for 50ms (1.0 pulse_power)
2020-05-20 17:38:02,409 : INFO : EventManager : Event: ======'restore'====== Args={}
2020-05-20 17:38:02,410 : INFO : EventManager : Event: ======'drop_target_bank_upper_mixed'====== Args={'down': 3}
2020-05-20 17:38:02,862 : INFO : EventManager : Event: ======'restore'====== Args={}
2020-05-20 17:38:02,863 : INFO : EventManager : Event: ======'drop_target_bank_lower_down'====== Args={}
2020-05-20 17:38:03,860 : INFO : drop_target_bank.lower : 5 targets are down. Will reset those.
2020-05-20 17:38:03,860 : INFO : coil.c_lower_drop : Pulsing Driver for 50ms (1.0 pulse_power)
2020-05-20 17:38:04,359 : INFO : EventManager : Event: ======'restore'====== Args={}
2020-05-20 17:38:04,360 : INFO : EventManager : Event: ======'drop_target_bank_lower_down'====== Args={}
2020-05-20 17:38:05,358 : INFO : drop_target_bank.lower : 5 targets are down. Will reset those.
2020-05-20 17:38:05,359 : INFO : coil.c_lower_drop : Pulsing Driver for 50ms (1.0 pulse_power)
2020-05-20 17:38:05,857 : INFO : EventManager : Event: ======'restore'====== Args={}
2020-05-20 17:38:05,858 : INFO : EventManager : Event: ======'drop_target_bank_lower_down'====== Args={}
2020-05-20 17:38:06,855 : INFO : drop_target_bank.lower : 5 targets are down. Will reset those.
2020-05-20 17:38:06,855 : INFO : coil.c_lower_drop : Pulsing Driver for 50ms (1.0 pulse_power)
2020-05-20 17:38:07,354 : INFO : EventManager : Event: ======'restore'====== Args={}
2020-05-20 17:38:07,355 : INFO : EventManager : Event: ======'drop_target_bank_lower_down'====== Args={}
2020-05-20 17:38:08,353 : INFO : drop_target_bank.lower : 5 targets are down. Will reset those.
2020-05-20 17:38:08,353 : INFO : coil.c_lower_drop : Pulsing Driver for 50ms (1.0 pulse_power)
2020-05-20 17:38:08,852 : INFO : EventManager : Event: ======'restore'====== Args={}
2020-05-20 17:38:08,853 : INFO : EventManager : Event: ======'drop_target_bank_lower_down'====== Args={}
2020-05-20 17:38:09,850 : INFO : drop_target_bank.lower : 5 targets are down. Will reset those.
2020-05-20 17:38:09,850 : INFO : coil.c_lower_drop : Pulsing Driver for 50ms (1.0 pulse_power)
2020-05-20 17:38:10,349 : INFO : EventManager : Event: ======'restore'====== Args={}
2020-05-20 17:38:10,350 : INFO : EventManager : Event: ======'drop_target_bank_lower_down'====== Args={}
2020-05-20 17:38:11,348 : INFO : drop_target_bank.lower : 5 targets are down. Will reset those.
2020-05-20 17:38:11,348 : INFO : coil.c_lower_drop : Pulsing Driver for 50ms (1.0 pulse_power)
2020-05-20 17:38:11,847 : INFO : EventManager : Event: ======'restore'====== Args={}
2020-05-20 17:38:11,849 : INFO : EventManager : Event: ======'drop_target_bank_lower_down'====== Args={}
2020-05-20 17:38:12,845 : INFO : drop_target_bank.lower : 5 targets are down. Will reset those.
2020-05-20 17:38:12,845 : INFO : coil.c_lower_drop : Pulsing Driver for 50ms (1.0 pulse_power)
2020-05-20 17:38:13,344 : INFO : EventManager : Event: ======'restore'====== Args={}
2020-05-20 17:38:13,345 : INFO : EventManager : Event: ======'drop_target_bank_lower_down'====== Args={}
2020-05-20 17:38:14,343 : INFO : drop_target_bank.lower : 5 targets are down. Will reset those.
2020-05-20 17:38:14,343 : INFO : coil.c_lower_drop : Pulsing Driver for 50ms (1.0 pulse_power)
2020-05-20 17:38:14,843 : INFO : EventManager : Event: ======'restore'====== Args={}
2020-05-20 17:38:14,844 : INFO : EventManager : Event: ======'drop_target_bank_lower_down'====== Args={}
2020-05-20 17:38:15,841 : INFO : drop_target_bank.lower : 5 targets are down. Will reset those.
2020-05-20 17:38:15,841 : INFO : coil.c_lower_drop : Pulsing Driver for 50ms (1.0 pulse_power)
2020-05-20 17:38:16,340 : INFO : EventManager : Event: ======'restore'====== Args={}
2020-05-20 17:38:16,341 : INFO : EventManager : Event: ======'drop_target_bank_lower_down'====== Args={}
2020-05-20 17:38:17,339 : INFO : drop_target_bank.lower : 5 targets are down. Will reset those.
2020-05-20 17:38:17,339 : INFO : coil.c_lower_drop : Pulsing Driver for 50ms (1.0 pulse_power)
2020-05-20 17:38:17,838 : INFO : EventManager : Event: ======'restore'====== Args={}
2020-05-20 17:38:17,839 : INFO : EventManager : Event: ======'drop_target_bank_lower_down'====== Args={}
2020-05-20 17:38:17,945 : INFO : Machine : Shutting down...
2020-05-20 17:38:17,945 : INFO : EventManager : Event: ======'shutdown'====== Args={}
