2020-05-20 17:50:10,590 : kivy : Factory: 184 symbols loaded
2020-05-20 17:50:11,479 : kivy : Image: Providers: img_tex, img_dds, img_sdl2, img_pil, img_gif (img_ffpyplayer ignored)
2020-05-20 17:50:11,838 : kivy : VideoGstplayer: Using Gstreamer 1.16.0.0
2020-05-20 17:50:11,838 : kivy : Video: Provider: gstplayer
2020-05-20 17:50:12,213 : kivy : Loading MPF-MC controller
2020-05-20 17:50:12,213 : mpfmc : Mission Pinball Framework Media Controller v0.53.3
2020-05-20 17:50:12,228 : mpfmc : Mission Pinball Framework Game Engine v0.53.3
2020-05-20 17:50:12,228 : mpfmc : Machine path: C:\pinball\HauntedHouse
2020-05-20 17:50:12,228 : ConfigProcessor : Config file in cache changed: C:\pinball\HauntedHouse\config\config
2020-05-20 17:50:12,228 : ConfigProcessor : Loading config from file c:\users\hans\appdata\local\programs\python\python36-32\lib\site-packages\mpfmc\mcconfig.yaml.
2020-05-20 17:50:12,759 : ConfigProcessor : Loading config: c:\users\hans\appdata\local\programs\python\python36-32\lib\site-packages\mpfmc\mcconfig.yaml
2020-05-20 17:50:17,439 : ConfigValidator : Config spec file cache created: C:\Users\Hans\AppData\Local\Temp\config_spec.mpf_cache
2020-05-20 17:50:17,517 : ConfigProcessor : Loading config from file C:\pinball\HauntedHouse\config\config.
2020-05-20 17:50:18,671 : ConfigProcessor : Loading config: C:\pinball\HauntedHouse\config\config
2020-05-20 17:50:18,687 : ConfigProcessor : Config file cache created: C:\Users\Hans\AppData\Local\Temp\1db0e0e3fd8cb1ead45d2e51d225dce4.mpf_cache
2020-05-20 17:50:18,687 : mpfmc : Starting clock at 60.0Hz
2020-05-20 17:50:18,749 : kivy : Text: Provider: sdl2
2020-05-20 17:50:18,999 : kivy : Window: Provider: sdl2
2020-05-20 17:50:19,637 : kivy : GL: Using the "OpenGL" graphics system
2020-05-20 17:50:19,641 : kivy : GL: GLEW initialization succeeded
2020-05-20 17:50:19,642 : kivy : GL: Backend used <glew>
2020-05-20 17:50:19,642 : kivy : GL: OpenGL version <b'3.0'>
2020-05-20 17:50:19,643 : kivy : GL: OpenGL vendor <b'Intel Corporation'>
2020-05-20 17:50:19,643 : kivy : GL: OpenGL renderer <b'Intel(R) Graphics Media Accelerator 3600 Series'>
2020-05-20 17:50:19,644 : kivy : GL: OpenGL parsed version: 3, 0
2020-05-20 17:50:19,644 : kivy : GL: Shading version <b'1.30'>
2020-05-20 17:50:19,645 : kivy : GL: Texture max size <8192>
2020-05-20 17:50:19,645 : kivy : GL: Texture max units <16>
2020-05-20 17:50:19,776 : kivy : Window: auto add sdl2 input provider
2020-05-20 17:50:19,777 : kivy : Window: virtual keyboard not allowed, single mode, not docked
2020-05-20 17:50:19,808 : SoundSystem : SoundSystem: Using default 'sound_system' settings
2020-05-20 17:50:21,081 : AudioInterface : Initialized
2020-05-20 17:50:21,082 : SoundSystem : No audio tracks are specified in your machine config file. a track named 'default' has been created.
2020-05-20 17:50:21,098 : kivy : Base: Start application main loop
2020-05-20 17:50:21,100 : EventManager : Event: ======'display_window_initialized'====== Args={}
2020-05-20 17:50:23,192 : mpfmc : Display: Setting 'window' as default display
2020-05-20 17:50:23,213 : EventManager : Event: ======'displays_initialized'====== Args={}
2020-05-20 17:50:23,219 : EventManager : Event: ======'slide_window_blank_created'====== Args={}
2020-05-20 17:50:23,219 : EventManager : Event: ======'display_window_ready'====== Args={}
2020-05-20 17:50:23,259 : EventManager : Event: ======'init_phase_1'====== Args={}
2020-05-20 17:50:23,285 : EventManager : Event: ======'mc_ready'====== Args={}
2020-05-20 17:50:23,286 : EventManager : Event: ======'init_phase_2'====== Args={}
2020-05-20 17:50:23,293 : ConfigProcessor : Loading config from cache: C:\Users\Hans\AppData\Local\Temp\5bc0fa50944284867e966a154a822445.mpf_cache
2020-05-20 17:50:23,297 : ConfigProcessor : Loading config from cache: C:\Users\Hans\AppData\Local\Temp\fd4d0ac963aaaec6abb4cac3da0cded0.mpf_cache
2020-05-20 17:50:23,303 : ConfigProcessor : Loading config from cache: C:\Users\Hans\AppData\Local\Temp\7d6c1285f2e862430ea29e9aa05d0f73.mpf_cache
2020-05-20 17:50:23,305 : EventManager : Event: ======'init_phase_3'====== Args={}
2020-05-20 17:50:23,309 : EventManager : Event: ======'init_phase_4'====== Args={}
2020-05-20 17:50:23,309 : EventManager : Event: ======'init_phase_5'====== Args={}
2020-05-20 17:50:23,310 : EventManager : Event: ======'init_done'====== Args={}
2020-05-20 17:50:23,311 : MPF-MC BCP Server : Starting up on localhost port 5050
2020-05-20 17:50:23,320 : MPF-MC BCP Server : Waiting for a connection...
2020-05-20 17:50:23,321 : mpfmc : SlidePlayer: Play called with settings={'slides': {welcome_slide-None-None: {'priority': None, 'target': None, 'background_color': [0.0, 0.0, 0.0, 1.0], 'show': True, 'force': False, 'expire': None, 'slide': None, 'tokens': {}, 'action': 'play', 'transition': None, 'transition_out': None}}}
2020-05-20 17:50:23,341 : kivy : GL: NPOT texture support is available
2020-05-20 17:50:23,349 : EventManager : Event: ======'slide_welcome_slide_created'====== Args={}
2020-05-20 17:50:23,374 : EventManager : Event: ======'slide_welcome_slide_active'====== Args={}
2020-05-20 17:50:23,407 : EventManager : Event: ======'client_disconnected'====== Args={'host': '127.0.0.1', 'port': 5050}
2020-05-20 17:50:24,093 : MPF-MC BCP Server : Received connection from: 127.0.0.1:49211
2020-05-20 17:50:24,122 : EventManager : Event: ======'client_connected'====== Args={'host': '127.0.0.1', 'port': 49211}
2020-05-20 17:50:24,168 : EventManager : Event: ======'machine_var_p_roc_version'====== Args={'value': 2, 'prev_value': None, 'change': True}
2020-05-20 17:50:24,169 : EventManager : Event: ======'machine_var_p_roc_revision'====== Args={'value': 6, 'prev_value': None, 'change': True}
2020-05-20 17:50:24,170 : EventManager : Event: ======'machine_var_p_roc_hardware_version'====== Args={'value': 1, 'prev_value': None, 'change': True}
2020-05-20 17:50:24,170 : EventManager : Event: ======'machine_var_credits_string'====== Args={'value': 'FREE PLAY', 'prev_value': None, 'change': True}
2020-05-20 17:50:24,171 : EventManager : Event: ======'machine_var_player1_score'====== Args={'value': 120480, 'prev_value': None, 'change': True}
2020-05-20 17:50:24,172 : EventManager : Event: ======'machine_var_mpf_version'====== Args={'value': 'MPF v0.53.3', 'prev_value': None, 'change': True}
2020-05-20 17:50:24,172 : EventManager : Event: ======'machine_var_mpf_extended_version'====== Args={'value': 'MPF v0.53.3, Config version:5, Show version: 5, BCP version:1.1', 'prev_value': None, 'change': True}
2020-05-20 17:50:24,173 : EventManager : Event: ======'machine_var_python_version'====== Args={'value': '3.6.8', 'prev_value': None, 'change': True}
2020-05-20 17:50:24,174 : EventManager : Event: ======'machine_var_platform'====== Args={'value': 'Windows-7-6.1.7601-SP1', 'prev_value': None, 'change': True}
2020-05-20 17:50:24,174 : EventManager : Event: ======'machine_var_platform_system'====== Args={'value': 'Windows', 'prev_value': None, 'change': True}
2020-05-20 17:50:24,175 : EventManager : Event: ======'machine_var_platform_release'====== Args={'value': '7', 'prev_value': None, 'change': True}
2020-05-20 17:50:24,176 : EventManager : Event: ======'machine_var_platform_version'====== Args={'value': '6.1.7601', 'prev_value': None, 'change': True}
2020-05-20 17:50:24,176 : EventManager : Event: ======'machine_var_platform_machine'====== Args={'value': 'x86', 'prev_value': None, 'change': True}
2020-05-20 17:50:24,177 : EventManager : Event: ======'machine_var_mc_version'====== Args={'value': 'MPF-MC v0.53.3', 'prev_value': None, 'change': True}
2020-05-20 17:50:24,178 : EventManager : Event: ======'machine_var_mc_extended_version'====== Args={'value': 'MPF-MC v0.53.3 (config_version=5, BCP v1.1, Requires MPF v0.53.0)', 'prev_value': None, 'change': True}
2020-05-20 17:50:24,192 : EventManager : Event: ======'machine_var_master_volume'====== Args={'value': 0.5, 'prev_value': None, 'change': True}
2020-05-20 17:50:24,545 : EventManager : Event: ======'machine_var_audits_events_game_ended'====== Args={'value': 41, 'prev_value': None, 'change': True}
2020-05-20 17:50:24,547 : EventManager : Event: ======'machine_var_audits_events_game_started'====== Args={'value': 85, 'prev_value': None, 'change': True}
2020-05-20 17:50:24,557 : EventManager : Event: ======'machine_var_audits_player_score'====== Args={'value': {'average': 17047.045454545456, 'top': [120480, 114590, 76090, 56770, 45090, 43120, 36560, 36090, 27560, 23530], 'total': 44}, 'prev_value': None, 'change': True}
2020-05-20 17:50:24,558 : EventManager : Event: ======'machine_var_audits_shots_10pt'====== Args={'value': 115, 'prev_value': None, 'change': True}
2020-05-20 17:50:24,559 : EventManager : Event: ======'machine_var_audits_shots_left_inlane'====== Args={'value': 10, 'prev_value': None, 'change': True}
2020-05-20 17:50:24,560 : EventManager : Event: ======'machine_var_audits_shots_left_outlane'====== Args={'value': 3, 'prev_value': None, 'change': True}
2020-05-20 17:50:24,569 : EventManager : Event: ======'machine_var_audits_shots_lower_10pt_drops'====== Args={'value': 10, 'prev_value': None, 'change': True}
2020-05-20 17:50:24,570 : EventManager : Event: ======'machine_var_audits_shots_lower_10pt_lower'====== Args={'value': 6, 'prev_value': None, 'change': True}
2020-05-20 17:50:24,571 : EventManager : Event: ======'machine_var_audits_shots_lower_10pt_upper'====== Args={'value': 5, 'prev_value': None, 'change': True}
2020-05-20 17:50:24,572 : EventManager : Event: ======'machine_var_audits_shots_lower_1_drop'====== Args={'value': 32, 'prev_value': None, 'change': True}
2020-05-20 17:50:24,573 : EventManager : Event: ======'machine_var_audits_shots_lower_2_drop'====== Args={'value': 3, 'prev_value': None, 'change': True}
2020-05-20 17:50:24,581 : EventManager : Event: ======'machine_var_audits_shots_lower_3_drop'====== Args={'value': 4, 'prev_value': None, 'change': True}
2020-05-20 17:50:24,582 : EventManager : Event: ======'machine_var_audits_shots_lower_4_drop'====== Args={'value': 5, 'prev_value': None, 'change': True}
2020-05-20 17:50:24,583 : EventManager : Event: ======'machine_var_audits_shots_lower_5_drop'====== Args={'value': 3, 'prev_value': None, 'change': True}
2020-05-20 17:50:24,584 : EventManager : Event: ======'machine_var_audits_shots_lower_hole'====== Args={'value': 10, 'prev_value': None, 'change': True}
2020-05-20 17:50:24,588 : EventManager : Event: ======'machine_var_audits_shots_lower_kick_target'====== Args={'value': 1, 'prev_value': None, 'change': True}
2020-05-20 17:50:24,589 : EventManager : Event: ======'machine_var_audits_shots_lower_left'====== Args={'value': 3, 'prev_value': None, 'change': True}
2020-05-20 17:50:24,590 : EventManager : Event: ======'machine_var_audits_shots_lower_left_pop'====== Args={'value': 66, 'prev_value': None, 'change': True}
2020-05-20 17:50:24,592 : EventManager : Event: ======'machine_var_audits_shots_lower_pop'====== Args={'value': 13, 'prev_value': None, 'change': True}
2020-05-20 17:50:24,600 : EventManager : Event: ======'machine_var_audits_shots_lower_right'====== Args={'value': 2, 'prev_value': None, 'change': True}
2020-05-20 17:50:24,601 : EventManager : Event: ======'machine_var_audits_shots_lower_rollover'====== Args={'value': 10, 'prev_value': None, 'change': True}
2020-05-20 17:50:24,602 : EventManager : Event: ======'machine_var_audits_shots_lower_slingshot'====== Args={'value': 5, 'prev_value': None, 'change': True}
2020-05-20 17:50:24,604 : EventManager : Event: ======'machine_var_audits_shots_main_1'====== Args={'value': 8, 'prev_value': None, 'change': True}
2020-05-20 17:50:24,613 : EventManager : Event: ======'machine_var_audits_shots_main_2'====== Args={'value': 12, 'prev_value': None, 'change': True}
2020-05-20 17:50:24,614 : EventManager : Event: ======'machine_var_audits_shots_main_3'====== Args={'value': 8, 'prev_value': None, 'change': True}
2020-05-20 17:50:24,615 : EventManager : Event: ======'machine_var_audits_shots_main_4'====== Args={'value': 19, 'prev_value': None, 'change': True}
2020-05-20 17:50:24,625 : EventManager : Event: ======'machine_var_audits_shots_main_5'====== Args={'value': 15, 'prev_value': None, 'change': True}
2020-05-20 17:50:24,626 : EventManager : Event: ======'machine_var_audits_shots_main_slingshot'====== Args={'value': 18, 'prev_value': None, 'change': True}
2020-05-20 17:50:24,627 : EventManager : Event: ======'machine_var_audits_shots_right_inlane'====== Args={'value': 48, 'prev_value': None, 'change': True}
2020-05-20 17:50:24,628 : EventManager : Event: ======'machine_var_audits_shots_right_kickout'====== Args={'value': 24, 'prev_value': None, 'change': True}
2020-05-20 17:50:24,637 : EventManager : Event: ======'machine_var_audits_shots_right_outlane'====== Args={'value': 28, 'prev_value': None, 'change': True}
2020-05-20 17:50:24,638 : EventManager : Event: ======'machine_var_audits_shots_rollunder'====== Args={'value': 44, 'prev_value': None, 'change': True}
2020-05-20 17:50:24,638 : EventManager : Event: ======'machine_var_audits_shots_standup_right'====== Args={'value': 54, 'prev_value': None, 'change': True}
2020-05-20 17:50:24,649 : EventManager : Event: ======'machine_var_audits_shots_upper_1'====== Args={'value': 16, 'prev_value': None, 'change': True}
2020-05-20 17:50:24,650 : EventManager : Event: ======'machine_var_audits_shots_upper_1_drop'====== Args={'value': 32, 'prev_value': None, 'change': True}
2020-05-20 17:50:24,651 : EventManager : Event: ======'machine_var_audits_shots_upper_2'====== Args={'value': 22, 'prev_value': None, 'change': True}
2020-05-20 17:50:24,652 : EventManager : Event: ======'machine_var_audits_shots_upper_2_drop'====== Args={'value': 35, 'prev_value': None, 'change': True}
2020-05-20 17:50:24,653 : EventManager : Event: ======'machine_var_audits_shots_upper_3'====== Args={'value': 12, 'prev_value': None, 'change': True}
2020-05-20 17:50:24,662 : EventManager : Event: ======'machine_var_audits_shots_upper_3_drop'====== Args={'value': 33, 'prev_value': None, 'change': True}
2020-05-20 17:50:24,663 : EventManager : Event: ======'machine_var_audits_shots_upper_4'====== Args={'value': 11, 'prev_value': None, 'change': True}
2020-05-20 17:50:24,675 : EventManager : Event: ======'machine_var_audits_shots_upper_4_drop'====== Args={'value': 40, 'prev_value': None, 'change': True}
2020-05-20 17:50:24,675 : EventManager : Event: ======'machine_var_audits_shots_upper_left_pop'====== Args={'value': 26, 'prev_value': None, 'change': True}
2020-05-20 17:50:24,676 : EventManager : Event: ======'machine_var_audits_shots_upper_pop'====== Args={'value': 136, 'prev_value': None, 'change': True}
2020-05-20 17:50:24,677 : EventManager : Event: ======'machine_var_audits_switches_s_left_flipper1'====== Args={'value': 18, 'prev_value': None, 'change': True}
2020-05-20 17:50:24,686 : EventManager : Event: ======'machine_var_audits_switches_s_left_flipper2'====== Args={'value': 113, 'prev_value': None, 'change': True}
2020-05-20 17:50:24,687 : EventManager : Event: ======'machine_var_audits_switches_s_lower_10pt_UPPER'====== Args={'value': 0, 'prev_value': None, 'change': True}
2020-05-20 17:50:24,687 : EventManager : Event: ======'machine_var_audits_switches_s_lower_10pt_drops'====== Args={'value': 10, 'prev_value': None, 'change': True}
2020-05-20 17:50:24,699 : EventManager : Event: ======'machine_var_audits_switches_s_lower_10pt_lower'====== Args={'value': 6, 'prev_value': None, 'change': True}
2020-05-20 17:50:24,700 : EventManager : Event: ======'machine_var_audits_switches_s_lower_10pt_upper'====== Args={'value': 5, 'prev_value': None, 'change': True}
2020-05-20 17:50:24,701 : EventManager : Event: ======'machine_var_audits_switches_s_lower_1_drop'====== Args={'value': 386, 'prev_value': None, 'change': True}
2020-05-20 17:50:24,712 : EventManager : Event: ======'machine_var_audits_switches_s_lower_2_drop'====== Args={'value': 3, 'prev_value': None, 'change': True}
2020-05-20 17:50:24,713 : EventManager : Event: ======'machine_var_audits_switches_s_lower_3_drop'====== Args={'value': 4, 'prev_value': None, 'change': True}
2020-05-20 17:50:24,714 : EventManager : Event: ======'machine_var_audits_switches_s_lower_4_drop'====== Args={'value': 5, 'prev_value': None, 'change': True}
2020-05-20 17:50:24,715 : EventManager : Event: ======'machine_var_audits_switches_s_lower_5_drop'====== Args={'value': 3, 'prev_value': None, 'change': True}
2020-05-20 17:50:24,724 : EventManager : Event: ======'machine_var_audits_switches_s_lower_bonus_left'====== Args={'value': 3, 'prev_value': None, 'change': True}
2020-05-20 17:50:24,725 : EventManager : Event: ======'machine_var_audits_switches_s_lower_bonus_right'====== Args={'value': 2, 'prev_value': None, 'change': True}
2020-05-20 17:50:24,736 : EventManager : Event: ======'machine_var_audits_switches_s_lower_kick_target'====== Args={'value': 1, 'prev_value': None, 'change': True}
2020-05-20 17:50:24,737 : EventManager : Event: ======'machine_var_audits_switches_s_lower_kickout_special'====== Args={'value': 10, 'prev_value': None, 'change': True}
2020-05-20 17:50:24,738 : EventManager : Event: ======'machine_var_audits_switches_s_lower_pop'====== Args={'value': 13, 'prev_value': None, 'change': True}
2020-05-20 17:50:24,748 : EventManager : Event: ======'machine_var_audits_switches_s_lower_rollover'====== Args={'value': 38, 'prev_value': None, 'change': True}
2020-05-20 17:50:24,749 : EventManager : Event: ======'machine_var_audits_switches_s_lower_slingshot'====== Args={'value': 5, 'prev_value': None, 'change': True}
2020-05-20 17:50:24,760 : EventManager : Event: ======'machine_var_audits_switches_s_lower_vuk'====== Args={'value': 158, 'prev_value': None, 'change': True}
2020-05-20 17:50:24,761 : EventManager : Event: ======'machine_var_audits_switches_s_main_10pt_left'====== Args={'value': 13, 'prev_value': None, 'change': True}
2020-05-20 17:50:24,762 : EventManager : Event: ======'machine_var_audits_switches_s_main_1_target'====== Args={'value': 35, 'prev_value': None, 'change': True}
2020-05-20 17:50:24,772 : EventManager : Event: ======'machine_var_audits_switches_s_main_1_trough'====== Args={'value': 20, 'prev_value': None, 'change': True}
2020-05-20 17:50:24,773 : EventManager : Event: ======'machine_var_audits_switches_s_main_2_target'====== Args={'value': 35, 'prev_value': None, 'change': True}
2020-05-20 17:50:24,774 : EventManager : Event: ======'machine_var_audits_switches_s_main_2_trough'====== Args={'value': 45, 'prev_value': None, 'change': True}
2020-05-20 17:50:24,784 : EventManager : Event: ======'machine_var_audits_switches_s_main_3_target'====== Args={'value': 8, 'prev_value': None, 'change': True}
2020-05-20 17:50:24,785 : EventManager : Event: ======'machine_var_audits_switches_s_main_4_target'====== Args={'value': 35, 'prev_value': None, 'change': True}
2020-05-20 17:50:24,796 : EventManager : Event: ======'machine_var_audits_switches_s_main_5_target'====== Args={'value': 49, 'prev_value': None, 'change': True}
2020-05-20 17:50:24,797 : EventManager : Event: ======'machine_var_audits_switches_s_main_inlane_left'====== Args={'value': 13, 'prev_value': None, 'change': True}
2020-05-20 17:50:24,798 : EventManager : Event: ======'machine_var_audits_switches_s_main_inlane_right'====== Args={'value': 53, 'prev_value': None, 'change': True}
2020-05-20 17:50:24,809 : EventManager : Event: ======'machine_var_audits_switches_s_main_kickout_right'====== Args={'value': 122, 'prev_value': None, 'change': True}
2020-05-20 17:50:24,810 : EventManager : Event: ======'machine_var_audits_switches_s_main_lane_center'====== Args={'value': 68, 'prev_value': None, 'change': True}
2020-05-20 17:50:24,811 : EventManager : Event: ======'machine_var_audits_switches_s_main_outhole'====== Args={'value': 305, 'prev_value': None, 'change': True}
2020-05-20 17:50:24,822 : EventManager : Event: ======'machine_var_audits_switches_s_main_outlane_left'====== Args={'value': 10, 'prev_value': None, 'change': True}
2020-05-20 17:50:24,823 : EventManager : Event: ======'machine_var_audits_switches_s_main_outlane_right'====== Args={'value': 29, 'prev_value': None, 'change': True}
2020-05-20 17:50:24,834 : EventManager : Event: ======'machine_var_audits_switches_s_main_pop_bottom'====== Args={'value': 94, 'prev_value': None, 'change': True}
2020-05-20 17:50:24,835 : EventManager : Event: ======'machine_var_audits_switches_s_main_pop_top'====== Args={'value': 91, 'prev_value': None, 'change': True}
2020-05-20 17:50:24,836 : EventManager : Event: ======'machine_var_audits_switches_s_main_rollunder'====== Args={'value': 44, 'prev_value': None, 'change': True}
2020-05-20 17:50:24,846 : EventManager : Event: ======'machine_var_audits_switches_s_main_roundabout_rollunder'====== Args={'value': 52, 'prev_value': None, 'change': True}
2020-05-20 17:50:24,848 : EventManager : Event: ======'machine_var_audits_switches_s_main_secret_trough'====== Args={'value': 17, 'prev_value': None, 'change': True}
2020-05-20 17:50:24,849 : EventManager : Event: ======'machine_var_audits_switches_s_main_slingshot'====== Args={'value': 213, 'prev_value': None, 'change': True}
2020-05-20 17:50:24,858 : EventManager : Event: ======'machine_var_audits_switches_s_main_target_right'====== Args={'value': 107, 'prev_value': None, 'change': True}
2020-05-20 17:50:24,859 : EventManager : Event: ======'machine_var_audits_switches_s_main_trapdoor_trough'====== Args={'value': 0, 'prev_value': None, 'change': True}
2020-05-20 17:50:24,870 : EventManager : Event: ======'machine_var_audits_switches_s_main_vuk'====== Args={'value': 143, 'prev_value': None, 'change': True}
2020-05-20 17:50:24,871 : EventManager : Event: ======'machine_var_audits_switches_s_right_flipper1'====== Args={'value': 0, 'prev_value': None, 'change': True}
2020-05-20 17:50:24,883 : EventManager : Event: ======'machine_var_audits_switches_s_right_flipper2'====== Args={'value': 85, 'prev_value': None, 'change': True}
2020-05-20 17:50:24,884 : EventManager : Event: ======'machine_var_audits_switches_s_start'====== Args={'value': 1, 'prev_value': None, 'change': True}
2020-05-20 17:50:24,885 : EventManager : Event: ======'machine_var_audits_switches_s_upper_10pt_center'====== Args={'value': 129, 'prev_value': None, 'change': True}
2020-05-20 17:50:24,895 : EventManager : Event: ======'machine_var_audits_switches_s_upper_10pt_left'====== Args={'value': 82, 'prev_value': None, 'change': True}
2020-05-20 17:50:24,896 : EventManager : Event: ======'machine_var_audits_switches_s_upper_1_drop'====== Args={'value': 40, 'prev_value': None, 'change': True}
2020-05-20 17:50:24,908 : EventManager : Event: ======'machine_var_audits_switches_s_upper_1_target'====== Args={'value': 77, 'prev_value': None, 'change': True}
2020-05-20 17:50:24,909 : EventManager : Event: ======'machine_var_audits_switches_s_upper_2_drop'====== Args={'value': 52, 'prev_value': None, 'change': True}
2020-05-20 17:50:24,920 : EventManager : Event: ======'machine_var_audits_switches_s_upper_2_target'====== Args={'value': 108, 'prev_value': None, 'change': True}
2020-05-20 17:50:24,921 : EventManager : Event: ======'machine_var_audits_switches_s_upper_3_drop'====== Args={'value': 43, 'prev_value': None, 'change': True}
2020-05-20 17:50:24,922 : EventManager : Event: ======'machine_var_audits_switches_s_upper_3_target'====== Args={'value': 49, 'prev_value': None, 'change': True}
2020-05-20 17:50:24,932 : EventManager : Event: ======'machine_var_audits_switches_s_upper_4_drop'====== Args={'value': 58, 'prev_value': None, 'change': True}
2020-05-20 17:50:24,944 : EventManager : Event: ======'machine_var_audits_switches_s_upper_4_target'====== Args={'value': 49, 'prev_value': None, 'change': True}
2020-05-20 17:50:24,945 : EventManager : Event: ======'machine_var_audits_switches_s_upper_pop'====== Args={'value': 368, 'prev_value': None, 'change': True}
2020-05-20 17:50:25,104 : EventManager : Event: ======'slides_play'====== Args={'settings': {'welcome_slide': {'target': None, 'background_color': [0.0, 0.0, 0.0, 1.0], 'priority': None, 'show': True, 'force': False, 'expire': None, 'slide': None, 'tokens': {}, 'action': 'play'}}, 'context': '_global', 'calling_context': 'init_done', 'priority': 0}
2020-05-20 17:50:25,105 : EventManager : Event: ======'mc_reset_phase_1'====== Args={}
2020-05-20 17:50:25,106 : mpfmc : SlidePlayer: Play called with settings={'welcome_slide': {'target': None, 'background_color': [0.0, 0.0, 0.0, 1.0], 'priority': None, 'show': True, 'force': False, 'expire': None, 'slide': None, 'tokens': {}, 'action': 'play'}}
2020-05-20 17:50:25,110 : EventManager : Event: ======'slide_welcome_slide_removed'====== Args={}
2020-05-20 17:50:25,130 : EventManager : Event: ======'slide_welcome_slide_created'====== Args={}
2020-05-20 17:50:25,133 : EventManager : Event: ======'mc_reset_phase_2'====== Args={}
2020-05-20 17:50:25,133 : EventManager : Event: ======'mc_reset_phase_3'====== Args={}
2020-05-20 17:50:25,134 : EventManager : Event: ======'mc_reset_complete'====== Args={}
2020-05-20 17:50:25,138 : EventManager : Event: ======'slide_welcome_slide_active'====== Args={}
2020-05-20 17:50:25,162 : EventManager : Event: ======'slides_play'====== Args={'settings': {'attract_started': {'target': None, 'background_color': [0.0, 0.0, 0.0, 1.0], 'priority': None, 'show': True, 'force': False, 'expire': None, 'slide': None, 'tokens': {}, 'action': 'play'}}, 'context': '_global', 'calling_context': 'mode_attract_started', 'priority': 0}
2020-05-20 17:50:25,164 : mpfmc : SlidePlayer: Play called with settings={'attract_started': {'target': None, 'background_color': [0.0, 0.0, 0.0, 1.0], 'priority': None, 'show': True, 'force': False, 'expire': None, 'slide': None, 'tokens': {}, 'action': 'play'}}
2020-05-20 17:50:25,183 : EventManager : Event: ======'slide_attract_started_created'====== Args={}
2020-05-20 17:50:25,191 : EventManager : Event: ======'slide_attract_started_active'====== Args={}
2020-05-20 17:50:43,169 : EventManager : Event: ======'game_started'====== Args={}
2020-05-20 17:50:43,258 : EventManager : Event: ======'player_added'====== Args={'player': <Player 1>, 'num': 1}
2020-05-20 17:50:43,259 : EventManager : Event: ======'player_index'====== Args={'value': 0, 'prev_value': 0, 'change': 0, 'player_num': 1}
2020-05-20 17:50:43,259 : EventManager : Event: ======'player_number'====== Args={'value': 1, 'prev_value': 1, 'change': 0, 'player_num': 1}
2020-05-20 17:50:43,260 : EventManager : Event: ======'player_score'====== Args={'value': 0, 'prev_value': 0, 'change': 0, 'player_num': 1}
2020-05-20 17:50:43,460 : EventManager : Event: ======'player_ball'====== Args={'value': 1, 'prev_value': 0, 'change': 1, 'player_num': 1}
2020-05-20 17:50:43,473 : EventManager : Event: ======'player_turn_start'====== Args={'number': 1, 'player': <Player 1>}
2020-05-20 17:50:43,667 : EventManager : Event: ======'player_shot_upper_pop_enabled'====== Args={'value': True, 'prev_value': 0, 'change': 1, 'player_num': 1}
2020-05-20 17:50:43,668 : EventManager : Event: ======'player_shot_lower_left_pop_enabled'====== Args={'value': True, 'prev_value': 0, 'change': 1, 'player_num': 1}
2020-05-20 17:50:43,669 : EventManager : Event: ======'player_shot_upper_left_pop_enabled'====== Args={'value': True, 'prev_value': 0, 'change': 1, 'player_num': 1}
2020-05-20 17:50:43,679 : EventManager : Event: ======'player_shot_10pt_enabled'====== Args={'value': True, 'prev_value': 0, 'change': 1, 'player_num': 1}
2020-05-20 17:50:43,680 : EventManager : Event: ======'player_shot_upper_1_enabled'====== Args={'value': True, 'prev_value': 0, 'change': 1, 'player_num': 1}
2020-05-20 17:50:43,681 : EventManager : Event: ======'player_shot_upper_2_enabled'====== Args={'value': True, 'prev_value': 0, 'change': 1, 'player_num': 1}
2020-05-20 17:50:43,682 : EventManager : Event: ======'player_shot_upper_3_enabled'====== Args={'value': True, 'prev_value': 0, 'change': 1, 'player_num': 1}
2020-05-20 17:50:43,690 : EventManager : Event: ======'player_shot_upper_4_enabled'====== Args={'value': True, 'prev_value': 0, 'change': 1, 'player_num': 1}
2020-05-20 17:50:43,691 : EventManager : Event: ======'player_shot_upper_1_drop_enabled'====== Args={'value': True, 'prev_value': 0, 'change': 1, 'player_num': 1}
2020-05-20 17:50:43,692 : EventManager : Event: ======'player_shot_upper_2_drop_enabled'====== Args={'value': True, 'prev_value': 0, 'change': 1, 'player_num': 1}
2020-05-20 17:50:43,702 : EventManager : Event: ======'player_shot_upper_3_drop_enabled'====== Args={'value': True, 'prev_value': 0, 'change': 1, 'player_num': 1}
2020-05-20 17:50:43,703 : EventManager : Event: ======'player_shot_upper_4_drop_enabled'====== Args={'value': True, 'prev_value': 0, 'change': 1, 'player_num': 1}
2020-05-20 17:50:43,704 : EventManager : Event: ======'player_shot_lower_1_drop_enabled'====== Args={'value': True, 'prev_value': 0, 'change': 1, 'player_num': 1}
2020-05-20 17:50:43,705 : EventManager : Event: ======'player_shot_lower_2_drop_enabled'====== Args={'value': True, 'prev_value': 0, 'change': 1, 'player_num': 1}
2020-05-20 17:50:43,706 : EventManager : Event: ======'player_shot_lower_3_drop_enabled'====== Args={'value': True, 'prev_value': 0, 'change': 1, 'player_num': 1}
2020-05-20 17:50:43,715 : EventManager : Event: ======'player_shot_lower_4_drop_enabled'====== Args={'value': True, 'prev_value': 0, 'change': 1, 'player_num': 1}
2020-05-20 17:50:43,716 : EventManager : Event: ======'player_shot_lower_5_drop_enabled'====== Args={'value': True, 'prev_value': 0, 'change': 1, 'player_num': 1}
2020-05-20 17:50:43,717 : EventManager : Event: ======'player_shot_lower_hole_enabled'====== Args={'value': True, 'prev_value': 0, 'change': 1, 'player_num': 1}
2020-05-20 17:50:43,717 : EventManager : Event: ======'player_shot_lower_left_enabled'====== Args={'value': True, 'prev_value': 0, 'change': 1, 'player_num': 1}
2020-05-20 17:50:43,727 : EventManager : Event: ======'player_shot_lower_right_enabled'====== Args={'value': True, 'prev_value': 0, 'change': 1, 'player_num': 1}
2020-05-20 17:50:43,728 : EventManager : Event: ======'player_shot_lower_pop_enabled'====== Args={'value': True, 'prev_value': 0, 'change': 1, 'player_num': 1}
2020-05-20 17:50:43,729 : EventManager : Event: ======'player_shot_lower_10pt_lower_enabled'====== Args={'value': True, 'prev_value': 0, 'change': 1, 'player_num': 1}
2020-05-20 17:50:43,730 : EventManager : Event: ======'player_shot_lower_10pt_drops_enabled'====== Args={'value': True, 'prev_value': 0, 'change': 1, 'player_num': 1}
2020-05-20 17:50:43,740 : EventManager : Event: ======'player_shot_lower_10pt_upper_enabled'====== Args={'value': True, 'prev_value': 0, 'change': 1, 'player_num': 1}
2020-05-20 17:50:43,741 : EventManager : Event: ======'player_shot_lower_slingshot_enabled'====== Args={'value': True, 'prev_value': 0, 'change': 1, 'player_num': 1}
2020-05-20 17:50:43,742 : EventManager : Event: ======'player_shot_lower_kick_target_enabled'====== Args={'value': True, 'prev_value': 0, 'change': 1, 'player_num': 1}
2020-05-20 17:50:43,743 : EventManager : Event: ======'player_shot_lower_rollover_enabled'====== Args={'value': True, 'prev_value': 0, 'change': 1, 'player_num': 1}
2020-05-20 17:50:43,752 : EventManager : Event: ======'player_shot_main_1_enabled'====== Args={'value': True, 'prev_value': 0, 'change': 1, 'player_num': 1}
2020-05-20 17:50:43,754 : EventManager : Event: ======'player_shot_main_2_enabled'====== Args={'value': True, 'prev_value': 0, 'change': 1, 'player_num': 1}
2020-05-20 17:50:43,755 : EventManager : Event: ======'player_shot_main_3_enabled'====== Args={'value': True, 'prev_value': 0, 'change': 1, 'player_num': 1}
2020-05-20 17:50:43,765 : EventManager : Event: ======'player_shot_main_4_enabled'====== Args={'value': True, 'prev_value': 0, 'change': 1, 'player_num': 1}
2020-05-20 17:50:43,766 : EventManager : Event: ======'player_shot_main_5_enabled'====== Args={'value': True, 'prev_value': 0, 'change': 1, 'player_num': 1}
2020-05-20 17:50:43,767 : EventManager : Event: ======'player_shot_main_slingshot_enabled'====== Args={'value': True, 'prev_value': 0, 'change': 1, 'player_num': 1}
2020-05-20 17:50:43,769 : EventManager : Event: ======'player_shot_right_outlane_enabled'====== Args={'value': True, 'prev_value': 0, 'change': 1, 'player_num': 1}
2020-05-20 17:50:43,769 : EventManager : Event: ======'player_shot_right_inlane_enabled'====== Args={'value': True, 'prev_value': 0, 'change': 1, 'player_num': 1}
2020-05-20 17:50:43,771 : EventManager : Event: ======'player_shot_left_inlane_enabled'====== Args={'value': True, 'prev_value': 0, 'change': 1, 'player_num': 1}
2020-05-20 17:50:43,785 : EventManager : Event: ======'player_shot_left_outlane_enabled'====== Args={'value': True, 'prev_value': 0, 'change': 1, 'player_num': 1}
2020-05-20 17:50:43,787 : EventManager : Event: ======'player_shot_standup_right_enabled'====== Args={'value': True, 'prev_value': 0, 'change': 1, 'player_num': 1}
2020-05-20 17:50:43,787 : EventManager : Event: ======'player_shot_right_kickout_enabled'====== Args={'value': True, 'prev_value': 0, 'change': 1, 'player_num': 1}
2020-05-20 17:50:43,788 : EventManager : Event: ======'player_shot_rollunder_enabled'====== Args={'value': True, 'prev_value': 0, 'change': 1, 'player_num': 1}
2020-05-20 17:50:43,823 : EventManager : Event: ======'slides_play'====== Args={'settings': {'widgets': {'widgets': [{'type': 'text', 'text': '(score)', 'number_grouping': True, 'min_digits': 2, 'font_size': 100, '_default_settings': ['type', 'text', 'number_grouping', 'min_digits', 'font_size'], 'x': None, 'y': None, 'anchor_x': 'center', 'anchor_y': 'center', 'round_anchor_x': None, 'round_anchor_y': None, 'opacity': 1.0, 'z': 0, 'reset_animations_events': {}, 'color': [1.0, 1.0, 1.0, 1.0], 'style': [], 'adjust_top': 0, 'adjust_bottom': 0, 'adjust_left': 0, 'adjust_right': 0, 'expire': None, 'key': None, 'widget': None, 'events_when_added': [], 'events_when_removed': [], 'bitmap_font': False, 'font_kerning': True, 'bold': False, 'italic': False, 'halign': 'center', 'valign': 'middle', 'rotation': 0, 'scale': 1.0, 'casing': None, 'animations': None}, {'type': 'text', 'text': 'Player (number)', 'x': '10', 'y': '10', 'font_size': 50, 'anchor_x': 'left', 'anchor_y': 'bottom', '_default_settings': ['type', 'text', 'x', 'y', 'font_size', 'anchor_x', 'anchor_y'], 'round_anchor_x': None, 'round_anchor_y': None, 'opacity': 1.0, 'z': 0, 'reset_animations_events': {}, 'color': [1.0, 1.0, 1.0, 1.0], 'style': [], 'adjust_top': 0, 'adjust_bottom': 0, 'adjust_left': 0, 'adjust_right': 0, 'expire': None, 'key': None, 'widget': None, 'events_when_added': [], 'events_when_removed': [], 'bitmap_font': False, 'font_kerning': True, 'bold': False, 'italic': False, 'number_grouping': False, 'min_digits': 0, 'halign': 'center', 'valign': 'middle', 'rotation': 0, 'scale': 1.0, 'casing': None, 'animations': None}, {'type': 'text', 'text': 'Ball (ball)', 'y': '10', 'x': 'right-10', 'anchor_x': 'right', 'anchor_y': 'bottom', 'font_size': 50, '_default_settings': ['type', 'text', 'y', 'x', 'anchor_x', 'anchor_y', 'font_size'], 'round_anchor_x': None, 'round_anchor_y': None, 'opacity': 1.0, 'z': 0, 'reset_animations_events': {}, 'color': [1.0, 1.0, 1.0, 1.0], 'style': [], 'adjust_top': 0, 'adjust_bottom': 0, 'adjust_left': 0, 'adjust_right': 0, 'expire': None, 'key': None, 'widget': None, 'events_when_added': [], 'events_when_removed': [], 'bitmap_font': False, 'font_kerning': True, 'bold': False, 'italic': False, 'number_grouping': False, 'min_digits': 0, 'halign': 'center', 'valign': 'middle', 'rotation': 0, 'scale': 1.0, 'casing': None, 'animations': None}], 'target': None, 'background_color': [0.0, 0.0, 0.0, 1.0], 'priority': None, 'show': True, 'force': False, 'expire': None, 'slide': None, 'tokens': {}, 'action': 'play'}}, 'context': 'base', 'calling_context': 'mode_base_started', 'priority': 100, 'queue': '<QueuedEvent>', 'player': 1, 'ball': 1, 'balls_remaining': 2, 'is_extra_ball': False}
2020-05-20 17:50:43,825 : mpfmc : SlidePlayer: Play called with settings={'widgets': {'widgets': [{'type': 'text', 'text': '(score)', 'number_grouping': True, 'min_digits': 2, 'font_size': 100, '_default_settings': ['type', 'text', 'number_grouping', 'min_digits', 'font_size'], 'x': None, 'y': None, 'anchor_x': 'center', 'anchor_y': 'center', 'round_anchor_x': None, 'round_anchor_y': None, 'opacity': 1.0, 'z': 0, 'reset_animations_events': {}, 'color': [1.0, 1.0, 1.0, 1.0], 'style': [], 'adjust_top': 0, 'adjust_bottom': 0, 'adjust_left': 0, 'adjust_right': 0, 'expire': None, 'key': None, 'widget': None, 'events_when_added': [], 'events_when_removed': [], 'bitmap_font': False, 'font_kerning': True, 'bold': False, 'italic': False, 'halign': 'center', 'valign': 'middle', 'rotation': 0, 'scale': 1.0, 'casing': None, 'animations': None}, {'type': 'text', 'text': 'Player (number)', 'x': '10', 'y': '10', 'font_size': 50, 'anchor_x': 'left', 'anchor_y': 'bottom', '_default_settings': ['type', 'text', 'x', 'y', 'font_size', 'anchor_x', 'anchor_y'], 'round_anchor_x': None, 'round_anchor_y': None, 'opacity': 1.0, 'z': 0, 'reset_animations_events': {}, 'color': [1.0, 1.0, 1.0, 1.0], 'style': [], 'adjust_top': 0, 'adjust_bottom': 0, 'adjust_left': 0, 'adjust_right': 0, 'expire': None, 'key': None, 'widget': None, 'events_when_added': [], 'events_when_removed': [], 'bitmap_font': False, 'font_kerning': True, 'bold': False, 'italic': False, 'number_grouping': False, 'min_digits': 0, 'halign': 'center', 'valign': 'middle', 'rotation': 0, 'scale': 1.0, 'casing': None, 'animations': None}, {'type': 'text', 'text': 'Ball (ball)', 'y': '10', 'x': 'right-10', 'anchor_x': 'right', 'anchor_y': 'bottom', 'font_size': 50, '_default_settings': ['type', 'text', 'y', 'x', 'anchor_x', 'anchor_y', 'font_size'], 'round_anchor_x': None, 'round_anchor_y': None, 'opacity': 1.0, 'z': 0, 'reset_animations_events': {}, 'color': [1.0, 1.0, 1.0, 1.0], 'style': [], 'adjust_top': 0, 'adjust_bottom': 0, 'adjust_left': 0, 'adjust_right': 0, 'expire': None, 'key': None, 'widget': None, 'events_when_added': [], 'events_when_removed': [], 'bitmap_font': False, 'font_kerning': True, 'bold': False, 'italic': False, 'number_grouping': False, 'min_digits': 0, 'halign': 'center', 'valign': 'middle', 'rotation': 0, 'scale': 1.0, 'casing': None, 'animations': None}], 'target': None, 'background_color': [0.0, 0.0, 0.0, 1.0], 'priority': None, 'show': True, 'force': False, 'expire': None, 'slide': None, 'tokens': {}, 'action': 'play'}}
2020-05-20 17:50:43,867 : EventManager : Event: ======'slide_base.slide_player-mode_base_started_created'====== Args={}
2020-05-20 17:50:43,884 : EventManager : Event: ======'slide_base.slide_player-mode_base_started_active'====== Args={}
2020-05-20 17:50:45,762 : EventManager : Event: ======'machine_var_audits_switches_s_left_flipper1'====== Args={'value': 19, 'prev_value': 18, 'change': 1}
2020-05-20 17:50:46,682 : EventManager : Event: ======'machine_var_audits_switches_s_left_flipper1'====== Args={'value': 20, 'prev_value': 19, 'change': 1}
2020-05-20 17:50:48,306 : EventManager : Event: ======'machine_var_audits_switches_s_left_flipper1'====== Args={'value': 21, 'prev_value': 20, 'change': 1}
2020-05-20 17:50:49,106 : EventManager : Event: ======'machine_var_audits_switches_s_left_flipper1'====== Args={'value': 22, 'prev_value': 21, 'change': 1}
2020-05-20 17:50:49,809 : EventManager : Event: ======'machine_var_audits_switches_s_left_flipper1'====== Args={'value': 23, 'prev_value': 22, 'change': 1}
2020-05-20 17:50:50,481 : EventManager : Event: ======'machine_var_audits_switches_s_left_flipper1'====== Args={'value': 24, 'prev_value': 23, 'change': 1}
2020-05-20 17:50:51,794 : EventManager : Event: ======'machine_var_audits_switches_s_left_flipper1'====== Args={'value': 25, 'prev_value': 24, 'change': 1}
2020-05-20 17:50:53,331 : EventManager : Event: ======'machine_var_audits_switches_s_left_flipper1'====== Args={'value': 26, 'prev_value': 25, 'change': 1}
2020-05-20 17:50:54,031 : EventManager : Event: ======'machine_var_audits_switches_s_left_flipper1'====== Args={'value': 27, 'prev_value': 26, 'change': 1}
2020-05-20 17:50:54,211 : EventManager : Event: ======'machine_var_audits_switches_s_left_flipper1'====== Args={'value': 28, 'prev_value': 27, 'change': 1}
2020-05-20 17:50:54,400 : EventManager : Event: ======'machine_var_audits_switches_s_left_flipper1'====== Args={'value': 29, 'prev_value': 28, 'change': 1}
2020-05-20 17:50:58,533 : EventManager : Event: ======'machine_var_audits_switches_s_left_flipper1'====== Args={'value': 30, 'prev_value': 29, 'change': 1}
2020-05-20 17:50:58,879 : EventManager : Event: ======'machine_var_audits_switches_s_left_flipper1'====== Args={'value': 31, 'prev_value': 30, 'change': 1}
2020-05-20 17:50:58,968 : EventManager : Event: ======'machine_var_audits_switches_s_left_flipper1'====== Args={'value': 32, 'prev_value': 31, 'change': 1}
2020-05-20 17:52:12,014 : EventManager : Event: ======'machine_var_audits_switches_s_right_flipper2'====== Args={'value': 86, 'prev_value': 85, 'change': 1}
2020-05-20 17:52:12,233 : EventManager : Event: ======'machine_var_audits_switches_s_right_flipper2'====== Args={'value': 87, 'prev_value': 86, 'change': 1}
2020-05-20 17:52:12,498 : EventManager : Event: ======'machine_var_audits_switches_s_right_flipper2'====== Args={'value': 88, 'prev_value': 87, 'change': 1}
2020-05-20 17:54:17,726 : kivy : Base: Leaving application in progress...
2020-05-20 17:54:17,742 : mpfmc : Stopping...
2020-05-20 17:54:17,743 : EventManager : Event: ======'shutdown'====== Args={}
2020-05-20 17:54:17,784 : mpfmc : Loop rate 80.1 Hz
