2020-05-25 19:59:01,989 : kivy : Factory: 184 symbols loaded
2020-05-25 19:59:02,613 : kivy : Image: Providers: img_tex, img_dds, img_sdl2, img_pil, img_gif (img_ffpyplayer ignored)
2020-05-25 19:59:02,909 : kivy : VideoGstplayer: Using Gstreamer 1.16.0.0
2020-05-25 19:59:02,909 : kivy : Video: Provider: gstplayer
2020-05-25 19:59:03,206 : kivy : Loading MPF-MC controller
2020-05-25 19:59:03,206 : mpfmc : Mission Pinball Framework Media Controller v0.53.3
2020-05-25 19:59:03,206 : mpfmc : Mission Pinball Framework Game Engine v0.53.3
2020-05-25 19:59:03,206 : mpfmc : Machine path: C:\pinball\HauntedHouse
2020-05-25 19:59:03,206 : ConfigProcessor : Config file in cache changed: C:\pinball\HauntedHouse\config\config
2020-05-25 19:59:03,206 : ConfigProcessor : Loading config from file c:\users\hans\appdata\local\programs\python\python36-32\lib\site-packages\mpfmc\mcconfig.yaml.
2020-05-25 19:59:03,611 : ConfigProcessor : Loading config: c:\users\hans\appdata\local\programs\python\python36-32\lib\site-packages\mpfmc\mcconfig.yaml
2020-05-25 19:59:07,574 : ConfigValidator : Config spec file cache created: C:\Users\Hans\AppData\Local\Temp\config_spec.mpf_cache
2020-05-25 19:59:07,636 : ConfigProcessor : Loading config from file C:\pinball\HauntedHouse\config\config.
2020-05-25 19:59:08,463 : ConfigProcessor : Loading config: C:\pinball\HauntedHouse\config\config
2020-05-25 19:59:08,478 : ConfigProcessor : Config file cache created: C:\Users\Hans\AppData\Local\Temp\1db0e0e3fd8cb1ead45d2e51d225dce4.mpf_cache
2020-05-25 19:59:08,478 : mpfmc : Starting clock at 60.0Hz
2020-05-25 19:59:08,541 : kivy : Text: Provider: sdl2
2020-05-25 19:59:08,697 : kivy : Window: Provider: sdl2
2020-05-25 19:59:09,232 : kivy : GL: Using the "OpenGL" graphics system
2020-05-25 19:59:09,236 : kivy : GL: GLEW initialization succeeded
2020-05-25 19:59:09,237 : kivy : GL: Backend used <glew>
2020-05-25 19:59:09,237 : kivy : GL: OpenGL version <b'3.0'>
2020-05-25 19:59:09,238 : kivy : GL: OpenGL vendor <b'Intel Corporation'>
2020-05-25 19:59:09,238 : kivy : GL: OpenGL renderer <b'Intel(R) Graphics Media Accelerator 3600 Series'>
2020-05-25 19:59:09,239 : kivy : GL: OpenGL parsed version: 3, 0
2020-05-25 19:59:09,239 : kivy : GL: Shading version <b'1.30'>
2020-05-25 19:59:09,240 : kivy : GL: Texture max size <8192>
2020-05-25 19:59:09,240 : kivy : GL: Texture max units <16>
2020-05-25 19:59:09,356 : kivy : Window: auto add sdl2 input provider
2020-05-25 19:59:09,357 : kivy : Window: virtual keyboard not allowed, single mode, not docked
2020-05-25 19:59:09,387 : SoundSystem : SoundSystem: Using default 'sound_system' settings
2020-05-25 19:59:10,423 : AudioInterface : Initialized
2020-05-25 19:59:10,424 : SoundSystem : No audio tracks are specified in your machine config file. a track named 'default' has been created.
2020-05-25 19:59:10,439 : kivy : Base: Start application main loop
2020-05-25 19:59:10,442 : EventManager : Event: ======'display_window_initialized'====== Args={}
2020-05-25 19:59:10,484 : mpfmc : Display: Setting 'window' as default display
2020-05-25 19:59:10,505 : EventManager : Event: ======'displays_initialized'====== Args={}
2020-05-25 19:59:10,511 : EventManager : Event: ======'slide_window_blank_created'====== Args={}
2020-05-25 19:59:10,511 : EventManager : Event: ======'display_window_ready'====== Args={}
2020-05-25 19:59:10,551 : EventManager : Event: ======'init_phase_1'====== Args={}
2020-05-25 19:59:10,576 : EventManager : Event: ======'mc_ready'====== Args={}
2020-05-25 19:59:10,577 : EventManager : Event: ======'init_phase_2'====== Args={}
2020-05-25 19:59:10,584 : ConfigProcessor : Loading config from cache: C:\Users\Hans\AppData\Local\Temp\fd4d0ac963aaaec6abb4cac3da0cded0.mpf_cache
2020-05-25 19:59:10,590 : ConfigProcessor : Loading config from cache: C:\Users\Hans\AppData\Local\Temp\7d6c1285f2e862430ea29e9aa05d0f73.mpf_cache
2020-05-25 19:59:10,594 : ConfigProcessor : Loading config from cache: C:\Users\Hans\AppData\Local\Temp\ac83460c407a763630a505790089d322.mpf_cache
2020-05-25 19:59:10,595 : EventManager : Event: ======'init_phase_3'====== Args={}
2020-05-25 19:59:10,600 : EventManager : Event: ======'init_phase_4'====== Args={}
2020-05-25 19:59:10,600 : EventManager : Event: ======'init_phase_5'====== Args={}
2020-05-25 19:59:10,601 : EventManager : Event: ======'init_done'====== Args={}
2020-05-25 19:59:10,601 : MPF-MC BCP Server : Starting up on localhost port 5050
2020-05-25 19:59:10,610 : MPF-MC BCP Server : Waiting for a connection...
2020-05-25 19:59:10,611 : mpfmc : SlidePlayer: Play called with settings={'slides': {welcome_slide-None-None: {'priority': None, 'target': None, 'background_color': [0.0, 0.0, 0.0, 1.0], 'show': True, 'force': False, 'expire': None, 'slide': None, 'tokens': {}, 'action': 'play', 'transition': None, 'transition_out': None}}}
2020-05-25 19:59:10,630 : kivy : GL: NPOT texture support is available
2020-05-25 19:59:10,639 : EventManager : Event: ======'slide_welcome_slide_created'====== Args={}
2020-05-25 19:59:10,661 : EventManager : Event: ======'slide_welcome_slide_active'====== Args={}
2020-05-25 19:59:10,694 : EventManager : Event: ======'client_disconnected'====== Args={'host': '127.0.0.1', 'port': 5050}
2020-05-25 19:59:11,094 : MPF-MC BCP Server : Received connection from: 127.0.0.1:49217
2020-05-25 19:59:11,101 : EventManager : Event: ======'client_connected'====== Args={'host': '127.0.0.1', 'port': 49217}
2020-05-25 19:59:11,152 : EventManager : Event: ======'machine_var_p_roc_version'====== Args={'value': 2, 'prev_value': None, 'change': True}
2020-05-25 19:59:11,153 : EventManager : Event: ======'machine_var_p_roc_revision'====== Args={'value': 6, 'prev_value': None, 'change': True}
2020-05-25 19:59:11,153 : EventManager : Event: ======'machine_var_p_roc_hardware_version'====== Args={'value': 1, 'prev_value': None, 'change': True}
2020-05-25 19:59:11,154 : EventManager : Event: ======'machine_var_credits_string'====== Args={'value': 'FREE PLAY', 'prev_value': None, 'change': True}
2020-05-25 19:59:11,155 : EventManager : Event: ======'machine_var_player1_score'====== Args={'value': 29150, 'prev_value': None, 'change': True}
2020-05-25 19:59:11,155 : EventManager : Event: ======'machine_var_mpf_version'====== Args={'value': 'MPF v0.53.3', 'prev_value': None, 'change': True}
2020-05-25 19:59:11,156 : EventManager : Event: ======'machine_var_mpf_extended_version'====== Args={'value': 'MPF v0.53.3, Config version:5, Show version: 5, BCP version:1.1', 'prev_value': None, 'change': True}
2020-05-25 19:59:11,156 : EventManager : Event: ======'machine_var_python_version'====== Args={'value': '3.6.8', 'prev_value': None, 'change': True}
2020-05-25 19:59:11,157 : EventManager : Event: ======'machine_var_platform'====== Args={'value': 'Windows-7-6.1.7601-SP1', 'prev_value': None, 'change': True}
2020-05-25 19:59:11,158 : EventManager : Event: ======'machine_var_platform_system'====== Args={'value': 'Windows', 'prev_value': None, 'change': True}
2020-05-25 19:59:11,158 : EventManager : Event: ======'machine_var_platform_release'====== Args={'value': '7', 'prev_value': None, 'change': True}
2020-05-25 19:59:11,159 : EventManager : Event: ======'machine_var_platform_version'====== Args={'value': '6.1.7601', 'prev_value': None, 'change': True}
2020-05-25 19:59:11,160 : EventManager : Event: ======'machine_var_platform_machine'====== Args={'value': 'x86', 'prev_value': None, 'change': True}
2020-05-25 19:59:11,160 : EventManager : Event: ======'machine_var_mc_version'====== Args={'value': 'MPF-MC v0.53.3', 'prev_value': None, 'change': True}
2020-05-25 19:59:11,161 : EventManager : Event: ======'machine_var_mc_extended_version'====== Args={'value': 'MPF-MC v0.53.3 (config_version=5, BCP v1.1, Requires MPF v0.53.0)', 'prev_value': None, 'change': True}
2020-05-25 19:59:11,175 : EventManager : Event: ======'machine_var_master_volume'====== Args={'value': 0.5, 'prev_value': None, 'change': True}
2020-05-25 19:59:11,601 : EventManager : Event: ======'machine_var_audits_events_game_ended'====== Args={'value': 53, 'prev_value': None, 'change': True}
2020-05-25 19:59:11,602 : EventManager : Event: ======'machine_var_audits_events_game_started'====== Args={'value': 101, 'prev_value': None, 'change': True}
2020-05-25 19:59:11,603 : EventManager : Event: ======'machine_var_audits_player_score'====== Args={'value': {'average': 23430.178571428572, 'top': [120480, 114590, 92630, 76090, 75650, 71920, 57150, 56770, 56270, 46210], 'total': 56}, 'prev_value': None, 'change': True}
2020-05-25 19:59:11,603 : EventManager : Event: ======'machine_var_audits_shots_10pt'====== Args={'value': 178, 'prev_value': None, 'change': True}
2020-05-25 19:59:11,604 : EventManager : Event: ======'machine_var_audits_shots_left_inlane'====== Args={'value': 12, 'prev_value': None, 'change': True}
2020-05-25 19:59:11,613 : EventManager : Event: ======'machine_var_audits_shots_left_outlane'====== Args={'value': 6, 'prev_value': None, 'change': True}
2020-05-25 19:59:11,614 : EventManager : Event: ======'machine_var_audits_shots_lower_10pt_drops'====== Args={'value': 27, 'prev_value': None, 'change': True}
2020-05-25 19:59:11,615 : EventManager : Event: ======'machine_var_audits_shots_lower_10pt_lower'====== Args={'value': 10, 'prev_value': None, 'change': True}
2020-05-25 19:59:11,615 : EventManager : Event: ======'machine_var_audits_shots_lower_10pt_upper'====== Args={'value': 8, 'prev_value': None, 'change': True}
2020-05-25 19:59:11,616 : EventManager : Event: ======'machine_var_audits_shots_lower_1_drop'====== Args={'value': 37, 'prev_value': None, 'change': True}
2020-05-25 19:59:11,616 : EventManager : Event: ======'machine_var_audits_shots_lower_2_drop'====== Args={'value': 5, 'prev_value': None, 'change': True}
2020-05-25 19:59:11,626 : EventManager : Event: ======'machine_var_audits_shots_lower_3_drop'====== Args={'value': 7, 'prev_value': None, 'change': True}
2020-05-25 19:59:11,627 : EventManager : Event: ======'machine_var_audits_shots_lower_4_drop'====== Args={'value': 12, 'prev_value': None, 'change': True}
2020-05-25 19:59:11,627 : EventManager : Event: ======'machine_var_audits_shots_lower_5_drop'====== Args={'value': 11, 'prev_value': None, 'change': True}
2020-05-25 19:59:11,628 : EventManager : Event: ======'machine_var_audits_shots_lower_hole'====== Args={'value': 12, 'prev_value': None, 'change': True}
2020-05-25 19:59:11,629 : EventManager : Event: ======'machine_var_audits_shots_lower_kick_target'====== Args={'value': 1, 'prev_value': None, 'change': True}
2020-05-25 19:59:11,639 : EventManager : Event: ======'machine_var_audits_shots_lower_left'====== Args={'value': 6, 'prev_value': None, 'change': True}
2020-05-25 19:59:11,640 : EventManager : Event: ======'machine_var_audits_shots_lower_left_pop'====== Args={'value': 102, 'prev_value': None, 'change': True}
2020-05-25 19:59:11,641 : EventManager : Event: ======'machine_var_audits_shots_lower_pop'====== Args={'value': 24, 'prev_value': None, 'change': True}
2020-05-25 19:59:11,641 : EventManager : Event: ======'machine_var_audits_shots_lower_right'====== Args={'value': 3, 'prev_value': None, 'change': True}
2020-05-25 19:59:11,642 : EventManager : Event: ======'machine_var_audits_shots_lower_rollover'====== Args={'value': 20, 'prev_value': None, 'change': True}
2020-05-25 19:59:11,651 : EventManager : Event: ======'machine_var_audits_shots_lower_slingshot'====== Args={'value': 13, 'prev_value': None, 'change': True}
2020-05-25 19:59:11,652 : EventManager : Event: ======'machine_var_audits_shots_main_1'====== Args={'value': 10, 'prev_value': None, 'change': True}
2020-05-25 19:59:11,653 : EventManager : Event: ======'machine_var_audits_shots_main_2'====== Args={'value': 16, 'prev_value': None, 'change': True}
2020-05-25 19:59:11,653 : EventManager : Event: ======'machine_var_audits_shots_main_3'====== Args={'value': 13, 'prev_value': None, 'change': True}
2020-05-25 19:59:11,663 : EventManager : Event: ======'machine_var_audits_shots_main_4'====== Args={'value': 21, 'prev_value': None, 'change': True}
2020-05-25 19:59:11,664 : EventManager : Event: ======'machine_var_audits_shots_main_5'====== Args={'value': 17, 'prev_value': None, 'change': True}
2020-05-25 19:59:11,665 : EventManager : Event: ======'machine_var_audits_shots_main_slingshot'====== Args={'value': 27, 'prev_value': None, 'change': True}
2020-05-25 19:59:11,665 : EventManager : Event: ======'machine_var_audits_shots_right_inlane'====== Args={'value': 58, 'prev_value': None, 'change': True}
2020-05-25 19:59:11,666 : EventManager : Event: ======'machine_var_audits_shots_right_kickout'====== Args={'value': 28, 'prev_value': None, 'change': True}
2020-05-25 19:59:11,676 : EventManager : Event: ======'machine_var_audits_shots_right_outlane'====== Args={'value': 39, 'prev_value': None, 'change': True}
2020-05-25 19:59:11,677 : EventManager : Event: ======'machine_var_audits_shots_rollunder'====== Args={'value': 74, 'prev_value': None, 'change': True}
2020-05-25 19:59:11,677 : EventManager : Event: ======'machine_var_audits_shots_standup_right'====== Args={'value': 62, 'prev_value': None, 'change': True}
2020-05-25 19:59:11,678 : EventManager : Event: ======'machine_var_audits_shots_upper_1'====== Args={'value': 25, 'prev_value': None, 'change': True}
2020-05-25 19:59:11,689 : EventManager : Event: ======'machine_var_audits_shots_upper_1_drop'====== Args={'value': 43, 'prev_value': None, 'change': True}
2020-05-25 19:59:11,689 : EventManager : Event: ======'machine_var_audits_shots_upper_2'====== Args={'value': 46, 'prev_value': None, 'change': True}
2020-05-25 19:59:11,690 : EventManager : Event: ======'machine_var_audits_shots_upper_2_drop'====== Args={'value': 35, 'prev_value': None, 'change': True}
2020-05-25 19:59:11,691 : EventManager : Event: ======'machine_var_audits_shots_upper_3'====== Args={'value': 21, 'prev_value': None, 'change': True}
2020-05-25 19:59:11,701 : EventManager : Event: ======'machine_var_audits_shots_upper_3_drop'====== Args={'value': 44, 'prev_value': None, 'change': True}
2020-05-25 19:59:11,702 : EventManager : Event: ======'machine_var_audits_shots_upper_4'====== Args={'value': 17, 'prev_value': None, 'change': True}
2020-05-25 19:59:11,702 : EventManager : Event: ======'machine_var_audits_shots_upper_4_drop'====== Args={'value': 57, 'prev_value': None, 'change': True}
2020-05-25 19:59:11,703 : EventManager : Event: ======'machine_var_audits_shots_upper_left_pop'====== Args={'value': 46, 'prev_value': None, 'change': True}
2020-05-25 19:59:11,714 : EventManager : Event: ======'machine_var_audits_shots_upper_pop'====== Args={'value': 243, 'prev_value': None, 'change': True}
2020-05-25 19:59:11,715 : EventManager : Event: ======'machine_var_audits_switches_s_left_flipper1'====== Args={'value': 216, 'prev_value': None, 'change': True}
2020-05-25 19:59:11,715 : EventManager : Event: ======'machine_var_audits_switches_s_left_flipper2'====== Args={'value': 276, 'prev_value': None, 'change': True}
2020-05-25 19:59:11,716 : EventManager : Event: ======'machine_var_audits_switches_s_lower_10pt_UPPER'====== Args={'value': 0, 'prev_value': None, 'change': True}
2020-05-25 19:59:11,726 : EventManager : Event: ======'machine_var_audits_switches_s_lower_10pt_drops'====== Args={'value': 27, 'prev_value': None, 'change': True}
2020-05-25 19:59:11,727 : EventManager : Event: ======'machine_var_audits_switches_s_lower_10pt_lower'====== Args={'value': 10, 'prev_value': None, 'change': True}
2020-05-25 19:59:11,728 : EventManager : Event: ======'machine_var_audits_switches_s_lower_10pt_upper'====== Args={'value': 8, 'prev_value': None, 'change': True}
2020-05-25 19:59:11,739 : EventManager : Event: ======'machine_var_audits_switches_s_lower_1_drop'====== Args={'value': 391, 'prev_value': None, 'change': True}
2020-05-25 19:59:11,740 : EventManager : Event: ======'machine_var_audits_switches_s_lower_2_drop'====== Args={'value': 5, 'prev_value': None, 'change': True}
2020-05-25 19:59:11,740 : EventManager : Event: ======'machine_var_audits_switches_s_lower_3_drop'====== Args={'value': 7, 'prev_value': None, 'change': True}
2020-05-25 19:59:11,741 : EventManager : Event: ======'machine_var_audits_switches_s_lower_4_drop'====== Args={'value': 12, 'prev_value': None, 'change': True}
2020-05-25 19:59:11,751 : EventManager : Event: ======'machine_var_audits_switches_s_lower_5_drop'====== Args={'value': 11, 'prev_value': None, 'change': True}
2020-05-25 19:59:11,752 : EventManager : Event: ======'machine_var_audits_switches_s_lower_bonus_left'====== Args={'value': 6, 'prev_value': None, 'change': True}
2020-05-25 19:59:11,753 : EventManager : Event: ======'machine_var_audits_switches_s_lower_bonus_right'====== Args={'value': 3, 'prev_value': None, 'change': True}
2020-05-25 19:59:11,764 : EventManager : Event: ======'machine_var_audits_switches_s_lower_kick_target'====== Args={'value': 1, 'prev_value': None, 'change': True}
2020-05-25 19:59:11,765 : EventManager : Event: ======'machine_var_audits_switches_s_lower_kickout_special'====== Args={'value': 12, 'prev_value': None, 'change': True}
2020-05-25 19:59:11,765 : EventManager : Event: ======'machine_var_audits_switches_s_lower_pop'====== Args={'value': 24, 'prev_value': None, 'change': True}
2020-05-25 19:59:11,766 : EventManager : Event: ======'machine_var_audits_switches_s_lower_rollover'====== Args={'value': 48, 'prev_value': None, 'change': True}
2020-05-25 19:59:11,778 : EventManager : Event: ======'machine_var_audits_switches_s_lower_slingshot'====== Args={'value': 13, 'prev_value': None, 'change': True}
2020-05-25 19:59:11,809 : EventManager : Event: ======'machine_var_audits_switches_s_lower_vuk'====== Args={'value': 196, 'prev_value': None, 'change': True}
2020-05-25 19:59:11,810 : EventManager : Event: ======'machine_var_audits_switches_s_main_10pt_left'====== Args={'value': 17, 'prev_value': None, 'change': True}
2020-05-25 19:59:11,810 : EventManager : Event: ======'machine_var_audits_switches_s_main_1_target'====== Args={'value': 37, 'prev_value': None, 'change': True}
2020-05-25 19:59:11,811 : EventManager : Event: ======'machine_var_audits_switches_s_main_1_trough'====== Args={'value': 28, 'prev_value': None, 'change': True}
2020-05-25 19:59:11,812 : EventManager : Event: ======'machine_var_audits_switches_s_main_2_target'====== Args={'value': 39, 'prev_value': None, 'change': True}
2020-05-25 19:59:11,812 : EventManager : Event: ======'machine_var_audits_switches_s_main_2_trough'====== Args={'value': 56, 'prev_value': None, 'change': True}
2020-05-25 19:59:11,813 : EventManager : Event: ======'machine_var_audits_switches_s_main_3_target'====== Args={'value': 13, 'prev_value': None, 'change': True}
2020-05-25 19:59:11,814 : EventManager : Event: ======'machine_var_audits_switches_s_main_4_target'====== Args={'value': 37, 'prev_value': None, 'change': True}
2020-05-25 19:59:11,814 : EventManager : Event: ======'machine_var_audits_switches_s_main_5_target'====== Args={'value': 51, 'prev_value': None, 'change': True}
2020-05-25 19:59:11,815 : EventManager : Event: ======'machine_var_audits_switches_s_main_inlane_left'====== Args={'value': 15, 'prev_value': None, 'change': True}
2020-05-25 19:59:11,829 : EventManager : Event: ======'machine_var_audits_switches_s_main_inlane_right'====== Args={'value': 63, 'prev_value': None, 'change': True}
2020-05-25 19:59:11,830 : EventManager : Event: ======'machine_var_audits_switches_s_main_kickout_right'====== Args={'value': 126, 'prev_value': None, 'change': True}
2020-05-25 19:59:11,831 : EventManager : Event: ======'machine_var_audits_switches_s_main_lane_center'====== Args={'value': 82, 'prev_value': None, 'change': True}
2020-05-25 19:59:11,831 : EventManager : Event: ======'machine_var_audits_switches_s_main_outhole'====== Args={'value': 370, 'prev_value': None, 'change': True}
2020-05-25 19:59:11,841 : EventManager : Event: ======'machine_var_audits_switches_s_main_outlane_left'====== Args={'value': 13, 'prev_value': None, 'change': True}
2020-05-25 19:59:11,842 : EventManager : Event: ======'machine_var_audits_switches_s_main_outlane_right'====== Args={'value': 40, 'prev_value': None, 'change': True}
2020-05-25 19:59:11,842 : EventManager : Event: ======'machine_var_audits_switches_s_main_pop_bottom'====== Args={'value': 130, 'prev_value': None, 'change': True}
2020-05-25 19:59:11,854 : EventManager : Event: ======'machine_var_audits_switches_s_main_pop_top'====== Args={'value': 111, 'prev_value': None, 'change': True}
2020-05-25 19:59:11,855 : EventManager : Event: ======'machine_var_audits_switches_s_main_rollunder'====== Args={'value': 74, 'prev_value': None, 'change': True}
2020-05-25 19:59:11,855 : EventManager : Event: ======'machine_var_audits_switches_s_main_roundabout_rollunder'====== Args={'value': 52, 'prev_value': None, 'change': True}
2020-05-25 19:59:11,867 : EventManager : Event: ======'machine_var_audits_switches_s_main_secret_trough'====== Args={'value': 21, 'prev_value': None, 'change': True}
2020-05-25 19:59:11,868 : EventManager : Event: ======'machine_var_audits_switches_s_main_slingshot'====== Args={'value': 222, 'prev_value': None, 'change': True}
2020-05-25 19:59:11,868 : EventManager : Event: ======'machine_var_audits_switches_s_main_target_right'====== Args={'value': 115, 'prev_value': None, 'change': True}
2020-05-25 19:59:11,879 : EventManager : Event: ======'machine_var_audits_switches_s_main_trapdoor_trough'====== Args={'value': 0, 'prev_value': None, 'change': True}
2020-05-25 19:59:11,880 : EventManager : Event: ======'machine_var_audits_switches_s_main_vuk'====== Args={'value': 220, 'prev_value': None, 'change': True}
2020-05-25 19:59:11,891 : EventManager : Event: ======'machine_var_audits_switches_s_right_flipper1'====== Args={'value': 195, 'prev_value': None, 'change': True}
2020-05-25 19:59:11,892 : EventManager : Event: ======'machine_var_audits_switches_s_right_flipper2'====== Args={'value': 257, 'prev_value': None, 'change': True}
2020-05-25 19:59:11,892 : EventManager : Event: ======'machine_var_audits_switches_s_start'====== Args={'value': 1, 'prev_value': None, 'change': True}
2020-05-25 19:59:11,904 : EventManager : Event: ======'machine_var_audits_switches_s_upper_10pt_center'====== Args={'value': 164, 'prev_value': None, 'change': True}
2020-05-25 19:59:11,905 : EventManager : Event: ======'machine_var_audits_switches_s_upper_10pt_left'====== Args={'value': 106, 'prev_value': None, 'change': True}
2020-05-25 19:59:11,905 : EventManager : Event: ======'machine_var_audits_switches_s_upper_1_drop'====== Args={'value': 51, 'prev_value': None, 'change': True}
2020-05-25 19:59:11,916 : EventManager : Event: ======'machine_var_audits_switches_s_upper_1_target'====== Args={'value': 86, 'prev_value': None, 'change': True}
2020-05-25 19:59:11,917 : EventManager : Event: ======'machine_var_audits_switches_s_upper_2_drop'====== Args={'value': 52, 'prev_value': None, 'change': True}
2020-05-25 19:59:11,928 : EventManager : Event: ======'machine_var_audits_switches_s_upper_2_target'====== Args={'value': 132, 'prev_value': None, 'change': True}
2020-05-25 19:59:11,929 : EventManager : Event: ======'machine_var_audits_switches_s_upper_3_drop'====== Args={'value': 54, 'prev_value': None, 'change': True}
2020-05-25 19:59:11,930 : EventManager : Event: ======'machine_var_audits_switches_s_upper_3_target'====== Args={'value': 58, 'prev_value': None, 'change': True}
2020-05-25 19:59:11,941 : EventManager : Event: ======'machine_var_audits_switches_s_upper_4_drop'====== Args={'value': 75, 'prev_value': None, 'change': True}
2020-05-25 19:59:11,942 : EventManager : Event: ======'machine_var_audits_switches_s_upper_4_target'====== Args={'value': 55, 'prev_value': None, 'change': True}
2020-05-25 19:59:11,953 : EventManager : Event: ======'machine_var_audits_switches_s_upper_pop'====== Args={'value': 475, 'prev_value': None, 'change': True}
2020-05-25 19:59:12,053 : EventManager : Event: ======'slides_play'====== Args={'settings': {'welcome_slide': {'target': None, 'background_color': [0.0, 0.0, 0.0, 1.0], 'priority': None, 'show': True, 'force': False, 'expire': None, 'slide': None, 'tokens': {}, 'action': 'play'}}, 'context': '_global', 'calling_context': 'init_done', 'priority': 0}
2020-05-25 19:59:12,054 : mpfmc : SlidePlayer: Play called with settings={'welcome_slide': {'target': None, 'background_color': [0.0, 0.0, 0.0, 1.0], 'priority': None, 'show': True, 'force': False, 'expire': None, 'slide': None, 'tokens': {}, 'action': 'play'}}
2020-05-25 19:59:12,058 : EventManager : Event: ======'slide_welcome_slide_removed'====== Args={}
2020-05-25 19:59:12,074 : EventManager : Event: ======'slide_welcome_slide_created'====== Args={}
2020-05-25 19:59:12,079 : EventManager : Event: ======'slide_welcome_slide_active'====== Args={}
2020-05-25 19:59:12,090 : EventManager : Event: ======'mc_reset_phase_1'====== Args={}
2020-05-25 19:59:12,091 : EventManager : Event: ======'mc_reset_phase_2'====== Args={}
2020-05-25 19:59:12,091 : EventManager : Event: ======'mc_reset_phase_3'====== Args={}
2020-05-25 19:59:12,092 : EventManager : Event: ======'mc_reset_complete'====== Args={}
2020-05-25 19:59:12,123 : EventManager : Event: ======'slides_play'====== Args={'settings': {'awesome_slide': {'widgets': [{'type': 'text', 'text': 'Haunted House Remastered', 'font_size': 50, '_default_settings': ['type', 'text', 'font_size'], 'x': None, 'y': None, 'anchor_x': 'center', 'anchor_y': 'center', 'round_anchor_x': None, 'round_anchor_y': None, 'opacity': 1.0, 'z': 0, 'reset_animations_events': {}, 'color': [1.0, 1.0, 1.0, 1.0], 'style': [], 'adjust_top': 0, 'adjust_bottom': 0, 'adjust_left': 0, 'adjust_right': 0, 'expire': None, 'key': None, 'widget': None, 'events_when_added': [], 'events_when_removed': [], 'bitmap_font': False, 'font_kerning': True, 'bold': False, 'italic': False, 'number_grouping': False, 'min_digits': 0, 'halign': 'center', 'valign': 'middle', 'rotation': 0, 'scale': 1.0, 'casing': None, 'animations': None}], 'transition': {'type': 'push', 'duration': 1.0, 'direction': 'left', 'easing': 'out_quad'}, 'target': None, 'background_color': [0.0, 0.0, 0.0, 1.0], 'priority': None, 'show': True, 'force': False, 'expire': None, 'slide': None, 'tokens': {}, 'action': 'play'}}, 'context': 'show_1', 'calling_context': 0, 'priority': 10, 'show_tokens': {}, 'start_time': 490.342}
2020-05-25 19:59:12,125 : mpfmc : SlidePlayer: Play called with settings={'awesome_slide': {'widgets': [{'type': 'text', 'text': 'Haunted House Remastered', 'font_size': 50, '_default_settings': ['type', 'text', 'font_size'], 'x': None, 'y': None, 'anchor_x': 'center', 'anchor_y': 'center', 'round_anchor_x': None, 'round_anchor_y': None, 'opacity': 1.0, 'z': 0, 'reset_animations_events': {}, 'color': [1.0, 1.0, 1.0, 1.0], 'style': [], 'adjust_top': 0, 'adjust_bottom': 0, 'adjust_left': 0, 'adjust_right': 0, 'expire': None, 'key': None, 'widget': None, 'events_when_added': [], 'events_when_removed': [], 'bitmap_font': False, 'font_kerning': True, 'bold': False, 'italic': False, 'number_grouping': False, 'min_digits': 0, 'halign': 'center', 'valign': 'middle', 'rotation': 0, 'scale': 1.0, 'casing': None, 'animations': None}], 'transition': {'type': 'push', 'duration': 1.0, 'direction': 'left', 'easing': 'out_quad'}, 'target': None, 'background_color': [0.0, 0.0, 0.0, 1.0], 'priority': None, 'show': True, 'force': False, 'expire': None, 'slide': None, 'tokens': {}, 'action': 'play'}}
2020-05-25 19:59:12,142 : EventManager : Event: ======'slide_awesome_slide_created'====== Args={}
2020-05-25 19:59:12,149 : EventManager : Event: ======'slide_awesome_slide_active'====== Args={}
2020-05-25 19:59:15,111 : EventManager : Event: ======'slides_play'====== Args={'settings': {'press_start': {'widgets': [{'type': 'Text', 'text': 'PRESS START', 'animations': {'pre_show_slide': [{'property': ['opacity'], 'value': ['0'], 'duration': 0.5, 'relative': False, 'timing': 'after_previous', 'repeat': False, 'easing': 'linear'}, {'property': ['opacity'], 'value': ['1'], 'duration': 0.5, 'repeat': False, 'relative': False, 'timing': 'after_previous', 'easing': 'linear'}]}, '_default_settings': ['type', 'text', 'animations'], 'x': None, 'y': None, 'anchor_x': 'center', 'anchor_y': 'center', 'round_anchor_x': None, 'round_anchor_y': None, 'opacity': 1.0, 'z': 0, 'reset_animations_events': {}, 'color': [1.0, 1.0, 1.0, 1.0], 'style': [], 'adjust_top': 0, 'adjust_bottom': 0, 'adjust_left': 0, 'adjust_right': 0, 'expire': None, 'key': None, 'widget': None, 'events_when_added': [], 'events_when_removed': [], 'font_size': 15, 'bitmap_font': False, 'font_kerning': True, 'bold': False, 'italic': False, 'number_grouping': False, 'min_digits': 0, 'halign': 'center', 'valign': 'middle', 'rotation': 0, 'scale': 1.0, 'casing': None}, {'type': 'Text', 'text': 'FREE PLAY', 'color': [0.0, 0.5019607843137255, 0.0, 1], 'y': '10', 'anchor_y': 'bottom', '_default_settings': ['type', 'text', 'color', 'y', 'anchor_y'], 'x': None, 'anchor_x': 'center', 'round_anchor_x': None, 'round_anchor_y': None, 'opacity': 1.0, 'z': 0, 'reset_animations_events': {}, 'style': [], 'adjust_top': 0, 'adjust_bottom': 0, 'adjust_left': 0, 'adjust_right': 0, 'expire': None, 'key': None, 'widget': None, 'events_when_added': [], 'events_when_removed': [], 'font_size': 15, 'bitmap_font': False, 'font_kerning': True, 'bold': False, 'italic': False, 'number_grouping': False, 'min_digits': 0, 'halign': 'center', 'valign': 'middle', 'rotation': 0, 'scale': 1.0, 'casing': None, 'animations': None}], 'transition': {'type': 'move_in', 'duration': 1.0, 'direction': 'right', 'easing': 'out_quad'}, 'target': None, 'background_color': [0.0, 0.0, 0.0, 1.0], 'priority': None, 'show': True, 'force': False, 'expire': None, 'slide': None, 'tokens': {}, 'action': 'play'}}, 'context': 'show_1', 'calling_context': 1, 'priority': 10, 'show_tokens': {}, 'start_time': 493.342}
2020-05-25 19:59:15,113 : mpfmc : SlidePlayer: Play called with settings={'press_start': {'widgets': [{'type': 'Text', 'text': 'PRESS START', 'animations': {'pre_show_slide': [{'property': ['opacity'], 'value': ['0'], 'duration': 0.5, 'relative': False, 'timing': 'after_previous', 'repeat': False, 'easing': 'linear'}, {'property': ['opacity'], 'value': ['1'], 'duration': 0.5, 'repeat': False, 'relative': False, 'timing': 'after_previous', 'easing': 'linear'}]}, '_default_settings': ['type', 'text', 'animations'], 'x': None, 'y': None, 'anchor_x': 'center', 'anchor_y': 'center', 'round_anchor_x': None, 'round_anchor_y': None, 'opacity': 1.0, 'z': 0, 'reset_animations_events': {}, 'color': [1.0, 1.0, 1.0, 1.0], 'style': [], 'adjust_top': 0, 'adjust_bottom': 0, 'adjust_left': 0, 'adjust_right': 0, 'expire': None, 'key': None, 'widget': None, 'events_when_added': [], 'events_when_removed': [], 'font_size': 15, 'bitmap_font': False, 'font_kerning': True, 'bold': False, 'italic': False, 'number_grouping': False, 'min_digits': 0, 'halign': 'center', 'valign': 'middle', 'rotation': 0, 'scale': 1.0, 'casing': None}, {'type': 'Text', 'text': 'FREE PLAY', 'color': [0.0, 0.5019607843137255, 0.0, 1], 'y': '10', 'anchor_y': 'bottom', '_default_settings': ['type', 'text', 'color', 'y', 'anchor_y'], 'x': None, 'anchor_x': 'center', 'round_anchor_x': None, 'round_anchor_y': None, 'opacity': 1.0, 'z': 0, 'reset_animations_events': {}, 'style': [], 'adjust_top': 0, 'adjust_bottom': 0, 'adjust_left': 0, 'adjust_right': 0, 'expire': None, 'key': None, 'widget': None, 'events_when_added': [], 'events_when_removed': [], 'font_size': 15, 'bitmap_font': False, 'font_kerning': True, 'bold': False, 'italic': False, 'number_grouping': False, 'min_digits': 0, 'halign': 'center', 'valign': 'middle', 'rotation': 0, 'scale': 1.0, 'casing': None, 'animations': None}], 'transition': {'type': 'move_in', 'duration': 1.0, 'direction': 'right', 'easing': 'out_quad'}, 'target': None, 'background_color': [0.0, 0.0, 0.0, 1.0], 'priority': None, 'show': True, 'force': False, 'expire': None, 'slide': None, 'tokens': {}, 'action': 'play'}}
2020-05-25 19:59:15,134 : EventManager : Event: ======'slide_press_start_created'====== Args={}
2020-05-25 19:59:15,144 : EventManager : Event: ======'slide_press_start_active'====== Args={}
2020-05-25 19:59:18,111 : EventManager : Event: ======'slides_play'====== Args={'settings': {'mission_pinball': {'widgets': [{'type': 'Text', 'text': 'By Siegecraft Electronics', 'color': [1.0, 0.0, 0.0, 1], '_default_settings': ['type', 'text', 'color'], 'x': None, 'y': None, 'anchor_x': 'center', 'anchor_y': 'center', 'round_anchor_x': None, 'round_anchor_y': None, 'opacity': 1.0, 'z': 0, 'reset_animations_events': {}, 'style': [], 'adjust_top': 0, 'adjust_bottom': 0, 'adjust_left': 0, 'adjust_right': 0, 'expire': None, 'key': None, 'widget': None, 'events_when_added': [], 'events_when_removed': [], 'font_size': 15, 'bitmap_font': False, 'font_kerning': True, 'bold': False, 'italic': False, 'number_grouping': False, 'min_digits': 0, 'halign': 'center', 'valign': 'middle', 'rotation': 0, 'scale': 1.0, 'casing': None, 'animations': None}], 'transition': {'type': 'move_in', 'duration': 1.0, 'direction': 'top', 'easing': 'out_quad'}, 'target': None, 'background_color': [0.0, 0.0, 0.0, 1.0], 'priority': None, 'show': True, 'force': False, 'expire': None, 'slide': None, 'tokens': {}, 'action': 'play'}}, 'context': 'show_1', 'calling_context': 2, 'priority': 10, 'show_tokens': {}, 'start_time': 496.342}
2020-05-25 19:59:18,113 : mpfmc : SlidePlayer: Play called with settings={'mission_pinball': {'widgets': [{'type': 'Text', 'text': 'By Siegecraft Electronics', 'color': [1.0, 0.0, 0.0, 1], '_default_settings': ['type', 'text', 'color'], 'x': None, 'y': None, 'anchor_x': 'center', 'anchor_y': 'center', 'round_anchor_x': None, 'round_anchor_y': None, 'opacity': 1.0, 'z': 0, 'reset_animations_events': {}, 'style': [], 'adjust_top': 0, 'adjust_bottom': 0, 'adjust_left': 0, 'adjust_right': 0, 'expire': None, 'key': None, 'widget': None, 'events_when_added': [], 'events_when_removed': [], 'font_size': 15, 'bitmap_font': False, 'font_kerning': True, 'bold': False, 'italic': False, 'number_grouping': False, 'min_digits': 0, 'halign': 'center', 'valign': 'middle', 'rotation': 0, 'scale': 1.0, 'casing': None, 'animations': None}], 'transition': {'type': 'move_in', 'duration': 1.0, 'direction': 'top', 'easing': 'out_quad'}, 'target': None, 'background_color': [0.0, 0.0, 0.0, 1.0], 'priority': None, 'show': True, 'force': False, 'expire': None, 'slide': None, 'tokens': {}, 'action': 'play'}}
2020-05-25 19:59:18,125 : EventManager : Event: ======'slide_mission_pinball_created'====== Args={}
2020-05-25 19:59:18,132 : EventManager : Event: ======'slide_mission_pinball_active'====== Args={}
2020-05-25 19:59:21,104 : EventManager : Event: ======'slides_play'====== Args={'settings': {'last_game_score_slide': {'widgets': [{'type': 'text', 'text': 'LAST GAME', 'font_size': 50, 'y': '60%', '_default_settings': ['type', 'text', 'font_size', 'y'], 'x': None, 'anchor_x': 'center', 'anchor_y': 'center', 'round_anchor_x': None, 'round_anchor_y': None, 'opacity': 1.0, 'z': 0, 'reset_animations_events': {}, 'color': [1.0, 1.0, 1.0, 1.0], 'style': [], 'adjust_top': 0, 'adjust_bottom': 0, 'adjust_left': 0, 'adjust_right': 0, 'expire': None, 'key': None, 'widget': None, 'events_when_added': [], 'events_when_removed': [], 'bitmap_font': False, 'font_kerning': True, 'bold': False, 'italic': False, 'number_grouping': False, 'min_digits': 0, 'halign': 'center', 'valign': 'middle', 'rotation': 0, 'scale': 1.0, 'casing': None, 'animations': None}, {'type': 'text', 'text': '(machine|player1_score)', 'number_grouping': True, 'min_digits': 2, 'font_size': 50, 'y': '40%', '_default_settings': ['type', 'text', 'number_grouping', 'min_digits', 'font_size', 'y'], 'x': None, 'anchor_x': 'center', 'anchor_y': 'center', 'round_anchor_x': None, 'round_anchor_y': None, 'opacity': 1.0, 'z': 0, 'reset_animations_events': {}, 'color': [1.0, 1.0, 1.0, 1.0], 'style': [], 'adjust_top': 0, 'adjust_bottom': 0, 'adjust_left': 0, 'adjust_right': 0, 'expire': None, 'key': None, 'widget': None, 'events_when_added': [], 'events_when_removed': [], 'bitmap_font': False, 'font_kerning': True, 'bold': False, 'italic': False, 'halign': 'center', 'valign': 'middle', 'rotation': 0, 'scale': 1.0, 'casing': None, 'animations': None}], 'target': None, 'background_color': [0.0, 0.0, 0.0, 1.0], 'priority': None, 'show': True, 'force': False, 'expire': None, 'slide': None, 'tokens': {}, 'action': 'play'}}, 'context': 'show_1', 'calling_context': 3, 'priority': 10, 'show_tokens': {}, 'start_time': 499.342}
2020-05-25 19:59:21,105 : mpfmc : SlidePlayer: Play called with settings={'last_game_score_slide': {'widgets': [{'type': 'text', 'text': 'LAST GAME', 'font_size': 50, 'y': '60%', '_default_settings': ['type', 'text', 'font_size', 'y'], 'x': None, 'anchor_x': 'center', 'anchor_y': 'center', 'round_anchor_x': None, 'round_anchor_y': None, 'opacity': 1.0, 'z': 0, 'reset_animations_events': {}, 'color': [1.0, 1.0, 1.0, 1.0], 'style': [], 'adjust_top': 0, 'adjust_bottom': 0, 'adjust_left': 0, 'adjust_right': 0, 'expire': None, 'key': None, 'widget': None, 'events_when_added': [], 'events_when_removed': [], 'bitmap_font': False, 'font_kerning': True, 'bold': False, 'italic': False, 'number_grouping': False, 'min_digits': 0, 'halign': 'center', 'valign': 'middle', 'rotation': 0, 'scale': 1.0, 'casing': None, 'animations': None}, {'type': 'text', 'text': '(machine|player1_score)', 'number_grouping': True, 'min_digits': 2, 'font_size': 50, 'y': '40%', '_default_settings': ['type', 'text', 'number_grouping', 'min_digits', 'font_size', 'y'], 'x': None, 'anchor_x': 'center', 'anchor_y': 'center', 'round_anchor_x': None, 'round_anchor_y': None, 'opacity': 1.0, 'z': 0, 'reset_animations_events': {}, 'color': [1.0, 1.0, 1.0, 1.0], 'style': [], 'adjust_top': 0, 'adjust_bottom': 0, 'adjust_left': 0, 'adjust_right': 0, 'expire': None, 'key': None, 'widget': None, 'events_when_added': [], 'events_when_removed': [], 'bitmap_font': False, 'font_kerning': True, 'bold': False, 'italic': False, 'halign': 'center', 'valign': 'middle', 'rotation': 0, 'scale': 1.0, 'casing': None, 'animations': None}], 'target': None, 'background_color': [0.0, 0.0, 0.0, 1.0], 'priority': None, 'show': True, 'force': False, 'expire': None, 'slide': None, 'tokens': {}, 'action': 'play'}}
2020-05-25 19:59:21,126 : EventManager : Event: ======'slide_last_game_score_slide_created'====== Args={}
2020-05-25 19:59:21,128 : EventManager : Unordered handler for class <Text Widget text=29,150> on event machine_var_player1_score with priority 1. Handlers: [RegisteredHandler(callback=<bound method Text._machine_var_change of <Text Widget text=29,150>>, priority=1, kwargs={}, key=UUID('462552c5-17d4-47f3-a111-f6a063aaf940'), condition=None, blocking_facility=None), RegisteredHandler(callback=<bound method Text._machine_var_change of <Text Widget text=29,150>>, priority=1, kwargs={}, key=UUID('aea3c44e-10a7-4ba3-8071-b5cc113c6616'), condition=None, blocking_facility=None)]. The order of those handlers is not defined and they will be executed in random order. This might lead to race conditions and potential bugs.
2020-05-25 19:59:21,136 : EventManager : Event: ======'slide_last_game_score_slide_active'====== Args={}
2020-05-25 19:59:24,120 : EventManager : Event: ======'slides_play'====== Args={'settings': {'awesome_slide': {'widgets': [{'type': 'text', 'text': 'Haunted House Remastered', 'font_size': 50, '_default_settings': ['type', 'text', 'font_size'], 'x': None, 'y': None, 'anchor_x': 'center', 'anchor_y': 'center', 'round_anchor_x': None, 'round_anchor_y': None, 'opacity': 1.0, 'z': 0, 'reset_animations_events': {}, 'color': [1.0, 1.0, 1.0, 1.0], 'style': [], 'adjust_top': 0, 'adjust_bottom': 0, 'adjust_left': 0, 'adjust_right': 0, 'expire': None, 'key': None, 'widget': None, 'events_when_added': [], 'events_when_removed': [], 'bitmap_font': False, 'font_kerning': True, 'bold': False, 'italic': False, 'number_grouping': False, 'min_digits': 0, 'halign': 'center', 'valign': 'middle', 'rotation': 0, 'scale': 1.0, 'casing': None, 'animations': None}], 'transition': {'type': 'push', 'duration': 1.0, 'direction': 'left', 'easing': 'out_quad'}, 'target': None, 'background_color': [0.0, 0.0, 0.0, 1.0], 'priority': None, 'show': True, 'force': False, 'expire': None, 'slide': None, 'tokens': {}, 'action': 'play'}}, 'context': 'show_1', 'calling_context': 0, 'priority': 10, 'show_tokens': {}, 'start_time': 502.342}
2020-05-25 19:59:24,121 : mpfmc : SlidePlayer: Play called with settings={'awesome_slide': {'widgets': [{'type': 'text', 'text': 'Haunted House Remastered', 'font_size': 50, '_default_settings': ['type', 'text', 'font_size'], 'x': None, 'y': None, 'anchor_x': 'center', 'anchor_y': 'center', 'round_anchor_x': None, 'round_anchor_y': None, 'opacity': 1.0, 'z': 0, 'reset_animations_events': {}, 'color': [1.0, 1.0, 1.0, 1.0], 'style': [], 'adjust_top': 0, 'adjust_bottom': 0, 'adjust_left': 0, 'adjust_right': 0, 'expire': None, 'key': None, 'widget': None, 'events_when_added': [], 'events_when_removed': [], 'bitmap_font': False, 'font_kerning': True, 'bold': False, 'italic': False, 'number_grouping': False, 'min_digits': 0, 'halign': 'center', 'valign': 'middle', 'rotation': 0, 'scale': 1.0, 'casing': None, 'animations': None}], 'transition': {'type': 'push', 'duration': 1.0, 'direction': 'left', 'easing': 'out_quad'}, 'target': None, 'background_color': [0.0, 0.0, 0.0, 1.0], 'priority': None, 'show': True, 'force': False, 'expire': None, 'slide': None, 'tokens': {}, 'action': 'play'}}
2020-05-25 19:59:24,125 : EventManager : Event: ======'slide_awesome_slide_removed'====== Args={}
2020-05-25 19:59:24,137 : EventManager : Event: ======'slide_awesome_slide_created'====== Args={}
2020-05-25 19:59:24,145 : EventManager : Event: ======'slide_awesome_slide_active'====== Args={}
2020-05-25 19:59:27,113 : EventManager : Event: ======'slides_play'====== Args={'settings': {'press_start': {'widgets': [{'type': 'Text', 'text': 'PRESS START', 'animations': {'pre_show_slide': [{'property': ['opacity'], 'value': ['0'], 'duration': 0.5, 'relative': False, 'timing': 'after_previous', 'repeat': False, 'easing': 'linear'}, {'property': ['opacity'], 'value': ['1'], 'duration': 0.5, 'repeat': False, 'relative': False, 'timing': 'after_previous', 'easing': 'linear'}]}, '_default_settings': ['type', 'text', 'animations'], 'x': None, 'y': None, 'anchor_x': 'center', 'anchor_y': 'center', 'round_anchor_x': None, 'round_anchor_y': None, 'opacity': 1.0, 'z': 0, 'reset_animations_events': {}, 'color': [1.0, 1.0, 1.0, 1.0], 'style': [], 'adjust_top': 0, 'adjust_bottom': 0, 'adjust_left': 0, 'adjust_right': 0, 'expire': None, 'key': None, 'widget': None, 'events_when_added': [], 'events_when_removed': [], 'font_size': 15, 'bitmap_font': False, 'font_kerning': True, 'bold': False, 'italic': False, 'number_grouping': False, 'min_digits': 0, 'halign': 'center', 'valign': 'middle', 'rotation': 0, 'scale': 1.0, 'casing': None}, {'type': 'Text', 'text': 'FREE PLAY', 'color': [0.0, 0.5019607843137255, 0.0, 1], 'y': '10', 'anchor_y': 'bottom', '_default_settings': ['type', 'text', 'color', 'y', 'anchor_y'], 'x': None, 'anchor_x': 'center', 'round_anchor_x': None, 'round_anchor_y': None, 'opacity': 1.0, 'z': 0, 'reset_animations_events': {}, 'style': [], 'adjust_top': 0, 'adjust_bottom': 0, 'adjust_left': 0, 'adjust_right': 0, 'expire': None, 'key': None, 'widget': None, 'events_when_added': [], 'events_when_removed': [], 'font_size': 15, 'bitmap_font': False, 'font_kerning': True, 'bold': False, 'italic': False, 'number_grouping': False, 'min_digits': 0, 'halign': 'center', 'valign': 'middle', 'rotation': 0, 'scale': 1.0, 'casing': None, 'animations': None}], 'transition': {'type': 'move_in', 'duration': 1.0, 'direction': 'right', 'easing': 'out_quad'}, 'target': None, 'background_color': [0.0, 0.0, 0.0, 1.0], 'priority': None, 'show': True, 'force': False, 'expire': None, 'slide': None, 'tokens': {}, 'action': 'play'}}, 'context': 'show_1', 'calling_context': 1, 'priority': 10, 'show_tokens': {}, 'start_time': 505.342}
2020-05-25 19:59:27,114 : mpfmc : SlidePlayer: Play called with settings={'press_start': {'widgets': [{'type': 'Text', 'text': 'PRESS START', 'animations': {'pre_show_slide': [{'property': ['opacity'], 'value': ['0'], 'duration': 0.5, 'relative': False, 'timing': 'after_previous', 'repeat': False, 'easing': 'linear'}, {'property': ['opacity'], 'value': ['1'], 'duration': 0.5, 'repeat': False, 'relative': False, 'timing': 'after_previous', 'easing': 'linear'}]}, '_default_settings': ['type', 'text', 'animations'], 'x': None, 'y': None, 'anchor_x': 'center', 'anchor_y': 'center', 'round_anchor_x': None, 'round_anchor_y': None, 'opacity': 1.0, 'z': 0, 'reset_animations_events': {}, 'color': [1.0, 1.0, 1.0, 1.0], 'style': [], 'adjust_top': 0, 'adjust_bottom': 0, 'adjust_left': 0, 'adjust_right': 0, 'expire': None, 'key': None, 'widget': None, 'events_when_added': [], 'events_when_removed': [], 'font_size': 15, 'bitmap_font': False, 'font_kerning': True, 'bold': False, 'italic': False, 'number_grouping': False, 'min_digits': 0, 'halign': 'center', 'valign': 'middle', 'rotation': 0, 'scale': 1.0, 'casing': None}, {'type': 'Text', 'text': 'FREE PLAY', 'color': [0.0, 0.5019607843137255, 0.0, 1], 'y': '10', 'anchor_y': 'bottom', '_default_settings': ['type', 'text', 'color', 'y', 'anchor_y'], 'x': None, 'anchor_x': 'center', 'round_anchor_x': None, 'round_anchor_y': None, 'opacity': 1.0, 'z': 0, 'reset_animations_events': {}, 'style': [], 'adjust_top': 0, 'adjust_bottom': 0, 'adjust_left': 0, 'adjust_right': 0, 'expire': None, 'key': None, 'widget': None, 'events_when_added': [], 'events_when_removed': [], 'font_size': 15, 'bitmap_font': False, 'font_kerning': True, 'bold': False, 'italic': False, 'number_grouping': False, 'min_digits': 0, 'halign': 'center', 'valign': 'middle', 'rotation': 0, 'scale': 1.0, 'casing': None, 'animations': None}], 'transition': {'type': 'move_in', 'duration': 1.0, 'direction': 'right', 'easing': 'out_quad'}, 'target': None, 'background_color': [0.0, 0.0, 0.0, 1.0], 'priority': None, 'show': True, 'force': False, 'expire': None, 'slide': None, 'tokens': {}, 'action': 'play'}}
2020-05-25 19:59:27,120 : EventManager : Event: ======'slide_press_start_removed'====== Args={}
2020-05-25 19:59:27,142 : EventManager : Event: ======'slide_press_start_created'====== Args={}
2020-05-25 19:59:27,152 : EventManager : Event: ======'slide_press_start_active'====== Args={}
2020-05-25 19:59:30,103 : EventManager : Event: ======'slides_play'====== Args={'settings': {'mission_pinball': {'widgets': [{'type': 'Text', 'text': 'By Siegecraft Electronics', 'color': [1.0, 0.0, 0.0, 1], '_default_settings': ['type', 'text', 'color'], 'x': None, 'y': None, 'anchor_x': 'center', 'anchor_y': 'center', 'round_anchor_x': None, 'round_anchor_y': None, 'opacity': 1.0, 'z': 0, 'reset_animations_events': {}, 'style': [], 'adjust_top': 0, 'adjust_bottom': 0, 'adjust_left': 0, 'adjust_right': 0, 'expire': None, 'key': None, 'widget': None, 'events_when_added': [], 'events_when_removed': [], 'font_size': 15, 'bitmap_font': False, 'font_kerning': True, 'bold': False, 'italic': False, 'number_grouping': False, 'min_digits': 0, 'halign': 'center', 'valign': 'middle', 'rotation': 0, 'scale': 1.0, 'casing': None, 'animations': None}], 'transition': {'type': 'move_in', 'duration': 1.0, 'direction': 'top', 'easing': 'out_quad'}, 'target': None, 'background_color': [0.0, 0.0, 0.0, 1.0], 'priority': None, 'show': True, 'force': False, 'expire': None, 'slide': None, 'tokens': {}, 'action': 'play'}}, 'context': 'show_1', 'calling_context': 2, 'priority': 10, 'show_tokens': {}, 'start_time': 508.342}
2020-05-25 19:59:30,104 : mpfmc : SlidePlayer: Play called with settings={'mission_pinball': {'widgets': [{'type': 'Text', 'text': 'By Siegecraft Electronics', 'color': [1.0, 0.0, 0.0, 1], '_default_settings': ['type', 'text', 'color'], 'x': None, 'y': None, 'anchor_x': 'center', 'anchor_y': 'center', 'round_anchor_x': None, 'round_anchor_y': None, 'opacity': 1.0, 'z': 0, 'reset_animations_events': {}, 'style': [], 'adjust_top': 0, 'adjust_bottom': 0, 'adjust_left': 0, 'adjust_right': 0, 'expire': None, 'key': None, 'widget': None, 'events_when_added': [], 'events_when_removed': [], 'font_size': 15, 'bitmap_font': False, 'font_kerning': True, 'bold': False, 'italic': False, 'number_grouping': False, 'min_digits': 0, 'halign': 'center', 'valign': 'middle', 'rotation': 0, 'scale': 1.0, 'casing': None, 'animations': None}], 'transition': {'type': 'move_in', 'duration': 1.0, 'direction': 'top', 'easing': 'out_quad'}, 'target': None, 'background_color': [0.0, 0.0, 0.0, 1.0], 'priority': None, 'show': True, 'force': False, 'expire': None, 'slide': None, 'tokens': {}, 'action': 'play'}}
2020-05-25 19:59:30,108 : EventManager : Event: ======'slide_mission_pinball_removed'====== Args={}
2020-05-25 19:59:30,119 : EventManager : Event: ======'slide_mission_pinball_created'====== Args={}
2020-05-25 19:59:30,126 : EventManager : Event: ======'slide_mission_pinball_active'====== Args={}
2020-05-25 19:59:33,114 : EventManager : Event: ======'slides_play'====== Args={'settings': {'last_game_score_slide': {'widgets': [{'type': 'text', 'text': 'LAST GAME', 'font_size': 50, 'y': '60%', '_default_settings': ['type', 'text', 'font_size', 'y'], 'x': None, 'anchor_x': 'center', 'anchor_y': 'center', 'round_anchor_x': None, 'round_anchor_y': None, 'opacity': 1.0, 'z': 0, 'reset_animations_events': {}, 'color': [1.0, 1.0, 1.0, 1.0], 'style': [], 'adjust_top': 0, 'adjust_bottom': 0, 'adjust_left': 0, 'adjust_right': 0, 'expire': None, 'key': None, 'widget': None, 'events_when_added': [], 'events_when_removed': [], 'bitmap_font': False, 'font_kerning': True, 'bold': False, 'italic': False, 'number_grouping': False, 'min_digits': 0, 'halign': 'center', 'valign': 'middle', 'rotation': 0, 'scale': 1.0, 'casing': None, 'animations': None}, {'type': 'text', 'text': '(machine|player1_score)', 'number_grouping': True, 'min_digits': 2, 'font_size': 50, 'y': '40%', '_default_settings': ['type', 'text', 'number_grouping', 'min_digits', 'font_size', 'y'], 'x': None, 'anchor_x': 'center', 'anchor_y': 'center', 'round_anchor_x': None, 'round_anchor_y': None, 'opacity': 1.0, 'z': 0, 'reset_animations_events': {}, 'color': [1.0, 1.0, 1.0, 1.0], 'style': [], 'adjust_top': 0, 'adjust_bottom': 0, 'adjust_left': 0, 'adjust_right': 0, 'expire': None, 'key': None, 'widget': None, 'events_when_added': [], 'events_when_removed': [], 'bitmap_font': False, 'font_kerning': True, 'bold': False, 'italic': False, 'halign': 'center', 'valign': 'middle', 'rotation': 0, 'scale': 1.0, 'casing': None, 'animations': None}], 'target': None, 'background_color': [0.0, 0.0, 0.0, 1.0], 'priority': None, 'show': True, 'force': False, 'expire': None, 'slide': None, 'tokens': {}, 'action': 'play'}}, 'context': 'show_1', 'calling_context': 3, 'priority': 10, 'show_tokens': {}, 'start_time': 511.342}
2020-05-25 19:59:33,116 : mpfmc : SlidePlayer: Play called with settings={'last_game_score_slide': {'widgets': [{'type': 'text', 'text': 'LAST GAME', 'font_size': 50, 'y': '60%', '_default_settings': ['type', 'text', 'font_size', 'y'], 'x': None, 'anchor_x': 'center', 'anchor_y': 'center', 'round_anchor_x': None, 'round_anchor_y': None, 'opacity': 1.0, 'z': 0, 'reset_animations_events': {}, 'color': [1.0, 1.0, 1.0, 1.0], 'style': [], 'adjust_top': 0, 'adjust_bottom': 0, 'adjust_left': 0, 'adjust_right': 0, 'expire': None, 'key': None, 'widget': None, 'events_when_added': [], 'events_when_removed': [], 'bitmap_font': False, 'font_kerning': True, 'bold': False, 'italic': False, 'number_grouping': False, 'min_digits': 0, 'halign': 'center', 'valign': 'middle', 'rotation': 0, 'scale': 1.0, 'casing': None, 'animations': None}, {'type': 'text', 'text': '(machine|player1_score)', 'number_grouping': True, 'min_digits': 2, 'font_size': 50, 'y': '40%', '_default_settings': ['type', 'text', 'number_grouping', 'min_digits', 'font_size', 'y'], 'x': None, 'anchor_x': 'center', 'anchor_y': 'center', 'round_anchor_x': None, 'round_anchor_y': None, 'opacity': 1.0, 'z': 0, 'reset_animations_events': {}, 'color': [1.0, 1.0, 1.0, 1.0], 'style': [], 'adjust_top': 0, 'adjust_bottom': 0, 'adjust_left': 0, 'adjust_right': 0, 'expire': None, 'key': None, 'widget': None, 'events_when_added': [], 'events_when_removed': [], 'bitmap_font': False, 'font_kerning': True, 'bold': False, 'italic': False, 'halign': 'center', 'valign': 'middle', 'rotation': 0, 'scale': 1.0, 'casing': None, 'animations': None}], 'target': None, 'background_color': [0.0, 0.0, 0.0, 1.0], 'priority': None, 'show': True, 'force': False, 'expire': None, 'slide': None, 'tokens': {}, 'action': 'play'}}
2020-05-25 19:59:33,121 : EventManager : Event: ======'slide_last_game_score_slide_removed'====== Args={}
2020-05-25 19:59:33,139 : EventManager : Event: ======'slide_last_game_score_slide_created'====== Args={}
2020-05-25 19:59:33,141 : EventManager : Unordered handler for class <Text Widget text=29,150> on event machine_var_player1_score with priority 1. Handlers: [RegisteredHandler(callback=<bound method Text._machine_var_change of <Text Widget text=29,150>>, priority=1, kwargs={}, key=UUID('baf4b28f-8c43-4d44-918c-5b3b80a95d56'), condition=None, blocking_facility=None), RegisteredHandler(callback=<bound method Text._machine_var_change of <Text Widget text=29,150>>, priority=1, kwargs={}, key=UUID('4795ee89-990b-45bc-a624-16af13abb94f'), condition=None, blocking_facility=None)]. The order of those handlers is not defined and they will be executed in random order. This might lead to race conditions and potential bugs.
2020-05-25 19:59:33,150 : EventManager : Event: ======'slide_last_game_score_slide_active'====== Args={}
2020-05-25 19:59:36,112 : EventManager : Event: ======'slides_play'====== Args={'settings': {'awesome_slide': {'widgets': [{'type': 'text', 'text': 'Haunted House Remastered', 'font_size': 50, '_default_settings': ['type', 'text', 'font_size'], 'x': None, 'y': None, 'anchor_x': 'center', 'anchor_y': 'center', 'round_anchor_x': None, 'round_anchor_y': None, 'opacity': 1.0, 'z': 0, 'reset_animations_events': {}, 'color': [1.0, 1.0, 1.0, 1.0], 'style': [], 'adjust_top': 0, 'adjust_bottom': 0, 'adjust_left': 0, 'adjust_right': 0, 'expire': None, 'key': None, 'widget': None, 'events_when_added': [], 'events_when_removed': [], 'bitmap_font': False, 'font_kerning': True, 'bold': False, 'italic': False, 'number_grouping': False, 'min_digits': 0, 'halign': 'center', 'valign': 'middle', 'rotation': 0, 'scale': 1.0, 'casing': None, 'animations': None}], 'transition': {'type': 'push', 'duration': 1.0, 'direction': 'left', 'easing': 'out_quad'}, 'target': None, 'background_color': [0.0, 0.0, 0.0, 1.0], 'priority': None, 'show': True, 'force': False, 'expire': None, 'slide': None, 'tokens': {}, 'action': 'play'}}, 'context': 'show_1', 'calling_context': 0, 'priority': 10, 'show_tokens': {}, 'start_time': 514.342}
2020-05-25 19:59:36,113 : mpfmc : SlidePlayer: Play called with settings={'awesome_slide': {'widgets': [{'type': 'text', 'text': 'Haunted House Remastered', 'font_size': 50, '_default_settings': ['type', 'text', 'font_size'], 'x': None, 'y': None, 'anchor_x': 'center', 'anchor_y': 'center', 'round_anchor_x': None, 'round_anchor_y': None, 'opacity': 1.0, 'z': 0, 'reset_animations_events': {}, 'color': [1.0, 1.0, 1.0, 1.0], 'style': [], 'adjust_top': 0, 'adjust_bottom': 0, 'adjust_left': 0, 'adjust_right': 0, 'expire': None, 'key': None, 'widget': None, 'events_when_added': [], 'events_when_removed': [], 'bitmap_font': False, 'font_kerning': True, 'bold': False, 'italic': False, 'number_grouping': False, 'min_digits': 0, 'halign': 'center', 'valign': 'middle', 'rotation': 0, 'scale': 1.0, 'casing': None, 'animations': None}], 'transition': {'type': 'push', 'duration': 1.0, 'direction': 'left', 'easing': 'out_quad'}, 'target': None, 'background_color': [0.0, 0.0, 0.0, 1.0], 'priority': None, 'show': True, 'force': False, 'expire': None, 'slide': None, 'tokens': {}, 'action': 'play'}}
2020-05-25 19:59:36,116 : EventManager : Event: ======'slide_awesome_slide_removed'====== Args={}
2020-05-25 19:59:36,131 : EventManager : Event: ======'slide_awesome_slide_created'====== Args={}
2020-05-25 19:59:36,140 : EventManager : Event: ======'slide_awesome_slide_active'====== Args={}
2020-05-25 19:59:39,106 : EventManager : Event: ======'slides_play'====== Args={'settings': {'press_start': {'widgets': [{'type': 'Text', 'text': 'PRESS START', 'animations': {'pre_show_slide': [{'property': ['opacity'], 'value': ['0'], 'duration': 0.5, 'relative': False, 'timing': 'after_previous', 'repeat': False, 'easing': 'linear'}, {'property': ['opacity'], 'value': ['1'], 'duration': 0.5, 'repeat': False, 'relative': False, 'timing': 'after_previous', 'easing': 'linear'}]}, '_default_settings': ['type', 'text', 'animations'], 'x': None, 'y': None, 'anchor_x': 'center', 'anchor_y': 'center', 'round_anchor_x': None, 'round_anchor_y': None, 'opacity': 1.0, 'z': 0, 'reset_animations_events': {}, 'color': [1.0, 1.0, 1.0, 1.0], 'style': [], 'adjust_top': 0, 'adjust_bottom': 0, 'adjust_left': 0, 'adjust_right': 0, 'expire': None, 'key': None, 'widget': None, 'events_when_added': [], 'events_when_removed': [], 'font_size': 15, 'bitmap_font': False, 'font_kerning': True, 'bold': False, 'italic': False, 'number_grouping': False, 'min_digits': 0, 'halign': 'center', 'valign': 'middle', 'rotation': 0, 'scale': 1.0, 'casing': None}, {'type': 'Text', 'text': 'FREE PLAY', 'color': [0.0, 0.5019607843137255, 0.0, 1], 'y': '10', 'anchor_y': 'bottom', '_default_settings': ['type', 'text', 'color', 'y', 'anchor_y'], 'x': None, 'anchor_x': 'center', 'round_anchor_x': None, 'round_anchor_y': None, 'opacity': 1.0, 'z': 0, 'reset_animations_events': {}, 'style': [], 'adjust_top': 0, 'adjust_bottom': 0, 'adjust_left': 0, 'adjust_right': 0, 'expire': None, 'key': None, 'widget': None, 'events_when_added': [], 'events_when_removed': [], 'font_size': 15, 'bitmap_font': False, 'font_kerning': True, 'bold': False, 'italic': False, 'number_grouping': False, 'min_digits': 0, 'halign': 'center', 'valign': 'middle', 'rotation': 0, 'scale': 1.0, 'casing': None, 'animations': None}], 'transition': {'type': 'move_in', 'duration': 1.0, 'direction': 'right', 'easing': 'out_quad'}, 'target': None, 'background_color': [0.0, 0.0, 0.0, 1.0], 'priority': None, 'show': True, 'force': False, 'expire': None, 'slide': None, 'tokens': {}, 'action': 'play'}}, 'context': 'show_1', 'calling_context': 1, 'priority': 10, 'show_tokens': {}, 'start_time': 517.342}
2020-05-25 19:59:39,108 : mpfmc : SlidePlayer: Play called with settings={'press_start': {'widgets': [{'type': 'Text', 'text': 'PRESS START', 'animations': {'pre_show_slide': [{'property': ['opacity'], 'value': ['0'], 'duration': 0.5, 'relative': False, 'timing': 'after_previous', 'repeat': False, 'easing': 'linear'}, {'property': ['opacity'], 'value': ['1'], 'duration': 0.5, 'repeat': False, 'relative': False, 'timing': 'after_previous', 'easing': 'linear'}]}, '_default_settings': ['type', 'text', 'animations'], 'x': None, 'y': None, 'anchor_x': 'center', 'anchor_y': 'center', 'round_anchor_x': None, 'round_anchor_y': None, 'opacity': 1.0, 'z': 0, 'reset_animations_events': {}, 'color': [1.0, 1.0, 1.0, 1.0], 'style': [], 'adjust_top': 0, 'adjust_bottom': 0, 'adjust_left': 0, 'adjust_right': 0, 'expire': None, 'key': None, 'widget': None, 'events_when_added': [], 'events_when_removed': [], 'font_size': 15, 'bitmap_font': False, 'font_kerning': True, 'bold': False, 'italic': False, 'number_grouping': False, 'min_digits': 0, 'halign': 'center', 'valign': 'middle', 'rotation': 0, 'scale': 1.0, 'casing': None}, {'type': 'Text', 'text': 'FREE PLAY', 'color': [0.0, 0.5019607843137255, 0.0, 1], 'y': '10', 'anchor_y': 'bottom', '_default_settings': ['type', 'text', 'color', 'y', 'anchor_y'], 'x': None, 'anchor_x': 'center', 'round_anchor_x': None, 'round_anchor_y': None, 'opacity': 1.0, 'z': 0, 'reset_animations_events': {}, 'style': [], 'adjust_top': 0, 'adjust_bottom': 0, 'adjust_left': 0, 'adjust_right': 0, 'expire': None, 'key': None, 'widget': None, 'events_when_added': [], 'events_when_removed': [], 'font_size': 15, 'bitmap_font': False, 'font_kerning': True, 'bold': False, 'italic': False, 'number_grouping': False, 'min_digits': 0, 'halign': 'center', 'valign': 'middle', 'rotation': 0, 'scale': 1.0, 'casing': None, 'animations': None}], 'transition': {'type': 'move_in', 'duration': 1.0, 'direction': 'right', 'easing': 'out_quad'}, 'target': None, 'background_color': [0.0, 0.0, 0.0, 1.0], 'priority': None, 'show': True, 'force': False, 'expire': None, 'slide': None, 'tokens': {}, 'action': 'play'}}
2020-05-25 19:59:39,114 : EventManager : Event: ======'slide_press_start_removed'====== Args={}
2020-05-25 19:59:39,133 : EventManager : Event: ======'slide_press_start_created'====== Args={}
2020-05-25 19:59:39,142 : EventManager : Event: ======'slide_press_start_active'====== Args={}
2020-05-25 19:59:42,117 : EventManager : Event: ======'slides_play'====== Args={'settings': {'mission_pinball': {'widgets': [{'type': 'Text', 'text': 'By Siegecraft Electronics', 'color': [1.0, 0.0, 0.0, 1], '_default_settings': ['type', 'text', 'color'], 'x': None, 'y': None, 'anchor_x': 'center', 'anchor_y': 'center', 'round_anchor_x': None, 'round_anchor_y': None, 'opacity': 1.0, 'z': 0, 'reset_animations_events': {}, 'style': [], 'adjust_top': 0, 'adjust_bottom': 0, 'adjust_left': 0, 'adjust_right': 0, 'expire': None, 'key': None, 'widget': None, 'events_when_added': [], 'events_when_removed': [], 'font_size': 15, 'bitmap_font': False, 'font_kerning': True, 'bold': False, 'italic': False, 'number_grouping': False, 'min_digits': 0, 'halign': 'center', 'valign': 'middle', 'rotation': 0, 'scale': 1.0, 'casing': None, 'animations': None}], 'transition': {'type': 'move_in', 'duration': 1.0, 'direction': 'top', 'easing': 'out_quad'}, 'target': None, 'background_color': [0.0, 0.0, 0.0, 1.0], 'priority': None, 'show': True, 'force': False, 'expire': None, 'slide': None, 'tokens': {}, 'action': 'play'}}, 'context': 'show_1', 'calling_context': 2, 'priority': 10, 'show_tokens': {}, 'start_time': 520.342}
2020-05-25 19:59:42,119 : mpfmc : SlidePlayer: Play called with settings={'mission_pinball': {'widgets': [{'type': 'Text', 'text': 'By Siegecraft Electronics', 'color': [1.0, 0.0, 0.0, 1], '_default_settings': ['type', 'text', 'color'], 'x': None, 'y': None, 'anchor_x': 'center', 'anchor_y': 'center', 'round_anchor_x': None, 'round_anchor_y': None, 'opacity': 1.0, 'z': 0, 'reset_animations_events': {}, 'style': [], 'adjust_top': 0, 'adjust_bottom': 0, 'adjust_left': 0, 'adjust_right': 0, 'expire': None, 'key': None, 'widget': None, 'events_when_added': [], 'events_when_removed': [], 'font_size': 15, 'bitmap_font': False, 'font_kerning': True, 'bold': False, 'italic': False, 'number_grouping': False, 'min_digits': 0, 'halign': 'center', 'valign': 'middle', 'rotation': 0, 'scale': 1.0, 'casing': None, 'animations': None}], 'transition': {'type': 'move_in', 'duration': 1.0, 'direction': 'top', 'easing': 'out_quad'}, 'target': None, 'background_color': [0.0, 0.0, 0.0, 1.0], 'priority': None, 'show': True, 'force': False, 'expire': None, 'slide': None, 'tokens': {}, 'action': 'play'}}
2020-05-25 19:59:42,122 : EventManager : Event: ======'slide_mission_pinball_removed'====== Args={}
2020-05-25 19:59:42,133 : EventManager : Event: ======'slide_mission_pinball_created'====== Args={}
2020-05-25 19:59:42,140 : EventManager : Event: ======'slide_mission_pinball_active'====== Args={}
2020-05-25 19:59:45,114 : EventManager : Event: ======'slides_play'====== Args={'settings': {'last_game_score_slide': {'widgets': [{'type': 'text', 'text': 'LAST GAME', 'font_size': 50, 'y': '60%', '_default_settings': ['type', 'text', 'font_size', 'y'], 'x': None, 'anchor_x': 'center', 'anchor_y': 'center', 'round_anchor_x': None, 'round_anchor_y': None, 'opacity': 1.0, 'z': 0, 'reset_animations_events': {}, 'color': [1.0, 1.0, 1.0, 1.0], 'style': [], 'adjust_top': 0, 'adjust_bottom': 0, 'adjust_left': 0, 'adjust_right': 0, 'expire': None, 'key': None, 'widget': None, 'events_when_added': [], 'events_when_removed': [], 'bitmap_font': False, 'font_kerning': True, 'bold': False, 'italic': False, 'number_grouping': False, 'min_digits': 0, 'halign': 'center', 'valign': 'middle', 'rotation': 0, 'scale': 1.0, 'casing': None, 'animations': None}, {'type': 'text', 'text': '(machine|player1_score)', 'number_grouping': True, 'min_digits': 2, 'font_size': 50, 'y': '40%', '_default_settings': ['type', 'text', 'number_grouping', 'min_digits', 'font_size', 'y'], 'x': None, 'anchor_x': 'center', 'anchor_y': 'center', 'round_anchor_x': None, 'round_anchor_y': None, 'opacity': 1.0, 'z': 0, 'reset_animations_events': {}, 'color': [1.0, 1.0, 1.0, 1.0], 'style': [], 'adjust_top': 0, 'adjust_bottom': 0, 'adjust_left': 0, 'adjust_right': 0, 'expire': None, 'key': None, 'widget': None, 'events_when_added': [], 'events_when_removed': [], 'bitmap_font': False, 'font_kerning': True, 'bold': False, 'italic': False, 'halign': 'center', 'valign': 'middle', 'rotation': 0, 'scale': 1.0, 'casing': None, 'animations': None}], 'target': None, 'background_color': [0.0, 0.0, 0.0, 1.0], 'priority': None, 'show': True, 'force': False, 'expire': None, 'slide': None, 'tokens': {}, 'action': 'play'}}, 'context': 'show_1', 'calling_context': 3, 'priority': 10, 'show_tokens': {}, 'start_time': 523.342}
2020-05-25 19:59:45,116 : mpfmc : SlidePlayer: Play called with settings={'last_game_score_slide': {'widgets': [{'type': 'text', 'text': 'LAST GAME', 'font_size': 50, 'y': '60%', '_default_settings': ['type', 'text', 'font_size', 'y'], 'x': None, 'anchor_x': 'center', 'anchor_y': 'center', 'round_anchor_x': None, 'round_anchor_y': None, 'opacity': 1.0, 'z': 0, 'reset_animations_events': {}, 'color': [1.0, 1.0, 1.0, 1.0], 'style': [], 'adjust_top': 0, 'adjust_bottom': 0, 'adjust_left': 0, 'adjust_right': 0, 'expire': None, 'key': None, 'widget': None, 'events_when_added': [], 'events_when_removed': [], 'bitmap_font': False, 'font_kerning': True, 'bold': False, 'italic': False, 'number_grouping': False, 'min_digits': 0, 'halign': 'center', 'valign': 'middle', 'rotation': 0, 'scale': 1.0, 'casing': None, 'animations': None}, {'type': 'text', 'text': '(machine|player1_score)', 'number_grouping': True, 'min_digits': 2, 'font_size': 50, 'y': '40%', '_default_settings': ['type', 'text', 'number_grouping', 'min_digits', 'font_size', 'y'], 'x': None, 'anchor_x': 'center', 'anchor_y': 'center', 'round_anchor_x': None, 'round_anchor_y': None, 'opacity': 1.0, 'z': 0, 'reset_animations_events': {}, 'color': [1.0, 1.0, 1.0, 1.0], 'style': [], 'adjust_top': 0, 'adjust_bottom': 0, 'adjust_left': 0, 'adjust_right': 0, 'expire': None, 'key': None, 'widget': None, 'events_when_added': [], 'events_when_removed': [], 'bitmap_font': False, 'font_kerning': True, 'bold': False, 'italic': False, 'halign': 'center', 'valign': 'middle', 'rotation': 0, 'scale': 1.0, 'casing': None, 'animations': None}], 'target': None, 'background_color': [0.0, 0.0, 0.0, 1.0], 'priority': None, 'show': True, 'force': False, 'expire': None, 'slide': None, 'tokens': {}, 'action': 'play'}}
2020-05-25 19:59:45,121 : EventManager : Event: ======'slide_last_game_score_slide_removed'====== Args={}
2020-05-25 19:59:45,145 : EventManager : Event: ======'slide_last_game_score_slide_created'====== Args={}
2020-05-25 19:59:45,146 : EventManager : Unordered handler for class <Text Widget text=29,150> on event machine_var_player1_score with priority 1. Handlers: [RegisteredHandler(callback=<bound method Text._machine_var_change of <Text Widget text=29,150>>, priority=1, kwargs={}, key=UUID('cc0d3b2f-7beb-47b1-b2dd-b82611868219'), condition=None, blocking_facility=None), RegisteredHandler(callback=<bound method Text._machine_var_change of <Text Widget text=29,150>>, priority=1, kwargs={}, key=UUID('9807d20d-19bd-4d94-bb45-edd4a06a7654'), condition=None, blocking_facility=None)]. The order of those handlers is not defined and they will be executed in random order. This might lead to race conditions and potential bugs.
2020-05-25 19:59:45,155 : EventManager : Event: ======'slide_last_game_score_slide_active'====== Args={}
2020-05-25 19:59:48,107 : EventManager : Event: ======'slides_play'====== Args={'settings': {'awesome_slide': {'widgets': [{'type': 'text', 'text': 'Haunted House Remastered', 'font_size': 50, '_default_settings': ['type', 'text', 'font_size'], 'x': None, 'y': None, 'anchor_x': 'center', 'anchor_y': 'center', 'round_anchor_x': None, 'round_anchor_y': None, 'opacity': 1.0, 'z': 0, 'reset_animations_events': {}, 'color': [1.0, 1.0, 1.0, 1.0], 'style': [], 'adjust_top': 0, 'adjust_bottom': 0, 'adjust_left': 0, 'adjust_right': 0, 'expire': None, 'key': None, 'widget': None, 'events_when_added': [], 'events_when_removed': [], 'bitmap_font': False, 'font_kerning': True, 'bold': False, 'italic': False, 'number_grouping': False, 'min_digits': 0, 'halign': 'center', 'valign': 'middle', 'rotation': 0, 'scale': 1.0, 'casing': None, 'animations': None}], 'transition': {'type': 'push', 'duration': 1.0, 'direction': 'left', 'easing': 'out_quad'}, 'target': None, 'background_color': [0.0, 0.0, 0.0, 1.0], 'priority': None, 'show': True, 'force': False, 'expire': None, 'slide': None, 'tokens': {}, 'action': 'play'}}, 'context': 'show_1', 'calling_context': 0, 'priority': 10, 'show_tokens': {}, 'start_time': 526.342}
2020-05-25 19:59:48,109 : mpfmc : SlidePlayer: Play called with settings={'awesome_slide': {'widgets': [{'type': 'text', 'text': 'Haunted House Remastered', 'font_size': 50, '_default_settings': ['type', 'text', 'font_size'], 'x': None, 'y': None, 'anchor_x': 'center', 'anchor_y': 'center', 'round_anchor_x': None, 'round_anchor_y': None, 'opacity': 1.0, 'z': 0, 'reset_animations_events': {}, 'color': [1.0, 1.0, 1.0, 1.0], 'style': [], 'adjust_top': 0, 'adjust_bottom': 0, 'adjust_left': 0, 'adjust_right': 0, 'expire': None, 'key': None, 'widget': None, 'events_when_added': [], 'events_when_removed': [], 'bitmap_font': False, 'font_kerning': True, 'bold': False, 'italic': False, 'number_grouping': False, 'min_digits': 0, 'halign': 'center', 'valign': 'middle', 'rotation': 0, 'scale': 1.0, 'casing': None, 'animations': None}], 'transition': {'type': 'push', 'duration': 1.0, 'direction': 'left', 'easing': 'out_quad'}, 'target': None, 'background_color': [0.0, 0.0, 0.0, 1.0], 'priority': None, 'show': True, 'force': False, 'expire': None, 'slide': None, 'tokens': {}, 'action': 'play'}}
2020-05-25 19:59:48,113 : EventManager : Event: ======'slide_awesome_slide_removed'====== Args={}
2020-05-25 19:59:48,124 : EventManager : Event: ======'slide_awesome_slide_created'====== Args={}
2020-05-25 19:59:48,130 : EventManager : Event: ======'slide_awesome_slide_active'====== Args={}
2020-05-25 19:59:51,123 : EventManager : Event: ======'slides_play'====== Args={'settings': {'press_start': {'widgets': [{'type': 'Text', 'text': 'PRESS START', 'animations': {'pre_show_slide': [{'property': ['opacity'], 'value': ['0'], 'duration': 0.5, 'relative': False, 'timing': 'after_previous', 'repeat': False, 'easing': 'linear'}, {'property': ['opacity'], 'value': ['1'], 'duration': 0.5, 'repeat': False, 'relative': False, 'timing': 'after_previous', 'easing': 'linear'}]}, '_default_settings': ['type', 'text', 'animations'], 'x': None, 'y': None, 'anchor_x': 'center', 'anchor_y': 'center', 'round_anchor_x': None, 'round_anchor_y': None, 'opacity': 1.0, 'z': 0, 'reset_animations_events': {}, 'color': [1.0, 1.0, 1.0, 1.0], 'style': [], 'adjust_top': 0, 'adjust_bottom': 0, 'adjust_left': 0, 'adjust_right': 0, 'expire': None, 'key': None, 'widget': None, 'events_when_added': [], 'events_when_removed': [], 'font_size': 15, 'bitmap_font': False, 'font_kerning': True, 'bold': False, 'italic': False, 'number_grouping': False, 'min_digits': 0, 'halign': 'center', 'valign': 'middle', 'rotation': 0, 'scale': 1.0, 'casing': None}, {'type': 'Text', 'text': 'FREE PLAY', 'color': [0.0, 0.5019607843137255, 0.0, 1], 'y': '10', 'anchor_y': 'bottom', '_default_settings': ['type', 'text', 'color', 'y', 'anchor_y'], 'x': None, 'anchor_x': 'center', 'round_anchor_x': None, 'round_anchor_y': None, 'opacity': 1.0, 'z': 0, 'reset_animations_events': {}, 'style': [], 'adjust_top': 0, 'adjust_bottom': 0, 'adjust_left': 0, 'adjust_right': 0, 'expire': None, 'key': None, 'widget': None, 'events_when_added': [], 'events_when_removed': [], 'font_size': 15, 'bitmap_font': False, 'font_kerning': True, 'bold': False, 'italic': False, 'number_grouping': False, 'min_digits': 0, 'halign': 'center', 'valign': 'middle', 'rotation': 0, 'scale': 1.0, 'casing': None, 'animations': None}], 'transition': {'type': 'move_in', 'duration': 1.0, 'direction': 'right', 'easing': 'out_quad'}, 'target': None, 'background_color': [0.0, 0.0, 0.0, 1.0], 'priority': None, 'show': True, 'force': False, 'expire': None, 'slide': None, 'tokens': {}, 'action': 'play'}}, 'context': 'show_1', 'calling_context': 1, 'priority': 10, 'show_tokens': {}, 'start_time': 529.342}
2020-05-25 19:59:51,125 : mpfmc : SlidePlayer: Play called with settings={'press_start': {'widgets': [{'type': 'Text', 'text': 'PRESS START', 'animations': {'pre_show_slide': [{'property': ['opacity'], 'value': ['0'], 'duration': 0.5, 'relative': False, 'timing': 'after_previous', 'repeat': False, 'easing': 'linear'}, {'property': ['opacity'], 'value': ['1'], 'duration': 0.5, 'repeat': False, 'relative': False, 'timing': 'after_previous', 'easing': 'linear'}]}, '_default_settings': ['type', 'text', 'animations'], 'x': None, 'y': None, 'anchor_x': 'center', 'anchor_y': 'center', 'round_anchor_x': None, 'round_anchor_y': None, 'opacity': 1.0, 'z': 0, 'reset_animations_events': {}, 'color': [1.0, 1.0, 1.0, 1.0], 'style': [], 'adjust_top': 0, 'adjust_bottom': 0, 'adjust_left': 0, 'adjust_right': 0, 'expire': None, 'key': None, 'widget': None, 'events_when_added': [], 'events_when_removed': [], 'font_size': 15, 'bitmap_font': False, 'font_kerning': True, 'bold': False, 'italic': False, 'number_grouping': False, 'min_digits': 0, 'halign': 'center', 'valign': 'middle', 'rotation': 0, 'scale': 1.0, 'casing': None}, {'type': 'Text', 'text': 'FREE PLAY', 'color': [0.0, 0.5019607843137255, 0.0, 1], 'y': '10', 'anchor_y': 'bottom', '_default_settings': ['type', 'text', 'color', 'y', 'anchor_y'], 'x': None, 'anchor_x': 'center', 'round_anchor_x': None, 'round_anchor_y': None, 'opacity': 1.0, 'z': 0, 'reset_animations_events': {}, 'style': [], 'adjust_top': 0, 'adjust_bottom': 0, 'adjust_left': 0, 'adjust_right': 0, 'expire': None, 'key': None, 'widget': None, 'events_when_added': [], 'events_when_removed': [], 'font_size': 15, 'bitmap_font': False, 'font_kerning': True, 'bold': False, 'italic': False, 'number_grouping': False, 'min_digits': 0, 'halign': 'center', 'valign': 'middle', 'rotation': 0, 'scale': 1.0, 'casing': None, 'animations': None}], 'transition': {'type': 'move_in', 'duration': 1.0, 'direction': 'right', 'easing': 'out_quad'}, 'target': None, 'background_color': [0.0, 0.0, 0.0, 1.0], 'priority': None, 'show': True, 'force': False, 'expire': None, 'slide': None, 'tokens': {}, 'action': 'play'}}
2020-05-25 19:59:51,130 : EventManager : Event: ======'slide_press_start_removed'====== Args={}
2020-05-25 19:59:51,149 : EventManager : Event: ======'slide_press_start_created'====== Args={}
2020-05-25 19:59:51,158 : EventManager : Event: ======'slide_press_start_active'====== Args={}
2020-05-25 19:59:53,594 : kivy : Base: Leaving application in progress...
2020-05-25 19:59:53,615 : mpfmc : Stopping...
2020-05-25 19:59:53,615 : EventManager : Event: ======'shutdown'====== Args={}
2020-05-25 19:59:53,655 : mpfmc : Loop rate 79.98 Hz
2020-05-25 19:59:53,670 : MPF-MC BCP Server : Stopping BCP sending thread
