2020-05-25 18:42:50,962 : INFO : Machine : Mission Pinball Framework Core Engine v0.53.3
2020-05-25 18:42:50,962 : INFO : Machine : Command line arguments: {'no_load_cache': False, 'create_config_cache': True, 'bcp': True, 'configfile': ['config.yaml'], 'mpfconfigfile': 'c:\\users\\hans\\appdata\\local\\programs\\python\\python36-32\\lib\\site-packages\\mpf\\mpfconfig.yaml', 'force_assets_load': False, 'jsonlogging': False, 'logfile': 'logs\\2020-05-25-18-42-50-mpf-Hans-PC.log', 'pause': False, 'production': False, 'text_ui': True, 'loglevel': 15, 'consoleloglevel': 20, 'force_platform': None, 'syslog_address': None, 'mc_file_name': None, 'no_sound': False}
2020-05-25 18:42:50,962 : INFO : Machine : MPF path: c:\users\hans\appdata\local\programs\python\python36-32\lib\site-packages\mpf
2020-05-25 18:42:50,962 : INFO : Machine : Machine path: C:\pinball\HauntedHouse
2020-05-25 18:42:50,962 : INFO : Machine : Platform: win32
2020-05-25 18:42:50,977 : INFO : Machine : Python executable location: c:\users\hans\appdata\local\programs\python\python36-32\python.exe
2020-05-25 18:42:50,977 : INFO : Machine : Python version: 3.6.8 (32-bit)
2020-05-25 18:42:50,977 : INFO : Machine : Machine config file #1: config.yaml
2020-05-25 18:42:51,009 : WARNING : ConfigProcessor : Config file in cache changed: C:\pinball\HauntedHouse\config\config.yaml
2020-05-25 18:42:51,009 : INFO : ConfigProcessor : Loading config from file c:\users\hans\appdata\local\programs\python\python36-32\lib\site-packages\mpf\mpfconfig.yaml.
2020-05-25 18:42:51,742 : INFO : ConfigProcessor : Loading config: c:\users\hans\appdata\local\programs\python\python36-32\lib\site-packages\mpf\mpfconfig.yaml
2020-05-25 18:42:55,735 : INFO : ConfigValidator : Config spec file cache created: C:\Users\Hans\AppData\Local\Temp\config_spec.mpf_cache
2020-05-25 18:42:55,813 : INFO : ConfigProcessor : Loading config from file C:\pinball\HauntedHouse\config\config.yaml.
2020-05-25 18:42:56,765 : INFO : ConfigProcessor : Loading config: C:\pinball\HauntedHouse\config\config.yaml
2020-05-25 18:42:56,781 : INFO : ConfigProcessor : Config file cache created: C:\Users\Hans\AppData\Local\Temp\6e040aaf1f6a41fde2348c429eac1a1c.mpf_cache
2020-05-25 18:42:56,796 : INFO : Machine : Initialise MPF.
2020-05-25 18:42:57,592 : INFO : P3-ROC : Connecting to P-ROC
2020-05-25 18:42:57,857 : INFO : P3-ROC : Successfully connected to P-ROC/P3-ROC. Firmware Version: 2. Firmware Revision: 6. Hardware Board ID: 1
2020-05-25 18:42:58,075 : INFO : EventManager : Event: ======'machine_var_p_roc_version'====== Args={'value': 2, 'prev_value': None, 'change': True}
2020-05-25 18:42:58,075 : INFO : EventManager : Event: ======'machine_var_p_roc_revision'====== Args={'value': 6, 'prev_value': None, 'change': True}
2020-05-25 18:42:58,075 : INFO : EventManager : Event: ======'machine_var_p_roc_hardware_version'====== Args={'value': 1, 'prev_value': None, 'change': True}
2020-05-25 18:42:58,122 : INFO : EventManager : Event: ======'machine_var_credits_string'====== Args={'value': 'FREE PLAY', 'prev_value': None, 'change': True}
2020-05-25 18:42:58,528 : INFO : EventManager : Event: ======'machine_var_player1_score'====== Args={'value': 29150, 'prev_value': None, 'change': True}
2020-05-25 18:42:58,528 : INFO : EventManager : Event: ======'machine_var_mpf_version'====== Args={'value': 'MPF v0.53.3', 'prev_value': None, 'change': True}
2020-05-25 18:42:58,528 : INFO : EventManager : Event: ======'machine_var_mpf_extended_version'====== Args={'value': 'MPF v0.53.3, Config version:5, Show version: 5, BCP version:1.1', 'prev_value': None, 'change': True}
2020-05-25 18:42:58,528 : INFO : EventManager : Event: ======'machine_var_python_version'====== Args={'value': '3.6.8', 'prev_value': None, 'change': True}
2020-05-25 18:42:58,543 : INFO : EventManager : Event: ======'machine_var_platform'====== Args={'value': 'Windows-7-6.1.7601-SP1', 'prev_value': None, 'change': True}
2020-05-25 18:42:58,543 : INFO : EventManager : Event: ======'machine_var_platform_system'====== Args={'value': 'Windows', 'prev_value': None, 'change': True}
2020-05-25 18:42:58,543 : INFO : EventManager : Event: ======'machine_var_platform_release'====== Args={'value': '7', 'prev_value': None, 'change': True}
2020-05-25 18:42:58,543 : INFO : EventManager : Event: ======'machine_var_platform_version'====== Args={'value': '6.1.7601', 'prev_value': None, 'change': True}
2020-05-25 18:42:58,543 : INFO : EventManager : Event: ======'machine_var_platform_machine'====== Args={'value': 'x86', 'prev_value': None, 'change': True}
2020-05-25 18:42:58,543 : INFO : EventManager : Event: ======'init_phase_1'====== Args={}
2020-05-25 18:42:58,762 : INFO : ConfigProcessor : Loading config from cache: C:\Users\Hans\AppData\Local\Temp\fd4d0ac963aaaec6abb4cac3da0cded0.mpf_cache
2020-05-25 18:42:58,777 : INFO : ConfigProcessor : Loading config from cache: C:\Users\Hans\AppData\Local\Temp\ac83460c407a763630a505790089d322.mpf_cache
2020-05-25 18:42:58,809 : INFO : ConfigProcessor : Loading config from cache: C:\Users\Hans\AppData\Local\Temp\7d6c1285f2e862430ea29e9aa05d0f73.mpf_cache
2020-05-25 18:42:59,245 : INFO : EventManager : Event: ======'drop_target_bank_upper_up'====== Args={}
2020-05-25 18:42:59,245 : INFO : EventManager : Event: ======'drop_target_bank_lower_up'====== Args={}
2020-05-25 18:42:59,292 : INFO : EventManager : Event: ======'init_phase_2'====== Args={}
2020-05-25 18:42:59,339 : INFO : SwitchController : Found active switch: (8, <Platform.P3-ROC>)
2020-05-25 18:42:59,339 : INFO : SwitchController : Found active switch: (10, <Platform.P3-ROC>)
2020-05-25 18:42:59,339 : INFO : SwitchController : Found active switch: (11, <Platform.P3-ROC>)
2020-05-25 18:42:59,448 : INFO : EventManager : Event: ======'bcp_connection_attempt'====== Args={'name': 'local_display', 'host': 'localhost', 'port': 5050}
2020-05-25 18:42:59,464 : INFO : BCPClientSocket : Connecting BCP to 'local_display' at localhost:5050...
2020-05-25 18:43:01,518 : INFO : BCPClientSocket : Connected BCP to 'local_display' localhost:5050
2020-05-25 18:43:01,520 : INFO : EventManager : Event: ======'bcp_clients_connected'====== Args={}
2020-05-25 18:43:01,563 : INFO : EventManager : Event: ======'machine_var_mc_version'====== Args={'value': 'MPF-MC v0.53.3', 'prev_value': None, 'change': True}
2020-05-25 18:43:01,565 : INFO : EventManager : Event: ======'machine_var_mc_extended_version'====== Args={'value': 'MPF-MC v0.53.3 (config_version=5, BCP v1.1, Requires MPF v0.53.0)', 'prev_value': None, 'change': True}
2020-05-25 18:43:01,576 : INFO : EventManager : Event: ======'machine_var_master_volume'====== Args={'value': 0.5, 'prev_value': None, 'change': True}
2020-05-25 18:43:01,877 : INFO : EventManager : Event: ======'init_phase_3'====== Args={}
2020-05-25 18:43:01,880 : INFO : AssetManager : Registering Asset: attract_display_loop, File: attract_display_loop.yaml, Default Group: default, Final Config: {'load': 'preload', 'file': 'C:\\pinball\\HauntedHouse\\modes\\attract\\shows\\attract_display_loop.yaml'}
2020-05-25 18:43:01,880 : INFO : AssetManager : Registering Asset: attract_light_show, File: attract_light_show.yaml, Default Group: default, Final Config: {'load': 'preload', 'file': 'C:\\pinball\\HauntedHouse\\modes\\attract\\shows\\attract_light_show.yaml'}
2020-05-25 18:43:01,895 : INFO : ConfigProcessor : Loading config from cache: C:\Users\Hans\AppData\Local\Temp\636f49f53640d05219cf7c0882dcdaa5.mpf_cache
2020-05-25 18:43:01,912 : INFO : EventManager : Event: ======'loading_assets'====== Args={'total': 2, 'loaded': 1, 'remaining': 1, 'percent': 50}
2020-05-25 18:43:01,913 : INFO : AssetManager : Loading assets: 1/2 (50%)
2020-05-25 18:43:01,914 : INFO : ConfigProcessor : Loading config from cache: C:\Users\Hans\AppData\Local\Temp\9ea88fba871b7df57825a62800362443.mpf_cache
2020-05-25 18:43:01,918 : INFO : EventManager : Event: ======'loading_assets'====== Args={'total': 2, 'loaded': 2, 'remaining': 0, 'percent': 100}
2020-05-25 18:43:01,918 : INFO : AssetManager : Asset loading took: 4.4039411544799805
2020-05-25 18:43:01,920 : INFO : EventManager : Event: ======'asset_loading_complete'====== Args={}
2020-05-25 18:43:01,920 : INFO : AssetManager : Loading assets: 2/2 (100%)
2020-05-25 18:43:01,921 : INFO : EventManager : Event: ======'init_phase_4'====== Args={}
2020-05-25 18:43:01,925 : INFO : EventManager : Event: ======'playfield_active'====== Args={}
2020-05-25 18:43:01,925 : INFO : EventManager : Event: ======'unexpected_ball_on_playfield'====== Args={}
2020-05-25 18:43:01,926 : INFO : EventManager : Event: ======'drop_target_u1_drop_down'====== Args={'device': <drop_target.u1_drop>}
2020-05-25 18:43:01,927 : INFO : EventManager : Event: ======'drop_target_bank_upper_mixed'====== Args={'down': 1}
2020-05-25 18:43:01,927 : INFO : EventManager : Event: ======'playfield_active'====== Args={}
2020-05-25 18:43:01,928 : INFO : EventManager : Event: ======'unexpected_ball_on_playfield'====== Args={}
2020-05-25 18:43:01,928 : INFO : EventManager : Event: ======'drop_target_u3_drop_down'====== Args={'device': <drop_target.u3_drop>}
2020-05-25 18:43:01,929 : INFO : EventManager : Event: ======'drop_target_bank_upper_mixed'====== Args={'down': 2}
2020-05-25 18:43:01,930 : INFO : EventManager : Event: ======'playfield_active'====== Args={}
2020-05-25 18:43:01,931 : INFO : EventManager : Event: ======'unexpected_ball_on_playfield'====== Args={}
2020-05-25 18:43:01,931 : INFO : EventManager : Event: ======'drop_target_u4_drop_down'====== Args={'device': <drop_target.u4_drop>}
2020-05-25 18:43:01,932 : INFO : EventManager : Event: ======'drop_target_bank_upper_mixed'====== Args={'down': 3}
2020-05-25 18:43:01,975 : INFO : EventManager : Event: ======'machine_var_audits_events_game_ended'====== Args={'value': 53, 'prev_value': None, 'change': True}
2020-05-25 18:43:01,978 : INFO : EventManager : Event: ======'machine_var_audits_events_game_started'====== Args={'value': 101, 'prev_value': None, 'change': True}
2020-05-25 18:43:01,980 : INFO : EventManager : Event: ======'machine_var_audits_player_score'====== Args={'value': {'average': 23430.178571428572, 'top': [120480, 114590, 92630, 76090, 75650, 71920, 57150, 56770, 56270, 46210], 'total': 56}, 'prev_value': None, 'change': True}
2020-05-25 18:43:01,982 : INFO : EventManager : Event: ======'machine_var_audits_shots_10pt'====== Args={'value': 178, 'prev_value': None, 'change': True}
2020-05-25 18:43:01,984 : INFO : EventManager : Event: ======'machine_var_audits_shots_left_inlane'====== Args={'value': 12, 'prev_value': None, 'change': True}
2020-05-25 18:43:01,986 : INFO : EventManager : Event: ======'machine_var_audits_shots_left_outlane'====== Args={'value': 6, 'prev_value': None, 'change': True}
2020-05-25 18:43:01,989 : INFO : EventManager : Event: ======'machine_var_audits_shots_lower_10pt_drops'====== Args={'value': 27, 'prev_value': None, 'change': True}
2020-05-25 18:43:01,991 : INFO : EventManager : Event: ======'machine_var_audits_shots_lower_10pt_lower'====== Args={'value': 10, 'prev_value': None, 'change': True}
2020-05-25 18:43:01,993 : INFO : EventManager : Event: ======'machine_var_audits_shots_lower_10pt_upper'====== Args={'value': 8, 'prev_value': None, 'change': True}
2020-05-25 18:43:01,995 : INFO : EventManager : Event: ======'machine_var_audits_shots_lower_1_drop'====== Args={'value': 37, 'prev_value': None, 'change': True}
2020-05-25 18:43:01,998 : INFO : EventManager : Event: ======'machine_var_audits_shots_lower_2_drop'====== Args={'value': 5, 'prev_value': None, 'change': True}
2020-05-25 18:43:02,000 : INFO : EventManager : Event: ======'machine_var_audits_shots_lower_3_drop'====== Args={'value': 7, 'prev_value': None, 'change': True}
2020-05-25 18:43:02,002 : INFO : EventManager : Event: ======'machine_var_audits_shots_lower_4_drop'====== Args={'value': 12, 'prev_value': None, 'change': True}
2020-05-25 18:43:02,004 : INFO : EventManager : Event: ======'machine_var_audits_shots_lower_5_drop'====== Args={'value': 11, 'prev_value': None, 'change': True}
2020-05-25 18:43:02,006 : INFO : EventManager : Event: ======'machine_var_audits_shots_lower_hole'====== Args={'value': 12, 'prev_value': None, 'change': True}
2020-05-25 18:43:02,009 : INFO : EventManager : Event: ======'machine_var_audits_shots_lower_kick_target'====== Args={'value': 1, 'prev_value': None, 'change': True}
2020-05-25 18:43:02,012 : INFO : EventManager : Event: ======'machine_var_audits_shots_lower_left'====== Args={'value': 6, 'prev_value': None, 'change': True}
2020-05-25 18:43:02,014 : INFO : EventManager : Event: ======'machine_var_audits_shots_lower_left_pop'====== Args={'value': 102, 'prev_value': None, 'change': True}
2020-05-25 18:43:02,016 : INFO : EventManager : Event: ======'machine_var_audits_shots_lower_pop'====== Args={'value': 24, 'prev_value': None, 'change': True}
2020-05-25 18:43:02,018 : INFO : EventManager : Event: ======'machine_var_audits_shots_lower_right'====== Args={'value': 3, 'prev_value': None, 'change': True}
2020-05-25 18:43:02,021 : INFO : EventManager : Event: ======'machine_var_audits_shots_lower_rollover'====== Args={'value': 20, 'prev_value': None, 'change': True}
2020-05-25 18:43:02,024 : INFO : EventManager : Event: ======'machine_var_audits_shots_lower_slingshot'====== Args={'value': 13, 'prev_value': None, 'change': True}
2020-05-25 18:43:02,027 : INFO : EventManager : Event: ======'machine_var_audits_shots_main_1'====== Args={'value': 10, 'prev_value': None, 'change': True}
2020-05-25 18:43:02,030 : INFO : EventManager : Event: ======'machine_var_audits_shots_main_2'====== Args={'value': 16, 'prev_value': None, 'change': True}
2020-05-25 18:43:02,033 : INFO : EventManager : Event: ======'machine_var_audits_shots_main_3'====== Args={'value': 13, 'prev_value': None, 'change': True}
2020-05-25 18:43:02,036 : INFO : EventManager : Event: ======'machine_var_audits_shots_main_4'====== Args={'value': 21, 'prev_value': None, 'change': True}
2020-05-25 18:43:02,039 : INFO : EventManager : Event: ======'machine_var_audits_shots_main_5'====== Args={'value': 17, 'prev_value': None, 'change': True}
2020-05-25 18:43:02,042 : INFO : EventManager : Event: ======'machine_var_audits_shots_main_slingshot'====== Args={'value': 27, 'prev_value': None, 'change': True}
2020-05-25 18:43:02,045 : INFO : EventManager : Event: ======'machine_var_audits_shots_right_inlane'====== Args={'value': 58, 'prev_value': None, 'change': True}
2020-05-25 18:43:02,047 : INFO : EventManager : Event: ======'machine_var_audits_shots_right_kickout'====== Args={'value': 28, 'prev_value': None, 'change': True}
2020-05-25 18:43:02,051 : INFO : EventManager : Event: ======'machine_var_audits_shots_right_outlane'====== Args={'value': 39, 'prev_value': None, 'change': True}
2020-05-25 18:43:02,054 : INFO : EventManager : Event: ======'machine_var_audits_shots_rollunder'====== Args={'value': 74, 'prev_value': None, 'change': True}
2020-05-25 18:43:02,057 : INFO : EventManager : Event: ======'machine_var_audits_shots_standup_right'====== Args={'value': 62, 'prev_value': None, 'change': True}
2020-05-25 18:43:02,061 : INFO : EventManager : Event: ======'machine_var_audits_shots_upper_1'====== Args={'value': 25, 'prev_value': None, 'change': True}
2020-05-25 18:43:02,064 : INFO : EventManager : Event: ======'machine_var_audits_shots_upper_1_drop'====== Args={'value': 43, 'prev_value': None, 'change': True}
2020-05-25 18:43:02,067 : INFO : EventManager : Event: ======'machine_var_audits_shots_upper_2'====== Args={'value': 46, 'prev_value': None, 'change': True}
2020-05-25 18:43:02,070 : INFO : EventManager : Event: ======'machine_var_audits_shots_upper_2_drop'====== Args={'value': 35, 'prev_value': None, 'change': True}
2020-05-25 18:43:02,074 : INFO : EventManager : Event: ======'machine_var_audits_shots_upper_3'====== Args={'value': 21, 'prev_value': None, 'change': True}
2020-05-25 18:43:02,077 : INFO : EventManager : Event: ======'machine_var_audits_shots_upper_3_drop'====== Args={'value': 44, 'prev_value': None, 'change': True}
2020-05-25 18:43:02,081 : INFO : EventManager : Event: ======'machine_var_audits_shots_upper_4'====== Args={'value': 17, 'prev_value': None, 'change': True}
2020-05-25 18:43:02,084 : INFO : EventManager : Event: ======'machine_var_audits_shots_upper_4_drop'====== Args={'value': 57, 'prev_value': None, 'change': True}
2020-05-25 18:43:02,087 : INFO : EventManager : Event: ======'machine_var_audits_shots_upper_left_pop'====== Args={'value': 46, 'prev_value': None, 'change': True}
2020-05-25 18:43:02,091 : INFO : EventManager : Event: ======'machine_var_audits_shots_upper_pop'====== Args={'value': 243, 'prev_value': None, 'change': True}
2020-05-25 18:43:02,094 : INFO : EventManager : Event: ======'machine_var_audits_switches_s_left_flipper1'====== Args={'value': 216, 'prev_value': None, 'change': True}
2020-05-25 18:43:02,098 : INFO : EventManager : Event: ======'machine_var_audits_switches_s_left_flipper2'====== Args={'value': 276, 'prev_value': None, 'change': True}
2020-05-25 18:43:02,102 : INFO : EventManager : Event: ======'machine_var_audits_switches_s_lower_10pt_UPPER'====== Args={'value': 0, 'prev_value': None, 'change': True}
2020-05-25 18:43:02,105 : INFO : EventManager : Event: ======'machine_var_audits_switches_s_lower_10pt_drops'====== Args={'value': 27, 'prev_value': None, 'change': True}
2020-05-25 18:43:02,109 : INFO : EventManager : Event: ======'machine_var_audits_switches_s_lower_10pt_lower'====== Args={'value': 10, 'prev_value': None, 'change': True}
2020-05-25 18:43:02,113 : INFO : EventManager : Event: ======'machine_var_audits_switches_s_lower_10pt_upper'====== Args={'value': 8, 'prev_value': None, 'change': True}
2020-05-25 18:43:02,116 : INFO : EventManager : Event: ======'machine_var_audits_switches_s_lower_1_drop'====== Args={'value': 391, 'prev_value': None, 'change': True}
2020-05-25 18:43:02,120 : INFO : EventManager : Event: ======'machine_var_audits_switches_s_lower_2_drop'====== Args={'value': 5, 'prev_value': None, 'change': True}
2020-05-25 18:43:02,124 : INFO : EventManager : Event: ======'machine_var_audits_switches_s_lower_3_drop'====== Args={'value': 7, 'prev_value': None, 'change': True}
2020-05-25 18:43:02,128 : INFO : EventManager : Event: ======'machine_var_audits_switches_s_lower_4_drop'====== Args={'value': 12, 'prev_value': None, 'change': True}
2020-05-25 18:43:02,131 : INFO : EventManager : Event: ======'machine_var_audits_switches_s_lower_5_drop'====== Args={'value': 11, 'prev_value': None, 'change': True}
2020-05-25 18:43:02,135 : INFO : EventManager : Event: ======'machine_var_audits_switches_s_lower_bonus_left'====== Args={'value': 6, 'prev_value': None, 'change': True}
2020-05-25 18:43:02,139 : INFO : EventManager : Event: ======'machine_var_audits_switches_s_lower_bonus_right'====== Args={'value': 3, 'prev_value': None, 'change': True}
2020-05-25 18:43:02,142 : INFO : EventManager : Event: ======'machine_var_audits_switches_s_lower_kick_target'====== Args={'value': 1, 'prev_value': None, 'change': True}
2020-05-25 18:43:02,146 : INFO : EventManager : Event: ======'machine_var_audits_switches_s_lower_kickout_special'====== Args={'value': 12, 'prev_value': None, 'change': True}
2020-05-25 18:43:02,150 : INFO : EventManager : Event: ======'machine_var_audits_switches_s_lower_pop'====== Args={'value': 24, 'prev_value': None, 'change': True}
2020-05-25 18:43:02,154 : INFO : EventManager : Event: ======'machine_var_audits_switches_s_lower_rollover'====== Args={'value': 48, 'prev_value': None, 'change': True}
2020-05-25 18:43:02,157 : INFO : EventManager : Event: ======'machine_var_audits_switches_s_lower_slingshot'====== Args={'value': 13, 'prev_value': None, 'change': True}
2020-05-25 18:43:02,161 : INFO : EventManager : Event: ======'machine_var_audits_switches_s_lower_vuk'====== Args={'value': 196, 'prev_value': None, 'change': True}
2020-05-25 18:43:02,165 : INFO : EventManager : Event: ======'machine_var_audits_switches_s_main_10pt_left'====== Args={'value': 17, 'prev_value': None, 'change': True}
2020-05-25 18:43:02,170 : INFO : EventManager : Event: ======'machine_var_audits_switches_s_main_1_target'====== Args={'value': 37, 'prev_value': None, 'change': True}
2020-05-25 18:43:02,174 : INFO : EventManager : Event: ======'machine_var_audits_switches_s_main_1_trough'====== Args={'value': 28, 'prev_value': None, 'change': True}
2020-05-25 18:43:02,178 : INFO : EventManager : Event: ======'machine_var_audits_switches_s_main_2_target'====== Args={'value': 39, 'prev_value': None, 'change': True}
2020-05-25 18:43:02,182 : INFO : EventManager : Event: ======'machine_var_audits_switches_s_main_2_trough'====== Args={'value': 56, 'prev_value': None, 'change': True}
2020-05-25 18:43:02,186 : INFO : EventManager : Event: ======'machine_var_audits_switches_s_main_3_target'====== Args={'value': 13, 'prev_value': None, 'change': True}
2020-05-25 18:43:02,190 : INFO : EventManager : Event: ======'machine_var_audits_switches_s_main_4_target'====== Args={'value': 37, 'prev_value': None, 'change': True}
2020-05-25 18:43:02,194 : INFO : EventManager : Event: ======'machine_var_audits_switches_s_main_5_target'====== Args={'value': 51, 'prev_value': None, 'change': True}
2020-05-25 18:43:02,198 : INFO : EventManager : Event: ======'machine_var_audits_switches_s_main_inlane_left'====== Args={'value': 15, 'prev_value': None, 'change': True}
2020-05-25 18:43:02,202 : INFO : EventManager : Event: ======'machine_var_audits_switches_s_main_inlane_right'====== Args={'value': 63, 'prev_value': None, 'change': True}
2020-05-25 18:43:02,207 : INFO : EventManager : Event: ======'machine_var_audits_switches_s_main_kickout_right'====== Args={'value': 126, 'prev_value': None, 'change': True}
2020-05-25 18:43:02,211 : INFO : EventManager : Event: ======'machine_var_audits_switches_s_main_lane_center'====== Args={'value': 82, 'prev_value': None, 'change': True}
2020-05-25 18:43:02,215 : INFO : EventManager : Event: ======'machine_var_audits_switches_s_main_outhole'====== Args={'value': 370, 'prev_value': None, 'change': True}
2020-05-25 18:43:02,220 : INFO : EventManager : Event: ======'machine_var_audits_switches_s_main_outlane_left'====== Args={'value': 13, 'prev_value': None, 'change': True}
2020-05-25 18:43:02,224 : INFO : EventManager : Event: ======'machine_var_audits_switches_s_main_outlane_right'====== Args={'value': 40, 'prev_value': None, 'change': True}
2020-05-25 18:43:02,229 : INFO : EventManager : Event: ======'machine_var_audits_switches_s_main_pop_bottom'====== Args={'value': 130, 'prev_value': None, 'change': True}
2020-05-25 18:43:02,233 : INFO : EventManager : Event: ======'machine_var_audits_switches_s_main_pop_top'====== Args={'value': 111, 'prev_value': None, 'change': True}
2020-05-25 18:43:02,237 : INFO : EventManager : Event: ======'machine_var_audits_switches_s_main_rollunder'====== Args={'value': 74, 'prev_value': None, 'change': True}
2020-05-25 18:43:02,241 : INFO : EventManager : Event: ======'machine_var_audits_switches_s_main_roundabout_rollunder'====== Args={'value': 52, 'prev_value': None, 'change': True}
2020-05-25 18:43:02,246 : INFO : EventManager : Event: ======'machine_var_audits_switches_s_main_secret_trough'====== Args={'value': 21, 'prev_value': None, 'change': True}
2020-05-25 18:43:02,250 : INFO : EventManager : Event: ======'machine_var_audits_switches_s_main_slingshot'====== Args={'value': 222, 'prev_value': None, 'change': True}
2020-05-25 18:43:02,255 : INFO : EventManager : Event: ======'machine_var_audits_switches_s_main_target_right'====== Args={'value': 115, 'prev_value': None, 'change': True}
2020-05-25 18:43:02,259 : INFO : EventManager : Event: ======'machine_var_audits_switches_s_main_trapdoor_trough'====== Args={'value': 0, 'prev_value': None, 'change': True}
2020-05-25 18:43:02,264 : INFO : EventManager : Event: ======'machine_var_audits_switches_s_main_vuk'====== Args={'value': 220, 'prev_value': None, 'change': True}
2020-05-25 18:43:02,268 : INFO : EventManager : Event: ======'machine_var_audits_switches_s_right_flipper1'====== Args={'value': 195, 'prev_value': None, 'change': True}
2020-05-25 18:43:02,273 : INFO : EventManager : Event: ======'machine_var_audits_switches_s_right_flipper2'====== Args={'value': 257, 'prev_value': None, 'change': True}
2020-05-25 18:43:02,278 : INFO : EventManager : Event: ======'machine_var_audits_switches_s_start'====== Args={'value': 1, 'prev_value': None, 'change': True}
2020-05-25 18:43:02,282 : INFO : EventManager : Event: ======'machine_var_audits_switches_s_upper_10pt_center'====== Args={'value': 164, 'prev_value': None, 'change': True}
2020-05-25 18:43:02,287 : INFO : EventManager : Event: ======'machine_var_audits_switches_s_upper_10pt_left'====== Args={'value': 106, 'prev_value': None, 'change': True}
2020-05-25 18:43:02,292 : INFO : EventManager : Event: ======'machine_var_audits_switches_s_upper_1_drop'====== Args={'value': 51, 'prev_value': None, 'change': True}
2020-05-25 18:43:02,297 : INFO : EventManager : Event: ======'machine_var_audits_switches_s_upper_1_target'====== Args={'value': 86, 'prev_value': None, 'change': True}
2020-05-25 18:43:02,301 : INFO : EventManager : Event: ======'machine_var_audits_switches_s_upper_2_drop'====== Args={'value': 52, 'prev_value': None, 'change': True}
2020-05-25 18:43:02,306 : INFO : EventManager : Event: ======'machine_var_audits_switches_s_upper_2_target'====== Args={'value': 132, 'prev_value': None, 'change': True}
2020-05-25 18:43:02,311 : INFO : EventManager : Event: ======'machine_var_audits_switches_s_upper_3_drop'====== Args={'value': 54, 'prev_value': None, 'change': True}
2020-05-25 18:43:02,316 : INFO : EventManager : Event: ======'machine_var_audits_switches_s_upper_3_target'====== Args={'value': 58, 'prev_value': None, 'change': True}
2020-05-25 18:43:02,321 : INFO : EventManager : Event: ======'machine_var_audits_switches_s_upper_4_drop'====== Args={'value': 75, 'prev_value': None, 'change': True}
2020-05-25 18:43:02,326 : INFO : EventManager : Event: ======'machine_var_audits_switches_s_upper_4_target'====== Args={'value': 55, 'prev_value': None, 'change': True}
2020-05-25 18:43:02,331 : INFO : EventManager : Event: ======'machine_var_audits_switches_s_upper_pop'====== Args={'value': 475, 'prev_value': None, 'change': True}
2020-05-25 18:43:02,337 : INFO : EventManager : Event: ======'init_phase_5'====== Args={}
2020-05-25 18:43:02,397 : INFO : EventManager : Event: ======'init_done'====== Args={}
2020-05-25 18:43:02,447 : INFO : EventManager : Event: ======'machine_reset_phase_1'====== Args={}
2020-05-25 18:43:02,460 : INFO : EventManager : Event: ======'slide_welcome_slide_removed'====== Args={'_from_bcp': True}
2020-05-25 18:43:02,477 : INFO : EventManager : Event: ======'slide_welcome_slide_created'====== Args={'_from_bcp': True}
2020-05-25 18:43:02,483 : INFO : EventManager : Event: ======'slide_welcome_slide_active'====== Args={'_from_bcp': True}
2020-05-25 18:43:02,484 : INFO : EventManager : Event: ======'machine_reset_phase_2'====== Args={}
2020-05-25 18:43:02,484 : INFO : EventManager : Event: ======'machine_reset_phase_3'====== Args={}
2020-05-25 18:43:02,485 : INFO : drop_target_bank.upper : 3 targets are down. Will reset those.
2020-05-25 18:43:02,487 : INFO : coil.c_upper_drop : Pulsing Driver for 75ms (1.0 pulse_power)
2020-05-25 18:43:02,488 : INFO : drop_target_bank.lower : All targets are already up. Will not reset bank.
2020-05-25 18:43:02,490 : INFO : coil.c_upper_drop : Pulsing Driver for 75ms (1.0 pulse_power)
2020-05-25 18:43:02,492 : INFO : coil.c_upper_drop : Pulsing Driver for 75ms (1.0 pulse_power)
2020-05-25 18:43:02,500 : INFO : EventManager : Event: ======'reset_complete'====== Args={}
2020-05-25 18:43:02,503 : INFO : EventManager : Event: ======'mode_attract_will_start'====== Args={}
2020-05-25 18:43:02,507 : INFO : EventManager : Event: ======'mode_attract_starting'====== Args={}
2020-05-25 18:43:02,508 : INFO : Mode.attract : Started. Priority: 10
2020-05-25 18:43:02,508 : INFO : EventManager : Event: ======'mode_attract_started'====== Args={}
2020-05-25 18:43:02,513 : INFO : EventManager : Event: ======'collecting_balls_complete'====== Args={}
2020-05-25 18:43:02,688 : INFO : coil.c_upper_drop : Pulsing Driver for 75ms (1.0 pulse_power)
2020-05-25 18:43:02,691 : INFO : EventManager : Event: ======'slide_awesome_slide_created'====== Args={'_from_bcp': True}
2020-05-25 18:43:02,693 : INFO : EventManager : Event: ======'slide_awesome_slide_active'====== Args={'_from_bcp': True}
2020-05-25 18:43:02,695 : INFO : Machine : Starting the main run loop.
2020-05-25 18:43:02,980 : INFO : EventManager : Event: ======'restore'====== Args={}
2020-05-25 18:43:02,981 : INFO : EventManager : Event: ======'drop_target_bank_upper_mixed'====== Args={'down': 3}
2020-05-25 18:43:05,521 : INFO : EventManager : Event: ======'slide_press_start_created'====== Args={'_from_bcp': True}
2020-05-25 18:43:05,531 : INFO : EventManager : Event: ======'slide_press_start_active'====== Args={'_from_bcp': True}
2020-05-25 18:43:08,515 : INFO : EventManager : Event: ======'slide_mission_pinball_created'====== Args={'_from_bcp': True}
2020-05-25 18:43:08,522 : INFO : EventManager : Event: ======'slide_mission_pinball_active'====== Args={'_from_bcp': True}
2020-05-25 18:43:11,509 : INFO : EventManager : Event: ======'slide_last_game_score_slide_created'====== Args={'_from_bcp': True}
2020-05-25 18:43:11,516 : INFO : EventManager : Event: ======'slide_last_game_score_slide_active'====== Args={'_from_bcp': True}
2020-05-25 18:43:14,513 : INFO : EventManager : Event: ======'slide_awesome_slide_removed'====== Args={'_from_bcp': True}
2020-05-25 18:43:14,514 : INFO : EventManager : Event: ======'slide_awesome_slide_created'====== Args={'_from_bcp': True}
2020-05-25 18:43:14,517 : INFO : EventManager : Event: ======'slide_awesome_slide_active'====== Args={'_from_bcp': True}
2020-05-25 18:43:17,511 : INFO : EventManager : Event: ======'slide_press_start_removed'====== Args={'_from_bcp': True}
2020-05-25 18:43:17,532 : INFO : EventManager : Event: ======'slide_press_start_created'====== Args={'_from_bcp': True}
2020-05-25 18:43:17,541 : INFO : EventManager : Event: ======'slide_press_start_active'====== Args={'_from_bcp': True}
2020-05-25 18:43:20,501 : INFO : EventManager : Event: ======'slide_mission_pinball_removed'====== Args={'_from_bcp': True}
2020-05-25 18:43:20,514 : INFO : EventManager : Event: ======'slide_mission_pinball_created'====== Args={'_from_bcp': True}
2020-05-25 18:43:20,514 : INFO : EventManager : Event: ======'slide_mission_pinball_active'====== Args={'_from_bcp': True}
2020-05-25 18:43:23,526 : INFO : EventManager : Event: ======'slide_last_game_score_slide_removed'====== Args={'_from_bcp': True}
2020-05-25 18:43:23,530 : INFO : EventManager : Event: ======'slide_last_game_score_slide_created'====== Args={'_from_bcp': True}
2020-05-25 18:43:23,541 : INFO : EventManager : Event: ======'slide_last_game_score_slide_active'====== Args={'_from_bcp': True}
2020-05-25 18:43:26,511 : INFO : EventManager : Event: ======'slide_awesome_slide_removed'====== Args={'_from_bcp': True}
2020-05-25 18:43:26,516 : INFO : EventManager : Event: ======'slide_awesome_slide_created'====== Args={'_from_bcp': True}
2020-05-25 18:43:26,522 : INFO : EventManager : Event: ======'slide_awesome_slide_active'====== Args={'_from_bcp': True}
2020-05-25 18:43:29,507 : INFO : EventManager : Event: ======'slide_press_start_removed'====== Args={'_from_bcp': True}
2020-05-25 18:43:29,520 : INFO : EventManager : Event: ======'slide_press_start_created'====== Args={'_from_bcp': True}
2020-05-25 18:43:29,529 : INFO : EventManager : Event: ======'slide_press_start_active'====== Args={'_from_bcp': True}
2020-05-25 18:43:32,520 : INFO : EventManager : Event: ======'slide_mission_pinball_removed'====== Args={'_from_bcp': True}
2020-05-25 18:43:32,525 : INFO : EventManager : Event: ======'slide_mission_pinball_created'====== Args={'_from_bcp': True}
2020-05-25 18:43:32,531 : INFO : EventManager : Event: ======'slide_mission_pinball_active'====== Args={'_from_bcp': True}
2020-05-25 18:43:35,515 : INFO : EventManager : Event: ======'slide_last_game_score_slide_removed'====== Args={'_from_bcp': True}
2020-05-25 18:43:35,541 : INFO : EventManager : Event: ======'slide_last_game_score_slide_created'====== Args={'_from_bcp': True}
2020-05-25 18:43:35,545 : INFO : EventManager : Event: ======'slide_last_game_score_slide_active'====== Args={'_from_bcp': True}
2020-05-25 18:43:38,504 : INFO : EventManager : Event: ======'slide_awesome_slide_removed'====== Args={'_from_bcp': True}
2020-05-25 18:43:38,518 : INFO : EventManager : Event: ======'slide_awesome_slide_created'====== Args={'_from_bcp': True}
2020-05-25 18:43:38,524 : INFO : EventManager : Event: ======'slide_awesome_slide_active'====== Args={'_from_bcp': True}
2020-05-25 18:43:41,505 : INFO : EventManager : Event: ======'slide_press_start_removed'====== Args={'_from_bcp': True}
2020-05-25 18:43:41,522 : INFO : EventManager : Event: ======'slide_press_start_created'====== Args={'_from_bcp': True}
2020-05-25 18:43:41,530 : INFO : EventManager : Event: ======'slide_press_start_active'====== Args={'_from_bcp': True}
2020-05-25 18:43:44,513 : INFO : EventManager : Event: ======'slide_mission_pinball_removed'====== Args={'_from_bcp': True}
2020-05-25 18:43:44,520 : INFO : EventManager : Event: ======'slide_mission_pinball_created'====== Args={'_from_bcp': True}
2020-05-25 18:43:44,526 : INFO : EventManager : Event: ======'slide_mission_pinball_active'====== Args={'_from_bcp': True}
2020-05-25 18:43:47,509 : INFO : EventManager : Event: ======'slide_last_game_score_slide_removed'====== Args={'_from_bcp': True}
2020-05-25 18:43:47,521 : INFO : EventManager : Event: ======'slide_last_game_score_slide_created'====== Args={'_from_bcp': True}
2020-05-25 18:43:47,530 : INFO : EventManager : Event: ======'slide_last_game_score_slide_active'====== Args={'_from_bcp': True}
2020-05-25 18:43:50,500 : INFO : EventManager : Event: ======'slide_awesome_slide_removed'====== Args={'_from_bcp': True}
2020-05-25 18:43:50,510 : INFO : EventManager : Event: ======'slide_awesome_slide_created'====== Args={'_from_bcp': True}
2020-05-25 18:43:50,517 : INFO : EventManager : Event: ======'slide_awesome_slide_active'====== Args={'_from_bcp': True}
2020-05-25 18:43:53,511 : INFO : EventManager : Event: ======'slide_press_start_removed'====== Args={'_from_bcp': True}
2020-05-25 18:43:53,523 : INFO : EventManager : Event: ======'slide_press_start_created'====== Args={'_from_bcp': True}
2020-05-25 18:43:53,532 : INFO : EventManager : Event: ======'slide_press_start_active'====== Args={'_from_bcp': True}
2020-05-25 18:43:56,507 : INFO : EventManager : Event: ======'slide_mission_pinball_removed'====== Args={'_from_bcp': True}
2020-05-25 18:43:56,517 : INFO : EventManager : Event: ======'slide_mission_pinball_created'====== Args={'_from_bcp': True}
2020-05-25 18:43:56,521 : INFO : EventManager : Event: ======'slide_mission_pinball_active'====== Args={'_from_bcp': True}
2020-05-25 18:43:59,500 : INFO : EventManager : Event: ======'slide_last_game_score_slide_removed'====== Args={'_from_bcp': True}
2020-05-25 18:43:59,513 : INFO : EventManager : Event: ======'slide_last_game_score_slide_created'====== Args={'_from_bcp': True}
2020-05-25 18:43:59,522 : INFO : EventManager : Event: ======'slide_last_game_score_slide_active'====== Args={'_from_bcp': True}
2020-05-25 18:44:02,521 : INFO : EventManager : Event: ======'slide_awesome_slide_removed'====== Args={'_from_bcp': True}
2020-05-25 18:44:02,526 : INFO : EventManager : Event: ======'slide_awesome_slide_created'====== Args={'_from_bcp': True}
2020-05-25 18:44:02,532 : INFO : EventManager : Event: ======'slide_awesome_slide_active'====== Args={'_from_bcp': True}
2020-05-25 18:44:05,515 : INFO : EventManager : Event: ======'slide_press_start_removed'====== Args={'_from_bcp': True}
2020-05-25 18:44:05,531 : INFO : EventManager : Event: ======'slide_press_start_created'====== Args={'_from_bcp': True}
2020-05-25 18:44:05,540 : INFO : EventManager : Event: ======'slide_press_start_active'====== Args={'_from_bcp': True}
2020-05-25 18:44:08,512 : INFO : EventManager : Event: ======'slide_mission_pinball_removed'====== Args={'_from_bcp': True}
2020-05-25 18:44:08,513 : INFO : EventManager : Event: ======'slide_mission_pinball_created'====== Args={'_from_bcp': True}
2020-05-25 18:44:08,517 : INFO : EventManager : Event: ======'slide_mission_pinball_active'====== Args={'_from_bcp': True}
2020-05-25 18:44:11,537 : INFO : EventManager : Event: ======'slide_last_game_score_slide_removed'====== Args={'_from_bcp': True}
2020-05-25 18:44:11,541 : INFO : EventManager : Event: ======'slide_last_game_score_slide_created'====== Args={'_from_bcp': True}
2020-05-25 18:44:11,542 : INFO : EventManager : Event: ======'slide_last_game_score_slide_active'====== Args={'_from_bcp': True}
2020-05-25 18:44:14,508 : INFO : EventManager : Event: ======'slide_awesome_slide_removed'====== Args={'_from_bcp': True}
2020-05-25 18:44:14,517 : INFO : EventManager : Event: ======'slide_awesome_slide_created'====== Args={'_from_bcp': True}
2020-05-25 18:44:14,522 : INFO : EventManager : Event: ======'slide_awesome_slide_active'====== Args={'_from_bcp': True}
2020-05-25 18:44:17,507 : INFO : EventManager : Event: ======'slide_press_start_removed'====== Args={'_from_bcp': True}
2020-05-25 18:44:17,518 : INFO : EventManager : Event: ======'slide_press_start_created'====== Args={'_from_bcp': True}
2020-05-25 18:44:17,526 : INFO : EventManager : Event: ======'slide_press_start_active'====== Args={'_from_bcp': True}
2020-05-25 18:44:20,505 : INFO : EventManager : Event: ======'slide_mission_pinball_removed'====== Args={'_from_bcp': True}
2020-05-25 18:44:20,512 : INFO : EventManager : Event: ======'slide_mission_pinball_created'====== Args={'_from_bcp': True}
2020-05-25 18:44:20,517 : INFO : EventManager : Event: ======'slide_mission_pinball_active'====== Args={'_from_bcp': True}
2020-05-25 18:44:23,512 : INFO : EventManager : Event: ======'slide_last_game_score_slide_removed'====== Args={'_from_bcp': True}
2020-05-25 18:44:23,533 : INFO : EventManager : Event: ======'slide_last_game_score_slide_created'====== Args={'_from_bcp': True}
2020-05-25 18:44:23,542 : INFO : EventManager : Event: ======'slide_last_game_score_slide_active'====== Args={'_from_bcp': True}
2020-05-25 18:44:26,514 : INFO : EventManager : Event: ======'slide_awesome_slide_removed'====== Args={'_from_bcp': True}
2020-05-25 18:44:26,545 : INFO : EventManager : Event: ======'slide_awesome_slide_created'====== Args={'_from_bcp': True}
2020-05-25 18:44:26,551 : INFO : EventManager : Event: ======'slide_awesome_slide_active'====== Args={'_from_bcp': True}
2020-05-25 18:44:29,523 : INFO : EventManager : Event: ======'slide_press_start_removed'====== Args={'_from_bcp': True}
2020-05-25 18:44:29,531 : INFO : EventManager : Event: ======'slide_press_start_created'====== Args={'_from_bcp': True}
2020-05-25 18:44:29,532 : INFO : EventManager : Event: ======'slide_press_start_active'====== Args={'_from_bcp': True}
2020-05-25 18:44:32,516 : INFO : EventManager : Event: ======'slide_mission_pinball_removed'====== Args={'_from_bcp': True}
2020-05-25 18:44:32,517 : INFO : EventManager : Event: ======'slide_mission_pinball_created'====== Args={'_from_bcp': True}
2020-05-25 18:44:32,522 : INFO : EventManager : Event: ======'slide_mission_pinball_active'====== Args={'_from_bcp': True}
2020-05-25 18:44:35,526 : INFO : EventManager : Event: ======'slide_last_game_score_slide_removed'====== Args={'_from_bcp': True}
2020-05-25 18:44:35,527 : INFO : EventManager : Event: ======'slide_last_game_score_slide_created'====== Args={'_from_bcp': True}
2020-05-25 18:44:35,537 : INFO : EventManager : Event: ======'slide_last_game_score_slide_active'====== Args={'_from_bcp': True}
2020-05-25 18:44:38,510 : INFO : EventManager : Event: ======'slide_awesome_slide_removed'====== Args={'_from_bcp': True}
2020-05-25 18:44:38,513 : INFO : EventManager : Event: ======'slide_awesome_slide_created'====== Args={'_from_bcp': True}
2020-05-25 18:44:38,521 : INFO : EventManager : Event: ======'slide_awesome_slide_active'====== Args={'_from_bcp': True}
2020-05-25 18:44:41,510 : INFO : EventManager : Event: ======'slide_press_start_removed'====== Args={'_from_bcp': True}
2020-05-25 18:44:41,530 : INFO : EventManager : Event: ======'slide_press_start_created'====== Args={'_from_bcp': True}
2020-05-25 18:44:41,540 : INFO : EventManager : Event: ======'slide_press_start_active'====== Args={'_from_bcp': True}
2020-05-25 18:44:44,511 : INFO : EventManager : Event: ======'slide_mission_pinball_removed'====== Args={'_from_bcp': True}
2020-05-25 18:44:44,518 : INFO : EventManager : Event: ======'slide_mission_pinball_created'====== Args={'_from_bcp': True}
2020-05-25 18:44:44,524 : INFO : EventManager : Event: ======'slide_mission_pinball_active'====== Args={'_from_bcp': True}
2020-05-25 18:44:47,506 : INFO : EventManager : Event: ======'slide_last_game_score_slide_removed'====== Args={'_from_bcp': True}
2020-05-25 18:44:47,521 : INFO : EventManager : Event: ======'slide_last_game_score_slide_created'====== Args={'_from_bcp': True}
2020-05-25 18:44:47,531 : INFO : EventManager : Event: ======'slide_last_game_score_slide_active'====== Args={'_from_bcp': True}
2020-05-25 18:44:50,521 : INFO : EventManager : Event: ======'slide_awesome_slide_removed'====== Args={'_from_bcp': True}
2020-05-25 18:44:50,525 : INFO : EventManager : Event: ======'slide_awesome_slide_created'====== Args={'_from_bcp': True}
2020-05-25 18:44:50,532 : INFO : EventManager : Event: ======'slide_awesome_slide_active'====== Args={'_from_bcp': True}
2020-05-25 18:44:53,513 : INFO : EventManager : Event: ======'slide_press_start_removed'====== Args={'_from_bcp': True}
2020-05-25 18:44:53,527 : INFO : EventManager : Event: ======'slide_press_start_created'====== Args={'_from_bcp': True}
2020-05-25 18:44:53,535 : INFO : EventManager : Event: ======'slide_press_start_active'====== Args={'_from_bcp': True}
2020-05-25 18:44:56,507 : INFO : EventManager : Event: ======'slide_mission_pinball_removed'====== Args={'_from_bcp': True}
2020-05-25 18:44:56,514 : INFO : EventManager : Event: ======'slide_mission_pinball_created'====== Args={'_from_bcp': True}
2020-05-25 18:44:56,521 : INFO : EventManager : Event: ======'slide_mission_pinball_active'====== Args={'_from_bcp': True}
2020-05-25 18:44:59,506 : INFO : EventManager : Event: ======'slide_last_game_score_slide_removed'====== Args={'_from_bcp': True}
2020-05-25 18:44:59,520 : INFO : EventManager : Event: ======'slide_last_game_score_slide_created'====== Args={'_from_bcp': True}
2020-05-25 18:44:59,530 : INFO : EventManager : Event: ======'slide_last_game_score_slide_active'====== Args={'_from_bcp': True}
2020-05-25 18:45:02,513 : INFO : EventManager : Event: ======'slide_awesome_slide_removed'====== Args={'_from_bcp': True}
2020-05-25 18:45:02,518 : INFO : EventManager : Event: ======'slide_awesome_slide_created'====== Args={'_from_bcp': True}
2020-05-25 18:45:02,525 : INFO : EventManager : Event: ======'slide_awesome_slide_active'====== Args={'_from_bcp': True}
2020-05-25 18:45:05,507 : INFO : EventManager : Event: ======'slide_press_start_removed'====== Args={'_from_bcp': True}
2020-05-25 18:45:05,526 : INFO : EventManager : Event: ======'slide_press_start_created'====== Args={'_from_bcp': True}
2020-05-25 18:45:05,537 : INFO : EventManager : Event: ======'slide_press_start_active'====== Args={'_from_bcp': True}
2020-05-25 18:45:08,505 : INFO : EventManager : Event: ======'slide_mission_pinball_removed'====== Args={'_from_bcp': True}
2020-05-25 18:45:08,516 : INFO : EventManager : Event: ======'slide_mission_pinball_created'====== Args={'_from_bcp': True}
2020-05-25 18:45:08,524 : INFO : EventManager : Event: ======'slide_mission_pinball_active'====== Args={'_from_bcp': True}
2020-05-25 18:45:11,513 : INFO : EventManager : Event: ======'slide_last_game_score_slide_removed'====== Args={'_from_bcp': True}
2020-05-25 18:45:11,530 : INFO : EventManager : Event: ======'slide_last_game_score_slide_created'====== Args={'_from_bcp': True}
2020-05-25 18:45:11,540 : INFO : EventManager : Event: ======'slide_last_game_score_slide_active'====== Args={'_from_bcp': True}
2020-05-25 18:45:14,506 : INFO : EventManager : Event: ======'slide_awesome_slide_removed'====== Args={'_from_bcp': True}
2020-05-25 18:45:14,515 : INFO : EventManager : Event: ======'slide_awesome_slide_created'====== Args={'_from_bcp': True}
2020-05-25 18:45:14,522 : INFO : EventManager : Event: ======'slide_awesome_slide_active'====== Args={'_from_bcp': True}
2020-05-25 18:45:17,509 : INFO : EventManager : Event: ======'slide_press_start_removed'====== Args={'_from_bcp': True}
2020-05-25 18:45:17,513 : INFO : EventManager : Event: ======'slide_press_start_created'====== Args={'_from_bcp': True}
2020-05-25 18:45:17,522 : INFO : EventManager : Event: ======'slide_press_start_active'====== Args={'_from_bcp': True}
2020-05-25 18:45:20,515 : INFO : EventManager : Event: ======'slide_mission_pinball_removed'====== Args={'_from_bcp': True}
2020-05-25 18:45:20,516 : INFO : EventManager : Event: ======'slide_mission_pinball_created'====== Args={'_from_bcp': True}
2020-05-25 18:45:20,524 : INFO : EventManager : Event: ======'slide_mission_pinball_active'====== Args={'_from_bcp': True}
2020-05-25 18:45:23,516 : INFO : EventManager : Event: ======'slide_last_game_score_slide_removed'====== Args={'_from_bcp': True}
2020-05-25 18:45:23,528 : INFO : EventManager : Event: ======'slide_last_game_score_slide_created'====== Args={'_from_bcp': True}
2020-05-25 18:45:23,536 : INFO : EventManager : Event: ======'slide_last_game_score_slide_active'====== Args={'_from_bcp': True}
2020-05-25 18:45:26,505 : INFO : EventManager : Event: ======'slide_awesome_slide_removed'====== Args={'_from_bcp': True}
2020-05-25 18:45:26,516 : INFO : EventManager : Event: ======'slide_awesome_slide_created'====== Args={'_from_bcp': True}
2020-05-25 18:45:26,520 : INFO : EventManager : Event: ======'slide_awesome_slide_active'====== Args={'_from_bcp': True}
2020-05-25 18:45:29,507 : INFO : EventManager : Event: ======'slide_press_start_removed'====== Args={'_from_bcp': True}
2020-05-25 18:45:29,524 : INFO : EventManager : Event: ======'slide_press_start_created'====== Args={'_from_bcp': True}
2020-05-25 18:45:29,534 : INFO : EventManager : Event: ======'slide_press_start_active'====== Args={'_from_bcp': True}
2020-05-25 18:45:32,529 : INFO : EventManager : Event: ======'slide_mission_pinball_removed'====== Args={'_from_bcp': True}
2020-05-25 18:45:32,530 : INFO : EventManager : Event: ======'slide_mission_pinball_created'====== Args={'_from_bcp': True}
2020-05-25 18:45:32,530 : INFO : EventManager : Event: ======'slide_mission_pinball_active'====== Args={'_from_bcp': True}
2020-05-25 18:45:35,500 : INFO : EventManager : Event: ======'slide_last_game_score_slide_removed'====== Args={'_from_bcp': True}
2020-05-25 18:45:35,517 : INFO : EventManager : Event: ======'slide_last_game_score_slide_created'====== Args={'_from_bcp': True}
2020-05-25 18:45:35,525 : INFO : EventManager : Event: ======'slide_last_game_score_slide_active'====== Args={'_from_bcp': True}
2020-05-25 18:45:38,503 : INFO : EventManager : Event: ======'slide_awesome_slide_removed'====== Args={'_from_bcp': True}
2020-05-25 18:45:38,512 : INFO : EventManager : Event: ======'slide_awesome_slide_created'====== Args={'_from_bcp': True}
2020-05-25 18:45:38,522 : INFO : EventManager : Event: ======'slide_awesome_slide_active'====== Args={'_from_bcp': True}
2020-05-25 18:45:41,513 : INFO : EventManager : Event: ======'slide_press_start_removed'====== Args={'_from_bcp': True}
2020-05-25 18:45:41,530 : INFO : EventManager : Event: ======'slide_press_start_created'====== Args={'_from_bcp': True}
2020-05-25 18:45:41,540 : INFO : EventManager : Event: ======'slide_press_start_active'====== Args={'_from_bcp': True}
2020-05-25 18:45:44,510 : INFO : EventManager : Event: ======'slide_mission_pinball_removed'====== Args={'_from_bcp': True}
2020-05-25 18:45:44,515 : INFO : EventManager : Event: ======'slide_mission_pinball_created'====== Args={'_from_bcp': True}
2020-05-25 18:45:44,529 : INFO : EventManager : Event: ======'slide_mission_pinball_active'====== Args={'_from_bcp': True}
2020-05-25 18:45:45,561 : INFO : Machine : Shutting down...
2020-05-25 18:45:45,561 : INFO : EventManager : Event: ======'shutdown'====== Args={}
2020-05-25 18:45:45,593 : INFO : root : MPF run loop ended.
