2020-05-20 18:03:53,445 : INFO : Machine : Mission Pinball Framework Core Engine v0.53.3
2020-05-20 18:03:53,461 : INFO : Machine : Command line arguments: {'no_load_cache': False, 'create_config_cache': True, 'bcp': True, 'configfile': ['config.yaml'], 'mpfconfigfile': 'c:\\users\\hans\\appdata\\local\\programs\\python\\python36-32\\lib\\site-packages\\mpf\\mpfconfig.yaml', 'force_assets_load': False, 'jsonlogging': False, 'logfile': 'logs\\2020-05-20-18-03-53-mpf-Hans-PC.log', 'pause': False, 'production': False, 'text_ui': True, 'loglevel': 15, 'consoleloglevel': 20, 'force_platform': None, 'syslog_address': None, 'mc_file_name': None, 'no_sound': False}
2020-05-20 18:03:53,461 : INFO : Machine : MPF path: c:\users\hans\appdata\local\programs\python\python36-32\lib\site-packages\mpf
2020-05-20 18:03:53,461 : INFO : Machine : Machine path: C:\pinball\HauntedHouse
2020-05-20 18:03:53,461 : INFO : Machine : Platform: win32
2020-05-20 18:03:53,461 : INFO : Machine : Python executable location: c:\users\hans\appdata\local\programs\python\python36-32\python.exe
2020-05-20 18:03:53,461 : INFO : Machine : Python version: 3.6.8 (32-bit)
2020-05-20 18:03:53,461 : INFO : Machine : Machine config file #1: config.yaml
2020-05-20 18:03:53,476 : INFO : ConfigProcessor : Loading config from cache: C:\Users\Hans\AppData\Local\Temp\6e040aaf1f6a41fde2348c429eac1a1c.mpf_cache
2020-05-20 18:03:53,539 : INFO : Machine : Initialise MPF.
2020-05-20 18:03:57,329 : INFO : ConfigValidator : Config spec file cache created: C:\Users\Hans\AppData\Local\Temp\config_spec.mpf_cache
2020-05-20 18:03:59,295 : INFO : P3-ROC : Connecting to P-ROC
2020-05-20 18:03:59,857 : INFO : P3-ROC : Successfully connected to P-ROC/P3-ROC. Firmware Version: 2. Firmware Revision: 6. Hardware Board ID: 1
2020-05-20 18:04:00,153 : INFO : EventManager : Event: ======'machine_var_p_roc_version'====== Args={'value': 2, 'prev_value': None, 'change': True}
2020-05-20 18:04:00,153 : INFO : EventManager : Event: ======'machine_var_p_roc_revision'====== Args={'value': 6, 'prev_value': None, 'change': True}
2020-05-20 18:04:00,153 : INFO : EventManager : Event: ======'machine_var_p_roc_hardware_version'====== Args={'value': 1, 'prev_value': None, 'change': True}
2020-05-20 18:04:00,215 : INFO : EventManager : Event: ======'machine_var_credits_string'====== Args={'value': 'FREE PLAY', 'prev_value': None, 'change': True}
2020-05-20 18:04:00,605 : INFO : EventManager : Event: ======'machine_var_player1_score'====== Args={'value': 120480, 'prev_value': None, 'change': True}
2020-05-20 18:04:00,605 : INFO : EventManager : Event: ======'machine_var_mpf_version'====== Args={'value': 'MPF v0.53.3', 'prev_value': None, 'change': True}
2020-05-20 18:04:00,605 : INFO : EventManager : Event: ======'machine_var_mpf_extended_version'====== Args={'value': 'MPF v0.53.3, Config version:5, Show version: 5, BCP version:1.1', 'prev_value': None, 'change': True}
2020-05-20 18:04:00,605 : INFO : EventManager : Event: ======'machine_var_python_version'====== Args={'value': '3.6.8', 'prev_value': None, 'change': True}
2020-05-20 18:04:00,605 : INFO : EventManager : Event: ======'machine_var_platform'====== Args={'value': 'Windows-7-6.1.7601-SP1', 'prev_value': None, 'change': True}
2020-05-20 18:04:00,605 : INFO : EventManager : Event: ======'machine_var_platform_system'====== Args={'value': 'Windows', 'prev_value': None, 'change': True}
2020-05-20 18:04:00,605 : INFO : EventManager : Event: ======'machine_var_platform_release'====== Args={'value': '7', 'prev_value': None, 'change': True}
2020-05-20 18:04:00,605 : INFO : EventManager : Event: ======'machine_var_platform_version'====== Args={'value': '6.1.7601', 'prev_value': None, 'change': True}
2020-05-20 18:04:00,605 : INFO : EventManager : Event: ======'machine_var_platform_machine'====== Args={'value': 'x86', 'prev_value': None, 'change': True}
2020-05-20 18:04:00,605 : INFO : EventManager : Event: ======'init_phase_1'====== Args={}
2020-05-20 18:04:00,886 : INFO : ConfigProcessor : Loading config from cache: C:\Users\Hans\AppData\Local\Temp\7d6c1285f2e862430ea29e9aa05d0f73.mpf_cache
2020-05-20 18:04:00,980 : INFO : ConfigProcessor : Loading config from cache: C:\Users\Hans\AppData\Local\Temp\fd4d0ac963aaaec6abb4cac3da0cded0.mpf_cache
2020-05-20 18:04:01,027 : INFO : ConfigProcessor : Loading config from cache: C:\Users\Hans\AppData\Local\Temp\5bc0fa50944284867e966a154a822445.mpf_cache
2020-05-20 18:04:01,385 : INFO : EventManager : Event: ======'drop_target_bank_upper_up'====== Args={}
2020-05-20 18:04:01,385 : INFO : EventManager : Event: ======'drop_target_bank_lower_up'====== Args={}
2020-05-20 18:04:01,401 : INFO : EventManager : Event: ======'init_phase_2'====== Args={}
2020-05-20 18:04:01,526 : INFO : EventManager : Event: ======'bcp_connection_attempt'====== Args={'name': 'local_display', 'host': 'localhost', 'port': 5050}
2020-05-20 18:04:01,526 : INFO : BCPClientSocket : Connecting BCP to 'local_display' at localhost:5050...
2020-05-20 18:04:09,069 : INFO : BCPClientSocket : Connected BCP to 'local_display' localhost:5050
2020-05-20 18:04:09,074 : INFO : EventManager : Event: ======'bcp_clients_connected'====== Args={}
2020-05-20 18:04:09,462 : INFO : EventManager : Event: ======'init_phase_3'====== Args={}
2020-05-20 18:04:09,476 : INFO : EventManager : Event: ======'init_phase_4'====== Args={}
2020-05-20 18:04:09,484 : INFO : EventManager : Event: ======'machine_var_audits_events_game_ended'====== Args={'value': 41, 'prev_value': None, 'change': True}
2020-05-20 18:04:09,485 : INFO : EventManager : Event: ======'machine_var_audits_events_game_started'====== Args={'value': 86, 'prev_value': None, 'change': True}
2020-05-20 18:04:09,486 : INFO : EventManager : Event: ======'machine_var_audits_player_score'====== Args={'value': {'average': 17047.045454545456, 'top': [120480, 114590, 76090, 56770, 45090, 43120, 36560, 36090, 27560, 23530], 'total': 44}, 'prev_value': None, 'change': True}
2020-05-20 18:04:09,487 : INFO : EventManager : Event: ======'machine_var_audits_shots_10pt'====== Args={'value': 115, 'prev_value': None, 'change': True}
2020-05-20 18:04:09,488 : INFO : EventManager : Event: ======'machine_var_audits_shots_left_inlane'====== Args={'value': 10, 'prev_value': None, 'change': True}
2020-05-20 18:04:09,489 : INFO : EventManager : Event: ======'machine_var_audits_shots_left_outlane'====== Args={'value': 3, 'prev_value': None, 'change': True}
2020-05-20 18:04:09,492 : INFO : EventManager : Event: ======'machine_var_audits_shots_lower_10pt_drops'====== Args={'value': 10, 'prev_value': None, 'change': True}
2020-05-20 18:04:09,494 : INFO : EventManager : Event: ======'machine_var_audits_shots_lower_10pt_lower'====== Args={'value': 6, 'prev_value': None, 'change': True}
2020-05-20 18:04:09,496 : INFO : EventManager : Event: ======'machine_var_audits_shots_lower_10pt_upper'====== Args={'value': 5, 'prev_value': None, 'change': True}
2020-05-20 18:04:09,498 : INFO : EventManager : Event: ======'machine_var_audits_shots_lower_1_drop'====== Args={'value': 32, 'prev_value': None, 'change': True}
2020-05-20 18:04:09,502 : INFO : EventManager : Event: ======'machine_var_audits_shots_lower_2_drop'====== Args={'value': 3, 'prev_value': None, 'change': True}
2020-05-20 18:04:09,503 : INFO : EventManager : Event: ======'machine_var_audits_shots_lower_3_drop'====== Args={'value': 4, 'prev_value': None, 'change': True}
2020-05-20 18:04:09,505 : INFO : EventManager : Event: ======'machine_var_audits_shots_lower_4_drop'====== Args={'value': 5, 'prev_value': None, 'change': True}
2020-05-20 18:04:09,507 : INFO : EventManager : Event: ======'machine_var_audits_shots_lower_5_drop'====== Args={'value': 3, 'prev_value': None, 'change': True}
2020-05-20 18:04:09,508 : INFO : EventManager : Event: ======'machine_var_audits_shots_lower_hole'====== Args={'value': 10, 'prev_value': None, 'change': True}
2020-05-20 18:04:09,509 : INFO : EventManager : Event: ======'machine_var_audits_shots_lower_kick_target'====== Args={'value': 1, 'prev_value': None, 'change': True}
2020-05-20 18:04:09,510 : INFO : EventManager : Event: ======'machine_var_audits_shots_lower_left'====== Args={'value': 3, 'prev_value': None, 'change': True}
2020-05-20 18:04:09,513 : INFO : EventManager : Event: ======'machine_var_audits_shots_lower_left_pop'====== Args={'value': 66, 'prev_value': None, 'change': True}
2020-05-20 18:04:09,514 : INFO : EventManager : Event: ======'machine_var_audits_shots_lower_pop'====== Args={'value': 13, 'prev_value': None, 'change': True}
2020-05-20 18:04:09,516 : INFO : EventManager : Event: ======'machine_var_audits_shots_lower_right'====== Args={'value': 2, 'prev_value': None, 'change': True}
2020-05-20 18:04:09,517 : INFO : EventManager : Event: ======'machine_var_audits_shots_lower_rollover'====== Args={'value': 10, 'prev_value': None, 'change': True}
2020-05-20 18:04:09,519 : INFO : EventManager : Event: ======'machine_var_audits_shots_lower_slingshot'====== Args={'value': 5, 'prev_value': None, 'change': True}
2020-05-20 18:04:09,520 : INFO : EventManager : Event: ======'machine_var_audits_shots_main_1'====== Args={'value': 8, 'prev_value': None, 'change': True}
2020-05-20 18:04:09,522 : INFO : EventManager : Event: ======'machine_var_audits_shots_main_2'====== Args={'value': 12, 'prev_value': None, 'change': True}
2020-05-20 18:04:09,524 : INFO : EventManager : Event: ======'machine_var_audits_shots_main_3'====== Args={'value': 8, 'prev_value': None, 'change': True}
2020-05-20 18:04:09,525 : INFO : EventManager : Event: ======'machine_var_audits_shots_main_4'====== Args={'value': 19, 'prev_value': None, 'change': True}
2020-05-20 18:04:09,528 : INFO : EventManager : Event: ======'machine_var_audits_shots_main_5'====== Args={'value': 15, 'prev_value': None, 'change': True}
2020-05-20 18:04:09,529 : INFO : EventManager : Event: ======'machine_var_audits_shots_main_slingshot'====== Args={'value': 18, 'prev_value': None, 'change': True}
2020-05-20 18:04:09,531 : INFO : EventManager : Event: ======'machine_var_audits_shots_right_inlane'====== Args={'value': 48, 'prev_value': None, 'change': True}
2020-05-20 18:04:09,533 : INFO : EventManager : Event: ======'machine_var_audits_shots_right_kickout'====== Args={'value': 24, 'prev_value': None, 'change': True}
2020-05-20 18:04:09,535 : INFO : EventManager : Event: ======'machine_var_audits_shots_right_outlane'====== Args={'value': 28, 'prev_value': None, 'change': True}
2020-05-20 18:04:09,537 : INFO : EventManager : Event: ======'machine_var_audits_shots_rollunder'====== Args={'value': 44, 'prev_value': None, 'change': True}
2020-05-20 18:04:09,539 : INFO : EventManager : Event: ======'machine_var_audits_shots_standup_right'====== Args={'value': 54, 'prev_value': None, 'change': True}
2020-05-20 18:04:09,541 : INFO : EventManager : Event: ======'machine_var_audits_shots_upper_1'====== Args={'value': 16, 'prev_value': None, 'change': True}
2020-05-20 18:04:09,543 : INFO : EventManager : Event: ======'machine_var_audits_shots_upper_1_drop'====== Args={'value': 32, 'prev_value': None, 'change': True}
2020-05-20 18:04:09,546 : INFO : EventManager : Event: ======'machine_var_audits_shots_upper_2'====== Args={'value': 22, 'prev_value': None, 'change': True}
2020-05-20 18:04:09,548 : INFO : EventManager : Event: ======'machine_var_audits_shots_upper_2_drop'====== Args={'value': 35, 'prev_value': None, 'change': True}
2020-05-20 18:04:09,550 : INFO : EventManager : Event: ======'machine_var_audits_shots_upper_3'====== Args={'value': 12, 'prev_value': None, 'change': True}
2020-05-20 18:04:09,552 : INFO : EventManager : Event: ======'machine_var_audits_shots_upper_3_drop'====== Args={'value': 33, 'prev_value': None, 'change': True}
2020-05-20 18:04:09,554 : INFO : EventManager : Event: ======'machine_var_audits_shots_upper_4'====== Args={'value': 11, 'prev_value': None, 'change': True}
2020-05-20 18:04:09,556 : INFO : EventManager : Event: ======'machine_var_audits_shots_upper_4_drop'====== Args={'value': 40, 'prev_value': None, 'change': True}
2020-05-20 18:04:09,559 : INFO : EventManager : Event: ======'machine_var_audits_shots_upper_left_pop'====== Args={'value': 26, 'prev_value': None, 'change': True}
2020-05-20 18:04:09,562 : INFO : EventManager : Event: ======'machine_var_audits_shots_upper_pop'====== Args={'value': 136, 'prev_value': None, 'change': True}
2020-05-20 18:04:09,564 : INFO : EventManager : Event: ======'machine_var_audits_switches_s_left_flipper1'====== Args={'value': 32, 'prev_value': None, 'change': True}
2020-05-20 18:04:09,566 : INFO : EventManager : Event: ======'machine_var_audits_switches_s_left_flipper2'====== Args={'value': 113, 'prev_value': None, 'change': True}
2020-05-20 18:04:09,569 : INFO : EventManager : Event: ======'machine_var_audits_switches_s_lower_10pt_UPPER'====== Args={'value': 0, 'prev_value': None, 'change': True}
2020-05-20 18:04:09,571 : INFO : EventManager : Event: ======'machine_var_audits_switches_s_lower_10pt_drops'====== Args={'value': 10, 'prev_value': None, 'change': True}
2020-05-20 18:04:09,574 : INFO : EventManager : Event: ======'machine_var_audits_switches_s_lower_10pt_lower'====== Args={'value': 6, 'prev_value': None, 'change': True}
2020-05-20 18:04:09,576 : INFO : EventManager : Event: ======'machine_var_audits_switches_s_lower_10pt_upper'====== Args={'value': 5, 'prev_value': None, 'change': True}
2020-05-20 18:04:09,579 : INFO : EventManager : Event: ======'machine_var_audits_switches_s_lower_1_drop'====== Args={'value': 386, 'prev_value': None, 'change': True}
2020-05-20 18:04:09,582 : INFO : EventManager : Event: ======'machine_var_audits_switches_s_lower_2_drop'====== Args={'value': 3, 'prev_value': None, 'change': True}
2020-05-20 18:04:09,584 : INFO : EventManager : Event: ======'machine_var_audits_switches_s_lower_3_drop'====== Args={'value': 4, 'prev_value': None, 'change': True}
2020-05-20 18:04:09,587 : INFO : EventManager : Event: ======'machine_var_audits_switches_s_lower_4_drop'====== Args={'value': 5, 'prev_value': None, 'change': True}
2020-05-20 18:04:09,590 : INFO : EventManager : Event: ======'machine_var_audits_switches_s_lower_5_drop'====== Args={'value': 3, 'prev_value': None, 'change': True}
2020-05-20 18:04:09,592 : INFO : EventManager : Event: ======'machine_var_audits_switches_s_lower_bonus_left'====== Args={'value': 3, 'prev_value': None, 'change': True}
2020-05-20 18:04:09,595 : INFO : EventManager : Event: ======'machine_var_audits_switches_s_lower_bonus_right'====== Args={'value': 2, 'prev_value': None, 'change': True}
2020-05-20 18:04:09,598 : INFO : EventManager : Event: ======'machine_var_audits_switches_s_lower_kick_target'====== Args={'value': 1, 'prev_value': None, 'change': True}
2020-05-20 18:04:09,601 : INFO : EventManager : Event: ======'machine_var_audits_switches_s_lower_kickout_special'====== Args={'value': 10, 'prev_value': None, 'change': True}
2020-05-20 18:04:09,603 : INFO : EventManager : Event: ======'machine_var_audits_switches_s_lower_pop'====== Args={'value': 13, 'prev_value': None, 'change': True}
2020-05-20 18:04:09,607 : INFO : EventManager : Event: ======'machine_var_audits_switches_s_lower_rollover'====== Args={'value': 38, 'prev_value': None, 'change': True}
2020-05-20 18:04:09,611 : INFO : EventManager : Event: ======'machine_var_audits_switches_s_lower_slingshot'====== Args={'value': 5, 'prev_value': None, 'change': True}
2020-05-20 18:04:09,613 : INFO : EventManager : Event: ======'machine_var_audits_switches_s_lower_vuk'====== Args={'value': 158, 'prev_value': None, 'change': True}
2020-05-20 18:04:09,617 : INFO : EventManager : Event: ======'machine_var_audits_switches_s_main_10pt_left'====== Args={'value': 13, 'prev_value': None, 'change': True}
2020-05-20 18:04:09,619 : INFO : EventManager : Event: ======'machine_var_audits_switches_s_main_1_target'====== Args={'value': 35, 'prev_value': None, 'change': True}
2020-05-20 18:04:09,623 : INFO : EventManager : Event: ======'machine_var_audits_switches_s_main_1_trough'====== Args={'value': 20, 'prev_value': None, 'change': True}
2020-05-20 18:04:09,626 : INFO : EventManager : Event: ======'machine_var_audits_switches_s_main_2_target'====== Args={'value': 35, 'prev_value': None, 'change': True}
2020-05-20 18:04:09,629 : INFO : EventManager : Event: ======'machine_var_audits_switches_s_main_2_trough'====== Args={'value': 45, 'prev_value': None, 'change': True}
2020-05-20 18:04:09,632 : INFO : EventManager : Event: ======'machine_var_audits_switches_s_main_3_target'====== Args={'value': 8, 'prev_value': None, 'change': True}
2020-05-20 18:04:09,636 : INFO : EventManager : Event: ======'machine_var_audits_switches_s_main_4_target'====== Args={'value': 35, 'prev_value': None, 'change': True}
2020-05-20 18:04:09,639 : INFO : EventManager : Event: ======'machine_var_audits_switches_s_main_5_target'====== Args={'value': 49, 'prev_value': None, 'change': True}
2020-05-20 18:04:09,642 : INFO : EventManager : Event: ======'machine_var_audits_switches_s_main_inlane_left'====== Args={'value': 13, 'prev_value': None, 'change': True}
2020-05-20 18:04:09,646 : INFO : EventManager : Event: ======'machine_var_audits_switches_s_main_inlane_right'====== Args={'value': 53, 'prev_value': None, 'change': True}
2020-05-20 18:04:09,648 : INFO : EventManager : Event: ======'machine_var_audits_switches_s_main_kickout_right'====== Args={'value': 122, 'prev_value': None, 'change': True}
2020-05-20 18:04:09,652 : INFO : EventManager : Event: ======'machine_var_audits_switches_s_main_lane_center'====== Args={'value': 68, 'prev_value': None, 'change': True}
2020-05-20 18:04:09,656 : INFO : EventManager : Event: ======'machine_var_audits_switches_s_main_outhole'====== Args={'value': 305, 'prev_value': None, 'change': True}
2020-05-20 18:04:09,659 : INFO : EventManager : Event: ======'machine_var_audits_switches_s_main_outlane_left'====== Args={'value': 10, 'prev_value': None, 'change': True}
2020-05-20 18:04:09,663 : INFO : EventManager : Event: ======'machine_var_audits_switches_s_main_outlane_right'====== Args={'value': 29, 'prev_value': None, 'change': True}
2020-05-20 18:04:09,666 : INFO : EventManager : Event: ======'machine_var_audits_switches_s_main_pop_bottom'====== Args={'value': 94, 'prev_value': None, 'change': True}
2020-05-20 18:04:09,669 : INFO : EventManager : Event: ======'machine_var_audits_switches_s_main_pop_top'====== Args={'value': 91, 'prev_value': None, 'change': True}
2020-05-20 18:04:09,675 : INFO : EventManager : Event: ======'machine_var_audits_switches_s_main_rollunder'====== Args={'value': 44, 'prev_value': None, 'change': True}
2020-05-20 18:04:09,679 : INFO : EventManager : Event: ======'machine_var_audits_switches_s_main_roundabout_rollunder'====== Args={'value': 52, 'prev_value': None, 'change': True}
2020-05-20 18:04:09,682 : INFO : EventManager : Event: ======'machine_var_audits_switches_s_main_secret_trough'====== Args={'value': 17, 'prev_value': None, 'change': True}
2020-05-20 18:04:09,686 : INFO : EventManager : Event: ======'machine_var_audits_switches_s_main_slingshot'====== Args={'value': 213, 'prev_value': None, 'change': True}
2020-05-20 18:04:09,690 : INFO : EventManager : Event: ======'machine_var_audits_switches_s_main_target_right'====== Args={'value': 107, 'prev_value': None, 'change': True}
2020-05-20 18:04:09,694 : INFO : EventManager : Event: ======'machine_var_audits_switches_s_main_trapdoor_trough'====== Args={'value': 0, 'prev_value': None, 'change': True}
2020-05-20 18:04:09,697 : INFO : EventManager : Event: ======'machine_var_audits_switches_s_main_vuk'====== Args={'value': 143, 'prev_value': None, 'change': True}
2020-05-20 18:04:09,701 : INFO : EventManager : Event: ======'machine_var_audits_switches_s_right_flipper1'====== Args={'value': 0, 'prev_value': None, 'change': True}
2020-05-20 18:04:09,705 : INFO : EventManager : Event: ======'machine_var_audits_switches_s_right_flipper2'====== Args={'value': 88, 'prev_value': None, 'change': True}
2020-05-20 18:04:09,710 : INFO : EventManager : Event: ======'machine_var_audits_switches_s_start'====== Args={'value': 1, 'prev_value': None, 'change': True}
2020-05-20 18:04:09,714 : INFO : EventManager : Event: ======'machine_var_audits_switches_s_upper_10pt_center'====== Args={'value': 129, 'prev_value': None, 'change': True}
2020-05-20 18:04:09,718 : INFO : EventManager : Event: ======'machine_var_audits_switches_s_upper_10pt_left'====== Args={'value': 82, 'prev_value': None, 'change': True}
2020-05-20 18:04:09,722 : INFO : EventManager : Event: ======'machine_var_audits_switches_s_upper_1_drop'====== Args={'value': 40, 'prev_value': None, 'change': True}
2020-05-20 18:04:09,726 : INFO : EventManager : Event: ======'machine_var_audits_switches_s_upper_1_target'====== Args={'value': 77, 'prev_value': None, 'change': True}
2020-05-20 18:04:09,730 : INFO : EventManager : Event: ======'machine_var_audits_switches_s_upper_2_drop'====== Args={'value': 52, 'prev_value': None, 'change': True}
2020-05-20 18:04:09,735 : INFO : EventManager : Event: ======'machine_var_audits_switches_s_upper_2_target'====== Args={'value': 108, 'prev_value': None, 'change': True}
2020-05-20 18:04:09,739 : INFO : EventManager : Event: ======'machine_var_audits_switches_s_upper_3_drop'====== Args={'value': 43, 'prev_value': None, 'change': True}
2020-05-20 18:04:09,743 : INFO : EventManager : Event: ======'machine_var_audits_switches_s_upper_3_target'====== Args={'value': 49, 'prev_value': None, 'change': True}
2020-05-20 18:04:09,747 : INFO : EventManager : Event: ======'machine_var_audits_switches_s_upper_4_drop'====== Args={'value': 58, 'prev_value': None, 'change': True}
2020-05-20 18:04:09,751 : INFO : EventManager : Event: ======'machine_var_audits_switches_s_upper_4_target'====== Args={'value': 49, 'prev_value': None, 'change': True}
2020-05-20 18:04:09,756 : INFO : EventManager : Event: ======'machine_var_audits_switches_s_upper_pop'====== Args={'value': 368, 'prev_value': None, 'change': True}
2020-05-20 18:04:09,761 : INFO : EventManager : Event: ======'init_phase_5'====== Args={}
2020-05-20 18:04:09,905 : INFO : EventManager : Event: ======'machine_var_mc_version'====== Args={'value': 'MPF-MC v0.53.3', 'prev_value': None, 'change': True}
2020-05-20 18:04:09,911 : INFO : EventManager : Event: ======'machine_var_mc_extended_version'====== Args={'value': 'MPF-MC v0.53.3 (config_version=5, BCP v1.1, Requires MPF v0.53.0)', 'prev_value': None, 'change': True}
2020-05-20 18:04:09,963 : INFO : EventManager : Event: ======'machine_var_master_volume'====== Args={'value': 0.5, 'prev_value': None, 'change': True}
2020-05-20 18:04:09,969 : INFO : EventManager : Event: ======'init_done'====== Args={}
2020-05-20 18:04:10,025 : INFO : EventManager : Event: ======'machine_reset_phase_1'====== Args={}
2020-05-20 18:04:10,046 : INFO : EventManager : Event: ======'slide_welcome_slide_removed'====== Args={'_from_bcp': True}
2020-05-20 18:04:10,063 : INFO : EventManager : Event: ======'slide_welcome_slide_created'====== Args={'_from_bcp': True}
2020-05-20 18:04:10,069 : INFO : EventManager : Event: ======'machine_reset_phase_2'====== Args={}
2020-05-20 18:04:10,070 : INFO : EventManager : Event: ======'machine_reset_phase_3'====== Args={}
2020-05-20 18:04:10,073 : INFO : drop_target_bank.upper : All targets are already up. Will not reset bank.
2020-05-20 18:04:10,074 : INFO : drop_target_bank.lower : All targets are already up. Will not reset bank.
2020-05-20 18:04:10,076 : INFO : EventManager : Event: ======'reset_complete'====== Args={}
2020-05-20 18:04:10,078 : INFO : EventManager : Event: ======'mode_attract_will_start'====== Args={}
2020-05-20 18:04:10,081 : INFO : EventManager : Event: ======'mode_attract_starting'====== Args={}
2020-05-20 18:04:10,082 : INFO : Mode.attract : Started. Priority: 10
2020-05-20 18:04:10,085 : INFO : EventManager : Event: ======'mode_attract_started'====== Args={}
2020-05-20 18:04:10,093 : INFO : EventManager : Event: ======'collecting_balls_complete'====== Args={}
2020-05-20 18:04:10,213 : INFO : EventManager : Event: ======'slide_welcome_slide_active'====== Args={'_from_bcp': True}
2020-05-20 18:04:10,215 : INFO : EventManager : Event: ======'slide_attract_started_created'====== Args={'_from_bcp': True}
2020-05-20 18:04:10,215 : INFO : EventManager : Event: ======'slide_attract_started_active'====== Args={'_from_bcp': True}
2020-05-20 18:04:10,217 : INFO : Machine : Starting the main run loop.
2020-05-20 18:04:12,791 : INFO : SwitchController : <<<<<<< 's_right_flipper2' active >>>>>>>
2020-05-20 18:04:13,139 : INFO : SwitchController : <<<<<<< 's_right_flipper2' inactive >>>>>>>
2020-05-20 18:04:13,413 : INFO : SwitchController : <<<<<<< 's_right_flipper1' active >>>>>>>
2020-05-20 18:04:13,781 : INFO : SwitchController : <<<<<<< 's_right_flipper1' inactive >>>>>>>
2020-05-20 18:04:13,985 : INFO : SwitchController : <<<<<<< 's_right_flipper1' active >>>>>>>
2020-05-20 18:04:14,288 : INFO : SwitchController : <<<<<<< 's_right_flipper1' inactive >>>>>>>
2020-05-20 18:04:14,530 : INFO : SwitchController : <<<<<<< 's_right_flipper1' active >>>>>>>
2020-05-20 18:04:14,849 : INFO : SwitchController : <<<<<<< 's_right_flipper1' inactive >>>>>>>
2020-05-20 18:04:15,136 : INFO : SwitchController : <<<<<<< 's_right_flipper1' active >>>>>>>
2020-05-20 18:04:15,318 : INFO : SwitchController : <<<<<<< 's_right_flipper1' inactive >>>>>>>
2020-05-20 18:04:15,679 : INFO : SwitchController : <<<<<<< 's_right_flipper1' active >>>>>>>
2020-05-20 18:04:15,910 : INFO : SwitchController : <<<<<<< 's_right_flipper1' inactive >>>>>>>
2020-05-20 18:04:17,598 : INFO : SwitchController : <<<<<<< 's_left_flipper2' active >>>>>>>
2020-05-20 18:04:17,952 : INFO : SwitchController : <<<<<<< 's_left_flipper2' inactive >>>>>>>
2020-05-20 18:04:18,215 : INFO : SwitchController : <<<<<<< 's_left_flipper2' active >>>>>>>
2020-05-20 18:04:18,484 : INFO : SwitchController : <<<<<<< 's_left_flipper2' inactive >>>>>>>
2020-05-20 18:04:18,709 : INFO : SwitchController : <<<<<<< 's_left_flipper1' active >>>>>>>
2020-05-20 18:04:18,980 : INFO : SwitchController : <<<<<<< 's_left_flipper1' inactive >>>>>>>
2020-05-20 18:04:19,284 : INFO : SwitchController : <<<<<<< 's_left_flipper1' active >>>>>>>
2020-05-20 18:04:19,429 : INFO : SwitchController : <<<<<<< 's_left_flipper1' inactive >>>>>>>
2020-05-20 18:04:23,997 : INFO : SwitchController : <<<<<<< 's_main_outhole' active >>>>>>>
2020-05-20 18:04:24,058 : INFO : SwitchController : <<<<<<< 's_main_outhole' inactive >>>>>>>
2020-05-20 18:04:24,059 : INFO : SwitchController : <<<<<<< 's_main_outhole' active >>>>>>>
2020-05-20 18:04:24,060 : INFO : SwitchController : <<<<<<< 's_main_outhole' inactive >>>>>>>
2020-05-20 18:04:24,121 : INFO : SwitchController : <<<<<<< 's_main_outhole' active >>>>>>>
2020-05-20 18:04:24,122 : INFO : SwitchController : <<<<<<< 's_main_outhole' inactive >>>>>>>
2020-05-20 18:04:24,122 : INFO : SwitchController : <<<<<<< 's_main_outhole' active >>>>>>>
2020-05-20 18:04:24,123 : INFO : SwitchController : <<<<<<< 's_main_outhole' inactive >>>>>>>
2020-05-20 18:04:24,181 : INFO : SwitchController : <<<<<<< 's_main_outhole' active >>>>>>>
2020-05-20 18:04:24,694 : INFO : EventManager : Event: ======'balldevice_bd_drain_ball_count_changed'====== Args={'balls': 1}
2020-05-20 18:04:24,694 : INFO : EventManager : Event: ======'balldevice_captured_from_playfield'====== Args={'balls': 1}
2020-05-20 18:04:24,695 : INFO : EventManager : Event: ======'sw_playfield_active'====== Args={'balls': 1}
2020-05-20 18:04:24,696 : INFO : EventManager : Event: ======'playfield_active'====== Args={}
2020-05-20 18:04:24,696 : INFO : EventManager : Event: ======'unexpected_ball_on_playfield'====== Args={}
2020-05-20 18:04:24,697 : INFO : EventManager : Event: ======'playfield_ball_count_change'====== Args={'balls': -1, 'change': -1}
2020-05-20 18:04:24,699 : INFO : EventManager : Event: ======'balldevice_playfield_ball_enter'====== Args={'new_balls': 1, 'unclaimed_balls': 1, 'device': <playfield.playfield>}
2020-05-20 18:04:24,699 : INFO : EventManager : Event: ======'playfield_ball_count_change'====== Args={'balls': 0, 'change': 1}
2020-05-20 18:04:24,700 : INFO : BallController : Found a new ball which was captured from playfield. Known balls: 1
2020-05-20 18:04:24,700 : INFO : EventManager : Event: ======'found_new_ball'====== Args={}
2020-05-20 18:04:24,701 : INFO : EventManager : Event: ======'balldevice_bd_drain_ball_enter'====== Args={'new_balls': 1, 'unclaimed_balls': 1, 'new_available_balls': 1, 'device': <ball_device.bd_drain>}
2020-05-20 18:04:24,702 : INFO : EventManager : Event: ======'ball_drain'====== Args={'device': <ball_device.bd_drain>, 'balls': 1}
2020-05-20 18:04:24,704 : INFO : EventManager : Event: ======'balldevice_balls_available'====== Args={}
2020-05-20 18:04:24,704 : INFO : EventManager : Event: ======'balldevice_bd_drain_ball_entered'====== Args={'new_balls': 1, 'device': <ball_device.bd_drain>}
2020-05-20 18:04:28,433 : INFO : SwitchController : <<<<<<< 's_start' active >>>>>>>
2020-05-20 18:04:28,545 : INFO : SwitchController : <<<<<<< 's_start' inactive >>>>>>>
2020-05-20 18:04:28,546 : INFO : EventManager : Event: ======'request_to_start_game'====== Args={}
2020-05-20 18:04:28,548 : INFO : EventManager : Event: ======'game_start'====== Args={'buttons': [], 'hold_time': 0.10900000000000887}
2020-05-20 18:04:28,548 : INFO : EventManager : Event: ======'mode_game_will_start'====== Args={'buttons': [], 'hold_time': 0.10900000000000887}
2020-05-20 18:04:28,551 : INFO : EventManager : Event: ======'mode_game_starting'====== Args={'buttons': [], 'hold_time': 0.10900000000000887}
2020-05-20 18:04:28,551 : INFO : EventManager : Event: ======'mode_attract_will_stop'====== Args={}
2020-05-20 18:04:28,552 : INFO : EventManager : Event: ======'mode_attract_stopping'====== Args={}
2020-05-20 18:04:28,552 : INFO : Mode.attract : Stopped.
2020-05-20 18:04:28,554 : INFO : EventManager : Event: ======'mode_attract_stopped'====== Args={}
2020-05-20 18:04:28,555 : INFO : EventManager : Event: ======'clear'====== Args={'key': 'attract'}
2020-05-20 18:04:28,556 : INFO : Mode.game : Started. Priority: 20
2020-05-20 18:04:28,556 : INFO : EventManager : Event: ======'mode_game_started'====== Args={'buttons': [], 'hold_time': 0.10900000000000887}
2020-05-20 18:04:28,628 : INFO : EventManager : Event: ======'game_will_start'====== Args={}
2020-05-20 18:04:28,630 : INFO : EventManager : Event: ======'game_starting'====== Args={'game': <Mode.game>}
2020-05-20 18:04:28,634 : INFO : EventManager : Event: ======'player_add_request'====== Args={}
2020-05-20 18:04:28,636 : INFO : EventManager : Event: ======'player_will_add'====== Args={'number': 1}
2020-05-20 18:04:28,636 : INFO : EventManager : Event: ======'player_adding'====== Args={'player': <Player 1>, 'number': 1}
2020-05-20 18:04:28,637 : INFO : EventManager : Event: ======'player_added'====== Args={'player': <Player 1>, 'num': 1}
2020-05-20 18:04:28,637 : INFO : Mode.game : Player added successfully. Total players: 1
2020-05-20 18:04:28,639 : INFO : EventManager : Event: ======'player_index'====== Args={'value': 0, 'prev_value': 0, 'change': 0, 'player_num': 1}
2020-05-20 18:04:28,640 : INFO : EventManager : Event: ======'player_number'====== Args={'value': 1, 'prev_value': 1, 'change': 0, 'player_num': 1}
2020-05-20 18:04:28,642 : INFO : EventManager : Event: ======'player_score'====== Args={'value': 0, 'prev_value': 0, 'change': 0, 'player_num': 1}
2020-05-20 18:04:28,645 : INFO : EventManager : Event: ======'game_started'====== Args={}
2020-05-20 18:04:28,756 : INFO : EventManager : Event: ======'player_turn_will_start'====== Args={'player': <Player 1>, 'number': 1}
2020-05-20 18:04:28,889 : INFO : EventManager : Event: ======'player_turn_starting'====== Args={'player': <Player 1>, 'number': 1}
2020-05-20 18:04:28,896 : INFO : EventManager : Event: ======'player_ball'====== Args={'value': 1, 'prev_value': 0, 'change': 1, 'player_num': 1}
2020-05-20 18:04:28,897 : INFO : EventManager : Event: ======'player_turn_started'====== Args={'player': <Player 1>, 'number': 1}
2020-05-20 18:04:28,909 : INFO : EventManager : Event: ======'ball_will_start'====== Args={'player': 1, 'ball': 1, 'balls_remaining': 2, 'is_extra_ball': False}
2020-05-20 18:04:28,985 : INFO : EventManager : Event: ======'ball_starting'====== Args={'player': 1, 'ball': 1, 'balls_remaining': 2, 'is_extra_ball': False}
2020-05-20 18:04:28,987 : INFO : EventManager : Event: ======'mode_base_will_start'====== Args={'queue': <QueuedEvent>, 'player': 1, 'ball': 1, 'balls_remaining': 2, 'is_extra_ball': False}
2020-05-20 18:04:28,988 : INFO : EventManager : Event: ======'player_shot_upper_pop_enabled'====== Args={'value': True, 'prev_value': 0, 'change': 1, 'player_num': 1}
2020-05-20 18:04:28,991 : INFO : EventManager : Event: ======'player_shot_lower_left_pop_enabled'====== Args={'value': True, 'prev_value': 0, 'change': 1, 'player_num': 1}
2020-05-20 18:04:28,994 : INFO : EventManager : Event: ======'player_shot_upper_left_pop_enabled'====== Args={'value': True, 'prev_value': 0, 'change': 1, 'player_num': 1}
2020-05-20 18:04:28,997 : INFO : EventManager : Event: ======'player_shot_10pt_enabled'====== Args={'value': True, 'prev_value': 0, 'change': 1, 'player_num': 1}
2020-05-20 18:04:29,001 : INFO : EventManager : Event: ======'player_shot_upper_1_enabled'====== Args={'value': True, 'prev_value': 0, 'change': 1, 'player_num': 1}
2020-05-20 18:04:29,003 : INFO : EventManager : Event: ======'player_shot_upper_2_enabled'====== Args={'value': True, 'prev_value': 0, 'change': 1, 'player_num': 1}
2020-05-20 18:04:29,006 : INFO : EventManager : Event: ======'player_shot_upper_3_enabled'====== Args={'value': True, 'prev_value': 0, 'change': 1, 'player_num': 1}
2020-05-20 18:04:29,008 : INFO : EventManager : Event: ======'player_shot_upper_4_enabled'====== Args={'value': True, 'prev_value': 0, 'change': 1, 'player_num': 1}
2020-05-20 18:04:29,012 : INFO : EventManager : Event: ======'player_shot_upper_1_drop_enabled'====== Args={'value': True, 'prev_value': 0, 'change': 1, 'player_num': 1}
2020-05-20 18:04:29,015 : INFO : EventManager : Event: ======'player_shot_upper_2_drop_enabled'====== Args={'value': True, 'prev_value': 0, 'change': 1, 'player_num': 1}
2020-05-20 18:04:29,018 : INFO : EventManager : Event: ======'player_shot_upper_3_drop_enabled'====== Args={'value': True, 'prev_value': 0, 'change': 1, 'player_num': 1}
2020-05-20 18:04:29,021 : INFO : EventManager : Event: ======'player_shot_upper_4_drop_enabled'====== Args={'value': True, 'prev_value': 0, 'change': 1, 'player_num': 1}
2020-05-20 18:04:29,024 : INFO : EventManager : Event: ======'player_shot_lower_1_drop_enabled'====== Args={'value': True, 'prev_value': 0, 'change': 1, 'player_num': 1}
2020-05-20 18:04:29,026 : INFO : EventManager : Event: ======'player_shot_lower_2_drop_enabled'====== Args={'value': True, 'prev_value': 0, 'change': 1, 'player_num': 1}
2020-05-20 18:04:29,029 : INFO : EventManager : Event: ======'player_shot_lower_3_drop_enabled'====== Args={'value': True, 'prev_value': 0, 'change': 1, 'player_num': 1}
2020-05-20 18:04:29,033 : INFO : EventManager : Event: ======'player_shot_lower_4_drop_enabled'====== Args={'value': True, 'prev_value': 0, 'change': 1, 'player_num': 1}
2020-05-20 18:04:29,035 : INFO : EventManager : Event: ======'player_shot_lower_5_drop_enabled'====== Args={'value': True, 'prev_value': 0, 'change': 1, 'player_num': 1}
2020-05-20 18:04:29,038 : INFO : EventManager : Event: ======'player_shot_lower_hole_enabled'====== Args={'value': True, 'prev_value': 0, 'change': 1, 'player_num': 1}
2020-05-20 18:04:29,040 : INFO : EventManager : Event: ======'player_shot_lower_left_enabled'====== Args={'value': True, 'prev_value': 0, 'change': 1, 'player_num': 1}
2020-05-20 18:04:29,043 : INFO : EventManager : Event: ======'player_shot_lower_right_enabled'====== Args={'value': True, 'prev_value': 0, 'change': 1, 'player_num': 1}
2020-05-20 18:04:29,046 : INFO : EventManager : Event: ======'player_shot_lower_pop_enabled'====== Args={'value': True, 'prev_value': 0, 'change': 1, 'player_num': 1}
2020-05-20 18:04:29,049 : INFO : EventManager : Event: ======'player_shot_lower_10pt_lower_enabled'====== Args={'value': True, 'prev_value': 0, 'change': 1, 'player_num': 1}
2020-05-20 18:04:29,052 : INFO : EventManager : Event: ======'player_shot_lower_10pt_drops_enabled'====== Args={'value': True, 'prev_value': 0, 'change': 1, 'player_num': 1}
2020-05-20 18:04:29,054 : INFO : EventManager : Event: ======'player_shot_lower_10pt_upper_enabled'====== Args={'value': True, 'prev_value': 0, 'change': 1, 'player_num': 1}
2020-05-20 18:04:29,057 : INFO : EventManager : Event: ======'player_shot_lower_slingshot_enabled'====== Args={'value': True, 'prev_value': 0, 'change': 1, 'player_num': 1}
2020-05-20 18:04:29,059 : INFO : EventManager : Event: ======'player_shot_lower_kick_target_enabled'====== Args={'value': True, 'prev_value': 0, 'change': 1, 'player_num': 1}
2020-05-20 18:04:29,064 : INFO : EventManager : Event: ======'player_shot_lower_rollover_enabled'====== Args={'value': True, 'prev_value': 0, 'change': 1, 'player_num': 1}
2020-05-20 18:04:29,066 : INFO : EventManager : Event: ======'player_shot_main_1_enabled'====== Args={'value': True, 'prev_value': 0, 'change': 1, 'player_num': 1}
2020-05-20 18:04:29,069 : INFO : EventManager : Event: ======'player_shot_main_2_enabled'====== Args={'value': True, 'prev_value': 0, 'change': 1, 'player_num': 1}
2020-05-20 18:04:29,071 : INFO : EventManager : Event: ======'player_shot_main_3_enabled'====== Args={'value': True, 'prev_value': 0, 'change': 1, 'player_num': 1}
2020-05-20 18:04:29,074 : INFO : EventManager : Event: ======'player_shot_main_4_enabled'====== Args={'value': True, 'prev_value': 0, 'change': 1, 'player_num': 1}
2020-05-20 18:04:29,077 : INFO : EventManager : Event: ======'player_shot_main_5_enabled'====== Args={'value': True, 'prev_value': 0, 'change': 1, 'player_num': 1}
2020-05-20 18:04:29,080 : INFO : EventManager : Event: ======'player_shot_main_slingshot_enabled'====== Args={'value': True, 'prev_value': 0, 'change': 1, 'player_num': 1}
2020-05-20 18:04:29,083 : INFO : EventManager : Event: ======'player_shot_right_outlane_enabled'====== Args={'value': True, 'prev_value': 0, 'change': 1, 'player_num': 1}
2020-05-20 18:04:29,086 : INFO : EventManager : Event: ======'player_shot_right_inlane_enabled'====== Args={'value': True, 'prev_value': 0, 'change': 1, 'player_num': 1}
2020-05-20 18:04:29,088 : INFO : EventManager : Event: ======'player_shot_left_inlane_enabled'====== Args={'value': True, 'prev_value': 0, 'change': 1, 'player_num': 1}
2020-05-20 18:04:29,091 : INFO : EventManager : Event: ======'player_shot_left_outlane_enabled'====== Args={'value': True, 'prev_value': 0, 'change': 1, 'player_num': 1}
2020-05-20 18:04:29,094 : INFO : EventManager : Event: ======'player_shot_standup_right_enabled'====== Args={'value': True, 'prev_value': 0, 'change': 1, 'player_num': 1}
2020-05-20 18:04:29,097 : INFO : EventManager : Event: ======'player_shot_right_kickout_enabled'====== Args={'value': True, 'prev_value': 0, 'change': 1, 'player_num': 1}
2020-05-20 18:04:29,100 : INFO : EventManager : Event: ======'player_shot_rollunder_enabled'====== Args={'value': True, 'prev_value': 0, 'change': 1, 'player_num': 1}
2020-05-20 18:04:29,129 : INFO : EventManager : Event: ======'mode_base_starting'====== Args={'queue': <QueuedEvent>, 'player': 1, 'ball': 1, 'balls_remaining': 2, 'is_extra_ball': False}
2020-05-20 18:04:29,129 : INFO : drop_target_bank.upper : All targets are already up. Will not reset bank.
2020-05-20 18:04:29,130 : INFO : drop_target_bank.lower : All targets are already up. Will not reset bank.
2020-05-20 18:04:29,132 : INFO : Mode.base : Started. Priority: 100
2020-05-20 18:04:29,132 : INFO : EventManager : Event: ======'mode_base_started'====== Args={'queue': <QueuedEvent>, 'player': 1, 'ball': 1, 'balls_remaining': 2, 'is_extra_ball': False}
2020-05-20 18:04:29,135 : INFO : EventManager : Event: ======'balls_in_play'====== Args={'balls': 1}
2020-05-20 18:04:29,136 : INFO : EventManager : Event: ======'ball_started'====== Args={'player': 1, 'ball': 1, 'balls_remaining': 2, 'is_extra_ball': False}
2020-05-20 18:04:29,362 : INFO : EventManager : Event: ======'single_player_ball_started'====== Args={}
2020-05-20 18:04:29,370 : INFO : EventManager : Event: ======'slide_base.slide_player-mode_base_started_created'====== Args={'_from_bcp': True}
2020-05-20 18:04:29,372 : INFO : EventManager : Event: ======'slide_base.slide_player-mode_base_started_active'====== Args={'_from_bcp': True}
2020-05-20 18:04:29,374 : INFO : EventManager : Event: ======'balldevice_balls_available'====== Args={}
2020-05-20 18:04:29,384 : INFO : EventManager : Event: ======'balldevice_bd_drain_ball_eject_attempt'====== Args={'balls': 1, 'target': <playfield.playfield>, 'source': <ball_device.bd_drain>, 'mechanical_eject': False, 'num_attempts': 0}
2020-05-20 18:04:29,386 : INFO : ball_device.bd_drain : Ejecting ball to <playfield.playfield>
2020-05-20 18:04:29,388 : INFO : EventManager : Event: ======'balldevice_bd_drain_ejecting_ball'====== Args={'balls': 1, 'target': <playfield.playfield>, 'source': <ball_device.bd_drain>, 'mechanical_eject': False, 'num_attempts': 0}
2020-05-20 18:04:29,391 : INFO : coil.c_main_outhole : Pulsing Driver for 60ms (1.0 pulse_power)
2020-05-20 18:04:29,463 : INFO : SwitchController : <<<<<<< 's_main_outhole' inactive >>>>>>>
2020-05-20 18:04:31,487 : INFO : SwitchController : <<<<<<< 's_right_flipper1' active >>>>>>>
2020-05-20 18:04:31,488 : INFO : EventManager : Event: ======'machine_var_audits_switches_s_right_flipper1'====== Args={'value': 1, 'prev_value': 0, 'change': 1}
2020-05-20 18:04:31,651 : INFO : SwitchController : <<<<<<< 's_right_flipper1' inactive >>>>>>>
2020-05-20 18:04:33,389 : INFO : SwitchController : <<<<<<< 's_right_flipper1' active >>>>>>>
2020-05-20 18:04:33,390 : INFO : EventManager : Event: ======'machine_var_audits_switches_s_right_flipper1'====== Args={'value': 2, 'prev_value': 1, 'change': 1}
2020-05-20 18:04:33,540 : INFO : SwitchController : <<<<<<< 's_right_flipper1' inactive >>>>>>>
2020-05-20 18:04:34,798 : INFO : SwitchController : <<<<<<< 's_right_flipper1' active >>>>>>>
2020-05-20 18:04:34,798 : INFO : EventManager : Event: ======'machine_var_audits_switches_s_right_flipper1'====== Args={'value': 3, 'prev_value': 2, 'change': 1}
2020-05-20 18:04:34,941 : INFO : SwitchController : <<<<<<< 's_right_flipper1' inactive >>>>>>>
2020-05-20 18:04:35,789 : INFO : SwitchController : <<<<<<< 's_right_flipper1' active >>>>>>>
2020-05-20 18:04:35,789 : INFO : EventManager : Event: ======'machine_var_audits_switches_s_right_flipper1'====== Args={'value': 4, 'prev_value': 3, 'change': 1}
2020-05-20 18:04:35,873 : INFO : SwitchController : <<<<<<< 's_right_flipper1' inactive >>>>>>>
2020-05-20 18:04:36,366 : INFO : SwitchController : <<<<<<< 's_right_flipper1' active >>>>>>>
2020-05-20 18:04:36,366 : INFO : EventManager : Event: ======'machine_var_audits_switches_s_right_flipper1'====== Args={'value': 5, 'prev_value': 4, 'change': 1}
2020-05-20 18:04:36,467 : INFO : SwitchController : <<<<<<< 's_right_flipper1' inactive >>>>>>>
2020-05-20 18:04:37,786 : INFO : SwitchController : <<<<<<< 's_right_flipper1' active >>>>>>>
2020-05-20 18:04:37,787 : INFO : EventManager : Event: ======'machine_var_audits_switches_s_right_flipper1'====== Args={'value': 6, 'prev_value': 5, 'change': 1}
2020-05-20 18:04:37,862 : INFO : SwitchController : <<<<<<< 's_right_flipper1' inactive >>>>>>>
2020-05-20 18:04:38,785 : INFO : SwitchController : <<<<<<< 's_right_flipper1' active >>>>>>>
2020-05-20 18:04:38,786 : INFO : EventManager : Event: ======'machine_var_audits_switches_s_right_flipper1'====== Args={'value': 7, 'prev_value': 6, 'change': 1}
2020-05-20 18:04:38,861 : INFO : SwitchController : <<<<<<< 's_right_flipper1' inactive >>>>>>>
2020-05-20 18:04:39,620 : INFO : EventManager : Event: ======'balldevice_bd_drain_ball_eject_success'====== Args={'balls': 1, 'target': <playfield.playfield>}
2020-05-20 18:04:39,621 : INFO : EventManager : Event: ======'balldevice_playfield_ball_enter'====== Args={'new_balls': 1, 'unclaimed_balls': 1, 'device': <playfield.playfield>}
2020-05-20 18:04:39,622 : INFO : EventManager : Event: ======'playfield_ball_count_change'====== Args={'balls': 1, 'change': 1}
2020-05-20 18:04:39,624 : INFO : EventManager : Event: ======'balldevice_bd_drain_ball_count_changed'====== Args={'balls': 0}
2020-05-20 18:04:39,664 : INFO : SwitchController : <<<<<<< 's_right_flipper1' active >>>>>>>
2020-05-20 18:04:39,665 : INFO : EventManager : Event: ======'machine_var_audits_switches_s_right_flipper1'====== Args={'value': 8, 'prev_value': 7, 'change': 1}
2020-05-20 18:04:39,811 : INFO : SwitchController : <<<<<<< 's_right_flipper1' inactive >>>>>>>
2020-05-20 18:04:43,309 : INFO : SwitchController : <<<<<<< 's_left_flipper1' active >>>>>>>
2020-05-20 18:04:43,310 : INFO : EventManager : Event: ======'machine_var_audits_switches_s_left_flipper1'====== Args={'value': 33, 'prev_value': 32, 'change': 1}
2020-05-20 18:04:43,467 : INFO : SwitchController : <<<<<<< 's_left_flipper1' inactive >>>>>>>
2020-05-20 18:04:45,221 : INFO : SwitchController : <<<<<<< 's_left_flipper1' active >>>>>>>
2020-05-20 18:04:45,222 : INFO : EventManager : Event: ======'machine_var_audits_switches_s_left_flipper1'====== Args={'value': 34, 'prev_value': 33, 'change': 1}
2020-05-20 18:04:45,385 : INFO : SwitchController : <<<<<<< 's_left_flipper1' inactive >>>>>>>
2020-05-20 18:04:50,245 : INFO : Machine : Shutting down...
2020-05-20 18:04:50,246 : INFO : EventManager : Event: ======'shutdown'====== Args={}
2020-05-20 18:04:50,274 : INFO : root : MPF run loop ended.
