2020-05-25 18:15:33,022 : kivy : Factory: 184 symbols loaded
2020-05-25 18:15:33,662 : kivy : Image: Providers: img_tex, img_dds, img_sdl2, img_pil, img_gif (img_ffpyplayer ignored)
2020-05-25 18:15:33,958 : kivy : VideoGstplayer: Using Gstreamer 1.16.0.0
2020-05-25 18:15:33,958 : kivy : Video: Provider: gstplayer
2020-05-25 18:15:34,301 : kivy : Loading MPF-MC controller
2020-05-25 18:15:34,317 : mpfmc : Mission Pinball Framework Media Controller v0.53.3
2020-05-25 18:15:34,317 : mpfmc : Mission Pinball Framework Game Engine v0.53.3
2020-05-25 18:15:34,317 : mpfmc : Machine path: C:\pinball\HauntedHouse
2020-05-25 18:15:34,317 : ConfigProcessor : Config file in cache changed: C:\pinball\HauntedHouse\config\config
2020-05-25 18:15:34,317 : ConfigProcessor : Loading config from file c:\users\hans\appdata\local\programs\python\python36-32\lib\site-packages\mpfmc\mcconfig.yaml.
2020-05-25 18:15:34,707 : ConfigProcessor : Loading config: c:\users\hans\appdata\local\programs\python\python36-32\lib\site-packages\mpfmc\mcconfig.yaml
2020-05-25 18:15:38,716 : ConfigValidator : Config spec file cache created: C:\Users\Hans\AppData\Local\Temp\config_spec.mpf_cache
2020-05-25 18:15:38,794 : ConfigProcessor : Loading config from file C:\pinball\HauntedHouse\config\config.
2020-05-25 18:15:39,621 : ConfigProcessor : Loading config: C:\pinball\HauntedHouse\config\config
2020-05-25 18:15:39,636 : ConfigProcessor : Config file cache created: C:\Users\Hans\AppData\Local\Temp\1db0e0e3fd8cb1ead45d2e51d225dce4.mpf_cache
2020-05-25 18:15:39,636 : mpfmc : Starting clock at 60.0Hz
2020-05-25 18:15:39,699 : kivy : Text: Provider: sdl2
2020-05-25 18:15:39,917 : kivy : Window: Provider: sdl2
2020-05-25 18:15:40,446 : kivy : GL: Using the "OpenGL" graphics system
2020-05-25 18:15:40,449 : kivy : GL: GLEW initialization succeeded
2020-05-25 18:15:40,450 : kivy : GL: Backend used <glew>
2020-05-25 18:15:40,450 : kivy : GL: OpenGL version <b'3.0'>
2020-05-25 18:15:40,451 : kivy : GL: OpenGL vendor <b'Intel Corporation'>
2020-05-25 18:15:40,451 : kivy : GL: OpenGL renderer <b'Intel(R) Graphics Media Accelerator 3600 Series'>
2020-05-25 18:15:40,452 : kivy : GL: OpenGL parsed version: 3, 0
2020-05-25 18:15:40,452 : kivy : GL: Shading version <b'1.30'>
2020-05-25 18:15:40,453 : kivy : GL: Texture max size <8192>
2020-05-25 18:15:40,453 : kivy : GL: Texture max units <16>
2020-05-25 18:15:40,569 : kivy : Window: auto add sdl2 input provider
2020-05-25 18:15:40,570 : kivy : Window: virtual keyboard not allowed, single mode, not docked
2020-05-25 18:15:40,606 : SoundSystem : SoundSystem: Using default 'sound_system' settings
2020-05-25 18:15:41,800 : AudioInterface : Initialized
2020-05-25 18:15:41,801 : SoundSystem : No audio tracks are specified in your machine config file. a track named 'default' has been created.
2020-05-25 18:15:41,816 : kivy : Base: Start application main loop
2020-05-25 18:15:41,818 : EventManager : Event: ======'display_window_initialized'====== Args={}
2020-05-25 18:15:41,862 : mpfmc : Display: Setting 'window' as default display
2020-05-25 18:15:41,886 : EventManager : Event: ======'displays_initialized'====== Args={}
2020-05-25 18:15:41,891 : EventManager : Event: ======'slide_window_blank_created'====== Args={}
2020-05-25 18:15:41,892 : EventManager : Event: ======'display_window_ready'====== Args={}
2020-05-25 18:15:41,942 : EventManager : Event: ======'init_phase_1'====== Args={}
2020-05-25 18:15:41,967 : EventManager : Event: ======'mc_ready'====== Args={}
2020-05-25 18:15:41,967 : EventManager : Event: ======'init_phase_2'====== Args={}
2020-05-25 18:15:41,981 : ConfigProcessor : Loading config from cache: C:\Users\Hans\AppData\Local\Temp\ac83460c407a763630a505790089d322.mpf_cache
2020-05-25 18:15:41,984 : ConfigProcessor : Loading config from cache: C:\Users\Hans\AppData\Local\Temp\fd4d0ac963aaaec6abb4cac3da0cded0.mpf_cache
2020-05-25 18:15:41,990 : ConfigProcessor : Loading config from cache: C:\Users\Hans\AppData\Local\Temp\7d6c1285f2e862430ea29e9aa05d0f73.mpf_cache
2020-05-25 18:15:41,992 : EventManager : Event: ======'init_phase_3'====== Args={}
2020-05-25 18:15:41,996 : EventManager : Event: ======'init_phase_4'====== Args={}
2020-05-25 18:15:41,997 : EventManager : Event: ======'init_phase_5'====== Args={}
2020-05-25 18:15:41,997 : EventManager : Event: ======'init_done'====== Args={}
2020-05-25 18:15:41,998 : MPF-MC BCP Server : Starting up on localhost port 5050
2020-05-25 18:15:42,007 : MPF-MC BCP Server : Waiting for a connection...
2020-05-25 18:15:42,007 : mpfmc : SlidePlayer: Play called with settings={'slides': {welcome_slide-None-None: {'priority': None, 'target': None, 'background_color': [0.0, 0.0, 0.0, 1.0], 'show': True, 'force': False, 'expire': None, 'slide': None, 'tokens': {}, 'action': 'play', 'transition': None, 'transition_out': None}}}
2020-05-25 18:15:42,027 : kivy : GL: NPOT texture support is available
2020-05-25 18:15:42,035 : EventManager : Event: ======'slide_welcome_slide_created'====== Args={}
2020-05-25 18:15:42,058 : EventManager : Event: ======'slide_welcome_slide_active'====== Args={}
2020-05-25 18:15:42,085 : MPF-MC BCP Server : Received connection from: 127.0.0.1:49310
2020-05-25 18:15:42,101 : EventManager : Event: ======'client_disconnected'====== Args={'host': '127.0.0.1', 'port': 5050}
2020-05-25 18:15:42,102 : EventManager : Event: ======'client_connected'====== Args={'host': '127.0.0.1', 'port': 49310}
2020-05-25 18:15:42,356 : EventManager : Event: ======'machine_var_p_roc_version'====== Args={'value': 2, 'prev_value': None, 'change': True}
2020-05-25 18:15:42,357 : EventManager : Event: ======'machine_var_p_roc_revision'====== Args={'value': 6, 'prev_value': None, 'change': True}
2020-05-25 18:15:42,359 : EventManager : Event: ======'machine_var_p_roc_hardware_version'====== Args={'value': 1, 'prev_value': None, 'change': True}
2020-05-25 18:15:42,360 : EventManager : Event: ======'machine_var_credits_string'====== Args={'value': 'FREE PLAY', 'prev_value': None, 'change': True}
2020-05-25 18:15:42,361 : EventManager : Event: ======'machine_var_player1_score'====== Args={'value': 29150, 'prev_value': None, 'change': True}
2020-05-25 18:15:42,361 : EventManager : Event: ======'machine_var_mpf_version'====== Args={'value': 'MPF v0.53.3', 'prev_value': None, 'change': True}
2020-05-25 18:15:42,362 : EventManager : Event: ======'machine_var_mpf_extended_version'====== Args={'value': 'MPF v0.53.3, Config version:5, Show version: 5, BCP version:1.1', 'prev_value': None, 'change': True}
2020-05-25 18:15:42,363 : EventManager : Event: ======'machine_var_python_version'====== Args={'value': '3.6.8', 'prev_value': None, 'change': True}
2020-05-25 18:15:42,363 : EventManager : Event: ======'machine_var_platform'====== Args={'value': 'Windows-7-6.1.7601-SP1', 'prev_value': None, 'change': True}
2020-05-25 18:15:42,365 : EventManager : Event: ======'machine_var_platform_system'====== Args={'value': 'Windows', 'prev_value': None, 'change': True}
2020-05-25 18:15:42,366 : EventManager : Event: ======'machine_var_platform_release'====== Args={'value': '7', 'prev_value': None, 'change': True}
2020-05-25 18:15:42,366 : EventManager : Event: ======'machine_var_platform_version'====== Args={'value': '6.1.7601', 'prev_value': None, 'change': True}
2020-05-25 18:15:42,367 : EventManager : Event: ======'machine_var_platform_machine'====== Args={'value': 'x86', 'prev_value': None, 'change': True}
2020-05-25 18:15:42,368 : EventManager : Event: ======'machine_var_mc_version'====== Args={'value': 'MPF-MC v0.53.3', 'prev_value': None, 'change': True}
2020-05-25 18:15:42,369 : EventManager : Event: ======'machine_var_mc_extended_version'====== Args={'value': 'MPF-MC v0.53.3 (config_version=5, BCP v1.1, Requires MPF v0.53.0)', 'prev_value': None, 'change': True}
2020-05-25 18:15:42,370 : EventManager : Event: ======'machine_var_master_volume'====== Args={'value': 0.5, 'prev_value': None, 'change': True}
2020-05-25 18:15:42,590 : mpfmc : Stopping...
2020-05-25 18:15:42,591 : EventManager : Event: ======'shutdown'====== Args={}
2020-05-25 18:15:42,666 : mpfmc : Loop rate 49.06 Hz
2020-05-25 18:15:42,667 : kivy : Base: Leaving application in progress...
2020-05-25 18:15:42,680 : kivy : WindowSDL: exiting mainloop and closing.
2020-05-25 18:15:42,768 : mpfmc : Stopping...
2020-05-25 18:15:42,768 : EventManager : Event: ======'shutdown'====== Args={}
2020-05-25 18:15:42,768 : mpfmc : Loop rate 44.89 Hz
2020-05-25 18:15:42,783 : kivy : MC run loop ended.
2020-05-25 18:15:42,783 : kivy : Stopping child threads... (2 remaining)
2020-05-25 18:15:43,127 : MPF-MC BCP Server : Stopping BCP sending thread
2020-05-25 18:15:43,220 : kivy : All child threads stopped.
