2020-05-25 18:21:20,964 : kivy : Factory: 184 symbols loaded
2020-05-25 18:21:21,604 : kivy : Image: Providers: img_tex, img_dds, img_sdl2, img_pil, img_gif (img_ffpyplayer ignored)
2020-05-25 18:21:21,884 : kivy : VideoGstplayer: Using Gstreamer 1.16.0.0
2020-05-25 18:21:21,884 : kivy : Video: Provider: gstplayer
2020-05-25 18:21:22,228 : kivy : Loading MPF-MC controller
2020-05-25 18:21:22,228 : mpfmc : Mission Pinball Framework Media Controller v0.53.3
2020-05-25 18:21:22,228 : mpfmc : Mission Pinball Framework Game Engine v0.53.3
2020-05-25 18:21:22,228 : mpfmc : Machine path: C:\pinball\HauntedHouse
2020-05-25 18:21:22,228 : ConfigProcessor : Config file in cache changed: C:\pinball\HauntedHouse\config\config
2020-05-25 18:21:22,228 : ConfigProcessor : Loading config from file c:\users\hans\appdata\local\programs\python\python36-32\lib\site-packages\mpfmc\mcconfig.yaml.
2020-05-25 18:21:22,618 : ConfigProcessor : Loading config: c:\users\hans\appdata\local\programs\python\python36-32\lib\site-packages\mpfmc\mcconfig.yaml
2020-05-25 18:21:26,206 : ConfigValidator : Config spec file cache created: C:\Users\Hans\AppData\Local\Temp\config_spec.mpf_cache
2020-05-25 18:21:26,268 : ConfigProcessor : Loading config from file C:\pinball\HauntedHouse\config\config.
2020-05-25 18:21:27,079 : ConfigProcessor : Loading config: C:\pinball\HauntedHouse\config\config
2020-05-25 18:21:27,095 : ConfigProcessor : Config file cache created: C:\Users\Hans\AppData\Local\Temp\1db0e0e3fd8cb1ead45d2e51d225dce4.mpf_cache
2020-05-25 18:21:27,095 : mpfmc : Starting clock at 60.0Hz
2020-05-25 18:21:27,157 : kivy : Text: Provider: sdl2
2020-05-25 18:21:27,376 : kivy : Window: Provider: sdl2
2020-05-25 18:21:27,899 : kivy : GL: Using the "OpenGL" graphics system
2020-05-25 18:21:27,903 : kivy : GL: GLEW initialization succeeded
2020-05-25 18:21:27,904 : kivy : GL: Backend used <glew>
2020-05-25 18:21:27,904 : kivy : GL: OpenGL version <b'3.0'>
2020-05-25 18:21:27,905 : kivy : GL: OpenGL vendor <b'Intel Corporation'>
2020-05-25 18:21:27,905 : kivy : GL: OpenGL renderer <b'Intel(R) Graphics Media Accelerator 3600 Series'>
2020-05-25 18:21:27,905 : kivy : GL: OpenGL parsed version: 3, 0
2020-05-25 18:21:27,906 : kivy : GL: Shading version <b'1.30'>
2020-05-25 18:21:27,906 : kivy : GL: Texture max size <8192>
2020-05-25 18:21:27,907 : kivy : GL: Texture max units <16>
2020-05-25 18:21:28,025 : kivy : Window: auto add sdl2 input provider
2020-05-25 18:21:28,026 : kivy : Window: virtual keyboard not allowed, single mode, not docked
2020-05-25 18:21:28,061 : SoundSystem : SoundSystem: Using default 'sound_system' settings
2020-05-25 18:21:29,277 : AudioInterface : Initialized
2020-05-25 18:21:29,278 : SoundSystem : No audio tracks are specified in your machine config file. a track named 'default' has been created.
2020-05-25 18:21:29,294 : kivy : Base: Start application main loop
2020-05-25 18:21:29,296 : EventManager : Event: ======'display_window_initialized'====== Args={}
2020-05-25 18:21:29,340 : mpfmc : Display: Setting 'window' as default display
2020-05-25 18:21:29,363 : EventManager : Event: ======'displays_initialized'====== Args={}
2020-05-25 18:21:29,368 : EventManager : Event: ======'slide_window_blank_created'====== Args={}
2020-05-25 18:21:29,369 : EventManager : Event: ======'display_window_ready'====== Args={}
2020-05-25 18:21:29,420 : EventManager : Event: ======'init_phase_1'====== Args={}
2020-05-25 18:21:29,445 : EventManager : Event: ======'mc_ready'====== Args={}
2020-05-25 18:21:29,445 : EventManager : Event: ======'init_phase_2'====== Args={}
2020-05-25 18:21:29,459 : ConfigProcessor : Loading config from cache: C:\Users\Hans\AppData\Local\Temp\ac83460c407a763630a505790089d322.mpf_cache
2020-05-25 18:21:29,463 : ConfigProcessor : Loading config from cache: C:\Users\Hans\AppData\Local\Temp\7d6c1285f2e862430ea29e9aa05d0f73.mpf_cache
2020-05-25 18:21:29,465 : ConfigProcessor : Loading config from cache: C:\Users\Hans\AppData\Local\Temp\fd4d0ac963aaaec6abb4cac3da0cded0.mpf_cache
2020-05-25 18:21:29,470 : EventManager : Event: ======'init_phase_3'====== Args={}
2020-05-25 18:21:29,474 : EventManager : Event: ======'init_phase_4'====== Args={}
2020-05-25 18:21:29,475 : EventManager : Event: ======'init_phase_5'====== Args={}
2020-05-25 18:21:29,475 : EventManager : Event: ======'init_done'====== Args={}
2020-05-25 18:21:29,476 : MPF-MC BCP Server : Starting up on localhost port 5050
2020-05-25 18:21:29,485 : MPF-MC BCP Server : Waiting for a connection...
2020-05-25 18:21:29,485 : mpfmc : SlidePlayer: Play called with settings={'slides': {welcome_slide-None-None: {'priority': None, 'target': None, 'background_color': [0.0, 0.0, 0.0, 1.0], 'show': True, 'force': False, 'expire': None, 'slide': None, 'tokens': {}, 'action': 'play', 'transition': None, 'transition_out': None}}}
2020-05-25 18:21:29,505 : kivy : GL: NPOT texture support is available
2020-05-25 18:21:29,513 : EventManager : Event: ======'slide_welcome_slide_created'====== Args={}
2020-05-25 18:21:29,536 : EventManager : Event: ======'slide_welcome_slide_active'====== Args={}
2020-05-25 18:21:29,568 : EventManager : Event: ======'client_disconnected'====== Args={'host': '127.0.0.1', 'port': 5050}
2020-05-25 18:21:29,622 : MPF-MC BCP Server : Received connection from: 127.0.0.1:49350
2020-05-25 18:21:29,628 : EventManager : Event: ======'client_connected'====== Args={'host': '127.0.0.1', 'port': 49350}
2020-05-25 18:21:29,654 : EventManager : Event: ======'machine_var_p_roc_version'====== Args={'value': 2, 'prev_value': None, 'change': True}
2020-05-25 18:21:29,655 : EventManager : Event: ======'machine_var_p_roc_revision'====== Args={'value': 6, 'prev_value': None, 'change': True}
2020-05-25 18:21:29,655 : EventManager : Event: ======'machine_var_p_roc_hardware_version'====== Args={'value': 1, 'prev_value': None, 'change': True}
2020-05-25 18:21:29,656 : EventManager : Event: ======'machine_var_credits_string'====== Args={'value': 'FREE PLAY', 'prev_value': None, 'change': True}
2020-05-25 18:21:29,657 : EventManager : Event: ======'machine_var_player1_score'====== Args={'value': 29150, 'prev_value': None, 'change': True}
2020-05-25 18:21:29,657 : EventManager : Event: ======'machine_var_mpf_version'====== Args={'value': 'MPF v0.53.3', 'prev_value': None, 'change': True}
2020-05-25 18:21:29,658 : EventManager : Event: ======'machine_var_mpf_extended_version'====== Args={'value': 'MPF v0.53.3, Config version:5, Show version: 5, BCP version:1.1', 'prev_value': None, 'change': True}
2020-05-25 18:21:29,658 : EventManager : Event: ======'machine_var_python_version'====== Args={'value': '3.6.8', 'prev_value': None, 'change': True}
2020-05-25 18:21:29,659 : EventManager : Event: ======'machine_var_platform'====== Args={'value': 'Windows-7-6.1.7601-SP1', 'prev_value': None, 'change': True}
2020-05-25 18:21:29,659 : EventManager : Event: ======'machine_var_platform_system'====== Args={'value': 'Windows', 'prev_value': None, 'change': True}
2020-05-25 18:21:29,660 : EventManager : Event: ======'machine_var_platform_release'====== Args={'value': '7', 'prev_value': None, 'change': True}
2020-05-25 18:21:29,661 : EventManager : Event: ======'machine_var_platform_version'====== Args={'value': '6.1.7601', 'prev_value': None, 'change': True}
2020-05-25 18:21:29,661 : EventManager : Event: ======'machine_var_platform_machine'====== Args={'value': 'x86', 'prev_value': None, 'change': True}
2020-05-25 18:21:29,662 : EventManager : Event: ======'machine_var_mc_version'====== Args={'value': 'MPF-MC v0.53.3', 'prev_value': None, 'change': True}
2020-05-25 18:21:29,662 : EventManager : Event: ======'machine_var_mc_extended_version'====== Args={'value': 'MPF-MC v0.53.3 (config_version=5, BCP v1.1, Requires MPF v0.53.0)', 'prev_value': None, 'change': True}
2020-05-25 18:21:29,752 : EventManager : Event: ======'machine_var_master_volume'====== Args={'value': 0.5, 'prev_value': None, 'change': True}
2020-05-25 18:21:30,167 : mpfmc : Stopping...
2020-05-25 18:21:30,167 : EventManager : Event: ======'shutdown'====== Args={}
2020-05-25 18:21:30,255 : mpfmc : Loop rate 52.74 Hz
2020-05-25 18:21:30,256 : kivy : Base: Leaving application in progress...
2020-05-25 18:21:30,269 : kivy : WindowSDL: exiting mainloop and closing.
2020-05-25 18:21:30,368 : mpfmc : Stopping...
2020-05-25 18:21:30,368 : EventManager : Event: ======'shutdown'====== Args={}
2020-05-25 18:21:30,368 : mpfmc : Loop rate 48.07 Hz
2020-05-25 18:21:30,368 : kivy : MC run loop ended.
2020-05-25 18:21:30,368 : kivy : Stopping child threads... (1 remaining)
2020-05-25 18:21:30,649 : MPF-MC BCP Server : Stopping BCP sending thread
2020-05-25 18:21:30,696 : kivy : All child threads stopped.
