2020-05-25 19:57:43,996 : INFO : Machine : Mission Pinball Framework Core Engine v0.53.3
2020-05-25 19:57:43,996 : INFO : Machine : Command line arguments: {'no_load_cache': False, 'create_config_cache': True, 'bcp': True, 'configfile': ['config.yaml'], 'mpfconfigfile': 'c:\\users\\hans\\appdata\\local\\programs\\python\\python36-32\\lib\\site-packages\\mpf\\mpfconfig.yaml', 'force_assets_load': False, 'jsonlogging': False, 'logfile': 'logs\\2020-05-25-19-57-43-mpf-Hans-PC.log', 'pause': False, 'production': False, 'text_ui': True, 'loglevel': 15, 'consoleloglevel': 20, 'force_platform': None, 'syslog_address': None, 'mc_file_name': None, 'no_sound': False}
2020-05-25 19:57:43,996 : INFO : Machine : MPF path: c:\users\hans\appdata\local\programs\python\python36-32\lib\site-packages\mpf
2020-05-25 19:57:43,996 : INFO : Machine : Machine path: C:\pinball\HauntedHouse
2020-05-25 19:57:43,996 : INFO : Machine : Platform: win32
2020-05-25 19:57:43,996 : INFO : Machine : Python executable location: c:\users\hans\appdata\local\programs\python\python36-32\python.exe
2020-05-25 19:57:43,996 : INFO : Machine : Python version: 3.6.8 (32-bit)
2020-05-25 19:57:44,012 : INFO : Machine : Machine config file #1: config.yaml
2020-05-25 19:57:44,012 : INFO : ConfigProcessor : Loading config from cache: C:\Users\Hans\AppData\Local\Temp\6e040aaf1f6a41fde2348c429eac1a1c.mpf_cache
2020-05-25 19:57:44,027 : INFO : Machine : Initialise MPF.
2020-05-25 19:57:47,849 : INFO : ConfigValidator : Config spec file cache created: C:\Users\Hans\AppData\Local\Temp\config_spec.mpf_cache
2020-05-25 19:57:48,738 : INFO : P3-ROC : Connecting to P-ROC
2020-05-25 19:57:48,988 : INFO : P3-ROC : Successfully connected to P-ROC/P3-ROC. Firmware Version: 2. Firmware Revision: 6. Hardware Board ID: 1
2020-05-25 19:57:49,284 : INFO : EventManager : Event: ======'machine_var_p_roc_version'====== Args={'value': 2, 'prev_value': None, 'change': True}
2020-05-25 19:57:49,284 : INFO : EventManager : Event: ======'machine_var_p_roc_revision'====== Args={'value': 6, 'prev_value': None, 'change': True}
2020-05-25 19:57:49,284 : INFO : EventManager : Event: ======'machine_var_p_roc_hardware_version'====== Args={'value': 1, 'prev_value': None, 'change': True}
2020-05-25 19:57:49,347 : INFO : EventManager : Event: ======'machine_var_credits_string'====== Args={'value': 'FREE PLAY', 'prev_value': None, 'change': True}
2020-05-25 19:57:49,659 : INFO : EventManager : Event: ======'machine_var_player1_score'====== Args={'value': 29150, 'prev_value': None, 'change': True}
2020-05-25 19:57:49,659 : INFO : EventManager : Event: ======'machine_var_mpf_version'====== Args={'value': 'MPF v0.53.3', 'prev_value': None, 'change': True}
2020-05-25 19:57:49,659 : INFO : EventManager : Event: ======'machine_var_mpf_extended_version'====== Args={'value': 'MPF v0.53.3, Config version:5, Show version: 5, BCP version:1.1', 'prev_value': None, 'change': True}
2020-05-25 19:57:49,659 : INFO : EventManager : Event: ======'machine_var_python_version'====== Args={'value': '3.6.8', 'prev_value': None, 'change': True}
2020-05-25 19:57:49,659 : INFO : EventManager : Event: ======'machine_var_platform'====== Args={'value': 'Windows-7-6.1.7601-SP1', 'prev_value': None, 'change': True}
2020-05-25 19:57:49,659 : INFO : EventManager : Event: ======'machine_var_platform_system'====== Args={'value': 'Windows', 'prev_value': None, 'change': True}
2020-05-25 19:57:49,659 : INFO : EventManager : Event: ======'machine_var_platform_release'====== Args={'value': '7', 'prev_value': None, 'change': True}
2020-05-25 19:57:49,659 : INFO : EventManager : Event: ======'machine_var_platform_version'====== Args={'value': '6.1.7601', 'prev_value': None, 'change': True}
2020-05-25 19:57:49,659 : INFO : EventManager : Event: ======'machine_var_platform_machine'====== Args={'value': 'x86', 'prev_value': None, 'change': True}
2020-05-25 19:57:49,659 : INFO : EventManager : Event: ======'init_phase_1'====== Args={}
2020-05-25 19:57:49,893 : INFO : ConfigProcessor : Loading config from cache: C:\Users\Hans\AppData\Local\Temp\fd4d0ac963aaaec6abb4cac3da0cded0.mpf_cache
2020-05-25 19:57:49,908 : INFO : ConfigProcessor : Loading config from cache: C:\Users\Hans\AppData\Local\Temp\ac83460c407a763630a505790089d322.mpf_cache
2020-05-25 19:57:49,940 : INFO : ConfigProcessor : Loading config from cache: C:\Users\Hans\AppData\Local\Temp\7d6c1285f2e862430ea29e9aa05d0f73.mpf_cache
2020-05-25 19:57:50,314 : INFO : EventManager : Event: ======'drop_target_bank_upper_up'====== Args={}
2020-05-25 19:57:50,314 : INFO : EventManager : Event: ======'drop_target_bank_lower_up'====== Args={}
2020-05-25 19:57:50,361 : INFO : EventManager : Event: ======'init_phase_2'====== Args={}
2020-05-25 19:57:50,408 : INFO : SwitchController : Found active switch: (8, <Platform.P3-ROC>)
2020-05-25 19:57:50,408 : INFO : SwitchController : Found active switch: (10, <Platform.P3-ROC>)
2020-05-25 19:57:50,408 : INFO : SwitchController : Found active switch: (11, <Platform.P3-ROC>)
2020-05-25 19:57:50,470 : INFO : EventManager : Event: ======'bcp_connection_attempt'====== Args={'name': 'local_display', 'host': 'localhost', 'port': 5050}
2020-05-25 19:57:50,470 : INFO : BCPClientSocket : Connecting BCP to 'local_display' at localhost:5050...
2020-05-25 19:57:54,182 : INFO : BCPClientSocket : Connected BCP to 'local_display' localhost:5050
2020-05-25 19:57:54,184 : INFO : EventManager : Event: ======'bcp_clients_connected'====== Args={}
2020-05-25 19:57:54,230 : INFO : EventManager : Event: ======'machine_var_mc_version'====== Args={'value': 'MPF-MC v0.53.3', 'prev_value': None, 'change': True}
2020-05-25 19:57:54,231 : INFO : EventManager : Event: ======'machine_var_mc_extended_version'====== Args={'value': 'MPF-MC v0.53.3 (config_version=5, BCP v1.1, Requires MPF v0.53.0)', 'prev_value': None, 'change': True}
2020-05-25 19:57:54,243 : INFO : EventManager : Event: ======'machine_var_master_volume'====== Args={'value': 0.5, 'prev_value': None, 'change': True}
2020-05-25 19:57:54,587 : INFO : EventManager : Event: ======'init_phase_3'====== Args={}
2020-05-25 19:57:54,589 : INFO : AssetManager : Registering Asset: attract_display_loop, File: attract_display_loop.yaml, Default Group: default, Final Config: {'load': 'preload', 'file': 'C:\\pinball\\HauntedHouse\\modes\\attract\\shows\\attract_display_loop.yaml'}
2020-05-25 19:57:54,590 : INFO : AssetManager : Registering Asset: attract_light_show, File: attract_light_show.yaml, Default Group: default, Final Config: {'load': 'preload', 'file': 'C:\\pinball\\HauntedHouse\\modes\\attract\\shows\\attract_light_show.yaml'}
2020-05-25 19:57:54,605 : INFO : ConfigProcessor : Loading config from cache: C:\Users\Hans\AppData\Local\Temp\636f49f53640d05219cf7c0882dcdaa5.mpf_cache
2020-05-25 19:57:54,622 : INFO : EventManager : Event: ======'loading_assets'====== Args={'total': 2, 'loaded': 1, 'remaining': 1, 'percent': 50}
2020-05-25 19:57:54,622 : INFO : AssetManager : Loading assets: 1/2 (50%)
2020-05-25 19:57:54,624 : WARNING : ConfigProcessor : Config file in cache changed: C:\pinball\HauntedHouse\modes\attract\shows\attract_light_show.yaml
2020-05-25 19:57:54,625 : INFO : ConfigProcessor : Loading config from file C:\pinball\HauntedHouse\modes\attract\shows\attract_light_show.yaml.
2020-05-25 19:57:54,656 : INFO : ConfigProcessor : Loading config: C:\pinball\HauntedHouse\modes\attract\shows\attract_light_show.yaml
2020-05-25 19:57:54,658 : INFO : ConfigProcessor : Config file cache created: C:\Users\Hans\AppData\Local\Temp\9ea88fba871b7df57825a62800362443.mpf_cache
2020-05-25 19:57:54,662 : INFO : EventManager : Event: ======'loading_assets'====== Args={'total': 2, 'loaded': 2, 'remaining': 0, 'percent': 100}
2020-05-25 19:57:54,662 : INFO : AssetManager : Asset loading took: 6.016955614089966
2020-05-25 19:57:54,665 : INFO : EventManager : Event: ======'asset_loading_complete'====== Args={}
2020-05-25 19:57:54,665 : INFO : AssetManager : Loading assets: 2/2 (100%)
2020-05-25 19:57:54,665 : INFO : EventManager : Event: ======'init_phase_4'====== Args={}
2020-05-25 19:57:54,670 : INFO : EventManager : Event: ======'playfield_active'====== Args={}
2020-05-25 19:57:54,670 : INFO : EventManager : Event: ======'unexpected_ball_on_playfield'====== Args={}
2020-05-25 19:57:54,671 : INFO : EventManager : Event: ======'drop_target_u1_drop_down'====== Args={'device': <drop_target.u1_drop>}
2020-05-25 19:57:54,671 : INFO : EventManager : Event: ======'drop_target_bank_upper_mixed'====== Args={'down': 1}
2020-05-25 19:57:54,672 : INFO : EventManager : Event: ======'playfield_active'====== Args={}
2020-05-25 19:57:54,672 : INFO : EventManager : Event: ======'unexpected_ball_on_playfield'====== Args={}
2020-05-25 19:57:54,673 : INFO : EventManager : Event: ======'drop_target_u3_drop_down'====== Args={'device': <drop_target.u3_drop>}
2020-05-25 19:57:54,673 : INFO : EventManager : Event: ======'drop_target_bank_upper_mixed'====== Args={'down': 2}
2020-05-25 19:57:54,675 : INFO : EventManager : Event: ======'playfield_active'====== Args={}
2020-05-25 19:57:54,675 : INFO : EventManager : Event: ======'unexpected_ball_on_playfield'====== Args={}
2020-05-25 19:57:54,676 : INFO : EventManager : Event: ======'drop_target_u4_drop_down'====== Args={'device': <drop_target.u4_drop>}
2020-05-25 19:57:54,676 : INFO : EventManager : Event: ======'drop_target_bank_upper_mixed'====== Args={'down': 3}
2020-05-25 19:57:54,722 : INFO : EventManager : Event: ======'machine_var_audits_events_game_ended'====== Args={'value': 53, 'prev_value': None, 'change': True}
2020-05-25 19:57:54,724 : INFO : EventManager : Event: ======'machine_var_audits_events_game_started'====== Args={'value': 101, 'prev_value': None, 'change': True}
2020-05-25 19:57:54,726 : INFO : EventManager : Event: ======'machine_var_audits_player_score'====== Args={'value': {'average': 23430.178571428572, 'top': [120480, 114590, 92630, 76090, 75650, 71920, 57150, 56770, 56270, 46210], 'total': 56}, 'prev_value': None, 'change': True}
2020-05-25 19:57:54,728 : INFO : EventManager : Event: ======'machine_var_audits_shots_10pt'====== Args={'value': 178, 'prev_value': None, 'change': True}
2020-05-25 19:57:54,731 : INFO : EventManager : Event: ======'machine_var_audits_shots_left_inlane'====== Args={'value': 12, 'prev_value': None, 'change': True}
2020-05-25 19:57:54,733 : INFO : EventManager : Event: ======'machine_var_audits_shots_left_outlane'====== Args={'value': 6, 'prev_value': None, 'change': True}
2020-05-25 19:57:54,735 : INFO : EventManager : Event: ======'machine_var_audits_shots_lower_10pt_drops'====== Args={'value': 27, 'prev_value': None, 'change': True}
2020-05-25 19:57:54,737 : INFO : EventManager : Event: ======'machine_var_audits_shots_lower_10pt_lower'====== Args={'value': 10, 'prev_value': None, 'change': True}
2020-05-25 19:57:54,740 : INFO : EventManager : Event: ======'machine_var_audits_shots_lower_10pt_upper'====== Args={'value': 8, 'prev_value': None, 'change': True}
2020-05-25 19:57:54,742 : INFO : EventManager : Event: ======'machine_var_audits_shots_lower_1_drop'====== Args={'value': 37, 'prev_value': None, 'change': True}
2020-05-25 19:57:54,744 : INFO : EventManager : Event: ======'machine_var_audits_shots_lower_2_drop'====== Args={'value': 5, 'prev_value': None, 'change': True}
2020-05-25 19:57:54,746 : INFO : EventManager : Event: ======'machine_var_audits_shots_lower_3_drop'====== Args={'value': 7, 'prev_value': None, 'change': True}
2020-05-25 19:57:54,748 : INFO : EventManager : Event: ======'machine_var_audits_shots_lower_4_drop'====== Args={'value': 12, 'prev_value': None, 'change': True}
2020-05-25 19:57:54,750 : INFO : EventManager : Event: ======'machine_var_audits_shots_lower_5_drop'====== Args={'value': 11, 'prev_value': None, 'change': True}
2020-05-25 19:57:54,753 : INFO : EventManager : Event: ======'machine_var_audits_shots_lower_hole'====== Args={'value': 12, 'prev_value': None, 'change': True}
2020-05-25 19:57:54,756 : INFO : EventManager : Event: ======'machine_var_audits_shots_lower_kick_target'====== Args={'value': 1, 'prev_value': None, 'change': True}
2020-05-25 19:57:54,758 : INFO : EventManager : Event: ======'machine_var_audits_shots_lower_left'====== Args={'value': 6, 'prev_value': None, 'change': True}
2020-05-25 19:57:54,761 : INFO : EventManager : Event: ======'machine_var_audits_shots_lower_left_pop'====== Args={'value': 102, 'prev_value': None, 'change': True}
2020-05-25 19:57:54,763 : INFO : EventManager : Event: ======'machine_var_audits_shots_lower_pop'====== Args={'value': 24, 'prev_value': None, 'change': True}
2020-05-25 19:57:54,766 : INFO : EventManager : Event: ======'machine_var_audits_shots_lower_right'====== Args={'value': 3, 'prev_value': None, 'change': True}
2020-05-25 19:57:54,768 : INFO : EventManager : Event: ======'machine_var_audits_shots_lower_rollover'====== Args={'value': 20, 'prev_value': None, 'change': True}
2020-05-25 19:57:54,771 : INFO : EventManager : Event: ======'machine_var_audits_shots_lower_slingshot'====== Args={'value': 13, 'prev_value': None, 'change': True}
2020-05-25 19:57:54,773 : INFO : EventManager : Event: ======'machine_var_audits_shots_main_1'====== Args={'value': 10, 'prev_value': None, 'change': True}
2020-05-25 19:57:54,776 : INFO : EventManager : Event: ======'machine_var_audits_shots_main_2'====== Args={'value': 16, 'prev_value': None, 'change': True}
2020-05-25 19:57:54,779 : INFO : EventManager : Event: ======'machine_var_audits_shots_main_3'====== Args={'value': 13, 'prev_value': None, 'change': True}
2020-05-25 19:57:54,782 : INFO : EventManager : Event: ======'machine_var_audits_shots_main_4'====== Args={'value': 21, 'prev_value': None, 'change': True}
2020-05-25 19:57:54,785 : INFO : EventManager : Event: ======'machine_var_audits_shots_main_5'====== Args={'value': 17, 'prev_value': None, 'change': True}
2020-05-25 19:57:54,788 : INFO : EventManager : Event: ======'machine_var_audits_shots_main_slingshot'====== Args={'value': 27, 'prev_value': None, 'change': True}
2020-05-25 19:57:54,790 : INFO : EventManager : Event: ======'machine_var_audits_shots_right_inlane'====== Args={'value': 58, 'prev_value': None, 'change': True}
2020-05-25 19:57:54,792 : INFO : EventManager : Event: ======'machine_var_audits_shots_right_kickout'====== Args={'value': 28, 'prev_value': None, 'change': True}
2020-05-25 19:57:54,796 : INFO : EventManager : Event: ======'machine_var_audits_shots_right_outlane'====== Args={'value': 39, 'prev_value': None, 'change': True}
2020-05-25 19:57:54,799 : INFO : EventManager : Event: ======'machine_var_audits_shots_rollunder'====== Args={'value': 74, 'prev_value': None, 'change': True}
2020-05-25 19:57:54,802 : INFO : EventManager : Event: ======'machine_var_audits_shots_standup_right'====== Args={'value': 62, 'prev_value': None, 'change': True}
2020-05-25 19:57:54,805 : INFO : EventManager : Event: ======'machine_var_audits_shots_upper_1'====== Args={'value': 25, 'prev_value': None, 'change': True}
2020-05-25 19:57:54,807 : INFO : EventManager : Event: ======'machine_var_audits_shots_upper_1_drop'====== Args={'value': 43, 'prev_value': None, 'change': True}
2020-05-25 19:57:54,811 : INFO : EventManager : Event: ======'machine_var_audits_shots_upper_2'====== Args={'value': 46, 'prev_value': None, 'change': True}
2020-05-25 19:57:54,813 : INFO : EventManager : Event: ======'machine_var_audits_shots_upper_2_drop'====== Args={'value': 35, 'prev_value': None, 'change': True}
2020-05-25 19:57:54,816 : INFO : EventManager : Event: ======'machine_var_audits_shots_upper_3'====== Args={'value': 21, 'prev_value': None, 'change': True}
2020-05-25 19:57:54,819 : INFO : EventManager : Event: ======'machine_var_audits_shots_upper_3_drop'====== Args={'value': 44, 'prev_value': None, 'change': True}
2020-05-25 19:57:54,821 : INFO : EventManager : Event: ======'machine_var_audits_shots_upper_4'====== Args={'value': 17, 'prev_value': None, 'change': True}
2020-05-25 19:57:54,824 : INFO : EventManager : Event: ======'machine_var_audits_shots_upper_4_drop'====== Args={'value': 57, 'prev_value': None, 'change': True}
2020-05-25 19:57:54,827 : INFO : EventManager : Event: ======'machine_var_audits_shots_upper_left_pop'====== Args={'value': 46, 'prev_value': None, 'change': True}
2020-05-25 19:57:54,831 : INFO : EventManager : Event: ======'machine_var_audits_shots_upper_pop'====== Args={'value': 243, 'prev_value': None, 'change': True}
2020-05-25 19:57:54,834 : INFO : EventManager : Event: ======'machine_var_audits_switches_s_left_flipper1'====== Args={'value': 216, 'prev_value': None, 'change': True}
2020-05-25 19:57:54,839 : INFO : EventManager : Event: ======'machine_var_audits_switches_s_left_flipper2'====== Args={'value': 276, 'prev_value': None, 'change': True}
2020-05-25 19:57:54,842 : INFO : EventManager : Event: ======'machine_var_audits_switches_s_lower_10pt_UPPER'====== Args={'value': 0, 'prev_value': None, 'change': True}
2020-05-25 19:57:54,845 : INFO : EventManager : Event: ======'machine_var_audits_switches_s_lower_10pt_drops'====== Args={'value': 27, 'prev_value': None, 'change': True}
2020-05-25 19:57:54,848 : INFO : EventManager : Event: ======'machine_var_audits_switches_s_lower_10pt_lower'====== Args={'value': 10, 'prev_value': None, 'change': True}
2020-05-25 19:57:54,852 : INFO : EventManager : Event: ======'machine_var_audits_switches_s_lower_10pt_upper'====== Args={'value': 8, 'prev_value': None, 'change': True}
2020-05-25 19:57:54,856 : INFO : EventManager : Event: ======'machine_var_audits_switches_s_lower_1_drop'====== Args={'value': 391, 'prev_value': None, 'change': True}
2020-05-25 19:57:54,859 : INFO : EventManager : Event: ======'machine_var_audits_switches_s_lower_2_drop'====== Args={'value': 5, 'prev_value': None, 'change': True}
2020-05-25 19:57:54,862 : INFO : EventManager : Event: ======'machine_var_audits_switches_s_lower_3_drop'====== Args={'value': 7, 'prev_value': None, 'change': True}
2020-05-25 19:57:54,866 : INFO : EventManager : Event: ======'machine_var_audits_switches_s_lower_4_drop'====== Args={'value': 12, 'prev_value': None, 'change': True}
2020-05-25 19:57:54,870 : INFO : EventManager : Event: ======'machine_var_audits_switches_s_lower_5_drop'====== Args={'value': 11, 'prev_value': None, 'change': True}
2020-05-25 19:57:54,873 : INFO : EventManager : Event: ======'machine_var_audits_switches_s_lower_bonus_left'====== Args={'value': 6, 'prev_value': None, 'change': True}
2020-05-25 19:57:54,877 : INFO : EventManager : Event: ======'machine_var_audits_switches_s_lower_bonus_right'====== Args={'value': 3, 'prev_value': None, 'change': True}
2020-05-25 19:57:54,881 : INFO : EventManager : Event: ======'machine_var_audits_switches_s_lower_kick_target'====== Args={'value': 1, 'prev_value': None, 'change': True}
2020-05-25 19:57:54,884 : INFO : EventManager : Event: ======'machine_var_audits_switches_s_lower_kickout_special'====== Args={'value': 12, 'prev_value': None, 'change': True}
2020-05-25 19:57:54,888 : INFO : EventManager : Event: ======'machine_var_audits_switches_s_lower_pop'====== Args={'value': 24, 'prev_value': None, 'change': True}
2020-05-25 19:57:54,892 : INFO : EventManager : Event: ======'machine_var_audits_switches_s_lower_rollover'====== Args={'value': 48, 'prev_value': None, 'change': True}
2020-05-25 19:57:54,895 : INFO : EventManager : Event: ======'machine_var_audits_switches_s_lower_slingshot'====== Args={'value': 13, 'prev_value': None, 'change': True}
2020-05-25 19:57:54,899 : INFO : EventManager : Event: ======'machine_var_audits_switches_s_lower_vuk'====== Args={'value': 196, 'prev_value': None, 'change': True}
2020-05-25 19:57:54,903 : INFO : EventManager : Event: ======'machine_var_audits_switches_s_main_10pt_left'====== Args={'value': 17, 'prev_value': None, 'change': True}
2020-05-25 19:57:54,907 : INFO : EventManager : Event: ======'machine_var_audits_switches_s_main_1_target'====== Args={'value': 37, 'prev_value': None, 'change': True}
2020-05-25 19:57:54,911 : INFO : EventManager : Event: ======'machine_var_audits_switches_s_main_1_trough'====== Args={'value': 28, 'prev_value': None, 'change': True}
2020-05-25 19:57:54,916 : INFO : EventManager : Event: ======'machine_var_audits_switches_s_main_2_target'====== Args={'value': 39, 'prev_value': None, 'change': True}
2020-05-25 19:57:54,920 : INFO : EventManager : Event: ======'machine_var_audits_switches_s_main_2_trough'====== Args={'value': 56, 'prev_value': None, 'change': True}
2020-05-25 19:57:54,924 : INFO : EventManager : Event: ======'machine_var_audits_switches_s_main_3_target'====== Args={'value': 13, 'prev_value': None, 'change': True}
2020-05-25 19:57:54,928 : INFO : EventManager : Event: ======'machine_var_audits_switches_s_main_4_target'====== Args={'value': 37, 'prev_value': None, 'change': True}
2020-05-25 19:57:54,932 : INFO : EventManager : Event: ======'machine_var_audits_switches_s_main_5_target'====== Args={'value': 51, 'prev_value': None, 'change': True}
2020-05-25 19:57:54,936 : INFO : EventManager : Event: ======'machine_var_audits_switches_s_main_inlane_left'====== Args={'value': 15, 'prev_value': None, 'change': True}
2020-05-25 19:57:54,941 : INFO : EventManager : Event: ======'machine_var_audits_switches_s_main_inlane_right'====== Args={'value': 63, 'prev_value': None, 'change': True}
2020-05-25 19:57:54,945 : INFO : EventManager : Event: ======'machine_var_audits_switches_s_main_kickout_right'====== Args={'value': 126, 'prev_value': None, 'change': True}
2020-05-25 19:57:54,949 : INFO : EventManager : Event: ======'machine_var_audits_switches_s_main_lane_center'====== Args={'value': 82, 'prev_value': None, 'change': True}
2020-05-25 19:57:54,954 : INFO : EventManager : Event: ======'machine_var_audits_switches_s_main_outhole'====== Args={'value': 370, 'prev_value': None, 'change': True}
2020-05-25 19:57:54,958 : INFO : EventManager : Event: ======'machine_var_audits_switches_s_main_outlane_left'====== Args={'value': 13, 'prev_value': None, 'change': True}
2020-05-25 19:57:54,962 : INFO : EventManager : Event: ======'machine_var_audits_switches_s_main_outlane_right'====== Args={'value': 40, 'prev_value': None, 'change': True}
2020-05-25 19:57:54,966 : INFO : EventManager : Event: ======'machine_var_audits_switches_s_main_pop_bottom'====== Args={'value': 130, 'prev_value': None, 'change': True}
2020-05-25 19:57:54,971 : INFO : EventManager : Event: ======'machine_var_audits_switches_s_main_pop_top'====== Args={'value': 111, 'prev_value': None, 'change': True}
2020-05-25 19:57:54,975 : INFO : EventManager : Event: ======'machine_var_audits_switches_s_main_rollunder'====== Args={'value': 74, 'prev_value': None, 'change': True}
2020-05-25 19:57:54,979 : INFO : EventManager : Event: ======'machine_var_audits_switches_s_main_roundabout_rollunder'====== Args={'value': 52, 'prev_value': None, 'change': True}
2020-05-25 19:57:54,983 : INFO : EventManager : Event: ======'machine_var_audits_switches_s_main_secret_trough'====== Args={'value': 21, 'prev_value': None, 'change': True}
2020-05-25 19:57:54,988 : INFO : EventManager : Event: ======'machine_var_audits_switches_s_main_slingshot'====== Args={'value': 222, 'prev_value': None, 'change': True}
2020-05-25 19:57:54,992 : INFO : EventManager : Event: ======'machine_var_audits_switches_s_main_target_right'====== Args={'value': 115, 'prev_value': None, 'change': True}
2020-05-25 19:57:54,997 : INFO : EventManager : Event: ======'machine_var_audits_switches_s_main_trapdoor_trough'====== Args={'value': 0, 'prev_value': None, 'change': True}
2020-05-25 19:57:55,002 : INFO : EventManager : Event: ======'machine_var_audits_switches_s_main_vuk'====== Args={'value': 220, 'prev_value': None, 'change': True}
2020-05-25 19:57:55,006 : INFO : EventManager : Event: ======'machine_var_audits_switches_s_right_flipper1'====== Args={'value': 195, 'prev_value': None, 'change': True}
2020-05-25 19:57:55,010 : INFO : EventManager : Event: ======'machine_var_audits_switches_s_right_flipper2'====== Args={'value': 257, 'prev_value': None, 'change': True}
2020-05-25 19:57:55,015 : INFO : EventManager : Event: ======'machine_var_audits_switches_s_start'====== Args={'value': 1, 'prev_value': None, 'change': True}
2020-05-25 19:57:55,020 : INFO : EventManager : Event: ======'machine_var_audits_switches_s_upper_10pt_center'====== Args={'value': 164, 'prev_value': None, 'change': True}
2020-05-25 19:57:55,025 : INFO : EventManager : Event: ======'machine_var_audits_switches_s_upper_10pt_left'====== Args={'value': 106, 'prev_value': None, 'change': True}
2020-05-25 19:57:55,029 : INFO : EventManager : Event: ======'machine_var_audits_switches_s_upper_1_drop'====== Args={'value': 51, 'prev_value': None, 'change': True}
2020-05-25 19:57:55,034 : INFO : EventManager : Event: ======'machine_var_audits_switches_s_upper_1_target'====== Args={'value': 86, 'prev_value': None, 'change': True}
2020-05-25 19:57:55,039 : INFO : EventManager : Event: ======'machine_var_audits_switches_s_upper_2_drop'====== Args={'value': 52, 'prev_value': None, 'change': True}
2020-05-25 19:57:55,044 : INFO : EventManager : Event: ======'machine_var_audits_switches_s_upper_2_target'====== Args={'value': 132, 'prev_value': None, 'change': True}
2020-05-25 19:57:55,050 : INFO : EventManager : Event: ======'machine_var_audits_switches_s_upper_3_drop'====== Args={'value': 54, 'prev_value': None, 'change': True}
2020-05-25 19:57:55,054 : INFO : EventManager : Event: ======'machine_var_audits_switches_s_upper_3_target'====== Args={'value': 58, 'prev_value': None, 'change': True}
2020-05-25 19:57:55,059 : INFO : EventManager : Event: ======'machine_var_audits_switches_s_upper_4_drop'====== Args={'value': 75, 'prev_value': None, 'change': True}
2020-05-25 19:57:55,064 : INFO : EventManager : Event: ======'machine_var_audits_switches_s_upper_4_target'====== Args={'value': 55, 'prev_value': None, 'change': True}
2020-05-25 19:57:55,069 : INFO : EventManager : Event: ======'machine_var_audits_switches_s_upper_pop'====== Args={'value': 475, 'prev_value': None, 'change': True}
2020-05-25 19:57:55,074 : INFO : EventManager : Event: ======'init_phase_5'====== Args={}
2020-05-25 19:57:55,133 : INFO : EventManager : Event: ======'init_done'====== Args={}
2020-05-25 19:57:55,139 : INFO : EventManager : Event: ======'machine_reset_phase_1'====== Args={}
2020-05-25 19:57:55,148 : INFO : EventManager : Event: ======'slide_welcome_slide_removed'====== Args={'_from_bcp': True}
2020-05-25 19:57:55,164 : INFO : EventManager : Event: ======'slide_welcome_slide_created'====== Args={'_from_bcp': True}
2020-05-25 19:57:55,168 : INFO : EventManager : Event: ======'machine_reset_phase_2'====== Args={}
2020-05-25 19:57:55,169 : INFO : EventManager : Event: ======'machine_reset_phase_3'====== Args={}
2020-05-25 19:57:55,171 : INFO : drop_target_bank.upper : 3 targets are down. Will reset those.
2020-05-25 19:57:55,173 : INFO : coil.c_upper_drop : Pulsing Driver for 75ms (1.0 pulse_power)
2020-05-25 19:57:55,174 : INFO : drop_target_bank.lower : All targets are already up. Will not reset bank.
2020-05-25 19:57:55,175 : INFO : coil.c_upper_drop : Pulsing Driver for 75ms (1.0 pulse_power)
2020-05-25 19:57:55,176 : INFO : coil.c_upper_drop : Pulsing Driver for 75ms (1.0 pulse_power)
2020-05-25 19:57:55,178 : INFO : EventManager : Event: ======'reset_complete'====== Args={}
2020-05-25 19:57:55,179 : INFO : EventManager : Event: ======'mode_attract_will_start'====== Args={}
2020-05-25 19:57:55,187 : INFO : EventManager : Event: ======'mode_attract_starting'====== Args={}
2020-05-25 19:57:55,187 : INFO : Mode.attract : Started. Priority: 10
2020-05-25 19:57:55,188 : INFO : EventManager : Event: ======'mode_attract_started'====== Args={}
2020-05-25 19:57:55,193 : INFO : EventManager : Event: ======'collecting_balls_complete'====== Args={}
2020-05-25 19:57:55,363 : INFO : EventManager : Event: ======'slide_welcome_slide_active'====== Args={'_from_bcp': True}
2020-05-25 19:57:55,364 : INFO : EventManager : Event: ======'slide_awesome_slide_created'====== Args={'_from_bcp': True}
2020-05-25 19:57:55,365 : INFO : EventManager : Event: ======'slide_awesome_slide_active'====== Args={'_from_bcp': True}
2020-05-25 19:57:55,365 : INFO : coil.c_upper_drop : Pulsing Driver for 75ms (1.0 pulse_power)
2020-05-25 19:57:55,442 : INFO : Machine : Starting the main run loop.
2020-05-25 19:57:55,670 : INFO : EventManager : Event: ======'restore'====== Args={}
2020-05-25 19:57:55,671 : INFO : EventManager : Event: ======'drop_target_bank_upper_mixed'====== Args={'down': 3}
2020-05-25 19:57:58,218 : INFO : EventManager : Event: ======'slide_press_start_created'====== Args={'_from_bcp': True}
2020-05-25 19:57:58,228 : INFO : EventManager : Event: ======'slide_press_start_active'====== Args={'_from_bcp': True}
2020-05-25 19:58:01,199 : INFO : EventManager : Event: ======'slide_mission_pinball_created'====== Args={'_from_bcp': True}
2020-05-25 19:58:01,205 : INFO : EventManager : Event: ======'slide_mission_pinball_active'====== Args={'_from_bcp': True}
2020-05-25 19:58:04,207 : INFO : EventManager : Event: ======'slide_last_game_score_slide_created'====== Args={'_from_bcp': True}
2020-05-25 19:58:04,216 : INFO : EventManager : Event: ======'slide_last_game_score_slide_active'====== Args={'_from_bcp': True}
2020-05-25 19:58:07,206 : INFO : EventManager : Event: ======'slide_awesome_slide_removed'====== Args={'_from_bcp': True}
2020-05-25 19:58:07,212 : INFO : EventManager : Event: ======'slide_awesome_slide_created'====== Args={'_from_bcp': True}
2020-05-25 19:58:07,217 : INFO : EventManager : Event: ======'slide_awesome_slide_active'====== Args={'_from_bcp': True}
2020-05-25 19:58:10,203 : INFO : EventManager : Event: ======'slide_press_start_removed'====== Args={'_from_bcp': True}
2020-05-25 19:58:10,224 : INFO : EventManager : Event: ======'slide_press_start_created'====== Args={'_from_bcp': True}
2020-05-25 19:58:10,235 : INFO : EventManager : Event: ======'slide_press_start_active'====== Args={'_from_bcp': True}
2020-05-25 19:58:13,192 : INFO : EventManager : Event: ======'slide_mission_pinball_removed'====== Args={'_from_bcp': True}
2020-05-25 19:58:13,202 : INFO : EventManager : Event: ======'slide_mission_pinball_created'====== Args={'_from_bcp': True}
2020-05-25 19:58:13,209 : INFO : EventManager : Event: ======'slide_mission_pinball_active'====== Args={'_from_bcp': True}
2020-05-25 19:58:16,195 : INFO : EventManager : Event: ======'slide_last_game_score_slide_removed'====== Args={'_from_bcp': True}
2020-05-25 19:58:16,212 : INFO : EventManager : Event: ======'slide_last_game_score_slide_created'====== Args={'_from_bcp': True}
2020-05-25 19:58:16,223 : INFO : EventManager : Event: ======'slide_last_game_score_slide_active'====== Args={'_from_bcp': True}
2020-05-25 19:58:19,201 : INFO : EventManager : Event: ======'slide_awesome_slide_removed'====== Args={'_from_bcp': True}
2020-05-25 19:58:19,207 : INFO : EventManager : Event: ======'slide_awesome_slide_created'====== Args={'_from_bcp': True}
2020-05-25 19:58:19,211 : INFO : EventManager : Event: ======'slide_awesome_slide_active'====== Args={'_from_bcp': True}
2020-05-25 19:58:22,199 : INFO : EventManager : Event: ======'slide_press_start_removed'====== Args={'_from_bcp': True}
2020-05-25 19:58:22,222 : INFO : EventManager : Event: ======'slide_press_start_created'====== Args={'_from_bcp': True}
2020-05-25 19:58:22,233 : INFO : EventManager : Event: ======'slide_press_start_active'====== Args={'_from_bcp': True}
2020-05-25 19:58:25,203 : INFO : EventManager : Event: ======'slide_mission_pinball_removed'====== Args={'_from_bcp': True}
2020-05-25 19:58:25,215 : INFO : EventManager : Event: ======'slide_mission_pinball_created'====== Args={'_from_bcp': True}
2020-05-25 19:58:25,221 : INFO : EventManager : Event: ======'slide_mission_pinball_active'====== Args={'_from_bcp': True}
2020-05-25 19:58:28,204 : INFO : EventManager : Event: ======'slide_last_game_score_slide_removed'====== Args={'_from_bcp': True}
2020-05-25 19:58:28,228 : INFO : EventManager : Event: ======'slide_last_game_score_slide_created'====== Args={'_from_bcp': True}
2020-05-25 19:58:28,239 : INFO : EventManager : Event: ======'slide_last_game_score_slide_active'====== Args={'_from_bcp': True}
2020-05-25 19:58:31,202 : INFO : EventManager : Event: ======'slide_awesome_slide_removed'====== Args={'_from_bcp': True}
2020-05-25 19:58:31,206 : INFO : EventManager : Event: ======'slide_awesome_slide_created'====== Args={'_from_bcp': True}
2020-05-25 19:58:31,213 : INFO : EventManager : Event: ======'slide_awesome_slide_active'====== Args={'_from_bcp': True}
2020-05-25 19:58:34,205 : INFO : EventManager : Event: ======'slide_press_start_removed'====== Args={'_from_bcp': True}
2020-05-25 19:58:34,221 : INFO : EventManager : Event: ======'slide_press_start_created'====== Args={'_from_bcp': True}
2020-05-25 19:58:34,231 : INFO : EventManager : Event: ======'slide_press_start_active'====== Args={'_from_bcp': True}
2020-05-25 19:58:37,201 : INFO : EventManager : Event: ======'slide_mission_pinball_removed'====== Args={'_from_bcp': True}
2020-05-25 19:58:37,209 : INFO : EventManager : Event: ======'slide_mission_pinball_created'====== Args={'_from_bcp': True}
2020-05-25 19:58:37,217 : INFO : EventManager : Event: ======'slide_mission_pinball_active'====== Args={'_from_bcp': True}
2020-05-25 19:58:40,215 : INFO : EventManager : Event: ======'slide_last_game_score_slide_removed'====== Args={'_from_bcp': True}
2020-05-25 19:58:40,222 : INFO : EventManager : Event: ======'slide_last_game_score_slide_created'====== Args={'_from_bcp': True}
2020-05-25 19:58:40,230 : INFO : EventManager : Event: ======'slide_last_game_score_slide_active'====== Args={'_from_bcp': True}
2020-05-25 19:58:43,188 : INFO : EventManager : Event: ======'slide_awesome_slide_removed'====== Args={'_from_bcp': True}
2020-05-25 19:58:43,202 : INFO : EventManager : Event: ======'slide_awesome_slide_created'====== Args={'_from_bcp': True}
2020-05-25 19:58:43,212 : INFO : EventManager : Event: ======'slide_awesome_slide_active'====== Args={'_from_bcp': True}
2020-05-25 19:58:46,206 : INFO : EventManager : Event: ======'slide_press_start_removed'====== Args={'_from_bcp': True}
2020-05-25 19:58:46,218 : INFO : EventManager : Event: ======'slide_press_start_created'====== Args={'_from_bcp': True}
2020-05-25 19:58:46,228 : INFO : EventManager : Event: ======'slide_press_start_active'====== Args={'_from_bcp': True}
2020-05-25 19:58:49,203 : INFO : EventManager : Event: ======'slide_mission_pinball_removed'====== Args={'_from_bcp': True}
2020-05-25 19:58:49,211 : INFO : EventManager : Event: ======'slide_mission_pinball_created'====== Args={'_from_bcp': True}
2020-05-25 19:58:49,217 : INFO : EventManager : Event: ======'slide_mission_pinball_active'====== Args={'_from_bcp': True}
2020-05-25 19:58:52,194 : INFO : EventManager : Event: ======'slide_last_game_score_slide_removed'====== Args={'_from_bcp': True}
2020-05-25 19:58:52,216 : INFO : EventManager : Event: ======'slide_last_game_score_slide_created'====== Args={'_from_bcp': True}
2020-05-25 19:58:52,229 : INFO : EventManager : Event: ======'slide_last_game_score_slide_active'====== Args={'_from_bcp': True}
2020-05-25 19:58:55,205 : INFO : EventManager : Event: ======'slide_awesome_slide_removed'====== Args={'_from_bcp': True}
2020-05-25 19:58:55,215 : INFO : EventManager : Event: ======'slide_awesome_slide_created'====== Args={'_from_bcp': True}
2020-05-25 19:58:55,223 : INFO : EventManager : Event: ======'slide_awesome_slide_active'====== Args={'_from_bcp': True}
2020-05-25 19:58:55,479 : INFO : Machine : Shutting down...
2020-05-25 19:58:55,479 : INFO : EventManager : Event: ======'shutdown'====== Args={}
2020-05-25 19:58:55,513 : INFO : root : MPF run loop ended.
