2020-05-25 18:41:19,757 : kivy : Factory: 184 symbols loaded
2020-05-25 18:41:20,366 : kivy : Image: Providers: img_tex, img_dds, img_sdl2, img_pil, img_gif (img_ffpyplayer ignored)
2020-05-25 18:41:20,631 : kivy : VideoGstplayer: Using Gstreamer 1.16.0.0
2020-05-25 18:41:20,631 : kivy : Video: Provider: gstplayer
2020-05-25 18:41:20,927 : kivy : Loading MPF-MC controller
2020-05-25 18:41:20,927 : mpfmc : Mission Pinball Framework Media Controller v0.53.3
2020-05-25 18:41:20,927 : mpfmc : Mission Pinball Framework Game Engine v0.53.3
2020-05-25 18:41:20,943 : mpfmc : Machine path: C:\pinball\HauntedHouse
2020-05-25 18:41:20,958 : ConfigProcessor : Config file in cache changed: C:\pinball\HauntedHouse\config\config
2020-05-25 18:41:20,958 : ConfigProcessor : Loading config from file c:\users\hans\appdata\local\programs\python\python36-32\lib\site-packages\mpfmc\mcconfig.yaml.
2020-05-25 18:41:21,380 : ConfigProcessor : Loading config: c:\users\hans\appdata\local\programs\python\python36-32\lib\site-packages\mpfmc\mcconfig.yaml
2020-05-25 18:41:25,233 : ConfigValidator : Config spec file cache created: C:\Users\Hans\AppData\Local\Temp\config_spec.mpf_cache
2020-05-25 18:41:25,280 : ConfigProcessor : Loading config from file C:\pinball\HauntedHouse\config\config.
2020-05-25 18:41:26,169 : ConfigProcessor : Loading config: C:\pinball\HauntedHouse\config\config
2020-05-25 18:41:26,185 : ConfigProcessor : Config file cache created: C:\Users\Hans\AppData\Local\Temp\1db0e0e3fd8cb1ead45d2e51d225dce4.mpf_cache
2020-05-25 18:41:26,185 : mpfmc : Starting clock at 60.0Hz
2020-05-25 18:41:26,247 : kivy : Text: Provider: sdl2
2020-05-25 18:41:26,419 : kivy : Window: Provider: sdl2
2020-05-25 18:41:26,946 : kivy : GL: Using the "OpenGL" graphics system
2020-05-25 18:41:26,950 : kivy : GL: GLEW initialization succeeded
2020-05-25 18:41:26,951 : kivy : GL: Backend used <glew>
2020-05-25 18:41:26,951 : kivy : GL: OpenGL version <b'3.0'>
2020-05-25 18:41:26,952 : kivy : GL: OpenGL vendor <b'Intel Corporation'>
2020-05-25 18:41:26,952 : kivy : GL: OpenGL renderer <b'Intel(R) Graphics Media Accelerator 3600 Series'>
2020-05-25 18:41:26,953 : kivy : GL: OpenGL parsed version: 3, 0
2020-05-25 18:41:26,953 : kivy : GL: Shading version <b'1.30'>
2020-05-25 18:41:26,954 : kivy : GL: Texture max size <8192>
2020-05-25 18:41:26,954 : kivy : GL: Texture max units <16>
2020-05-25 18:41:27,073 : kivy : Window: auto add sdl2 input provider
2020-05-25 18:41:27,074 : kivy : Window: virtual keyboard not allowed, single mode, not docked
2020-05-25 18:41:27,104 : SoundSystem : SoundSystem: Using default 'sound_system' settings
2020-05-25 18:41:28,162 : AudioInterface : Initialized
2020-05-25 18:41:28,163 : SoundSystem : No audio tracks are specified in your machine config file. a track named 'default' has been created.
2020-05-25 18:41:28,179 : kivy : Base: Start application main loop
2020-05-25 18:41:28,181 : EventManager : Event: ======'display_window_initialized'====== Args={}
2020-05-25 18:41:28,225 : mpfmc : Display: Setting 'window' as default display
2020-05-25 18:41:28,246 : EventManager : Event: ======'displays_initialized'====== Args={}
2020-05-25 18:41:28,252 : EventManager : Event: ======'slide_window_blank_created'====== Args={}
2020-05-25 18:41:28,252 : EventManager : Event: ======'display_window_ready'====== Args={}
2020-05-25 18:41:28,292 : EventManager : Event: ======'init_phase_1'====== Args={}
2020-05-25 18:41:28,318 : EventManager : Event: ======'mc_ready'====== Args={}
2020-05-25 18:41:28,318 : EventManager : Event: ======'init_phase_2'====== Args={}
2020-05-25 18:41:28,325 : ConfigProcessor : Loading config from cache: C:\Users\Hans\AppData\Local\Temp\fd4d0ac963aaaec6abb4cac3da0cded0.mpf_cache
2020-05-25 18:41:28,332 : ConfigProcessor : Loading config from cache: C:\Users\Hans\AppData\Local\Temp\7d6c1285f2e862430ea29e9aa05d0f73.mpf_cache
2020-05-25 18:41:28,336 : ConfigProcessor : Loading config from cache: C:\Users\Hans\AppData\Local\Temp\ac83460c407a763630a505790089d322.mpf_cache
2020-05-25 18:41:28,338 : EventManager : Event: ======'init_phase_3'====== Args={}
2020-05-25 18:41:28,342 : EventManager : Event: ======'init_phase_4'====== Args={}
2020-05-25 18:41:28,342 : EventManager : Event: ======'init_phase_5'====== Args={}
2020-05-25 18:41:28,343 : EventManager : Event: ======'init_done'====== Args={}
2020-05-25 18:41:28,344 : MPF-MC BCP Server : Starting up on localhost port 5050
2020-05-25 18:41:28,353 : MPF-MC BCP Server : Waiting for a connection...
2020-05-25 18:41:28,354 : mpfmc : SlidePlayer: Play called with settings={'slides': {welcome_slide-None-None: {'priority': None, 'target': None, 'background_color': [0.0, 0.0, 0.0, 1.0], 'show': True, 'force': False, 'expire': None, 'slide': None, 'tokens': {}, 'action': 'play', 'transition': None, 'transition_out': None}}}
2020-05-25 18:41:28,373 : kivy : GL: NPOT texture support is available
2020-05-25 18:41:28,381 : EventManager : Event: ======'slide_welcome_slide_created'====== Args={}
2020-05-25 18:41:28,404 : EventManager : Event: ======'slide_welcome_slide_active'====== Args={}
2020-05-25 18:41:28,436 : EventManager : Event: ======'client_disconnected'====== Args={'host': '127.0.0.1', 'port': 5050}
2020-05-25 18:42:01,291 : kivy : Base: Leaving application in progress...
