2020-05-20 18:12:06,784 : kivy : Factory: 184 symbols loaded
2020-05-20 18:12:07,377 : kivy : Image: Providers: img_tex, img_dds, img_sdl2, img_pil, img_gif (img_ffpyplayer ignored)
2020-05-20 18:12:07,642 : kivy : VideoGstplayer: Using Gstreamer 1.16.0.0
2020-05-20 18:12:07,642 : kivy : Video: Provider: gstplayer
2020-05-20 18:12:07,970 : kivy : Loading MPF-MC controller
2020-05-20 18:12:07,970 : mpfmc : Mission Pinball Framework Media Controller v0.53.3
2020-05-20 18:12:07,970 : mpfmc : Mission Pinball Framework Game Engine v0.53.3
2020-05-20 18:12:07,970 : mpfmc : Machine path: C:\pinball\HauntedHouse
2020-05-20 18:12:07,970 : ConfigProcessor : Config file in cache changed: C:\pinball\HauntedHouse\config\config
2020-05-20 18:12:07,970 : ConfigProcessor : Loading config from file c:\users\hans\appdata\local\programs\python\python36-32\lib\site-packages\mpfmc\mcconfig.yaml.
2020-05-20 18:12:08,375 : ConfigProcessor : Loading config: c:\users\hans\appdata\local\programs\python\python36-32\lib\site-packages\mpfmc\mcconfig.yaml
2020-05-20 18:12:11,948 : ConfigValidator : Config spec file cache created: C:\Users\Hans\AppData\Local\Temp\config_spec.mpf_cache
2020-05-20 18:12:12,010 : ConfigProcessor : Loading config from file C:\pinball\HauntedHouse\config\config.
2020-05-20 18:12:12,821 : ConfigProcessor : Loading config: C:\pinball\HauntedHouse\config\config
2020-05-20 18:12:12,837 : ConfigProcessor : Config file cache created: C:\Users\Hans\AppData\Local\Temp\1db0e0e3fd8cb1ead45d2e51d225dce4.mpf_cache
2020-05-20 18:12:12,837 : mpfmc : Starting clock at 60.0Hz
2020-05-20 18:12:12,915 : kivy : Text: Provider: sdl2
2020-05-20 18:12:13,086 : kivy : Window: Provider: sdl2
2020-05-20 18:12:13,614 : kivy : GL: Using the "OpenGL" graphics system
2020-05-20 18:12:13,620 : kivy : GL: GLEW initialization succeeded
2020-05-20 18:12:13,620 : kivy : GL: Backend used <glew>
2020-05-20 18:12:13,621 : kivy : GL: OpenGL version <b'3.0'>
2020-05-20 18:12:13,621 : kivy : GL: OpenGL vendor <b'Intel Corporation'>
2020-05-20 18:12:13,622 : kivy : GL: OpenGL renderer <b'Intel(R) Graphics Media Accelerator 3600 Series'>
2020-05-20 18:12:13,622 : kivy : GL: OpenGL parsed version: 3, 0
2020-05-20 18:12:13,622 : kivy : GL: Shading version <b'1.30'>
2020-05-20 18:12:13,623 : kivy : GL: Texture max size <8192>
2020-05-20 18:12:13,623 : kivy : GL: Texture max units <16>
2020-05-20 18:12:13,747 : kivy : Window: auto add sdl2 input provider
2020-05-20 18:12:13,748 : kivy : Window: virtual keyboard not allowed, single mode, not docked
2020-05-20 18:12:13,783 : SoundSystem : SoundSystem: Using default 'sound_system' settings
2020-05-20 18:12:14,748 : AudioInterface : Initialized
2020-05-20 18:12:14,749 : SoundSystem : No audio tracks are specified in your machine config file. a track named 'default' has been created.
2020-05-20 18:12:14,766 : kivy : Base: Start application main loop
2020-05-20 18:12:14,768 : EventManager : Event: ======'display_window_initialized'====== Args={}
2020-05-20 18:12:14,816 : mpfmc : Display: Setting 'window' as default display
2020-05-20 18:12:14,839 : EventManager : Event: ======'displays_initialized'====== Args={}
2020-05-20 18:12:14,844 : EventManager : Event: ======'slide_window_blank_created'====== Args={}
2020-05-20 18:12:14,845 : EventManager : Event: ======'display_window_ready'====== Args={}
2020-05-20 18:12:14,885 : EventManager : Event: ======'init_phase_1'====== Args={}
2020-05-20 18:12:14,912 : EventManager : Event: ======'mc_ready'====== Args={}
2020-05-20 18:12:14,912 : EventManager : Event: ======'init_phase_2'====== Args={}
2020-05-20 18:12:14,919 : ConfigProcessor : Loading config from cache: C:\Users\Hans\AppData\Local\Temp\fd4d0ac963aaaec6abb4cac3da0cded0.mpf_cache
2020-05-20 18:12:14,926 : ConfigProcessor : Loading config from cache: C:\Users\Hans\AppData\Local\Temp\7d6c1285f2e862430ea29e9aa05d0f73.mpf_cache
2020-05-20 18:12:14,929 : ConfigProcessor : Loading config from cache: C:\Users\Hans\AppData\Local\Temp\5bc0fa50944284867e966a154a822445.mpf_cache
2020-05-20 18:12:14,931 : EventManager : Event: ======'init_phase_3'====== Args={}
2020-05-20 18:12:14,935 : EventManager : Event: ======'init_phase_4'====== Args={}
2020-05-20 18:12:14,935 : EventManager : Event: ======'init_phase_5'====== Args={}
2020-05-20 18:12:14,936 : EventManager : Event: ======'init_done'====== Args={}
2020-05-20 18:12:14,937 : MPF-MC BCP Server : Starting up on localhost port 5050
2020-05-20 18:12:14,946 : MPF-MC BCP Server : Waiting for a connection...
2020-05-20 18:12:14,946 : mpfmc : SlidePlayer: Play called with settings={'slides': {welcome_slide-None-None: {'priority': None, 'target': None, 'background_color': [0.0, 0.0, 0.0, 1.0], 'show': True, 'force': False, 'expire': None, 'slide': None, 'tokens': {}, 'action': 'play', 'transition': None, 'transition_out': None}}}
2020-05-20 18:12:14,966 : kivy : GL: NPOT texture support is available
2020-05-20 18:12:14,974 : EventManager : Event: ======'slide_welcome_slide_created'====== Args={}
2020-05-20 18:12:14,997 : EventManager : Event: ======'slide_welcome_slide_active'====== Args={}
2020-05-20 18:12:15,018 : MPF-MC BCP Server : Received connection from: 127.0.0.1:49212
2020-05-20 18:12:15,042 : EventManager : Event: ======'client_disconnected'====== Args={'host': '127.0.0.1', 'port': 5050}
2020-05-20 18:12:15,043 : EventManager : Event: ======'client_connected'====== Args={'host': '127.0.0.1', 'port': 49212}
2020-05-20 18:12:15,149 : EventManager : Event: ======'machine_var_p_roc_version'====== Args={'value': 2, 'prev_value': None, 'change': True}
2020-05-20 18:12:15,150 : EventManager : Event: ======'machine_var_p_roc_revision'====== Args={'value': 6, 'prev_value': None, 'change': True}
2020-05-20 18:12:15,150 : EventManager : Event: ======'machine_var_p_roc_hardware_version'====== Args={'value': 1, 'prev_value': None, 'change': True}
2020-05-20 18:12:15,151 : EventManager : Event: ======'machine_var_credits_string'====== Args={'value': 'FREE PLAY', 'prev_value': None, 'change': True}
2020-05-20 18:12:15,152 : EventManager : Event: ======'machine_var_player1_score'====== Args={'value': 26030, 'prev_value': None, 'change': True}
2020-05-20 18:12:15,153 : EventManager : Event: ======'machine_var_mpf_version'====== Args={'value': 'MPF v0.53.3', 'prev_value': None, 'change': True}
2020-05-20 18:12:15,154 : EventManager : Event: ======'machine_var_mpf_extended_version'====== Args={'value': 'MPF v0.53.3, Config version:5, Show version: 5, BCP version:1.1', 'prev_value': None, 'change': True}
2020-05-20 18:12:15,154 : EventManager : Event: ======'machine_var_python_version'====== Args={'value': '3.6.8', 'prev_value': None, 'change': True}
2020-05-20 18:12:15,155 : EventManager : Event: ======'machine_var_platform'====== Args={'value': 'Windows-7-6.1.7601-SP1', 'prev_value': None, 'change': True}
2020-05-20 18:12:15,155 : EventManager : Event: ======'machine_var_platform_system'====== Args={'value': 'Windows', 'prev_value': None, 'change': True}
2020-05-20 18:12:15,156 : EventManager : Event: ======'machine_var_platform_release'====== Args={'value': '7', 'prev_value': None, 'change': True}
2020-05-20 18:12:15,156 : EventManager : Event: ======'machine_var_platform_version'====== Args={'value': '6.1.7601', 'prev_value': None, 'change': True}
2020-05-20 18:12:15,157 : EventManager : Event: ======'machine_var_platform_machine'====== Args={'value': 'x86', 'prev_value': None, 'change': True}
2020-05-20 18:12:15,158 : EventManager : Event: ======'machine_var_mc_version'====== Args={'value': 'MPF-MC v0.53.3', 'prev_value': None, 'change': True}
2020-05-20 18:12:15,158 : EventManager : Event: ======'machine_var_mc_extended_version'====== Args={'value': 'MPF-MC v0.53.3 (config_version=5, BCP v1.1, Requires MPF v0.53.0)', 'prev_value': None, 'change': True}
2020-05-20 18:12:15,159 : EventManager : Event: ======'machine_var_master_volume'====== Args={'value': 0.5, 'prev_value': None, 'change': True}
2020-05-20 18:12:15,492 : mpfmc : Stopping...
2020-05-20 18:12:15,493 : EventManager : Event: ======'shutdown'====== Args={}
2020-05-20 18:12:15,535 : mpfmc : Loop rate 51.54 Hz
2020-05-20 18:12:15,536 : kivy : Base: Leaving application in progress...
2020-05-20 18:12:15,550 : kivy : WindowSDL: exiting mainloop and closing.
2020-05-20 18:12:15,621 : mpfmc : Stopping...
2020-05-20 18:12:15,621 : EventManager : Event: ======'shutdown'====== Args={}
2020-05-20 18:12:15,621 : mpfmc : Loop rate 47.61 Hz
2020-05-20 18:12:15,621 : kivy : MC run loop ended.
2020-05-20 18:12:15,621 : kivy : Stopping child threads... (2 remaining)
2020-05-20 18:12:16,073 : MPF-MC BCP Server : Stopping BCP sending thread
2020-05-20 18:12:16,182 : kivy : All child threads stopped.
