2022-03-19 17:10:07,940 : INFO : Machine : Mission Pinball Framework Core Engine v0.53.3
2022-03-19 17:10:07,940 : INFO : Machine : Command line arguments: {'no_load_cache': False, 'create_config_cache': True, 'bcp': False, 'configfile': ['config.yaml'], 'mpfconfigfile': 'c:\\users\\hans\\appdata\\local\\programs\\python\\python36-32\\lib\\site-packages\\mpf\\mpfconfig.yaml', 'force_assets_load': False, 'jsonlogging': False, 'logfile': 'logs\\2022-03-19-17-10-07-mpf-Hans-PC.log', 'pause': False, 'production': False, 'text_ui': True, 'loglevel': 15, 'consoleloglevel': 20, 'force_platform': None, 'syslog_address': None, 'mc_file_name': None, 'no_sound': False}
2022-03-19 17:10:07,940 : INFO : Machine : MPF path: c:\users\hans\appdata\local\programs\python\python36-32\lib\site-packages\mpf
2022-03-19 17:10:07,940 : INFO : Machine : Machine path: C:\pinball\HauntedHouse
2022-03-19 17:10:07,940 : INFO : Machine : Platform: win32
2022-03-19 17:10:07,940 : INFO : Machine : Python executable location: c:\users\hans\appdata\local\programs\python\python36-32\python.exe
2022-03-19 17:10:07,940 : INFO : Machine : Python version: 3.6.8 (32-bit)
2022-03-19 17:10:07,940 : INFO : Machine : Machine config file #1: config.yaml
2022-03-19 17:10:07,940 : INFO : ConfigProcessor : Loading config from cache: C:\Users\Hans\AppData\Local\Temp\6e040aaf1f6a41fde2348c429eac1a1c.mpf_cache
2022-03-19 17:10:07,956 : INFO : Machine : Initialise MPF.
2022-03-19 17:10:11,497 : INFO : ConfigValidator : Config spec file cache created: C:\Users\Hans\AppData\Local\Temp\config_spec.mpf_cache
2022-03-19 17:10:12,308 : INFO : P3-ROC : Connecting to P-ROC
2022-03-19 17:10:12,807 : INFO : P3-ROC : Successfully connected to P-ROC/P3-ROC. Firmware Version: 2. Firmware Revision: 6. Hardware Board ID: 1
2022-03-19 17:10:13,104 : INFO : EventManager : Event: ======'machine_var_p_roc_version'====== Args={'value': 2, 'prev_value': None, 'change': True}
2022-03-19 17:10:13,104 : INFO : EventManager : Event: ======'machine_var_p_roc_revision'====== Args={'value': 6, 'prev_value': None, 'change': True}
2022-03-19 17:10:13,104 : INFO : EventManager : Event: ======'machine_var_p_roc_hardware_version'====== Args={'value': 1, 'prev_value': None, 'change': True}
2022-03-19 17:10:13,151 : INFO : EventManager : Event: ======'machine_var_credits_string'====== Args={'value': 'FREE PLAY', 'prev_value': None, 'change': True}
2022-03-19 17:10:13,463 : INFO : EventManager : Event: ======'machine_var_player1_score'====== Args={'value': 29150, 'prev_value': None, 'change': True}
2022-03-19 17:10:13,463 : INFO : EventManager : Event: ======'machine_var_mpf_version'====== Args={'value': 'MPF v0.53.3', 'prev_value': None, 'change': True}
2022-03-19 17:10:13,463 : INFO : EventManager : Event: ======'machine_var_mpf_extended_version'====== Args={'value': 'MPF v0.53.3, Config version:5, Show version: 5, BCP version:1.1', 'prev_value': None, 'change': True}
2022-03-19 17:10:13,463 : INFO : EventManager : Event: ======'machine_var_python_version'====== Args={'value': '3.6.8', 'prev_value': None, 'change': True}
2022-03-19 17:10:13,463 : INFO : EventManager : Event: ======'machine_var_platform'====== Args={'value': 'Windows-7-6.1.7601-SP1', 'prev_value': None, 'change': True}
2022-03-19 17:10:13,463 : INFO : EventManager : Event: ======'machine_var_platform_system'====== Args={'value': 'Windows', 'prev_value': None, 'change': True}
2022-03-19 17:10:13,463 : INFO : EventManager : Event: ======'machine_var_platform_release'====== Args={'value': '7', 'prev_value': None, 'change': True}
2022-03-19 17:10:13,463 : INFO : EventManager : Event: ======'machine_var_platform_version'====== Args={'value': '6.1.7601', 'prev_value': None, 'change': True}
2022-03-19 17:10:13,463 : INFO : EventManager : Event: ======'machine_var_platform_machine'====== Args={'value': 'x86', 'prev_value': None, 'change': True}
2022-03-19 17:10:13,463 : INFO : EventManager : Event: ======'init_phase_1'====== Args={}
2022-03-19 17:10:13,650 : INFO : ConfigProcessor : Loading config from cache: C:\Users\Hans\AppData\Local\Temp\ac83460c407a763630a505790089d322.mpf_cache
2022-03-19 17:10:13,681 : INFO : ConfigProcessor : Loading config from cache: C:\Users\Hans\AppData\Local\Temp\7d6c1285f2e862430ea29e9aa05d0f73.mpf_cache
2022-03-19 17:10:13,712 : INFO : ConfigProcessor : Loading config from cache: C:\Users\Hans\AppData\Local\Temp\fd4d0ac963aaaec6abb4cac3da0cded0.mpf_cache
2022-03-19 17:10:14,055 : INFO : EventManager : Event: ======'drop_target_bank_upper_up'====== Args={}
2022-03-19 17:10:14,055 : INFO : EventManager : Event: ======'drop_target_bank_lower_up'====== Args={}
2022-03-19 17:10:14,087 : INFO : EventManager : Event: ======'init_phase_2'====== Args={}
2022-03-19 17:10:14,414 : INFO : EventManager : Event: ======'init_phase_3'====== Args={}
2022-03-19 17:10:14,414 : INFO : AssetManager : Registering Asset: attract_display_loop, File: attract_display_loop.yaml, Default Group: default, Final Config: {'load': 'preload', 'file': 'C:\\pinball\\HauntedHouse\\modes\\attract\\shows\\attract_display_loop.yaml'}
2022-03-19 17:10:14,414 : INFO : AssetManager : Registering Asset: attract_light_show, File: attract_light_show.yaml, Default Group: default, Final Config: {'load': 'preload', 'file': 'C:\\pinball\\HauntedHouse\\modes\\attract\\shows\\attract_light_show.yaml'}
2022-03-19 17:10:14,430 : INFO : ConfigProcessor : Loading config from cache: C:\Users\Hans\AppData\Local\Temp\636f49f53640d05219cf7c0882dcdaa5.mpf_cache
2022-03-19 17:10:14,445 : INFO : EventManager : Event: ======'loading_assets'====== Args={'total': 2, 'loaded': 1, 'remaining': 1, 'percent': 50}
2022-03-19 17:10:14,445 : INFO : AssetManager : Loading assets: 1/2 (50%)
2022-03-19 17:10:14,445 : INFO : ConfigProcessor : Loading config from cache: C:\Users\Hans\AppData\Local\Temp\9ea88fba871b7df57825a62800362443.mpf_cache
2022-03-19 17:10:14,445 : INFO : EventManager : Event: ======'loading_assets'====== Args={'total': 2, 'loaded': 2, 'remaining': 0, 'percent': 100}
2022-03-19 17:10:14,445 : INFO : AssetManager : Asset loading took: 2.230803966522217
2022-03-19 17:10:14,445 : INFO : EventManager : Event: ======'asset_loading_complete'====== Args={}
2022-03-19 17:10:14,461 : INFO : AssetManager : Loading assets: 2/2 (100%)
2022-03-19 17:10:14,461 : INFO : EventManager : Event: ======'init_phase_4'====== Args={}
2022-03-19 17:10:14,477 : INFO : EventManager : Event: ======'machine_var_audits_events_game_ended'====== Args={'value': 53, 'prev_value': None, 'change': True}
2022-03-19 17:10:14,477 : INFO : EventManager : Event: ======'machine_var_audits_events_game_started'====== Args={'value': 103, 'prev_value': None, 'change': True}
2022-03-19 17:10:14,477 : INFO : EventManager : Event: ======'machine_var_audits_player_score'====== Args={'value': {'average': 23430.178571428572, 'top': [120480, 114590, 92630, 76090, 75650, 71920, 57150, 56770, 56270, 46210], 'total': 56}, 'prev_value': None, 'change': True}
2022-03-19 17:10:14,477 : INFO : EventManager : Event: ======'machine_var_audits_shots_10pt'====== Args={'value': 188, 'prev_value': None, 'change': True}
2022-03-19 17:10:14,477 : INFO : EventManager : Event: ======'machine_var_audits_shots_left_inlane'====== Args={'value': 13, 'prev_value': None, 'change': True}
2022-03-19 17:10:14,477 : INFO : EventManager : Event: ======'machine_var_audits_shots_left_outlane'====== Args={'value': 6, 'prev_value': None, 'change': True}
2022-03-19 17:10:14,477 : INFO : EventManager : Event: ======'machine_var_audits_shots_lower_10pt_drops'====== Args={'value': 27, 'prev_value': None, 'change': True}
2022-03-19 17:10:14,477 : INFO : EventManager : Event: ======'machine_var_audits_shots_lower_10pt_lower'====== Args={'value': 10, 'prev_value': None, 'change': True}
2022-03-19 17:10:14,477 : INFO : EventManager : Event: ======'machine_var_audits_shots_lower_10pt_upper'====== Args={'value': 8, 'prev_value': None, 'change': True}
2022-03-19 17:10:14,477 : INFO : EventManager : Event: ======'machine_var_audits_shots_lower_1_drop'====== Args={'value': 37, 'prev_value': None, 'change': True}
2022-03-19 17:10:14,492 : INFO : EventManager : Event: ======'machine_var_audits_shots_lower_2_drop'====== Args={'value': 5, 'prev_value': None, 'change': True}
2022-03-19 17:10:14,492 : INFO : EventManager : Event: ======'machine_var_audits_shots_lower_3_drop'====== Args={'value': 7, 'prev_value': None, 'change': True}
2022-03-19 17:10:14,492 : INFO : EventManager : Event: ======'machine_var_audits_shots_lower_4_drop'====== Args={'value': 12, 'prev_value': None, 'change': True}
2022-03-19 17:10:14,492 : INFO : EventManager : Event: ======'machine_var_audits_shots_lower_5_drop'====== Args={'value': 11, 'prev_value': None, 'change': True}
2022-03-19 17:10:14,492 : INFO : EventManager : Event: ======'machine_var_audits_shots_lower_hole'====== Args={'value': 12, 'prev_value': None, 'change': True}
2022-03-19 17:10:14,492 : INFO : EventManager : Event: ======'machine_var_audits_shots_lower_kick_target'====== Args={'value': 1, 'prev_value': None, 'change': True}
2022-03-19 17:10:14,492 : INFO : EventManager : Event: ======'machine_var_audits_shots_lower_left'====== Args={'value': 6, 'prev_value': None, 'change': True}
2022-03-19 17:10:14,492 : INFO : EventManager : Event: ======'machine_var_audits_shots_lower_left_pop'====== Args={'value': 104, 'prev_value': None, 'change': True}
2022-03-19 17:10:14,492 : INFO : EventManager : Event: ======'machine_var_audits_shots_lower_pop'====== Args={'value': 24, 'prev_value': None, 'change': True}
2022-03-19 17:10:14,492 : INFO : EventManager : Event: ======'machine_var_audits_shots_lower_right'====== Args={'value': 3, 'prev_value': None, 'change': True}
2022-03-19 17:10:14,508 : INFO : EventManager : Event: ======'machine_var_audits_shots_lower_rollover'====== Args={'value': 22, 'prev_value': None, 'change': True}
2022-03-19 17:10:14,508 : INFO : EventManager : Event: ======'machine_var_audits_shots_lower_slingshot'====== Args={'value': 13, 'prev_value': None, 'change': True}
2022-03-19 17:10:14,508 : INFO : EventManager : Event: ======'machine_var_audits_shots_main_1'====== Args={'value': 11, 'prev_value': None, 'change': True}
2022-03-19 17:10:14,508 : INFO : EventManager : Event: ======'machine_var_audits_shots_main_2'====== Args={'value': 16, 'prev_value': None, 'change': True}
2022-03-19 17:10:14,508 : INFO : EventManager : Event: ======'machine_var_audits_shots_main_3'====== Args={'value': 13, 'prev_value': None, 'change': True}
2022-03-19 17:10:14,508 : INFO : EventManager : Event: ======'machine_var_audits_shots_main_4'====== Args={'value': 21, 'prev_value': None, 'change': True}
2022-03-19 17:10:14,508 : INFO : EventManager : Event: ======'machine_var_audits_shots_main_5'====== Args={'value': 17, 'prev_value': None, 'change': True}
2022-03-19 17:10:14,508 : INFO : EventManager : Event: ======'machine_var_audits_shots_main_slingshot'====== Args={'value': 27, 'prev_value': None, 'change': True}
2022-03-19 17:10:14,508 : INFO : EventManager : Event: ======'machine_var_audits_shots_right_inlane'====== Args={'value': 58, 'prev_value': None, 'change': True}
2022-03-19 17:10:14,523 : INFO : EventManager : Event: ======'machine_var_audits_shots_right_kickout'====== Args={'value': 29, 'prev_value': None, 'change': True}
2022-03-19 17:10:14,523 : INFO : EventManager : Event: ======'machine_var_audits_shots_right_outlane'====== Args={'value': 41, 'prev_value': None, 'change': True}
2022-03-19 17:10:14,523 : INFO : EventManager : Event: ======'machine_var_audits_shots_rollunder'====== Args={'value': 78, 'prev_value': None, 'change': True}
2022-03-19 17:10:14,523 : INFO : EventManager : Event: ======'machine_var_audits_shots_standup_right'====== Args={'value': 62, 'prev_value': None, 'change': True}
2022-03-19 17:10:14,523 : INFO : EventManager : Event: ======'machine_var_audits_shots_upper_1'====== Args={'value': 27, 'prev_value': None, 'change': True}
2022-03-19 17:10:14,523 : INFO : EventManager : Event: ======'machine_var_audits_shots_upper_1_drop'====== Args={'value': 45, 'prev_value': None, 'change': True}
2022-03-19 17:10:14,523 : INFO : EventManager : Event: ======'machine_var_audits_shots_upper_2'====== Args={'value': 49, 'prev_value': None, 'change': True}
2022-03-19 17:10:14,523 : INFO : EventManager : Event: ======'machine_var_audits_shots_upper_2_drop'====== Args={'value': 35, 'prev_value': None, 'change': True}
2022-03-19 17:10:14,539 : INFO : EventManager : Event: ======'machine_var_audits_shots_upper_3'====== Args={'value': 21, 'prev_value': None, 'change': True}
2022-03-19 17:10:14,539 : INFO : EventManager : Event: ======'machine_var_audits_shots_upper_3_drop'====== Args={'value': 46, 'prev_value': None, 'change': True}
2022-03-19 17:10:14,539 : INFO : EventManager : Event: ======'machine_var_audits_shots_upper_4'====== Args={'value': 17, 'prev_value': None, 'change': True}
2022-03-19 17:10:14,539 : INFO : EventManager : Event: ======'machine_var_audits_shots_upper_4_drop'====== Args={'value': 59, 'prev_value': None, 'change': True}
2022-03-19 17:10:14,539 : INFO : EventManager : Event: ======'machine_var_audits_shots_upper_left_pop'====== Args={'value': 47, 'prev_value': None, 'change': True}
2022-03-19 17:10:14,539 : INFO : EventManager : Event: ======'machine_var_audits_shots_upper_pop'====== Args={'value': 258, 'prev_value': None, 'change': True}
2022-03-19 17:10:14,539 : INFO : EventManager : Event: ======'machine_var_audits_switches_s_left_flipper1'====== Args={'value': 227, 'prev_value': None, 'change': True}
2022-03-19 17:10:14,539 : INFO : EventManager : Event: ======'machine_var_audits_switches_s_left_flipper2'====== Args={'value': 290, 'prev_value': None, 'change': True}
2022-03-19 17:10:14,555 : INFO : EventManager : Event: ======'machine_var_audits_switches_s_lower_10pt_UPPER'====== Args={'value': 0, 'prev_value': None, 'change': True}
2022-03-19 17:10:14,555 : INFO : EventManager : Event: ======'machine_var_audits_switches_s_lower_10pt_drops'====== Args={'value': 27, 'prev_value': None, 'change': True}
2022-03-19 17:10:14,555 : INFO : EventManager : Event: ======'machine_var_audits_switches_s_lower_10pt_lower'====== Args={'value': 10, 'prev_value': None, 'change': True}
2022-03-19 17:10:14,555 : INFO : EventManager : Event: ======'machine_var_audits_switches_s_lower_10pt_upper'====== Args={'value': 8, 'prev_value': None, 'change': True}
2022-03-19 17:10:14,555 : INFO : EventManager : Event: ======'machine_var_audits_switches_s_lower_1_drop'====== Args={'value': 391, 'prev_value': None, 'change': True}
2022-03-19 17:10:14,555 : INFO : EventManager : Event: ======'machine_var_audits_switches_s_lower_2_drop'====== Args={'value': 5, 'prev_value': None, 'change': True}
2022-03-19 17:10:14,570 : INFO : EventManager : Event: ======'machine_var_audits_switches_s_lower_3_drop'====== Args={'value': 7, 'prev_value': None, 'change': True}
2022-03-19 17:10:14,570 : INFO : EventManager : Event: ======'machine_var_audits_switches_s_lower_4_drop'====== Args={'value': 12, 'prev_value': None, 'change': True}
2022-03-19 17:10:14,570 : INFO : EventManager : Event: ======'machine_var_audits_switches_s_lower_5_drop'====== Args={'value': 11, 'prev_value': None, 'change': True}
2022-03-19 17:10:14,570 : INFO : EventManager : Event: ======'machine_var_audits_switches_s_lower_bonus_left'====== Args={'value': 6, 'prev_value': None, 'change': True}
2022-03-19 17:10:14,570 : INFO : EventManager : Event: ======'machine_var_audits_switches_s_lower_bonus_right'====== Args={'value': 3, 'prev_value': None, 'change': True}
2022-03-19 17:10:14,570 : INFO : EventManager : Event: ======'machine_var_audits_switches_s_lower_kick_target'====== Args={'value': 1, 'prev_value': None, 'change': True}
2022-03-19 17:10:14,586 : INFO : EventManager : Event: ======'machine_var_audits_switches_s_lower_kickout_special'====== Args={'value': 12, 'prev_value': None, 'change': True}
2022-03-19 17:10:14,586 : INFO : EventManager : Event: ======'machine_var_audits_switches_s_lower_pop'====== Args={'value': 24, 'prev_value': None, 'change': True}
2022-03-19 17:10:14,586 : INFO : EventManager : Event: ======'machine_var_audits_switches_s_lower_rollover'====== Args={'value': 50, 'prev_value': None, 'change': True}
2022-03-19 17:10:14,586 : INFO : EventManager : Event: ======'machine_var_audits_switches_s_lower_slingshot'====== Args={'value': 13, 'prev_value': None, 'change': True}
2022-03-19 17:10:14,586 : INFO : EventManager : Event: ======'machine_var_audits_switches_s_lower_vuk'====== Args={'value': 200, 'prev_value': None, 'change': True}
2022-03-19 17:10:14,586 : INFO : EventManager : Event: ======'machine_var_audits_switches_s_main_10pt_left'====== Args={'value': 17, 'prev_value': None, 'change': True}
2022-03-19 17:10:14,601 : INFO : EventManager : Event: ======'machine_var_audits_switches_s_main_1_target'====== Args={'value': 38, 'prev_value': None, 'change': True}
2022-03-19 17:10:14,601 : INFO : EventManager : Event: ======'machine_var_audits_switches_s_main_1_trough'====== Args={'value': 28, 'prev_value': None, 'change': True}
2022-03-19 17:10:14,601 : INFO : EventManager : Event: ======'machine_var_audits_switches_s_main_2_target'====== Args={'value': 39, 'prev_value': None, 'change': True}
2022-03-19 17:10:14,601 : INFO : EventManager : Event: ======'machine_var_audits_switches_s_main_2_trough'====== Args={'value': 58, 'prev_value': None, 'change': True}
2022-03-19 17:10:14,601 : INFO : EventManager : Event: ======'machine_var_audits_switches_s_main_3_target'====== Args={'value': 13, 'prev_value': None, 'change': True}
2022-03-19 17:10:14,601 : INFO : EventManager : Event: ======'machine_var_audits_switches_s_main_4_target'====== Args={'value': 37, 'prev_value': None, 'change': True}
2022-03-19 17:10:14,617 : INFO : EventManager : Event: ======'machine_var_audits_switches_s_main_5_target'====== Args={'value': 51, 'prev_value': None, 'change': True}
2022-03-19 17:10:14,617 : INFO : EventManager : Event: ======'machine_var_audits_switches_s_main_inlane_left'====== Args={'value': 16, 'prev_value': None, 'change': True}
2022-03-19 17:10:14,617 : INFO : EventManager : Event: ======'machine_var_audits_switches_s_main_inlane_right'====== Args={'value': 63, 'prev_value': None, 'change': True}
2022-03-19 17:10:14,617 : INFO : EventManager : Event: ======'machine_var_audits_switches_s_main_kickout_right'====== Args={'value': 127, 'prev_value': None, 'change': True}
2022-03-19 17:10:14,617 : INFO : EventManager : Event: ======'machine_var_audits_switches_s_main_lane_center'====== Args={'value': 87, 'prev_value': None, 'change': True}
2022-03-19 17:10:14,633 : INFO : EventManager : Event: ======'machine_var_audits_switches_s_main_outhole'====== Args={'value': 373, 'prev_value': None, 'change': True}
2022-03-19 17:10:14,633 : INFO : EventManager : Event: ======'machine_var_audits_switches_s_main_outlane_left'====== Args={'value': 13, 'prev_value': None, 'change': True}
2022-03-19 17:10:14,633 : INFO : EventManager : Event: ======'machine_var_audits_switches_s_main_outlane_right'====== Args={'value': 42, 'prev_value': None, 'change': True}
2022-03-19 17:10:14,633 : INFO : EventManager : Event: ======'machine_var_audits_switches_s_main_pop_bottom'====== Args={'value': 132, 'prev_value': None, 'change': True}
2022-03-19 17:10:14,633 : INFO : EventManager : Event: ======'machine_var_audits_switches_s_main_pop_top'====== Args={'value': 112, 'prev_value': None, 'change': True}
2022-03-19 17:10:14,648 : INFO : EventManager : Event: ======'machine_var_audits_switches_s_main_rollunder'====== Args={'value': 78, 'prev_value': None, 'change': True}
2022-03-19 17:10:14,648 : INFO : EventManager : Event: ======'machine_var_audits_switches_s_main_roundabout_rollunder'====== Args={'value': 52, 'prev_value': None, 'change': True}
2022-03-19 17:10:14,648 : INFO : EventManager : Event: ======'machine_var_audits_switches_s_main_secret_trough'====== Args={'value': 22, 'prev_value': None, 'change': True}
2022-03-19 17:10:14,648 : INFO : EventManager : Event: ======'machine_var_audits_switches_s_main_slingshot'====== Args={'value': 222, 'prev_value': None, 'change': True}
2022-03-19 17:10:14,648 : INFO : EventManager : Event: ======'machine_var_audits_switches_s_main_target_right'====== Args={'value': 115, 'prev_value': None, 'change': True}
2022-03-19 17:10:14,664 : INFO : EventManager : Event: ======'machine_var_audits_switches_s_main_trapdoor_trough'====== Args={'value': 0, 'prev_value': None, 'change': True}
2022-03-19 17:10:14,664 : INFO : EventManager : Event: ======'machine_var_audits_switches_s_main_vuk'====== Args={'value': 226, 'prev_value': None, 'change': True}
2022-03-19 17:10:14,664 : INFO : EventManager : Event: ======'machine_var_audits_switches_s_right_flipper1'====== Args={'value': 203, 'prev_value': None, 'change': True}
2022-03-19 17:10:14,664 : INFO : EventManager : Event: ======'machine_var_audits_switches_s_right_flipper2'====== Args={'value': 267, 'prev_value': None, 'change': True}
2022-03-19 17:10:14,664 : INFO : EventManager : Event: ======'machine_var_audits_switches_s_start'====== Args={'value': 6, 'prev_value': None, 'change': True}
2022-03-19 17:10:14,679 : INFO : EventManager : Event: ======'machine_var_audits_switches_s_upper_10pt_center'====== Args={'value': 168, 'prev_value': None, 'change': True}
2022-03-19 17:10:14,679 : INFO : EventManager : Event: ======'machine_var_audits_switches_s_upper_10pt_left'====== Args={'value': 112, 'prev_value': None, 'change': True}
2022-03-19 17:10:14,679 : INFO : EventManager : Event: ======'machine_var_audits_switches_s_upper_1_drop'====== Args={'value': 53, 'prev_value': None, 'change': True}
2022-03-19 17:10:14,679 : INFO : EventManager : Event: ======'machine_var_audits_switches_s_upper_1_target'====== Args={'value': 88, 'prev_value': None, 'change': True}
2022-03-19 17:10:14,695 : INFO : EventManager : Event: ======'machine_var_audits_switches_s_upper_2_drop'====== Args={'value': 52, 'prev_value': None, 'change': True}
2022-03-19 17:10:14,695 : INFO : EventManager : Event: ======'machine_var_audits_switches_s_upper_2_target'====== Args={'value': 135, 'prev_value': None, 'change': True}
2022-03-19 17:10:14,695 : INFO : EventManager : Event: ======'machine_var_audits_switches_s_upper_3_drop'====== Args={'value': 56, 'prev_value': None, 'change': True}
2022-03-19 17:10:14,695 : INFO : EventManager : Event: ======'machine_var_audits_switches_s_upper_3_target'====== Args={'value': 58, 'prev_value': None, 'change': True}
2022-03-19 17:10:14,711 : INFO : EventManager : Event: ======'machine_var_audits_switches_s_upper_4_drop'====== Args={'value': 77, 'prev_value': None, 'change': True}
2022-03-19 17:10:14,711 : INFO : EventManager : Event: ======'machine_var_audits_switches_s_upper_4_target'====== Args={'value': 55, 'prev_value': None, 'change': True}
2022-03-19 17:10:14,711 : INFO : EventManager : Event: ======'machine_var_audits_switches_s_upper_pop'====== Args={'value': 490, 'prev_value': None, 'change': True}
2022-03-19 17:10:14,711 : INFO : EventManager : Event: ======'init_phase_5'====== Args={}
2022-03-19 17:10:14,929 : INFO : EventManager : Event: ======'init_done'====== Args={}
2022-03-19 17:10:15,007 : INFO : EventManager : Event: ======'machine_reset_phase_1'====== Args={}
2022-03-19 17:10:15,007 : INFO : EventManager : Event: ======'machine_reset_phase_2'====== Args={}
2022-03-19 17:10:15,007 : INFO : EventManager : Event: ======'machine_reset_phase_3'====== Args={}
2022-03-19 17:10:15,007 : INFO : drop_target_bank.upper : All targets are already up. Will not reset bank.
2022-03-19 17:10:15,007 : INFO : drop_target_bank.lower : All targets are already up. Will not reset bank.
2022-03-19 17:10:15,007 : INFO : EventManager : Event: ======'reset_complete'====== Args={}
2022-03-19 17:10:15,007 : INFO : EventManager : Event: ======'mode_attract_will_start'====== Args={}
2022-03-19 17:10:15,007 : INFO : EventManager : Event: ======'mode_attract_starting'====== Args={}
2022-03-19 17:10:15,023 : INFO : Mode.attract : Started. Priority: 10
2022-03-19 17:10:15,023 : INFO : EventManager : Event: ======'mode_attract_started'====== Args={}
2022-03-19 17:10:15,023 : INFO : EventManager : Event: ======'collecting_balls_complete'====== Args={}
2022-03-19 17:10:15,147 : INFO : Machine : Starting the main run loop.
2022-03-19 17:10:25,256 : INFO : SwitchController : <<<<<<< 's_right_flipper2' active >>>>>>>
2022-03-19 17:10:25,428 : INFO : SwitchController : <<<<<<< 's_right_flipper2' inactive >>>>>>>
2022-03-19 17:10:25,771 : INFO : SwitchController : <<<<<<< 's_right_flipper2' active >>>>>>>
2022-03-19 17:10:25,958 : INFO : SwitchController : <<<<<<< 's_right_flipper2' inactive >>>>>>>
2022-03-19 17:10:26,130 : INFO : SwitchController : <<<<<<< 's_right_flipper1' active >>>>>>>
2022-03-19 17:10:26,333 : INFO : SwitchController : <<<<<<< 's_right_flipper1' inactive >>>>>>>
2022-03-19 17:10:26,504 : INFO : SwitchController : <<<<<<< 's_right_flipper1' active >>>>>>>
2022-03-19 17:10:26,660 : INFO : SwitchController : <<<<<<< 's_right_flipper1' inactive >>>>>>>
2022-03-19 17:10:27,081 : INFO : SwitchController : <<<<<<< 's_left_flipper2' active >>>>>>>
2022-03-19 17:10:27,284 : INFO : SwitchController : <<<<<<< 's_left_flipper2' inactive >>>>>>>
2022-03-19 17:10:27,518 : INFO : SwitchController : <<<<<<< 's_left_flipper1' active >>>>>>>
2022-03-19 17:10:27,737 : INFO : SwitchController : <<<<<<< 's_left_flipper1' inactive >>>>>>>
2022-03-19 17:10:27,815 : INFO : SwitchController : <<<<<<< 's_left_flipper2' active >>>>>>>
2022-03-19 17:10:28,017 : INFO : SwitchController : <<<<<<< 's_left_flipper1' active >>>>>>>
2022-03-19 17:10:28,095 : INFO : SwitchController : <<<<<<< 's_left_flipper2' inactive >>>>>>>
2022-03-19 17:10:28,158 : INFO : SwitchController : <<<<<<< 's_left_flipper2' active >>>>>>>
2022-03-19 17:10:28,236 : INFO : SwitchController : <<<<<<< 's_left_flipper1' inactive >>>>>>>
2022-03-19 17:10:28,298 : INFO : SwitchController : <<<<<<< 's_left_flipper2' inactive >>>>>>>
2022-03-19 17:10:28,423 : INFO : SwitchController : <<<<<<< 's_right_flipper1' active >>>>>>>
2022-03-19 17:10:28,485 : INFO : SwitchController : <<<<<<< 's_left_flipper1' active >>>>>>>
2022-03-19 17:10:28,501 : INFO : SwitchController : <<<<<<< 's_left_flipper2' active >>>>>>>
2022-03-19 17:10:28,501 : INFO : SwitchController : <<<<<<< 's_left_flipper1' inactive >>>>>>>
2022-03-19 17:10:28,563 : INFO : SwitchController : <<<<<<< 's_right_flipper2' active >>>>>>>
2022-03-19 17:10:28,563 : INFO : SwitchController : <<<<<<< 's_right_flipper1' inactive >>>>>>>
2022-03-19 17:10:28,641 : INFO : SwitchController : <<<<<<< 's_left_flipper2' inactive >>>>>>>
2022-03-19 17:10:28,641 : INFO : SwitchController : <<<<<<< 's_left_flipper1' active >>>>>>>
2022-03-19 17:10:28,641 : INFO : SwitchController : <<<<<<< 's_right_flipper1' active >>>>>>>
2022-03-19 17:10:28,641 : INFO : SwitchController : <<<<<<< 's_right_flipper2' inactive >>>>>>>
2022-03-19 17:10:28,704 : INFO : SwitchController : <<<<<<< 's_left_flipper2' active >>>>>>>
2022-03-19 17:10:28,704 : INFO : SwitchController : <<<<<<< 's_left_flipper1' inactive >>>>>>>
2022-03-19 17:10:28,704 : INFO : SwitchController : <<<<<<< 's_right_flipper2' active >>>>>>>
2022-03-19 17:10:28,704 : INFO : SwitchController : <<<<<<< 's_right_flipper1' inactive >>>>>>>
2022-03-19 17:10:28,829 : INFO : SwitchController : <<<<<<< 's_left_flipper2' inactive >>>>>>>
2022-03-19 17:10:28,829 : INFO : SwitchController : <<<<<<< 's_left_flipper1' active >>>>>>>
2022-03-19 17:10:28,829 : INFO : SwitchController : <<<<<<< 's_right_flipper1' active >>>>>>>
2022-03-19 17:10:28,829 : INFO : SwitchController : <<<<<<< 's_right_flipper2' inactive >>>>>>>
2022-03-19 17:10:28,953 : INFO : SwitchController : <<<<<<< 's_right_flipper1' inactive >>>>>>>
2022-03-19 17:10:28,969 : INFO : SwitchController : <<<<<<< 's_left_flipper1' inactive >>>>>>>
2022-03-19 17:10:28,969 : INFO : SwitchController : <<<<<<< 's_right_flipper2' active >>>>>>>
2022-03-19 17:10:28,969 : INFO : SwitchController : <<<<<<< 's_left_flipper2' active >>>>>>>
2022-03-19 17:10:29,047 : INFO : SwitchController : <<<<<<< 's_right_flipper1' active >>>>>>>
2022-03-19 17:10:29,047 : INFO : SwitchController : <<<<<<< 's_right_flipper2' inactive >>>>>>>
2022-03-19 17:10:29,047 : INFO : SwitchController : <<<<<<< 's_left_flipper1' active >>>>>>>
2022-03-19 17:10:29,047 : INFO : SwitchController : <<<<<<< 's_left_flipper2' inactive >>>>>>>
2022-03-19 17:10:29,047 : INFO : SwitchController : <<<<<<< 's_right_flipper2' active >>>>>>>
2022-03-19 17:10:29,125 : INFO : SwitchController : <<<<<<< 's_right_flipper1' inactive >>>>>>>
2022-03-19 17:10:29,125 : INFO : SwitchController : <<<<<<< 's_left_flipper2' active >>>>>>>
2022-03-19 17:10:29,125 : INFO : SwitchController : <<<<<<< 's_left_flipper1' inactive >>>>>>>
2022-03-19 17:10:29,187 : INFO : SwitchController : <<<<<<< 's_right_flipper2' inactive >>>>>>>
2022-03-19 17:10:29,187 : INFO : SwitchController : <<<<<<< 's_left_flipper2' inactive >>>>>>>
