2024-11-25 17:42:58,793 : INFO : root : Loading config.
2024-11-25 17:42:58,795 : INFO : YamlMultifileConfigLoader : Machine config file #1: config.yaml
2024-11-25 17:42:58,795 : INFO : ConfigProcessor : Loading config from cache: /var/folders/lw/36nc9wln17qdc1y8dnh6d85h0000gr/T/a187413b8cf7049e0b91852f54cd1afa.mpf_cache
2024-11-25 17:42:58,825 : INFO : ConfigProcessor : Loading config from cache: /var/folders/lw/36nc9wln17qdc1y8dnh6d85h0000gr/T/2e30198d1c841d95b9b3e69c8a0bb49b.mpf_cache
2024-11-25 17:42:58,825 : INFO : ConfigProcessor : Loading config from cache: /var/folders/lw/36nc9wln17qdc1y8dnh6d85h0000gr/T/40928215bbb65374348eff3d4cd7b8bc.mpf_cache
2024-11-25 17:42:58,825 : INFO : ConfigProcessor : Loading config from cache: /var/folders/lw/36nc9wln17qdc1y8dnh6d85h0000gr/T/167ddff969183ffa73a4682c84ddf638.mpf_cache
2024-11-25 17:42:58,826 : INFO : ConfigProcessor : Loading config from cache: /var/folders/lw/36nc9wln17qdc1y8dnh6d85h0000gr/T/2e30198d1c841d95b9b3e69c8a0bb49b.mpf_cache
2024-11-25 17:42:58,826 : INFO : ConfigProcessor : Loading config from cache: /var/folders/lw/36nc9wln17qdc1y8dnh6d85h0000gr/T/f3e7df0542012602a298ddb9f31df321.mpf_cache
2024-11-25 17:42:58,826 : INFO : ConfigProcessor : Loading config from cache: /var/folders/lw/36nc9wln17qdc1y8dnh6d85h0000gr/T/1ab5c5e749213b44f20a4087626085fd.mpf_cache
2024-11-25 17:42:58,827 : INFO : Machine : Mission Pinball Framework Core Engine v0.80.0.dev5
2024-11-25 17:42:58,827 : INFO : Machine : Command line arguments: {'no_load_cache': False, 'create_config_cache': True, 'bcp': True, 'configfile': ['config.yaml'], 'force_assets_load': False, 'platform_integration_test': False, 'jsonlogging': False, 'logfile': 'logs/2024-11-25-17-42-58-mpf-Macpro.local.log', 'pause': False, 'production': False, 'text_ui': True, 'loglevel': 15, 'consoleloglevel': 20, 'force_platform': 'virtual', 'syslog_address': None, 'full_logfile_path': '/Users/C_Alan/pinball/hauntedhouse/logs/2024-11-25-17-42-58-mpf-Macpro.local.log'}
2024-11-25 17:42:58,827 : INFO : Machine : MPF path: /Users/C_Alan/envp311/lib/python3.11/site-packages/mpf
2024-11-25 17:42:58,827 : INFO : Machine : Machine path: /Users/C_Alan/pinball/hauntedhouse
2024-11-25 17:42:58,827 : INFO : Machine : Platform: darwin
2024-11-25 17:42:58,827 : INFO : Machine : Python executable location: /Users/C_Alan/envp311/bin/python3.11
2024-11-25 17:42:58,827 : INFO : Machine : Python version: 3.11.0 (64-bit)
2024-11-25 17:42:58,827 : INFO : Machine : Initializing MPF...
2024-11-25 17:42:58,854 : INFO : EventManager : Event: ======'machine_var_credits_string'====== Args={'value': 'FREE PLAY', 'prev_value': None, 'change': True}
2024-11-25 17:42:58,862 : INFO : EventManager : Event: ======'machine_var_master_volume'====== Args={'value': 0.5, 'prev_value': None, 'change': True}
2024-11-25 17:42:58,862 : INFO : EventManager : Event: ======'machine_var_player1_score'====== Args={'value': 43000, 'prev_value': None, 'change': True}
2024-11-25 17:42:58,862 : INFO : EventManager : Event: ======'machine_var_mpf_version'====== Args={'value': 'Mission Pinball Framework v0.80.0.dev5', 'prev_value': None, 'change': True}
2024-11-25 17:42:58,862 : INFO : EventManager : Event: ======'machine_var_mpf_extended_version'====== Args={'value': 'Mission Pinball Framework v0.80.0.dev5, Config version:6, Show version: 6, BCP version:1.1', 'prev_value': None, 'change': True}
2024-11-25 17:42:58,862 : INFO : EventManager : Event: ======'machine_var_python_version'====== Args={'value': '3.11.0', 'prev_value': None, 'change': True}
2024-11-25 17:42:58,873 : INFO : EventManager : Event: ======'machine_var_platform'====== Args={'value': 'macOS-14.6.1-x86_64-i386-64bit', 'prev_value': None, 'change': True}
2024-11-25 17:42:58,873 : INFO : EventManager : Event: ======'machine_var_platform_system'====== Args={'value': 'Darwin', 'prev_value': None, 'change': True}
2024-11-25 17:42:58,873 : INFO : EventManager : Event: ======'machine_var_platform_release'====== Args={'value': '23.6.0', 'prev_value': None, 'change': True}
2024-11-25 17:42:58,873 : INFO : EventManager : Event: ======'machine_var_platform_version'====== Args={'value': 'Darwin Kernel Version 23.6.0: Mon Jul 29 21:13:00 PDT 2024; root:xnu-10063.141.2~1/RELEASE_X86_64', 'prev_value': None, 'change': True}
2024-11-25 17:42:58,873 : INFO : EventManager : Event: ======'machine_var_platform_machine'====== Args={'value': 'x86_64', 'prev_value': None, 'change': True}
2024-11-25 17:42:58,873 : INFO : EventManager : Event: ======'machine_var_log_file_path'====== Args={'value': '/Users/C_Alan/pinball/hauntedhouse/logs/2024-11-25-17-42-58-mpf-Macpro.local.log', 'prev_value': None, 'change': True}
2024-11-25 17:42:58,873 : INFO : EventManager : Event: ======'init_phase_1'====== Args={}
2024-11-25 17:42:58,908 : INFO : EventManager : Event: ======'drop_target_bank_upper_up'====== Args={}
2024-11-25 17:42:58,908 : INFO : EventManager : Event: ======'drop_target_bank_lower_up'====== Args={}
2024-11-25 17:42:58,908 : INFO : EventManager : Event: ======'init_phase_2'====== Args={}
2024-11-25 17:42:58,913 : INFO : EventManager : Event: ======'bcp_connection_attempt'====== Args={'name': 'local_display', 'host': 'localhost', 'port': 5050}
2024-11-25 17:42:58,914 : INFO : BCPClientSocket : Connecting BCP to 'local_display' at localhost:5050...
2024-11-25 17:43:03,615 : INFO : BCPClientSocket : Connected BCP to 'local_display' localhost:5050
2024-11-25 17:43:03,615 : INFO : EventManager : Event: ======'bcp_clients_connected'====== Args={}
2024-11-25 17:43:03,617 : INFO : ball_device.bd_drain : BCH: Initial count: 0
2024-11-25 17:43:03,617 : INFO : ball_device.bd_drain : State: idle
2024-11-25 17:43:03,617 : INFO : ball_device.bd_lower_vuk : BCH: Initial count: 0
2024-11-25 17:43:03,618 : INFO : ball_device.bd_lower_vuk : State: idle
2024-11-25 17:43:03,618 : INFO : ball_device.bd_lower_kickout_special : BCH: Initial count: 0
2024-11-25 17:43:03,618 : INFO : ball_device.bd_lower_kickout_special : State: idle
2024-11-25 17:43:03,618 : INFO : ball_device.bd_main_vuk : BCH: Initial count: 0
2024-11-25 17:43:03,619 : INFO : ball_device.bd_main_vuk : State: idle
2024-11-25 17:43:03,619 : INFO : ball_device.bd_main_kickout_right : BCH: Initial count: 0
2024-11-25 17:43:03,619 : INFO : ball_device.bd_main_kickout_right : State: idle
2024-11-25 17:43:03,619 : INFO : ball_device.bd_main_kickout_lane : BCH: Initial count: 0
2024-11-25 17:43:03,619 : INFO : ball_device.bd_main_kickout_lane : State: idle
2024-11-25 17:43:03,626 : INFO : EventManager : Event: ======'init_phase_3'====== Args={}
2024-11-25 17:43:03,628 : INFO : EventManager : Event: ======'init_phase_4'====== Args={}
2024-11-25 17:43:03,629 : INFO : BallController : Initial balls found: 0
2024-11-25 17:43:03,630 : INFO : EventManager : Event: ======'machine_var_audits_events_game_ended'====== Args={'value': 80, 'prev_value': None, 'change': True}
2024-11-25 17:43:03,630 : INFO : EventManager : Event: ======'machine_var_audits_events_game_started'====== Args={'value': 183, 'prev_value': None, 'change': True}
2024-11-25 17:43:03,630 : INFO : EventManager : Event: ======'machine_var_audits_missing_switches_s_left_flipper1'====== Args={'value': 54, 'prev_value': None, 'change': True}
2024-11-25 17:43:03,630 : INFO : EventManager : Event: ======'machine_var_audits_missing_switches_s_left_flipper2'====== Args={'value': 54, 'prev_value': None, 'change': True}
2024-11-25 17:43:03,630 : INFO : EventManager : Event: ======'machine_var_audits_missing_switches_s_lower_10pt_drops'====== Args={'value': 56, 'prev_value': None, 'change': True}
2024-11-25 17:43:03,630 : INFO : EventManager : Event: ======'machine_var_audits_missing_switches_s_lower_10pt_lower'====== Args={'value': 57, 'prev_value': None, 'change': True}
2024-11-25 17:43:03,630 : INFO : EventManager : Event: ======'machine_var_audits_missing_switches_s_lower_10pt_upper'====== Args={'value': 56, 'prev_value': None, 'change': True}
2024-11-25 17:43:03,630 : INFO : EventManager : Event: ======'machine_var_audits_missing_switches_s_lower_1_drop'====== Args={'value': 28, 'prev_value': None, 'change': True}
2024-11-25 17:43:03,630 : INFO : EventManager : Event: ======'machine_var_audits_missing_switches_s_lower_2_drop'====== Args={'value': 28, 'prev_value': None, 'change': True}
2024-11-25 17:43:03,631 : INFO : EventManager : Event: ======'machine_var_audits_missing_switches_s_lower_3_drop'====== Args={'value': 28, 'prev_value': None, 'change': True}
2024-11-25 17:43:03,631 : INFO : EventManager : Event: ======'machine_var_audits_missing_switches_s_lower_4_drop'====== Args={'value': 21, 'prev_value': None, 'change': True}
2024-11-25 17:43:03,631 : INFO : EventManager : Event: ======'machine_var_audits_missing_switches_s_lower_5_drop'====== Args={'value': 21, 'prev_value': None, 'change': True}
2024-11-25 17:43:03,631 : INFO : EventManager : Event: ======'machine_var_audits_missing_switches_s_lower_bonus_left'====== Args={'value': 56, 'prev_value': None, 'change': True}
2024-11-25 17:43:03,631 : INFO : EventManager : Event: ======'machine_var_audits_missing_switches_s_lower_bonus_right'====== Args={'value': 73, 'prev_value': None, 'change': True}
2024-11-25 17:43:03,631 : INFO : EventManager : Event: ======'machine_var_audits_missing_switches_s_lower_kick_target'====== Args={'value': 73, 'prev_value': None, 'change': True}
2024-11-25 17:43:03,631 : INFO : EventManager : Event: ======'machine_var_audits_missing_switches_s_lower_kickout_special'====== Args={'value': 56, 'prev_value': None, 'change': True}
2024-11-25 17:43:03,631 : INFO : EventManager : Event: ======'machine_var_audits_missing_switches_s_lower_pop'====== Args={'value': 56, 'prev_value': None, 'change': True}
2024-11-25 17:43:03,631 : INFO : EventManager : Event: ======'machine_var_audits_missing_switches_s_lower_rollover'====== Args={'value': 53, 'prev_value': None, 'change': True}
2024-11-25 17:43:03,631 : INFO : EventManager : Event: ======'machine_var_audits_missing_switches_s_lower_slingshot'====== Args={'value': 56, 'prev_value': None, 'change': True}
2024-11-25 17:43:03,631 : INFO : EventManager : Event: ======'machine_var_audits_missing_switches_s_lower_vuk'====== Args={'value': 53, 'prev_value': None, 'change': True}
2024-11-25 17:43:03,631 : INFO : EventManager : Event: ======'machine_var_audits_missing_switches_s_main_10pt_left'====== Args={'value': 56, 'prev_value': None, 'change': True}
2024-11-25 17:43:03,631 : INFO : EventManager : Event: ======'machine_var_audits_missing_switches_s_main_1_target'====== Args={'value': 56, 'prev_value': None, 'change': True}
2024-11-25 17:43:03,631 : INFO : EventManager : Event: ======'machine_var_audits_missing_switches_s_main_1_trough'====== Args={'value': 40, 'prev_value': None, 'change': True}
2024-11-25 17:43:03,631 : INFO : EventManager : Event: ======'machine_var_audits_missing_switches_s_main_2_target'====== Args={'value': 56, 'prev_value': None, 'change': True}
2024-11-25 17:43:03,631 : INFO : EventManager : Event: ======'machine_var_audits_missing_switches_s_main_2_trough'====== Args={'value': 53, 'prev_value': None, 'change': True}
2024-11-25 17:43:03,631 : INFO : EventManager : Event: ======'machine_var_audits_missing_switches_s_main_3_target'====== Args={'value': 40, 'prev_value': None, 'change': True}
2024-11-25 17:43:03,632 : INFO : EventManager : Event: ======'machine_var_audits_missing_switches_s_main_4_target'====== Args={'value': 53, 'prev_value': None, 'change': True}
2024-11-25 17:43:03,632 : INFO : EventManager : Event: ======'machine_var_audits_missing_switches_s_main_5_target'====== Args={'value': 28, 'prev_value': None, 'change': True}
2024-11-25 17:43:03,632 : INFO : EventManager : Event: ======'machine_var_audits_missing_switches_s_main_inlane_left'====== Args={'value': 67, 'prev_value': None, 'change': True}
2024-11-25 17:43:03,632 : INFO : EventManager : Event: ======'machine_var_audits_missing_switches_s_main_inlane_right'====== Args={'value': 30, 'prev_value': None, 'change': True}
2024-11-25 17:43:03,632 : INFO : EventManager : Event: ======'machine_var_audits_missing_switches_s_main_kickout_right'====== Args={'value': 53, 'prev_value': None, 'change': True}
2024-11-25 17:43:03,632 : INFO : EventManager : Event: ======'machine_var_audits_missing_switches_s_main_lane_center'====== Args={'value': 51, 'prev_value': None, 'change': True}
2024-11-25 17:43:03,632 : INFO : EventManager : Event: ======'machine_var_audits_missing_switches_s_main_outlane_left'====== Args={'value': 73, 'prev_value': None, 'change': True}
2024-11-25 17:43:03,632 : INFO : EventManager : Event: ======'machine_var_audits_missing_switches_s_main_outlane_right'====== Args={'value': 56, 'prev_value': None, 'change': True}
2024-11-25 17:43:03,632 : INFO : EventManager : Event: ======'machine_var_audits_missing_switches_s_main_pop_bottom'====== Args={'value': 21, 'prev_value': None, 'change': True}
2024-11-25 17:43:03,632 : INFO : EventManager : Event: ======'machine_var_audits_missing_switches_s_main_pop_top'====== Args={'value': 25, 'prev_value': None, 'change': True}
2024-11-25 17:43:03,632 : INFO : EventManager : Event: ======'machine_var_audits_missing_switches_s_main_rollunder'====== Args={'value': 53, 'prev_value': None, 'change': True}
2024-11-25 17:43:03,632 : INFO : EventManager : Event: ======'machine_var_audits_missing_switches_s_main_slingshot'====== Args={'value': 53, 'prev_value': None, 'change': True}
2024-11-25 17:43:03,633 : INFO : EventManager : Event: ======'machine_var_audits_missing_switches_s_main_target_right'====== Args={'value': 56, 'prev_value': None, 'change': True}
2024-11-25 17:43:03,633 : INFO : EventManager : Event: ======'machine_var_audits_missing_switches_s_main_vuk'====== Args={'value': 52, 'prev_value': None, 'change': True}
2024-11-25 17:43:03,633 : INFO : EventManager : Event: ======'machine_var_audits_missing_switches_s_right_flipper1'====== Args={'value': 53, 'prev_value': None, 'change': True}
2024-11-25 17:43:03,633 : INFO : EventManager : Event: ======'machine_var_audits_missing_switches_s_right_flipper2'====== Args={'value': 53, 'prev_value': None, 'change': True}
2024-11-25 17:43:03,633 : INFO : EventManager : Event: ======'machine_var_audits_missing_switches_s_start'====== Args={'value': 25, 'prev_value': None, 'change': True}
2024-11-25 17:43:03,633 : INFO : EventManager : Event: ======'machine_var_audits_missing_switches_s_upper_10pt_center'====== Args={'value': 52, 'prev_value': None, 'change': True}
2024-11-25 17:43:03,633 : INFO : EventManager : Event: ======'machine_var_audits_missing_switches_s_upper_10pt_left'====== Args={'value': 54, 'prev_value': None, 'change': True}
2024-11-25 17:43:03,633 : INFO : EventManager : Event: ======'machine_var_audits_missing_switches_s_upper_1_target'====== Args={'value': 6, 'prev_value': None, 'change': True}
2024-11-25 17:43:03,633 : INFO : EventManager : Event: ======'machine_var_audits_missing_switches_s_upper_2_target'====== Args={'value': 6, 'prev_value': None, 'change': True}
2024-11-25 17:43:03,633 : INFO : EventManager : Event: ======'machine_var_audits_missing_switches_s_upper_3_target'====== Args={'value': 6, 'prev_value': None, 'change': True}
2024-11-25 17:43:03,633 : INFO : EventManager : Event: ======'machine_var_audits_missing_switches_s_upper_4_target'====== Args={'value': 12, 'prev_value': None, 'change': True}
2024-11-25 17:43:03,634 : INFO : EventManager : Event: ======'machine_var_audits_missing_switches_s_upper_pop'====== Args={'value': 23, 'prev_value': None, 'change': True}
2024-11-25 17:43:03,634 : INFO : EventManager : Event: ======'machine_var_audits_player_score'====== Args={'value': {'average': 30417, 'top': [211150, 162330, 120480, 114590, 92630, 81180, 78890, 76090, 75800, 75650], 'total': 83}, 'prev_value': None, 'change': True}
2024-11-25 17:43:03,634 : INFO : EventManager : Event: ======'machine_var_audits_shots_10pt'====== Args={'value': 248, 'prev_value': None, 'change': True}
2024-11-25 17:43:03,634 : INFO : EventManager : Event: ======'machine_var_audits_shots_left_inlane'====== Args={'value': 22, 'prev_value': None, 'change': True}
2024-11-25 17:43:03,634 : INFO : EventManager : Event: ======'machine_var_audits_shots_left_outlane'====== Args={'value': 11, 'prev_value': None, 'change': True}
2024-11-25 17:43:03,634 : INFO : EventManager : Event: ======'machine_var_audits_shots_lower_10pt_drops'====== Args={'value': 37, 'prev_value': None, 'change': True}
2024-11-25 17:43:03,634 : INFO : EventManager : Event: ======'machine_var_audits_shots_lower_10pt_lower'====== Args={'value': 12, 'prev_value': None, 'change': True}
2024-11-25 17:43:03,634 : INFO : EventManager : Event: ======'machine_var_audits_shots_lower_10pt_upper'====== Args={'value': 13, 'prev_value': None, 'change': True}
2024-11-25 17:43:03,634 : INFO : EventManager : Event: ======'machine_var_audits_shots_lower_1_drop'====== Args={'value': 45, 'prev_value': None, 'change': True}
2024-11-25 17:43:03,634 : INFO : EventManager : Event: ======'machine_var_audits_shots_lower_2_drop'====== Args={'value': 13, 'prev_value': None, 'change': True}
2024-11-25 17:43:03,634 : INFO : EventManager : Event: ======'machine_var_audits_shots_lower_3_drop'====== Args={'value': 14, 'prev_value': None, 'change': True}
2024-11-25 17:43:03,635 : INFO : EventManager : Event: ======'machine_var_audits_shots_lower_4_drop'====== Args={'value': 18, 'prev_value': None, 'change': True}
2024-11-25 17:43:03,635 : INFO : EventManager : Event: ======'machine_var_audits_shots_lower_5_drop'====== Args={'value': 20, 'prev_value': None, 'change': True}
2024-11-25 17:43:03,635 : INFO : EventManager : Event: ======'machine_var_audits_shots_lower_hole'====== Args={'value': 27, 'prev_value': None, 'change': True}
2024-11-25 17:43:03,635 : INFO : EventManager : Event: ======'machine_var_audits_shots_lower_kick_target'====== Args={'value': 2, 'prev_value': None, 'change': True}
2024-11-25 17:43:03,635 : INFO : EventManager : Event: ======'machine_var_audits_shots_lower_left'====== Args={'value': 11, 'prev_value': None, 'change': True}
2024-11-25 17:43:03,635 : INFO : EventManager : Event: ======'machine_var_audits_shots_lower_left_pop'====== Args={'value': 212, 'prev_value': None, 'change': True}
2024-11-25 17:43:03,635 : INFO : EventManager : Event: ======'machine_var_audits_shots_lower_pop'====== Args={'value': 28, 'prev_value': None, 'change': True}
2024-11-25 17:43:03,635 : INFO : EventManager : Event: ======'machine_var_audits_shots_lower_right'====== Args={'value': 4, 'prev_value': None, 'change': True}
2024-11-25 17:43:03,635 : INFO : EventManager : Event: ======'machine_var_audits_shots_lower_rollover'====== Args={'value': 32, 'prev_value': None, 'change': True}
2024-11-25 17:43:03,635 : INFO : EventManager : Event: ======'machine_var_audits_shots_lower_slingshot'====== Args={'value': 19, 'prev_value': None, 'change': True}
2024-11-25 17:43:03,636 : INFO : EventManager : Event: ======'machine_var_audits_shots_main_1'====== Args={'value': 30, 'prev_value': None, 'change': True}
2024-11-25 17:43:03,636 : INFO : EventManager : Event: ======'machine_var_audits_shots_main_2'====== Args={'value': 33, 'prev_value': None, 'change': True}
2024-11-25 17:43:03,636 : INFO : EventManager : Event: ======'machine_var_audits_shots_main_3'====== Args={'value': 27, 'prev_value': None, 'change': True}
2024-11-25 17:43:03,636 : INFO : EventManager : Event: ======'machine_var_audits_shots_main_4'====== Args={'value': 44, 'prev_value': None, 'change': True}
2024-11-25 17:43:03,636 : INFO : EventManager : Event: ======'machine_var_audits_shots_main_5'====== Args={'value': 26, 'prev_value': None, 'change': True}
2024-11-25 17:43:03,636 : INFO : EventManager : Event: ======'machine_var_audits_shots_main_slingshot'====== Args={'value': 45, 'prev_value': None, 'change': True}
2024-11-25 17:43:03,636 : INFO : EventManager : Event: ======'machine_var_audits_shots_main_trough_1'====== Args={'value': 19, 'prev_value': None, 'change': True}
2024-11-25 17:43:03,637 : INFO : EventManager : Event: ======'machine_var_audits_shots_right_inlane'====== Args={'value': 76, 'prev_value': None, 'change': True}
2024-11-25 17:43:03,637 : INFO : EventManager : Event: ======'machine_var_audits_shots_right_kickout'====== Args={'value': 34, 'prev_value': None, 'change': True}
2024-11-25 17:43:03,637 : INFO : EventManager : Event: ======'machine_var_audits_shots_right_outlane'====== Args={'value': 44, 'prev_value': None, 'change': True}
2024-11-25 17:43:03,637 : INFO : EventManager : Event: ======'machine_var_audits_shots_rollunder'====== Args={'value': 106, 'prev_value': None, 'change': True}
2024-11-25 17:43:03,637 : INFO : EventManager : Event: ======'machine_var_audits_shots_secret_passage_trough'====== Args={'value': 1, 'prev_value': None, 'change': True}
2024-11-25 17:43:03,637 : INFO : EventManager : Event: ======'machine_var_audits_shots_standup_right'====== Args={'value': 91, 'prev_value': None, 'change': True}
2024-11-25 17:43:03,637 : INFO : EventManager : Event: ======'machine_var_audits_shots_trapdoor_trough'====== Args={'value': 8, 'prev_value': None, 'change': True}
2024-11-25 17:43:03,637 : INFO : EventManager : Event: ======'machine_var_audits_shots_upper_1'====== Args={'value': 96, 'prev_value': None, 'change': True}
2024-11-25 17:43:03,637 : INFO : EventManager : Event: ======'machine_var_audits_shots_upper_1_drop'====== Args={'value': 178, 'prev_value': None, 'change': True}
2024-11-25 17:43:03,638 : INFO : EventManager : Event: ======'machine_var_audits_shots_upper_2'====== Args={'value': 85, 'prev_value': None, 'change': True}
2024-11-25 17:43:03,638 : INFO : EventManager : Event: ======'machine_var_audits_shots_upper_2_drop'====== Args={'value': 76, 'prev_value': None, 'change': True}
2024-11-25 17:43:03,638 : INFO : EventManager : Event: ======'machine_var_audits_shots_upper_3'====== Args={'value': 42, 'prev_value': None, 'change': True}
2024-11-25 17:43:03,638 : INFO : EventManager : Event: ======'machine_var_audits_shots_upper_3_drop'====== Args={'value': 102, 'prev_value': None, 'change': True}
2024-11-25 17:43:03,638 : INFO : EventManager : Event: ======'machine_var_audits_shots_upper_4'====== Args={'value': 43, 'prev_value': None, 'change': True}
2024-11-25 17:43:03,638 : INFO : EventManager : Event: ======'machine_var_audits_shots_upper_4_drop'====== Args={'value': 153, 'prev_value': None, 'change': True}
2024-11-25 17:43:03,638 : INFO : EventManager : Event: ======'machine_var_audits_shots_upper_left_pop'====== Args={'value': 112, 'prev_value': None, 'change': True}
2024-11-25 17:43:03,638 : INFO : EventManager : Event: ======'machine_var_audits_shots_upper_pop'====== Args={'value': 591, 'prev_value': None, 'change': True}
2024-11-25 17:43:03,639 : INFO : EventManager : Event: ======'machine_var_audits_switches_s_left_flipper1'====== Args={'value': 420, 'prev_value': None, 'change': True}
2024-11-25 17:43:03,639 : INFO : EventManager : Event: ======'machine_var_audits_switches_s_left_flipper2'====== Args={'value': 469, 'prev_value': None, 'change': True}
2024-11-25 17:43:03,639 : INFO : EventManager : Event: ======'machine_var_audits_switches_s_lower_10pt_UPPER'====== Args={'value': 0, 'prev_value': None, 'change': True}
2024-11-25 17:43:03,639 : INFO : EventManager : Event: ======'machine_var_audits_switches_s_lower_10pt_drops'====== Args={'value': 37, 'prev_value': None, 'change': True}
2024-11-25 17:43:03,639 : INFO : EventManager : Event: ======'machine_var_audits_switches_s_lower_10pt_lower'====== Args={'value': 12, 'prev_value': None, 'change': True}
2024-11-25 17:43:03,639 : INFO : EventManager : Event: ======'machine_var_audits_switches_s_lower_10pt_upper'====== Args={'value': 13, 'prev_value': None, 'change': True}
2024-11-25 17:43:03,639 : INFO : EventManager : Event: ======'machine_var_audits_switches_s_lower_1_drop'====== Args={'value': 400, 'prev_value': None, 'change': True}
2024-11-25 17:43:03,639 : INFO : EventManager : Event: ======'machine_var_audits_switches_s_lower_2_drop'====== Args={'value': 13, 'prev_value': None, 'change': True}
2024-11-25 17:43:03,640 : INFO : EventManager : Event: ======'machine_var_audits_switches_s_lower_3_drop'====== Args={'value': 14, 'prev_value': None, 'change': True}
2024-11-25 17:43:03,640 : INFO : EventManager : Event: ======'machine_var_audits_switches_s_lower_4_drop'====== Args={'value': 18, 'prev_value': None, 'change': True}
2024-11-25 17:43:03,640 : INFO : EventManager : Event: ======'machine_var_audits_switches_s_lower_5_drop'====== Args={'value': 20, 'prev_value': None, 'change': True}
2024-11-25 17:43:03,640 : INFO : EventManager : Event: ======'machine_var_audits_switches_s_lower_bonus_left'====== Args={'value': 11, 'prev_value': None, 'change': True}
2024-11-25 17:43:03,640 : INFO : EventManager : Event: ======'machine_var_audits_switches_s_lower_bonus_right'====== Args={'value': 4, 'prev_value': None, 'change': True}
2024-11-25 17:43:03,641 : INFO : EventManager : Event: ======'machine_var_audits_switches_s_lower_kick_target'====== Args={'value': 2, 'prev_value': None, 'change': True}
2024-11-25 17:43:03,641 : INFO : EventManager : Event: ======'machine_var_audits_switches_s_lower_kickout_special'====== Args={'value': 27, 'prev_value': None, 'change': True}
2024-11-25 17:43:03,641 : INFO : EventManager : Event: ======'machine_var_audits_switches_s_lower_pop'====== Args={'value': 28, 'prev_value': None, 'change': True}
2024-11-25 17:43:03,642 : INFO : EventManager : Event: ======'machine_var_audits_switches_s_lower_rollover'====== Args={'value': 60, 'prev_value': None, 'change': True}
2024-11-25 17:43:03,642 : INFO : EventManager : Event: ======'machine_var_audits_switches_s_lower_slingshot'====== Args={'value': 19, 'prev_value': None, 'change': True}
2024-11-25 17:43:03,642 : INFO : EventManager : Event: ======'machine_var_audits_switches_s_lower_vuk'====== Args={'value': 239, 'prev_value': None, 'change': True}
2024-11-25 17:43:03,642 : INFO : EventManager : Event: ======'machine_var_audits_switches_s_main_10pt_left'====== Args={'value': 33, 'prev_value': None, 'change': True}
2024-11-25 17:43:03,642 : INFO : EventManager : Event: ======'machine_var_audits_switches_s_main_1_target'====== Args={'value': 57, 'prev_value': None, 'change': True}
2024-11-25 17:43:03,642 : INFO : EventManager : Event: ======'machine_var_audits_switches_s_main_1_trough'====== Args={'value': 52, 'prev_value': None, 'change': True}
2024-11-25 17:43:03,642 : INFO : EventManager : Event: ======'machine_var_audits_switches_s_main_2_target'====== Args={'value': 56, 'prev_value': None, 'change': True}
2024-11-25 17:43:03,643 : INFO : EventManager : Event: ======'machine_var_audits_switches_s_main_2_trough'====== Args={'value': 64, 'prev_value': None, 'change': True}
2024-11-25 17:43:03,643 : INFO : EventManager : Event: ======'machine_var_audits_switches_s_main_3_target'====== Args={'value': 27, 'prev_value': None, 'change': True}
2024-11-25 17:43:03,643 : INFO : EventManager : Event: ======'machine_var_audits_switches_s_main_4_target'====== Args={'value': 60, 'prev_value': None, 'change': True}
2024-11-25 17:43:03,643 : INFO : EventManager : Event: ======'machine_var_audits_switches_s_main_5_target'====== Args={'value': 60, 'prev_value': None, 'change': True}
2024-11-25 17:43:03,643 : INFO : EventManager : Event: ======'machine_var_audits_switches_s_main_inlane_left'====== Args={'value': 25, 'prev_value': None, 'change': True}
2024-11-25 17:43:03,643 : INFO : EventManager : Event: ======'machine_var_audits_switches_s_main_inlane_right'====== Args={'value': 81, 'prev_value': None, 'change': True}
2024-11-25 17:43:03,643 : INFO : EventManager : Event: ======'machine_var_audits_switches_s_main_kickout_right'====== Args={'value': 132, 'prev_value': None, 'change': True}
2024-11-25 17:43:03,644 : INFO : EventManager : Event: ======'machine_var_audits_switches_s_main_lane_center'====== Args={'value': 111, 'prev_value': None, 'change': True}
2024-11-25 17:43:03,644 : INFO : EventManager : Event: ======'machine_var_audits_switches_s_main_outhole'====== Args={'value': 555, 'prev_value': None, 'change': True}
2024-11-25 17:43:03,644 : INFO : EventManager : Event: ======'machine_var_audits_switches_s_main_outlane_left'====== Args={'value': 18, 'prev_value': None, 'change': True}
2024-11-25 17:43:03,644 : INFO : EventManager : Event: ======'machine_var_audits_switches_s_main_outlane_right'====== Args={'value': 45, 'prev_value': None, 'change': True}
2024-11-25 17:43:03,644 : INFO : EventManager : Event: ======'machine_var_audits_switches_s_main_pop_bottom'====== Args={'value': 240, 'prev_value': None, 'change': True}
2024-11-25 17:43:03,644 : INFO : EventManager : Event: ======'machine_var_audits_switches_s_main_pop_top'====== Args={'value': 177, 'prev_value': None, 'change': True}
2024-11-25 17:43:03,644 : INFO : EventManager : Event: ======'machine_var_audits_switches_s_main_rollunder'====== Args={'value': 106, 'prev_value': None, 'change': True}
2024-11-25 17:43:03,645 : INFO : EventManager : Event: ======'machine_var_audits_switches_s_main_roundabout_rollunder'====== Args={'value': 52, 'prev_value': None, 'change': True}
2024-11-25 17:43:03,645 : INFO : EventManager : Event: ======'machine_var_audits_switches_s_main_secret_trough'====== Args={'value': 31, 'prev_value': None, 'change': True}
2024-11-25 17:43:03,645 : INFO : EventManager : Event: ======'machine_var_audits_switches_s_main_slingshot'====== Args={'value': 240, 'prev_value': None, 'change': True}
2024-11-25 17:43:03,645 : INFO : EventManager : Event: ======'machine_var_audits_switches_s_main_target_right'====== Args={'value': 144, 'prev_value': None, 'change': True}
2024-11-25 17:43:03,645 : INFO : EventManager : Event: ======'machine_var_audits_switches_s_main_trapdoor_trough'====== Args={'value': 8, 'prev_value': None, 'change': True}
2024-11-25 17:43:03,646 : INFO : EventManager : Event: ======'machine_var_audits_switches_s_main_vuk'====== Args={'value': 281, 'prev_value': None, 'change': True}
2024-11-25 17:43:03,646 : INFO : EventManager : Event: ======'machine_var_audits_switches_s_right_flipper1'====== Args={'value': 367, 'prev_value': None, 'change': True}
2024-11-25 17:43:03,646 : INFO : EventManager : Event: ======'machine_var_audits_switches_s_right_flipper2'====== Args={'value': 419, 'prev_value': None, 'change': True}
2024-11-25 17:43:03,646 : INFO : EventManager : Event: ======'machine_var_audits_switches_s_start'====== Args={'value': 7, 'prev_value': None, 'change': True}
2024-11-25 17:43:03,646 : INFO : EventManager : Event: ======'machine_var_audits_switches_s_upper_10pt_center'====== Args={'value': 198, 'prev_value': None, 'change': True}
2024-11-25 17:43:03,646 : INFO : EventManager : Event: ======'machine_var_audits_switches_s_upper_10pt_left'====== Args={'value': 126, 'prev_value': None, 'change': True}
2024-11-25 17:43:03,647 : INFO : EventManager : Event: ======'machine_var_audits_switches_s_upper_1_drop'====== Args={'value': 187, 'prev_value': None, 'change': True}
2024-11-25 17:43:03,647 : INFO : EventManager : Event: ======'machine_var_audits_switches_s_upper_1_target'====== Args={'value': 158, 'prev_value': None, 'change': True}
2024-11-25 17:43:03,647 : INFO : EventManager : Event: ======'machine_var_audits_switches_s_upper_2_drop'====== Args={'value': 94, 'prev_value': None, 'change': True}
2024-11-25 17:43:03,647 : INFO : EventManager : Event: ======'machine_var_audits_switches_s_upper_2_target'====== Args={'value': 171, 'prev_value': None, 'change': True}
2024-11-25 17:43:03,647 : INFO : EventManager : Event: ======'machine_var_audits_switches_s_upper_3_drop'====== Args={'value': 114, 'prev_value': None, 'change': True}
2024-11-25 17:43:03,648 : INFO : EventManager : Event: ======'machine_var_audits_switches_s_upper_3_target'====== Args={'value': 79, 'prev_value': None, 'change': True}
2024-11-25 17:43:03,648 : INFO : EventManager : Event: ======'machine_var_audits_switches_s_upper_4_drop'====== Args={'value': 173, 'prev_value': None, 'change': True}
2024-11-25 17:43:03,648 : INFO : EventManager : Event: ======'machine_var_audits_switches_s_upper_4_target'====== Args={'value': 81, 'prev_value': None, 'change': True}
2024-11-25 17:43:03,648 : INFO : EventManager : Event: ======'machine_var_audits_switches_s_upper_pop'====== Args={'value': 823, 'prev_value': None, 'change': True}
2024-11-25 17:43:03,649 : INFO : EventManager : Event: ======'init_phase_5'====== Args={}
2024-11-25 17:43:03,652 : INFO : EventManager : Event: ======'init_done'====== Args={}
2024-11-25 17:43:03,652 : INFO : EventManager : Event: ======'machine_reset_phase_1'====== Args={}
2024-11-25 17:43:03,661 : INFO : EventManager : Event: ======'machine_reset_phase_2'====== Args={}
2024-11-25 17:43:03,661 : INFO : EventManager : Event: ======'machine_reset_phase_3'====== Args={}
2024-11-25 17:43:03,661 : INFO : drop_target_bank.upper : All targets are already up. Will not reset bank.
2024-11-25 17:43:03,661 : INFO : drop_target_bank.lower : All targets are already up. Will not reset bank.
2024-11-25 17:43:03,661 : INFO : EventManager : Event: ======'reset_complete'====== Args={}
2024-11-25 17:43:03,661 : INFO : EventManager : Event: ======'mode_attract_will_start'====== Args={}
2024-11-25 17:43:03,662 : INFO : EventManager : Event: ======'mode_attract_starting'====== Args={}
2024-11-25 17:43:03,662 : INFO : Mode.attract : Started. Priority: 10
2024-11-25 17:43:03,662 : INFO : EventManager : Event: ======'modes_active_modes_changed'====== Args={}
2024-11-25 17:43:03,662 : INFO : EventManager : Event: ======'mode_attract_started'====== Args={}
2024-11-25 17:43:03,662 : INFO : EventManager : Event: ======'collecting_balls_complete'====== Args={}
2024-11-25 17:43:03,663 : INFO : Machine : Starting the main run loop with active modes: [<Mode.attract>]
2024-11-25 17:43:03,712 : INFO : EventManager : Event: ======'slide_attract_scroll_created'====== Args={'_from_bcp': True}
2024-11-25 17:43:03,712 : INFO : EventManager : Event: ======'slide__removed'====== Args={'_from_bcp': True}
2024-11-25 17:43:03,712 : INFO : EventManager : Event: ======'slide_attract_scroll_active'====== Args={'original_context': 'attract', 'original_calling_context': 'mode_attract_started', 'priority': 10.0, 'cmd': 'slides_play', '_from_bcp': True}
2024-11-25 17:43:04,612 : INFO : BcpServer : New client connected.
2024-11-25 17:43:08,610 : INFO : SwitchController : <<<<<<< 's_main_outhole' active >>>>>>>
2024-11-25 17:43:09,111 : INFO : EventManager : Event: ======'balldevice_bd_drain_ball_count_changed'====== Args={'balls': 1}
2024-11-25 17:43:09,112 : INFO : ball_device.bd_drain : Received unexpected ball
2024-11-25 17:43:09,112 : INFO : EventManager : Event: ======'balldevice_captured_from_playfield'====== Args={'balls': 1}
2024-11-25 17:43:09,112 : INFO : EventManager : Event: ======'sw_playfield_active'====== Args={'balls': 1}
2024-11-25 17:43:09,113 : INFO : EventManager : Event: ======'playfield_active'====== Args={'source': None}
2024-11-25 17:43:09,113 : INFO : EventManager : Event: ======'unexpected_ball_on_playfield'====== Args={}
2024-11-25 17:43:09,113 : INFO : EventManager : Event: ======'playfield_ball_count_change'====== Args={'balls': -1, 'change': -1}
2024-11-25 17:43:09,114 : INFO : EventManager : Event: ======'balldevice_playfield_ball_enter'====== Args={'new_balls': 1, 'unclaimed_balls': 1, 'device': <playfield.playfield>}
2024-11-25 17:43:09,114 : INFO : EventManager : Event: ======'playfield_ball_count_change'====== Args={'balls': 0, 'change': 1}
2024-11-25 17:43:09,114 : INFO : BallController : Found a new ball which was captured from playfield. Known balls: 1
2024-11-25 17:43:09,114 : INFO : EventManager : Event: ======'found_new_ball'====== Args={}
2024-11-25 17:43:09,114 : INFO : EventManager : Event: ======'balldevice_bd_drain_ball_enter'====== Args={'new_balls': 1, 'unclaimed_balls': 1, 'new_available_balls': 1, 'device': <ball_device.bd_drain>}
2024-11-25 17:43:09,115 : INFO : EventManager : Event: ======'ball_drain'====== Args={'device': <ball_device.bd_drain>, 'balls': 1}
2024-11-25 17:43:09,115 : INFO : EventManager : Event: ======'balldevice_balls_available'====== Args={}
2024-11-25 17:43:09,115 : INFO : EventManager : Event: ======'balldevice_bd_drain_ball_entered'====== Args={'new_balls': 1, 'device': <ball_device.bd_drain>}
2024-11-25 17:43:10,180 : INFO : SwitchController : <<<<<<< 's_start' active >>>>>>>
2024-11-25 17:43:10,280 : INFO : SwitchController : <<<<<<< 's_start' inactive >>>>>>>
2024-11-25 17:43:10,280 : INFO : EventManager : Event: ======'request_to_start_game'====== Args={}
2024-11-25 17:43:10,281 : INFO : EventManager : Event: ======'game_start'====== Args={'buttons': [], 'hold_time': 0.10019880700565409}
2024-11-25 17:43:10,281 : INFO : EventManager : Event: ======'mode_game_will_start'====== Args={'buttons': [], 'hold_time': 0.10019880700565409}
2024-11-25 17:43:10,282 : INFO : EventManager : Event: ======'mode_game_starting'====== Args={'buttons': [], 'hold_time': 0.10019880700565409}
2024-11-25 17:43:10,282 : INFO : EventManager : Event: ======'mode_attract_will_stop'====== Args={}
2024-11-25 17:43:10,282 : INFO : EventManager : Event: ======'mode_attract_stopping'====== Args={}
2024-11-25 17:43:10,282 : INFO : Mode.attract : Stopped.
2024-11-25 17:43:10,282 : INFO : EventManager : Event: ======'modes_active_modes_changed'====== Args={}
2024-11-25 17:43:10,283 : INFO : EventManager : Event: ======'mode_attract_stopped'====== Args={}
2024-11-25 17:43:10,283 : INFO : EventManager : Event: ======'clear'====== Args={'key': 'attract'}
2024-11-25 17:43:10,283 : INFO : Mode.game : Started. Priority: 20
2024-11-25 17:43:10,283 : INFO : EventManager : Event: ======'modes_active_modes_changed'====== Args={}
2024-11-25 17:43:10,283 : INFO : EventManager : Event: ======'mode_game_started'====== Args={'buttons': [], 'hold_time': 0.10019880700565409}
2024-11-25 17:43:10,284 : INFO : EventManager : Event: ======'game_will_start'====== Args={}
2024-11-25 17:43:10,284 : INFO : EventManager : Event: ======'game_starting'====== Args={'game': <Mode.game>}
2024-11-25 17:43:10,285 : INFO : EventManager : Unordered handler for class <Auditor> on event game_ended with priority 1. Handlers: [RegisteredHandler(callback=<bound method Auditor.disable of <Auditor>>, priority=1, kwargs={}, key=UUID('dae8d1e6-053a-4f49-966d-017be0ade3d1'), condition=None, blocking_facility=None), RegisteredHandler(callback=<bound method Auditor._save_audits of <Auditor>>, priority=1, kwargs={}, key=UUID('65b304d3-abe9-4c05-b668-c491d7e8543a'), condition=None, blocking_facility=None)]. The order of those handlers is not defined and they will be executed in random order. This might lead to race conditions and potential bugs.
2024-11-25 17:43:10,285 : INFO : EventManager : Event: ======'player_add_request'====== Args={}
2024-11-25 17:43:10,285 : INFO : EventManager : Event: ======'player_will_add'====== Args={'number': 1}
2024-11-25 17:43:10,285 : INFO : EventManager : Event: ======'player_adding'====== Args={'player': <Player 1>, 'number': 1}
2024-11-25 17:43:10,285 : INFO : EventManager : Event: ======'player_added'====== Args={'player': <Player 1>, 'num': 1}
2024-11-25 17:43:10,286 : INFO : Mode.game : Player added successfully. Total players: 1
2024-11-25 17:43:10,286 : INFO : EventManager : Event: ======'player_index'====== Args={'value': 0, 'prev_value': 0, 'change': 0, 'player_num': 1}
2024-11-25 17:43:10,286 : INFO : EventManager : Event: ======'player_number'====== Args={'value': 1, 'prev_value': 1, 'change': 0, 'player_num': 1}
2024-11-25 17:43:10,286 : INFO : EventManager : Event: ======'player_bonus_attic_targets'====== Args={'value': 0, 'prev_value': 0, 'change': 0, 'player_num': 1}
2024-11-25 17:43:10,286 : INFO : EventManager : Event: ======'player_bonus_attic_drops'====== Args={'value': 0, 'prev_value': 0, 'change': 0, 'player_num': 1}
2024-11-25 17:43:10,286 : INFO : EventManager : Event: ======'player_bonus_lower_drops'====== Args={'value': 0, 'prev_value': 0, 'change': 0, 'player_num': 1}
2024-11-25 17:43:10,287 : INFO : EventManager : Event: ======'player_bonus_lower_targets'====== Args={'value': 0, 'prev_value': 0, 'change': 0, 'player_num': 1}
2024-11-25 17:43:10,287 : INFO : EventManager : Event: ======'player_attic_double_score'====== Args={'value': 0, 'prev_value': 0, 'change': 0, 'player_num': 1}
2024-11-25 17:43:10,287 : INFO : EventManager : Event: ======'player_main_double_score'====== Args={'value': 0, 'prev_value': 0, 'change': 0, 'player_num': 1}
2024-11-25 17:43:10,287 : INFO : EventManager : Event: ======'player_lower_double_score'====== Args={'value': 0, 'prev_value': 0, 'change': 0, 'player_num': 1}
2024-11-25 17:43:10,287 : INFO : EventManager : Event: ======'player_base_bonus'====== Args={'value': 0, 'prev_value': 0, 'change': 0, 'player_num': 1}
2024-11-25 17:43:10,288 : INFO : EventManager : Event: ======'player_bonus_multiplier'====== Args={'value': 1, 'prev_value': 1, 'change': 0, 'player_num': 1}
2024-11-25 17:43:10,288 : INFO : EventManager : Event: ======'player_score'====== Args={'value': 0, 'prev_value': 0, 'change': 0, 'player_num': 1}
2024-11-25 17:43:10,291 : INFO : EventManager : Event: ======'game_started'====== Args={}
2024-11-25 17:43:10,298 : INFO : EventManager : Event: ======'player_turn_will_start'====== Args={'player': <Player 1>, 'number': 1}
2024-11-25 17:43:10,298 : INFO : EventManager : Event: ======'player_turn_starting'====== Args={'player': <Player 1>, 'number': 1}
2024-11-25 17:43:10,299 : INFO : EventManager : Event: ======'player_ball'====== Args={'value': 1, 'prev_value': 0, 'change': 1, 'player_num': 1}
2024-11-25 17:43:10,299 : INFO : EventManager : Event: ======'player_turn_started'====== Args={'player': <Player 1>, 'number': 1}
2024-11-25 17:43:10,299 : INFO : EventManager : Event: ======'ball_will_start'====== Args={'player': 1, 'ball': 1, 'balls_remaining': 2, 'is_extra_ball': False}
2024-11-25 17:43:10,300 : INFO : EventManager : Event: ======'ball_starting'====== Args={'player': 1, 'ball': 1, 'balls_remaining': 2, 'is_extra_ball': False}
2024-11-25 17:43:10,300 : INFO : EventManager : Event: ======'mode_base_will_start'====== Args={'queue': <QueuedEvent>, 'player': 1, 'ball': 1, 'balls_remaining': 2, 'is_extra_ball': False}
2024-11-25 17:43:10,300 : INFO : EventManager : Event: ======'player_shot_upper_pop_enabled'====== Args={'value': True, 'prev_value': 0, 'change': 1, 'player_num': 1}
2024-11-25 17:43:10,300 : INFO : EventManager : Event: ======'player_shot_lower_left_pop_enabled'====== Args={'value': True, 'prev_value': 0, 'change': 1, 'player_num': 1}
2024-11-25 17:43:10,301 : INFO : EventManager : Event: ======'player_shot_upper_left_pop_enabled'====== Args={'value': True, 'prev_value': 0, 'change': 1, 'player_num': 1}
2024-11-25 17:43:10,301 : INFO : EventManager : Event: ======'player_shot_10pt_enabled'====== Args={'value': True, 'prev_value': 0, 'change': 1, 'player_num': 1}
2024-11-25 17:43:10,301 : INFO : EventManager : Event: ======'player_shot_upper_1_enabled'====== Args={'value': True, 'prev_value': 0, 'change': 1, 'player_num': 1}
2024-11-25 17:43:10,302 : INFO : EventManager : Event: ======'player_shot_upper_2_enabled'====== Args={'value': True, 'prev_value': 0, 'change': 1, 'player_num': 1}
2024-11-25 17:43:10,302 : INFO : EventManager : Event: ======'player_shot_upper_3_enabled'====== Args={'value': True, 'prev_value': 0, 'change': 1, 'player_num': 1}
2024-11-25 17:43:10,302 : INFO : EventManager : Event: ======'player_shot_upper_4_enabled'====== Args={'value': True, 'prev_value': 0, 'change': 1, 'player_num': 1}
2024-11-25 17:43:10,303 : INFO : EventManager : Event: ======'player_shot_upper_1_drop_enabled'====== Args={'value': True, 'prev_value': 0, 'change': 1, 'player_num': 1}
2024-11-25 17:43:10,303 : INFO : EventManager : Event: ======'player_shot_upper_2_drop_enabled'====== Args={'value': True, 'prev_value': 0, 'change': 1, 'player_num': 1}
2024-11-25 17:43:10,303 : INFO : EventManager : Event: ======'player_shot_upper_3_drop_enabled'====== Args={'value': True, 'prev_value': 0, 'change': 1, 'player_num': 1}
2024-11-25 17:43:10,304 : INFO : EventManager : Event: ======'player_shot_upper_4_drop_enabled'====== Args={'value': True, 'prev_value': 0, 'change': 1, 'player_num': 1}
2024-11-25 17:43:10,304 : INFO : EventManager : Event: ======'player_shot_lower_1_drop_enabled'====== Args={'value': True, 'prev_value': 0, 'change': 1, 'player_num': 1}
2024-11-25 17:43:10,304 : INFO : EventManager : Event: ======'player_shot_lower_2_drop_enabled'====== Args={'value': True, 'prev_value': 0, 'change': 1, 'player_num': 1}
2024-11-25 17:43:10,305 : INFO : EventManager : Event: ======'player_shot_lower_3_drop_enabled'====== Args={'value': True, 'prev_value': 0, 'change': 1, 'player_num': 1}
2024-11-25 17:43:10,305 : INFO : EventManager : Event: ======'player_shot_lower_4_drop_enabled'====== Args={'value': True, 'prev_value': 0, 'change': 1, 'player_num': 1}
2024-11-25 17:43:10,305 : INFO : EventManager : Event: ======'player_shot_lower_5_drop_enabled'====== Args={'value': True, 'prev_value': 0, 'change': 1, 'player_num': 1}
2024-11-25 17:43:10,305 : INFO : EventManager : Event: ======'player_shot_lower_hole_enabled'====== Args={'value': True, 'prev_value': 0, 'change': 1, 'player_num': 1}
2024-11-25 17:43:10,306 : INFO : EventManager : Event: ======'player_shot_lower_left_enabled'====== Args={'value': True, 'prev_value': 0, 'change': 1, 'player_num': 1}
2024-11-25 17:43:10,306 : INFO : EventManager : Event: ======'player_shot_lower_right_enabled'====== Args={'value': True, 'prev_value': 0, 'change': 1, 'player_num': 1}
2024-11-25 17:43:10,306 : INFO : EventManager : Event: ======'player_shot_lower_pop_enabled'====== Args={'value': True, 'prev_value': 0, 'change': 1, 'player_num': 1}
2024-11-25 17:43:10,307 : INFO : EventManager : Event: ======'player_shot_lower_10pt_lower_enabled'====== Args={'value': True, 'prev_value': 0, 'change': 1, 'player_num': 1}
2024-11-25 17:43:10,307 : INFO : EventManager : Event: ======'player_shot_lower_10pt_drops_enabled'====== Args={'value': True, 'prev_value': 0, 'change': 1, 'player_num': 1}
2024-11-25 17:43:10,307 : INFO : EventManager : Event: ======'player_shot_lower_10pt_upper_enabled'====== Args={'value': True, 'prev_value': 0, 'change': 1, 'player_num': 1}
2024-11-25 17:43:10,307 : INFO : EventManager : Event: ======'player_shot_lower_slingshot_enabled'====== Args={'value': True, 'prev_value': 0, 'change': 1, 'player_num': 1}
2024-11-25 17:43:10,308 : INFO : EventManager : Event: ======'player_shot_lower_kick_target_enabled'====== Args={'value': True, 'prev_value': 0, 'change': 1, 'player_num': 1}
2024-11-25 17:43:10,308 : INFO : EventManager : Event: ======'player_shot_lower_rollover_enabled'====== Args={'value': True, 'prev_value': 0, 'change': 1, 'player_num': 1}
2024-11-25 17:43:10,308 : INFO : EventManager : Event: ======'player_shot_main_1_enabled'====== Args={'value': True, 'prev_value': 0, 'change': 1, 'player_num': 1}
2024-11-25 17:43:10,309 : INFO : EventManager : Event: ======'player_shot_main_2_enabled'====== Args={'value': True, 'prev_value': 0, 'change': 1, 'player_num': 1}
2024-11-25 17:43:10,309 : INFO : EventManager : Event: ======'player_shot_main_3_enabled'====== Args={'value': True, 'prev_value': 0, 'change': 1, 'player_num': 1}
2024-11-25 17:43:10,309 : INFO : EventManager : Event: ======'player_shot_main_4_enabled'====== Args={'value': True, 'prev_value': 0, 'change': 1, 'player_num': 1}
2024-11-25 17:43:10,310 : INFO : EventManager : Event: ======'player_shot_main_5_enabled'====== Args={'value': True, 'prev_value': 0, 'change': 1, 'player_num': 1}
2024-11-25 17:43:10,310 : INFO : EventManager : Event: ======'player_shot_main_slingshot_enabled'====== Args={'value': True, 'prev_value': 0, 'change': 1, 'player_num': 1}
2024-11-25 17:43:10,310 : INFO : EventManager : Event: ======'player_shot_right_outlane_enabled'====== Args={'value': True, 'prev_value': 0, 'change': 1, 'player_num': 1}
2024-11-25 17:43:10,311 : INFO : EventManager : Event: ======'player_shot_right_inlane_enabled'====== Args={'value': True, 'prev_value': 0, 'change': 1, 'player_num': 1}
2024-11-25 17:43:10,311 : INFO : EventManager : Event: ======'player_shot_left_inlane_enabled'====== Args={'value': True, 'prev_value': 0, 'change': 1, 'player_num': 1}
2024-11-25 17:43:10,311 : INFO : EventManager : Event: ======'player_shot_left_outlane_enabled'====== Args={'value': True, 'prev_value': 0, 'change': 1, 'player_num': 1}
2024-11-25 17:43:10,311 : INFO : EventManager : Event: ======'player_shot_standup_right_enabled'====== Args={'value': True, 'prev_value': 0, 'change': 1, 'player_num': 1}
2024-11-25 17:43:10,312 : INFO : EventManager : Event: ======'player_shot_right_kickout_enabled'====== Args={'value': True, 'prev_value': 0, 'change': 1, 'player_num': 1}
2024-11-25 17:43:10,312 : INFO : EventManager : Event: ======'player_shot_rollunder_enabled'====== Args={'value': True, 'prev_value': 0, 'change': 1, 'player_num': 1}
2024-11-25 17:43:10,312 : INFO : EventManager : Event: ======'player_shot_main_trough_1_enabled'====== Args={'value': True, 'prev_value': 0, 'change': 1, 'player_num': 1}
2024-11-25 17:43:10,313 : INFO : EventManager : Event: ======'player_shot_main_trough_2_enabled'====== Args={'value': True, 'prev_value': 0, 'change': 1, 'player_num': 1}
2024-11-25 17:43:10,313 : INFO : EventManager : Event: ======'player_shot_secret_passage_trough_enabled'====== Args={'value': True, 'prev_value': 0, 'change': 1, 'player_num': 1}
2024-11-25 17:43:10,313 : INFO : EventManager : Event: ======'player_shot_trapdoor_trough_enabled'====== Args={'value': True, 'prev_value': 0, 'change': 1, 'player_num': 1}
2024-11-25 17:43:10,316 : INFO : EventManager : Event: ======'mode_base_starting'====== Args={'queue': <QueuedEvent>, 'player': 1, 'ball': 1, 'balls_remaining': 2, 'is_extra_ball': False}
2024-11-25 17:43:10,317 : INFO : drop_target_bank.upper : All targets are already up. Will not reset bank.
2024-11-25 17:43:10,317 : INFO : drop_target_bank.lower : All targets are already up. Will not reset bank.
2024-11-25 17:43:10,318 : INFO : EventManager : Event: ======'balls_in_play'====== Args={'balls': 1}
2024-11-25 17:43:10,318 : INFO : EventManager : Event: ======'ball_started'====== Args={'player': 1, 'ball': 1, 'balls_remaining': 2, 'is_extra_ball': False}
2024-11-25 17:43:10,321 : INFO : EventManager : Event: ======'logicblock_attic_drop_counter_updated'====== Args={'value': 0, 'enabled': True}
2024-11-25 17:43:10,321 : INFO : EventManager : Event: ======'logicblock_attic_hits_updated'====== Args={'value': 0, 'enabled': True}
2024-11-25 17:43:10,321 : INFO : EventManager : Event: ======'logicblock_attic_drop_counter_updated'====== Args={'value': 0, 'enabled': True}
2024-11-25 17:43:10,322 : INFO : EventManager : Event: ======'logicblock_attic_hits_updated'====== Args={'value': 0, 'enabled': True}
2024-11-25 17:43:10,322 : INFO : Mode.base : Started. Priority: 100
2024-11-25 17:43:10,322 : INFO : EventManager : Event: ======'modes_active_modes_changed'====== Args={}
2024-11-25 17:43:10,322 : INFO : EventManager : Event: ======'mode_base_started'====== Args={'queue': <QueuedEvent>, 'player': 1, 'ball': 1, 'balls_remaining': 2, 'is_extra_ball': False}
2024-11-25 17:43:10,322 : INFO : EventManager : Event: ======'base_bonus_700'====== Args={'queue': <QueuedEvent>, 'player': 1, 'ball': 1, 'balls_remaining': 2, 'is_extra_ball': False}
2024-11-25 17:43:10,322 : INFO : EventManager : Event: ======'player_base_bonus'====== Args={'value': 700, 'prev_value': 0, 'change': 700, 'player_num': 1, 'source': 'base'}
2024-11-25 17:43:10,324 : INFO : EventManager : Event: ======'single_player_ball_started'====== Args={}
2024-11-25 17:43:10,324 : INFO : EventManager : Event: ======'ball_start_target'====== Args={'target': 'playfield'}
2024-11-25 17:43:10,325 : INFO : ball_device.bd_drain : Setting up player-controlled eject. Balls: 1, Target: <playfield.playfield>, player_controlled_eject_event: None
2024-11-25 17:43:10,325 : INFO : ball_device.bd_drain : Adding 1 ball(s) to the eject_queue with target <playfield.playfield>.
2024-11-25 17:43:10,325 : INFO : EventManager : Event: ======'balldevice_balls_available'====== Args={}
2024-11-25 17:43:10,326 : INFO : ball_device.bd_drain : State: waiting_for_target_ready
2024-11-25 17:43:10,326 : INFO : EventManager : Event: ======'balldevice_bd_drain_ball_eject_attempt'====== Args={'balls': 1, 'target': <playfield.playfield>, 'source': <ball_device.bd_drain>, 'mechanical_eject': False, 'num_attempts': 0}
2024-11-25 17:43:10,326 : INFO : ball_device.bd_drain : State: ejecting
2024-11-25 17:43:10,326 : INFO : ball_device.bd_drain : Ejecting ball to <playfield.playfield>
2024-11-25 17:43:10,326 : INFO : EventManager : Event: ======'balldevice_bd_drain_ejecting_ball'====== Args={'balls': 1, 'target': <playfield.playfield>, 'source': <ball_device.bd_drain>, 'mechanical_eject': False, 'num_attempts': 0}
2024-11-25 17:43:10,327 : INFO : ball_device.bd_drain : Wait for ball to leave device
2024-11-25 17:43:10,327 : INFO : coil.c_main_outhole : Pulsing Driver for 60ms (1.0 pulse_power)
2024-11-25 17:43:10,345 : INFO : EventManager : Event: ======'slide_base_created'====== Args={'_from_bcp': True}
2024-11-25 17:43:10,345 : INFO : EventManager : Event: ======'slide_attract_scroll_inactive'====== Args={'is_removing': True, '_from_bcp': True}
2024-11-25 17:43:10,345 : INFO : EventManager : Event: ======'slide_base_active'====== Args={'original_context': 'base', 'original_calling_context': 'mode_base_started', 'priority': 100.0, 'queue': '<QueuedEvent>', 'player': 1.0, 'ball': 1.0, 'balls_remaining': 2.0, 'is_extra_ball': False, 'cmd': 'slides_play', '_from_bcp': True}
2024-11-25 17:43:10,345 : INFO : EventManager : Event: ======'slide_attract_scroll_removed'====== Args={'_from_bcp': True}
2024-11-25 17:43:11,138 : INFO : SwitchController : <<<<<<< 's_main_outhole' inactive >>>>>>>
2024-11-25 17:43:11,138 : INFO : ball_device.bd_drain : State: ball_left
2024-11-25 17:43:11,138 : INFO : ball_device.bd_drain : Ball left
2024-11-25 17:43:11,139 : INFO : ball_device.bd_drain : Wait for confirm with timeout 10.0
2024-11-25 17:43:12,898 : INFO : SwitchController : <<<<<<< 's_upper_4_drop' active >>>>>>>
2024-11-25 17:43:12,898 : INFO : EventManager : Event: ======'playfield_active'====== Args={'source': 'upper_4_drop'}
2024-11-25 17:43:12,898 : INFO : EventManager : Event: ======'s_upper_4_drop_active'====== Args={}
2024-11-25 17:43:12,899 : INFO : EventManager : Event: ======'playfield_active'====== Args={'source': 'u4_drop'}
2024-11-25 17:43:12,899 : INFO : EventManager : Event: ======'drop_target_u4_drop_down'====== Args={'device': <drop_target.u4_drop>}
2024-11-25 17:43:12,900 : INFO : EventManager : Event: ======'drop_target_bank_upper_mixed'====== Args={'prev_value': <DropTargetBankState.UP: 'up'>, 'down': 1}
2024-11-25 17:43:12,900 : INFO : EventManager : Event: ======'machine_var_audits_switches_s_upper_4_drop'====== Args={'value': 174, 'prev_value': 173, 'change': 1}
2024-11-25 17:43:12,900 : INFO : EventManager : Event: ======'player_shot_upper_4_drop'====== Args={'value': 1, 'prev_value': 0, 'change': 1, 'player_num': 1}
2024-11-25 17:43:12,905 : INFO : EventManager : Event: ======'machine_var_audits_shots_upper_4_drop'====== Args={'value': 154, 'prev_value': 153, 'change': 1}
2024-11-25 17:43:12,905 : INFO : EventManager : Event: ======'upper_4_drop_hit'====== Args={'profile': 'default', 'state': 'unlit', 'advancing': True}
2024-11-25 17:43:12,905 : INFO : EventManager : Event: ======'upper_4_drop_default_hit'====== Args={'profile': 'default', 'state': 'unlit', 'advancing': True}
2024-11-25 17:43:12,905 : INFO : EventManager : Event: ======'upper_4_drop_default_unlit_hit'====== Args={'profile': 'default', 'state': 'unlit', 'advancing': True}
2024-11-25 17:43:12,906 : INFO : EventManager : Event: ======'upper_4_drop_unlit_hit'====== Args={'profile': 'default', 'state': 'unlit', 'advancing': True}
2024-11-25 17:43:12,906 : INFO : EventManager : Event: ======'player_score'====== Args={'value': 3000, 'prev_value': 0, 'change': 3000, 'player_num': 1, 'source': 'base'}
2024-11-25 17:43:12,906 : INFO : EventManager : Event: ======'player_bonus_attic_drops'====== Args={'value': 1, 'prev_value': 0, 'change': 1, 'player_num': 1, 'source': 'base'}
2024-11-25 17:43:12,906 : INFO : EventManager : Event: ======'logicblock_attic_hits_updated'====== Args={'value': 1, 'enabled': True}
2024-11-25 17:43:12,906 : INFO : EventManager : Event: ======'counter_attic_hits_hit'====== Args={'count': 1, 'hits': 1, 'remaining': 10}
2024-11-25 17:43:12,906 : INFO : EventManager : Event: ======'logicblock_attic_hits_hit'====== Args={'count': 1, 'hits': 1, 'remaining': 10}
2024-11-25 17:43:12,909 : INFO : ball_device.bd_drain : Got eject confirm
2024-11-25 17:43:12,910 : INFO : ball_device.bd_drain : Eject successful
2024-11-25 17:43:12,910 : INFO : EventManager : Event: ======'balldevice_bd_drain_ball_eject_success'====== Args={'balls': 1, 'target': <playfield.playfield>}
2024-11-25 17:43:12,910 : INFO : EventManager : Event: ======'balldevice_playfield_ball_enter'====== Args={'new_balls': 1, 'unclaimed_balls': 1, 'device': <playfield.playfield>}
2024-11-25 17:43:12,910 : INFO : EventManager : Event: ======'playfield_ball_count_change'====== Args={'balls': 1, 'change': 1}
2024-11-25 17:43:12,913 : INFO : EventManager : Event: ======'balldevice_bd_drain_ball_count_changed'====== Args={'balls': 0}
2024-11-25 17:43:12,913 : INFO : ball_device.bd_drain : State: idle
2024-11-25 17:43:12,981 : INFO : SwitchController : <<<<<<< 's_upper_4_drop' inactive >>>>>>>
2024-11-25 17:43:12,981 : INFO : EventManager : Event: ======'drop_target_u4_drop_up'====== Args={'device': <drop_target.u4_drop>}
2024-11-25 17:43:12,981 : INFO : EventManager : Event: ======'drop_target_bank_upper_up'====== Args={}
2024-11-25 17:43:13,348 : INFO : SwitchController : <<<<<<< 's_upper_4_drop' active >>>>>>>
2024-11-25 17:43:13,348 : INFO : EventManager : Event: ======'s_upper_4_drop_active'====== Args={}
2024-11-25 17:43:13,349 : INFO : EventManager : Event: ======'drop_target_u4_drop_down'====== Args={'device': <drop_target.u4_drop>}
2024-11-25 17:43:13,349 : INFO : EventManager : Event: ======'drop_target_bank_upper_mixed'====== Args={'prev_value': <DropTargetBankState.UP: 'up'>, 'down': 1}
2024-11-25 17:43:13,349 : INFO : EventManager : Event: ======'machine_var_audits_switches_s_upper_4_drop'====== Args={'value': 175, 'prev_value': 174, 'change': 1}
2024-11-25 17:43:13,350 : INFO : EventManager : Event: ======'machine_var_audits_shots_upper_4_drop'====== Args={'value': 155, 'prev_value': 154, 'change': 1}
2024-11-25 17:43:13,351 : INFO : EventManager : Event: ======'upper_4_drop_hit'====== Args={'profile': 'default', 'state': 'lit', 'advancing': False}
2024-11-25 17:43:13,351 : INFO : EventManager : Event: ======'upper_4_drop_default_hit'====== Args={'profile': 'default', 'state': 'lit', 'advancing': False}
2024-11-25 17:43:13,351 : INFO : EventManager : Event: ======'upper_4_drop_default_lit_hit'====== Args={'profile': 'default', 'state': 'lit', 'advancing': False}
2024-11-25 17:43:13,351 : INFO : EventManager : Event: ======'upper_4_drop_lit_hit'====== Args={'profile': 'default', 'state': 'lit', 'advancing': False}
2024-11-25 17:43:13,351 : INFO : EventManager : Event: ======'player_score'====== Args={'value': 6000, 'prev_value': 3000, 'change': 3000, 'player_num': 1, 'source': 'base'}
2024-11-25 17:43:13,351 : INFO : EventManager : Event: ======'player_bonus_attic_drops'====== Args={'value': 2, 'prev_value': 1, 'change': 1, 'player_num': 1, 'source': 'base'}
2024-11-25 17:43:13,352 : INFO : EventManager : Event: ======'logicblock_attic_hits_updated'====== Args={'value': 2, 'enabled': True}
2024-11-25 17:43:13,352 : INFO : EventManager : Event: ======'counter_attic_hits_hit'====== Args={'count': 2, 'hits': 2, 'remaining': 9}
2024-11-25 17:43:13,352 : INFO : EventManager : Event: ======'logicblock_attic_hits_hit'====== Args={'count': 2, 'hits': 2, 'remaining': 9}
2024-11-25 17:43:13,431 : INFO : SwitchController : <<<<<<< 's_upper_4_drop' inactive >>>>>>>
2024-11-25 17:43:13,431 : INFO : EventManager : Event: ======'drop_target_u4_drop_up'====== Args={'device': <drop_target.u4_drop>}
2024-11-25 17:43:13,432 : INFO : EventManager : Event: ======'drop_target_bank_upper_up'====== Args={}
2024-11-25 17:43:13,748 : INFO : SwitchController : <<<<<<< 's_upper_4_drop' active >>>>>>>
2024-11-25 17:43:13,748 : INFO : EventManager : Event: ======'s_upper_4_drop_active'====== Args={}
2024-11-25 17:43:13,748 : INFO : EventManager : Event: ======'drop_target_u4_drop_down'====== Args={'device': <drop_target.u4_drop>}
2024-11-25 17:43:13,748 : INFO : EventManager : Event: ======'drop_target_bank_upper_mixed'====== Args={'prev_value': <DropTargetBankState.UP: 'up'>, 'down': 1}
2024-11-25 17:43:13,749 : INFO : EventManager : Event: ======'machine_var_audits_switches_s_upper_4_drop'====== Args={'value': 176, 'prev_value': 175, 'change': 1}
2024-11-25 17:43:13,749 : INFO : EventManager : Event: ======'machine_var_audits_shots_upper_4_drop'====== Args={'value': 156, 'prev_value': 155, 'change': 1}
2024-11-25 17:43:13,749 : INFO : EventManager : Event: ======'upper_4_drop_hit'====== Args={'profile': 'default', 'state': 'lit', 'advancing': False}
2024-11-25 17:43:13,750 : INFO : EventManager : Event: ======'upper_4_drop_default_hit'====== Args={'profile': 'default', 'state': 'lit', 'advancing': False}
2024-11-25 17:43:13,750 : INFO : EventManager : Event: ======'upper_4_drop_default_lit_hit'====== Args={'profile': 'default', 'state': 'lit', 'advancing': False}
2024-11-25 17:43:13,750 : INFO : EventManager : Event: ======'upper_4_drop_lit_hit'====== Args={'profile': 'default', 'state': 'lit', 'advancing': False}
2024-11-25 17:43:13,750 : INFO : EventManager : Event: ======'player_score'====== Args={'value': 9000, 'prev_value': 6000, 'change': 3000, 'player_num': 1, 'source': 'base'}
2024-11-25 17:43:13,750 : INFO : EventManager : Event: ======'player_bonus_attic_drops'====== Args={'value': 3, 'prev_value': 2, 'change': 1, 'player_num': 1, 'source': 'base'}
2024-11-25 17:43:13,751 : INFO : EventManager : Event: ======'logicblock_attic_hits_updated'====== Args={'value': 3, 'enabled': True}
2024-11-25 17:43:13,751 : INFO : EventManager : Event: ======'counter_attic_hits_hit'====== Args={'count': 3, 'hits': 3, 'remaining': 8}
2024-11-25 17:43:13,751 : INFO : EventManager : Event: ======'logicblock_attic_hits_hit'====== Args={'count': 3, 'hits': 3, 'remaining': 8}
2024-11-25 17:43:13,831 : INFO : SwitchController : <<<<<<< 's_upper_4_drop' inactive >>>>>>>
2024-11-25 17:43:13,831 : INFO : EventManager : Event: ======'drop_target_u4_drop_up'====== Args={'device': <drop_target.u4_drop>}
2024-11-25 17:43:13,831 : INFO : EventManager : Event: ======'drop_target_bank_upper_up'====== Args={}
2024-11-25 17:43:15,048 : INFO : SwitchController : <<<<<<< 's_main_secret_trough' active >>>>>>>
2024-11-25 17:43:15,048 : INFO : EventManager : Event: ======'s_main_secret_trough_active'====== Args={}
2024-11-25 17:43:15,049 : INFO : EventManager : Event: ======'sw_playfield_active'====== Args={}
2024-11-25 17:43:15,049 : INFO : EventManager : Event: ======'machine_var_audits_switches_s_main_secret_trough'====== Args={'value': 32, 'prev_value': 31, 'change': 1}
2024-11-25 17:43:15,050 : INFO : EventManager : Event: ======'player_shot_secret_passage_trough'====== Args={'value': 1, 'prev_value': 0, 'change': 1, 'player_num': 1}
2024-11-25 17:43:15,054 : INFO : EventManager : Event: ======'machine_var_audits_shots_secret_passage_trough'====== Args={'value': 2, 'prev_value': 1, 'change': 1}
2024-11-25 17:43:15,054 : INFO : EventManager : Event: ======'secret_passage_trough_hit'====== Args={'profile': 'default', 'state': 'unlit', 'advancing': True}
2024-11-25 17:43:15,055 : INFO : EventManager : Event: ======'secret_passage_trough_default_hit'====== Args={'profile': 'default', 'state': 'unlit', 'advancing': True}
2024-11-25 17:43:15,055 : INFO : EventManager : Event: ======'secret_passage_trough_default_unlit_hit'====== Args={'profile': 'default', 'state': 'unlit', 'advancing': True}
2024-11-25 17:43:15,055 : INFO : EventManager : Event: ======'secret_passage_trough_unlit_hit'====== Args={'profile': 'default', 'state': 'unlit', 'advancing': True}
2024-11-25 17:43:15,055 : INFO : EventManager : Event: ======'player_bonus_multiplier'====== Args={'value': 2, 'prev_value': 1, 'change': 1, 'player_num': 1, 'source': 'base'}
2024-11-25 17:43:15,148 : INFO : SwitchController : <<<<<<< 's_main_secret_trough' inactive >>>>>>>
2024-11-25 17:43:16,905 : INFO : SwitchController : <<<<<<< 's_main_outhole' active >>>>>>>
2024-11-25 17:43:16,905 : INFO : EventManager : Event: ======'machine_var_audits_switches_s_main_outhole'====== Args={'value': 556, 'prev_value': 555, 'change': 1}
2024-11-25 17:43:17,406 : INFO : EventManager : Event: ======'balldevice_bd_drain_ball_count_changed'====== Args={'balls': 1}
2024-11-25 17:43:17,406 : INFO : ball_device.bd_drain : Received unexpected ball
2024-11-25 17:43:17,406 : INFO : EventManager : Event: ======'balldevice_captured_from_playfield'====== Args={'balls': 1}
2024-11-25 17:43:17,407 : INFO : EventManager : Event: ======'sw_playfield_active'====== Args={'balls': 1}
2024-11-25 17:43:17,407 : INFO : EventManager : Event: ======'playfield_ball_count_change'====== Args={'balls': 0, 'change': -1}
2024-11-25 17:43:17,408 : INFO : EventManager : Event: ======'balldevice_bd_drain_ball_enter'====== Args={'new_balls': 1, 'unclaimed_balls': 1, 'new_available_balls': 1, 'device': <ball_device.bd_drain>}
2024-11-25 17:43:17,408 : INFO : EventManager : Event: ======'ball_drain'====== Args={'device': <ball_device.bd_drain>, 'balls': 1}
2024-11-25 17:43:17,409 : INFO : EventManager : Event: ======'ball_will_end'====== Args={}
2024-11-25 17:43:17,409 : INFO : EventManager : Event: ======'balldevice_balls_available'====== Args={}
2024-11-25 17:43:17,409 : INFO : EventManager : Event: ======'balldevice_bd_drain_ball_entered'====== Args={'new_balls': 1, 'device': <ball_device.bd_drain>}
2024-11-25 17:43:17,411 : INFO : EventManager : Event: ======'ball_ending'====== Args={}
2024-11-25 17:43:17,411 : INFO : EventManager : Event: ======'mode_bonus_will_start'====== Args={'queue': <QueuedEvent>}
2024-11-25 17:43:17,412 : INFO : EventManager : Event: ======'mode_bonus_starting'====== Args={'queue': <QueuedEvent>}
2024-11-25 17:43:17,412 : INFO : Mode.bonus : Started. Priority: 500
2024-11-25 17:43:17,412 : INFO : EventManager : Event: ======'modes_active_modes_changed'====== Args={}
2024-11-25 17:43:17,412 : INFO : EventManager : Event: ======'mode_bonus_started'====== Args={'queue': <QueuedEvent>}
2024-11-25 17:43:17,412 : INFO : EventManager : Event: ======'bonus_start'====== Args={}
2024-11-25 17:43:17,435 : INFO : EventManager : Event: ======'slide_bonus_created'====== Args={'_from_bcp': True}
2024-11-25 17:43:17,435 : INFO : EventManager : Event: ======'slide_base_inactive'====== Args={'is_removing': False, '_from_bcp': True}
2024-11-25 17:43:17,436 : INFO : EventManager : Event: ======'slide_bonus_active'====== Args={'original_context': 'bonus', 'original_calling_context': 'mode_bonus_started', 'priority': 500.0, 'queue': '<QueuedEvent>', 'cmd': 'slides_play', '_from_bcp': True}
2024-11-25 17:43:18,413 : INFO : Mode.bonus : Bonus Entry 'attic_bonus': score: 2100 player_score_entry: None=1
2024-11-25 17:43:18,413 : INFO : EventManager : Event: ======'bonus_entry'====== Args={'entry': 'attic_bonus', 'score': 2100, 'text': 'Attic Bonus Scores', 'bonus_score': 2100, 'hits': 1}
2024-11-25 17:43:19,414 : INFO : Mode.bonus : Bonus Entry 'cellar_bonus': score: 0 player_score_entry: None=1
2024-11-25 17:43:19,414 : INFO : EventManager : Event: ======'bonus_entry'====== Args={'entry': 'cellar_bonus', 'score': 0, 'text': 'Cellar Bonus Score', 'bonus_score': 2100, 'hits': 1}
2024-11-25 17:43:20,415 : INFO : EventManager : Event: ======'bonus_entry'====== Args={'entry': 'subtotal', 'text': 'Subtotal', 'score': 2100}
2024-11-25 17:43:21,416 : INFO : EventManager : Event: ======'bonus_entry'====== Args={'entry': 'multiplier', 'text': 'Multiplier', 'score': 2}
2024-11-25 17:43:22,418 : INFO : EventManager : Event: ======'player_score'====== Args={'value': 13200, 'prev_value': 9000, 'change': 4200, 'player_num': 1, 'source': 'bonus'}
2024-11-25 17:43:22,418 : INFO : EventManager : Event: ======'bonus_entry'====== Args={'entry': 'total', 'text': 'Total Bonus', 'score': 4200}
2024-11-25 17:43:23,420 : INFO : EventManager : Event: ======'player_bonus_multiplier'====== Args={'value': 1, 'prev_value': 2, 'change': -1, 'player_num': 1}
2024-11-25 17:43:23,420 : INFO : EventManager : Event: ======'mode_bonus_will_stop'====== Args={}
2024-11-25 17:43:23,421 : INFO : EventManager : Event: ======'mode_bonus_stopping'====== Args={}
2024-11-25 17:43:23,423 : INFO : EventManager : Event: ======'player_base_bonus'====== Args={'value': 0, 'prev_value': 700, 'change': -700, 'player_num': 1, 'source': 'bonus'}
2024-11-25 17:43:23,424 : INFO : EventManager : Event: ======'player_bonus_attic_drops'====== Args={'value': 0, 'prev_value': 3, 'change': -3, 'player_num': 1, 'source': 'bonus'}
2024-11-25 17:43:23,427 : INFO : Mode.bonus : Stopped.
2024-11-25 17:43:23,427 : INFO : EventManager : Event: ======'modes_active_modes_changed'====== Args={}
2024-11-25 17:43:23,428 : INFO : EventManager : Event: ======'mode_bonus_stopped'====== Args={}
2024-11-25 17:43:23,428 : INFO : EventManager : Event: ======'clear'====== Args={'key': 'bonus'}
2024-11-25 17:43:23,428 : INFO : EventManager : Event: ======'mode_base_will_stop'====== Args={}
2024-11-25 17:43:23,428 : INFO : EventManager : Event: ======'mode_base_stopping'====== Args={}
2024-11-25 17:43:23,428 : INFO : Mode.base : Stopped.
2024-11-25 17:43:23,429 : INFO : EventManager : Event: ======'modes_active_modes_changed'====== Args={}
2024-11-25 17:43:23,429 : INFO : EventManager : Event: ======'mode_base_stopped'====== Args={}
2024-11-25 17:43:23,429 : INFO : EventManager : Event: ======'clear'====== Args={'key': 'base'}
2024-11-25 17:43:23,431 : INFO : EventManager : Event: ======'ball_ended'====== Args={}
2024-11-25 17:43:23,433 : INFO : EventManager : Event: ======'player_turn_will_end'====== Args={'player': <Player 1>, 'number': 1}
2024-11-25 17:43:23,436 : INFO : EventManager : Event: ======'player_turn_ending'====== Args={'player': <Player 1>, 'number': 1}
2024-11-25 17:43:23,439 : INFO : EventManager : Event: ======'player_turn_ended'====== Args={'player': <Player 1>, 'number': 1}
2024-11-25 17:43:23,439 : INFO : EventManager : Event: ======'player_turn_will_start'====== Args={'player': <Player 1>, 'number': 1}
2024-11-25 17:43:23,440 : INFO : EventManager : Event: ======'player_turn_starting'====== Args={'player': <Player 1>, 'number': 1}
2024-11-25 17:43:23,440 : INFO : EventManager : Event: ======'player_ball'====== Args={'value': 2, 'prev_value': 1, 'change': 1, 'player_num': 1}
2024-11-25 17:43:23,440 : INFO : EventManager : Event: ======'player_turn_started'====== Args={'player': <Player 1>, 'number': 1}
2024-11-25 17:43:23,442 : INFO : EventManager : Event: ======'ball_will_start'====== Args={'player': 1, 'ball': 2, 'balls_remaining': 1, 'is_extra_ball': False}
2024-11-25 17:43:23,442 : INFO : EventManager : Event: ======'ball_starting'====== Args={'player': 1, 'ball': 2, 'balls_remaining': 1, 'is_extra_ball': False}
2024-11-25 17:43:23,442 : INFO : EventManager : Event: ======'mode_base_will_start'====== Args={'queue': <QueuedEvent>, 'player': 1, 'ball': 2, 'balls_remaining': 1, 'is_extra_ball': False}
2024-11-25 17:43:23,449 : INFO : EventManager : Event: ======'mode_base_starting'====== Args={'queue': <QueuedEvent>, 'player': 1, 'ball': 2, 'balls_remaining': 1, 'is_extra_ball': False}
2024-11-25 17:43:23,449 : INFO : drop_target_bank.upper : All targets are already up. Will not reset bank.
2024-11-25 17:43:23,449 : INFO : drop_target_bank.lower : All targets are already up. Will not reset bank.
2024-11-25 17:43:23,449 : INFO : EventManager : Event: ======'balls_in_play'====== Args={'balls': 1}
2024-11-25 17:43:23,449 : INFO : EventManager : Event: ======'ball_started'====== Args={'player': 1, 'ball': 2, 'balls_remaining': 1, 'is_extra_ball': False}
2024-11-25 17:43:23,450 : INFO : EventManager : Event: ======'logicblock_attic_drop_counter_updated'====== Args={'value': 0, 'enabled': True}
2024-11-25 17:43:23,450 : INFO : EventManager : Event: ======'logicblock_attic_hits_updated'====== Args={'value': 0, 'enabled': True}
2024-11-25 17:43:23,450 : INFO : EventManager : Event: ======'logicblock_attic_drop_counter_updated'====== Args={'value': 0, 'enabled': True}
2024-11-25 17:43:23,450 : INFO : EventManager : Event: ======'logicblock_attic_hits_updated'====== Args={'value': 0, 'enabled': True}
2024-11-25 17:43:23,451 : INFO : Mode.base : Started. Priority: 100
2024-11-25 17:43:23,451 : INFO : EventManager : Event: ======'modes_active_modes_changed'====== Args={}
2024-11-25 17:43:23,451 : INFO : EventManager : Event: ======'mode_base_started'====== Args={'queue': <QueuedEvent>, 'player': 1, 'ball': 2, 'balls_remaining': 1, 'is_extra_ball': False}
2024-11-25 17:43:23,452 : INFO : EventManager : Event: ======'base_bonus_1000'====== Args={'queue': <QueuedEvent>, 'player': 1, 'ball': 2, 'balls_remaining': 1, 'is_extra_ball': False}
2024-11-25 17:43:23,452 : INFO : EventManager : Event: ======'player_base_bonus'====== Args={'value': 1000, 'prev_value': 0, 'change': 1000, 'player_num': 1, 'source': 'base'}
2024-11-25 17:43:23,454 : INFO : EventManager : Event: ======'slide_bonus_inactive'====== Args={'is_removing': True, '_from_bcp': True}
2024-11-25 17:43:23,454 : INFO : EventManager : Event: ======'slide_base_active'====== Args={'_from_bcp': True}
2024-11-25 17:43:23,454 : INFO : EventManager : Event: ======'slide_bonus_removed'====== Args={'_from_bcp': True}
2024-11-25 17:43:23,455 : INFO : EventManager : Event: ======'single_player_ball_started'====== Args={}
2024-11-25 17:43:23,457 : INFO : EventManager : Event: ======'ball_start_target'====== Args={'target': 'playfield'}
2024-11-25 17:43:23,457 : INFO : ball_device.bd_drain : Setting up player-controlled eject. Balls: 1, Target: <playfield.playfield>, player_controlled_eject_event: None
2024-11-25 17:43:23,457 : INFO : ball_device.bd_drain : Adding 1 ball(s) to the eject_queue with target <playfield.playfield>.
2024-11-25 17:43:23,458 : INFO : EventManager : Event: ======'balldevice_balls_available'====== Args={}
2024-11-25 17:43:23,458 : INFO : ball_device.bd_drain : State: waiting_for_target_ready
2024-11-25 17:43:23,458 : INFO : EventManager : Event: ======'balldevice_bd_drain_ball_eject_attempt'====== Args={'balls': 1, 'target': <playfield.playfield>, 'source': <ball_device.bd_drain>, 'mechanical_eject': False, 'num_attempts': 0}
2024-11-25 17:43:23,458 : INFO : ball_device.bd_drain : State: ejecting
2024-11-25 17:43:23,459 : INFO : ball_device.bd_drain : Ejecting ball to <playfield.playfield>
2024-11-25 17:43:23,459 : INFO : EventManager : Event: ======'balldevice_bd_drain_ejecting_ball'====== Args={'balls': 1, 'target': <playfield.playfield>, 'source': <ball_device.bd_drain>, 'mechanical_eject': False, 'num_attempts': 0}
2024-11-25 17:43:23,459 : INFO : ball_device.bd_drain : Wait for ball to leave device
2024-11-25 17:43:23,459 : INFO : coil.c_main_outhole : Pulsing Driver for 60ms (1.0 pulse_power)
2024-11-25 17:43:23,463 : INFO : EventManager : Event: ======'slide_base_created'====== Args={'_from_bcp': True}
2024-11-25 17:43:23,463 : INFO : EventManager : Event: ======'slide_base_inactive'====== Args={'is_removing': True, '_from_bcp': True}
2024-11-25 17:43:23,464 : INFO : EventManager : Event: ======'slide_base_active'====== Args={'original_context': 'base', 'original_calling_context': 'mode_base_started', 'priority': 100.0, 'queue': '<QueuedEvent>', 'player': 1.0, 'ball': 2.0, 'balls_remaining': 1.0, 'is_extra_ball': False, 'cmd': 'slides_play', '_from_bcp': True}
2024-11-25 17:43:23,464 : INFO : EventManager : Event: ======'slide_base_removed'====== Args={'_from_bcp': True}
2024-11-25 17:43:26,841 : INFO : SwitchController : <<<<<<< 's_main_outhole' inactive >>>>>>>
2024-11-25 17:43:26,842 : INFO : ball_device.bd_drain : State: ball_left
2024-11-25 17:43:26,842 : INFO : ball_device.bd_drain : Ball left
2024-11-25 17:43:26,842 : INFO : ball_device.bd_drain : Wait for confirm with timeout 10.0
2024-11-25 17:43:33,573 : INFO : Machine : Shutting down...
2024-11-25 17:43:33,573 : INFO : EventManager : Event: ======'shutdown'====== Args={}
2024-11-25 17:43:33,575 : INFO : EventManager : Event: ======'mode_game_will_stop'====== Args={}
2024-11-25 17:43:33,575 : INFO : EventManager : Event: ======'mode_game_stopping'====== Args={}
2024-11-25 17:43:33,576 : INFO : EventManager : Event: ======'mode_base_will_stop'====== Args={}
2024-11-25 17:43:33,576 : INFO : EventManager : Event: ======'mode_base_stopping'====== Args={}
2024-11-25 17:43:33,576 : INFO : Mode.base : Stopped.
2024-11-25 17:43:33,576 : INFO : EventManager : Event: ======'modes_active_modes_changed'====== Args={}
2024-11-25 17:43:33,576 : INFO : EventManager : Event: ======'mode_base_stopped'====== Args={}
2024-11-25 17:43:33,576 : INFO : EventManager : Event: ======'clear'====== Args={'key': 'base'}
2024-11-25 17:43:33,577 : INFO : Mode.game : Stopped.
2024-11-25 17:43:33,578 : INFO : EventManager : Event: ======'modes_active_modes_changed'====== Args={}
2024-11-25 17:43:33,578 : INFO : EventManager : Event: ======'mode_game_stopped'====== Args={}
2024-11-25 17:43:33,578 : INFO : EventManager : Event: ======'clear'====== Args={'key': 'game'}
2024-11-25 17:43:33,589 : INFO : root : MPF run loop ended.
