2024-12-01 10:50:18,959 : INFO : root : Loading config.
2024-12-01 10:50:18,961 : INFO : YamlMultifileConfigLoader : Machine config file #1: config.yaml
2024-12-01 10:50:18,961 : WARNING : ConfigProcessor : Config file in cache changed: /Users/C_Alan/pinball/hauntedhouse/config/config.yaml
2024-12-01 10:50:18,962 : INFO : ConfigProcessor : Loading config from file /Users/C_Alan/envp311/lib/python3.11/site-packages/mpf/mpfconfig.yaml.
2024-12-01 10:50:18,969 : INFO : ConfigProcessor : Loading config: /Users/C_Alan/envp311/lib/python3.11/site-packages/mpf/mpfconfig.yaml
2024-12-01 10:50:18,969 : INFO : ConfigProcessor : Loading config from file /Users/C_Alan/pinball/hauntedhouse/config/config.yaml.
2024-12-01 10:50:18,977 : INFO : ConfigProcessor : Loading config: /Users/C_Alan/pinball/hauntedhouse/config/config.yaml
2024-12-01 10:50:18,978 : INFO : ConfigProcessor : Config file cache created: /var/folders/lw/36nc9wln17qdc1y8dnh6d85h0000gr/T/a187413b8cf7049e0b91852f54cd1afa.mpf_cache
2024-12-01 10:50:19,006 : INFO : ConfigProcessor : Loading config from cache: /var/folders/lw/36nc9wln17qdc1y8dnh6d85h0000gr/T/2e30198d1c841d95b9b3e69c8a0bb49b.mpf_cache
2024-12-01 10:50:19,007 : INFO : ConfigProcessor : Loading config from cache: /var/folders/lw/36nc9wln17qdc1y8dnh6d85h0000gr/T/40928215bbb65374348eff3d4cd7b8bc.mpf_cache
2024-12-01 10:50:19,007 : INFO : ConfigProcessor : Loading config from cache: /var/folders/lw/36nc9wln17qdc1y8dnh6d85h0000gr/T/167ddff969183ffa73a4682c84ddf638.mpf_cache
2024-12-01 10:50:19,007 : INFO : ConfigProcessor : Loading config from cache: /var/folders/lw/36nc9wln17qdc1y8dnh6d85h0000gr/T/2e30198d1c841d95b9b3e69c8a0bb49b.mpf_cache
2024-12-01 10:50:19,007 : INFO : ConfigProcessor : Loading config from cache: /var/folders/lw/36nc9wln17qdc1y8dnh6d85h0000gr/T/f3e7df0542012602a298ddb9f31df321.mpf_cache
2024-12-01 10:50:19,008 : INFO : ConfigProcessor : Loading config from cache: /var/folders/lw/36nc9wln17qdc1y8dnh6d85h0000gr/T/ac27afd8b01174f1412801db135abc1d.mpf_cache
2024-12-01 10:50:19,008 : INFO : ConfigProcessor : Loading config from cache: /var/folders/lw/36nc9wln17qdc1y8dnh6d85h0000gr/T/df2857c909c4a913cc732702f1a197bb.mpf_cache
2024-12-01 10:50:19,008 : INFO : ConfigProcessor : Loading config from cache: /var/folders/lw/36nc9wln17qdc1y8dnh6d85h0000gr/T/1ab5c5e749213b44f20a4087626085fd.mpf_cache
2024-12-01 10:50:19,009 : INFO : ConfigProcessor : Loading config from cache: /var/folders/lw/36nc9wln17qdc1y8dnh6d85h0000gr/T/176bdc82e0948b16c38e3d140ac1de4b.mpf_cache
2024-12-01 10:50:19,009 : INFO : Machine : Mission Pinball Framework Core Engine v0.80.0.dev5
2024-12-01 10:50:19,009 : INFO : Machine : Command line arguments: {'no_load_cache': False, 'create_config_cache': True, 'bcp': True, 'configfile': ['config.yaml'], 'force_assets_load': False, 'platform_integration_test': False, 'jsonlogging': False, 'logfile': 'logs/2024-12-01-10-50-18-mpf-Macpro.local.log', 'pause': False, 'production': False, 'text_ui': True, 'loglevel': 15, 'consoleloglevel': 20, 'force_platform': 'virtual', 'syslog_address': None, 'full_logfile_path': '/Users/C_Alan/pinball/hauntedhouse/logs/2024-12-01-10-50-18-mpf-Macpro.local.log'}
2024-12-01 10:50:19,009 : INFO : Machine : MPF path: /Users/C_Alan/envp311/lib/python3.11/site-packages/mpf
2024-12-01 10:50:19,009 : INFO : Machine : Machine path: /Users/C_Alan/pinball/hauntedhouse
2024-12-01 10:50:19,009 : INFO : Machine : Platform: darwin
2024-12-01 10:50:19,009 : INFO : Machine : Python executable location: /Users/C_Alan/envp311/bin/python3.11
2024-12-01 10:50:19,009 : INFO : Machine : Python version: 3.11.0 (64-bit)
2024-12-01 10:50:19,009 : INFO : Machine : Initializing MPF...
2024-12-01 10:50:19,035 : INFO : EventManager : Event: ======'machine_var_credits_string'====== Args={'value': 'FREE PLAY', 'prev_value': None, 'change': True}
2024-12-01 10:50:19,053 : INFO : EventManager : Event: ======'machine_var_master_volume'====== Args={'value': 0.5, 'prev_value': None, 'change': True}
2024-12-01 10:50:19,053 : INFO : EventManager : Event: ======'machine_var_player1_score'====== Args={'value': 32800, 'prev_value': None, 'change': True}
2024-12-01 10:50:19,053 : INFO : EventManager : Event: ======'machine_var_mpf_version'====== Args={'value': 'Mission Pinball Framework v0.80.0.dev5', 'prev_value': None, 'change': True}
2024-12-01 10:50:19,053 : INFO : EventManager : Event: ======'machine_var_mpf_extended_version'====== Args={'value': 'Mission Pinball Framework v0.80.0.dev5, Config version:6, Show version: 6, BCP version:1.1', 'prev_value': None, 'change': True}
2024-12-01 10:50:19,053 : INFO : EventManager : Event: ======'machine_var_python_version'====== Args={'value': '3.11.0', 'prev_value': None, 'change': True}
2024-12-01 10:50:19,064 : INFO : EventManager : Event: ======'machine_var_platform'====== Args={'value': 'macOS-14.6.1-x86_64-i386-64bit', 'prev_value': None, 'change': True}
2024-12-01 10:50:19,064 : INFO : EventManager : Event: ======'machine_var_platform_system'====== Args={'value': 'Darwin', 'prev_value': None, 'change': True}
2024-12-01 10:50:19,064 : INFO : EventManager : Event: ======'machine_var_platform_release'====== Args={'value': '23.6.0', 'prev_value': None, 'change': True}
2024-12-01 10:50:19,064 : INFO : EventManager : Event: ======'machine_var_platform_version'====== Args={'value': 'Darwin Kernel Version 23.6.0: Mon Jul 29 21:13:00 PDT 2024; root:xnu-10063.141.2~1/RELEASE_X86_64', 'prev_value': None, 'change': True}
2024-12-01 10:50:19,064 : INFO : EventManager : Event: ======'machine_var_platform_machine'====== Args={'value': 'x86_64', 'prev_value': None, 'change': True}
2024-12-01 10:50:19,064 : INFO : EventManager : Event: ======'machine_var_log_file_path'====== Args={'value': '/Users/C_Alan/pinball/hauntedhouse/logs/2024-12-01-10-50-18-mpf-Macpro.local.log', 'prev_value': None, 'change': True}
2024-12-01 10:50:19,065 : INFO : EventManager : Event: ======'init_phase_1'====== Args={}
2024-12-01 10:50:19,091 : INFO : EventManager : Event: ======'drop_target_bank_upper_up'====== Args={}
2024-12-01 10:50:19,091 : INFO : EventManager : Event: ======'drop_target_bank_lower_up'====== Args={}
2024-12-01 10:50:19,091 : INFO : EventManager : Event: ======'init_phase_2'====== Args={}
2024-12-01 10:50:19,097 : INFO : EventManager : Event: ======'bcp_connection_attempt'====== Args={'name': 'local_display', 'host': 'localhost', 'port': 5050}
2024-12-01 10:50:19,099 : INFO : BCPClientSocket : Connecting BCP to 'local_display' at localhost:5050...
2024-12-01 10:50:26,125 : INFO : BCPClientSocket : Connected BCP to 'local_display' localhost:5050
2024-12-01 10:50:26,125 : INFO : EventManager : Event: ======'bcp_clients_connected'====== Args={}
2024-12-01 10:50:26,127 : INFO : ball_device.bd_drain : BCH: Initial count: 0
2024-12-01 10:50:26,127 : INFO : ball_device.bd_drain : State: idle
2024-12-01 10:50:26,127 : INFO : ball_device.bd_lower_vuk : BCH: Initial count: 0
2024-12-01 10:50:26,127 : INFO : ball_device.bd_lower_vuk : State: idle
2024-12-01 10:50:26,128 : INFO : ball_device.bd_lower_kickout_special : BCH: Initial count: 0
2024-12-01 10:50:26,128 : INFO : ball_device.bd_lower_kickout_special : State: idle
2024-12-01 10:50:26,128 : INFO : ball_device.bd_main_vuk : BCH: Initial count: 0
2024-12-01 10:50:26,128 : INFO : ball_device.bd_main_vuk : State: idle
2024-12-01 10:50:26,128 : INFO : ball_device.bd_main_kickout_right : BCH: Initial count: 0
2024-12-01 10:50:26,129 : INFO : ball_device.bd_main_kickout_right : State: idle
2024-12-01 10:50:26,129 : INFO : ball_device.bd_main_kickout_lane : BCH: Initial count: 0
2024-12-01 10:50:26,129 : INFO : ball_device.bd_main_kickout_lane : State: idle
2024-12-01 10:50:26,138 : INFO : EventManager : Event: ======'init_phase_3'====== Args={}
2024-12-01 10:50:26,147 : INFO : EventManager : Event: ======'init_phase_4'====== Args={}
2024-12-01 10:50:26,148 : INFO : BallController : Initial balls found: 0
2024-12-01 10:50:26,148 : INFO : EventManager : Event: ======'machine_var_audits_events_game_ended'====== Args={'value': 91, 'prev_value': None, 'change': True}
2024-12-01 10:50:26,149 : INFO : EventManager : Event: ======'machine_var_audits_events_game_started'====== Args={'value': 213, 'prev_value': None, 'change': True}
2024-12-01 10:50:26,149 : INFO : EventManager : Event: ======'machine_var_audits_missing_switches_s_left_flipper1'====== Args={'value': 19, 'prev_value': None, 'change': True}
2024-12-01 10:50:26,149 : INFO : EventManager : Event: ======'machine_var_audits_missing_switches_s_left_flipper2'====== Args={'value': 19, 'prev_value': None, 'change': True}
2024-12-01 10:50:26,149 : INFO : EventManager : Event: ======'machine_var_audits_missing_switches_s_lower_10pt_drops'====== Args={'value': 20, 'prev_value': None, 'change': True}
2024-12-01 10:50:26,149 : INFO : EventManager : Event: ======'machine_var_audits_missing_switches_s_lower_10pt_lower'====== Args={'value': 20, 'prev_value': None, 'change': True}
2024-12-01 10:50:26,149 : INFO : EventManager : Event: ======'machine_var_audits_missing_switches_s_lower_10pt_upper'====== Args={'value': 20, 'prev_value': None, 'change': True}
2024-12-01 10:50:26,149 : INFO : EventManager : Event: ======'machine_var_audits_missing_switches_s_lower_1_drop'====== Args={'value': 20, 'prev_value': None, 'change': True}
2024-12-01 10:50:26,149 : INFO : EventManager : Event: ======'machine_var_audits_missing_switches_s_lower_2_drop'====== Args={'value': 20, 'prev_value': None, 'change': True}
2024-12-01 10:50:26,149 : INFO : EventManager : Event: ======'machine_var_audits_missing_switches_s_lower_3_drop'====== Args={'value': 20, 'prev_value': None, 'change': True}
2024-12-01 10:50:26,149 : INFO : EventManager : Event: ======'machine_var_audits_missing_switches_s_lower_4_drop'====== Args={'value': 20, 'prev_value': None, 'change': True}
2024-12-01 10:50:26,149 : INFO : EventManager : Event: ======'machine_var_audits_missing_switches_s_lower_5_drop'====== Args={'value': 20, 'prev_value': None, 'change': True}
2024-12-01 10:50:26,149 : INFO : EventManager : Event: ======'machine_var_audits_missing_switches_s_lower_bonus_left'====== Args={'value': 20, 'prev_value': None, 'change': True}
2024-12-01 10:50:26,149 : INFO : EventManager : Event: ======'machine_var_audits_missing_switches_s_lower_bonus_right'====== Args={'value': 20, 'prev_value': None, 'change': True}
2024-12-01 10:50:26,149 : INFO : EventManager : Event: ======'machine_var_audits_missing_switches_s_lower_kick_target'====== Args={'value': 21, 'prev_value': None, 'change': True}
2024-12-01 10:50:26,149 : INFO : EventManager : Event: ======'machine_var_audits_missing_switches_s_lower_kickout_special'====== Args={'value': 20, 'prev_value': None, 'change': True}
2024-12-01 10:50:26,149 : INFO : EventManager : Event: ======'machine_var_audits_missing_switches_s_lower_pop'====== Args={'value': 8, 'prev_value': None, 'change': True}
2024-12-01 10:50:26,150 : INFO : EventManager : Event: ======'machine_var_audits_missing_switches_s_lower_rollover'====== Args={'value': 19, 'prev_value': None, 'change': True}
2024-12-01 10:50:26,150 : INFO : EventManager : Event: ======'machine_var_audits_missing_switches_s_lower_slingshot'====== Args={'value': 21, 'prev_value': None, 'change': True}
2024-12-01 10:50:26,150 : INFO : EventManager : Event: ======'machine_var_audits_missing_switches_s_lower_vuk'====== Args={'value': 19, 'prev_value': None, 'change': True}
2024-12-01 10:50:26,150 : INFO : EventManager : Event: ======'machine_var_audits_missing_switches_s_main_10pt_left'====== Args={'value': 20, 'prev_value': None, 'change': True}
2024-12-01 10:50:26,150 : INFO : EventManager : Event: ======'machine_var_audits_missing_switches_s_main_1_target'====== Args={'value': 22, 'prev_value': None, 'change': True}
2024-12-01 10:50:26,150 : INFO : EventManager : Event: ======'machine_var_audits_missing_switches_s_main_1_trough'====== Args={'value': 3, 'prev_value': None, 'change': True}
2024-12-01 10:50:26,150 : INFO : EventManager : Event: ======'machine_var_audits_missing_switches_s_main_2_target'====== Args={'value': 21, 'prev_value': None, 'change': True}
2024-12-01 10:50:26,150 : INFO : EventManager : Event: ======'machine_var_audits_missing_switches_s_main_3_target'====== Args={'value': 19, 'prev_value': None, 'change': True}
2024-12-01 10:50:26,150 : INFO : EventManager : Event: ======'machine_var_audits_missing_switches_s_main_4_target'====== Args={'value': 8, 'prev_value': None, 'change': True}
2024-12-01 10:50:26,150 : INFO : EventManager : Event: ======'machine_var_audits_missing_switches_s_main_5_target'====== Args={'value': 8, 'prev_value': None, 'change': True}
2024-12-01 10:50:26,150 : INFO : EventManager : Event: ======'machine_var_audits_missing_switches_s_main_inlane_left'====== Args={'value': 19, 'prev_value': None, 'change': True}
2024-12-01 10:50:26,150 : INFO : EventManager : Event: ======'machine_var_audits_missing_switches_s_main_inlane_right'====== Args={'value': 19, 'prev_value': None, 'change': True}
2024-12-01 10:50:26,150 : INFO : EventManager : Event: ======'machine_var_audits_missing_switches_s_main_kickout_right'====== Args={'value': 21, 'prev_value': None, 'change': True}
2024-12-01 10:50:26,150 : INFO : EventManager : Event: ======'machine_var_audits_missing_switches_s_main_lane_center'====== Args={'value': 19, 'prev_value': None, 'change': True}
2024-12-01 10:50:26,150 : INFO : EventManager : Event: ======'machine_var_audits_missing_switches_s_main_outlane_left'====== Args={'value': 19, 'prev_value': None, 'change': True}
2024-12-01 10:50:26,150 : INFO : EventManager : Event: ======'machine_var_audits_missing_switches_s_main_outlane_right'====== Args={'value': 19, 'prev_value': None, 'change': True}
2024-12-01 10:50:26,151 : INFO : EventManager : Event: ======'machine_var_audits_missing_switches_s_main_pop_bottom'====== Args={'value': 19, 'prev_value': None, 'change': True}
2024-12-01 10:50:26,151 : INFO : EventManager : Event: ======'machine_var_audits_missing_switches_s_main_pop_top'====== Args={'value': 19, 'prev_value': None, 'change': True}
2024-12-01 10:50:26,151 : INFO : EventManager : Event: ======'machine_var_audits_missing_switches_s_main_rollunder'====== Args={'value': 21, 'prev_value': None, 'change': True}
2024-12-01 10:50:26,151 : INFO : EventManager : Event: ======'machine_var_audits_missing_switches_s_main_secret_trough'====== Args={'value': 5, 'prev_value': None, 'change': True}
2024-12-01 10:50:26,151 : INFO : EventManager : Event: ======'machine_var_audits_missing_switches_s_main_slingshot'====== Args={'value': 19, 'prev_value': None, 'change': True}
2024-12-01 10:50:26,151 : INFO : EventManager : Event: ======'machine_var_audits_missing_switches_s_main_target_right'====== Args={'value': 19, 'prev_value': None, 'change': True}
2024-12-01 10:50:26,151 : INFO : EventManager : Event: ======'machine_var_audits_missing_switches_s_main_trapdoor_trough'====== Args={'value': 8, 'prev_value': None, 'change': True}
2024-12-01 10:50:26,151 : INFO : EventManager : Event: ======'machine_var_audits_missing_switches_s_main_vuk'====== Args={'value': 19, 'prev_value': None, 'change': True}
2024-12-01 10:50:26,151 : INFO : EventManager : Event: ======'machine_var_audits_missing_switches_s_right_flipper1'====== Args={'value': 19, 'prev_value': None, 'change': True}
2024-12-01 10:50:26,151 : INFO : EventManager : Event: ======'machine_var_audits_missing_switches_s_right_flipper2'====== Args={'value': 19, 'prev_value': None, 'change': True}
2024-12-01 10:50:26,151 : INFO : EventManager : Event: ======'machine_var_audits_missing_switches_s_start'====== Args={'value': 5, 'prev_value': None, 'change': True}
2024-12-01 10:50:26,151 : INFO : EventManager : Event: ======'machine_var_audits_missing_switches_s_upper_10pt_center'====== Args={'value': 19, 'prev_value': None, 'change': True}
2024-12-01 10:50:26,152 : INFO : EventManager : Event: ======'machine_var_audits_missing_switches_s_upper_10pt_left'====== Args={'value': 21, 'prev_value': None, 'change': True}
2024-12-01 10:50:26,152 : INFO : EventManager : Event: ======'machine_var_audits_missing_switches_s_upper_1_drop'====== Args={'value': 2, 'prev_value': None, 'change': True}
2024-12-01 10:50:26,152 : INFO : EventManager : Event: ======'machine_var_audits_missing_switches_s_upper_1_target'====== Args={'value': 1, 'prev_value': None, 'change': True}
2024-12-01 10:50:26,152 : INFO : EventManager : Event: ======'machine_var_audits_missing_switches_s_upper_2_drop'====== Args={'value': 5, 'prev_value': None, 'change': True}
2024-12-01 10:50:26,152 : INFO : EventManager : Event: ======'machine_var_audits_missing_switches_s_upper_2_target'====== Args={'value': 7, 'prev_value': None, 'change': True}
2024-12-01 10:50:26,152 : INFO : EventManager : Event: ======'machine_var_audits_missing_switches_s_upper_3_drop'====== Args={'value': 5, 'prev_value': None, 'change': True}
2024-12-01 10:50:26,152 : INFO : EventManager : Event: ======'machine_var_audits_missing_switches_s_upper_3_target'====== Args={'value': 2, 'prev_value': None, 'change': True}
2024-12-01 10:50:26,152 : INFO : EventManager : Event: ======'machine_var_audits_missing_switches_s_upper_4_target'====== Args={'value': 10, 'prev_value': None, 'change': True}
2024-12-01 10:50:26,152 : INFO : EventManager : Event: ======'machine_var_audits_missing_switches_s_upper_pop'====== Args={'value': 3, 'prev_value': None, 'change': True}
2024-12-01 10:50:26,152 : INFO : EventManager : Event: ======'machine_var_audits_player_score'====== Args={'value': {'average': 32739, 'top': [211150, 170050, 162330, 120480, 114590, 92630, 88790, 81180, 78890, 77830], 'total': 94}, 'prev_value': None, 'change': True}
2024-12-01 10:50:26,152 : INFO : EventManager : Event: ======'machine_var_audits_shots_10pt'====== Args={'value': 259, 'prev_value': None, 'change': True}
2024-12-01 10:50:26,152 : INFO : EventManager : Event: ======'machine_var_audits_shots_left_inlane'====== Args={'value': 24, 'prev_value': None, 'change': True}
2024-12-01 10:50:26,153 : INFO : EventManager : Event: ======'machine_var_audits_shots_left_outlane'====== Args={'value': 15, 'prev_value': None, 'change': True}
2024-12-01 10:50:26,153 : INFO : EventManager : Event: ======'machine_var_audits_shots_lower_10pt_drops'====== Args={'value': 57, 'prev_value': None, 'change': True}
2024-12-01 10:50:26,153 : INFO : EventManager : Event: ======'machine_var_audits_shots_lower_10pt_lower'====== Args={'value': 21, 'prev_value': None, 'change': True}
2024-12-01 10:50:26,153 : INFO : EventManager : Event: ======'machine_var_audits_shots_lower_10pt_upper'====== Args={'value': 20, 'prev_value': None, 'change': True}
2024-12-01 10:50:26,153 : INFO : EventManager : Event: ======'machine_var_audits_shots_lower_1_drop'====== Args={'value': 52, 'prev_value': None, 'change': True}
2024-12-01 10:50:26,153 : INFO : EventManager : Event: ======'machine_var_audits_shots_lower_2_drop'====== Args={'value': 18, 'prev_value': None, 'change': True}
2024-12-01 10:50:26,153 : INFO : EventManager : Event: ======'machine_var_audits_shots_lower_3_drop'====== Args={'value': 20, 'prev_value': None, 'change': True}
2024-12-01 10:50:26,153 : INFO : EventManager : Event: ======'machine_var_audits_shots_lower_4_drop'====== Args={'value': 25, 'prev_value': None, 'change': True}
2024-12-01 10:50:26,153 : INFO : EventManager : Event: ======'machine_var_audits_shots_lower_5_drop'====== Args={'value': 27, 'prev_value': None, 'change': True}
2024-12-01 10:50:26,153 : INFO : EventManager : Event: ======'machine_var_audits_shots_lower_hole'====== Args={'value': 43, 'prev_value': None, 'change': True}
2024-12-01 10:50:26,154 : INFO : EventManager : Event: ======'machine_var_audits_shots_lower_kick_target'====== Args={'value': 6, 'prev_value': None, 'change': True}
2024-12-01 10:50:26,154 : INFO : EventManager : Event: ======'machine_var_audits_shots_lower_left'====== Args={'value': 21, 'prev_value': None, 'change': True}
2024-12-01 10:50:26,154 : INFO : EventManager : Event: ======'machine_var_audits_shots_lower_left_pop'====== Args={'value': 237, 'prev_value': None, 'change': True}
2024-12-01 10:50:26,154 : INFO : EventManager : Event: ======'machine_var_audits_shots_lower_pop'====== Args={'value': 55, 'prev_value': None, 'change': True}
2024-12-01 10:50:26,154 : INFO : EventManager : Event: ======'machine_var_audits_shots_lower_right'====== Args={'value': 8, 'prev_value': None, 'change': True}
2024-12-01 10:50:26,154 : INFO : EventManager : Event: ======'machine_var_audits_shots_lower_rollover'====== Args={'value': 36, 'prev_value': None, 'change': True}
2024-12-01 10:50:26,154 : INFO : EventManager : Event: ======'machine_var_audits_shots_lower_slingshot'====== Args={'value': 34, 'prev_value': None, 'change': True}
2024-12-01 10:50:26,154 : INFO : EventManager : Event: ======'machine_var_audits_shots_main_1'====== Args={'value': 33, 'prev_value': None, 'change': True}
2024-12-01 10:50:26,154 : INFO : EventManager : Event: ======'machine_var_audits_shots_main_2'====== Args={'value': 35, 'prev_value': None, 'change': True}
2024-12-01 10:50:26,155 : INFO : EventManager : Event: ======'machine_var_audits_shots_main_3'====== Args={'value': 32, 'prev_value': None, 'change': True}
2024-12-01 10:50:26,155 : INFO : EventManager : Event: ======'machine_var_audits_shots_main_4'====== Args={'value': 55, 'prev_value': None, 'change': True}
2024-12-01 10:50:26,155 : INFO : EventManager : Event: ======'machine_var_audits_shots_main_5'====== Args={'value': 29, 'prev_value': None, 'change': True}
2024-12-01 10:50:26,155 : INFO : EventManager : Event: ======'machine_var_audits_shots_main_slingshot'====== Args={'value': 57, 'prev_value': None, 'change': True}
2024-12-01 10:50:26,155 : INFO : EventManager : Event: ======'machine_var_audits_shots_main_trough_1'====== Args={'value': 27, 'prev_value': None, 'change': True}
2024-12-01 10:50:26,156 : INFO : EventManager : Event: ======'machine_var_audits_shots_main_trough_2'====== Args={'value': 37, 'prev_value': None, 'change': True}
2024-12-01 10:50:26,156 : INFO : EventManager : Event: ======'machine_var_audits_shots_right_inlane'====== Args={'value': 83, 'prev_value': None, 'change': True}
2024-12-01 10:50:26,156 : INFO : EventManager : Event: ======'machine_var_audits_shots_right_kickout'====== Args={'value': 37, 'prev_value': None, 'change': True}
2024-12-01 10:50:26,156 : INFO : EventManager : Event: ======'machine_var_audits_shots_right_outlane'====== Args={'value': 47, 'prev_value': None, 'change': True}
2024-12-01 10:50:26,156 : INFO : EventManager : Event: ======'machine_var_audits_shots_rollunder'====== Args={'value': 116, 'prev_value': None, 'change': True}
2024-12-01 10:50:26,156 : INFO : EventManager : Event: ======'machine_var_audits_shots_secret_passage_trough'====== Args={'value': 11, 'prev_value': None, 'change': True}
2024-12-01 10:50:26,157 : INFO : EventManager : Event: ======'machine_var_audits_shots_standup_right'====== Args={'value': 103, 'prev_value': None, 'change': True}
2024-12-01 10:50:26,157 : INFO : EventManager : Event: ======'machine_var_audits_shots_trapdoor_trough'====== Args={'value': 13, 'prev_value': None, 'change': True}
2024-12-01 10:50:26,157 : INFO : EventManager : Event: ======'machine_var_audits_shots_upper_1'====== Args={'value': 109, 'prev_value': None, 'change': True}
2024-12-01 10:50:26,157 : INFO : EventManager : Event: ======'machine_var_audits_shots_upper_1_drop'====== Args={'value': 198, 'prev_value': None, 'change': True}
2024-12-01 10:50:26,157 : INFO : EventManager : Event: ======'machine_var_audits_shots_upper_2'====== Args={'value': 94, 'prev_value': None, 'change': True}
2024-12-01 10:50:26,157 : INFO : EventManager : Event: ======'machine_var_audits_shots_upper_2_drop'====== Args={'value': 85, 'prev_value': None, 'change': True}
2024-12-01 10:50:26,158 : INFO : EventManager : Event: ======'machine_var_audits_shots_upper_3'====== Args={'value': 49, 'prev_value': None, 'change': True}
2024-12-01 10:50:26,158 : INFO : EventManager : Event: ======'machine_var_audits_shots_upper_3_drop'====== Args={'value': 116, 'prev_value': None, 'change': True}
2024-12-01 10:50:26,158 : INFO : EventManager : Event: ======'machine_var_audits_shots_upper_4'====== Args={'value': 46, 'prev_value': None, 'change': True}
2024-12-01 10:50:26,158 : INFO : EventManager : Event: ======'machine_var_audits_shots_upper_4_drop'====== Args={'value': 191, 'prev_value': None, 'change': True}
2024-12-01 10:50:26,158 : INFO : EventManager : Event: ======'machine_var_audits_shots_upper_left_pop'====== Args={'value': 120, 'prev_value': None, 'change': True}
2024-12-01 10:50:26,158 : INFO : EventManager : Event: ======'machine_var_audits_shots_upper_pop'====== Args={'value': 651, 'prev_value': None, 'change': True}
2024-12-01 10:50:26,158 : INFO : EventManager : Event: ======'machine_var_audits_switches_s_left_flipper1'====== Args={'value': 549, 'prev_value': None, 'change': True}
2024-12-01 10:50:26,158 : INFO : EventManager : Event: ======'machine_var_audits_switches_s_left_flipper2'====== Args={'value': 573, 'prev_value': None, 'change': True}
2024-12-01 10:50:26,159 : INFO : EventManager : Event: ======'machine_var_audits_switches_s_lower_10pt_UPPER'====== Args={'value': 0, 'prev_value': None, 'change': True}
2024-12-01 10:50:26,159 : INFO : EventManager : Event: ======'machine_var_audits_switches_s_lower_10pt_drops'====== Args={'value': 57, 'prev_value': None, 'change': True}
2024-12-01 10:50:26,159 : INFO : EventManager : Event: ======'machine_var_audits_switches_s_lower_10pt_lower'====== Args={'value': 21, 'prev_value': None, 'change': True}
2024-12-01 10:50:26,159 : INFO : EventManager : Event: ======'machine_var_audits_switches_s_lower_10pt_upper'====== Args={'value': 20, 'prev_value': None, 'change': True}
2024-12-01 10:50:26,159 : INFO : EventManager : Event: ======'machine_var_audits_switches_s_lower_1_drop'====== Args={'value': 407, 'prev_value': None, 'change': True}
2024-12-01 10:50:26,159 : INFO : EventManager : Event: ======'machine_var_audits_switches_s_lower_2_drop'====== Args={'value': 18, 'prev_value': None, 'change': True}
2024-12-01 10:50:26,159 : INFO : EventManager : Event: ======'machine_var_audits_switches_s_lower_3_drop'====== Args={'value': 20, 'prev_value': None, 'change': True}
2024-12-01 10:50:26,159 : INFO : EventManager : Event: ======'machine_var_audits_switches_s_lower_4_drop'====== Args={'value': 25, 'prev_value': None, 'change': True}
2024-12-01 10:50:26,160 : INFO : EventManager : Event: ======'machine_var_audits_switches_s_lower_5_drop'====== Args={'value': 27, 'prev_value': None, 'change': True}
2024-12-01 10:50:26,160 : INFO : EventManager : Event: ======'machine_var_audits_switches_s_lower_bonus_left'====== Args={'value': 21, 'prev_value': None, 'change': True}
2024-12-01 10:50:26,160 : INFO : EventManager : Event: ======'machine_var_audits_switches_s_lower_bonus_right'====== Args={'value': 8, 'prev_value': None, 'change': True}
2024-12-01 10:50:26,160 : INFO : EventManager : Event: ======'machine_var_audits_switches_s_lower_kick_target'====== Args={'value': 6, 'prev_value': None, 'change': True}
2024-12-01 10:50:26,160 : INFO : EventManager : Event: ======'machine_var_audits_switches_s_lower_kickout_special'====== Args={'value': 43, 'prev_value': None, 'change': True}
2024-12-01 10:50:26,161 : INFO : EventManager : Event: ======'machine_var_audits_switches_s_lower_pop'====== Args={'value': 55, 'prev_value': None, 'change': True}
2024-12-01 10:50:26,161 : INFO : EventManager : Event: ======'machine_var_audits_switches_s_lower_rollover'====== Args={'value': 64, 'prev_value': None, 'change': True}
2024-12-01 10:50:26,161 : INFO : EventManager : Event: ======'machine_var_audits_switches_s_lower_slingshot'====== Args={'value': 34, 'prev_value': None, 'change': True}
2024-12-01 10:50:26,161 : INFO : EventManager : Event: ======'machine_var_audits_switches_s_lower_vuk'====== Args={'value': 264, 'prev_value': None, 'change': True}
2024-12-01 10:50:26,161 : INFO : EventManager : Event: ======'machine_var_audits_switches_s_main_10pt_left'====== Args={'value': 37, 'prev_value': None, 'change': True}
2024-12-01 10:50:26,161 : INFO : EventManager : Event: ======'machine_var_audits_switches_s_main_1_target'====== Args={'value': 60, 'prev_value': None, 'change': True}
2024-12-01 10:50:26,161 : INFO : EventManager : Event: ======'machine_var_audits_switches_s_main_1_trough'====== Args={'value': 60, 'prev_value': None, 'change': True}
2024-12-01 10:50:26,162 : INFO : EventManager : Event: ======'machine_var_audits_switches_s_main_2_target'====== Args={'value': 58, 'prev_value': None, 'change': True}
2024-12-01 10:50:26,162 : INFO : EventManager : Event: ======'machine_var_audits_switches_s_main_2_trough'====== Args={'value': 101, 'prev_value': None, 'change': True}
2024-12-01 10:50:26,162 : INFO : EventManager : Event: ======'machine_var_audits_switches_s_main_3_target'====== Args={'value': 32, 'prev_value': None, 'change': True}
2024-12-01 10:50:26,162 : INFO : EventManager : Event: ======'machine_var_audits_switches_s_main_4_target'====== Args={'value': 71, 'prev_value': None, 'change': True}
2024-12-01 10:50:26,162 : INFO : EventManager : Event: ======'machine_var_audits_switches_s_main_5_target'====== Args={'value': 63, 'prev_value': None, 'change': True}
2024-12-01 10:50:26,162 : INFO : EventManager : Event: ======'machine_var_audits_switches_s_main_inlane_left'====== Args={'value': 27, 'prev_value': None, 'change': True}
2024-12-01 10:50:26,163 : INFO : EventManager : Event: ======'machine_var_audits_switches_s_main_inlane_right'====== Args={'value': 88, 'prev_value': None, 'change': True}
2024-12-01 10:50:26,163 : INFO : EventManager : Event: ======'machine_var_audits_switches_s_main_kickout_right'====== Args={'value': 135, 'prev_value': None, 'change': True}
2024-12-01 10:50:26,163 : INFO : EventManager : Event: ======'machine_var_audits_switches_s_main_lane_center'====== Args={'value': 143, 'prev_value': None, 'change': True}
2024-12-01 10:50:26,163 : INFO : EventManager : Event: ======'machine_var_audits_switches_s_main_outhole'====== Args={'value': 649, 'prev_value': None, 'change': True}
2024-12-01 10:50:26,163 : INFO : EventManager : Event: ======'machine_var_audits_switches_s_main_outlane_left'====== Args={'value': 22, 'prev_value': None, 'change': True}
2024-12-01 10:50:26,163 : INFO : EventManager : Event: ======'machine_var_audits_switches_s_main_outlane_right'====== Args={'value': 48, 'prev_value': None, 'change': True}
2024-12-01 10:50:26,164 : INFO : EventManager : Event: ======'machine_var_audits_switches_s_main_pop_bottom'====== Args={'value': 265, 'prev_value': None, 'change': True}
2024-12-01 10:50:26,164 : INFO : EventManager : Event: ======'machine_var_audits_switches_s_main_pop_top'====== Args={'value': 185, 'prev_value': None, 'change': True}
2024-12-01 10:50:26,164 : INFO : EventManager : Event: ======'machine_var_audits_switches_s_main_rollunder'====== Args={'value': 116, 'prev_value': None, 'change': True}
2024-12-01 10:50:26,164 : INFO : EventManager : Event: ======'machine_var_audits_switches_s_main_roundabout_rollunder'====== Args={'value': 52, 'prev_value': None, 'change': True}
2024-12-01 10:50:26,164 : INFO : EventManager : Event: ======'machine_var_audits_switches_s_main_secret_trough'====== Args={'value': 41, 'prev_value': None, 'change': True}
2024-12-01 10:50:26,164 : INFO : EventManager : Event: ======'machine_var_audits_switches_s_main_slingshot'====== Args={'value': 252, 'prev_value': None, 'change': True}
2024-12-01 10:50:26,164 : INFO : EventManager : Event: ======'machine_var_audits_switches_s_main_target_right'====== Args={'value': 156, 'prev_value': None, 'change': True}
2024-12-01 10:50:26,165 : INFO : EventManager : Event: ======'machine_var_audits_switches_s_main_trapdoor_trough'====== Args={'value': 13, 'prev_value': None, 'change': True}
2024-12-01 10:50:26,165 : INFO : EventManager : Event: ======'machine_var_audits_switches_s_main_vuk'====== Args={'value': 293, 'prev_value': None, 'change': True}
2024-12-01 10:50:26,165 : INFO : EventManager : Event: ======'machine_var_audits_switches_s_right_flipper1'====== Args={'value': 476, 'prev_value': None, 'change': True}
2024-12-01 10:50:26,165 : INFO : EventManager : Event: ======'machine_var_audits_switches_s_right_flipper2'====== Args={'value': 486, 'prev_value': None, 'change': True}
2024-12-01 10:50:26,165 : INFO : EventManager : Event: ======'machine_var_audits_switches_s_start'====== Args={'value': 7, 'prev_value': None, 'change': True}
2024-12-01 10:50:26,166 : INFO : EventManager : Event: ======'machine_var_audits_switches_s_upper_10pt_center'====== Args={'value': 201, 'prev_value': None, 'change': True}
2024-12-01 10:50:26,166 : INFO : EventManager : Event: ======'machine_var_audits_switches_s_upper_10pt_left'====== Args={'value': 127, 'prev_value': None, 'change': True}
2024-12-01 10:50:26,166 : INFO : EventManager : Event: ======'machine_var_audits_switches_s_upper_1_drop'====== Args={'value': 208, 'prev_value': None, 'change': True}
2024-12-01 10:50:26,166 : INFO : EventManager : Event: ======'machine_var_audits_switches_s_upper_1_target'====== Args={'value': 171, 'prev_value': None, 'change': True}
2024-12-01 10:50:26,166 : INFO : EventManager : Event: ======'machine_var_audits_switches_s_upper_2_drop'====== Args={'value': 103, 'prev_value': None, 'change': True}
2024-12-01 10:50:26,166 : INFO : EventManager : Event: ======'machine_var_audits_switches_s_upper_2_target'====== Args={'value': 180, 'prev_value': None, 'change': True}
2024-12-01 10:50:26,167 : INFO : EventManager : Event: ======'machine_var_audits_switches_s_upper_3_drop'====== Args={'value': 129, 'prev_value': None, 'change': True}
2024-12-01 10:50:26,167 : INFO : EventManager : Event: ======'machine_var_audits_switches_s_upper_3_target'====== Args={'value': 86, 'prev_value': None, 'change': True}
2024-12-01 10:50:26,167 : INFO : EventManager : Event: ======'machine_var_audits_switches_s_upper_4_drop'====== Args={'value': 211, 'prev_value': None, 'change': True}
2024-12-01 10:50:26,167 : INFO : EventManager : Event: ======'machine_var_audits_switches_s_upper_4_target'====== Args={'value': 84, 'prev_value': None, 'change': True}
2024-12-01 10:50:26,167 : INFO : EventManager : Event: ======'machine_var_audits_switches_s_upper_pop'====== Args={'value': 884, 'prev_value': None, 'change': True}
2024-12-01 10:50:26,168 : INFO : EventManager : Event: ======'init_phase_5'====== Args={}
2024-12-01 10:50:26,171 : INFO : EventManager : Event: ======'init_done'====== Args={}
2024-12-01 10:50:26,171 : INFO : EventManager : Event: ======'machine_reset_phase_1'====== Args={}
2024-12-01 10:50:26,180 : INFO : EventManager : Event: ======'machine_reset_phase_2'====== Args={}
2024-12-01 10:50:26,180 : INFO : EventManager : Event: ======'machine_reset_phase_3'====== Args={}
2024-12-01 10:50:26,180 : INFO : drop_target_bank.upper : All targets are already up. Will not reset bank.
2024-12-01 10:50:26,180 : INFO : drop_target_bank.lower : All targets are already up. Will not reset bank.
2024-12-01 10:50:26,180 : INFO : EventManager : Event: ======'diverter_trapdoor_diverter_deactivating'====== Args={}
2024-12-01 10:50:26,180 : INFO : coil.c_main_trapdoor : Disabling Driver
2024-12-01 10:50:26,180 : INFO : coil.c_main_trapdoor_hold : Disabling Driver
2024-12-01 10:50:26,180 : INFO : EventManager : Event: ======'reset_complete'====== Args={}
2024-12-01 10:50:26,180 : INFO : EventManager : Event: ======'mode_attract_will_start'====== Args={}
2024-12-01 10:50:26,181 : INFO : EventManager : Event: ======'mode_attract_starting'====== Args={}
2024-12-01 10:50:26,181 : INFO : Mode.attract : Started. Priority: 10
2024-12-01 10:50:26,181 : INFO : EventManager : Event: ======'modes_active_modes_changed'====== Args={}
2024-12-01 10:50:26,181 : INFO : EventManager : Event: ======'mode_attract_started'====== Args={}
2024-12-01 10:50:26,181 : INFO : EventManager : Event: ======'collecting_balls_complete'====== Args={}
2024-12-01 10:50:26,182 : INFO : Machine : Starting the main run loop with active modes: [<Mode.attract>]
2024-12-01 10:50:26,230 : INFO : EventManager : Event: ======'slide_attract_scroll_created'====== Args={'_from_bcp': True}
2024-12-01 10:50:26,230 : INFO : EventManager : Event: ======'slide__removed'====== Args={'_from_bcp': True}
2024-12-01 10:50:26,230 : INFO : EventManager : Event: ======'slide_attract_scroll_active'====== Args={'original_context': 'attract', 'original_calling_context': 'mode_attract_started', 'priority': 10.0, 'cmd': 'slides_play', '_from_bcp': True}
2024-12-01 10:50:26,389 : INFO : BcpServer : New client connected.
2024-12-01 10:50:26,390 : INFO : SwitchController : <<<<<<< 's_main_vuk' active >>>>>>>
2024-12-01 10:50:26,390 : INFO : EventManager : Event: ======'playfield_active'====== Args={'source': 'main_vuk'}
2024-12-01 10:50:26,391 : INFO : EventManager : Event: ======'unexpected_ball_on_playfield'====== Args={}
2024-12-01 10:50:26,391 : INFO : SwitchController : <<<<<<< 's_main_vuk' inactive >>>>>>>
2024-12-01 10:50:26,391 : INFO : SwitchController : <<<<<<< 's_lower_vuk' active >>>>>>>
2024-12-01 10:50:26,391 : INFO : SwitchController : <<<<<<< 's_lower_vuk' inactive >>>>>>>
2024-12-01 10:50:30,460 : INFO : SwitchController : <<<<<<< 's_main_outhole' active >>>>>>>
2024-12-01 10:50:30,961 : INFO : EventManager : Event: ======'balldevice_bd_drain_ball_count_changed'====== Args={'balls': 1}
2024-12-01 10:50:30,962 : INFO : ball_device.bd_drain : Received unexpected ball
2024-12-01 10:50:30,962 : INFO : EventManager : Event: ======'balldevice_captured_from_playfield'====== Args={'balls': 1}
2024-12-01 10:50:30,962 : INFO : EventManager : Event: ======'sw_playfield_active'====== Args={'balls': 1}
2024-12-01 10:50:30,962 : INFO : EventManager : Event: ======'playfield_active'====== Args={'source': None}
2024-12-01 10:50:30,962 : INFO : EventManager : Event: ======'unexpected_ball_on_playfield'====== Args={}
2024-12-01 10:50:30,963 : INFO : EventManager : Event: ======'playfield_ball_count_change'====== Args={'balls': -1, 'change': -1}
2024-12-01 10:50:30,963 : INFO : EventManager : Event: ======'balldevice_playfield_ball_enter'====== Args={'new_balls': 1, 'unclaimed_balls': 1, 'device': <playfield.playfield>}
2024-12-01 10:50:30,963 : INFO : EventManager : Event: ======'playfield_ball_count_change'====== Args={'balls': 0, 'change': 1}
2024-12-01 10:50:30,963 : INFO : BallController : Found a new ball which was captured from playfield. Known balls: 1
2024-12-01 10:50:30,963 : INFO : EventManager : Event: ======'found_new_ball'====== Args={}
2024-12-01 10:50:30,964 : INFO : EventManager : Event: ======'balldevice_bd_drain_ball_enter'====== Args={'new_balls': 1, 'unclaimed_balls': 1, 'new_available_balls': 1, 'device': <ball_device.bd_drain>}
2024-12-01 10:50:30,964 : INFO : EventManager : Event: ======'ball_drain'====== Args={'device': <ball_device.bd_drain>, 'balls': 1}
2024-12-01 10:50:30,964 : INFO : EventManager : Event: ======'balldevice_balls_available'====== Args={}
2024-12-01 10:50:30,964 : INFO : EventManager : Event: ======'balldevice_bd_drain_ball_entered'====== Args={'new_balls': 1, 'device': <ball_device.bd_drain>}
2024-12-01 10:50:31,495 : INFO : SwitchController : <<<<<<< 's_start' active >>>>>>>
2024-12-01 10:50:31,579 : INFO : SwitchController : <<<<<<< 's_start' inactive >>>>>>>
2024-12-01 10:50:31,579 : INFO : EventManager : Event: ======'request_to_start_game'====== Args={}
2024-12-01 10:50:31,579 : INFO : EventManager : Event: ======'game_start'====== Args={'buttons': [], 'hold_time': 0.0834955950267613}
2024-12-01 10:50:31,579 : INFO : EventManager : Event: ======'mode_game_will_start'====== Args={'buttons': [], 'hold_time': 0.0834955950267613}
2024-12-01 10:50:31,580 : INFO : EventManager : Event: ======'mode_game_starting'====== Args={'buttons': [], 'hold_time': 0.0834955950267613}
2024-12-01 10:50:31,580 : INFO : EventManager : Event: ======'mode_attract_will_stop'====== Args={}
2024-12-01 10:50:31,580 : INFO : EventManager : Event: ======'mode_attract_stopping'====== Args={}
2024-12-01 10:50:31,580 : INFO : Mode.attract : Stopped.
2024-12-01 10:50:31,580 : INFO : EventManager : Event: ======'modes_active_modes_changed'====== Args={}
2024-12-01 10:50:31,581 : INFO : EventManager : Event: ======'mode_attract_stopped'====== Args={}
2024-12-01 10:50:31,581 : INFO : EventManager : Event: ======'clear'====== Args={'key': 'attract'}
2024-12-01 10:50:31,581 : INFO : Mode.game : Started. Priority: 20
2024-12-01 10:50:31,581 : INFO : EventManager : Event: ======'modes_active_modes_changed'====== Args={}
2024-12-01 10:50:31,581 : INFO : EventManager : Event: ======'mode_game_started'====== Args={'buttons': [], 'hold_time': 0.0834955950267613}
2024-12-01 10:50:31,582 : INFO : EventManager : Event: ======'game_will_start'====== Args={}
2024-12-01 10:50:31,582 : INFO : EventManager : Event: ======'game_starting'====== Args={'game': <Mode.game>}
2024-12-01 10:50:31,582 : INFO : EventManager : Unordered handler for class <Auditor> on event game_ended with priority 1. Handlers: [RegisteredHandler(callback=<bound method Auditor.disable of <Auditor>>, priority=1, kwargs={}, key=UUID('e74504d1-7485-41a8-ae68-f98eab6d79c0'), condition=None, blocking_facility=None), RegisteredHandler(callback=<bound method Auditor._save_audits of <Auditor>>, priority=1, kwargs={}, key=UUID('a87cba21-7509-4d24-aa89-7f4f5102327c'), condition=None, blocking_facility=None)]. The order of those handlers is not defined and they will be executed in random order. This might lead to race conditions and potential bugs.
2024-12-01 10:50:31,582 : INFO : EventManager : Event: ======'player_add_request'====== Args={}
2024-12-01 10:50:31,583 : INFO : EventManager : Event: ======'player_will_add'====== Args={'number': 1}
2024-12-01 10:50:31,583 : INFO : EventManager : Event: ======'player_adding'====== Args={'player': <Player 1>, 'number': 1}
2024-12-01 10:50:31,583 : INFO : EventManager : Event: ======'player_added'====== Args={'player': <Player 1>, 'num': 1}
2024-12-01 10:50:31,583 : INFO : Mode.game : Player added successfully. Total players: 1
2024-12-01 10:50:31,583 : INFO : EventManager : Event: ======'player_index'====== Args={'value': 0, 'prev_value': 0, 'change': 0, 'player_num': 1}
2024-12-01 10:50:31,583 : INFO : EventManager : Event: ======'player_number'====== Args={'value': 1, 'prev_value': 1, 'change': 0, 'player_num': 1}
2024-12-01 10:50:31,584 : INFO : EventManager : Event: ======'player_bonus_upper_playfield'====== Args={'value': 0, 'prev_value': 0, 'change': 0, 'player_num': 1}
2024-12-01 10:50:31,584 : INFO : EventManager : Event: ======'player_bonus_lower_playfield'====== Args={'value': 0, 'prev_value': 0, 'change': 0, 'player_num': 1}
2024-12-01 10:50:31,584 : INFO : EventManager : Event: ======'player_bonus_main_playfield'====== Args={'value': 0, 'prev_value': 0, 'change': 0, 'player_num': 1}
2024-12-01 10:50:31,584 : INFO : EventManager : Event: ======'player_attic_double_score'====== Args={'value': 0, 'prev_value': 0, 'change': 0, 'player_num': 1}
2024-12-01 10:50:31,584 : INFO : EventManager : Event: ======'player_main_double_score'====== Args={'value': 0, 'prev_value': 0, 'change': 0, 'player_num': 1}
2024-12-01 10:50:31,585 : INFO : EventManager : Event: ======'player_lower_double_score'====== Args={'value': 0, 'prev_value': 0, 'change': 0, 'player_num': 1}
2024-12-01 10:50:31,585 : INFO : EventManager : Event: ======'player_base_bonus'====== Args={'value': 0, 'prev_value': 0, 'change': 0, 'player_num': 1}
2024-12-01 10:50:31,585 : INFO : EventManager : Event: ======'player_bonus_multiplier'====== Args={'value': 1, 'prev_value': 1, 'change': 0, 'player_num': 1}
2024-12-01 10:50:31,585 : INFO : EventManager : Event: ======'player_score'====== Args={'value': 0, 'prev_value': 0, 'change': 0, 'player_num': 1}
2024-12-01 10:50:31,588 : INFO : EventManager : Event: ======'game_started'====== Args={}
2024-12-01 10:50:31,588 : INFO : EventManager : Event: ======'player_turn_will_start'====== Args={'player': <Player 1>, 'number': 1}
2024-12-01 10:50:31,596 : INFO : EventManager : Event: ======'player_turn_starting'====== Args={'player': <Player 1>, 'number': 1}
2024-12-01 10:50:31,596 : INFO : EventManager : Event: ======'player_ball'====== Args={'value': 1, 'prev_value': 0, 'change': 1, 'player_num': 1}
2024-12-01 10:50:31,596 : INFO : EventManager : Event: ======'player_turn_started'====== Args={'player': <Player 1>, 'number': 1}
2024-12-01 10:50:31,597 : INFO : EventManager : Event: ======'ball_will_start'====== Args={'player': 1, 'ball': 1, 'balls_remaining': 2, 'is_extra_ball': False}
2024-12-01 10:50:31,597 : INFO : EventManager : Event: ======'ball_starting'====== Args={'player': 1, 'ball': 1, 'balls_remaining': 2, 'is_extra_ball': False}
2024-12-01 10:50:31,597 : INFO : EventManager : Event: ======'mode_base_will_start'====== Args={'queue': <QueuedEvent>, 'player': 1, 'ball': 1, 'balls_remaining': 2, 'is_extra_ball': False}
2024-12-01 10:50:31,598 : INFO : EventManager : Event: ======'player_shot_upper_pop_enabled'====== Args={'value': True, 'prev_value': 0, 'change': 1, 'player_num': 1}
2024-12-01 10:50:31,598 : INFO : EventManager : Event: ======'player_shot_lower_left_pop_enabled'====== Args={'value': True, 'prev_value': 0, 'change': 1, 'player_num': 1}
2024-12-01 10:50:31,598 : INFO : EventManager : Event: ======'player_shot_upper_left_pop_enabled'====== Args={'value': True, 'prev_value': 0, 'change': 1, 'player_num': 1}
2024-12-01 10:50:31,599 : INFO : EventManager : Event: ======'player_shot_10pt_enabled'====== Args={'value': True, 'prev_value': 0, 'change': 1, 'player_num': 1}
2024-12-01 10:50:31,599 : INFO : EventManager : Event: ======'player_shot_upper_1_enabled'====== Args={'value': True, 'prev_value': 0, 'change': 1, 'player_num': 1}
2024-12-01 10:50:31,599 : INFO : EventManager : Event: ======'player_shot_upper_2_enabled'====== Args={'value': True, 'prev_value': 0, 'change': 1, 'player_num': 1}
2024-12-01 10:50:31,600 : INFO : EventManager : Event: ======'player_shot_upper_3_enabled'====== Args={'value': True, 'prev_value': 0, 'change': 1, 'player_num': 1}
2024-12-01 10:50:31,600 : INFO : EventManager : Event: ======'player_shot_upper_4_enabled'====== Args={'value': True, 'prev_value': 0, 'change': 1, 'player_num': 1}
2024-12-01 10:50:31,600 : INFO : EventManager : Event: ======'player_shot_upper_1_drop_enabled'====== Args={'value': True, 'prev_value': 0, 'change': 1, 'player_num': 1}
2024-12-01 10:50:31,601 : INFO : EventManager : Event: ======'player_shot_upper_2_drop_enabled'====== Args={'value': True, 'prev_value': 0, 'change': 1, 'player_num': 1}
2024-12-01 10:50:31,601 : INFO : EventManager : Event: ======'player_shot_upper_3_drop_enabled'====== Args={'value': True, 'prev_value': 0, 'change': 1, 'player_num': 1}
2024-12-01 10:50:31,601 : INFO : EventManager : Event: ======'player_shot_upper_4_drop_enabled'====== Args={'value': True, 'prev_value': 0, 'change': 1, 'player_num': 1}
2024-12-01 10:50:31,602 : INFO : EventManager : Event: ======'player_shot_lower_1_drop_enabled'====== Args={'value': True, 'prev_value': 0, 'change': 1, 'player_num': 1}
2024-12-01 10:50:31,602 : INFO : EventManager : Event: ======'player_shot_lower_2_drop_enabled'====== Args={'value': True, 'prev_value': 0, 'change': 1, 'player_num': 1}
2024-12-01 10:50:31,602 : INFO : EventManager : Event: ======'player_shot_lower_3_drop_enabled'====== Args={'value': True, 'prev_value': 0, 'change': 1, 'player_num': 1}
2024-12-01 10:50:31,603 : INFO : EventManager : Event: ======'player_shot_lower_4_drop_enabled'====== Args={'value': True, 'prev_value': 0, 'change': 1, 'player_num': 1}
2024-12-01 10:50:31,603 : INFO : EventManager : Event: ======'player_shot_lower_5_drop_enabled'====== Args={'value': True, 'prev_value': 0, 'change': 1, 'player_num': 1}
2024-12-01 10:50:31,603 : INFO : EventManager : Event: ======'player_shot_lower_hole_enabled'====== Args={'value': True, 'prev_value': 0, 'change': 1, 'player_num': 1}
2024-12-01 10:50:31,603 : INFO : EventManager : Event: ======'player_shot_lower_left_enabled'====== Args={'value': True, 'prev_value': 0, 'change': 1, 'player_num': 1}
2024-12-01 10:50:31,604 : INFO : EventManager : Event: ======'player_shot_lower_right_enabled'====== Args={'value': True, 'prev_value': 0, 'change': 1, 'player_num': 1}
2024-12-01 10:50:31,604 : INFO : EventManager : Event: ======'player_shot_lower_pop_enabled'====== Args={'value': True, 'prev_value': 0, 'change': 1, 'player_num': 1}
2024-12-01 10:50:31,604 : INFO : EventManager : Event: ======'player_shot_lower_10pt_lower_enabled'====== Args={'value': True, 'prev_value': 0, 'change': 1, 'player_num': 1}
2024-12-01 10:50:31,605 : INFO : EventManager : Event: ======'player_shot_lower_10pt_drops_enabled'====== Args={'value': True, 'prev_value': 0, 'change': 1, 'player_num': 1}
2024-12-01 10:50:31,605 : INFO : EventManager : Event: ======'player_shot_lower_10pt_upper_enabled'====== Args={'value': True, 'prev_value': 0, 'change': 1, 'player_num': 1}
2024-12-01 10:50:31,605 : INFO : EventManager : Event: ======'player_shot_lower_slingshot_enabled'====== Args={'value': True, 'prev_value': 0, 'change': 1, 'player_num': 1}
2024-12-01 10:50:31,606 : INFO : EventManager : Event: ======'player_shot_lower_kick_target_enabled'====== Args={'value': True, 'prev_value': 0, 'change': 1, 'player_num': 1}
2024-12-01 10:50:31,606 : INFO : EventManager : Event: ======'player_shot_lower_rollover_enabled'====== Args={'value': True, 'prev_value': 0, 'change': 1, 'player_num': 1}
2024-12-01 10:50:31,606 : INFO : EventManager : Event: ======'player_shot_main_1_enabled'====== Args={'value': True, 'prev_value': 0, 'change': 1, 'player_num': 1}
2024-12-01 10:50:31,607 : INFO : EventManager : Event: ======'player_shot_main_2_enabled'====== Args={'value': True, 'prev_value': 0, 'change': 1, 'player_num': 1}
2024-12-01 10:50:31,608 : INFO : EventManager : Event: ======'player_shot_main_3_enabled'====== Args={'value': True, 'prev_value': 0, 'change': 1, 'player_num': 1}
2024-12-01 10:50:31,608 : INFO : EventManager : Event: ======'player_shot_main_4_enabled'====== Args={'value': True, 'prev_value': 0, 'change': 1, 'player_num': 1}
2024-12-01 10:50:31,609 : INFO : EventManager : Event: ======'player_shot_main_5_enabled'====== Args={'value': True, 'prev_value': 0, 'change': 1, 'player_num': 1}
2024-12-01 10:50:31,609 : INFO : EventManager : Event: ======'player_shot_main_slingshot_enabled'====== Args={'value': True, 'prev_value': 0, 'change': 1, 'player_num': 1}
2024-12-01 10:50:31,609 : INFO : EventManager : Event: ======'player_shot_right_outlane_enabled'====== Args={'value': True, 'prev_value': 0, 'change': 1, 'player_num': 1}
2024-12-01 10:50:31,610 : INFO : EventManager : Event: ======'player_shot_right_inlane_enabled'====== Args={'value': True, 'prev_value': 0, 'change': 1, 'player_num': 1}
2024-12-01 10:50:31,610 : INFO : EventManager : Event: ======'player_shot_left_inlane_enabled'====== Args={'value': True, 'prev_value': 0, 'change': 1, 'player_num': 1}
2024-12-01 10:50:31,610 : INFO : EventManager : Event: ======'player_shot_left_outlane_enabled'====== Args={'value': True, 'prev_value': 0, 'change': 1, 'player_num': 1}
2024-12-01 10:50:31,611 : INFO : EventManager : Event: ======'player_shot_standup_right_enabled'====== Args={'value': True, 'prev_value': 0, 'change': 1, 'player_num': 1}
2024-12-01 10:50:31,611 : INFO : EventManager : Event: ======'player_shot_right_kickout_enabled'====== Args={'value': True, 'prev_value': 0, 'change': 1, 'player_num': 1}
2024-12-01 10:50:31,611 : INFO : EventManager : Event: ======'player_shot_rollunder_enabled'====== Args={'value': True, 'prev_value': 0, 'change': 1, 'player_num': 1}
2024-12-01 10:50:31,612 : INFO : EventManager : Event: ======'player_shot_main_trough_1_enabled'====== Args={'value': True, 'prev_value': 0, 'change': 1, 'player_num': 1}
2024-12-01 10:50:31,612 : INFO : EventManager : Event: ======'player_shot_main_trough_2_enabled'====== Args={'value': True, 'prev_value': 0, 'change': 1, 'player_num': 1}
2024-12-01 10:50:31,612 : INFO : EventManager : Event: ======'player_shot_secret_passage_trough_enabled'====== Args={'value': True, 'prev_value': 0, 'change': 1, 'player_num': 1}
2024-12-01 10:50:31,613 : INFO : EventManager : Event: ======'player_shot_trapdoor_trough_enabled'====== Args={'value': True, 'prev_value': 0, 'change': 1, 'player_num': 1}
2024-12-01 10:50:31,613 : INFO : EventManager : Event: ======'player_shot_main_vuk_enabled'====== Args={'value': True, 'prev_value': 0, 'change': 1, 'player_num': 1}
2024-12-01 10:50:31,618 : INFO : EventManager : Event: ======'mode_base_starting'====== Args={'queue': <QueuedEvent>, 'player': 1, 'ball': 1, 'balls_remaining': 2, 'is_extra_ball': False}
2024-12-01 10:50:31,618 : INFO : drop_target_bank.upper : All targets are already up. Will not reset bank.
2024-12-01 10:50:31,618 : INFO : drop_target_bank.lower : All targets are already up. Will not reset bank.
2024-12-01 10:50:31,618 : INFO : EventManager : Event: ======'balls_in_play'====== Args={'balls': 1}
2024-12-01 10:50:31,618 : INFO : EventManager : Event: ======'ball_started'====== Args={'player': 1, 'ball': 1, 'balls_remaining': 2, 'is_extra_ball': False}
2024-12-01 10:50:31,621 : INFO : EventManager : Event: ======'diverter_trapdoor_diverter_enabling'====== Args={'auto': False}
2024-12-01 10:50:31,623 : INFO : EventManager : Event: ======'logicblock_attic_drop_counter_updated'====== Args={'value': 0, 'enabled': True}
2024-12-01 10:50:31,623 : INFO : EventManager : Event: ======'logicblock_attic_hits_updated'====== Args={'value': 0, 'enabled': True}
2024-12-01 10:50:31,623 : INFO : EventManager : Event: ======'logicblock_cellar_hits_updated'====== Args={'value': 0, 'enabled': True}
2024-12-01 10:50:31,623 : INFO : EventManager : Event: ======'logicblock_attic_drop_counter_updated'====== Args={'value': 0, 'enabled': True}
2024-12-01 10:50:31,624 : INFO : EventManager : Event: ======'logicblock_attic_hits_updated'====== Args={'value': 0, 'enabled': True}
2024-12-01 10:50:31,624 : INFO : EventManager : Event: ======'logicblock_cellar_hits_updated'====== Args={'value': 0, 'enabled': True}
2024-12-01 10:50:31,624 : INFO : Mode.base : Started. Priority: 100
2024-12-01 10:50:31,624 : INFO : EventManager : Event: ======'modes_active_modes_changed'====== Args={}
2024-12-01 10:50:31,624 : INFO : EventManager : Event: ======'mode_base_started'====== Args={'queue': <QueuedEvent>, 'player': 1, 'ball': 1, 'balls_remaining': 2, 'is_extra_ball': False}
2024-12-01 10:50:31,625 : INFO : EventManager : Event: ======'base_bonus_400'====== Args={'queue': <QueuedEvent>, 'player': 1, 'ball': 1, 'balls_remaining': 2, 'is_extra_ball': False}
2024-12-01 10:50:31,626 : INFO : EventManager : Event: ======'player_base_bonus'====== Args={'value': 400, 'prev_value': 0, 'change': 400, 'player_num': 1, 'source': 'base'}
2024-12-01 10:50:31,627 : INFO : EventManager : Event: ======'single_player_ball_started'====== Args={}
2024-12-01 10:50:31,628 : INFO : EventManager : Event: ======'ball_start_target'====== Args={'target': 'playfield'}
2024-12-01 10:50:31,628 : INFO : ball_device.bd_drain : Setting up player-controlled eject. Balls: 1, Target: <playfield.playfield>, player_controlled_eject_event: None
2024-12-01 10:50:31,628 : INFO : ball_device.bd_drain : Adding 1 ball(s) to the eject_queue with target <playfield.playfield>.
2024-12-01 10:50:31,628 : INFO : EventManager : Event: ======'balldevice_balls_available'====== Args={}
2024-12-01 10:50:31,629 : INFO : ball_device.bd_drain : State: waiting_for_target_ready
2024-12-01 10:50:31,629 : INFO : EventManager : Event: ======'balldevice_bd_drain_ball_eject_attempt'====== Args={'balls': 1, 'target': <playfield.playfield>, 'source': <ball_device.bd_drain>, 'mechanical_eject': False, 'num_attempts': 0}
2024-12-01 10:50:31,629 : INFO : ball_device.bd_drain : State: ejecting
2024-12-01 10:50:31,629 : INFO : ball_device.bd_drain : Ejecting ball to <playfield.playfield>
2024-12-01 10:50:31,629 : INFO : EventManager : Event: ======'balldevice_bd_drain_ejecting_ball'====== Args={'balls': 1, 'target': <playfield.playfield>, 'source': <ball_device.bd_drain>, 'mechanical_eject': False, 'num_attempts': 0}
2024-12-01 10:50:31,630 : INFO : ball_device.bd_drain : Wait for ball to leave device
2024-12-01 10:50:31,630 : INFO : coil.c_main_outhole : Pulsing Driver for 60ms (1.0 pulse_power)
2024-12-01 10:50:31,644 : INFO : EventManager : Event: ======'slide_base_created'====== Args={'_from_bcp': True}
2024-12-01 10:50:31,644 : INFO : EventManager : Event: ======'slide_attract_scroll_inactive'====== Args={'is_removing': True, '_from_bcp': True}
2024-12-01 10:50:31,644 : INFO : EventManager : Event: ======'slide_base_active'====== Args={'original_context': 'base', 'original_calling_context': 'mode_base_started', 'priority': 100.0, 'queue': '<QueuedEvent>', 'player': 1.0, 'ball': 1.0, 'balls_remaining': 2.0, 'is_extra_ball': False, 'cmd': 'slides_play', '_from_bcp': True}
2024-12-01 10:50:31,644 : INFO : EventManager : Event: ======'slide_attract_scroll_removed'====== Args={'_from_bcp': True}
2024-12-01 10:50:32,362 : INFO : SwitchController : <<<<<<< 's_main_outhole' inactive >>>>>>>
2024-12-01 10:50:32,363 : INFO : ball_device.bd_drain : State: ball_left
2024-12-01 10:50:32,363 : INFO : ball_device.bd_drain : Ball left
2024-12-01 10:50:32,363 : INFO : ball_device.bd_drain : Wait for confirm with timeout 10.0
2024-12-01 10:50:36,014 : INFO : SwitchController : <<<<<<< 's_upper_pop' active >>>>>>>
2024-12-01 10:50:36,014 : INFO : EventManager : Event: ======'playfield_active'====== Args={'source': 'upper_pop'}
2024-12-01 10:50:36,014 : INFO : EventManager : Event: ======'s_upper_pop_active'====== Args={}
2024-12-01 10:50:36,014 : INFO : EventManager : Event: ======'playfield_active'====== Args={'source': 'upper_pop'}
2024-12-01 10:50:36,014 : INFO : EventManager : Event: ======'machine_var_audits_switches_s_upper_pop'====== Args={'value': 885, 'prev_value': 884, 'change': 1}
2024-12-01 10:50:36,015 : INFO : EventManager : Event: ======'player_shot_upper_pop'====== Args={'value': 1, 'prev_value': 0, 'change': 1, 'player_num': 1}
2024-12-01 10:50:36,020 : INFO : EventManager : Event: ======'machine_var_audits_shots_upper_pop'====== Args={'value': 652, 'prev_value': 651, 'change': 1}
2024-12-01 10:50:36,020 : INFO : EventManager : Event: ======'upper_pop_hit'====== Args={'profile': 'pop_hit', 'state': 'unlit', 'advancing': True}
2024-12-01 10:50:36,020 : INFO : EventManager : Event: ======'upper_pop_pop_hit_hit'====== Args={'profile': 'pop_hit', 'state': 'unlit', 'advancing': True}
2024-12-01 10:50:36,021 : INFO : EventManager : Event: ======'upper_pop_pop_hit_unlit_hit'====== Args={'profile': 'pop_hit', 'state': 'unlit', 'advancing': True}
2024-12-01 10:50:36,021 : INFO : EventManager : Event: ======'upper_pop_unlit_hit'====== Args={'profile': 'pop_hit', 'state': 'unlit', 'advancing': True}
2024-12-01 10:50:36,021 : INFO : EventManager : Event: ======'player_score'====== Args={'value': 1000, 'prev_value': 0, 'change': 1000, 'player_num': 1, 'source': 'base'}
2024-12-01 10:50:36,021 : INFO : EventManager : Event: ======'logicblock_attic_hits_updated'====== Args={'value': 1, 'enabled': True}
2024-12-01 10:50:36,021 : INFO : EventManager : Event: ======'counter_attic_hits_hit'====== Args={'count': 1, 'hits': 1, 'remaining': 10}
2024-12-01 10:50:36,022 : INFO : EventManager : Event: ======'logicblock_attic_hits_hit'====== Args={'count': 1, 'hits': 1, 'remaining': 10}
2024-12-01 10:50:36,023 : INFO : ball_device.bd_drain : Got eject confirm
2024-12-01 10:50:36,023 : INFO : ball_device.bd_drain : Eject successful
2024-12-01 10:50:36,023 : INFO : EventManager : Event: ======'balldevice_bd_drain_ball_eject_success'====== Args={'balls': 1, 'target': <playfield.playfield>}
2024-12-01 10:50:36,024 : INFO : EventManager : Event: ======'balldevice_playfield_ball_enter'====== Args={'new_balls': 1, 'unclaimed_balls': 1, 'device': <playfield.playfield>}
2024-12-01 10:50:36,024 : INFO : EventManager : Event: ======'playfield_ball_count_change'====== Args={'balls': 1, 'change': 1}
2024-12-01 10:50:36,024 : INFO : EventManager : Event: ======'balldevice_bd_drain_ball_count_changed'====== Args={'balls': 0}
2024-12-01 10:50:36,024 : INFO : ball_device.bd_drain : State: idle
2024-12-01 10:50:36,080 : INFO : SwitchController : <<<<<<< 's_upper_pop' inactive >>>>>>>
2024-12-01 10:50:36,564 : INFO : SwitchController : <<<<<<< 's_upper_pop' active >>>>>>>
2024-12-01 10:50:36,564 : INFO : EventManager : Event: ======'s_upper_pop_active'====== Args={}
2024-12-01 10:50:36,564 : INFO : EventManager : Event: ======'machine_var_audits_switches_s_upper_pop'====== Args={'value': 886, 'prev_value': 885, 'change': 1}
2024-12-01 10:50:36,565 : INFO : EventManager : Event: ======'player_shot_upper_pop'====== Args={'value': 2, 'prev_value': 1, 'change': 1, 'player_num': 1}
2024-12-01 10:50:36,565 : INFO : EventManager : Event: ======'machine_var_audits_shots_upper_pop'====== Args={'value': 653, 'prev_value': 652, 'change': 1}
2024-12-01 10:50:36,566 : INFO : EventManager : Event: ======'upper_pop_hit'====== Args={'profile': 'pop_hit', 'state': 'flashing', 'advancing': True}
2024-12-01 10:50:36,566 : INFO : EventManager : Event: ======'upper_pop_pop_hit_hit'====== Args={'profile': 'pop_hit', 'state': 'flashing', 'advancing': True}
2024-12-01 10:50:36,566 : INFO : EventManager : Event: ======'upper_pop_pop_hit_flashing_hit'====== Args={'profile': 'pop_hit', 'state': 'flashing', 'advancing': True}
2024-12-01 10:50:36,566 : INFO : EventManager : Event: ======'upper_pop_flashing_hit'====== Args={'profile': 'pop_hit', 'state': 'flashing', 'advancing': True}
2024-12-01 10:50:36,568 : INFO : EventManager : Event: ======'player_score'====== Args={'value': 2000, 'prev_value': 1000, 'change': 1000, 'player_num': 1, 'source': 'base'}
2024-12-01 10:50:36,568 : INFO : EventManager : Event: ======'logicblock_attic_hits_updated'====== Args={'value': 2, 'enabled': True}
2024-12-01 10:50:36,569 : INFO : EventManager : Event: ======'counter_attic_hits_hit'====== Args={'count': 2, 'hits': 2, 'remaining': 9}
2024-12-01 10:50:36,569 : INFO : EventManager : Event: ======'logicblock_attic_hits_hit'====== Args={'count': 2, 'hits': 2, 'remaining': 9}
2024-12-01 10:50:36,613 : INFO : SwitchController : <<<<<<< 's_upper_pop' inactive >>>>>>>
2024-12-01 10:50:36,997 : INFO : SwitchController : <<<<<<< 's_upper_pop' active >>>>>>>
2024-12-01 10:50:36,997 : INFO : EventManager : Event: ======'s_upper_pop_active'====== Args={}
2024-12-01 10:50:36,997 : INFO : EventManager : Event: ======'machine_var_audits_switches_s_upper_pop'====== Args={'value': 887, 'prev_value': 886, 'change': 1}
2024-12-01 10:50:36,998 : INFO : EventManager : Event: ======'player_shot_upper_pop'====== Args={'value': 0, 'prev_value': 2, 'change': -2, 'player_num': 1}
2024-12-01 10:50:36,998 : INFO : EventManager : Event: ======'machine_var_audits_shots_upper_pop'====== Args={'value': 654, 'prev_value': 653, 'change': 1}
2024-12-01 10:50:36,999 : INFO : EventManager : Event: ======'upper_pop_hit'====== Args={'profile': 'pop_hit', 'state': 'lit', 'advancing': True}
2024-12-01 10:50:36,999 : INFO : EventManager : Event: ======'upper_pop_pop_hit_hit'====== Args={'profile': 'pop_hit', 'state': 'lit', 'advancing': True}
2024-12-01 10:50:36,999 : INFO : EventManager : Event: ======'upper_pop_pop_hit_lit_hit'====== Args={'profile': 'pop_hit', 'state': 'lit', 'advancing': True}
2024-12-01 10:50:36,999 : INFO : EventManager : Event: ======'upper_pop_lit_hit'====== Args={'profile': 'pop_hit', 'state': 'lit', 'advancing': True}
2024-12-01 10:50:37,001 : INFO : EventManager : Event: ======'player_score'====== Args={'value': 3000, 'prev_value': 2000, 'change': 1000, 'player_num': 1, 'source': 'base'}
2024-12-01 10:50:37,002 : INFO : EventManager : Event: ======'logicblock_attic_hits_updated'====== Args={'value': 3, 'enabled': True}
2024-12-01 10:50:37,002 : INFO : EventManager : Event: ======'counter_attic_hits_hit'====== Args={'count': 3, 'hits': 3, 'remaining': 8}
2024-12-01 10:50:37,002 : INFO : EventManager : Event: ======'logicblock_attic_hits_hit'====== Args={'count': 3, 'hits': 3, 'remaining': 8}
2024-12-01 10:50:37,063 : INFO : SwitchController : <<<<<<< 's_upper_pop' inactive >>>>>>>
2024-12-01 10:50:41,047 : INFO : SwitchController : <<<<<<< 's_main_secret_trough' active >>>>>>>
2024-12-01 10:50:41,047 : INFO : EventManager : Event: ======'s_main_secret_trough_active'====== Args={}
2024-12-01 10:50:41,048 : INFO : EventManager : Event: ======'sw_playfield_active'====== Args={}
2024-12-01 10:50:41,048 : INFO : EventManager : Event: ======'machine_var_audits_switches_s_main_secret_trough'====== Args={'value': 42, 'prev_value': 41, 'change': 1}
2024-12-01 10:50:41,048 : INFO : EventManager : Event: ======'player_shot_secret_passage_trough'====== Args={'value': 1, 'prev_value': 0, 'change': 1, 'player_num': 1}
2024-12-01 10:50:41,052 : INFO : EventManager : Event: ======'machine_var_audits_shots_secret_passage_trough'====== Args={'value': 12, 'prev_value': 11, 'change': 1}
2024-12-01 10:50:41,053 : INFO : EventManager : Event: ======'secret_passage_trough_hit'====== Args={'profile': 'default', 'state': 'unlit', 'advancing': True}
2024-12-01 10:50:41,053 : INFO : EventManager : Event: ======'secret_passage_trough_default_hit'====== Args={'profile': 'default', 'state': 'unlit', 'advancing': True}
2024-12-01 10:50:41,053 : INFO : EventManager : Event: ======'secret_passage_trough_default_unlit_hit'====== Args={'profile': 'default', 'state': 'unlit', 'advancing': True}
2024-12-01 10:50:41,053 : INFO : EventManager : Event: ======'secret_passage_trough_unlit_hit'====== Args={'profile': 'default', 'state': 'unlit', 'advancing': True}
2024-12-01 10:50:41,053 : INFO : EventManager : Event: ======'player_bonus_multiplier'====== Args={'value': 2, 'prev_value': 1, 'change': 1, 'player_num': 1, 'source': 'base'}
2024-12-01 10:50:41,131 : INFO : SwitchController : <<<<<<< 's_main_secret_trough' inactive >>>>>>>
2024-12-01 10:50:44,115 : INFO : SwitchController : <<<<<<< 's_main_inlane_left' active >>>>>>>
2024-12-01 10:50:44,115 : INFO : EventManager : Event: ======'s_main_inlane_left_active'====== Args={}
2024-12-01 10:50:44,115 : INFO : EventManager : Event: ======'sw_playfield_active'====== Args={}
2024-12-01 10:50:44,115 : INFO : EventManager : Event: ======'diverter_trapdoor_diverter_activating'====== Args={}
2024-12-01 10:50:44,115 : INFO : coil.c_main_trapdoor : Pulsing Driver for 75ms (1.0 pulse_power)
2024-12-01 10:50:44,116 : INFO : coil.c_main_trapdoor_hold : Enabling Driver with power 1.0 (pulse_ms 50ms and pulse_power 1.0)
2024-12-01 10:50:44,116 : INFO : EventManager : Event: ======'machine_var_audits_switches_s_main_inlane_left'====== Args={'value': 28, 'prev_value': 27, 'change': 1}
2024-12-01 10:50:44,116 : INFO : EventManager : Event: ======'player_shot_left_inlane'====== Args={'value': 1, 'prev_value': 0, 'change': 1, 'player_num': 1}
2024-12-01 10:50:44,121 : INFO : EventManager : Event: ======'machine_var_audits_shots_left_inlane'====== Args={'value': 25, 'prev_value': 24, 'change': 1}
2024-12-01 10:50:44,121 : INFO : EventManager : Event: ======'left_inlane_hit'====== Args={'profile': 'default', 'state': 'unlit', 'advancing': True}
2024-12-01 10:50:44,121 : INFO : EventManager : Event: ======'left_inlane_default_hit'====== Args={'profile': 'default', 'state': 'unlit', 'advancing': True}
2024-12-01 10:50:44,121 : INFO : EventManager : Event: ======'left_inlane_default_unlit_hit'====== Args={'profile': 'default', 'state': 'unlit', 'advancing': True}
2024-12-01 10:50:44,122 : INFO : EventManager : Event: ======'left_inlane_unlit_hit'====== Args={'profile': 'default', 'state': 'unlit', 'advancing': True}
2024-12-01 10:50:44,122 : INFO : EventManager : Event: ======'player_score'====== Args={'value': 8000, 'prev_value': 3000, 'change': 5000, 'player_num': 1, 'source': 'base'}
2024-12-01 10:50:44,182 : INFO : SwitchController : <<<<<<< 's_main_inlane_left' inactive >>>>>>>
2024-12-01 10:50:50,117 : INFO : EventManager : Event: ======'diverter_trapdoor_diverter_deactivating'====== Args={}
2024-12-01 10:50:50,117 : INFO : coil.c_main_trapdoor : Disabling Driver
2024-12-01 10:50:50,117 : INFO : coil.c_main_trapdoor_hold : Disabling Driver
2024-12-01 10:50:51,337 : INFO : SwitchController : <<<<<<< 's_main_outhole' active >>>>>>>
2024-12-01 10:50:51,337 : INFO : EventManager : Event: ======'machine_var_audits_switches_s_main_outhole'====== Args={'value': 650, 'prev_value': 649, 'change': 1}
2024-12-01 10:50:51,838 : INFO : EventManager : Event: ======'balldevice_bd_drain_ball_count_changed'====== Args={'balls': 1}
2024-12-01 10:50:51,839 : INFO : ball_device.bd_drain : Received unexpected ball
2024-12-01 10:50:51,839 : INFO : EventManager : Event: ======'balldevice_captured_from_playfield'====== Args={'balls': 1}
2024-12-01 10:50:51,839 : INFO : EventManager : Event: ======'sw_playfield_active'====== Args={'balls': 1}
2024-12-01 10:50:51,839 : INFO : EventManager : Event: ======'playfield_ball_count_change'====== Args={'balls': 0, 'change': -1}
2024-12-01 10:50:51,840 : INFO : EventManager : Event: ======'balldevice_bd_drain_ball_enter'====== Args={'new_balls': 1, 'unclaimed_balls': 1, 'new_available_balls': 1, 'device': <ball_device.bd_drain>}
2024-12-01 10:50:51,840 : INFO : EventManager : Event: ======'ball_drain'====== Args={'device': <ball_device.bd_drain>, 'balls': 1}
2024-12-01 10:50:51,841 : INFO : EventManager : Event: ======'ball_will_end'====== Args={}
2024-12-01 10:50:51,841 : INFO : EventManager : Event: ======'balldevice_balls_available'====== Args={}
2024-12-01 10:50:51,842 : INFO : EventManager : Event: ======'balldevice_bd_drain_ball_entered'====== Args={'new_balls': 1, 'device': <ball_device.bd_drain>}
2024-12-01 10:50:51,843 : INFO : EventManager : Event: ======'ball_ending'====== Args={}
2024-12-01 10:50:51,843 : INFO : EventManager : Event: ======'mode_bonus_will_start'====== Args={'queue': <QueuedEvent>}
2024-12-01 10:50:51,844 : INFO : EventManager : Event: ======'mode_bonus_starting'====== Args={'queue': <QueuedEvent>}
2024-12-01 10:50:51,844 : INFO : Mode.bonus : Started. Priority: 500
2024-12-01 10:50:51,844 : INFO : EventManager : Event: ======'modes_active_modes_changed'====== Args={}
2024-12-01 10:50:51,844 : INFO : EventManager : Event: ======'mode_bonus_started'====== Args={'queue': <QueuedEvent>}
2024-12-01 10:50:51,845 : INFO : EventManager : Event: ======'bonus_start'====== Args={}
2024-12-01 10:50:51,871 : INFO : EventManager : Event: ======'slide_bonus_created'====== Args={'_from_bcp': True}
2024-12-01 10:50:51,871 : INFO : EventManager : Event: ======'slide_base_inactive'====== Args={'is_removing': False, '_from_bcp': True}
2024-12-01 10:50:51,872 : INFO : EventManager : Event: ======'slide_bonus_active'====== Args={'original_context': 'bonus', 'original_calling_context': 'mode_bonus_started', 'priority': 500.0, 'queue': '<QueuedEvent>', 'cmd': 'slides_play', '_from_bcp': True}
2024-12-01 10:50:52,845 : INFO : Mode.bonus : Bonus Entry 'attic_bonus': score: 0 player_score_entry: None=1
2024-12-01 10:50:52,845 : INFO : EventManager : Event: ======'bonus_entry'====== Args={'entry': 'attic_bonus', 'score': 0, 'text': 'Attic Bonus Scores', 'bonus_score': 0, 'hits': 1}
2024-12-01 10:50:53,845 : INFO : Mode.bonus : Skipping bonus entry 'main_bonus' because its value is 0
2024-12-01 10:50:53,846 : INFO : Mode.bonus : Bonus Entry 'cellar_bonus': score: 0 player_score_entry: None=1
2024-12-01 10:50:53,846 : INFO : EventManager : Event: ======'bonus_entry'====== Args={'entry': 'cellar_bonus', 'score': 0, 'text': 'Cellar Bonus Score', 'bonus_score': 0, 'hits': 1}
2024-12-01 10:50:54,847 : INFO : EventManager : Event: ======'bonus_entry'====== Args={'entry': 'subtotal', 'text': 'Subtotal', 'score': 0}
2024-12-01 10:50:55,138 : INFO : SwitchController : <<<<<<< 's_main_outhole' inactive >>>>>>>
2024-12-01 10:50:55,201 : INFO : SwitchController : <<<<<<< 's_main_outhole' active >>>>>>>
2024-12-01 10:50:55,201 : INFO : EventManager : Event: ======'machine_var_audits_switches_s_main_outhole'====== Args={'value': 651, 'prev_value': 650, 'change': 1}
2024-12-01 10:50:55,706 : INFO : SwitchController : <<<<<<< 's_main_outhole' inactive >>>>>>>
2024-12-01 10:50:55,847 : INFO : EventManager : Event: ======'bonus_entry'====== Args={'entry': 'multiplier', 'text': 'Multiplier', 'score': 2}
2024-12-01 10:50:56,848 : INFO : EventManager : Event: ======'bonus_entry'====== Args={'entry': 'total', 'text': 'Total Bonus', 'score': 0}
2024-12-01 10:50:57,848 : INFO : EventManager : Event: ======'player_bonus_multiplier'====== Args={'value': 1, 'prev_value': 2, 'change': -1, 'player_num': 1}
2024-12-01 10:50:57,849 : INFO : EventManager : Event: ======'mode_bonus_will_stop'====== Args={}
2024-12-01 10:50:57,849 : INFO : EventManager : Event: ======'mode_bonus_stopping'====== Args={}
2024-12-01 10:50:57,851 : INFO : EventManager : Event: ======'player_base_bonus'====== Args={'value': 0, 'prev_value': 400, 'change': -400, 'player_num': 1, 'source': 'bonus'}
2024-12-01 10:50:57,853 : INFO : Mode.bonus : Stopped.
2024-12-01 10:50:57,853 : INFO : EventManager : Event: ======'modes_active_modes_changed'====== Args={}
2024-12-01 10:50:57,853 : INFO : EventManager : Event: ======'mode_bonus_stopped'====== Args={}
2024-12-01 10:50:57,853 : INFO : EventManager : Event: ======'clear'====== Args={'key': 'bonus'}
2024-12-01 10:50:57,854 : INFO : EventManager : Event: ======'mode_base_will_stop'====== Args={}
2024-12-01 10:50:57,854 : INFO : EventManager : Event: ======'mode_base_stopping'====== Args={}
2024-12-01 10:50:57,854 : INFO : Mode.base : Stopped.
2024-12-01 10:50:57,854 : INFO : EventManager : Event: ======'modes_active_modes_changed'====== Args={}
2024-12-01 10:50:57,854 : INFO : EventManager : Event: ======'mode_base_stopped'====== Args={}
2024-12-01 10:50:57,855 : INFO : EventManager : Event: ======'clear'====== Args={'key': 'base'}
2024-12-01 10:50:57,856 : INFO : EventManager : Event: ======'ball_ended'====== Args={}
2024-12-01 10:50:57,858 : INFO : EventManager : Event: ======'diverter_trapdoor_diverter_disabling'====== Args={'auto': False}
2024-12-01 10:50:57,858 : INFO : EventManager : Event: ======'player_turn_will_end'====== Args={'player': <Player 1>, 'number': 1}
2024-12-01 10:50:57,865 : INFO : EventManager : Event: ======'player_turn_ending'====== Args={'player': <Player 1>, 'number': 1}
2024-12-01 10:50:57,866 : INFO : EventManager : Event: ======'slide_bonus_inactive'====== Args={'is_removing': True, '_from_bcp': True}
2024-12-01 10:50:57,866 : INFO : EventManager : Event: ======'slide_base_active'====== Args={'_from_bcp': True}
2024-12-01 10:50:57,866 : INFO : EventManager : Event: ======'slide_bonus_removed'====== Args={'_from_bcp': True}
2024-12-01 10:50:57,866 : INFO : EventManager : Event: ======'player_turn_ended'====== Args={'player': <Player 1>, 'number': 1}
2024-12-01 10:50:57,866 : INFO : EventManager : Event: ======'player_turn_will_start'====== Args={'player': <Player 1>, 'number': 1}
2024-12-01 10:50:57,867 : INFO : EventManager : Event: ======'player_turn_starting'====== Args={'player': <Player 1>, 'number': 1}
2024-12-01 10:50:57,867 : INFO : EventManager : Event: ======'player_ball'====== Args={'value': 2, 'prev_value': 1, 'change': 1, 'player_num': 1}
2024-12-01 10:50:57,867 : INFO : EventManager : Event: ======'player_turn_started'====== Args={'player': <Player 1>, 'number': 1}
2024-12-01 10:50:57,869 : INFO : EventManager : Event: ======'ball_will_start'====== Args={'player': 1, 'ball': 2, 'balls_remaining': 1, 'is_extra_ball': False}
2024-12-01 10:50:57,869 : INFO : EventManager : Event: ======'ball_starting'====== Args={'player': 1, 'ball': 2, 'balls_remaining': 1, 'is_extra_ball': False}
2024-12-01 10:50:57,869 : INFO : EventManager : Event: ======'mode_base_will_start'====== Args={'queue': <QueuedEvent>, 'player': 1, 'ball': 2, 'balls_remaining': 1, 'is_extra_ball': False}
2024-12-01 10:50:57,876 : INFO : EventManager : Event: ======'mode_base_starting'====== Args={'queue': <QueuedEvent>, 'player': 1, 'ball': 2, 'balls_remaining': 1, 'is_extra_ball': False}
2024-12-01 10:50:57,877 : INFO : drop_target_bank.upper : All targets are already up. Will not reset bank.
2024-12-01 10:50:57,877 : INFO : drop_target_bank.lower : All targets are already up. Will not reset bank.
2024-12-01 10:50:57,877 : INFO : EventManager : Event: ======'balls_in_play'====== Args={'balls': 1}
2024-12-01 10:50:57,877 : INFO : EventManager : Event: ======'ball_started'====== Args={'player': 1, 'ball': 2, 'balls_remaining': 1, 'is_extra_ball': False}
2024-12-01 10:50:57,877 : INFO : EventManager : Event: ======'logicblock_attic_drop_counter_updated'====== Args={'value': 0, 'enabled': True}
2024-12-01 10:50:57,878 : INFO : EventManager : Event: ======'logicblock_attic_hits_updated'====== Args={'value': 0, 'enabled': True}
2024-12-01 10:50:57,878 : INFO : EventManager : Event: ======'logicblock_cellar_hits_updated'====== Args={'value': 0, 'enabled': True}
2024-12-01 10:50:57,878 : INFO : EventManager : Event: ======'logicblock_attic_drop_counter_updated'====== Args={'value': 0, 'enabled': True}
2024-12-01 10:50:57,878 : INFO : EventManager : Event: ======'logicblock_attic_hits_updated'====== Args={'value': 0, 'enabled': True}
2024-12-01 10:50:57,878 : INFO : EventManager : Event: ======'logicblock_cellar_hits_updated'====== Args={'value': 0, 'enabled': True}
2024-12-01 10:50:57,878 : INFO : Mode.base : Started. Priority: 100
2024-12-01 10:50:57,878 : INFO : EventManager : Event: ======'modes_active_modes_changed'====== Args={}
2024-12-01 10:50:57,879 : INFO : EventManager : Event: ======'mode_base_started'====== Args={'queue': <QueuedEvent>, 'player': 1, 'ball': 2, 'balls_remaining': 1, 'is_extra_ball': False}
2024-12-01 10:50:57,879 : INFO : EventManager : Event: ======'diverter_trapdoor_diverter_enabling'====== Args={'auto': False}
2024-12-01 10:50:57,880 : INFO : EventManager : Event: ======'base_bonus_100'====== Args={'queue': <QueuedEvent>, 'player': 1, 'ball': 2, 'balls_remaining': 1, 'is_extra_ball': False}
2024-12-01 10:50:57,881 : INFO : EventManager : Event: ======'player_base_bonus'====== Args={'value': 100, 'prev_value': 0, 'change': 100, 'player_num': 1, 'source': 'base'}
2024-12-01 10:50:57,883 : INFO : EventManager : Event: ======'single_player_ball_started'====== Args={}
2024-12-01 10:50:57,886 : INFO : EventManager : Event: ======'ball_start_target'====== Args={'target': 'playfield'}
2024-12-01 10:50:57,886 : INFO : ball_device.bd_drain : Setting up player-controlled eject. Balls: 1, Target: <playfield.playfield>, player_controlled_eject_event: None
2024-12-01 10:50:57,886 : INFO : ball_device.bd_drain : Adding 1 ball(s) to the eject_queue with target <playfield.playfield>.
2024-12-01 10:50:57,886 : INFO : EventManager : Event: ======'balldevice_balls_available'====== Args={}
2024-12-01 10:50:57,898 : INFO : EventManager : Event: ======'slide_base_created'====== Args={'_from_bcp': True}
2024-12-01 10:50:57,898 : INFO : EventManager : Event: ======'slide_base_inactive'====== Args={'is_removing': True, '_from_bcp': True}
2024-12-01 10:50:57,899 : INFO : EventManager : Event: ======'slide_base_active'====== Args={'original_context': 'base', 'original_calling_context': 'mode_base_started', 'priority': 100.0, 'queue': '<QueuedEvent>', 'player': 1.0, 'ball': 2.0, 'balls_remaining': 1.0, 'is_extra_ball': False, 'cmd': 'slides_play', '_from_bcp': True}
2024-12-01 10:50:57,899 : INFO : EventManager : Event: ======'slide_base_removed'====== Args={'_from_bcp': True}
2024-12-01 10:51:01,209 : INFO : EventManager : Event: ======'balldevice_bd_drain_ball_count_changed'====== Args={'balls': 0}
2024-12-01 10:51:01,209 : WARNING : ball_device.bd_drain : Ball disappeared while idle. This should not normally happen.
2024-12-01 10:51:01,209 : INFO : EventManager : Event: ======'balldevice_playfield_ball_enter'====== Args={'new_balls': 1, 'unclaimed_balls': 1, 'device': <playfield.playfield>}
2024-12-01 10:51:01,209 : INFO : EventManager : Event: ======'playfield_ball_count_change'====== Args={'balls': 1, 'change': 1}
2024-12-01 10:51:01,210 : INFO : ball_device.bd_drain : 1 ball(s) missing from device. Mechanical eject? False
2024-12-01 10:51:01,210 : INFO : EventManager : Event: ======'balldevice_bd_drain_ball_missing'====== Args={'balls': 1}
2024-12-01 10:51:01,210 : INFO : EventManager : Event: ======'balldevice_ball_missing'====== Args={'balls': 1, 'name': 'bd_drain'}
2024-12-01 10:51:01,210 : INFO : ball_device.bd_drain : State: waiting_for_ball
2024-12-01 10:51:02,153 : INFO : Machine : Shutting down...
2024-12-01 10:51:02,153 : INFO : EventManager : Event: ======'shutdown'====== Args={}
2024-12-01 10:51:02,155 : INFO : EventManager : Event: ======'mode_game_will_stop'====== Args={}
2024-12-01 10:51:02,155 : INFO : EventManager : Event: ======'mode_game_stopping'====== Args={}
2024-12-01 10:51:02,156 : INFO : EventManager : Event: ======'mode_base_will_stop'====== Args={}
2024-12-01 10:51:02,156 : INFO : EventManager : Event: ======'mode_base_stopping'====== Args={}
2024-12-01 10:51:02,156 : INFO : Mode.base : Stopped.
2024-12-01 10:51:02,156 : INFO : EventManager : Event: ======'modes_active_modes_changed'====== Args={}
2024-12-01 10:51:02,157 : INFO : EventManager : Event: ======'mode_base_stopped'====== Args={}
2024-12-01 10:51:02,157 : INFO : EventManager : Event: ======'clear'====== Args={'key': 'base'}
2024-12-01 10:51:02,158 : INFO : Mode.game : Stopped.
2024-12-01 10:51:02,158 : INFO : EventManager : Event: ======'modes_active_modes_changed'====== Args={}
2024-12-01 10:51:02,158 : INFO : EventManager : Event: ======'mode_game_stopped'====== Args={}
2024-12-01 10:51:02,158 : INFO : EventManager : Event: ======'clear'====== Args={'key': 'game'}
2024-12-01 10:51:02,166 : INFO : root : MPF run loop ended.
