2024-11-06 20:56:30,807 : INFO : root : Loading config.
2024-11-06 20:56:30,809 : INFO : YamlMultifileConfigLoader : Machine config file #1: config.yaml
2024-11-06 20:56:30,809 : INFO : ConfigProcessor : Loading config from cache: /tmp/248da7825a7099821037453685569d45.mpf_cache
2024-11-06 20:56:30,832 : INFO : ConfigProcessor : Loading config from cache: /tmp/95514865456cf95aac1ab02b2b9c91d4.mpf_cache
2024-11-06 20:56:30,833 : INFO : ConfigProcessor : Loading config from cache: /tmp/03ef85df1864fb5ef5b7e38cbf9eb8a8.mpf_cache
2024-11-06 20:56:30,833 : WARNING : ConfigProcessor : Config file in cache changed: /home/caw/pinball/hauntedhouse/modes/base/config/base.yaml
2024-11-06 20:56:30,833 : INFO : ConfigProcessor : Loading config from file /home/caw/pinball/hauntedhouse/modes/base/config/base.yaml.
2024-11-06 20:56:30,836 : INFO : ConfigProcessor : Loading config: /home/caw/pinball/hauntedhouse/modes/base/config/base.yaml
2024-11-06 20:56:30,836 : INFO : ConfigProcessor : Config file cache created: /tmp/6dcc9600f5dbf9a99f5346cc5ca34ea9.mpf_cache
2024-11-06 20:56:30,837 : INFO : ConfigProcessor : Loading config from cache: /tmp/95514865456cf95aac1ab02b2b9c91d4.mpf_cache
2024-11-06 20:56:30,837 : INFO : ConfigProcessor : Loading config from cache: /tmp/2e5ac6493c6686883ff244e5da957f67.mpf_cache
2024-11-06 20:56:30,837 : INFO : Machine : Mission Pinball Framework Core Engine v0.80.0.dev5
2024-11-06 20:56:30,837 : INFO : Machine : Command line arguments: {'no_load_cache': False, 'create_config_cache': True, 'bcp': True, 'configfile': ['config.yaml'], 'force_assets_load': False, 'platform_integration_test': False, 'jsonlogging': False, 'logfile': 'logs/2024-11-06-20-56-30-mpf-caw-System-Product-Name.log', 'pause': False, 'production': False, 'text_ui': True, 'loglevel': 15, 'consoleloglevel': 20, 'force_platform': 'virtual', 'syslog_address': None, 'full_logfile_path': '/home/caw/pinball/hauntedhouse/logs/2024-11-06-20-56-30-mpf-caw-System-Product-Name.log'}
2024-11-06 20:56:30,837 : INFO : Machine : MPF path: /home/caw/miniconda3/envs/envp311/lib/python3.11/site-packages/mpf
2024-11-06 20:56:30,837 : INFO : Machine : Machine path: /home/caw/pinball/hauntedhouse
2024-11-06 20:56:30,837 : INFO : Machine : Platform: linux
2024-11-06 20:56:30,837 : INFO : Machine : Python executable location: /home/caw/miniconda3/envs/envp311/bin/python
2024-11-06 20:56:30,837 : INFO : Machine : Python version: 3.11.10 (64-bit)
2024-11-06 20:56:30,838 : INFO : Machine : Initializing MPF...
2024-11-06 20:56:30,860 : INFO : EventManager : Event: ======'machine_var_credits_string'====== Args={'value': 'FREE PLAY', 'prev_value': None, 'change': True}
2024-11-06 20:56:30,866 : INFO : EventManager : Event: ======'machine_var_master_volume'====== Args={'value': 0.5, 'prev_value': None, 'change': True}
2024-11-06 20:56:30,866 : INFO : EventManager : Event: ======'machine_var_player1_score'====== Args={'value': 16000, 'prev_value': None, 'change': True}
2024-11-06 20:56:30,866 : INFO : EventManager : Event: ======'machine_var_mpf_version'====== Args={'value': 'Mission Pinball Framework v0.80.0.dev5', 'prev_value': None, 'change': True}
2024-11-06 20:56:30,866 : INFO : EventManager : Event: ======'machine_var_mpf_extended_version'====== Args={'value': 'Mission Pinball Framework v0.80.0.dev5, Config version:6, Show version: 6, BCP version:1.1', 'prev_value': None, 'change': True}
2024-11-06 20:56:30,866 : INFO : EventManager : Event: ======'machine_var_python_version'====== Args={'value': '3.11.10', 'prev_value': None, 'change': True}
2024-11-06 20:56:30,867 : INFO : EventManager : Event: ======'machine_var_platform'====== Args={'value': 'Linux-6.8.0-48-generic-x86_64-with-glibc2.39', 'prev_value': None, 'change': True}
2024-11-06 20:56:30,867 : INFO : EventManager : Event: ======'machine_var_platform_system'====== Args={'value': 'Linux', 'prev_value': None, 'change': True}
2024-11-06 20:56:30,867 : INFO : EventManager : Event: ======'machine_var_platform_release'====== Args={'value': '6.8.0-48-generic', 'prev_value': None, 'change': True}
2024-11-06 20:56:30,867 : INFO : EventManager : Event: ======'machine_var_platform_version'====== Args={'value': '#48-Ubuntu SMP PREEMPT_DYNAMIC Fri Sep 27 14:04:52 UTC 2024', 'prev_value': None, 'change': True}
2024-11-06 20:56:30,867 : INFO : EventManager : Event: ======'machine_var_platform_machine'====== Args={'value': 'x86_64', 'prev_value': None, 'change': True}
2024-11-06 20:56:30,867 : INFO : EventManager : Event: ======'machine_var_log_file_path'====== Args={'value': '/home/caw/pinball/hauntedhouse/logs/2024-11-06-20-56-30-mpf-caw-System-Product-Name.log', 'prev_value': None, 'change': True}
2024-11-06 20:56:30,868 : INFO : EventManager : Event: ======'init_phase_1'====== Args={}
2024-11-06 20:56:30,884 : INFO : EventManager : Event: ======'drop_target_bank_upper_up'====== Args={}
2024-11-06 20:56:30,884 : INFO : EventManager : Event: ======'drop_target_bank_lower_up'====== Args={}
2024-11-06 20:56:30,884 : INFO : EventManager : Event: ======'init_phase_2'====== Args={}
2024-11-06 20:56:30,888 : INFO : EventManager : Event: ======'bcp_connection_attempt'====== Args={'name': 'local_display', 'host': 'localhost', 'port': 5050}
2024-11-06 20:56:30,888 : INFO : BCPClientSocket : Connecting BCP to 'local_display' at localhost:5050...
2024-11-06 20:56:47,427 : INFO : BCPClientSocket : Connected BCP to 'local_display' localhost:5050
2024-11-06 20:56:47,427 : INFO : EventManager : Event: ======'bcp_clients_connected'====== Args={}
2024-11-06 20:56:47,429 : INFO : ball_device.bd_drain : BCH: Initial count: 0
2024-11-06 20:56:47,429 : INFO : ball_device.bd_drain : State: idle
2024-11-06 20:56:47,429 : INFO : ball_device.bd_lower_vuk : BCH: Initial count: 0
2024-11-06 20:56:47,429 : INFO : ball_device.bd_lower_vuk : State: idle
2024-11-06 20:56:47,429 : INFO : ball_device.bd_lower_kickout_special : BCH: Initial count: 0
2024-11-06 20:56:47,429 : INFO : ball_device.bd_lower_kickout_special : State: idle
2024-11-06 20:56:47,430 : INFO : ball_device.bd_main_vuk : BCH: Initial count: 0
2024-11-06 20:56:47,430 : INFO : ball_device.bd_main_vuk : State: idle
2024-11-06 20:56:47,430 : INFO : ball_device.bd_main_kickout_right : BCH: Initial count: 0
2024-11-06 20:56:47,430 : INFO : ball_device.bd_main_kickout_right : State: idle
2024-11-06 20:56:47,430 : INFO : ball_device.bd_main_kickout_lane : BCH: Initial count: 0
2024-11-06 20:56:47,430 : INFO : ball_device.bd_main_kickout_lane : State: idle
2024-11-06 20:56:47,438 : INFO : EventManager : Event: ======'init_phase_3'====== Args={}
2024-11-06 20:56:47,441 : INFO : EventManager : Event: ======'init_phase_4'====== Args={}
2024-11-06 20:56:47,441 : INFO : BallController : Initial balls found: 0
2024-11-06 20:56:47,442 : INFO : EventManager : Event: ======'machine_var_audits_events_game_ended'====== Args={'value': 60, 'prev_value': None, 'change': True}
2024-11-06 20:56:47,442 : INFO : EventManager : Event: ======'machine_var_audits_events_game_started'====== Args={'value': 118, 'prev_value': None, 'change': True}
2024-11-06 20:56:47,442 : INFO : EventManager : Event: ======'machine_var_audits_missing_switches_s_left_flipper1'====== Args={'value': 8, 'prev_value': None, 'change': True}
2024-11-06 20:56:47,442 : INFO : EventManager : Event: ======'machine_var_audits_missing_switches_s_left_flipper2'====== Args={'value': 8, 'prev_value': None, 'change': True}
2024-11-06 20:56:47,442 : INFO : EventManager : Event: ======'machine_var_audits_missing_switches_s_lower_10pt_drops'====== Args={'value': 8, 'prev_value': None, 'change': True}
2024-11-06 20:56:47,442 : INFO : EventManager : Event: ======'machine_var_audits_missing_switches_s_lower_10pt_lower'====== Args={'value': 8, 'prev_value': None, 'change': True}
2024-11-06 20:56:47,442 : INFO : EventManager : Event: ======'machine_var_audits_missing_switches_s_lower_10pt_upper'====== Args={'value': 8, 'prev_value': None, 'change': True}
2024-11-06 20:56:47,442 : INFO : EventManager : Event: ======'machine_var_audits_missing_switches_s_lower_1_drop'====== Args={'value': 3, 'prev_value': None, 'change': True}
2024-11-06 20:56:47,442 : INFO : EventManager : Event: ======'machine_var_audits_missing_switches_s_lower_2_drop'====== Args={'value': 3, 'prev_value': None, 'change': True}
2024-11-06 20:56:47,442 : INFO : EventManager : Event: ======'machine_var_audits_missing_switches_s_lower_3_drop'====== Args={'value': 4, 'prev_value': None, 'change': True}
2024-11-06 20:56:47,442 : INFO : EventManager : Event: ======'machine_var_audits_missing_switches_s_lower_4_drop'====== Args={'value': 4, 'prev_value': None, 'change': True}
2024-11-06 20:56:47,442 : INFO : EventManager : Event: ======'machine_var_audits_missing_switches_s_lower_5_drop'====== Args={'value': 4, 'prev_value': None, 'change': True}
2024-11-06 20:56:47,442 : INFO : EventManager : Event: ======'machine_var_audits_missing_switches_s_lower_bonus_left'====== Args={'value': 8, 'prev_value': None, 'change': True}
2024-11-06 20:56:47,443 : INFO : EventManager : Event: ======'machine_var_audits_missing_switches_s_lower_bonus_right'====== Args={'value': 8, 'prev_value': None, 'change': True}
2024-11-06 20:56:47,443 : INFO : EventManager : Event: ======'machine_var_audits_missing_switches_s_lower_kick_target'====== Args={'value': 8, 'prev_value': None, 'change': True}
2024-11-06 20:56:47,443 : INFO : EventManager : Event: ======'machine_var_audits_missing_switches_s_lower_pop'====== Args={'value': 8, 'prev_value': None, 'change': True}
2024-11-06 20:56:47,443 : INFO : EventManager : Event: ======'machine_var_audits_missing_switches_s_lower_rollover'====== Args={'value': 8, 'prev_value': None, 'change': True}
2024-11-06 20:56:47,443 : INFO : EventManager : Event: ======'machine_var_audits_missing_switches_s_lower_slingshot'====== Args={'value': 8, 'prev_value': None, 'change': True}
2024-11-06 20:56:47,443 : INFO : EventManager : Event: ======'machine_var_audits_missing_switches_s_lower_vuk'====== Args={'value': 8, 'prev_value': None, 'change': True}
2024-11-06 20:56:47,443 : INFO : EventManager : Event: ======'machine_var_audits_missing_switches_s_main_1_trough'====== Args={'value': 8, 'prev_value': None, 'change': True}
2024-11-06 20:56:47,443 : INFO : EventManager : Event: ======'machine_var_audits_missing_switches_s_main_2_trough'====== Args={'value': 8, 'prev_value': None, 'change': True}
2024-11-06 20:56:47,443 : INFO : EventManager : Event: ======'machine_var_audits_missing_switches_s_main_3_target'====== Args={'value': 4, 'prev_value': None, 'change': True}
2024-11-06 20:56:47,443 : INFO : EventManager : Event: ======'machine_var_audits_missing_switches_s_main_4_target'====== Args={'value': 4, 'prev_value': None, 'change': True}
2024-11-06 20:56:47,443 : INFO : EventManager : Event: ======'machine_var_audits_missing_switches_s_main_inlane_left'====== Args={'value': 2, 'prev_value': None, 'change': True}
2024-11-06 20:56:47,443 : INFO : EventManager : Event: ======'machine_var_audits_missing_switches_s_main_inlane_right'====== Args={'value': 8, 'prev_value': None, 'change': True}
2024-11-06 20:56:47,443 : INFO : EventManager : Event: ======'machine_var_audits_missing_switches_s_main_kickout_right'====== Args={'value': 8, 'prev_value': None, 'change': True}
2024-11-06 20:56:47,443 : INFO : EventManager : Event: ======'machine_var_audits_missing_switches_s_main_lane_center'====== Args={'value': 8, 'prev_value': None, 'change': True}
2024-11-06 20:56:47,443 : INFO : EventManager : Event: ======'machine_var_audits_missing_switches_s_main_outlane_left'====== Args={'value': 8, 'prev_value': None, 'change': True}
2024-11-06 20:56:47,443 : INFO : EventManager : Event: ======'machine_var_audits_missing_switches_s_main_outlane_right'====== Args={'value': 8, 'prev_value': None, 'change': True}
2024-11-06 20:56:47,443 : INFO : EventManager : Event: ======'machine_var_audits_missing_switches_s_main_pop_top'====== Args={'value': 8, 'prev_value': None, 'change': True}
2024-11-06 20:56:47,443 : INFO : EventManager : Event: ======'machine_var_audits_missing_switches_s_main_rollunder'====== Args={'value': 8, 'prev_value': None, 'change': True}
2024-11-06 20:56:47,444 : INFO : EventManager : Event: ======'machine_var_audits_missing_switches_s_main_secret_trough'====== Args={'value': 8, 'prev_value': None, 'change': True}
2024-11-06 20:56:47,444 : INFO : EventManager : Event: ======'machine_var_audits_missing_switches_s_main_slingshot'====== Args={'value': 8, 'prev_value': None, 'change': True}
2024-11-06 20:56:47,444 : INFO : EventManager : Event: ======'machine_var_audits_missing_switches_s_main_target_right'====== Args={'value': 8, 'prev_value': None, 'change': True}
2024-11-06 20:56:47,444 : INFO : EventManager : Event: ======'machine_var_audits_missing_switches_s_main_trapdoor_trough'====== Args={'value': 8, 'prev_value': None, 'change': True}
2024-11-06 20:56:47,444 : INFO : EventManager : Event: ======'machine_var_audits_missing_switches_s_main_vuk'====== Args={'value': 8, 'prev_value': None, 'change': True}
2024-11-06 20:56:47,444 : INFO : EventManager : Event: ======'machine_var_audits_missing_switches_s_right_flipper1'====== Args={'value': 8, 'prev_value': None, 'change': True}
2024-11-06 20:56:47,444 : INFO : EventManager : Event: ======'machine_var_audits_missing_switches_s_right_flipper2'====== Args={'value': 8, 'prev_value': None, 'change': True}
2024-11-06 20:56:47,444 : INFO : EventManager : Event: ======'machine_var_audits_missing_switches_s_start'====== Args={'value': 2, 'prev_value': None, 'change': True}
2024-11-06 20:56:47,444 : INFO : EventManager : Event: ======'machine_var_audits_missing_switches_s_upper_10pt_center'====== Args={'value': 8, 'prev_value': None, 'change': True}
2024-11-06 20:56:47,444 : INFO : EventManager : Event: ======'machine_var_audits_missing_switches_s_upper_10pt_left'====== Args={'value': 8, 'prev_value': None, 'change': True}
2024-11-06 20:56:47,444 : INFO : EventManager : Event: ======'machine_var_audits_missing_switches_s_upper_1_drop'====== Args={'value': 8, 'prev_value': None, 'change': True}
2024-11-06 20:56:47,444 : INFO : EventManager : Event: ======'machine_var_audits_missing_switches_s_upper_1_target'====== Args={'value': 4, 'prev_value': None, 'change': True}
2024-11-06 20:56:47,444 : INFO : EventManager : Event: ======'machine_var_audits_missing_switches_s_upper_2_drop'====== Args={'value': 8, 'prev_value': None, 'change': True}
2024-11-06 20:56:47,444 : INFO : EventManager : Event: ======'machine_var_audits_missing_switches_s_upper_2_target'====== Args={'value': 4, 'prev_value': None, 'change': True}
2024-11-06 20:56:47,444 : INFO : EventManager : Event: ======'machine_var_audits_missing_switches_s_upper_3_drop'====== Args={'value': 8, 'prev_value': None, 'change': True}
2024-11-06 20:56:47,444 : INFO : EventManager : Event: ======'machine_var_audits_missing_switches_s_upper_3_target'====== Args={'value': 4, 'prev_value': None, 'change': True}
2024-11-06 20:56:47,445 : INFO : EventManager : Event: ======'machine_var_audits_missing_switches_s_upper_4_drop'====== Args={'value': 8, 'prev_value': None, 'change': True}
2024-11-06 20:56:47,445 : INFO : EventManager : Event: ======'machine_var_audits_missing_switches_s_upper_4_target'====== Args={'value': 4, 'prev_value': None, 'change': True}
2024-11-06 20:56:47,445 : INFO : EventManager : Event: ======'machine_var_audits_missing_switches_s_upper_pop'====== Args={'value': 8, 'prev_value': None, 'change': True}
2024-11-06 20:56:47,445 : INFO : EventManager : Event: ======'machine_var_audits_player_score'====== Args={'value': {'average': 30487, 'top': [211150, 162330, 120480, 114590, 92630, 78890, 76090, 75800, 75650, 71920], 'total': 63}, 'prev_value': None, 'change': True}
2024-11-06 20:56:47,445 : INFO : EventManager : Event: ======'machine_var_audits_shots_10pt'====== Args={'value': 220, 'prev_value': None, 'change': True}
2024-11-06 20:56:47,445 : INFO : EventManager : Event: ======'machine_var_audits_shots_left_inlane'====== Args={'value': 22, 'prev_value': None, 'change': True}
2024-11-06 20:56:47,445 : INFO : EventManager : Event: ======'machine_var_audits_shots_left_outlane'====== Args={'value': 11, 'prev_value': None, 'change': True}
2024-11-06 20:56:47,445 : INFO : EventManager : Event: ======'machine_var_audits_shots_lower_10pt_drops'====== Args={'value': 34, 'prev_value': None, 'change': True}
2024-11-06 20:56:47,445 : INFO : EventManager : Event: ======'machine_var_audits_shots_lower_10pt_lower'====== Args={'value': 11, 'prev_value': None, 'change': True}
2024-11-06 20:56:47,445 : INFO : EventManager : Event: ======'machine_var_audits_shots_lower_10pt_upper'====== Args={'value': 12, 'prev_value': None, 'change': True}
2024-11-06 20:56:47,445 : INFO : EventManager : Event: ======'machine_var_audits_shots_lower_1_drop'====== Args={'value': 43, 'prev_value': None, 'change': True}
2024-11-06 20:56:47,445 : INFO : EventManager : Event: ======'machine_var_audits_shots_lower_2_drop'====== Args={'value': 10, 'prev_value': None, 'change': True}
2024-11-06 20:56:47,445 : INFO : EventManager : Event: ======'machine_var_audits_shots_lower_3_drop'====== Args={'value': 11, 'prev_value': None, 'change': True}
2024-11-06 20:56:47,445 : INFO : EventManager : Event: ======'machine_var_audits_shots_lower_4_drop'====== Args={'value': 16, 'prev_value': None, 'change': True}
2024-11-06 20:56:47,446 : INFO : EventManager : Event: ======'machine_var_audits_shots_lower_5_drop'====== Args={'value': 15, 'prev_value': None, 'change': True}
2024-11-06 20:56:47,446 : INFO : EventManager : Event: ======'machine_var_audits_shots_lower_hole'====== Args={'value': 21, 'prev_value': None, 'change': True}
2024-11-06 20:56:47,446 : INFO : EventManager : Event: ======'machine_var_audits_shots_lower_kick_target'====== Args={'value': 2, 'prev_value': None, 'change': True}
2024-11-06 20:56:47,446 : INFO : EventManager : Event: ======'machine_var_audits_shots_lower_left'====== Args={'value': 7, 'prev_value': None, 'change': True}
2024-11-06 20:56:47,446 : INFO : EventManager : Event: ======'machine_var_audits_shots_lower_left_pop'====== Args={'value': 171, 'prev_value': None, 'change': True}
2024-11-06 20:56:47,446 : INFO : EventManager : Event: ======'machine_var_audits_shots_lower_pop'====== Args={'value': 27, 'prev_value': None, 'change': True}
2024-11-06 20:56:47,446 : INFO : EventManager : Event: ======'machine_var_audits_shots_lower_right'====== Args={'value': 4, 'prev_value': None, 'change': True}
2024-11-06 20:56:47,446 : INFO : EventManager : Event: ======'machine_var_audits_shots_lower_rollover'====== Args={'value': 27, 'prev_value': None, 'change': True}
2024-11-06 20:56:47,446 : INFO : EventManager : Event: ======'machine_var_audits_shots_lower_slingshot'====== Args={'value': 17, 'prev_value': None, 'change': True}
2024-11-06 20:56:47,446 : INFO : EventManager : Event: ======'machine_var_audits_shots_main_1'====== Args={'value': 26, 'prev_value': None, 'change': True}
2024-11-06 20:56:47,446 : INFO : EventManager : Event: ======'machine_var_audits_shots_main_2'====== Args={'value': 28, 'prev_value': None, 'change': True}
2024-11-06 20:56:47,446 : INFO : EventManager : Event: ======'machine_var_audits_shots_main_3'====== Args={'value': 25, 'prev_value': None, 'change': True}
2024-11-06 20:56:47,447 : INFO : EventManager : Event: ======'machine_var_audits_shots_main_4'====== Args={'value': 27, 'prev_value': None, 'change': True}
2024-11-06 20:56:47,447 : INFO : EventManager : Event: ======'machine_var_audits_shots_main_5'====== Args={'value': 21, 'prev_value': None, 'change': True}
2024-11-06 20:56:47,447 : INFO : EventManager : Event: ======'machine_var_audits_shots_main_slingshot'====== Args={'value': 33, 'prev_value': None, 'change': True}
2024-11-06 20:56:47,447 : INFO : EventManager : Event: ======'machine_var_audits_shots_right_inlane'====== Args={'value': 68, 'prev_value': None, 'change': True}
2024-11-06 20:56:47,447 : INFO : EventManager : Event: ======'machine_var_audits_shots_right_kickout'====== Args={'value': 32, 'prev_value': None, 'change': True}
2024-11-06 20:56:47,447 : INFO : EventManager : Event: ======'machine_var_audits_shots_right_outlane'====== Args={'value': 43, 'prev_value': None, 'change': True}
2024-11-06 20:56:47,447 : INFO : EventManager : Event: ======'machine_var_audits_shots_rollunder'====== Args={'value': 87, 'prev_value': None, 'change': True}
2024-11-06 20:56:47,447 : INFO : EventManager : Event: ======'machine_var_audits_shots_standup_right'====== Args={'value': 88, 'prev_value': None, 'change': True}
2024-11-06 20:56:47,447 : INFO : EventManager : Event: ======'machine_var_audits_shots_upper_1'====== Args={'value': 31, 'prev_value': None, 'change': True}
2024-11-06 20:56:47,448 : INFO : EventManager : Event: ======'machine_var_audits_shots_upper_1_drop'====== Args={'value': 49, 'prev_value': None, 'change': True}
2024-11-06 20:56:47,448 : INFO : EventManager : Event: ======'machine_var_audits_shots_upper_2'====== Args={'value': 58, 'prev_value': None, 'change': True}
2024-11-06 20:56:47,448 : INFO : EventManager : Event: ======'machine_var_audits_shots_upper_2_drop'====== Args={'value': 35, 'prev_value': None, 'change': True}
2024-11-06 20:56:47,448 : INFO : EventManager : Event: ======'machine_var_audits_shots_upper_3'====== Args={'value': 24, 'prev_value': None, 'change': True}
2024-11-06 20:56:47,448 : INFO : EventManager : Event: ======'machine_var_audits_shots_upper_3_drop'====== Args={'value': 53, 'prev_value': None, 'change': True}
2024-11-06 20:56:47,448 : INFO : EventManager : Event: ======'machine_var_audits_shots_upper_4'====== Args={'value': 20, 'prev_value': None, 'change': True}
2024-11-06 20:56:47,448 : INFO : EventManager : Event: ======'machine_var_audits_shots_upper_4_drop'====== Args={'value': 66, 'prev_value': None, 'change': True}
2024-11-06 20:56:47,448 : INFO : EventManager : Event: ======'machine_var_audits_shots_upper_left_pop'====== Args={'value': 51, 'prev_value': None, 'change': True}
2024-11-06 20:56:47,448 : INFO : EventManager : Event: ======'machine_var_audits_shots_upper_pop'====== Args={'value': 524, 'prev_value': None, 'change': True}
2024-11-06 20:56:47,448 : INFO : EventManager : Event: ======'machine_var_audits_switches_s_left_flipper1'====== Args={'value': 328, 'prev_value': None, 'change': True}
2024-11-06 20:56:47,448 : INFO : EventManager : Event: ======'machine_var_audits_switches_s_left_flipper2'====== Args={'value': 389, 'prev_value': None, 'change': True}
2024-11-06 20:56:47,449 : INFO : EventManager : Event: ======'machine_var_audits_switches_s_lower_10pt_UPPER'====== Args={'value': 0, 'prev_value': None, 'change': True}
2024-11-06 20:56:47,449 : INFO : EventManager : Event: ======'machine_var_audits_switches_s_lower_10pt_drops'====== Args={'value': 34, 'prev_value': None, 'change': True}
2024-11-06 20:56:47,449 : INFO : EventManager : Event: ======'machine_var_audits_switches_s_lower_10pt_lower'====== Args={'value': 11, 'prev_value': None, 'change': True}
2024-11-06 20:56:47,449 : INFO : EventManager : Event: ======'machine_var_audits_switches_s_lower_10pt_upper'====== Args={'value': 12, 'prev_value': None, 'change': True}
2024-11-06 20:56:47,449 : INFO : EventManager : Event: ======'machine_var_audits_switches_s_lower_1_drop'====== Args={'value': 398, 'prev_value': None, 'change': True}
2024-11-06 20:56:47,449 : INFO : EventManager : Event: ======'machine_var_audits_switches_s_lower_2_drop'====== Args={'value': 10, 'prev_value': None, 'change': True}
2024-11-06 20:56:47,449 : INFO : EventManager : Event: ======'machine_var_audits_switches_s_lower_3_drop'====== Args={'value': 11, 'prev_value': None, 'change': True}
2024-11-06 20:56:47,449 : INFO : EventManager : Event: ======'machine_var_audits_switches_s_lower_4_drop'====== Args={'value': 16, 'prev_value': None, 'change': True}
2024-11-06 20:56:47,449 : INFO : EventManager : Event: ======'machine_var_audits_switches_s_lower_5_drop'====== Args={'value': 15, 'prev_value': None, 'change': True}
2024-11-06 20:56:47,449 : INFO : EventManager : Event: ======'machine_var_audits_switches_s_lower_bonus_left'====== Args={'value': 7, 'prev_value': None, 'change': True}
2024-11-06 20:56:47,450 : INFO : EventManager : Event: ======'machine_var_audits_switches_s_lower_bonus_right'====== Args={'value': 4, 'prev_value': None, 'change': True}
2024-11-06 20:56:47,450 : INFO : EventManager : Event: ======'machine_var_audits_switches_s_lower_kick_target'====== Args={'value': 2, 'prev_value': None, 'change': True}
2024-11-06 20:56:47,450 : INFO : EventManager : Event: ======'machine_var_audits_switches_s_lower_kickout_special'====== Args={'value': 21, 'prev_value': None, 'change': True}
2024-11-06 20:56:47,450 : INFO : EventManager : Event: ======'machine_var_audits_switches_s_lower_pop'====== Args={'value': 27, 'prev_value': None, 'change': True}
2024-11-06 20:56:47,450 : INFO : EventManager : Event: ======'machine_var_audits_switches_s_lower_rollover'====== Args={'value': 55, 'prev_value': None, 'change': True}
2024-11-06 20:56:47,450 : INFO : EventManager : Event: ======'machine_var_audits_switches_s_lower_slingshot'====== Args={'value': 17, 'prev_value': None, 'change': True}
2024-11-06 20:56:47,450 : INFO : EventManager : Event: ======'machine_var_audits_switches_s_lower_vuk'====== Args={'value': 220, 'prev_value': None, 'change': True}
2024-11-06 20:56:47,450 : INFO : EventManager : Event: ======'machine_var_audits_switches_s_main_10pt_left'====== Args={'value': 25, 'prev_value': None, 'change': True}
2024-11-06 20:56:47,450 : INFO : EventManager : Event: ======'machine_var_audits_switches_s_main_1_target'====== Args={'value': 53, 'prev_value': None, 'change': True}
2024-11-06 20:56:47,450 : INFO : EventManager : Event: ======'machine_var_audits_switches_s_main_1_trough'====== Args={'value': 33, 'prev_value': None, 'change': True}
2024-11-06 20:56:47,451 : INFO : EventManager : Event: ======'machine_var_audits_switches_s_main_2_target'====== Args={'value': 51, 'prev_value': None, 'change': True}
2024-11-06 20:56:47,451 : INFO : EventManager : Event: ======'machine_var_audits_switches_s_main_2_trough'====== Args={'value': 59, 'prev_value': None, 'change': True}
2024-11-06 20:56:47,451 : INFO : EventManager : Event: ======'machine_var_audits_switches_s_main_3_target'====== Args={'value': 25, 'prev_value': None, 'change': True}
2024-11-06 20:56:47,451 : INFO : EventManager : Event: ======'machine_var_audits_switches_s_main_4_target'====== Args={'value': 43, 'prev_value': None, 'change': True}
2024-11-06 20:56:47,451 : INFO : EventManager : Event: ======'machine_var_audits_switches_s_main_5_target'====== Args={'value': 55, 'prev_value': None, 'change': True}
2024-11-06 20:56:47,451 : INFO : EventManager : Event: ======'machine_var_audits_switches_s_main_inlane_left'====== Args={'value': 25, 'prev_value': None, 'change': True}
2024-11-06 20:56:47,451 : INFO : EventManager : Event: ======'machine_var_audits_switches_s_main_inlane_right'====== Args={'value': 73, 'prev_value': None, 'change': True}
2024-11-06 20:56:47,451 : INFO : EventManager : Event: ======'machine_var_audits_switches_s_main_kickout_right'====== Args={'value': 130, 'prev_value': None, 'change': True}
2024-11-06 20:56:47,451 : INFO : EventManager : Event: ======'machine_var_audits_switches_s_main_lane_center'====== Args={'value': 95, 'prev_value': None, 'change': True}
2024-11-06 20:56:47,452 : INFO : EventManager : Event: ======'machine_var_audits_switches_s_main_outhole'====== Args={'value': 411, 'prev_value': None, 'change': True}
2024-11-06 20:56:47,452 : INFO : EventManager : Event: ======'machine_var_audits_switches_s_main_outlane_left'====== Args={'value': 18, 'prev_value': None, 'change': True}
2024-11-06 20:56:47,452 : INFO : EventManager : Event: ======'machine_var_audits_switches_s_main_outlane_right'====== Args={'value': 44, 'prev_value': None, 'change': True}
2024-11-06 20:56:47,452 : INFO : EventManager : Event: ======'machine_var_audits_switches_s_main_pop_bottom'====== Args={'value': 199, 'prev_value': None, 'change': True}
2024-11-06 20:56:47,452 : INFO : EventManager : Event: ======'machine_var_audits_switches_s_main_pop_top'====== Args={'value': 116, 'prev_value': None, 'change': True}
2024-11-06 20:56:47,452 : INFO : EventManager : Event: ======'machine_var_audits_switches_s_main_rollunder'====== Args={'value': 87, 'prev_value': None, 'change': True}
2024-11-06 20:56:47,452 : INFO : EventManager : Event: ======'machine_var_audits_switches_s_main_roundabout_rollunder'====== Args={'value': 52, 'prev_value': None, 'change': True}
2024-11-06 20:56:47,453 : INFO : EventManager : Event: ======'machine_var_audits_switches_s_main_secret_trough'====== Args={'value': 28, 'prev_value': None, 'change': True}
2024-11-06 20:56:47,453 : INFO : EventManager : Event: ======'machine_var_audits_switches_s_main_slingshot'====== Args={'value': 228, 'prev_value': None, 'change': True}
2024-11-06 20:56:47,453 : INFO : EventManager : Event: ======'machine_var_audits_switches_s_main_target_right'====== Args={'value': 141, 'prev_value': None, 'change': True}
2024-11-06 20:56:47,453 : INFO : EventManager : Event: ======'machine_var_audits_switches_s_main_trapdoor_trough'====== Args={'value': 0, 'prev_value': None, 'change': True}
2024-11-06 20:56:47,453 : INFO : EventManager : Event: ======'machine_var_audits_switches_s_main_vuk'====== Args={'value': 257, 'prev_value': None, 'change': True}
2024-11-06 20:56:47,453 : INFO : EventManager : Event: ======'machine_var_audits_switches_s_right_flipper1'====== Args={'value': 296, 'prev_value': None, 'change': True}
2024-11-06 20:56:47,453 : INFO : EventManager : Event: ======'machine_var_audits_switches_s_right_flipper2'====== Args={'value': 349, 'prev_value': None, 'change': True}
2024-11-06 20:56:47,453 : INFO : EventManager : Event: ======'machine_var_audits_switches_s_start'====== Args={'value': 7, 'prev_value': None, 'change': True}
2024-11-06 20:56:47,454 : INFO : EventManager : Event: ======'machine_var_audits_switches_s_upper_10pt_center'====== Args={'value': 185, 'prev_value': None, 'change': True}
2024-11-06 20:56:47,454 : INFO : EventManager : Event: ======'machine_var_audits_switches_s_upper_10pt_left'====== Args={'value': 119, 'prev_value': None, 'change': True}
2024-11-06 20:56:47,454 : INFO : EventManager : Event: ======'machine_var_audits_switches_s_upper_1_drop'====== Args={'value': 57, 'prev_value': None, 'change': True}
2024-11-06 20:56:47,454 : INFO : EventManager : Event: ======'machine_var_audits_switches_s_upper_1_target'====== Args={'value': 92, 'prev_value': None, 'change': True}
2024-11-06 20:56:47,454 : INFO : EventManager : Event: ======'machine_var_audits_switches_s_upper_2_drop'====== Args={'value': 52, 'prev_value': None, 'change': True}
2024-11-06 20:56:47,454 : INFO : EventManager : Event: ======'machine_var_audits_switches_s_upper_2_target'====== Args={'value': 144, 'prev_value': None, 'change': True}
2024-11-06 20:56:47,454 : INFO : EventManager : Event: ======'machine_var_audits_switches_s_upper_3_drop'====== Args={'value': 63, 'prev_value': None, 'change': True}
2024-11-06 20:56:47,454 : INFO : EventManager : Event: ======'machine_var_audits_switches_s_upper_3_target'====== Args={'value': 61, 'prev_value': None, 'change': True}
2024-11-06 20:56:47,455 : INFO : EventManager : Event: ======'machine_var_audits_switches_s_upper_4_drop'====== Args={'value': 84, 'prev_value': None, 'change': True}
2024-11-06 20:56:47,455 : INFO : EventManager : Event: ======'machine_var_audits_switches_s_upper_4_target'====== Args={'value': 58, 'prev_value': None, 'change': True}
2024-11-06 20:56:47,455 : INFO : EventManager : Event: ======'machine_var_audits_switches_s_upper_pop'====== Args={'value': 756, 'prev_value': None, 'change': True}
2024-11-06 20:56:47,455 : INFO : EventManager : Event: ======'init_phase_5'====== Args={}
2024-11-06 20:56:47,458 : INFO : EventManager : Event: ======'init_done'====== Args={}
2024-11-06 20:56:47,458 : INFO : EventManager : Event: ======'machine_reset_phase_1'====== Args={}
2024-11-06 20:56:47,466 : INFO : EventManager : Event: ======'machine_reset_phase_2'====== Args={}
2024-11-06 20:56:47,466 : INFO : EventManager : Event: ======'machine_reset_phase_3'====== Args={}
2024-11-06 20:56:47,466 : INFO : drop_target_bank.upper : All targets are already up. Will not reset bank.
2024-11-06 20:56:47,466 : INFO : drop_target_bank.lower : All targets are already up. Will not reset bank.
2024-11-06 20:56:47,466 : INFO : EventManager : Event: ======'reset_complete'====== Args={}
2024-11-06 20:56:47,467 : INFO : EventManager : Event: ======'mode_attract_will_start'====== Args={}
2024-11-06 20:56:47,467 : INFO : EventManager : Event: ======'mode_attract_starting'====== Args={}
2024-11-06 20:56:47,467 : INFO : Mode.attract : Started. Priority: 10
2024-11-06 20:56:47,467 : INFO : EventManager : Event: ======'modes_active_modes_changed'====== Args={}
2024-11-06 20:56:47,467 : INFO : EventManager : Event: ======'mode_attract_started'====== Args={}
2024-11-06 20:56:47,467 : INFO : EventManager : Event: ======'collecting_balls_complete'====== Args={}
2024-11-06 20:56:47,469 : INFO : Machine : Starting the main run loop with active modes: [<Mode.attract>]
2024-11-06 20:56:47,480 : INFO : EventManager : Event: ======'slide_attract_created'====== Args={'_from_bcp': True}
2024-11-06 20:56:47,520 : INFO : EventManager : Event: ======'slide__removed'====== Args={'_from_bcp': True}
2024-11-06 20:56:47,520 : INFO : EventManager : Event: ======'slide_attract_active'====== Args={'original_context': 'attract', 'original_calling_context': 'mode_attract_started', 'priority': 10.0, 'cmd': 'slides_play', '_from_bcp': True}
2024-11-06 20:56:48,086 : INFO : BcpServer : New client connected.
2024-11-06 20:58:17,438 : INFO : SwitchController : <<<<<<< 's_main_1_trough' active >>>>>>>
2024-11-06 20:58:17,438 : INFO : EventManager : Event: ======'playfield_active'====== Args={'source': 'main_trough_1'}
2024-11-06 20:58:17,438 : INFO : EventManager : Event: ======'unexpected_ball_on_playfield'====== Args={}
2024-11-06 20:58:17,438 : INFO : EventManager : Event: ======'sw_playfield_active'====== Args={}
2024-11-06 20:58:17,439 : INFO : EventManager : Event: ======'playfield_active'====== Args={'source': None}
2024-11-06 20:58:17,439 : INFO : EventManager : Event: ======'unexpected_ball_on_playfield'====== Args={}
2024-11-06 20:58:17,549 : INFO : SwitchController : <<<<<<< 's_main_1_trough' inactive >>>>>>>
2024-11-06 20:58:18,277 : INFO : SwitchController : <<<<<<< 's_main_1_trough' active >>>>>>>
2024-11-06 20:58:18,277 : INFO : EventManager : Event: ======'playfield_active'====== Args={'source': 'main_trough_1'}
2024-11-06 20:58:18,277 : INFO : EventManager : Event: ======'unexpected_ball_on_playfield'====== Args={}
2024-11-06 20:58:18,277 : INFO : EventManager : Event: ======'sw_playfield_active'====== Args={}
2024-11-06 20:58:18,278 : INFO : EventManager : Event: ======'playfield_active'====== Args={'source': None}
2024-11-06 20:58:18,278 : INFO : EventManager : Event: ======'unexpected_ball_on_playfield'====== Args={}
2024-11-06 20:58:18,397 : INFO : SwitchController : <<<<<<< 's_main_1_trough' inactive >>>>>>>
2024-11-06 20:58:45,718 : INFO : SwitchController : <<<<<<< 's_main_outhole' active >>>>>>>
2024-11-06 20:58:46,219 : INFO : EventManager : Event: ======'balldevice_bd_drain_ball_count_changed'====== Args={'balls': 1}
2024-11-06 20:58:46,219 : INFO : ball_device.bd_drain : Received unexpected ball
2024-11-06 20:58:46,219 : INFO : EventManager : Event: ======'balldevice_captured_from_playfield'====== Args={'balls': 1}
2024-11-06 20:58:46,219 : INFO : EventManager : Event: ======'sw_playfield_active'====== Args={'balls': 1}
2024-11-06 20:58:46,220 : INFO : EventManager : Event: ======'playfield_active'====== Args={'source': None}
2024-11-06 20:58:46,220 : INFO : EventManager : Event: ======'unexpected_ball_on_playfield'====== Args={}
2024-11-06 20:58:46,220 : INFO : EventManager : Event: ======'playfield_ball_count_change'====== Args={'balls': -1, 'change': -1}
2024-11-06 20:58:46,220 : INFO : EventManager : Event: ======'balldevice_playfield_ball_enter'====== Args={'new_balls': 1, 'unclaimed_balls': 1, 'device': <playfield.playfield>}
2024-11-06 20:58:46,220 : INFO : EventManager : Event: ======'playfield_ball_count_change'====== Args={'balls': 0, 'change': 1}
2024-11-06 20:58:46,221 : INFO : BallController : Found a new ball which was captured from playfield. Known balls: 1
2024-11-06 20:58:46,221 : INFO : EventManager : Event: ======'found_new_ball'====== Args={}
2024-11-06 20:58:46,221 : INFO : EventManager : Event: ======'balldevice_bd_drain_ball_enter'====== Args={'new_balls': 1, 'unclaimed_balls': 1, 'new_available_balls': 1, 'device': <ball_device.bd_drain>}
2024-11-06 20:58:46,221 : INFO : EventManager : Event: ======'ball_drain'====== Args={'device': <ball_device.bd_drain>, 'balls': 1}
2024-11-06 20:58:46,221 : INFO : EventManager : Event: ======'balldevice_balls_available'====== Args={}
2024-11-06 20:58:46,221 : INFO : EventManager : Event: ======'balldevice_bd_drain_ball_entered'====== Args={'new_balls': 1, 'device': <ball_device.bd_drain>}
2024-11-06 20:58:51,053 : INFO : SwitchController : <<<<<<< 's_start' active >>>>>>>
2024-11-06 20:58:51,172 : INFO : SwitchController : <<<<<<< 's_start' inactive >>>>>>>
2024-11-06 20:58:51,173 : INFO : EventManager : Event: ======'request_to_start_game'====== Args={}
2024-11-06 20:58:51,173 : INFO : EventManager : Event: ======'game_start'====== Args={'buttons': [], 'hold_time': 0.119308053000168}
2024-11-06 20:58:51,173 : INFO : EventManager : Event: ======'mode_game_will_start'====== Args={'buttons': [], 'hold_time': 0.119308053000168}
2024-11-06 20:58:51,174 : INFO : EventManager : Event: ======'mode_game_starting'====== Args={'buttons': [], 'hold_time': 0.119308053000168}
2024-11-06 20:58:51,174 : INFO : EventManager : Event: ======'mode_attract_will_stop'====== Args={}
2024-11-06 20:58:51,174 : INFO : EventManager : Event: ======'mode_attract_stopping'====== Args={}
2024-11-06 20:58:51,174 : INFO : Mode.attract : Stopped.
2024-11-06 20:58:51,174 : INFO : EventManager : Event: ======'modes_active_modes_changed'====== Args={}
2024-11-06 20:58:51,175 : INFO : EventManager : Event: ======'mode_attract_stopped'====== Args={}
2024-11-06 20:58:51,175 : INFO : EventManager : Event: ======'clear'====== Args={'key': 'attract'}
2024-11-06 20:58:51,175 : INFO : Mode.game : Started. Priority: 20
2024-11-06 20:58:51,175 : INFO : EventManager : Event: ======'modes_active_modes_changed'====== Args={}
2024-11-06 20:58:51,175 : INFO : EventManager : Event: ======'mode_game_started'====== Args={'buttons': [], 'hold_time': 0.119308053000168}
2024-11-06 20:58:51,176 : INFO : EventManager : Event: ======'game_will_start'====== Args={}
2024-11-06 20:58:51,176 : INFO : EventManager : Event: ======'game_starting'====== Args={'game': <Mode.game>}
2024-11-06 20:58:51,176 : INFO : EventManager : Unordered handler for class <Auditor> on event game_ended with priority 1. Handlers: [RegisteredHandler(callback=<bound method Auditor.disable of <Auditor>>, priority=1, kwargs={}, key=UUID('9d2bc846-ae4b-4a01-8510-dfa82d8e89d9'), condition=None, blocking_facility=None), RegisteredHandler(callback=<bound method Auditor._save_audits of <Auditor>>, priority=1, kwargs={}, key=UUID('7bbeef74-6183-44b0-aed4-903befa97e82'), condition=None, blocking_facility=None)]. The order of those handlers is not defined and they will be executed in random order. This might lead to race conditions and potential bugs.
2024-11-06 20:58:51,176 : INFO : EventManager : Event: ======'player_add_request'====== Args={}
2024-11-06 20:58:51,176 : INFO : EventManager : Event: ======'player_will_add'====== Args={'number': 1}
2024-11-06 20:58:51,177 : INFO : EventManager : Event: ======'player_adding'====== Args={'player': <Player 1>, 'number': 1}
2024-11-06 20:58:51,177 : INFO : EventManager : Event: ======'player_added'====== Args={'player': <Player 1>, 'num': 1}
2024-11-06 20:58:51,177 : INFO : Mode.game : Player added successfully. Total players: 1
2024-11-06 20:58:51,177 : INFO : EventManager : Event: ======'player_index'====== Args={'value': 0, 'prev_value': 0, 'change': 0, 'player_num': 1}
2024-11-06 20:58:51,177 : INFO : EventManager : Event: ======'player_number'====== Args={'value': 1, 'prev_value': 1, 'change': 0, 'player_num': 1}
2024-11-06 20:58:51,177 : INFO : EventManager : Event: ======'player_score'====== Args={'value': 0, 'prev_value': 0, 'change': 0, 'player_num': 1}
2024-11-06 20:58:51,178 : INFO : EventManager : Event: ======'game_started'====== Args={}
2024-11-06 20:58:51,178 : INFO : EventManager : Event: ======'player_turn_will_start'====== Args={'player': <Player 1>, 'number': 1}
2024-11-06 20:58:51,178 : INFO : EventManager : Event: ======'player_turn_starting'====== Args={'player': <Player 1>, 'number': 1}
2024-11-06 20:58:51,183 : INFO : EventManager : Event: ======'player_ball'====== Args={'value': 1, 'prev_value': 0, 'change': 1, 'player_num': 1}
2024-11-06 20:58:51,183 : INFO : EventManager : Event: ======'player_turn_started'====== Args={'player': <Player 1>, 'number': 1}
2024-11-06 20:58:51,186 : INFO : EventManager : Event: ======'ball_will_start'====== Args={'player': 1, 'ball': 1, 'balls_remaining': 2, 'is_extra_ball': False}
2024-11-06 20:58:51,186 : INFO : EventManager : Event: ======'ball_starting'====== Args={'player': 1, 'ball': 1, 'balls_remaining': 2, 'is_extra_ball': False}
2024-11-06 20:58:51,186 : INFO : EventManager : Event: ======'mode_base_will_start'====== Args={'queue': <QueuedEvent>, 'player': 1, 'ball': 1, 'balls_remaining': 2, 'is_extra_ball': False}
2024-11-06 20:58:51,187 : INFO : EventManager : Event: ======'player_shot_upper_pop_enabled'====== Args={'value': True, 'prev_value': 0, 'change': 1, 'player_num': 1}
2024-11-06 20:58:51,187 : INFO : EventManager : Event: ======'player_shot_lower_left_pop_enabled'====== Args={'value': True, 'prev_value': 0, 'change': 1, 'player_num': 1}
2024-11-06 20:58:51,187 : INFO : EventManager : Event: ======'player_shot_upper_left_pop_enabled'====== Args={'value': True, 'prev_value': 0, 'change': 1, 'player_num': 1}
2024-11-06 20:58:51,188 : INFO : EventManager : Event: ======'player_shot_10pt_enabled'====== Args={'value': True, 'prev_value': 0, 'change': 1, 'player_num': 1}
2024-11-06 20:58:51,188 : INFO : EventManager : Event: ======'player_shot_upper_1_enabled'====== Args={'value': True, 'prev_value': 0, 'change': 1, 'player_num': 1}
2024-11-06 20:58:51,188 : INFO : EventManager : Event: ======'player_shot_upper_2_enabled'====== Args={'value': True, 'prev_value': 0, 'change': 1, 'player_num': 1}
2024-11-06 20:58:51,189 : INFO : EventManager : Event: ======'player_shot_upper_3_enabled'====== Args={'value': True, 'prev_value': 0, 'change': 1, 'player_num': 1}
2024-11-06 20:58:51,189 : INFO : EventManager : Event: ======'player_shot_upper_4_enabled'====== Args={'value': True, 'prev_value': 0, 'change': 1, 'player_num': 1}
2024-11-06 20:58:51,189 : INFO : EventManager : Event: ======'player_shot_upper_1_drop_enabled'====== Args={'value': True, 'prev_value': 0, 'change': 1, 'player_num': 1}
2024-11-06 20:58:51,190 : INFO : EventManager : Event: ======'player_shot_upper_2_drop_enabled'====== Args={'value': True, 'prev_value': 0, 'change': 1, 'player_num': 1}
2024-11-06 20:58:51,190 : INFO : EventManager : Event: ======'player_shot_upper_3_drop_enabled'====== Args={'value': True, 'prev_value': 0, 'change': 1, 'player_num': 1}
2024-11-06 20:58:51,190 : INFO : EventManager : Event: ======'player_shot_upper_4_drop_enabled'====== Args={'value': True, 'prev_value': 0, 'change': 1, 'player_num': 1}
2024-11-06 20:58:51,191 : INFO : EventManager : Event: ======'player_shot_lower_1_drop_enabled'====== Args={'value': True, 'prev_value': 0, 'change': 1, 'player_num': 1}
2024-11-06 20:58:51,191 : INFO : EventManager : Event: ======'player_shot_lower_2_drop_enabled'====== Args={'value': True, 'prev_value': 0, 'change': 1, 'player_num': 1}
2024-11-06 20:58:51,191 : INFO : EventManager : Event: ======'player_shot_lower_3_drop_enabled'====== Args={'value': True, 'prev_value': 0, 'change': 1, 'player_num': 1}
2024-11-06 20:58:51,191 : INFO : EventManager : Event: ======'player_shot_lower_4_drop_enabled'====== Args={'value': True, 'prev_value': 0, 'change': 1, 'player_num': 1}
2024-11-06 20:58:51,191 : INFO : EventManager : Event: ======'player_shot_lower_5_drop_enabled'====== Args={'value': True, 'prev_value': 0, 'change': 1, 'player_num': 1}
2024-11-06 20:58:51,192 : INFO : EventManager : Event: ======'player_shot_lower_hole_enabled'====== Args={'value': True, 'prev_value': 0, 'change': 1, 'player_num': 1}
2024-11-06 20:58:51,192 : INFO : EventManager : Event: ======'player_shot_lower_left_enabled'====== Args={'value': True, 'prev_value': 0, 'change': 1, 'player_num': 1}
2024-11-06 20:58:51,192 : INFO : EventManager : Event: ======'player_shot_lower_right_enabled'====== Args={'value': True, 'prev_value': 0, 'change': 1, 'player_num': 1}
2024-11-06 20:58:51,192 : INFO : EventManager : Event: ======'player_shot_lower_pop_enabled'====== Args={'value': True, 'prev_value': 0, 'change': 1, 'player_num': 1}
2024-11-06 20:58:51,192 : INFO : EventManager : Event: ======'player_shot_lower_10pt_lower_enabled'====== Args={'value': True, 'prev_value': 0, 'change': 1, 'player_num': 1}
2024-11-06 20:58:51,193 : INFO : EventManager : Event: ======'player_shot_lower_10pt_drops_enabled'====== Args={'value': True, 'prev_value': 0, 'change': 1, 'player_num': 1}
2024-11-06 20:58:51,193 : INFO : EventManager : Event: ======'player_shot_lower_10pt_upper_enabled'====== Args={'value': True, 'prev_value': 0, 'change': 1, 'player_num': 1}
2024-11-06 20:58:51,193 : INFO : EventManager : Event: ======'player_shot_lower_slingshot_enabled'====== Args={'value': True, 'prev_value': 0, 'change': 1, 'player_num': 1}
2024-11-06 20:58:51,193 : INFO : EventManager : Event: ======'player_shot_lower_kick_target_enabled'====== Args={'value': True, 'prev_value': 0, 'change': 1, 'player_num': 1}
2024-11-06 20:58:51,193 : INFO : EventManager : Event: ======'player_shot_lower_rollover_enabled'====== Args={'value': True, 'prev_value': 0, 'change': 1, 'player_num': 1}
2024-11-06 20:58:51,194 : INFO : EventManager : Event: ======'player_shot_main_1_enabled'====== Args={'value': True, 'prev_value': 0, 'change': 1, 'player_num': 1}
2024-11-06 20:58:51,194 : INFO : EventManager : Event: ======'player_shot_main_2_enabled'====== Args={'value': True, 'prev_value': 0, 'change': 1, 'player_num': 1}
2024-11-06 20:58:51,194 : INFO : EventManager : Event: ======'player_shot_main_3_enabled'====== Args={'value': True, 'prev_value': 0, 'change': 1, 'player_num': 1}
2024-11-06 20:58:51,195 : INFO : EventManager : Event: ======'player_shot_main_4_enabled'====== Args={'value': True, 'prev_value': 0, 'change': 1, 'player_num': 1}
2024-11-06 20:58:51,195 : INFO : EventManager : Event: ======'player_shot_main_5_enabled'====== Args={'value': True, 'prev_value': 0, 'change': 1, 'player_num': 1}
2024-11-06 20:58:51,195 : INFO : EventManager : Event: ======'player_shot_main_slingshot_enabled'====== Args={'value': True, 'prev_value': 0, 'change': 1, 'player_num': 1}
2024-11-06 20:58:51,196 : INFO : EventManager : Event: ======'player_shot_right_outlane_enabled'====== Args={'value': True, 'prev_value': 0, 'change': 1, 'player_num': 1}
2024-11-06 20:58:51,196 : INFO : EventManager : Event: ======'player_shot_right_inlane_enabled'====== Args={'value': True, 'prev_value': 0, 'change': 1, 'player_num': 1}
2024-11-06 20:58:51,196 : INFO : EventManager : Event: ======'player_shot_left_inlane_enabled'====== Args={'value': True, 'prev_value': 0, 'change': 1, 'player_num': 1}
2024-11-06 20:58:51,197 : INFO : EventManager : Event: ======'player_shot_left_outlane_enabled'====== Args={'value': True, 'prev_value': 0, 'change': 1, 'player_num': 1}
2024-11-06 20:58:51,197 : INFO : EventManager : Event: ======'player_shot_standup_right_enabled'====== Args={'value': True, 'prev_value': 0, 'change': 1, 'player_num': 1}
2024-11-06 20:58:51,197 : INFO : EventManager : Event: ======'player_shot_right_kickout_enabled'====== Args={'value': True, 'prev_value': 0, 'change': 1, 'player_num': 1}
2024-11-06 20:58:51,198 : INFO : EventManager : Event: ======'player_shot_rollunder_enabled'====== Args={'value': True, 'prev_value': 0, 'change': 1, 'player_num': 1}
2024-11-06 20:58:51,198 : INFO : EventManager : Event: ======'player_shot_main_trough_1_enabled'====== Args={'value': True, 'prev_value': 0, 'change': 1, 'player_num': 1}
2024-11-06 20:58:51,199 : INFO : EventManager : Event: ======'mode_base_starting'====== Args={'queue': <QueuedEvent>, 'player': 1, 'ball': 1, 'balls_remaining': 2, 'is_extra_ball': False}
2024-11-06 20:58:51,200 : INFO : drop_target_bank.upper : All targets are already up. Will not reset bank.
2024-11-06 20:58:51,200 : INFO : drop_target_bank.lower : All targets are already up. Will not reset bank.
2024-11-06 20:58:51,200 : INFO : Mode.base : Started. Priority: 100
2024-11-06 20:58:51,200 : INFO : EventManager : Event: ======'modes_active_modes_changed'====== Args={}
2024-11-06 20:58:51,200 : INFO : EventManager : Event: ======'mode_base_started'====== Args={'queue': <QueuedEvent>, 'player': 1, 'ball': 1, 'balls_remaining': 2, 'is_extra_ball': False}
2024-11-06 20:58:51,201 : INFO : EventManager : Event: ======'balls_in_play'====== Args={'balls': 1}
2024-11-06 20:58:51,201 : INFO : EventManager : Event: ======'ball_started'====== Args={'player': 1, 'ball': 1, 'balls_remaining': 2, 'is_extra_ball': False}
2024-11-06 20:58:51,203 : INFO : EventManager : Event: ======'single_player_ball_started'====== Args={}
2024-11-06 20:58:51,203 : INFO : EventManager : Event: ======'ball_start_target'====== Args={'target': 'playfield'}
2024-11-06 20:58:51,203 : INFO : ball_device.bd_drain : Setting up player-controlled eject. Balls: 1, Target: <playfield.playfield>, player_controlled_eject_event: None
2024-11-06 20:58:51,203 : INFO : ball_device.bd_drain : Adding 1 ball(s) to the eject_queue with target <playfield.playfield>.
2024-11-06 20:58:51,203 : INFO : EventManager : Event: ======'balldevice_balls_available'====== Args={}
2024-11-06 20:58:51,204 : INFO : ball_device.bd_drain : State: waiting_for_target_ready
2024-11-06 20:58:51,204 : INFO : EventManager : Event: ======'balldevice_bd_drain_ball_eject_attempt'====== Args={'balls': 1, 'target': <playfield.playfield>, 'source': <ball_device.bd_drain>, 'mechanical_eject': False, 'num_attempts': 0}
2024-11-06 20:58:51,204 : INFO : ball_device.bd_drain : State: ejecting
2024-11-06 20:58:51,204 : INFO : ball_device.bd_drain : Ejecting ball to <playfield.playfield>
2024-11-06 20:58:51,204 : INFO : EventManager : Event: ======'balldevice_bd_drain_ejecting_ball'====== Args={'balls': 1, 'target': <playfield.playfield>, 'source': <ball_device.bd_drain>, 'mechanical_eject': False, 'num_attempts': 0}
2024-11-06 20:58:51,204 : INFO : ball_device.bd_drain : Wait for ball to leave device
2024-11-06 20:58:51,204 : INFO : coil.c_main_outhole : Pulsing Driver for 60ms (1.0 pulse_power)
2024-11-06 20:58:51,225 : INFO : EventManager : Event: ======'slide_base_created'====== Args={'_from_bcp': True}
2024-11-06 20:58:51,226 : INFO : EventManager : Event: ======'slide_attract_inactive'====== Args={'is_removing': True, '_from_bcp': True}
2024-11-06 20:58:51,226 : INFO : EventManager : Event: ======'slide_base_active'====== Args={'original_context': 'base', 'original_calling_context': 'mode_base_started', 'priority': 100.0, 'queue': '<QueuedEvent>', 'player': 1.0, 'ball': 1.0, 'balls_remaining': 2.0, 'is_extra_ball': False, 'cmd': 'slides_play', '_from_bcp': True}
2024-11-06 20:58:51,226 : INFO : EventManager : Event: ======'slide_attract_removed'====== Args={'_from_bcp': True}
2024-11-06 20:58:52,765 : INFO : SwitchController : <<<<<<< 's_main_outhole' inactive >>>>>>>
2024-11-06 20:58:52,765 : INFO : ball_device.bd_drain : State: ball_left
2024-11-06 20:58:52,765 : INFO : ball_device.bd_drain : Ball left
2024-11-06 20:58:52,765 : INFO : ball_device.bd_drain : Wait for confirm with timeout 10.0
2024-11-06 20:58:56,710 : INFO : SwitchController : <<<<<<< 's_main_1_trough' active >>>>>>>
2024-11-06 20:58:56,711 : INFO : EventManager : Event: ======'playfield_active'====== Args={'source': 'main_trough_1'}
2024-11-06 20:58:56,711 : INFO : EventManager : Event: ======'s_main_1_trough_active'====== Args={}
2024-11-06 20:58:56,711 : INFO : EventManager : Event: ======'sw_playfield_active'====== Args={}
2024-11-06 20:58:56,711 : INFO : EventManager : Event: ======'machine_var_audits_switches_s_main_1_trough'====== Args={'value': 34, 'prev_value': 33, 'change': 1}
2024-11-06 20:58:56,712 : INFO : EventManager : Event: ======'player_shot_main_trough_1'====== Args={'value': 1, 'prev_value': 0, 'change': 1, 'player_num': 1}
2024-11-06 20:58:56,716 : INFO : EventManager : Event: ======'machine_var_audits_shots_main_trough_1'====== Args={'value': 1, 'prev_value': None, 'change': True}
2024-11-06 20:58:56,716 : INFO : EventManager : Event: ======'main_trough_1_hit'====== Args={'profile': 'default', 'state': 'unlit', 'advancing': True}
2024-11-06 20:58:56,716 : INFO : EventManager : Event: ======'main_trough_1_default_hit'====== Args={'profile': 'default', 'state': 'unlit', 'advancing': True}
2024-11-06 20:58:56,716 : INFO : EventManager : Event: ======'main_trough_1_default_unlit_hit'====== Args={'profile': 'default', 'state': 'unlit', 'advancing': True}
2024-11-06 20:58:56,717 : INFO : EventManager : Event: ======'main_trough_1_unlit_hit'====== Args={'profile': 'default', 'state': 'unlit', 'advancing': True}
2024-11-06 20:58:56,717 : INFO : EventManager : Event: ======'player_bonusx'====== Args={'value': 1, 'prev_value': 0, 'change': 1, 'player_num': 1, 'source': 'base'}
2024-11-06 20:58:56,717 : INFO : EventManager : Event: ======'playfield_active'====== Args={'source': None}
2024-11-06 20:58:56,718 : INFO : ball_device.bd_drain : Got eject confirm
2024-11-06 20:58:56,718 : INFO : ball_device.bd_drain : Eject successful
2024-11-06 20:58:56,718 : INFO : EventManager : Event: ======'balldevice_bd_drain_ball_eject_success'====== Args={'balls': 1, 'target': <playfield.playfield>}
2024-11-06 20:58:56,718 : INFO : EventManager : Event: ======'balldevice_playfield_ball_enter'====== Args={'new_balls': 1, 'unclaimed_balls': 1, 'device': <playfield.playfield>}
2024-11-06 20:58:56,718 : INFO : EventManager : Event: ======'playfield_ball_count_change'====== Args={'balls': 1, 'change': 1}
2024-11-06 20:58:56,719 : INFO : EventManager : Event: ======'balldevice_bd_drain_ball_count_changed'====== Args={'balls': 0}
2024-11-06 20:58:56,719 : INFO : ball_device.bd_drain : State: idle
2024-11-06 20:58:56,828 : INFO : SwitchController : <<<<<<< 's_main_1_trough' inactive >>>>>>>
2024-11-06 20:59:23,790 : INFO : Machine : Shutting down...
2024-11-06 20:59:23,790 : INFO : EventManager : Event: ======'shutdown'====== Args={}
2024-11-06 20:59:23,791 : INFO : EventManager : Event: ======'mode_game_will_stop'====== Args={}
2024-11-06 20:59:23,791 : INFO : EventManager : Event: ======'mode_game_stopping'====== Args={}
2024-11-06 20:59:23,791 : INFO : EventManager : Event: ======'mode_base_will_stop'====== Args={}
2024-11-06 20:59:23,791 : INFO : EventManager : Event: ======'mode_base_stopping'====== Args={}
2024-11-06 20:59:23,791 : INFO : Mode.base : Stopped.
2024-11-06 20:59:23,791 : INFO : EventManager : Event: ======'modes_active_modes_changed'====== Args={}
2024-11-06 20:59:23,791 : INFO : EventManager : Event: ======'mode_base_stopped'====== Args={}
2024-11-06 20:59:23,791 : INFO : EventManager : Event: ======'clear'====== Args={'key': 'base'}
2024-11-06 20:59:23,792 : INFO : Mode.game : Stopped.
2024-11-06 20:59:23,792 : INFO : EventManager : Event: ======'modes_active_modes_changed'====== Args={}
2024-11-06 20:59:23,792 : INFO : EventManager : Event: ======'mode_game_stopped'====== Args={}
2024-11-06 20:59:23,792 : INFO : EventManager : Event: ======'clear'====== Args={'key': 'game'}
2024-11-06 20:59:23,801 : INFO : root : MPF run loop ended.
