2024-11-20 20:36:13,236 : INFO : root : Loading config.
2024-11-20 20:36:13,239 : INFO : YamlMultifileConfigLoader : Machine config file #1: config.yaml
2024-11-20 20:36:13,239 : INFO : ConfigProcessor : Loading config from cache: /var/folders/lw/36nc9wln17qdc1y8dnh6d85h0000gr/T/a187413b8cf7049e0b91852f54cd1afa.mpf_cache
2024-11-20 20:36:13,272 : INFO : ConfigProcessor : Loading config from cache: /var/folders/lw/36nc9wln17qdc1y8dnh6d85h0000gr/T/2e30198d1c841d95b9b3e69c8a0bb49b.mpf_cache
2024-11-20 20:36:13,272 : INFO : ConfigProcessor : Loading config from cache: /var/folders/lw/36nc9wln17qdc1y8dnh6d85h0000gr/T/40928215bbb65374348eff3d4cd7b8bc.mpf_cache
2024-11-20 20:36:13,272 : WARNING : ConfigProcessor : Config file in cache changed: /Users/C_Alan/pinball/hauntedhouse/modes/base/config/base.yaml
2024-11-20 20:36:13,272 : INFO : ConfigProcessor : Loading config from file /Users/C_Alan/pinball/hauntedhouse/modes/base/config/base.yaml.
2024-11-20 20:36:13,276 : INFO : ConfigProcessor : Loading config: /Users/C_Alan/pinball/hauntedhouse/modes/base/config/base.yaml
2024-11-20 20:36:13,278 : INFO : ConfigProcessor : Config file cache created: /var/folders/lw/36nc9wln17qdc1y8dnh6d85h0000gr/T/167ddff969183ffa73a4682c84ddf638.mpf_cache
2024-11-20 20:36:13,278 : INFO : ConfigProcessor : Loading config from cache: /var/folders/lw/36nc9wln17qdc1y8dnh6d85h0000gr/T/2e30198d1c841d95b9b3e69c8a0bb49b.mpf_cache
2024-11-20 20:36:13,278 : INFO : ConfigProcessor : Loading config from cache: /var/folders/lw/36nc9wln17qdc1y8dnh6d85h0000gr/T/1ab5c5e749213b44f20a4087626085fd.mpf_cache
2024-11-20 20:36:13,279 : INFO : Machine : Mission Pinball Framework Core Engine v0.80.0.dev5
2024-11-20 20:36:13,279 : INFO : Machine : Command line arguments: {'no_load_cache': False, 'create_config_cache': True, 'bcp': True, 'configfile': ['config.yaml'], 'force_assets_load': False, 'platform_integration_test': False, 'jsonlogging': False, 'logfile': 'logs/2024-11-20-20-36-13-mpf-Macpro.local.log', 'pause': False, 'production': False, 'text_ui': True, 'loglevel': 15, 'consoleloglevel': 20, 'force_platform': 'virtual', 'syslog_address': None, 'full_logfile_path': '/Users/C_Alan/pinball/hauntedhouse/logs/2024-11-20-20-36-13-mpf-Macpro.local.log'}
2024-11-20 20:36:13,279 : INFO : Machine : MPF path: /Users/C_Alan/envp311/lib/python3.11/site-packages/mpf
2024-11-20 20:36:13,279 : INFO : Machine : Machine path: /Users/C_Alan/pinball/hauntedhouse
2024-11-20 20:36:13,279 : INFO : Machine : Platform: darwin
2024-11-20 20:36:13,279 : INFO : Machine : Python executable location: /Users/C_Alan/envp311/bin/python3.11
2024-11-20 20:36:13,279 : INFO : Machine : Python version: 3.11.0 (64-bit)
2024-11-20 20:36:13,279 : INFO : Machine : Initializing MPF...
2024-11-20 20:36:13,309 : INFO : EventManager : Event: ======'machine_var_credits_string'====== Args={'value': 'FREE PLAY', 'prev_value': None, 'change': True}
2024-11-20 20:36:13,316 : INFO : EventManager : Event: ======'machine_var_master_volume'====== Args={'value': 0.5, 'prev_value': None, 'change': True}
2024-11-20 20:36:13,316 : INFO : EventManager : Event: ======'machine_var_player1_score'====== Args={'value': 60000, 'prev_value': None, 'change': True}
2024-11-20 20:36:13,316 : INFO : EventManager : Event: ======'machine_var_mpf_version'====== Args={'value': 'Mission Pinball Framework v0.80.0.dev5', 'prev_value': None, 'change': True}
2024-11-20 20:36:13,316 : INFO : EventManager : Event: ======'machine_var_mpf_extended_version'====== Args={'value': 'Mission Pinball Framework v0.80.0.dev5, Config version:6, Show version: 6, BCP version:1.1', 'prev_value': None, 'change': True}
2024-11-20 20:36:13,316 : INFO : EventManager : Event: ======'machine_var_python_version'====== Args={'value': '3.11.0', 'prev_value': None, 'change': True}
2024-11-20 20:36:13,331 : INFO : EventManager : Event: ======'machine_var_platform'====== Args={'value': 'macOS-14.6.1-x86_64-i386-64bit', 'prev_value': None, 'change': True}
2024-11-20 20:36:13,331 : INFO : EventManager : Event: ======'machine_var_platform_system'====== Args={'value': 'Darwin', 'prev_value': None, 'change': True}
2024-11-20 20:36:13,331 : INFO : EventManager : Event: ======'machine_var_platform_release'====== Args={'value': '23.6.0', 'prev_value': None, 'change': True}
2024-11-20 20:36:13,331 : INFO : EventManager : Event: ======'machine_var_platform_version'====== Args={'value': 'Darwin Kernel Version 23.6.0: Mon Jul 29 21:13:00 PDT 2024; root:xnu-10063.141.2~1/RELEASE_X86_64', 'prev_value': None, 'change': True}
2024-11-20 20:36:13,331 : INFO : EventManager : Event: ======'machine_var_platform_machine'====== Args={'value': 'x86_64', 'prev_value': None, 'change': True}
2024-11-20 20:36:13,331 : INFO : EventManager : Event: ======'machine_var_log_file_path'====== Args={'value': '/Users/C_Alan/pinball/hauntedhouse/logs/2024-11-20-20-36-13-mpf-Macpro.local.log', 'prev_value': None, 'change': True}
2024-11-20 20:36:13,331 : INFO : EventManager : Event: ======'init_phase_1'====== Args={}
2024-11-20 20:36:13,367 : INFO : EventManager : Event: ======'drop_target_bank_upper_up'====== Args={}
2024-11-20 20:36:13,367 : INFO : EventManager : Event: ======'drop_target_bank_lower_up'====== Args={}
2024-11-20 20:36:13,368 : INFO : EventManager : Event: ======'init_phase_2'====== Args={}
2024-11-20 20:36:13,372 : INFO : EventManager : Event: ======'bcp_connection_attempt'====== Args={'name': 'local_display', 'host': 'localhost', 'port': 5050}
2024-11-20 20:36:13,373 : INFO : BCPClientSocket : Connecting BCP to 'local_display' at localhost:5050...
2024-11-20 20:36:18,386 : INFO : BCPClientSocket : Connected BCP to 'local_display' localhost:5050
2024-11-20 20:36:18,387 : INFO : EventManager : Event: ======'bcp_clients_connected'====== Args={}
2024-11-20 20:36:18,388 : INFO : ball_device.bd_drain : BCH: Initial count: 0
2024-11-20 20:36:18,388 : INFO : ball_device.bd_drain : State: idle
2024-11-20 20:36:18,389 : INFO : ball_device.bd_lower_vuk : BCH: Initial count: 0
2024-11-20 20:36:18,389 : INFO : ball_device.bd_lower_vuk : State: idle
2024-11-20 20:36:18,389 : INFO : ball_device.bd_lower_kickout_special : BCH: Initial count: 0
2024-11-20 20:36:18,389 : INFO : ball_device.bd_lower_kickout_special : State: idle
2024-11-20 20:36:18,389 : INFO : ball_device.bd_main_vuk : BCH: Initial count: 0
2024-11-20 20:36:18,390 : INFO : ball_device.bd_main_vuk : State: idle
2024-11-20 20:36:18,390 : INFO : ball_device.bd_main_kickout_right : BCH: Initial count: 0
2024-11-20 20:36:18,390 : INFO : ball_device.bd_main_kickout_right : State: idle
2024-11-20 20:36:18,390 : INFO : ball_device.bd_main_kickout_lane : BCH: Initial count: 0
2024-11-20 20:36:18,391 : INFO : ball_device.bd_main_kickout_lane : State: idle
2024-11-20 20:36:18,398 : INFO : EventManager : Event: ======'init_phase_3'====== Args={}
2024-11-20 20:36:18,401 : INFO : EventManager : Event: ======'init_phase_4'====== Args={}
2024-11-20 20:36:18,401 : INFO : BallController : Initial balls found: 0
2024-11-20 20:36:18,402 : INFO : EventManager : Event: ======'machine_var_audits_events_game_ended'====== Args={'value': 66, 'prev_value': None, 'change': True}
2024-11-20 20:36:18,402 : INFO : EventManager : Event: ======'machine_var_audits_events_game_started'====== Args={'value': 137, 'prev_value': None, 'change': True}
2024-11-20 20:36:18,402 : INFO : EventManager : Event: ======'machine_var_audits_missing_switches_s_left_flipper1'====== Args={'value': 8, 'prev_value': None, 'change': True}
2024-11-20 20:36:18,402 : INFO : EventManager : Event: ======'machine_var_audits_missing_switches_s_left_flipper2'====== Args={'value': 8, 'prev_value': None, 'change': True}
2024-11-20 20:36:18,402 : INFO : EventManager : Event: ======'machine_var_audits_missing_switches_s_lower_10pt_drops'====== Args={'value': 10, 'prev_value': None, 'change': True}
2024-11-20 20:36:18,402 : INFO : EventManager : Event: ======'machine_var_audits_missing_switches_s_lower_10pt_lower'====== Args={'value': 11, 'prev_value': None, 'change': True}
2024-11-20 20:36:18,402 : INFO : EventManager : Event: ======'machine_var_audits_missing_switches_s_lower_10pt_upper'====== Args={'value': 10, 'prev_value': None, 'change': True}
2024-11-20 20:36:18,402 : INFO : EventManager : Event: ======'machine_var_audits_missing_switches_s_lower_1_drop'====== Args={'value': 11, 'prev_value': None, 'change': True}
2024-11-20 20:36:18,402 : INFO : EventManager : Event: ======'machine_var_audits_missing_switches_s_lower_2_drop'====== Args={'value': 10, 'prev_value': None, 'change': True}
2024-11-20 20:36:18,402 : INFO : EventManager : Event: ======'machine_var_audits_missing_switches_s_lower_3_drop'====== Args={'value': 11, 'prev_value': None, 'change': True}
2024-11-20 20:36:18,402 : INFO : EventManager : Event: ======'machine_var_audits_missing_switches_s_lower_4_drop'====== Args={'value': 23, 'prev_value': None, 'change': True}
2024-11-20 20:36:18,403 : INFO : EventManager : Event: ======'machine_var_audits_missing_switches_s_lower_5_drop'====== Args={'value': 11, 'prev_value': None, 'change': True}
2024-11-20 20:36:18,403 : INFO : EventManager : Event: ======'machine_var_audits_missing_switches_s_lower_bonus_left'====== Args={'value': 10, 'prev_value': None, 'change': True}
2024-11-20 20:36:18,403 : INFO : EventManager : Event: ======'machine_var_audits_missing_switches_s_lower_bonus_right'====== Args={'value': 27, 'prev_value': None, 'change': True}
2024-11-20 20:36:18,403 : INFO : EventManager : Event: ======'machine_var_audits_missing_switches_s_lower_kick_target'====== Args={'value': 27, 'prev_value': None, 'change': True}
2024-11-20 20:36:18,403 : INFO : EventManager : Event: ======'machine_var_audits_missing_switches_s_lower_kickout_special'====== Args={'value': 10, 'prev_value': None, 'change': True}
2024-11-20 20:36:18,403 : INFO : EventManager : Event: ======'machine_var_audits_missing_switches_s_lower_pop'====== Args={'value': 10, 'prev_value': None, 'change': True}
2024-11-20 20:36:18,403 : INFO : EventManager : Event: ======'machine_var_audits_missing_switches_s_lower_rollover'====== Args={'value': 7, 'prev_value': None, 'change': True}
2024-11-20 20:36:18,403 : INFO : EventManager : Event: ======'machine_var_audits_missing_switches_s_lower_slingshot'====== Args={'value': 10, 'prev_value': None, 'change': True}
2024-11-20 20:36:18,403 : INFO : EventManager : Event: ======'machine_var_audits_missing_switches_s_lower_vuk'====== Args={'value': 7, 'prev_value': None, 'change': True}
2024-11-20 20:36:18,403 : INFO : EventManager : Event: ======'machine_var_audits_missing_switches_s_main_10pt_left'====== Args={'value': 10, 'prev_value': None, 'change': True}
2024-11-20 20:36:18,403 : INFO : EventManager : Event: ======'machine_var_audits_missing_switches_s_main_1_target'====== Args={'value': 10, 'prev_value': None, 'change': True}
2024-11-20 20:36:18,403 : INFO : EventManager : Event: ======'machine_var_audits_missing_switches_s_main_1_trough'====== Args={'value': 5, 'prev_value': None, 'change': True}
2024-11-20 20:36:18,403 : INFO : EventManager : Event: ======'machine_var_audits_missing_switches_s_main_2_target'====== Args={'value': 10, 'prev_value': None, 'change': True}
2024-11-20 20:36:18,403 : INFO : EventManager : Event: ======'machine_var_audits_missing_switches_s_main_2_trough'====== Args={'value': 7, 'prev_value': None, 'change': True}
2024-11-20 20:36:18,404 : INFO : EventManager : Event: ======'machine_var_audits_missing_switches_s_main_3_target'====== Args={'value': 10, 'prev_value': None, 'change': True}
2024-11-20 20:36:18,404 : INFO : EventManager : Event: ======'machine_var_audits_missing_switches_s_main_4_target'====== Args={'value': 7, 'prev_value': None, 'change': True}
2024-11-20 20:36:18,404 : INFO : EventManager : Event: ======'machine_var_audits_missing_switches_s_main_5_target'====== Args={'value': 8, 'prev_value': None, 'change': True}
2024-11-20 20:36:18,404 : INFO : EventManager : Event: ======'machine_var_audits_missing_switches_s_main_inlane_left'====== Args={'value': 21, 'prev_value': None, 'change': True}
2024-11-20 20:36:18,404 : INFO : EventManager : Event: ======'machine_var_audits_missing_switches_s_main_inlane_right'====== Args={'value': 7, 'prev_value': None, 'change': True}
2024-11-20 20:36:18,404 : INFO : EventManager : Event: ======'machine_var_audits_missing_switches_s_main_kickout_right'====== Args={'value': 7, 'prev_value': None, 'change': True}
2024-11-20 20:36:18,404 : INFO : EventManager : Event: ======'machine_var_audits_missing_switches_s_main_lane_center'====== Args={'value': 5, 'prev_value': None, 'change': True}
2024-11-20 20:36:18,404 : INFO : EventManager : Event: ======'machine_var_audits_missing_switches_s_main_outlane_left'====== Args={'value': 27, 'prev_value': None, 'change': True}
2024-11-20 20:36:18,404 : INFO : EventManager : Event: ======'machine_var_audits_missing_switches_s_main_outlane_right'====== Args={'value': 10, 'prev_value': None, 'change': True}
2024-11-20 20:36:18,404 : INFO : EventManager : Event: ======'machine_var_audits_missing_switches_s_main_pop_bottom'====== Args={'value': 8, 'prev_value': None, 'change': True}
2024-11-20 20:36:18,404 : INFO : EventManager : Event: ======'machine_var_audits_missing_switches_s_main_pop_top'====== Args={'value': 2, 'prev_value': None, 'change': True}
2024-11-20 20:36:18,404 : INFO : EventManager : Event: ======'machine_var_audits_missing_switches_s_main_rollunder'====== Args={'value': 7, 'prev_value': None, 'change': True}
2024-11-20 20:36:18,404 : INFO : EventManager : Event: ======'machine_var_audits_missing_switches_s_main_secret_trough'====== Args={'value': 10, 'prev_value': None, 'change': True}
2024-11-20 20:36:18,404 : INFO : EventManager : Event: ======'machine_var_audits_missing_switches_s_main_slingshot'====== Args={'value': 7, 'prev_value': None, 'change': True}
2024-11-20 20:36:18,405 : INFO : EventManager : Event: ======'machine_var_audits_missing_switches_s_main_target_right'====== Args={'value': 10, 'prev_value': None, 'change': True}
2024-11-20 20:36:18,405 : INFO : EventManager : Event: ======'machine_var_audits_missing_switches_s_main_trapdoor_trough'====== Args={'value': 27, 'prev_value': None, 'change': True}
2024-11-20 20:36:18,405 : INFO : EventManager : Event: ======'machine_var_audits_missing_switches_s_main_vuk'====== Args={'value': 6, 'prev_value': None, 'change': True}
2024-11-20 20:36:18,405 : INFO : EventManager : Event: ======'machine_var_audits_missing_switches_s_right_flipper1'====== Args={'value': 7, 'prev_value': None, 'change': True}
2024-11-20 20:36:18,405 : INFO : EventManager : Event: ======'machine_var_audits_missing_switches_s_right_flipper2'====== Args={'value': 7, 'prev_value': None, 'change': True}
2024-11-20 20:36:18,405 : INFO : EventManager : Event: ======'machine_var_audits_missing_switches_s_start'====== Args={'value': 2, 'prev_value': None, 'change': True}
2024-11-20 20:36:18,405 : INFO : EventManager : Event: ======'machine_var_audits_missing_switches_s_upper_10pt_center'====== Args={'value': 6, 'prev_value': None, 'change': True}
2024-11-20 20:36:18,405 : INFO : EventManager : Event: ======'machine_var_audits_missing_switches_s_upper_10pt_left'====== Args={'value': 8, 'prev_value': None, 'change': True}
2024-11-20 20:36:18,405 : INFO : EventManager : Event: ======'machine_var_audits_missing_switches_s_upper_1_target'====== Args={'value': 3, 'prev_value': None, 'change': True}
2024-11-20 20:36:18,405 : INFO : EventManager : Event: ======'machine_var_audits_missing_switches_s_upper_2_target'====== Args={'value': 3, 'prev_value': None, 'change': True}
2024-11-20 20:36:18,405 : INFO : EventManager : Event: ======'machine_var_audits_missing_switches_s_upper_3_target'====== Args={'value': 3, 'prev_value': None, 'change': True}
2024-11-20 20:36:18,406 : INFO : EventManager : Event: ======'machine_var_audits_missing_switches_s_upper_4_target'====== Args={'value': 3, 'prev_value': None, 'change': True}
2024-11-20 20:36:18,406 : INFO : EventManager : Event: ======'machine_var_audits_player_score'====== Args={'value': {'average': 31169, 'top': [211150, 162330, 120480, 114590, 92630, 81180, 78890, 76090, 75800, 75650], 'total': 69}, 'prev_value': None, 'change': True}
2024-11-20 20:36:18,406 : INFO : EventManager : Event: ======'machine_var_audits_shots_10pt'====== Args={'value': 248, 'prev_value': None, 'change': True}
2024-11-20 20:36:18,406 : INFO : EventManager : Event: ======'machine_var_audits_shots_left_inlane'====== Args={'value': 22, 'prev_value': None, 'change': True}
2024-11-20 20:36:18,406 : INFO : EventManager : Event: ======'machine_var_audits_shots_left_outlane'====== Args={'value': 11, 'prev_value': None, 'change': True}
2024-11-20 20:36:18,406 : INFO : EventManager : Event: ======'machine_var_audits_shots_lower_10pt_drops'====== Args={'value': 37, 'prev_value': None, 'change': True}
2024-11-20 20:36:18,406 : INFO : EventManager : Event: ======'machine_var_audits_shots_lower_10pt_lower'====== Args={'value': 12, 'prev_value': None, 'change': True}
2024-11-20 20:36:18,406 : INFO : EventManager : Event: ======'machine_var_audits_shots_lower_10pt_upper'====== Args={'value': 13, 'prev_value': None, 'change': True}
2024-11-20 20:36:18,406 : INFO : EventManager : Event: ======'machine_var_audits_shots_lower_1_drop'====== Args={'value': 44, 'prev_value': None, 'change': True}
2024-11-20 20:36:18,406 : INFO : EventManager : Event: ======'machine_var_audits_shots_lower_2_drop'====== Args={'value': 12, 'prev_value': None, 'change': True}
2024-11-20 20:36:18,406 : INFO : EventManager : Event: ======'machine_var_audits_shots_lower_3_drop'====== Args={'value': 12, 'prev_value': None, 'change': True}
2024-11-20 20:36:18,407 : INFO : EventManager : Event: ======'machine_var_audits_shots_lower_4_drop'====== Args={'value': 16, 'prev_value': None, 'change': True}
2024-11-20 20:36:18,407 : INFO : EventManager : Event: ======'machine_var_audits_shots_lower_5_drop'====== Args={'value': 17, 'prev_value': None, 'change': True}
2024-11-20 20:36:18,407 : INFO : EventManager : Event: ======'machine_var_audits_shots_lower_hole'====== Args={'value': 27, 'prev_value': None, 'change': True}
2024-11-20 20:36:18,407 : INFO : EventManager : Event: ======'machine_var_audits_shots_lower_kick_target'====== Args={'value': 2, 'prev_value': None, 'change': True}
2024-11-20 20:36:18,407 : INFO : EventManager : Event: ======'machine_var_audits_shots_lower_left'====== Args={'value': 11, 'prev_value': None, 'change': True}
2024-11-20 20:36:18,407 : INFO : EventManager : Event: ======'machine_var_audits_shots_lower_left_pop'====== Args={'value': 199, 'prev_value': None, 'change': True}
2024-11-20 20:36:18,407 : INFO : EventManager : Event: ======'machine_var_audits_shots_lower_pop'====== Args={'value': 28, 'prev_value': None, 'change': True}
2024-11-20 20:36:18,407 : INFO : EventManager : Event: ======'machine_var_audits_shots_lower_right'====== Args={'value': 4, 'prev_value': None, 'change': True}
2024-11-20 20:36:18,407 : INFO : EventManager : Event: ======'machine_var_audits_shots_lower_rollover'====== Args={'value': 32, 'prev_value': None, 'change': True}
2024-11-20 20:36:18,407 : INFO : EventManager : Event: ======'machine_var_audits_shots_lower_slingshot'====== Args={'value': 19, 'prev_value': None, 'change': True}
2024-11-20 20:36:18,408 : INFO : EventManager : Event: ======'machine_var_audits_shots_main_1'====== Args={'value': 30, 'prev_value': None, 'change': True}
2024-11-20 20:36:18,408 : INFO : EventManager : Event: ======'machine_var_audits_shots_main_2'====== Args={'value': 33, 'prev_value': None, 'change': True}
2024-11-20 20:36:18,408 : INFO : EventManager : Event: ======'machine_var_audits_shots_main_3'====== Args={'value': 26, 'prev_value': None, 'change': True}
2024-11-20 20:36:18,408 : INFO : EventManager : Event: ======'machine_var_audits_shots_main_4'====== Args={'value': 44, 'prev_value': None, 'change': True}
2024-11-20 20:36:18,408 : INFO : EventManager : Event: ======'machine_var_audits_shots_main_5'====== Args={'value': 24, 'prev_value': None, 'change': True}
2024-11-20 20:36:18,408 : INFO : EventManager : Event: ======'machine_var_audits_shots_main_slingshot'====== Args={'value': 45, 'prev_value': None, 'change': True}
2024-11-20 20:36:18,408 : INFO : EventManager : Event: ======'machine_var_audits_shots_main_trough_1'====== Args={'value': 17, 'prev_value': None, 'change': True}
2024-11-20 20:36:18,409 : INFO : EventManager : Event: ======'machine_var_audits_shots_right_inlane'====== Args={'value': 75, 'prev_value': None, 'change': True}
2024-11-20 20:36:18,409 : INFO : EventManager : Event: ======'machine_var_audits_shots_right_kickout'====== Args={'value': 34, 'prev_value': None, 'change': True}
2024-11-20 20:36:18,409 : INFO : EventManager : Event: ======'machine_var_audits_shots_right_outlane'====== Args={'value': 44, 'prev_value': None, 'change': True}
2024-11-20 20:36:18,409 : INFO : EventManager : Event: ======'machine_var_audits_shots_rollunder'====== Args={'value': 106, 'prev_value': None, 'change': True}
2024-11-20 20:36:18,409 : INFO : EventManager : Event: ======'machine_var_audits_shots_standup_right'====== Args={'value': 91, 'prev_value': None, 'change': True}
2024-11-20 20:36:18,409 : INFO : EventManager : Event: ======'machine_var_audits_shots_upper_1'====== Args={'value': 43, 'prev_value': None, 'change': True}
2024-11-20 20:36:18,409 : INFO : EventManager : Event: ======'machine_var_audits_shots_upper_1_drop'====== Args={'value': 61, 'prev_value': None, 'change': True}
2024-11-20 20:36:18,409 : INFO : EventManager : Event: ======'machine_var_audits_shots_upper_2'====== Args={'value': 70, 'prev_value': None, 'change': True}
2024-11-20 20:36:18,409 : INFO : EventManager : Event: ======'machine_var_audits_shots_upper_2_drop'====== Args={'value': 46, 'prev_value': None, 'change': True}
2024-11-20 20:36:18,410 : INFO : EventManager : Event: ======'machine_var_audits_shots_upper_3'====== Args={'value': 32, 'prev_value': None, 'change': True}
2024-11-20 20:36:18,410 : INFO : EventManager : Event: ======'machine_var_audits_shots_upper_3_drop'====== Args={'value': 65, 'prev_value': None, 'change': True}
2024-11-20 20:36:18,410 : INFO : EventManager : Event: ======'machine_var_audits_shots_upper_4'====== Args={'value': 29, 'prev_value': None, 'change': True}
2024-11-20 20:36:18,410 : INFO : EventManager : Event: ======'machine_var_audits_shots_upper_4_drop'====== Args={'value': 79, 'prev_value': None, 'change': True}
2024-11-20 20:36:18,410 : INFO : EventManager : Event: ======'machine_var_audits_shots_upper_left_pop'====== Args={'value': 82, 'prev_value': None, 'change': True}
2024-11-20 20:36:18,410 : INFO : EventManager : Event: ======'machine_var_audits_shots_upper_pop'====== Args={'value': 550, 'prev_value': None, 'change': True}
2024-11-20 20:36:18,410 : INFO : EventManager : Event: ======'machine_var_audits_switches_s_left_flipper1'====== Args={'value': 420, 'prev_value': None, 'change': True}
2024-11-20 20:36:18,410 : INFO : EventManager : Event: ======'machine_var_audits_switches_s_left_flipper2'====== Args={'value': 469, 'prev_value': None, 'change': True}
2024-11-20 20:36:18,411 : INFO : EventManager : Event: ======'machine_var_audits_switches_s_lower_10pt_UPPER'====== Args={'value': 0, 'prev_value': None, 'change': True}
2024-11-20 20:36:18,411 : INFO : EventManager : Event: ======'machine_var_audits_switches_s_lower_10pt_drops'====== Args={'value': 37, 'prev_value': None, 'change': True}
2024-11-20 20:36:18,411 : INFO : EventManager : Event: ======'machine_var_audits_switches_s_lower_10pt_lower'====== Args={'value': 12, 'prev_value': None, 'change': True}
2024-11-20 20:36:18,411 : INFO : EventManager : Event: ======'machine_var_audits_switches_s_lower_10pt_upper'====== Args={'value': 13, 'prev_value': None, 'change': True}
2024-11-20 20:36:18,411 : INFO : EventManager : Event: ======'machine_var_audits_switches_s_lower_1_drop'====== Args={'value': 399, 'prev_value': None, 'change': True}
2024-11-20 20:36:18,411 : INFO : EventManager : Event: ======'machine_var_audits_switches_s_lower_2_drop'====== Args={'value': 12, 'prev_value': None, 'change': True}
2024-11-20 20:36:18,411 : INFO : EventManager : Event: ======'machine_var_audits_switches_s_lower_3_drop'====== Args={'value': 12, 'prev_value': None, 'change': True}
2024-11-20 20:36:18,412 : INFO : EventManager : Event: ======'machine_var_audits_switches_s_lower_4_drop'====== Args={'value': 16, 'prev_value': None, 'change': True}
2024-11-20 20:36:18,412 : INFO : EventManager : Event: ======'machine_var_audits_switches_s_lower_5_drop'====== Args={'value': 17, 'prev_value': None, 'change': True}
2024-11-20 20:36:18,412 : INFO : EventManager : Event: ======'machine_var_audits_switches_s_lower_bonus_left'====== Args={'value': 11, 'prev_value': None, 'change': True}
2024-11-20 20:36:18,412 : INFO : EventManager : Event: ======'machine_var_audits_switches_s_lower_bonus_right'====== Args={'value': 4, 'prev_value': None, 'change': True}
2024-11-20 20:36:18,412 : INFO : EventManager : Event: ======'machine_var_audits_switches_s_lower_kick_target'====== Args={'value': 2, 'prev_value': None, 'change': True}
2024-11-20 20:36:18,413 : INFO : EventManager : Event: ======'machine_var_audits_switches_s_lower_kickout_special'====== Args={'value': 27, 'prev_value': None, 'change': True}
2024-11-20 20:36:18,413 : INFO : EventManager : Event: ======'machine_var_audits_switches_s_lower_pop'====== Args={'value': 28, 'prev_value': None, 'change': True}
2024-11-20 20:36:18,413 : INFO : EventManager : Event: ======'machine_var_audits_switches_s_lower_rollover'====== Args={'value': 60, 'prev_value': None, 'change': True}
2024-11-20 20:36:18,413 : INFO : EventManager : Event: ======'machine_var_audits_switches_s_lower_slingshot'====== Args={'value': 19, 'prev_value': None, 'change': True}
2024-11-20 20:36:18,413 : INFO : EventManager : Event: ======'machine_var_audits_switches_s_lower_vuk'====== Args={'value': 239, 'prev_value': None, 'change': True}
2024-11-20 20:36:18,413 : INFO : EventManager : Event: ======'machine_var_audits_switches_s_main_10pt_left'====== Args={'value': 33, 'prev_value': None, 'change': True}
2024-11-20 20:36:18,414 : INFO : EventManager : Event: ======'machine_var_audits_switches_s_main_1_target'====== Args={'value': 57, 'prev_value': None, 'change': True}
2024-11-20 20:36:18,414 : INFO : EventManager : Event: ======'machine_var_audits_switches_s_main_1_trough'====== Args={'value': 50, 'prev_value': None, 'change': True}
2024-11-20 20:36:18,414 : INFO : EventManager : Event: ======'machine_var_audits_switches_s_main_2_target'====== Args={'value': 56, 'prev_value': None, 'change': True}
2024-11-20 20:36:18,414 : INFO : EventManager : Event: ======'machine_var_audits_switches_s_main_2_trough'====== Args={'value': 64, 'prev_value': None, 'change': True}
2024-11-20 20:36:18,414 : INFO : EventManager : Event: ======'machine_var_audits_switches_s_main_3_target'====== Args={'value': 26, 'prev_value': None, 'change': True}
2024-11-20 20:36:18,414 : INFO : EventManager : Event: ======'machine_var_audits_switches_s_main_4_target'====== Args={'value': 60, 'prev_value': None, 'change': True}
2024-11-20 20:36:18,414 : INFO : EventManager : Event: ======'machine_var_audits_switches_s_main_5_target'====== Args={'value': 58, 'prev_value': None, 'change': True}
2024-11-20 20:36:18,415 : INFO : EventManager : Event: ======'machine_var_audits_switches_s_main_inlane_left'====== Args={'value': 25, 'prev_value': None, 'change': True}
2024-11-20 20:36:18,415 : INFO : EventManager : Event: ======'machine_var_audits_switches_s_main_inlane_right'====== Args={'value': 80, 'prev_value': None, 'change': True}
2024-11-20 20:36:18,415 : INFO : EventManager : Event: ======'machine_var_audits_switches_s_main_kickout_right'====== Args={'value': 132, 'prev_value': None, 'change': True}
2024-11-20 20:36:18,415 : INFO : EventManager : Event: ======'machine_var_audits_switches_s_main_lane_center'====== Args={'value': 111, 'prev_value': None, 'change': True}
2024-11-20 20:36:18,415 : INFO : EventManager : Event: ======'machine_var_audits_switches_s_main_outhole'====== Args={'value': 464, 'prev_value': None, 'change': True}
2024-11-20 20:36:18,416 : INFO : EventManager : Event: ======'machine_var_audits_switches_s_main_outlane_left'====== Args={'value': 18, 'prev_value': None, 'change': True}
2024-11-20 20:36:18,416 : INFO : EventManager : Event: ======'machine_var_audits_switches_s_main_outlane_right'====== Args={'value': 45, 'prev_value': None, 'change': True}
2024-11-20 20:36:18,416 : INFO : EventManager : Event: ======'machine_var_audits_switches_s_main_pop_bottom'====== Args={'value': 227, 'prev_value': None, 'change': True}
2024-11-20 20:36:18,416 : INFO : EventManager : Event: ======'machine_var_audits_switches_s_main_pop_top'====== Args={'value': 147, 'prev_value': None, 'change': True}
2024-11-20 20:36:18,416 : INFO : EventManager : Event: ======'machine_var_audits_switches_s_main_rollunder'====== Args={'value': 106, 'prev_value': None, 'change': True}
2024-11-20 20:36:18,416 : INFO : EventManager : Event: ======'machine_var_audits_switches_s_main_roundabout_rollunder'====== Args={'value': 52, 'prev_value': None, 'change': True}
2024-11-20 20:36:18,416 : INFO : EventManager : Event: ======'machine_var_audits_switches_s_main_secret_trough'====== Args={'value': 30, 'prev_value': None, 'change': True}
2024-11-20 20:36:18,417 : INFO : EventManager : Event: ======'machine_var_audits_switches_s_main_slingshot'====== Args={'value': 240, 'prev_value': None, 'change': True}
2024-11-20 20:36:18,417 : INFO : EventManager : Event: ======'machine_var_audits_switches_s_main_target_right'====== Args={'value': 144, 'prev_value': None, 'change': True}
2024-11-20 20:36:18,417 : INFO : EventManager : Event: ======'machine_var_audits_switches_s_main_trapdoor_trough'====== Args={'value': 0, 'prev_value': None, 'change': True}
2024-11-20 20:36:18,417 : INFO : EventManager : Event: ======'machine_var_audits_switches_s_main_vuk'====== Args={'value': 281, 'prev_value': None, 'change': True}
2024-11-20 20:36:18,417 : INFO : EventManager : Event: ======'machine_var_audits_switches_s_right_flipper1'====== Args={'value': 367, 'prev_value': None, 'change': True}
2024-11-20 20:36:18,417 : INFO : EventManager : Event: ======'machine_var_audits_switches_s_right_flipper2'====== Args={'value': 419, 'prev_value': None, 'change': True}
2024-11-20 20:36:18,418 : INFO : EventManager : Event: ======'machine_var_audits_switches_s_start'====== Args={'value': 7, 'prev_value': None, 'change': True}
2024-11-20 20:36:18,418 : INFO : EventManager : Event: ======'machine_var_audits_switches_s_upper_10pt_center'====== Args={'value': 198, 'prev_value': None, 'change': True}
2024-11-20 20:36:18,418 : INFO : EventManager : Event: ======'machine_var_audits_switches_s_upper_10pt_left'====== Args={'value': 126, 'prev_value': None, 'change': True}
2024-11-20 20:36:18,418 : INFO : EventManager : Event: ======'machine_var_audits_switches_s_upper_1_drop'====== Args={'value': 69, 'prev_value': None, 'change': True}
2024-11-20 20:36:18,418 : INFO : EventManager : Event: ======'machine_var_audits_switches_s_upper_1_target'====== Args={'value': 104, 'prev_value': None, 'change': True}
2024-11-20 20:36:18,418 : INFO : EventManager : Event: ======'machine_var_audits_switches_s_upper_2_drop'====== Args={'value': 63, 'prev_value': None, 'change': True}
2024-11-20 20:36:18,419 : INFO : EventManager : Event: ======'machine_var_audits_switches_s_upper_2_target'====== Args={'value': 156, 'prev_value': None, 'change': True}
2024-11-20 20:36:18,419 : INFO : EventManager : Event: ======'machine_var_audits_switches_s_upper_3_drop'====== Args={'value': 75, 'prev_value': None, 'change': True}
2024-11-20 20:36:18,419 : INFO : EventManager : Event: ======'machine_var_audits_switches_s_upper_3_target'====== Args={'value': 69, 'prev_value': None, 'change': True}
2024-11-20 20:36:18,419 : INFO : EventManager : Event: ======'machine_var_audits_switches_s_upper_4_drop'====== Args={'value': 97, 'prev_value': None, 'change': True}
2024-11-20 20:36:18,419 : INFO : EventManager : Event: ======'machine_var_audits_switches_s_upper_4_target'====== Args={'value': 67, 'prev_value': None, 'change': True}
2024-11-20 20:36:18,419 : INFO : EventManager : Event: ======'machine_var_audits_switches_s_upper_pop'====== Args={'value': 782, 'prev_value': None, 'change': True}
2024-11-20 20:36:18,420 : INFO : EventManager : Event: ======'init_phase_5'====== Args={}
2024-11-20 20:36:18,423 : INFO : EventManager : Event: ======'init_done'====== Args={}
2024-11-20 20:36:18,424 : INFO : EventManager : Event: ======'machine_reset_phase_1'====== Args={}
2024-11-20 20:36:18,434 : INFO : EventManager : Event: ======'machine_reset_phase_2'====== Args={}
2024-11-20 20:36:18,435 : INFO : EventManager : Event: ======'machine_reset_phase_3'====== Args={}
2024-11-20 20:36:18,435 : INFO : drop_target_bank.upper : All targets are already up. Will not reset bank.
2024-11-20 20:36:18,435 : INFO : drop_target_bank.lower : All targets are already up. Will not reset bank.
2024-11-20 20:36:18,435 : INFO : EventManager : Event: ======'reset_complete'====== Args={}
2024-11-20 20:36:18,435 : INFO : EventManager : Event: ======'mode_attract_will_start'====== Args={}
2024-11-20 20:36:18,436 : INFO : EventManager : Event: ======'mode_attract_starting'====== Args={}
2024-11-20 20:36:18,436 : INFO : Mode.attract : Started. Priority: 10
2024-11-20 20:36:18,436 : INFO : EventManager : Event: ======'modes_active_modes_changed'====== Args={}
2024-11-20 20:36:18,436 : INFO : EventManager : Event: ======'mode_attract_started'====== Args={}
2024-11-20 20:36:18,436 : INFO : EventManager : Event: ======'collecting_balls_complete'====== Args={}
2024-11-20 20:36:18,436 : INFO : Machine : Starting the main run loop with active modes: [<Mode.attract>]
2024-11-20 20:36:18,483 : INFO : EventManager : Event: ======'slide_attract_scroll_created'====== Args={'_from_bcp': True}
2024-11-20 20:36:18,483 : INFO : EventManager : Event: ======'slide__removed'====== Args={'_from_bcp': True}
2024-11-20 20:36:18,483 : INFO : EventManager : Event: ======'slide_attract_scroll_active'====== Args={'original_context': 'attract', 'original_calling_context': 'mode_attract_started', 'priority': 10.0, 'cmd': 'slides_play', '_from_bcp': True}
2024-11-20 20:36:19,112 : INFO : BcpServer : New client connected.
2024-11-20 20:36:24,510 : INFO : SwitchController : <<<<<<< 's_main_outhole' active >>>>>>>
2024-11-20 20:36:25,012 : INFO : EventManager : Event: ======'balldevice_bd_drain_ball_count_changed'====== Args={'balls': 1}
2024-11-20 20:36:25,012 : INFO : ball_device.bd_drain : Received unexpected ball
2024-11-20 20:36:25,012 : INFO : EventManager : Event: ======'balldevice_captured_from_playfield'====== Args={'balls': 1}
2024-11-20 20:36:25,013 : INFO : EventManager : Event: ======'sw_playfield_active'====== Args={'balls': 1}
2024-11-20 20:36:25,013 : INFO : EventManager : Event: ======'playfield_active'====== Args={'source': None}
2024-11-20 20:36:25,013 : INFO : EventManager : Event: ======'unexpected_ball_on_playfield'====== Args={}
2024-11-20 20:36:25,014 : INFO : EventManager : Event: ======'playfield_ball_count_change'====== Args={'balls': -1, 'change': -1}
2024-11-20 20:36:25,014 : INFO : EventManager : Event: ======'balldevice_playfield_ball_enter'====== Args={'new_balls': 1, 'unclaimed_balls': 1, 'device': <playfield.playfield>}
2024-11-20 20:36:25,014 : INFO : EventManager : Event: ======'playfield_ball_count_change'====== Args={'balls': 0, 'change': 1}
2024-11-20 20:36:25,015 : INFO : BallController : Found a new ball which was captured from playfield. Known balls: 1
2024-11-20 20:36:25,015 : INFO : EventManager : Event: ======'found_new_ball'====== Args={}
2024-11-20 20:36:25,015 : INFO : EventManager : Event: ======'balldevice_bd_drain_ball_enter'====== Args={'new_balls': 1, 'unclaimed_balls': 1, 'new_available_balls': 1, 'device': <ball_device.bd_drain>}
2024-11-20 20:36:25,015 : INFO : EventManager : Event: ======'ball_drain'====== Args={'device': <ball_device.bd_drain>, 'balls': 1}
2024-11-20 20:36:25,016 : INFO : EventManager : Event: ======'balldevice_balls_available'====== Args={}
2024-11-20 20:36:25,016 : INFO : EventManager : Event: ======'balldevice_bd_drain_ball_entered'====== Args={'new_balls': 1, 'device': <ball_device.bd_drain>}
2024-11-20 20:36:27,752 : INFO : SwitchController : <<<<<<< 's_start' active >>>>>>>
2024-11-20 20:36:27,819 : INFO : SwitchController : <<<<<<< 's_start' inactive >>>>>>>
2024-11-20 20:36:27,820 : INFO : EventManager : Event: ======'request_to_start_game'====== Args={}
2024-11-20 20:36:27,820 : INFO : EventManager : Event: ======'game_start'====== Args={'buttons': [], 'hold_time': 0.0671220850199461}
2024-11-20 20:36:27,820 : INFO : EventManager : Event: ======'mode_game_will_start'====== Args={'buttons': [], 'hold_time': 0.0671220850199461}
2024-11-20 20:36:27,821 : INFO : EventManager : Event: ======'mode_game_starting'====== Args={'buttons': [], 'hold_time': 0.0671220850199461}
2024-11-20 20:36:27,821 : INFO : EventManager : Event: ======'mode_attract_will_stop'====== Args={}
2024-11-20 20:36:27,821 : INFO : EventManager : Event: ======'mode_attract_stopping'====== Args={}
2024-11-20 20:36:27,821 : INFO : Mode.attract : Stopped.
2024-11-20 20:36:27,822 : INFO : EventManager : Event: ======'modes_active_modes_changed'====== Args={}
2024-11-20 20:36:27,822 : INFO : EventManager : Event: ======'mode_attract_stopped'====== Args={}
2024-11-20 20:36:27,822 : INFO : EventManager : Event: ======'clear'====== Args={'key': 'attract'}
2024-11-20 20:36:27,822 : INFO : Mode.game : Started. Priority: 20
2024-11-20 20:36:27,822 : INFO : EventManager : Event: ======'modes_active_modes_changed'====== Args={}
2024-11-20 20:36:27,823 : INFO : EventManager : Event: ======'mode_game_started'====== Args={'buttons': [], 'hold_time': 0.0671220850199461}
2024-11-20 20:36:27,823 : INFO : EventManager : Event: ======'game_will_start'====== Args={}
2024-11-20 20:36:27,823 : INFO : EventManager : Event: ======'game_starting'====== Args={'game': <Mode.game>}
2024-11-20 20:36:27,824 : INFO : EventManager : Unordered handler for class <Auditor> on event game_ended with priority 1. Handlers: [RegisteredHandler(callback=<bound method Auditor.disable of <Auditor>>, priority=1, kwargs={}, key=UUID('a6a3955e-d442-4970-a455-9c05786f2b94'), condition=None, blocking_facility=None), RegisteredHandler(callback=<bound method Auditor._save_audits of <Auditor>>, priority=1, kwargs={}, key=UUID('a5b3fea5-b514-48e2-8c7d-17ad9876cec7'), condition=None, blocking_facility=None)]. The order of those handlers is not defined and they will be executed in random order. This might lead to race conditions and potential bugs.
2024-11-20 20:36:27,824 : INFO : EventManager : Event: ======'player_add_request'====== Args={}
2024-11-20 20:36:27,824 : INFO : EventManager : Event: ======'player_will_add'====== Args={'number': 1}
2024-11-20 20:36:27,824 : INFO : EventManager : Event: ======'player_adding'====== Args={'player': <Player 1>, 'number': 1}
2024-11-20 20:36:27,824 : INFO : EventManager : Event: ======'player_added'====== Args={'player': <Player 1>, 'num': 1}
2024-11-20 20:36:27,825 : INFO : Mode.game : Player added successfully. Total players: 1
2024-11-20 20:36:27,825 : INFO : EventManager : Event: ======'player_index'====== Args={'value': 0, 'prev_value': 0, 'change': 0, 'player_num': 1}
2024-11-20 20:36:27,825 : INFO : EventManager : Event: ======'player_number'====== Args={'value': 1, 'prev_value': 1, 'change': 0, 'player_num': 1}
2024-11-20 20:36:27,825 : INFO : EventManager : Event: ======'player_bonusx'====== Args={'value': 1, 'prev_value': 1, 'change': 0, 'player_num': 1}
2024-11-20 20:36:27,825 : INFO : EventManager : Event: ======'player_score'====== Args={'value': 0, 'prev_value': 0, 'change': 0, 'player_num': 1}
2024-11-20 20:36:27,826 : INFO : EventManager : Event: ======'game_started'====== Args={}
2024-11-20 20:36:27,826 : INFO : EventManager : Event: ======'player_turn_will_start'====== Args={'player': <Player 1>, 'number': 1}
2024-11-20 20:36:27,832 : INFO : EventManager : Event: ======'player_turn_starting'====== Args={'player': <Player 1>, 'number': 1}
2024-11-20 20:36:27,833 : INFO : EventManager : Event: ======'player_ball'====== Args={'value': 1, 'prev_value': 0, 'change': 1, 'player_num': 1}
2024-11-20 20:36:27,833 : INFO : EventManager : Event: ======'player_turn_started'====== Args={'player': <Player 1>, 'number': 1}
2024-11-20 20:36:27,833 : INFO : EventManager : Event: ======'ball_will_start'====== Args={'player': 1, 'ball': 1, 'balls_remaining': 2, 'is_extra_ball': False}
2024-11-20 20:36:27,834 : INFO : EventManager : Event: ======'ball_starting'====== Args={'player': 1, 'ball': 1, 'balls_remaining': 2, 'is_extra_ball': False}
2024-11-20 20:36:27,834 : INFO : EventManager : Event: ======'mode_base_will_start'====== Args={'queue': <QueuedEvent>, 'player': 1, 'ball': 1, 'balls_remaining': 2, 'is_extra_ball': False}
2024-11-20 20:36:27,834 : INFO : EventManager : Event: ======'player_shot_upper_pop_enabled'====== Args={'value': True, 'prev_value': 0, 'change': 1, 'player_num': 1}
2024-11-20 20:36:27,835 : INFO : EventManager : Event: ======'player_shot_lower_left_pop_enabled'====== Args={'value': True, 'prev_value': 0, 'change': 1, 'player_num': 1}
2024-11-20 20:36:27,835 : INFO : EventManager : Event: ======'player_shot_upper_left_pop_enabled'====== Args={'value': True, 'prev_value': 0, 'change': 1, 'player_num': 1}
2024-11-20 20:36:27,835 : INFO : EventManager : Event: ======'player_shot_10pt_enabled'====== Args={'value': True, 'prev_value': 0, 'change': 1, 'player_num': 1}
2024-11-20 20:36:27,836 : INFO : EventManager : Event: ======'player_shot_upper_1_enabled'====== Args={'value': True, 'prev_value': 0, 'change': 1, 'player_num': 1}
2024-11-20 20:36:27,836 : INFO : EventManager : Event: ======'player_shot_upper_2_enabled'====== Args={'value': True, 'prev_value': 0, 'change': 1, 'player_num': 1}
2024-11-20 20:36:27,836 : INFO : EventManager : Event: ======'player_shot_upper_3_enabled'====== Args={'value': True, 'prev_value': 0, 'change': 1, 'player_num': 1}
2024-11-20 20:36:27,837 : INFO : EventManager : Event: ======'player_shot_upper_4_enabled'====== Args={'value': True, 'prev_value': 0, 'change': 1, 'player_num': 1}
2024-11-20 20:36:27,837 : INFO : EventManager : Event: ======'player_shot_upper_1_drop_enabled'====== Args={'value': True, 'prev_value': 0, 'change': 1, 'player_num': 1}
2024-11-20 20:36:27,837 : INFO : EventManager : Event: ======'player_shot_upper_2_drop_enabled'====== Args={'value': True, 'prev_value': 0, 'change': 1, 'player_num': 1}
2024-11-20 20:36:27,837 : INFO : EventManager : Event: ======'player_shot_upper_3_drop_enabled'====== Args={'value': True, 'prev_value': 0, 'change': 1, 'player_num': 1}
2024-11-20 20:36:27,838 : INFO : EventManager : Event: ======'player_shot_upper_4_drop_enabled'====== Args={'value': True, 'prev_value': 0, 'change': 1, 'player_num': 1}
2024-11-20 20:36:27,838 : INFO : EventManager : Event: ======'player_shot_lower_1_drop_enabled'====== Args={'value': True, 'prev_value': 0, 'change': 1, 'player_num': 1}
2024-11-20 20:36:27,838 : INFO : EventManager : Event: ======'player_shot_lower_2_drop_enabled'====== Args={'value': True, 'prev_value': 0, 'change': 1, 'player_num': 1}
2024-11-20 20:36:27,839 : INFO : EventManager : Event: ======'player_shot_lower_3_drop_enabled'====== Args={'value': True, 'prev_value': 0, 'change': 1, 'player_num': 1}
2024-11-20 20:36:27,839 : INFO : EventManager : Event: ======'player_shot_lower_4_drop_enabled'====== Args={'value': True, 'prev_value': 0, 'change': 1, 'player_num': 1}
2024-11-20 20:36:27,839 : INFO : EventManager : Event: ======'player_shot_lower_5_drop_enabled'====== Args={'value': True, 'prev_value': 0, 'change': 1, 'player_num': 1}
2024-11-20 20:36:27,840 : INFO : EventManager : Event: ======'player_shot_lower_hole_enabled'====== Args={'value': True, 'prev_value': 0, 'change': 1, 'player_num': 1}
2024-11-20 20:36:27,840 : INFO : EventManager : Event: ======'player_shot_lower_left_enabled'====== Args={'value': True, 'prev_value': 0, 'change': 1, 'player_num': 1}
2024-11-20 20:36:27,840 : INFO : EventManager : Event: ======'player_shot_lower_right_enabled'====== Args={'value': True, 'prev_value': 0, 'change': 1, 'player_num': 1}
2024-11-20 20:36:27,840 : INFO : EventManager : Event: ======'player_shot_lower_pop_enabled'====== Args={'value': True, 'prev_value': 0, 'change': 1, 'player_num': 1}
2024-11-20 20:36:27,841 : INFO : EventManager : Event: ======'player_shot_lower_10pt_lower_enabled'====== Args={'value': True, 'prev_value': 0, 'change': 1, 'player_num': 1}
2024-11-20 20:36:27,841 : INFO : EventManager : Event: ======'player_shot_lower_10pt_drops_enabled'====== Args={'value': True, 'prev_value': 0, 'change': 1, 'player_num': 1}
2024-11-20 20:36:27,841 : INFO : EventManager : Event: ======'player_shot_lower_10pt_upper_enabled'====== Args={'value': True, 'prev_value': 0, 'change': 1, 'player_num': 1}
2024-11-20 20:36:27,842 : INFO : EventManager : Event: ======'player_shot_lower_slingshot_enabled'====== Args={'value': True, 'prev_value': 0, 'change': 1, 'player_num': 1}
2024-11-20 20:36:27,842 : INFO : EventManager : Event: ======'player_shot_lower_kick_target_enabled'====== Args={'value': True, 'prev_value': 0, 'change': 1, 'player_num': 1}
2024-11-20 20:36:27,842 : INFO : EventManager : Event: ======'player_shot_lower_rollover_enabled'====== Args={'value': True, 'prev_value': 0, 'change': 1, 'player_num': 1}
2024-11-20 20:36:27,842 : INFO : EventManager : Event: ======'player_shot_main_1_enabled'====== Args={'value': True, 'prev_value': 0, 'change': 1, 'player_num': 1}
2024-11-20 20:36:27,843 : INFO : EventManager : Event: ======'player_shot_main_2_enabled'====== Args={'value': True, 'prev_value': 0, 'change': 1, 'player_num': 1}
2024-11-20 20:36:27,843 : INFO : EventManager : Event: ======'player_shot_main_3_enabled'====== Args={'value': True, 'prev_value': 0, 'change': 1, 'player_num': 1}
2024-11-20 20:36:27,843 : INFO : EventManager : Event: ======'player_shot_main_4_enabled'====== Args={'value': True, 'prev_value': 0, 'change': 1, 'player_num': 1}
2024-11-20 20:36:27,844 : INFO : EventManager : Event: ======'player_shot_main_5_enabled'====== Args={'value': True, 'prev_value': 0, 'change': 1, 'player_num': 1}
2024-11-20 20:36:27,844 : INFO : EventManager : Event: ======'player_shot_main_slingshot_enabled'====== Args={'value': True, 'prev_value': 0, 'change': 1, 'player_num': 1}
2024-11-20 20:36:27,844 : INFO : EventManager : Event: ======'player_shot_right_outlane_enabled'====== Args={'value': True, 'prev_value': 0, 'change': 1, 'player_num': 1}
2024-11-20 20:36:27,845 : INFO : EventManager : Event: ======'player_shot_right_inlane_enabled'====== Args={'value': True, 'prev_value': 0, 'change': 1, 'player_num': 1}
2024-11-20 20:36:27,845 : INFO : EventManager : Event: ======'player_shot_left_inlane_enabled'====== Args={'value': True, 'prev_value': 0, 'change': 1, 'player_num': 1}
2024-11-20 20:36:27,845 : INFO : EventManager : Event: ======'player_shot_left_outlane_enabled'====== Args={'value': True, 'prev_value': 0, 'change': 1, 'player_num': 1}
2024-11-20 20:36:27,845 : INFO : EventManager : Event: ======'player_shot_standup_right_enabled'====== Args={'value': True, 'prev_value': 0, 'change': 1, 'player_num': 1}
2024-11-20 20:36:27,846 : INFO : EventManager : Event: ======'player_shot_right_kickout_enabled'====== Args={'value': True, 'prev_value': 0, 'change': 1, 'player_num': 1}
2024-11-20 20:36:27,846 : INFO : EventManager : Event: ======'player_shot_rollunder_enabled'====== Args={'value': True, 'prev_value': 0, 'change': 1, 'player_num': 1}
2024-11-20 20:36:27,846 : INFO : EventManager : Event: ======'player_shot_main_trough_1_enabled'====== Args={'value': True, 'prev_value': 0, 'change': 1, 'player_num': 1}
2024-11-20 20:36:27,848 : INFO : EventManager : Event: ======'mode_base_starting'====== Args={'queue': <QueuedEvent>, 'player': 1, 'ball': 1, 'balls_remaining': 2, 'is_extra_ball': False}
2024-11-20 20:36:27,849 : INFO : drop_target_bank.upper : All targets are already up. Will not reset bank.
2024-11-20 20:36:27,849 : INFO : drop_target_bank.lower : All targets are already up. Will not reset bank.
2024-11-20 20:36:27,849 : INFO : EventManager : Event: ======'balls_in_play'====== Args={'balls': 1}
2024-11-20 20:36:27,849 : INFO : EventManager : Event: ======'ball_started'====== Args={'player': 1, 'ball': 1, 'balls_remaining': 2, 'is_extra_ball': False}
2024-11-20 20:36:27,853 : INFO : EventManager : Event: ======'logicblock_attic_drop_counter_updated'====== Args={'value': 0, 'enabled': True}
2024-11-20 20:36:27,853 : INFO : EventManager : Event: ======'logicblock_attic_drop_counter_updated'====== Args={'value': 0, 'enabled': True}
2024-11-20 20:36:27,853 : INFO : Mode.base : Started. Priority: 100
2024-11-20 20:36:27,853 : INFO : EventManager : Event: ======'modes_active_modes_changed'====== Args={}
2024-11-20 20:36:27,854 : INFO : EventManager : Event: ======'mode_base_started'====== Args={'queue': <QueuedEvent>, 'player': 1, 'ball': 1, 'balls_remaining': 2, 'is_extra_ball': False}
2024-11-20 20:36:27,854 : INFO : EventManager : Event: ======'single_player_ball_started'====== Args={}
2024-11-20 20:36:27,854 : INFO : EventManager : Event: ======'ball_start_target'====== Args={'target': 'playfield'}
2024-11-20 20:36:27,854 : INFO : ball_device.bd_drain : Setting up player-controlled eject. Balls: 1, Target: <playfield.playfield>, player_controlled_eject_event: None
2024-11-20 20:36:27,855 : INFO : ball_device.bd_drain : Adding 1 ball(s) to the eject_queue with target <playfield.playfield>.
2024-11-20 20:36:27,855 : INFO : EventManager : Event: ======'balldevice_balls_available'====== Args={}
2024-11-20 20:36:27,855 : INFO : ball_device.bd_drain : State: waiting_for_target_ready
2024-11-20 20:36:27,855 : INFO : EventManager : Event: ======'balldevice_bd_drain_ball_eject_attempt'====== Args={'balls': 1, 'target': <playfield.playfield>, 'source': <ball_device.bd_drain>, 'mechanical_eject': False, 'num_attempts': 0}
2024-11-20 20:36:27,855 : INFO : ball_device.bd_drain : State: ejecting
2024-11-20 20:36:27,856 : INFO : ball_device.bd_drain : Ejecting ball to <playfield.playfield>
2024-11-20 20:36:27,856 : INFO : EventManager : Event: ======'balldevice_bd_drain_ejecting_ball'====== Args={'balls': 1, 'target': <playfield.playfield>, 'source': <ball_device.bd_drain>, 'mechanical_eject': False, 'num_attempts': 0}
2024-11-20 20:36:27,856 : INFO : ball_device.bd_drain : Wait for ball to leave device
2024-11-20 20:36:27,856 : INFO : coil.c_main_outhole : Pulsing Driver for 60ms (1.0 pulse_power)
2024-11-20 20:36:27,869 : INFO : EventManager : Event: ======'slide_base_created'====== Args={'_from_bcp': True}
2024-11-20 20:36:27,869 : INFO : EventManager : Event: ======'slide_attract_scroll_inactive'====== Args={'is_removing': True, '_from_bcp': True}
2024-11-20 20:36:27,869 : INFO : EventManager : Event: ======'slide_base_active'====== Args={'original_context': 'base', 'original_calling_context': 'mode_base_started', 'priority': 100.0, 'queue': '<QueuedEvent>', 'player': 1.0, 'ball': 1.0, 'balls_remaining': 2.0, 'is_extra_ball': False, 'cmd': 'slides_play', '_from_bcp': True}
2024-11-20 20:36:27,869 : INFO : EventManager : Event: ======'slide_attract_scroll_removed'====== Args={'_from_bcp': True}
2024-11-20 20:36:28,836 : INFO : SwitchController : <<<<<<< 's_main_outhole' inactive >>>>>>>
2024-11-20 20:36:28,836 : INFO : ball_device.bd_drain : State: ball_left
2024-11-20 20:36:28,836 : INFO : ball_device.bd_drain : Ball left
2024-11-20 20:36:28,836 : INFO : ball_device.bd_drain : Wait for confirm with timeout 10.0
2024-11-20 20:36:28,919 : INFO : SwitchController : <<<<<<< 's_main_outhole' active >>>>>>>
2024-11-20 20:36:28,919 : INFO : EventManager : Event: ======'machine_var_audits_switches_s_main_outhole'====== Args={'value': 465, 'prev_value': 464, 'change': 1}
2024-11-20 20:36:29,702 : INFO : SwitchController : <<<<<<< 's_main_outhole' inactive >>>>>>>
2024-11-20 20:36:32,103 : INFO : SwitchController : <<<<<<< 's_upper_pop' active >>>>>>>
2024-11-20 20:36:32,103 : INFO : EventManager : Event: ======'playfield_active'====== Args={'source': 'upper_pop'}
2024-11-20 20:36:32,103 : INFO : EventManager : Event: ======'s_upper_pop_active'====== Args={}
2024-11-20 20:36:32,103 : INFO : EventManager : Event: ======'playfield_active'====== Args={'source': 'upper_pop'}
2024-11-20 20:36:32,103 : INFO : EventManager : Event: ======'machine_var_audits_switches_s_upper_pop'====== Args={'value': 783, 'prev_value': 782, 'change': 1}
2024-11-20 20:36:32,104 : INFO : EventManager : Event: ======'player_shot_upper_pop'====== Args={'value': 1, 'prev_value': 0, 'change': 1, 'player_num': 1}
2024-11-20 20:36:32,108 : INFO : EventManager : Event: ======'machine_var_audits_shots_upper_pop'====== Args={'value': 551, 'prev_value': 550, 'change': 1}
2024-11-20 20:36:32,108 : INFO : EventManager : Event: ======'upper_pop_hit'====== Args={'profile': 'default', 'state': 'unlit', 'advancing': True}
2024-11-20 20:36:32,109 : INFO : EventManager : Event: ======'upper_pop_default_hit'====== Args={'profile': 'default', 'state': 'unlit', 'advancing': True}
2024-11-20 20:36:32,109 : INFO : EventManager : Event: ======'upper_pop_default_unlit_hit'====== Args={'profile': 'default', 'state': 'unlit', 'advancing': True}
2024-11-20 20:36:32,109 : INFO : EventManager : Event: ======'upper_pop_unlit_hit'====== Args={'profile': 'default', 'state': 'unlit', 'advancing': True}
2024-11-20 20:36:32,109 : INFO : EventManager : Event: ======'player_score'====== Args={'value': 1000, 'prev_value': 0, 'change': 1000, 'player_num': 1, 'source': 'base'}
2024-11-20 20:36:32,110 : INFO : ball_device.bd_drain : Got eject confirm
2024-11-20 20:36:32,111 : INFO : ball_device.bd_drain : Eject successful
2024-11-20 20:36:32,111 : INFO : EventManager : Event: ======'balldevice_bd_drain_ball_eject_success'====== Args={'balls': 1, 'target': <playfield.playfield>}
2024-11-20 20:36:32,111 : INFO : EventManager : Event: ======'balldevice_playfield_ball_enter'====== Args={'new_balls': 1, 'unclaimed_balls': 1, 'device': <playfield.playfield>}
2024-11-20 20:36:32,111 : INFO : EventManager : Event: ======'playfield_ball_count_change'====== Args={'balls': 1, 'change': 1}
2024-11-20 20:36:32,111 : INFO : EventManager : Event: ======'balldevice_bd_drain_ball_count_changed'====== Args={'balls': 0}
2024-11-20 20:36:32,111 : INFO : ball_device.bd_drain : State: idle
2024-11-20 20:36:32,185 : INFO : SwitchController : <<<<<<< 's_upper_pop' inactive >>>>>>>
2024-11-20 20:36:32,320 : INFO : SwitchController : <<<<<<< 's_upper_pop' active >>>>>>>
2024-11-20 20:36:32,320 : INFO : EventManager : Event: ======'s_upper_pop_active'====== Args={}
2024-11-20 20:36:32,320 : INFO : EventManager : Event: ======'machine_var_audits_switches_s_upper_pop'====== Args={'value': 784, 'prev_value': 783, 'change': 1}
2024-11-20 20:36:32,321 : INFO : EventManager : Event: ======'machine_var_audits_shots_upper_pop'====== Args={'value': 552, 'prev_value': 551, 'change': 1}
2024-11-20 20:36:32,321 : INFO : EventManager : Event: ======'upper_pop_hit'====== Args={'profile': 'default', 'state': 'lit', 'advancing': False}
2024-11-20 20:36:32,322 : INFO : EventManager : Event: ======'upper_pop_default_hit'====== Args={'profile': 'default', 'state': 'lit', 'advancing': False}
2024-11-20 20:36:32,322 : INFO : EventManager : Event: ======'upper_pop_default_lit_hit'====== Args={'profile': 'default', 'state': 'lit', 'advancing': False}
2024-11-20 20:36:32,322 : INFO : EventManager : Event: ======'upper_pop_lit_hit'====== Args={'profile': 'default', 'state': 'lit', 'advancing': False}
2024-11-20 20:36:32,322 : INFO : EventManager : Event: ======'player_score'====== Args={'value': 2000, 'prev_value': 1000, 'change': 1000, 'player_num': 1, 'source': 'base'}
2024-11-20 20:36:32,402 : INFO : SwitchController : <<<<<<< 's_upper_pop' inactive >>>>>>>
2024-11-20 20:36:33,737 : INFO : SwitchController : <<<<<<< 's_upper_1_drop' active >>>>>>>
2024-11-20 20:36:33,737 : INFO : EventManager : Event: ======'s_upper_1_drop_active'====== Args={}
2024-11-20 20:36:33,737 : INFO : EventManager : Event: ======'drop_target_u1_drop_down'====== Args={'device': <drop_target.u1_drop>}
2024-11-20 20:36:33,738 : INFO : EventManager : Event: ======'drop_target_bank_upper_mixed'====== Args={'prev_value': <DropTargetBankState.UP: 'up'>, 'down': 1}
2024-11-20 20:36:33,738 : INFO : EventManager : Event: ======'machine_var_audits_switches_s_upper_1_drop'====== Args={'value': 70, 'prev_value': 69, 'change': 1}
2024-11-20 20:36:33,738 : INFO : EventManager : Event: ======'player_shot_upper_1_drop'====== Args={'value': 1, 'prev_value': 0, 'change': 1, 'player_num': 1}
2024-11-20 20:36:33,739 : INFO : EventManager : Event: ======'machine_var_audits_shots_upper_1_drop'====== Args={'value': 62, 'prev_value': 61, 'change': 1}
2024-11-20 20:36:33,739 : INFO : EventManager : Event: ======'upper_1_drop_hit'====== Args={'profile': 'default', 'state': 'unlit', 'advancing': True}
2024-11-20 20:36:33,739 : INFO : EventManager : Event: ======'upper_1_drop_default_hit'====== Args={'profile': 'default', 'state': 'unlit', 'advancing': True}
2024-11-20 20:36:33,739 : INFO : EventManager : Event: ======'upper_1_drop_default_unlit_hit'====== Args={'profile': 'default', 'state': 'unlit', 'advancing': True}
2024-11-20 20:36:33,739 : INFO : EventManager : Event: ======'upper_1_drop_unlit_hit'====== Args={'profile': 'default', 'state': 'unlit', 'advancing': True}
2024-11-20 20:36:33,740 : INFO : EventManager : Event: ======'player_score'====== Args={'value': 5000, 'prev_value': 2000, 'change': 3000, 'player_num': 1, 'source': 'base'}
2024-11-20 20:36:33,987 : INFO : SwitchController : <<<<<<< 's_upper_1_drop' inactive >>>>>>>
2024-11-20 20:36:33,988 : INFO : EventManager : Event: ======'drop_target_u1_drop_up'====== Args={'device': <drop_target.u1_drop>}
2024-11-20 20:36:33,988 : INFO : EventManager : Event: ======'drop_target_bank_upper_up'====== Args={}
2024-11-20 20:36:34,821 : INFO : SwitchController : <<<<<<< 's_upper_1_drop' active >>>>>>>
2024-11-20 20:36:34,821 : INFO : EventManager : Event: ======'s_upper_1_drop_active'====== Args={}
2024-11-20 20:36:34,822 : INFO : EventManager : Event: ======'drop_target_u1_drop_down'====== Args={'device': <drop_target.u1_drop>}
2024-11-20 20:36:34,822 : INFO : EventManager : Event: ======'drop_target_bank_upper_mixed'====== Args={'prev_value': <DropTargetBankState.UP: 'up'>, 'down': 1}
2024-11-20 20:36:34,822 : INFO : EventManager : Event: ======'machine_var_audits_switches_s_upper_1_drop'====== Args={'value': 71, 'prev_value': 70, 'change': 1}
2024-11-20 20:36:34,823 : INFO : EventManager : Event: ======'machine_var_audits_shots_upper_1_drop'====== Args={'value': 63, 'prev_value': 62, 'change': 1}
2024-11-20 20:36:34,823 : INFO : EventManager : Event: ======'upper_1_drop_hit'====== Args={'profile': 'default', 'state': 'lit', 'advancing': False}
2024-11-20 20:36:34,823 : INFO : EventManager : Event: ======'upper_1_drop_default_hit'====== Args={'profile': 'default', 'state': 'lit', 'advancing': False}
2024-11-20 20:36:34,823 : INFO : EventManager : Event: ======'upper_1_drop_default_lit_hit'====== Args={'profile': 'default', 'state': 'lit', 'advancing': False}
2024-11-20 20:36:34,824 : INFO : EventManager : Event: ======'upper_1_drop_lit_hit'====== Args={'profile': 'default', 'state': 'lit', 'advancing': False}
2024-11-20 20:36:34,824 : INFO : EventManager : Event: ======'player_score'====== Args={'value': 8000, 'prev_value': 5000, 'change': 3000, 'player_num': 1, 'source': 'base'}
2024-11-20 20:36:35,902 : INFO : SwitchController : <<<<<<< 's_upper_2_drop' active >>>>>>>
2024-11-20 20:36:35,902 : INFO : EventManager : Event: ======'s_upper_2_drop_active'====== Args={}
2024-11-20 20:36:35,903 : INFO : EventManager : Event: ======'drop_target_u2_drop_down'====== Args={'device': <drop_target.u2_drop>}
2024-11-20 20:36:35,903 : INFO : EventManager : Event: ======'drop_target_bank_upper_mixed'====== Args={'prev_value': <DropTargetBankState.MIXED: 'mixed'>, 'down': 2}
2024-11-20 20:36:35,903 : INFO : EventManager : Event: ======'machine_var_audits_switches_s_upper_2_drop'====== Args={'value': 64, 'prev_value': 63, 'change': 1}
2024-11-20 20:36:35,904 : INFO : EventManager : Event: ======'player_shot_upper_2_drop'====== Args={'value': 1, 'prev_value': 0, 'change': 1, 'player_num': 1}
2024-11-20 20:36:35,904 : INFO : EventManager : Event: ======'machine_var_audits_shots_upper_2_drop'====== Args={'value': 47, 'prev_value': 46, 'change': 1}
2024-11-20 20:36:35,904 : INFO : EventManager : Event: ======'upper_2_drop_hit'====== Args={'profile': 'default', 'state': 'unlit', 'advancing': True}
2024-11-20 20:36:35,905 : INFO : EventManager : Event: ======'upper_2_drop_default_hit'====== Args={'profile': 'default', 'state': 'unlit', 'advancing': True}
2024-11-20 20:36:35,905 : INFO : EventManager : Event: ======'upper_2_drop_default_unlit_hit'====== Args={'profile': 'default', 'state': 'unlit', 'advancing': True}
2024-11-20 20:36:35,905 : INFO : EventManager : Event: ======'upper_2_drop_unlit_hit'====== Args={'profile': 'default', 'state': 'unlit', 'advancing': True}
2024-11-20 20:36:35,905 : INFO : EventManager : Event: ======'player_score'====== Args={'value': 11000, 'prev_value': 8000, 'change': 3000, 'player_num': 1, 'source': 'base'}
2024-11-20 20:36:37,371 : INFO : SwitchController : <<<<<<< 's_upper_3_drop' active >>>>>>>
2024-11-20 20:36:37,371 : INFO : EventManager : Event: ======'s_upper_3_drop_active'====== Args={}
2024-11-20 20:36:37,371 : INFO : EventManager : Event: ======'drop_target_u3_drop_down'====== Args={'device': <drop_target.u3_drop>}
2024-11-20 20:36:37,371 : INFO : EventManager : Event: ======'drop_target_bank_upper_mixed'====== Args={'prev_value': <DropTargetBankState.MIXED: 'mixed'>, 'down': 3}
2024-11-20 20:36:37,372 : INFO : EventManager : Event: ======'machine_var_audits_switches_s_upper_3_drop'====== Args={'value': 76, 'prev_value': 75, 'change': 1}
2024-11-20 20:36:37,372 : INFO : EventManager : Event: ======'player_shot_upper_3_drop'====== Args={'value': 1, 'prev_value': 0, 'change': 1, 'player_num': 1}
2024-11-20 20:36:37,376 : INFO : EventManager : Event: ======'machine_var_audits_shots_upper_3_drop'====== Args={'value': 66, 'prev_value': 65, 'change': 1}
2024-11-20 20:36:37,377 : INFO : EventManager : Event: ======'upper_3_drop_hit'====== Args={'profile': 'default', 'state': 'unlit', 'advancing': True}
2024-11-20 20:36:37,377 : INFO : EventManager : Event: ======'upper_3_drop_default_hit'====== Args={'profile': 'default', 'state': 'unlit', 'advancing': True}
2024-11-20 20:36:37,377 : INFO : EventManager : Event: ======'upper_3_drop_default_unlit_hit'====== Args={'profile': 'default', 'state': 'unlit', 'advancing': True}
2024-11-20 20:36:37,377 : INFO : EventManager : Event: ======'upper_3_drop_unlit_hit'====== Args={'profile': 'default', 'state': 'unlit', 'advancing': True}
2024-11-20 20:36:37,377 : INFO : EventManager : Event: ======'player_score'====== Args={'value': 14000, 'prev_value': 11000, 'change': 3000, 'player_num': 1, 'source': 'base'}
2024-11-20 20:36:37,488 : INFO : SwitchController : <<<<<<< 's_upper_3_drop' inactive >>>>>>>
2024-11-20 20:36:37,488 : INFO : EventManager : Event: ======'drop_target_u3_drop_up'====== Args={'device': <drop_target.u3_drop>}
2024-11-20 20:36:37,489 : INFO : EventManager : Event: ======'drop_target_bank_upper_mixed'====== Args={'prev_value': <DropTargetBankState.MIXED: 'mixed'>, 'down': 2}
2024-11-20 20:36:38,350 : INFO : SwitchController : <<<<<<< 's_upper_3_drop' active >>>>>>>
2024-11-20 20:36:38,350 : INFO : EventManager : Event: ======'s_upper_3_drop_active'====== Args={}
2024-11-20 20:36:38,350 : INFO : EventManager : Event: ======'drop_target_u3_drop_down'====== Args={'device': <drop_target.u3_drop>}
2024-11-20 20:36:38,351 : INFO : EventManager : Event: ======'drop_target_bank_upper_mixed'====== Args={'prev_value': <DropTargetBankState.MIXED: 'mixed'>, 'down': 3}
2024-11-20 20:36:38,351 : INFO : EventManager : Event: ======'machine_var_audits_switches_s_upper_3_drop'====== Args={'value': 77, 'prev_value': 76, 'change': 1}
2024-11-20 20:36:38,352 : INFO : EventManager : Event: ======'machine_var_audits_shots_upper_3_drop'====== Args={'value': 67, 'prev_value': 66, 'change': 1}
2024-11-20 20:36:38,352 : INFO : EventManager : Event: ======'upper_3_drop_hit'====== Args={'profile': 'default', 'state': 'lit', 'advancing': False}
2024-11-20 20:36:38,352 : INFO : EventManager : Event: ======'upper_3_drop_default_hit'====== Args={'profile': 'default', 'state': 'lit', 'advancing': False}
2024-11-20 20:36:38,352 : INFO : EventManager : Event: ======'upper_3_drop_default_lit_hit'====== Args={'profile': 'default', 'state': 'lit', 'advancing': False}
2024-11-20 20:36:38,353 : INFO : EventManager : Event: ======'upper_3_drop_lit_hit'====== Args={'profile': 'default', 'state': 'lit', 'advancing': False}
2024-11-20 20:36:38,353 : INFO : EventManager : Event: ======'player_score'====== Args={'value': 17000, 'prev_value': 14000, 'change': 3000, 'player_num': 1, 'source': 'base'}
2024-11-20 20:36:39,230 : INFO : SwitchController : <<<<<<< 's_upper_4_drop' active >>>>>>>
2024-11-20 20:36:39,230 : INFO : EventManager : Event: ======'s_upper_4_drop_active'====== Args={}
2024-11-20 20:36:39,230 : INFO : EventManager : Event: ======'drop_target_u4_drop_down'====== Args={'device': <drop_target.u4_drop>}
2024-11-20 20:36:39,231 : INFO : EventManager : Event: ======'drop_target_bank_upper_down'====== Args={}
2024-11-20 20:36:39,231 : INFO : EventManager : Event: ======'machine_var_audits_switches_s_upper_4_drop'====== Args={'value': 98, 'prev_value': 97, 'change': 1}
2024-11-20 20:36:39,232 : INFO : EventManager : Event: ======'player_shot_upper_4_drop'====== Args={'value': 1, 'prev_value': 0, 'change': 1, 'player_num': 1}
2024-11-20 20:36:39,232 : INFO : EventManager : Event: ======'machine_var_audits_shots_upper_4_drop'====== Args={'value': 80, 'prev_value': 79, 'change': 1}
2024-11-20 20:36:39,233 : INFO : EventManager : Event: ======'upper_4_drop_hit'====== Args={'profile': 'default', 'state': 'unlit', 'advancing': True}
2024-11-20 20:36:39,233 : INFO : EventManager : Event: ======'upper_4_drop_default_hit'====== Args={'profile': 'default', 'state': 'unlit', 'advancing': True}
2024-11-20 20:36:39,233 : INFO : EventManager : Event: ======'upper_4_drop_default_unlit_hit'====== Args={'profile': 'default', 'state': 'unlit', 'advancing': True}
2024-11-20 20:36:39,233 : INFO : EventManager : Event: ======'upper_4_drop_unlit_hit'====== Args={'profile': 'default', 'state': 'unlit', 'advancing': True}
2024-11-20 20:36:39,233 : INFO : EventManager : Event: ======'player_score'====== Args={'value': 20000, 'prev_value': 17000, 'change': 3000, 'player_num': 1, 'source': 'base'}
2024-11-20 20:36:39,235 : INFO : EventManager : Event: ======'logicblock_attic_drop_counter_updated'====== Args={'value': 1, 'enabled': True}
2024-11-20 20:36:39,235 : INFO : EventManager : Event: ======'counter_attic_drop_counter_hit'====== Args={'count': 1, 'hits': 1, 'remaining': 3}
2024-11-20 20:36:39,235 : INFO : EventManager : Event: ======'logicblock_attic_drop_counter_hit'====== Args={'count': 1, 'hits': 1, 'remaining': 3}
2024-11-20 20:36:40,232 : INFO : drop_target_bank.upper : 4 targets are down. Will reset those.
2024-11-20 20:36:40,232 : INFO : coil.c_upper_drop : Pulsing Driver for 75ms (1.0 pulse_power)
2024-11-20 20:37:22,162 : INFO : Machine : Shutting down...
2024-11-20 20:37:22,162 : INFO : EventManager : Event: ======'shutdown'====== Args={}
2024-11-20 20:37:22,164 : INFO : EventManager : Event: ======'mode_game_will_stop'====== Args={}
2024-11-20 20:37:22,164 : INFO : EventManager : Event: ======'mode_game_stopping'====== Args={}
2024-11-20 20:37:22,165 : INFO : EventManager : Event: ======'mode_base_will_stop'====== Args={}
2024-11-20 20:37:22,165 : INFO : EventManager : Event: ======'mode_base_stopping'====== Args={}
2024-11-20 20:37:22,165 : INFO : Mode.base : Stopped.
2024-11-20 20:37:22,165 : INFO : EventManager : Event: ======'modes_active_modes_changed'====== Args={}
2024-11-20 20:37:22,165 : INFO : EventManager : Event: ======'mode_base_stopped'====== Args={}
2024-11-20 20:37:22,165 : INFO : EventManager : Event: ======'clear'====== Args={'key': 'base'}
2024-11-20 20:37:22,167 : INFO : Mode.game : Stopped.
2024-11-20 20:37:22,167 : INFO : EventManager : Event: ======'modes_active_modes_changed'====== Args={}
2024-11-20 20:37:22,167 : INFO : EventManager : Event: ======'mode_game_stopped'====== Args={}
2024-11-20 20:37:22,167 : INFO : EventManager : Event: ======'clear'====== Args={'key': 'game'}
2024-11-20 20:37:22,181 : INFO : root : MPF run loop ended.
