2024-10-29 19:31:07,164 : INFO : Machine : Mission Pinball Framework Core Engine v0.53.3
2024-10-29 19:31:07,164 : INFO : Machine : Command line arguments: {'no_load_cache': False, 'create_config_cache': True, 'bcp': True, 'configfile': ['config.yaml'], 'mpfconfigfile': 'c:\\users\\hans\\appdata\\local\\programs\\python\\python36-32\\lib\\site-packages\\mpf\\mpfconfig.yaml', 'force_assets_load': False, 'jsonlogging': False, 'logfile': 'logs\\2024-10-29-19-31-07-mpf-Hans-PC.log', 'pause': False, 'production': False, 'text_ui': True, 'loglevel': 15, 'consoleloglevel': 20, 'force_platform': None, 'syslog_address': None, 'mc_file_name': None, 'no_sound': False}
2024-10-29 19:31:07,164 : INFO : Machine : MPF path: c:\users\hans\appdata\local\programs\python\python36-32\lib\site-packages\mpf
2024-10-29 19:31:07,164 : INFO : Machine : Machine path: c:\pinball\HauntedHouse
2024-10-29 19:31:07,164 : INFO : Machine : Platform: win32
2024-10-29 19:31:07,164 : INFO : Machine : Python executable location: c:\users\hans\appdata\local\programs\python\python36-32\python.exe
2024-10-29 19:31:07,164 : INFO : Machine : Python version: 3.6.8 (32-bit)
2024-10-29 19:31:07,164 : INFO : Machine : Machine config file #1: config.yaml
2024-10-29 19:31:07,180 : INFO : ConfigProcessor : Loading config from cache: C:\Users\Hans\AppData\Local\Temp\8581ccc181ef0d358ef475e75ab46d50.mpf_cache
2024-10-29 19:31:07,196 : INFO : Machine : Initialise MPF.
2024-10-29 19:31:10,768 : INFO : ConfigValidator : Config spec file cache created: C:\Users\Hans\AppData\Local\Temp\config_spec.mpf_cache
2024-10-29 19:31:11,532 : INFO : P3-ROC : Connecting to P-ROC
2024-10-29 19:31:12,063 : INFO : P3-ROC : Successfully connected to P-ROC/P3-ROC. Firmware Version: 2. Firmware Revision: 6. Hardware Board ID: 1
2024-10-29 19:31:12,359 : INFO : EventManager : Event: ======'machine_var_p_roc_version'====== Args={'value': 2, 'prev_value': None, 'change': True}
2024-10-29 19:31:12,359 : INFO : EventManager : Event: ======'machine_var_p_roc_revision'====== Args={'value': 6, 'prev_value': None, 'change': True}
2024-10-29 19:31:12,359 : INFO : EventManager : Event: ======'machine_var_p_roc_hardware_version'====== Args={'value': 1, 'prev_value': None, 'change': True}
2024-10-29 19:31:12,406 : INFO : EventManager : Event: ======'machine_var_credits_string'====== Args={'value': 'FREE PLAY', 'prev_value': None, 'change': True}
2024-10-29 19:31:12,718 : INFO : EventManager : Event: ======'machine_var_player1_score'====== Args={'value': 78890, 'prev_value': None, 'change': True}
2024-10-29 19:31:12,718 : INFO : EventManager : Event: ======'machine_var_mpf_version'====== Args={'value': 'MPF v0.53.3', 'prev_value': None, 'change': True}
2024-10-29 19:31:12,718 : INFO : EventManager : Event: ======'machine_var_mpf_extended_version'====== Args={'value': 'MPF v0.53.3, Config version:5, Show version: 5, BCP version:1.1', 'prev_value': None, 'change': True}
2024-10-29 19:31:12,718 : INFO : EventManager : Event: ======'machine_var_python_version'====== Args={'value': '3.6.8', 'prev_value': None, 'change': True}
2024-10-29 19:31:12,718 : INFO : EventManager : Event: ======'machine_var_platform'====== Args={'value': 'Windows-7-6.1.7601-SP1', 'prev_value': None, 'change': True}
2024-10-29 19:31:12,718 : INFO : EventManager : Event: ======'machine_var_platform_system'====== Args={'value': 'Windows', 'prev_value': None, 'change': True}
2024-10-29 19:31:12,718 : INFO : EventManager : Event: ======'machine_var_platform_release'====== Args={'value': '7', 'prev_value': None, 'change': True}
2024-10-29 19:31:12,718 : INFO : EventManager : Event: ======'machine_var_platform_version'====== Args={'value': '6.1.7601', 'prev_value': None, 'change': True}
2024-10-29 19:31:12,718 : INFO : EventManager : Event: ======'machine_var_platform_machine'====== Args={'value': 'x86', 'prev_value': None, 'change': True}
2024-10-29 19:31:12,718 : INFO : EventManager : Event: ======'init_phase_1'====== Args={}
2024-10-29 19:31:12,905 : INFO : ConfigProcessor : Loading config from cache: C:\Users\Hans\AppData\Local\Temp\d76107c5530c79c66b14f6c7ae8e547b.mpf_cache
2024-10-29 19:31:12,936 : WARNING : ConfigProcessor : Config file in cache changed: c:\pinball\HauntedHouse\modes\attract\config\attract.yaml
2024-10-29 19:31:12,936 : INFO : ConfigProcessor : Loading config from file c:\users\hans\appdata\local\programs\python\python36-32\lib\site-packages\mpf\modes\attract\config\attract.yaml.
2024-10-29 19:31:12,952 : INFO : ConfigProcessor : Loading config: c:\users\hans\appdata\local\programs\python\python36-32\lib\site-packages\mpf\modes\attract\config\attract.yaml
2024-10-29 19:31:12,952 : INFO : ConfigProcessor : Loading config from file c:\pinball\HauntedHouse\modes\attract\config\attract.yaml.
2024-10-29 19:31:12,952 : INFO : ConfigProcessor : Loading config: c:\pinball\HauntedHouse\modes\attract\config\attract.yaml
2024-10-29 19:31:12,952 : INFO : ConfigProcessor : Config file cache created: C:\Users\Hans\AppData\Local\Temp\a46c51aeb40f4f74ae22fa70337cda73.mpf_cache
2024-10-29 19:31:12,983 : INFO : ConfigProcessor : Loading config from cache: C:\Users\Hans\AppData\Local\Temp\7d6c1285f2e862430ea29e9aa05d0f73.mpf_cache
2024-10-29 19:31:13,326 : INFO : EventManager : Event: ======'drop_target_bank_upper_up'====== Args={}
2024-10-29 19:31:13,326 : INFO : EventManager : Event: ======'drop_target_bank_lower_up'====== Args={}
2024-10-29 19:31:13,358 : INFO : EventManager : Event: ======'init_phase_2'====== Args={}
2024-10-29 19:31:13,420 : INFO : SwitchController : Found active switch: (49, <Platform.P3-ROC>)
2024-10-29 19:31:13,420 : INFO : SwitchController : Found active switch: (8, <Platform.P3-ROC>)
2024-10-29 19:31:13,420 : INFO : SwitchController : Found active switch: (10, <Platform.P3-ROC>)
2024-10-29 19:31:13,420 : INFO : SwitchController : Found active switch: (11, <Platform.P3-ROC>)
2024-10-29 19:31:13,482 : INFO : EventManager : Event: ======'bcp_connection_attempt'====== Args={'name': 'local_display', 'host': 'localhost', 'port': 5050}
2024-10-29 19:31:13,482 : INFO : BCPClientSocket : Connecting BCP to 'local_display' at localhost:5050...
2024-10-29 19:31:17,201 : INFO : BCPClientSocket : Connected BCP to 'local_display' localhost:5050
2024-10-29 19:31:17,207 : INFO : EventManager : Event: ======'machine_var_mc_version'====== Args={'value': 'MPF-MC v0.53.3', 'prev_value': None, 'change': True}
2024-10-29 19:31:17,208 : INFO : EventManager : Event: ======'machine_var_mc_extended_version'====== Args={'value': 'MPF-MC v0.53.3 (config_version=5, BCP v1.1, Requires MPF v0.53.0)', 'prev_value': None, 'change': True}
2024-10-29 19:31:17,220 : INFO : EventManager : Event: ======'machine_var_master_volume'====== Args={'value': 0.5, 'prev_value': None, 'change': True}
2024-10-29 19:31:17,222 : INFO : EventManager : Event: ======'bcp_clients_connected'====== Args={}
2024-10-29 19:31:17,561 : INFO : EventManager : Event: ======'init_phase_3'====== Args={}
2024-10-29 19:31:17,564 : INFO : AssetManager : Registering Asset: attract_display_loop, File: attract_display_loop.yaml, Default Group: default, Final Config: {'load': 'preload', 'file': 'c:\\pinball\\HauntedHouse\\modes\\attract\\shows\\attract_display_loop.yaml'}
2024-10-29 19:31:17,564 : INFO : AssetManager : Registering Asset: attract_light_show, File: attract_light_show.yaml, Default Group: default, Final Config: {'load': 'preload', 'file': 'c:\\pinball\\HauntedHouse\\modes\\attract\\shows\\attract_light_show.yaml'}
2024-10-29 19:31:17,579 : INFO : ConfigProcessor : Loading config from cache: C:\Users\Hans\AppData\Local\Temp\af9243f8ae8d7880561daab4166023db.mpf_cache
2024-10-29 19:31:17,596 : INFO : EventManager : Event: ======'loading_assets'====== Args={'total': 2, 'loaded': 1, 'remaining': 1, 'percent': 50}
2024-10-29 19:31:17,597 : INFO : AssetManager : Loading assets: 1/2 (50%)
2024-10-29 19:31:17,598 : INFO : ConfigProcessor : Loading config from cache: C:\Users\Hans\AppData\Local\Temp\495abe431ec10e72d2a5a4e0f728e342.mpf_cache
2024-10-29 19:31:17,603 : INFO : EventManager : Event: ======'loading_assets'====== Args={'total': 2, 'loaded': 2, 'remaining': 0, 'percent': 100}
2024-10-29 19:31:17,604 : INFO : AssetManager : Asset loading took: 6.149954557418823
2024-10-29 19:31:17,605 : INFO : EventManager : Event: ======'asset_loading_complete'====== Args={}
2024-10-29 19:31:17,606 : INFO : AssetManager : Loading assets: 2/2 (100%)
2024-10-29 19:31:17,606 : INFO : EventManager : Event: ======'init_phase_4'====== Args={}
2024-10-29 19:31:17,610 : INFO : EventManager : Event: ======'playfield_active'====== Args={}
2024-10-29 19:31:17,611 : INFO : EventManager : Event: ======'unexpected_ball_on_playfield'====== Args={}
2024-10-29 19:31:17,611 : INFO : EventManager : Event: ======'drop_target_u1_drop_down'====== Args={'device': <drop_target.u1_drop>}
2024-10-29 19:31:17,612 : INFO : EventManager : Event: ======'drop_target_bank_upper_mixed'====== Args={'down': 1}
2024-10-29 19:31:17,612 : INFO : EventManager : Event: ======'playfield_active'====== Args={}
2024-10-29 19:31:17,613 : INFO : EventManager : Event: ======'unexpected_ball_on_playfield'====== Args={}
2024-10-29 19:31:17,613 : INFO : EventManager : Event: ======'drop_target_u3_drop_down'====== Args={'device': <drop_target.u3_drop>}
2024-10-29 19:31:17,614 : INFO : EventManager : Event: ======'drop_target_bank_upper_mixed'====== Args={'down': 2}
2024-10-29 19:31:17,616 : INFO : EventManager : Event: ======'playfield_active'====== Args={}
2024-10-29 19:31:17,616 : INFO : EventManager : Event: ======'unexpected_ball_on_playfield'====== Args={}
2024-10-29 19:31:17,616 : INFO : EventManager : Event: ======'drop_target_u4_drop_down'====== Args={'device': <drop_target.u4_drop>}
2024-10-29 19:31:17,617 : INFO : EventManager : Event: ======'drop_target_bank_upper_mixed'====== Args={'down': 3}
2024-10-29 19:31:17,618 : INFO : EventManager : Event: ======'playfield_active'====== Args={}
2024-10-29 19:31:17,618 : INFO : EventManager : Event: ======'unexpected_ball_on_playfield'====== Args={}
2024-10-29 19:31:17,618 : INFO : EventManager : Event: ======'drop_target_l2_drop_down'====== Args={'device': <drop_target.l2_drop>}
2024-10-29 19:31:17,619 : INFO : EventManager : Event: ======'drop_target_bank_lower_mixed'====== Args={'down': 1}
2024-10-29 19:31:17,662 : INFO : EventManager : Event: ======'machine_var_audits_events_game_ended'====== Args={'value': 57, 'prev_value': None, 'change': True}
2024-10-29 19:31:17,664 : INFO : EventManager : Event: ======'machine_var_audits_events_game_started'====== Args={'value': 108, 'prev_value': None, 'change': True}
2024-10-29 19:31:17,667 : INFO : EventManager : Event: ======'machine_var_audits_player_score'====== Args={'value': {'average': 29632.666666666668, 'top': [211150, 162330, 120480, 114590, 92630, 78890, 76090, 75650, 71920, 57150], 'total': 60}, 'prev_value': None, 'change': True}
2024-10-29 19:31:17,669 : INFO : EventManager : Event: ======'machine_var_audits_shots_10pt'====== Args={'value': 209, 'prev_value': None, 'change': True}
2024-10-29 19:31:17,671 : INFO : EventManager : Event: ======'machine_var_audits_shots_left_inlane'====== Args={'value': 15, 'prev_value': None, 'change': True}
2024-10-29 19:31:17,673 : INFO : EventManager : Event: ======'machine_var_audits_shots_left_outlane'====== Args={'value': 10, 'prev_value': None, 'change': True}
2024-10-29 19:31:17,675 : INFO : EventManager : Event: ======'machine_var_audits_shots_lower_10pt_drops'====== Args={'value': 31, 'prev_value': None, 'change': True}
2024-10-29 19:31:17,676 : INFO : EventManager : Event: ======'machine_var_audits_shots_lower_10pt_lower'====== Args={'value': 11, 'prev_value': None, 'change': True}
2024-10-29 19:31:17,679 : INFO : EventManager : Event: ======'machine_var_audits_shots_lower_10pt_upper'====== Args={'value': 11, 'prev_value': None, 'change': True}
2024-10-29 19:31:17,680 : INFO : EventManager : Event: ======'machine_var_audits_shots_lower_1_drop'====== Args={'value': 38, 'prev_value': None, 'change': True}
2024-10-29 19:31:17,682 : INFO : EventManager : Event: ======'machine_var_audits_shots_lower_2_drop'====== Args={'value': 7, 'prev_value': None, 'change': True}
2024-10-29 19:31:17,684 : INFO : EventManager : Event: ======'machine_var_audits_shots_lower_3_drop'====== Args={'value': 9, 'prev_value': None, 'change': True}
2024-10-29 19:31:17,687 : INFO : EventManager : Event: ======'machine_var_audits_shots_lower_4_drop'====== Args={'value': 13, 'prev_value': None, 'change': True}
2024-10-29 19:31:17,688 : INFO : EventManager : Event: ======'machine_var_audits_shots_lower_5_drop'====== Args={'value': 13, 'prev_value': None, 'change': True}
2024-10-29 19:31:17,691 : INFO : EventManager : Event: ======'machine_var_audits_shots_lower_hole'====== Args={'value': 16, 'prev_value': None, 'change': True}
2024-10-29 19:31:17,693 : INFO : EventManager : Event: ======'machine_var_audits_shots_lower_kick_target'====== Args={'value': 1, 'prev_value': None, 'change': True}
2024-10-29 19:31:17,696 : INFO : EventManager : Event: ======'machine_var_audits_shots_lower_left'====== Args={'value': 7, 'prev_value': None, 'change': True}
2024-10-29 19:31:17,698 : INFO : EventManager : Event: ======'machine_var_audits_shots_lower_left_pop'====== Args={'value': 123, 'prev_value': None, 'change': True}
2024-10-29 19:31:17,701 : INFO : EventManager : Event: ======'machine_var_audits_shots_lower_pop'====== Args={'value': 27, 'prev_value': None, 'change': True}
2024-10-29 19:31:17,703 : INFO : EventManager : Event: ======'machine_var_audits_shots_lower_right'====== Args={'value': 4, 'prev_value': None, 'change': True}
2024-10-29 19:31:17,706 : INFO : EventManager : Event: ======'machine_var_audits_shots_lower_rollover'====== Args={'value': 26, 'prev_value': None, 'change': True}
2024-10-29 19:31:17,709 : INFO : EventManager : Event: ======'machine_var_audits_shots_lower_slingshot'====== Args={'value': 16, 'prev_value': None, 'change': True}
2024-10-29 19:31:17,712 : INFO : EventManager : Event: ======'machine_var_audits_shots_main_1'====== Args={'value': 23, 'prev_value': None, 'change': True}
2024-10-29 19:31:17,715 : INFO : EventManager : Event: ======'machine_var_audits_shots_main_2'====== Args={'value': 26, 'prev_value': None, 'change': True}
2024-10-29 19:31:17,718 : INFO : EventManager : Event: ======'machine_var_audits_shots_main_3'====== Args={'value': 15, 'prev_value': None, 'change': True}
2024-10-29 19:31:17,721 : INFO : EventManager : Event: ======'machine_var_audits_shots_main_4'====== Args={'value': 24, 'prev_value': None, 'change': True}
2024-10-29 19:31:17,723 : INFO : EventManager : Event: ======'machine_var_audits_shots_main_5'====== Args={'value': 18, 'prev_value': None, 'change': True}
2024-10-29 19:31:17,727 : INFO : EventManager : Event: ======'machine_var_audits_shots_main_slingshot'====== Args={'value': 30, 'prev_value': None, 'change': True}
2024-10-29 19:31:17,729 : INFO : EventManager : Event: ======'machine_var_audits_shots_right_inlane'====== Args={'value': 65, 'prev_value': None, 'change': True}
2024-10-29 19:31:17,732 : INFO : EventManager : Event: ======'machine_var_audits_shots_right_kickout'====== Args={'value': 32, 'prev_value': None, 'change': True}
2024-10-29 19:31:17,735 : INFO : EventManager : Event: ======'machine_var_audits_shots_right_outlane'====== Args={'value': 42, 'prev_value': None, 'change': True}
2024-10-29 19:31:17,739 : INFO : EventManager : Event: ======'machine_var_audits_shots_rollunder'====== Args={'value': 87, 'prev_value': None, 'change': True}
2024-10-29 19:31:17,742 : INFO : EventManager : Event: ======'machine_var_audits_shots_standup_right'====== Args={'value': 87, 'prev_value': None, 'change': True}
2024-10-29 19:31:17,745 : INFO : EventManager : Event: ======'machine_var_audits_shots_upper_1'====== Args={'value': 29, 'prev_value': None, 'change': True}
2024-10-29 19:31:17,748 : INFO : EventManager : Event: ======'machine_var_audits_shots_upper_1_drop'====== Args={'value': 46, 'prev_value': None, 'change': True}
2024-10-29 19:31:17,751 : INFO : EventManager : Event: ======'machine_var_audits_shots_upper_2'====== Args={'value': 54, 'prev_value': None, 'change': True}
2024-10-29 19:31:17,754 : INFO : EventManager : Event: ======'machine_var_audits_shots_upper_2_drop'====== Args={'value': 35, 'prev_value': None, 'change': True}
2024-10-29 19:31:17,757 : INFO : EventManager : Event: ======'machine_var_audits_shots_upper_3'====== Args={'value': 22, 'prev_value': None, 'change': True}
2024-10-29 19:31:17,760 : INFO : EventManager : Event: ======'machine_var_audits_shots_upper_3_drop'====== Args={'value': 51, 'prev_value': None, 'change': True}
2024-10-29 19:31:17,763 : INFO : EventManager : Event: ======'machine_var_audits_shots_upper_4'====== Args={'value': 18, 'prev_value': None, 'change': True}
2024-10-29 19:31:17,767 : INFO : EventManager : Event: ======'machine_var_audits_shots_upper_4_drop'====== Args={'value': 64, 'prev_value': None, 'change': True}
2024-10-29 19:31:17,770 : INFO : EventManager : Event: ======'machine_var_audits_shots_upper_left_pop'====== Args={'value': 50, 'prev_value': None, 'change': True}
2024-10-29 19:31:17,773 : INFO : EventManager : Event: ======'machine_var_audits_shots_upper_pop'====== Args={'value': 517, 'prev_value': None, 'change': True}
2024-10-29 19:31:17,776 : INFO : EventManager : Event: ======'machine_var_audits_switches_s_left_flipper1'====== Args={'value': 304, 'prev_value': None, 'change': True}
2024-10-29 19:31:17,780 : INFO : EventManager : Event: ======'machine_var_audits_switches_s_left_flipper2'====== Args={'value': 371, 'prev_value': None, 'change': True}
2024-10-29 19:31:17,784 : INFO : EventManager : Event: ======'machine_var_audits_switches_s_lower_10pt_UPPER'====== Args={'value': 0, 'prev_value': None, 'change': True}
2024-10-29 19:31:17,788 : INFO : EventManager : Event: ======'machine_var_audits_switches_s_lower_10pt_drops'====== Args={'value': 31, 'prev_value': None, 'change': True}
2024-10-29 19:31:17,793 : INFO : EventManager : Event: ======'machine_var_audits_switches_s_lower_10pt_lower'====== Args={'value': 11, 'prev_value': None, 'change': True}
2024-10-29 19:31:17,799 : INFO : EventManager : Event: ======'machine_var_audits_switches_s_lower_10pt_upper'====== Args={'value': 11, 'prev_value': None, 'change': True}
2024-10-29 19:31:17,804 : INFO : EventManager : Event: ======'machine_var_audits_switches_s_lower_1_drop'====== Args={'value': 392, 'prev_value': None, 'change': True}
2024-10-29 19:31:17,808 : INFO : EventManager : Event: ======'machine_var_audits_switches_s_lower_2_drop'====== Args={'value': 7, 'prev_value': None, 'change': True}
2024-10-29 19:31:17,812 : INFO : EventManager : Event: ======'machine_var_audits_switches_s_lower_3_drop'====== Args={'value': 9, 'prev_value': None, 'change': True}
2024-10-29 19:31:17,818 : INFO : EventManager : Event: ======'machine_var_audits_switches_s_lower_4_drop'====== Args={'value': 13, 'prev_value': None, 'change': True}
2024-10-29 19:31:17,822 : INFO : EventManager : Event: ======'machine_var_audits_switches_s_lower_5_drop'====== Args={'value': 13, 'prev_value': None, 'change': True}
2024-10-29 19:31:17,826 : INFO : EventManager : Event: ======'machine_var_audits_switches_s_lower_bonus_left'====== Args={'value': 7, 'prev_value': None, 'change': True}
2024-10-29 19:31:17,830 : INFO : EventManager : Event: ======'machine_var_audits_switches_s_lower_bonus_right'====== Args={'value': 4, 'prev_value': None, 'change': True}
2024-10-29 19:31:17,834 : INFO : EventManager : Event: ======'machine_var_audits_switches_s_lower_kick_target'====== Args={'value': 1, 'prev_value': None, 'change': True}
2024-10-29 19:31:17,838 : INFO : EventManager : Event: ======'machine_var_audits_switches_s_lower_kickout_special'====== Args={'value': 16, 'prev_value': None, 'change': True}
2024-10-29 19:31:17,842 : INFO : EventManager : Event: ======'machine_var_audits_switches_s_lower_pop'====== Args={'value': 27, 'prev_value': None, 'change': True}
2024-10-29 19:31:17,846 : INFO : EventManager : Event: ======'machine_var_audits_switches_s_lower_rollover'====== Args={'value': 54, 'prev_value': None, 'change': True}
2024-10-29 19:31:17,850 : INFO : EventManager : Event: ======'machine_var_audits_switches_s_lower_slingshot'====== Args={'value': 16, 'prev_value': None, 'change': True}
2024-10-29 19:31:17,854 : INFO : EventManager : Event: ======'machine_var_audits_switches_s_lower_vuk'====== Args={'value': 216, 'prev_value': None, 'change': True}
2024-10-29 19:31:17,858 : INFO : EventManager : Event: ======'machine_var_audits_switches_s_main_10pt_left'====== Args={'value': 19, 'prev_value': None, 'change': True}
2024-10-29 19:31:17,862 : INFO : EventManager : Event: ======'machine_var_audits_switches_s_main_1_target'====== Args={'value': 50, 'prev_value': None, 'change': True}
2024-10-29 19:31:17,866 : INFO : EventManager : Event: ======'machine_var_audits_switches_s_main_1_trough'====== Args={'value': 32, 'prev_value': None, 'change': True}
2024-10-29 19:31:17,870 : INFO : EventManager : Event: ======'machine_var_audits_switches_s_main_2_target'====== Args={'value': 49, 'prev_value': None, 'change': True}
2024-10-29 19:31:17,874 : INFO : EventManager : Event: ======'machine_var_audits_switches_s_main_2_trough'====== Args={'value': 59, 'prev_value': None, 'change': True}
2024-10-29 19:31:17,879 : INFO : EventManager : Event: ======'machine_var_audits_switches_s_main_3_target'====== Args={'value': 15, 'prev_value': None, 'change': True}
2024-10-29 19:31:17,883 : INFO : EventManager : Event: ======'machine_var_audits_switches_s_main_4_target'====== Args={'value': 40, 'prev_value': None, 'change': True}
2024-10-29 19:31:17,889 : INFO : EventManager : Event: ======'machine_var_audits_switches_s_main_5_target'====== Args={'value': 52, 'prev_value': None, 'change': True}
2024-10-29 19:31:17,893 : INFO : EventManager : Event: ======'machine_var_audits_switches_s_main_inlane_left'====== Args={'value': 18, 'prev_value': None, 'change': True}
2024-10-29 19:31:17,897 : INFO : EventManager : Event: ======'machine_var_audits_switches_s_main_inlane_right'====== Args={'value': 70, 'prev_value': None, 'change': True}
2024-10-29 19:31:17,903 : INFO : EventManager : Event: ======'machine_var_audits_switches_s_main_kickout_right'====== Args={'value': 130, 'prev_value': None, 'change': True}
2024-10-29 19:31:17,907 : INFO : EventManager : Event: ======'machine_var_audits_switches_s_main_lane_center'====== Args={'value': 93, 'prev_value': None, 'change': True}
2024-10-29 19:31:17,911 : INFO : EventManager : Event: ======'machine_var_audits_switches_s_main_outhole'====== Args={'value': 389, 'prev_value': None, 'change': True}
2024-10-29 19:31:17,917 : INFO : EventManager : Event: ======'machine_var_audits_switches_s_main_outlane_left'====== Args={'value': 17, 'prev_value': None, 'change': True}
2024-10-29 19:31:17,921 : INFO : EventManager : Event: ======'machine_var_audits_switches_s_main_outlane_right'====== Args={'value': 43, 'prev_value': None, 'change': True}
2024-10-29 19:31:17,927 : INFO : EventManager : Event: ======'machine_var_audits_switches_s_main_pop_bottom'====== Args={'value': 151, 'prev_value': None, 'change': True}
2024-10-29 19:31:17,932 : INFO : EventManager : Event: ======'machine_var_audits_switches_s_main_pop_top'====== Args={'value': 115, 'prev_value': None, 'change': True}
2024-10-29 19:31:17,937 : INFO : EventManager : Event: ======'machine_var_audits_switches_s_main_rollunder'====== Args={'value': 87, 'prev_value': None, 'change': True}
2024-10-29 19:31:17,942 : INFO : EventManager : Event: ======'machine_var_audits_switches_s_main_roundabout_rollunder'====== Args={'value': 52, 'prev_value': None, 'change': True}
2024-10-29 19:31:17,946 : INFO : EventManager : Event: ======'machine_var_audits_switches_s_main_secret_trough'====== Args={'value': 27, 'prev_value': None, 'change': True}
2024-10-29 19:31:17,950 : INFO : EventManager : Event: ======'machine_var_audits_switches_s_main_slingshot'====== Args={'value': 225, 'prev_value': None, 'change': True}
2024-10-29 19:31:17,955 : INFO : EventManager : Event: ======'machine_var_audits_switches_s_main_target_right'====== Args={'value': 140, 'prev_value': None, 'change': True}
2024-10-29 19:31:17,959 : INFO : EventManager : Event: ======'machine_var_audits_switches_s_main_trapdoor_trough'====== Args={'value': 0, 'prev_value': None, 'change': True}
2024-10-29 19:31:17,963 : INFO : EventManager : Event: ======'machine_var_audits_switches_s_main_vuk'====== Args={'value': 248, 'prev_value': None, 'change': True}
2024-10-29 19:31:17,968 : INFO : EventManager : Event: ======'machine_var_audits_switches_s_right_flipper1'====== Args={'value': 275, 'prev_value': None, 'change': True}
2024-10-29 19:31:17,973 : INFO : EventManager : Event: ======'machine_var_audits_switches_s_right_flipper2'====== Args={'value': 339, 'prev_value': None, 'change': True}
2024-10-29 19:31:17,980 : INFO : EventManager : Event: ======'machine_var_audits_switches_s_start'====== Args={'value': 6, 'prev_value': None, 'change': True}
2024-10-29 19:31:17,985 : INFO : EventManager : Event: ======'machine_var_audits_switches_s_upper_10pt_center'====== Args={'value': 180, 'prev_value': None, 'change': True}
2024-10-29 19:31:17,990 : INFO : EventManager : Event: ======'machine_var_audits_switches_s_upper_10pt_left'====== Args={'value': 119, 'prev_value': None, 'change': True}
2024-10-29 19:31:17,994 : INFO : EventManager : Event: ======'machine_var_audits_switches_s_upper_1_drop'====== Args={'value': 54, 'prev_value': None, 'change': True}
2024-10-29 19:31:17,999 : INFO : EventManager : Event: ======'machine_var_audits_switches_s_upper_1_target'====== Args={'value': 90, 'prev_value': None, 'change': True}
2024-10-29 19:31:18,004 : INFO : EventManager : Event: ======'machine_var_audits_switches_s_upper_2_drop'====== Args={'value': 52, 'prev_value': None, 'change': True}
2024-10-29 19:31:18,008 : INFO : EventManager : Event: ======'machine_var_audits_switches_s_upper_2_target'====== Args={'value': 140, 'prev_value': None, 'change': True}
2024-10-29 19:31:18,013 : INFO : EventManager : Event: ======'machine_var_audits_switches_s_upper_3_drop'====== Args={'value': 61, 'prev_value': None, 'change': True}
2024-10-29 19:31:18,018 : INFO : EventManager : Event: ======'machine_var_audits_switches_s_upper_3_target'====== Args={'value': 59, 'prev_value': None, 'change': True}
2024-10-29 19:31:18,022 : INFO : EventManager : Event: ======'machine_var_audits_switches_s_upper_4_drop'====== Args={'value': 82, 'prev_value': None, 'change': True}
2024-10-29 19:31:18,027 : INFO : EventManager : Event: ======'machine_var_audits_switches_s_upper_4_target'====== Args={'value': 56, 'prev_value': None, 'change': True}
2024-10-29 19:31:18,032 : INFO : EventManager : Event: ======'machine_var_audits_switches_s_upper_pop'====== Args={'value': 749, 'prev_value': None, 'change': True}
2024-10-29 19:31:18,038 : INFO : EventManager : Event: ======'init_phase_5'====== Args={}
2024-10-29 19:31:18,096 : INFO : EventManager : Event: ======'init_done'====== Args={}
2024-10-29 19:31:18,102 : INFO : EventManager : Event: ======'machine_reset_phase_1'====== Args={}
2024-10-29 19:31:18,112 : INFO : EventManager : Event: ======'slide_welcome_slide_removed'====== Args={'_from_bcp': True}
2024-10-29 19:31:18,128 : INFO : EventManager : Event: ======'slide_welcome_slide_created'====== Args={'_from_bcp': True}
2024-10-29 19:31:18,138 : INFO : EventManager : Event: ======'machine_reset_phase_2'====== Args={}
2024-10-29 19:31:18,139 : INFO : EventManager : Event: ======'machine_reset_phase_3'====== Args={}
2024-10-29 19:31:18,140 : INFO : drop_target_bank.upper : 3 targets are down. Will reset those.
2024-10-29 19:31:18,142 : INFO : coil.c_upper_drop : Pulsing Driver for 75ms (1.0 pulse_power)
2024-10-29 19:31:18,145 : INFO : drop_target_bank.lower : 1 targets are down. Will reset those.
2024-10-29 19:31:18,146 : INFO : coil.c_upper_drop : Pulsing Driver for 75ms (1.0 pulse_power)
2024-10-29 19:31:18,148 : INFO : coil.c_upper_drop : Pulsing Driver for 75ms (1.0 pulse_power)
2024-10-29 19:31:18,149 : INFO : coil.c_upper_drop : Pulsing Driver for 75ms (1.0 pulse_power)
2024-10-29 19:31:18,150 : INFO : coil.c_lower_drop : Pulsing Driver for 50ms (1.0 pulse_power)
2024-10-29 19:31:18,154 : INFO : EventManager : Event: ======'reset_complete'====== Args={}
2024-10-29 19:31:18,160 : INFO : EventManager : Event: ======'mode_attract_will_start'====== Args={}
2024-10-29 19:31:18,165 : INFO : EventManager : Event: ======'mode_attract_starting'====== Args={}
2024-10-29 19:31:18,165 : INFO : Mode.attract : Started. Priority: 10
2024-10-29 19:31:18,166 : INFO : EventManager : Event: ======'mode_attract_started'====== Args={}
2024-10-29 19:31:18,174 : INFO : EventManager : Event: ======'collecting_balls_complete'====== Args={}
2024-10-29 19:31:18,175 : INFO : EventManager : Event: ======'slide_welcome_slide_active'====== Args={'_from_bcp': True}
2024-10-29 19:31:18,317 : INFO : coil.c_lower_drop : Pulsing Driver for 50ms (1.0 pulse_power)
2024-10-29 19:31:18,320 : INFO : EventManager : Event: ======'slide_awesome_slide_created'====== Args={'_from_bcp': True}
2024-10-29 19:31:18,320 : INFO : EventManager : Event: ======'slide_awesome_slide_active'====== Args={'_from_bcp': True}
2024-10-29 19:31:18,327 : INFO : Machine : Starting the main run loop.
2024-10-29 19:31:18,642 : INFO : EventManager : Event: ======'restore'====== Args={}
2024-10-29 19:31:18,643 : INFO : EventManager : Event: ======'drop_target_bank_upper_mixed'====== Args={'down': 3}
2024-10-29 19:31:18,644 : INFO : EventManager : Event: ======'restore'====== Args={}
2024-10-29 19:31:18,645 : INFO : EventManager : Event: ======'drop_target_bank_lower_mixed'====== Args={'down': 1}
2024-10-29 19:31:21,223 : INFO : EventManager : Event: ======'slide_press_start_created'====== Args={'_from_bcp': True}
2024-10-29 19:31:21,234 : INFO : EventManager : Event: ======'slide_press_start_active'====== Args={'_from_bcp': True}
2024-10-29 19:31:24,206 : INFO : EventManager : Event: ======'slide_mission_pinball_created'====== Args={'_from_bcp': True}
2024-10-29 19:31:24,207 : INFO : EventManager : Event: ======'slide_mission_pinball_active'====== Args={'_from_bcp': True}
2024-10-29 19:31:27,202 : INFO : EventManager : Event: ======'slide_last_game_score_slide_created'====== Args={'_from_bcp': True}
2024-10-29 19:31:27,203 : INFO : EventManager : Event: ======'slide_last_game_score_slide_active'====== Args={'_from_bcp': True}
2024-10-29 19:31:30,216 : INFO : EventManager : Event: ======'slide_awesome_slide_removed'====== Args={'_from_bcp': True}
2024-10-29 19:31:30,220 : INFO : EventManager : Event: ======'slide_awesome_slide_created'====== Args={'_from_bcp': True}
2024-10-29 19:31:30,227 : INFO : EventManager : Event: ======'slide_awesome_slide_active'====== Args={'_from_bcp': True}
2024-10-29 19:31:33,209 : INFO : EventManager : Event: ======'slide_press_start_removed'====== Args={'_from_bcp': True}
2024-10-29 19:31:33,210 : INFO : EventManager : Event: ======'slide_press_start_created'====== Args={'_from_bcp': True}
2024-10-29 19:31:33,228 : INFO : EventManager : Event: ======'slide_press_start_active'====== Args={'_from_bcp': True}
2024-10-29 19:31:36,199 : INFO : EventManager : Event: ======'slide_mission_pinball_removed'====== Args={'_from_bcp': True}
2024-10-29 19:31:36,200 : INFO : EventManager : Event: ======'slide_mission_pinball_created'====== Args={'_from_bcp': True}
2024-10-29 19:31:36,200 : INFO : EventManager : Event: ======'slide_mission_pinball_active'====== Args={'_from_bcp': True}
2024-10-29 19:31:39,217 : INFO : EventManager : Event: ======'slide_last_game_score_slide_removed'====== Args={'_from_bcp': True}
2024-10-29 19:31:39,231 : INFO : EventManager : Event: ======'slide_last_game_score_slide_created'====== Args={'_from_bcp': True}
2024-10-29 19:31:39,243 : INFO : EventManager : Event: ======'slide_last_game_score_slide_active'====== Args={'_from_bcp': True}
2024-10-29 19:31:42,210 : INFO : EventManager : Event: ======'slide_awesome_slide_removed'====== Args={'_from_bcp': True}
2024-10-29 19:31:42,211 : INFO : EventManager : Event: ======'slide_awesome_slide_created'====== Args={'_from_bcp': True}
2024-10-29 19:31:42,212 : INFO : EventManager : Event: ======'slide_awesome_slide_active'====== Args={'_from_bcp': True}
2024-10-29 19:31:45,205 : INFO : EventManager : Event: ======'slide_press_start_removed'====== Args={'_from_bcp': True}
2024-10-29 19:31:45,206 : INFO : EventManager : Event: ======'slide_press_start_created'====== Args={'_from_bcp': True}
2024-10-29 19:31:45,206 : INFO : EventManager : Event: ======'slide_press_start_active'====== Args={'_from_bcp': True}
2024-10-29 19:31:48,216 : INFO : EventManager : Event: ======'slide_mission_pinball_removed'====== Args={'_from_bcp': True}
2024-10-29 19:31:48,225 : INFO : EventManager : Event: ======'slide_mission_pinball_created'====== Args={'_from_bcp': True}
2024-10-29 19:31:48,227 : INFO : EventManager : Event: ======'slide_mission_pinball_active'====== Args={'_from_bcp': True}
2024-10-29 19:31:51,207 : INFO : EventManager : Event: ======'slide_last_game_score_slide_removed'====== Args={'_from_bcp': True}
2024-10-29 19:31:51,209 : INFO : EventManager : Event: ======'slide_last_game_score_slide_created'====== Args={'_from_bcp': True}
2024-10-29 19:31:51,219 : INFO : EventManager : Event: ======'slide_last_game_score_slide_active'====== Args={'_from_bcp': True}
2024-10-29 19:31:54,209 : INFO : EventManager : Event: ======'slide_awesome_slide_removed'====== Args={'_from_bcp': True}
2024-10-29 19:31:54,210 : INFO : EventManager : Event: ======'slide_awesome_slide_created'====== Args={'_from_bcp': True}
2024-10-29 19:31:54,210 : INFO : EventManager : Event: ======'slide_awesome_slide_active'====== Args={'_from_bcp': True}
2024-10-29 19:31:57,202 : INFO : EventManager : Event: ======'slide_press_start_removed'====== Args={'_from_bcp': True}
2024-10-29 19:31:57,203 : INFO : EventManager : Event: ======'slide_press_start_created'====== Args={'_from_bcp': True}
2024-10-29 19:31:57,204 : INFO : EventManager : Event: ======'slide_press_start_active'====== Args={'_from_bcp': True}
2024-10-29 19:32:00,221 : INFO : EventManager : Event: ======'slide_mission_pinball_removed'====== Args={'_from_bcp': True}
2024-10-29 19:32:00,226 : INFO : EventManager : Event: ======'slide_mission_pinball_created'====== Args={'_from_bcp': True}
2024-10-29 19:32:00,238 : INFO : EventManager : Event: ======'slide_mission_pinball_active'====== Args={'_from_bcp': True}
2024-10-29 19:32:03,204 : INFO : EventManager : Event: ======'slide_last_game_score_slide_removed'====== Args={'_from_bcp': True}
2024-10-29 19:32:03,205 : INFO : EventManager : Event: ======'slide_last_game_score_slide_created'====== Args={'_from_bcp': True}
2024-10-29 19:32:03,206 : INFO : EventManager : Event: ======'slide_last_game_score_slide_active'====== Args={'_from_bcp': True}
2024-10-29 19:32:06,203 : INFO : EventManager : Event: ======'slide_awesome_slide_removed'====== Args={'_from_bcp': True}
2024-10-29 19:32:06,204 : INFO : EventManager : Event: ======'slide_awesome_slide_created'====== Args={'_from_bcp': True}
2024-10-29 19:32:06,204 : INFO : EventManager : Event: ======'slide_awesome_slide_active'====== Args={'_from_bcp': True}
2024-10-29 19:32:09,215 : INFO : EventManager : Event: ======'slide_press_start_removed'====== Args={'_from_bcp': True}
2024-10-29 19:32:09,233 : INFO : EventManager : Event: ======'slide_press_start_created'====== Args={'_from_bcp': True}
2024-10-29 19:32:09,244 : INFO : EventManager : Event: ======'slide_press_start_active'====== Args={'_from_bcp': True}
2024-10-29 19:32:12,206 : INFO : EventManager : Event: ======'slide_mission_pinball_removed'====== Args={'_from_bcp': True}
2024-10-29 19:32:12,207 : INFO : EventManager : Event: ======'slide_mission_pinball_created'====== Args={'_from_bcp': True}
2024-10-29 19:32:12,208 : INFO : EventManager : Event: ======'slide_mission_pinball_active'====== Args={'_from_bcp': True}
2024-10-29 19:32:15,203 : INFO : EventManager : Event: ======'slide_last_game_score_slide_removed'====== Args={'_from_bcp': True}
2024-10-29 19:32:15,204 : INFO : EventManager : Event: ======'slide_last_game_score_slide_created'====== Args={'_from_bcp': True}
2024-10-29 19:32:15,205 : INFO : EventManager : Event: ======'slide_last_game_score_slide_active'====== Args={'_from_bcp': True}
2024-10-29 19:32:18,218 : INFO : EventManager : Event: ======'slide_awesome_slide_removed'====== Args={'_from_bcp': True}
2024-10-29 19:32:18,222 : INFO : EventManager : Event: ======'slide_awesome_slide_created'====== Args={'_from_bcp': True}
2024-10-29 19:32:18,231 : INFO : EventManager : Event: ======'slide_awesome_slide_active'====== Args={'_from_bcp': True}
2024-10-29 19:32:21,208 : INFO : EventManager : Event: ======'slide_press_start_removed'====== Args={'_from_bcp': True}
2024-10-29 19:32:21,209 : INFO : EventManager : Event: ======'slide_press_start_created'====== Args={'_from_bcp': True}
2024-10-29 19:32:21,210 : INFO : EventManager : Event: ======'slide_press_start_active'====== Args={'_from_bcp': True}
2024-10-29 19:32:24,204 : INFO : EventManager : Event: ======'slide_mission_pinball_removed'====== Args={'_from_bcp': True}
2024-10-29 19:32:24,204 : INFO : EventManager : Event: ======'slide_mission_pinball_created'====== Args={'_from_bcp': True}
2024-10-29 19:32:24,205 : INFO : EventManager : Event: ======'slide_mission_pinball_active'====== Args={'_from_bcp': True}
2024-10-29 19:32:27,219 : INFO : EventManager : Event: ======'slide_last_game_score_slide_removed'====== Args={'_from_bcp': True}
2024-10-29 19:32:27,237 : INFO : EventManager : Event: ======'slide_last_game_score_slide_created'====== Args={'_from_bcp': True}
2024-10-29 19:32:27,248 : INFO : EventManager : Event: ======'slide_last_game_score_slide_active'====== Args={'_from_bcp': True}
2024-10-29 19:32:30,215 : INFO : EventManager : Event: ======'slide_awesome_slide_removed'====== Args={'_from_bcp': True}
2024-10-29 19:32:30,215 : INFO : EventManager : Event: ======'slide_awesome_slide_created'====== Args={'_from_bcp': True}
2024-10-29 19:32:30,216 : INFO : EventManager : Event: ======'slide_awesome_slide_active'====== Args={'_from_bcp': True}
2024-10-29 19:32:33,211 : INFO : EventManager : Event: ======'slide_press_start_removed'====== Args={'_from_bcp': True}
2024-10-29 19:32:33,211 : INFO : EventManager : Event: ======'slide_press_start_created'====== Args={'_from_bcp': True}
2024-10-29 19:32:33,212 : INFO : EventManager : Event: ======'slide_press_start_active'====== Args={'_from_bcp': True}
2024-10-29 19:32:36,200 : INFO : EventManager : Event: ======'slide_mission_pinball_removed'====== Args={'_from_bcp': True}
2024-10-29 19:32:36,201 : INFO : EventManager : Event: ======'slide_mission_pinball_created'====== Args={'_from_bcp': True}
2024-10-29 19:32:36,201 : INFO : EventManager : Event: ======'slide_mission_pinball_active'====== Args={'_from_bcp': True}
2024-10-29 19:32:39,212 : INFO : EventManager : Event: ======'slide_last_game_score_slide_removed'====== Args={'_from_bcp': True}
2024-10-29 19:32:39,235 : INFO : EventManager : Event: ======'slide_last_game_score_slide_created'====== Args={'_from_bcp': True}
2024-10-29 19:32:39,245 : INFO : EventManager : Event: ======'slide_last_game_score_slide_active'====== Args={'_from_bcp': True}
2024-10-29 19:32:42,207 : INFO : EventManager : Event: ======'slide_awesome_slide_removed'====== Args={'_from_bcp': True}
2024-10-29 19:32:42,208 : INFO : EventManager : Event: ======'slide_awesome_slide_created'====== Args={'_from_bcp': True}
2024-10-29 19:32:42,208 : INFO : EventManager : Event: ======'slide_awesome_slide_active'====== Args={'_from_bcp': True}
2024-10-29 19:32:45,200 : INFO : EventManager : Event: ======'slide_press_start_removed'====== Args={'_from_bcp': True}
2024-10-29 19:32:45,201 : INFO : EventManager : Event: ======'slide_press_start_created'====== Args={'_from_bcp': True}
2024-10-29 19:32:45,201 : INFO : EventManager : Event: ======'slide_press_start_active'====== Args={'_from_bcp': True}
2024-10-29 19:32:48,211 : INFO : EventManager : Event: ======'slide_mission_pinball_removed'====== Args={'_from_bcp': True}
2024-10-29 19:32:48,222 : INFO : EventManager : Event: ======'slide_mission_pinball_created'====== Args={'_from_bcp': True}
2024-10-29 19:32:48,229 : INFO : EventManager : Event: ======'slide_mission_pinball_active'====== Args={'_from_bcp': True}
2024-10-29 19:32:51,207 : INFO : EventManager : Event: ======'slide_last_game_score_slide_removed'====== Args={'_from_bcp': True}
2024-10-29 19:32:51,208 : INFO : EventManager : Event: ======'slide_last_game_score_slide_created'====== Args={'_from_bcp': True}
2024-10-29 19:32:51,208 : INFO : EventManager : Event: ======'slide_last_game_score_slide_active'====== Args={'_from_bcp': True}
2024-10-29 19:32:54,200 : INFO : EventManager : Event: ======'slide_awesome_slide_removed'====== Args={'_from_bcp': True}
2024-10-29 19:32:54,201 : INFO : EventManager : Event: ======'slide_awesome_slide_created'====== Args={'_from_bcp': True}
2024-10-29 19:32:54,202 : INFO : EventManager : Event: ======'slide_awesome_slide_active'====== Args={'_from_bcp': True}
2024-10-29 19:32:57,219 : INFO : EventManager : Event: ======'slide_press_start_removed'====== Args={'_from_bcp': True}
2024-10-29 19:32:57,236 : INFO : EventManager : Event: ======'slide_press_start_created'====== Args={'_from_bcp': True}
2024-10-29 19:32:57,247 : INFO : EventManager : Event: ======'slide_press_start_active'====== Args={'_from_bcp': True}
2024-10-29 19:33:00,210 : INFO : EventManager : Event: ======'slide_mission_pinball_removed'====== Args={'_from_bcp': True}
2024-10-29 19:33:00,210 : INFO : EventManager : Event: ======'slide_mission_pinball_created'====== Args={'_from_bcp': True}
2024-10-29 19:33:00,211 : INFO : EventManager : Event: ======'slide_mission_pinball_active'====== Args={'_from_bcp': True}
2024-10-29 19:33:03,205 : INFO : EventManager : Event: ======'slide_last_game_score_slide_removed'====== Args={'_from_bcp': True}
2024-10-29 19:33:03,206 : INFO : EventManager : Event: ======'slide_last_game_score_slide_created'====== Args={'_from_bcp': True}
2024-10-29 19:33:03,207 : INFO : EventManager : Event: ======'slide_last_game_score_slide_active'====== Args={'_from_bcp': True}
2024-10-29 19:33:06,214 : INFO : EventManager : Event: ======'slide_awesome_slide_removed'====== Args={'_from_bcp': True}
2024-10-29 19:33:06,222 : INFO : EventManager : Event: ======'slide_awesome_slide_created'====== Args={'_from_bcp': True}
2024-10-29 19:33:06,231 : INFO : EventManager : Event: ======'slide_awesome_slide_active'====== Args={'_from_bcp': True}
2024-10-29 19:33:09,209 : INFO : EventManager : Event: ======'slide_press_start_removed'====== Args={'_from_bcp': True}
2024-10-29 19:33:09,210 : INFO : EventManager : Event: ======'slide_press_start_created'====== Args={'_from_bcp': True}
2024-10-29 19:33:09,210 : INFO : EventManager : Event: ======'slide_press_start_active'====== Args={'_from_bcp': True}
2024-10-29 19:33:12,209 : INFO : EventManager : Event: ======'slide_mission_pinball_removed'====== Args={'_from_bcp': True}
2024-10-29 19:33:12,210 : INFO : EventManager : Event: ======'slide_mission_pinball_created'====== Args={'_from_bcp': True}
2024-10-29 19:33:12,210 : INFO : EventManager : Event: ======'slide_mission_pinball_active'====== Args={'_from_bcp': True}
2024-10-29 19:33:15,201 : INFO : EventManager : Event: ======'slide_last_game_score_slide_removed'====== Args={'_from_bcp': True}
2024-10-29 19:33:15,202 : INFO : EventManager : Event: ======'slide_last_game_score_slide_created'====== Args={'_from_bcp': True}
2024-10-29 19:33:15,203 : INFO : EventManager : Event: ======'slide_last_game_score_slide_active'====== Args={'_from_bcp': True}
2024-10-29 19:33:18,205 : INFO : EventManager : Event: ======'slide_awesome_slide_removed'====== Args={'_from_bcp': True}
2024-10-29 19:33:18,217 : INFO : EventManager : Event: ======'slide_awesome_slide_created'====== Args={'_from_bcp': True}
2024-10-29 19:33:18,222 : INFO : EventManager : Event: ======'slide_awesome_slide_active'====== Args={'_from_bcp': True}
2024-10-29 19:33:21,209 : INFO : EventManager : Event: ======'slide_press_start_removed'====== Args={'_from_bcp': True}
2024-10-29 19:33:21,210 : INFO : EventManager : Event: ======'slide_press_start_created'====== Args={'_from_bcp': True}
2024-10-29 19:33:21,210 : INFO : EventManager : Event: ======'slide_press_start_active'====== Args={'_from_bcp': True}
2024-10-29 19:33:24,201 : INFO : EventManager : Event: ======'slide_mission_pinball_removed'====== Args={'_from_bcp': True}
2024-10-29 19:33:24,202 : INFO : EventManager : Event: ======'slide_mission_pinball_created'====== Args={'_from_bcp': True}
2024-10-29 19:33:24,203 : INFO : EventManager : Event: ======'slide_mission_pinball_active'====== Args={'_from_bcp': True}
2024-10-29 19:33:27,217 : INFO : EventManager : Event: ======'slide_last_game_score_slide_removed'====== Args={'_from_bcp': True}
2024-10-29 19:33:27,234 : INFO : EventManager : Event: ======'slide_last_game_score_slide_created'====== Args={'_from_bcp': True}
2024-10-29 19:33:27,247 : INFO : EventManager : Event: ======'slide_last_game_score_slide_active'====== Args={'_from_bcp': True}
2024-10-29 19:33:30,209 : INFO : EventManager : Event: ======'slide_awesome_slide_removed'====== Args={'_from_bcp': True}
2024-10-29 19:33:30,210 : INFO : EventManager : Event: ======'slide_awesome_slide_created'====== Args={'_from_bcp': True}
2024-10-29 19:33:30,210 : INFO : EventManager : Event: ======'slide_awesome_slide_active'====== Args={'_from_bcp': True}
2024-10-29 19:33:33,201 : INFO : EventManager : Event: ======'slide_press_start_removed'====== Args={'_from_bcp': True}
2024-10-29 19:33:33,202 : INFO : EventManager : Event: ======'slide_press_start_created'====== Args={'_from_bcp': True}
2024-10-29 19:33:33,202 : INFO : EventManager : Event: ======'slide_press_start_active'====== Args={'_from_bcp': True}
2024-10-29 19:33:36,212 : INFO : EventManager : Event: ======'slide_mission_pinball_removed'====== Args={'_from_bcp': True}
2024-10-29 19:33:36,220 : INFO : EventManager : Event: ======'slide_mission_pinball_created'====== Args={'_from_bcp': True}
2024-10-29 19:33:36,225 : INFO : EventManager : Event: ======'slide_mission_pinball_active'====== Args={'_from_bcp': True}
2024-10-29 19:33:39,210 : INFO : EventManager : Event: ======'slide_last_game_score_slide_removed'====== Args={'_from_bcp': True}
2024-10-29 19:33:39,211 : INFO : EventManager : Event: ======'slide_last_game_score_slide_created'====== Args={'_from_bcp': True}
2024-10-29 19:33:39,212 : INFO : EventManager : Event: ======'slide_last_game_score_slide_active'====== Args={'_from_bcp': True}
2024-10-29 19:33:42,206 : INFO : EventManager : Event: ======'slide_awesome_slide_removed'====== Args={'_from_bcp': True}
2024-10-29 19:33:42,207 : INFO : EventManager : Event: ======'slide_awesome_slide_created'====== Args={'_from_bcp': True}
2024-10-29 19:33:42,207 : INFO : EventManager : Event: ======'slide_awesome_slide_active'====== Args={'_from_bcp': True}
2024-10-29 19:33:45,218 : INFO : EventManager : Event: ======'slide_press_start_removed'====== Args={'_from_bcp': True}
2024-10-29 19:33:45,235 : INFO : EventManager : Event: ======'slide_press_start_created'====== Args={'_from_bcp': True}
2024-10-29 19:33:45,246 : INFO : EventManager : Event: ======'slide_press_start_active'====== Args={'_from_bcp': True}
2024-10-29 19:33:48,213 : INFO : EventManager : Event: ======'slide_mission_pinball_removed'====== Args={'_from_bcp': True}
2024-10-29 19:33:48,215 : INFO : EventManager : Event: ======'slide_mission_pinball_created'====== Args={'_from_bcp': True}
2024-10-29 19:33:48,215 : INFO : EventManager : Event: ======'slide_mission_pinball_active'====== Args={'_from_bcp': True}
2024-10-29 19:33:51,224 : INFO : EventManager : Event: ======'slide_last_game_score_slide_removed'====== Args={'_from_bcp': True}
2024-10-29 19:33:51,225 : INFO : EventManager : Event: ======'slide_last_game_score_slide_created'====== Args={'_from_bcp': True}
2024-10-29 19:33:51,225 : INFO : EventManager : Event: ======'slide_last_game_score_slide_active'====== Args={'_from_bcp': True}
2024-10-29 19:33:54,200 : INFO : EventManager : Event: ======'slide_awesome_slide_removed'====== Args={'_from_bcp': True}
2024-10-29 19:33:54,201 : INFO : EventManager : Event: ======'slide_awesome_slide_created'====== Args={'_from_bcp': True}
2024-10-29 19:33:54,202 : INFO : EventManager : Event: ======'slide_awesome_slide_active'====== Args={'_from_bcp': True}
2024-10-29 19:33:57,216 : INFO : EventManager : Event: ======'slide_press_start_removed'====== Args={'_from_bcp': True}
2024-10-29 19:33:57,232 : INFO : EventManager : Event: ======'slide_press_start_created'====== Args={'_from_bcp': True}
2024-10-29 19:33:57,242 : INFO : EventManager : Event: ======'slide_press_start_active'====== Args={'_from_bcp': True}
2024-10-29 19:34:00,208 : INFO : EventManager : Event: ======'slide_mission_pinball_removed'====== Args={'_from_bcp': True}
2024-10-29 19:34:00,210 : INFO : EventManager : Event: ======'slide_mission_pinball_created'====== Args={'_from_bcp': True}
2024-10-29 19:34:00,211 : INFO : EventManager : Event: ======'slide_mission_pinball_active'====== Args={'_from_bcp': True}
2024-10-29 19:34:03,233 : INFO : EventManager : Event: ======'slide_last_game_score_slide_removed'====== Args={'_from_bcp': True}
2024-10-29 19:34:03,293 : INFO : EventManager : Event: ======'slide_last_game_score_slide_created'====== Args={'_from_bcp': True}
2024-10-29 19:34:03,311 : INFO : EventManager : Event: ======'slide_last_game_score_slide_active'====== Args={'_from_bcp': True}
2024-10-29 19:34:06,208 : INFO : EventManager : Event: ======'slide_awesome_slide_removed'====== Args={'_from_bcp': True}
2024-10-29 19:34:06,219 : INFO : EventManager : Event: ======'slide_awesome_slide_created'====== Args={'_from_bcp': True}
2024-10-29 19:34:06,226 : INFO : EventManager : Event: ======'slide_awesome_slide_active'====== Args={'_from_bcp': True}
2024-10-29 19:34:09,207 : INFO : EventManager : Event: ======'slide_press_start_removed'====== Args={'_from_bcp': True}
2024-10-29 19:34:09,208 : INFO : EventManager : Event: ======'slide_press_start_created'====== Args={'_from_bcp': True}
2024-10-29 19:34:09,208 : INFO : EventManager : Event: ======'slide_press_start_active'====== Args={'_from_bcp': True}
2024-10-29 19:34:12,203 : INFO : EventManager : Event: ======'slide_mission_pinball_removed'====== Args={'_from_bcp': True}
2024-10-29 19:34:12,204 : INFO : EventManager : Event: ======'slide_mission_pinball_created'====== Args={'_from_bcp': True}
2024-10-29 19:34:12,204 : INFO : EventManager : Event: ======'slide_mission_pinball_active'====== Args={'_from_bcp': True}
2024-10-29 19:34:15,218 : INFO : EventManager : Event: ======'slide_last_game_score_slide_removed'====== Args={'_from_bcp': True}
2024-10-29 19:34:15,235 : INFO : EventManager : Event: ======'slide_last_game_score_slide_created'====== Args={'_from_bcp': True}
2024-10-29 19:34:15,247 : INFO : EventManager : Event: ======'slide_last_game_score_slide_active'====== Args={'_from_bcp': True}
2024-10-29 19:34:18,209 : INFO : EventManager : Event: ======'slide_awesome_slide_removed'====== Args={'_from_bcp': True}
2024-10-29 19:34:18,210 : INFO : EventManager : Event: ======'slide_awesome_slide_created'====== Args={'_from_bcp': True}
2024-10-29 19:34:18,211 : INFO : EventManager : Event: ======'slide_awesome_slide_active'====== Args={'_from_bcp': True}
2024-10-29 19:34:21,205 : INFO : EventManager : Event: ======'slide_press_start_removed'====== Args={'_from_bcp': True}
2024-10-29 19:34:21,206 : INFO : EventManager : Event: ======'slide_press_start_created'====== Args={'_from_bcp': True}
2024-10-29 19:34:21,206 : INFO : EventManager : Event: ======'slide_press_start_active'====== Args={'_from_bcp': True}
2024-10-29 19:34:24,218 : INFO : EventManager : Event: ======'slide_mission_pinball_removed'====== Args={'_from_bcp': True}
2024-10-29 19:34:24,223 : INFO : EventManager : Event: ======'slide_mission_pinball_created'====== Args={'_from_bcp': True}
2024-10-29 19:34:24,233 : INFO : EventManager : Event: ======'slide_mission_pinball_active'====== Args={'_from_bcp': True}
2024-10-29 19:34:27,213 : INFO : EventManager : Event: ======'slide_last_game_score_slide_removed'====== Args={'_from_bcp': True}
2024-10-29 19:34:27,234 : INFO : EventManager : Event: ======'slide_last_game_score_slide_created'====== Args={'_from_bcp': True}
2024-10-29 19:34:27,242 : INFO : EventManager : Event: ======'slide_last_game_score_slide_active'====== Args={'_from_bcp': True}
2024-10-29 19:34:30,205 : INFO : EventManager : Event: ======'slide_awesome_slide_removed'====== Args={'_from_bcp': True}
2024-10-29 19:34:30,205 : INFO : EventManager : Event: ======'slide_awesome_slide_created'====== Args={'_from_bcp': True}
2024-10-29 19:34:30,206 : INFO : EventManager : Event: ======'slide_awesome_slide_active'====== Args={'_from_bcp': True}
2024-10-29 19:34:33,200 : INFO : EventManager : Event: ======'slide_press_start_removed'====== Args={'_from_bcp': True}
2024-10-29 19:34:33,208 : INFO : EventManager : Event: ======'slide_press_start_created'====== Args={'_from_bcp': True}
2024-10-29 19:34:33,209 : INFO : EventManager : Event: ======'slide_press_start_active'====== Args={'_from_bcp': True}
2024-10-29 19:34:36,207 : INFO : EventManager : Event: ======'slide_mission_pinball_removed'====== Args={'_from_bcp': True}
2024-10-29 19:34:36,219 : INFO : EventManager : Event: ======'slide_mission_pinball_created'====== Args={'_from_bcp': True}
2024-10-29 19:34:36,226 : INFO : EventManager : Event: ======'slide_mission_pinball_active'====== Args={'_from_bcp': True}
2024-10-29 19:34:39,208 : INFO : EventManager : Event: ======'slide_last_game_score_slide_removed'====== Args={'_from_bcp': True}
2024-10-29 19:34:39,209 : INFO : EventManager : Event: ======'slide_last_game_score_slide_created'====== Args={'_from_bcp': True}
2024-10-29 19:34:39,210 : INFO : EventManager : Event: ======'slide_last_game_score_slide_active'====== Args={'_from_bcp': True}
2024-10-29 19:34:42,203 : INFO : EventManager : Event: ======'slide_awesome_slide_removed'====== Args={'_from_bcp': True}
2024-10-29 19:34:42,204 : INFO : EventManager : Event: ======'slide_awesome_slide_created'====== Args={'_from_bcp': True}
2024-10-29 19:34:42,205 : INFO : EventManager : Event: ======'slide_awesome_slide_active'====== Args={'_from_bcp': True}
2024-10-29 19:34:45,215 : INFO : EventManager : Event: ======'slide_press_start_removed'====== Args={'_from_bcp': True}
2024-10-29 19:34:45,232 : INFO : EventManager : Event: ======'slide_press_start_created'====== Args={'_from_bcp': True}
2024-10-29 19:34:45,244 : INFO : EventManager : Event: ======'slide_press_start_active'====== Args={'_from_bcp': True}
2024-10-29 19:34:48,208 : INFO : EventManager : Event: ======'slide_mission_pinball_removed'====== Args={'_from_bcp': True}
2024-10-29 19:34:48,209 : INFO : EventManager : Event: ======'slide_mission_pinball_created'====== Args={'_from_bcp': True}
2024-10-29 19:34:48,209 : INFO : EventManager : Event: ======'slide_mission_pinball_active'====== Args={'_from_bcp': True}
2024-10-29 19:34:51,206 : INFO : EventManager : Event: ======'slide_last_game_score_slide_removed'====== Args={'_from_bcp': True}
2024-10-29 19:34:51,207 : INFO : EventManager : Event: ======'slide_last_game_score_slide_created'====== Args={'_from_bcp': True}
2024-10-29 19:34:51,208 : INFO : EventManager : Event: ======'slide_last_game_score_slide_active'====== Args={'_from_bcp': True}
2024-10-29 19:34:54,216 : INFO : EventManager : Event: ======'slide_awesome_slide_removed'====== Args={'_from_bcp': True}
2024-10-29 19:34:54,227 : INFO : EventManager : Event: ======'slide_awesome_slide_created'====== Args={'_from_bcp': True}
2024-10-29 19:34:54,228 : INFO : EventManager : Event: ======'slide_awesome_slide_active'====== Args={'_from_bcp': True}
2024-10-29 19:34:57,211 : INFO : EventManager : Event: ======'slide_press_start_removed'====== Args={'_from_bcp': True}
2024-10-29 19:34:57,212 : INFO : EventManager : Event: ======'slide_press_start_created'====== Args={'_from_bcp': True}
2024-10-29 19:34:57,212 : INFO : EventManager : Event: ======'slide_press_start_active'====== Args={'_from_bcp': True}
2024-10-29 19:35:00,212 : INFO : EventManager : Event: ======'slide_mission_pinball_removed'====== Args={'_from_bcp': True}
2024-10-29 19:35:00,213 : INFO : EventManager : Event: ======'slide_mission_pinball_created'====== Args={'_from_bcp': True}
2024-10-29 19:35:00,214 : INFO : EventManager : Event: ======'slide_mission_pinball_active'====== Args={'_from_bcp': True}
2024-10-29 19:35:03,199 : INFO : EventManager : Event: ======'slide_last_game_score_slide_removed'====== Args={'_from_bcp': True}
2024-10-29 19:35:03,199 : INFO : EventManager : Event: ======'slide_last_game_score_slide_created'====== Args={'_from_bcp': True}
2024-10-29 19:35:03,200 : INFO : EventManager : Event: ======'slide_last_game_score_slide_active'====== Args={'_from_bcp': True}
2024-10-29 19:35:06,210 : INFO : EventManager : Event: ======'slide_awesome_slide_removed'====== Args={'_from_bcp': True}
2024-10-29 19:35:06,217 : INFO : EventManager : Event: ======'slide_awesome_slide_created'====== Args={'_from_bcp': True}
2024-10-29 19:35:06,225 : INFO : EventManager : Event: ======'slide_awesome_slide_active'====== Args={'_from_bcp': True}
2024-10-29 19:35:09,210 : INFO : EventManager : Event: ======'slide_press_start_removed'====== Args={'_from_bcp': True}
2024-10-29 19:35:09,210 : INFO : EventManager : Event: ======'slide_press_start_created'====== Args={'_from_bcp': True}
2024-10-29 19:35:09,211 : INFO : EventManager : Event: ======'slide_press_start_active'====== Args={'_from_bcp': True}
2024-10-29 19:35:12,202 : INFO : EventManager : Event: ======'slide_mission_pinball_removed'====== Args={'_from_bcp': True}
2024-10-29 19:35:12,203 : INFO : EventManager : Event: ======'slide_mission_pinball_created'====== Args={'_from_bcp': True}
2024-10-29 19:35:12,204 : INFO : EventManager : Event: ======'slide_mission_pinball_active'====== Args={'_from_bcp': True}
2024-10-29 19:35:15,220 : INFO : EventManager : Event: ======'slide_last_game_score_slide_removed'====== Args={'_from_bcp': True}
2024-10-29 19:35:15,234 : INFO : EventManager : Event: ======'slide_last_game_score_slide_created'====== Args={'_from_bcp': True}
2024-10-29 19:35:15,247 : INFO : EventManager : Event: ======'slide_last_game_score_slide_active'====== Args={'_from_bcp': True}
2024-10-29 19:35:18,205 : INFO : EventManager : Event: ======'slide_awesome_slide_removed'====== Args={'_from_bcp': True}
2024-10-29 19:35:18,206 : INFO : EventManager : Event: ======'slide_awesome_slide_created'====== Args={'_from_bcp': True}
2024-10-29 19:35:18,207 : INFO : EventManager : Event: ======'slide_awesome_slide_active'====== Args={'_from_bcp': True}
2024-10-29 19:35:21,202 : INFO : EventManager : Event: ======'slide_press_start_removed'====== Args={'_from_bcp': True}
2024-10-29 19:35:21,202 : INFO : EventManager : Event: ======'slide_press_start_created'====== Args={'_from_bcp': True}
2024-10-29 19:35:21,203 : INFO : EventManager : Event: ======'slide_press_start_active'====== Args={'_from_bcp': True}
2024-10-29 19:35:24,213 : INFO : EventManager : Event: ======'slide_mission_pinball_removed'====== Args={'_from_bcp': True}
2024-10-29 19:35:24,226 : INFO : EventManager : Event: ======'slide_mission_pinball_created'====== Args={'_from_bcp': True}
2024-10-29 19:35:24,234 : INFO : EventManager : Event: ======'slide_mission_pinball_active'====== Args={'_from_bcp': True}
2024-10-29 19:35:27,214 : INFO : EventManager : Event: ======'slide_last_game_score_slide_removed'====== Args={'_from_bcp': True}
2024-10-29 19:35:27,215 : INFO : EventManager : Event: ======'slide_last_game_score_slide_created'====== Args={'_from_bcp': True}
2024-10-29 19:35:27,216 : INFO : EventManager : Event: ======'slide_last_game_score_slide_active'====== Args={'_from_bcp': True}
2024-10-29 19:35:30,203 : INFO : EventManager : Event: ======'slide_awesome_slide_removed'====== Args={'_from_bcp': True}
2024-10-29 19:35:30,204 : INFO : EventManager : Event: ======'slide_awesome_slide_created'====== Args={'_from_bcp': True}
2024-10-29 19:35:30,205 : INFO : EventManager : Event: ======'slide_awesome_slide_active'====== Args={'_from_bcp': True}
2024-10-29 19:35:33,217 : INFO : EventManager : Event: ======'slide_press_start_removed'====== Args={'_from_bcp': True}
2024-10-29 19:35:33,236 : INFO : EventManager : Event: ======'slide_press_start_created'====== Args={'_from_bcp': True}
2024-10-29 19:35:33,246 : INFO : EventManager : Event: ======'slide_press_start_active'====== Args={'_from_bcp': True}
2024-10-29 19:35:36,209 : INFO : EventManager : Event: ======'slide_mission_pinball_removed'====== Args={'_from_bcp': True}
2024-10-29 19:35:36,210 : INFO : EventManager : Event: ======'slide_mission_pinball_created'====== Args={'_from_bcp': True}
2024-10-29 19:35:36,211 : INFO : EventManager : Event: ======'slide_mission_pinball_active'====== Args={'_from_bcp': True}
2024-10-29 19:35:39,205 : INFO : EventManager : Event: ======'slide_last_game_score_slide_removed'====== Args={'_from_bcp': True}
2024-10-29 19:35:39,205 : INFO : EventManager : Event: ======'slide_last_game_score_slide_created'====== Args={'_from_bcp': True}
2024-10-29 19:35:39,219 : INFO : EventManager : Event: ======'slide_last_game_score_slide_active'====== Args={'_from_bcp': True}
2024-10-29 19:35:42,198 : INFO : EventManager : Event: ======'slide_awesome_slide_removed'====== Args={'_from_bcp': True}
2024-10-29 19:35:42,198 : INFO : EventManager : Event: ======'slide_awesome_slide_created'====== Args={'_from_bcp': True}
2024-10-29 19:35:42,199 : INFO : EventManager : Event: ======'slide_awesome_slide_active'====== Args={'_from_bcp': True}
2024-10-29 19:35:45,220 : INFO : EventManager : Event: ======'slide_press_start_removed'====== Args={'_from_bcp': True}
2024-10-29 19:35:45,235 : INFO : EventManager : Event: ======'slide_press_start_created'====== Args={'_from_bcp': True}
2024-10-29 19:35:45,244 : INFO : EventManager : Event: ======'slide_press_start_active'====== Args={'_from_bcp': True}
2024-10-29 19:35:48,213 : INFO : EventManager : Event: ======'slide_mission_pinball_removed'====== Args={'_from_bcp': True}
2024-10-29 19:35:48,214 : INFO : EventManager : Event: ======'slide_mission_pinball_created'====== Args={'_from_bcp': True}
2024-10-29 19:35:48,214 : INFO : EventManager : Event: ======'slide_mission_pinball_active'====== Args={'_from_bcp': True}
2024-10-29 19:35:51,201 : INFO : EventManager : Event: ======'slide_last_game_score_slide_removed'====== Args={'_from_bcp': True}
2024-10-29 19:35:51,202 : INFO : EventManager : Event: ======'slide_last_game_score_slide_created'====== Args={'_from_bcp': True}
2024-10-29 19:35:51,202 : INFO : EventManager : Event: ======'slide_last_game_score_slide_active'====== Args={'_from_bcp': True}
2024-10-29 19:35:54,216 : INFO : EventManager : Event: ======'slide_awesome_slide_removed'====== Args={'_from_bcp': True}
2024-10-29 19:35:54,223 : INFO : EventManager : Event: ======'slide_awesome_slide_created'====== Args={'_from_bcp': True}
2024-10-29 19:35:54,230 : INFO : EventManager : Event: ======'slide_awesome_slide_active'====== Args={'_from_bcp': True}
2024-10-29 19:35:57,209 : INFO : EventManager : Event: ======'slide_press_start_removed'====== Args={'_from_bcp': True}
2024-10-29 19:35:57,210 : INFO : EventManager : Event: ======'slide_press_start_created'====== Args={'_from_bcp': True}
2024-10-29 19:35:57,211 : INFO : EventManager : Event: ======'slide_press_start_active'====== Args={'_from_bcp': True}
2024-10-29 19:36:00,203 : INFO : EventManager : Event: ======'slide_mission_pinball_removed'====== Args={'_from_bcp': True}
2024-10-29 19:36:00,204 : INFO : EventManager : Event: ======'slide_mission_pinball_created'====== Args={'_from_bcp': True}
2024-10-29 19:36:00,205 : INFO : EventManager : Event: ======'slide_mission_pinball_active'====== Args={'_from_bcp': True}
2024-10-29 19:36:03,214 : INFO : EventManager : Event: ======'slide_last_game_score_slide_removed'====== Args={'_from_bcp': True}
2024-10-29 19:36:03,232 : INFO : EventManager : Event: ======'slide_last_game_score_slide_created'====== Args={'_from_bcp': True}
2024-10-29 19:36:03,243 : INFO : EventManager : Event: ======'slide_last_game_score_slide_active'====== Args={'_from_bcp': True}
2024-10-29 19:36:06,213 : INFO : EventManager : Event: ======'slide_awesome_slide_removed'====== Args={'_from_bcp': True}
2024-10-29 19:36:06,215 : INFO : EventManager : Event: ======'slide_awesome_slide_created'====== Args={'_from_bcp': True}
2024-10-29 19:36:06,215 : INFO : EventManager : Event: ======'slide_awesome_slide_active'====== Args={'_from_bcp': True}
2024-10-29 19:36:09,207 : INFO : EventManager : Event: ======'slide_press_start_removed'====== Args={'_from_bcp': True}
2024-10-29 19:36:09,207 : INFO : EventManager : Event: ======'slide_press_start_created'====== Args={'_from_bcp': True}
2024-10-29 19:36:09,208 : INFO : EventManager : Event: ======'slide_press_start_active'====== Args={'_from_bcp': True}
2024-10-29 19:36:12,215 : INFO : EventManager : Event: ======'slide_mission_pinball_removed'====== Args={'_from_bcp': True}
2024-10-29 19:36:12,220 : INFO : EventManager : Event: ======'slide_mission_pinball_created'====== Args={'_from_bcp': True}
2024-10-29 19:36:12,227 : INFO : EventManager : Event: ======'slide_mission_pinball_active'====== Args={'_from_bcp': True}
2024-10-29 19:36:15,211 : INFO : EventManager : Event: ======'slide_last_game_score_slide_removed'====== Args={'_from_bcp': True}
2024-10-29 19:36:15,212 : INFO : EventManager : Event: ======'slide_last_game_score_slide_created'====== Args={'_from_bcp': True}
2024-10-29 19:36:15,213 : INFO : EventManager : Event: ======'slide_last_game_score_slide_active'====== Args={'_from_bcp': True}
2024-10-29 19:36:18,205 : INFO : EventManager : Event: ======'slide_awesome_slide_removed'====== Args={'_from_bcp': True}
2024-10-29 19:36:18,205 : INFO : EventManager : Event: ======'slide_awesome_slide_created'====== Args={'_from_bcp': True}
2024-10-29 19:36:18,206 : INFO : EventManager : Event: ======'slide_awesome_slide_active'====== Args={'_from_bcp': True}
2024-10-29 19:36:21,201 : INFO : EventManager : Event: ======'slide_press_start_removed'====== Args={'_from_bcp': True}
2024-10-29 19:36:21,202 : INFO : EventManager : Event: ======'slide_press_start_created'====== Args={'_from_bcp': True}
2024-10-29 19:36:21,202 : INFO : EventManager : Event: ======'slide_press_start_active'====== Args={'_from_bcp': True}
2024-10-29 19:36:24,214 : INFO : EventManager : Event: ======'slide_mission_pinball_removed'====== Args={'_from_bcp': True}
2024-10-29 19:36:24,217 : INFO : EventManager : Event: ======'slide_mission_pinball_created'====== Args={'_from_bcp': True}
2024-10-29 19:36:24,223 : INFO : EventManager : Event: ======'slide_mission_pinball_active'====== Args={'_from_bcp': True}
2024-10-29 19:36:27,208 : INFO : EventManager : Event: ======'slide_last_game_score_slide_removed'====== Args={'_from_bcp': True}
2024-10-29 19:36:27,209 : INFO : EventManager : Event: ======'slide_last_game_score_slide_created'====== Args={'_from_bcp': True}
2024-10-29 19:36:27,209 : INFO : EventManager : Event: ======'slide_last_game_score_slide_active'====== Args={'_from_bcp': True}
2024-10-29 19:36:30,201 : INFO : EventManager : Event: ======'slide_awesome_slide_removed'====== Args={'_from_bcp': True}
2024-10-29 19:36:30,202 : INFO : EventManager : Event: ======'slide_awesome_slide_created'====== Args={'_from_bcp': True}
2024-10-29 19:36:30,203 : INFO : EventManager : Event: ======'slide_awesome_slide_active'====== Args={'_from_bcp': True}
2024-10-29 19:36:33,214 : INFO : EventManager : Event: ======'slide_press_start_removed'====== Args={'_from_bcp': True}
2024-10-29 19:36:33,231 : INFO : EventManager : Event: ======'slide_press_start_created'====== Args={'_from_bcp': True}
2024-10-29 19:36:33,243 : INFO : EventManager : Event: ======'slide_press_start_active'====== Args={'_from_bcp': True}
2024-10-29 19:36:36,209 : INFO : EventManager : Event: ======'slide_mission_pinball_removed'====== Args={'_from_bcp': True}
2024-10-29 19:36:36,210 : INFO : EventManager : Event: ======'slide_mission_pinball_created'====== Args={'_from_bcp': True}
2024-10-29 19:36:36,210 : INFO : EventManager : Event: ======'slide_mission_pinball_active'====== Args={'_from_bcp': True}
2024-10-29 19:36:39,202 : INFO : EventManager : Event: ======'slide_last_game_score_slide_removed'====== Args={'_from_bcp': True}
2024-10-29 19:36:39,203 : INFO : EventManager : Event: ======'slide_last_game_score_slide_created'====== Args={'_from_bcp': True}
2024-10-29 19:36:39,203 : INFO : EventManager : Event: ======'slide_last_game_score_slide_active'====== Args={'_from_bcp': True}
2024-10-29 19:36:42,220 : INFO : EventManager : Event: ======'slide_awesome_slide_removed'====== Args={'_from_bcp': True}
2024-10-29 19:36:42,231 : INFO : EventManager : Event: ======'slide_awesome_slide_created'====== Args={'_from_bcp': True}
2024-10-29 19:36:42,242 : INFO : EventManager : Event: ======'slide_awesome_slide_active'====== Args={'_from_bcp': True}
2024-10-29 19:36:45,208 : INFO : EventManager : Event: ======'slide_press_start_removed'====== Args={'_from_bcp': True}
2024-10-29 19:36:45,217 : INFO : EventManager : Event: ======'slide_press_start_created'====== Args={'_from_bcp': True}
2024-10-29 19:36:45,218 : INFO : EventManager : Event: ======'slide_press_start_active'====== Args={'_from_bcp': True}
2024-10-29 19:36:48,203 : INFO : EventManager : Event: ======'slide_mission_pinball_removed'====== Args={'_from_bcp': True}
2024-10-29 19:36:48,204 : INFO : EventManager : Event: ======'slide_mission_pinball_created'====== Args={'_from_bcp': True}
2024-10-29 19:36:48,205 : INFO : EventManager : Event: ======'slide_mission_pinball_active'====== Args={'_from_bcp': True}
2024-10-29 19:36:51,215 : INFO : EventManager : Event: ======'slide_last_game_score_slide_removed'====== Args={'_from_bcp': True}
2024-10-29 19:36:51,230 : INFO : EventManager : Event: ======'slide_last_game_score_slide_created'====== Args={'_from_bcp': True}
2024-10-29 19:36:51,241 : INFO : EventManager : Event: ======'slide_last_game_score_slide_active'====== Args={'_from_bcp': True}
2024-10-29 19:36:54,212 : INFO : EventManager : Event: ======'slide_awesome_slide_removed'====== Args={'_from_bcp': True}
2024-10-29 19:36:54,213 : INFO : EventManager : Event: ======'slide_awesome_slide_created'====== Args={'_from_bcp': True}
2024-10-29 19:36:54,213 : INFO : EventManager : Event: ======'slide_awesome_slide_active'====== Args={'_from_bcp': True}
2024-10-29 19:36:57,206 : INFO : EventManager : Event: ======'slide_press_start_removed'====== Args={'_from_bcp': True}
2024-10-29 19:36:57,207 : INFO : EventManager : Event: ======'slide_press_start_created'====== Args={'_from_bcp': True}
2024-10-29 19:36:57,208 : INFO : EventManager : Event: ======'slide_press_start_active'====== Args={'_from_bcp': True}
2024-10-29 19:36:58,211 : INFO : Machine : Shutting down...
2024-10-29 19:36:58,211 : INFO : EventManager : Event: ======'shutdown'====== Args={}
2024-10-29 19:36:58,243 : INFO : root : MPF run loop ended.
