2024-11-20 19:46:03,367 : INFO : root : Loading config.
2024-11-20 19:46:03,370 : INFO : YamlMultifileConfigLoader : Machine config file #1: config.yaml
2024-11-20 19:46:03,370 : INFO : ConfigProcessor : Loading config from cache: /var/folders/lw/36nc9wln17qdc1y8dnh6d85h0000gr/T/a187413b8cf7049e0b91852f54cd1afa.mpf_cache
2024-11-20 19:46:03,409 : INFO : ConfigProcessor : Loading config from cache: /var/folders/lw/36nc9wln17qdc1y8dnh6d85h0000gr/T/2e30198d1c841d95b9b3e69c8a0bb49b.mpf_cache
2024-11-20 19:46:03,409 : INFO : ConfigProcessor : Loading config from cache: /var/folders/lw/36nc9wln17qdc1y8dnh6d85h0000gr/T/40928215bbb65374348eff3d4cd7b8bc.mpf_cache
2024-11-20 19:46:03,410 : WARNING : ConfigProcessor : Config file in cache changed: /Users/C_Alan/pinball/hauntedhouse/modes/base/config/base.yaml
2024-11-20 19:46:03,410 : INFO : ConfigProcessor : Loading config from file /Users/C_Alan/pinball/hauntedhouse/modes/base/config/base.yaml.
2024-11-20 19:46:03,414 : INFO : ConfigProcessor : Loading config: /Users/C_Alan/pinball/hauntedhouse/modes/base/config/base.yaml
2024-11-20 19:46:03,415 : INFO : ConfigProcessor : Config file cache created: /var/folders/lw/36nc9wln17qdc1y8dnh6d85h0000gr/T/167ddff969183ffa73a4682c84ddf638.mpf_cache
2024-11-20 19:46:03,415 : INFO : ConfigProcessor : Loading config from cache: /var/folders/lw/36nc9wln17qdc1y8dnh6d85h0000gr/T/2e30198d1c841d95b9b3e69c8a0bb49b.mpf_cache
2024-11-20 19:46:03,415 : INFO : ConfigProcessor : Loading config from cache: /var/folders/lw/36nc9wln17qdc1y8dnh6d85h0000gr/T/1ab5c5e749213b44f20a4087626085fd.mpf_cache
2024-11-20 19:46:03,415 : INFO : Machine : Mission Pinball Framework Core Engine v0.80.0.dev5
2024-11-20 19:46:03,416 : INFO : Machine : Command line arguments: {'no_load_cache': False, 'create_config_cache': True, 'bcp': True, 'configfile': ['config.yaml'], 'force_assets_load': False, 'platform_integration_test': False, 'jsonlogging': False, 'logfile': 'logs/2024-11-20-19-46-03-mpf-Macpro.local.log', 'pause': False, 'production': False, 'text_ui': True, 'loglevel': 15, 'consoleloglevel': 20, 'force_platform': 'virtual', 'syslog_address': None, 'full_logfile_path': '/Users/C_Alan/pinball/hauntedhouse/logs/2024-11-20-19-46-03-mpf-Macpro.local.log'}
2024-11-20 19:46:03,416 : INFO : Machine : MPF path: /Users/C_Alan/envp311/lib/python3.11/site-packages/mpf
2024-11-20 19:46:03,416 : INFO : Machine : Machine path: /Users/C_Alan/pinball/hauntedhouse
2024-11-20 19:46:03,416 : INFO : Machine : Platform: darwin
2024-11-20 19:46:03,416 : INFO : Machine : Python executable location: /Users/C_Alan/envp311/bin/python3.11
2024-11-20 19:46:03,416 : INFO : Machine : Python version: 3.11.0 (64-bit)
2024-11-20 19:46:03,416 : INFO : Machine : Initializing MPF...
2024-11-20 19:46:03,446 : INFO : EventManager : Event: ======'machine_var_credits_string'====== Args={'value': 'FREE PLAY', 'prev_value': None, 'change': True}
2024-11-20 19:46:03,454 : INFO : EventManager : Event: ======'machine_var_master_volume'====== Args={'value': 0.5, 'prev_value': None, 'change': True}
2024-11-20 19:46:03,454 : INFO : EventManager : Event: ======'machine_var_player1_score'====== Args={'value': 81180, 'prev_value': None, 'change': True}
2024-11-20 19:46:03,454 : INFO : EventManager : Event: ======'machine_var_mpf_version'====== Args={'value': 'Mission Pinball Framework v0.80.0.dev5', 'prev_value': None, 'change': True}
2024-11-20 19:46:03,454 : INFO : EventManager : Event: ======'machine_var_mpf_extended_version'====== Args={'value': 'Mission Pinball Framework v0.80.0.dev5, Config version:6, Show version: 6, BCP version:1.1', 'prev_value': None, 'change': True}
2024-11-20 19:46:03,454 : INFO : EventManager : Event: ======'machine_var_python_version'====== Args={'value': '3.11.0', 'prev_value': None, 'change': True}
2024-11-20 19:46:03,466 : INFO : EventManager : Event: ======'machine_var_platform'====== Args={'value': 'macOS-14.6.1-x86_64-i386-64bit', 'prev_value': None, 'change': True}
2024-11-20 19:46:03,467 : INFO : EventManager : Event: ======'machine_var_platform_system'====== Args={'value': 'Darwin', 'prev_value': None, 'change': True}
2024-11-20 19:46:03,467 : INFO : EventManager : Event: ======'machine_var_platform_release'====== Args={'value': '23.6.0', 'prev_value': None, 'change': True}
2024-11-20 19:46:03,467 : INFO : EventManager : Event: ======'machine_var_platform_version'====== Args={'value': 'Darwin Kernel Version 23.6.0: Mon Jul 29 21:13:00 PDT 2024; root:xnu-10063.141.2~1/RELEASE_X86_64', 'prev_value': None, 'change': True}
2024-11-20 19:46:03,467 : INFO : EventManager : Event: ======'machine_var_platform_machine'====== Args={'value': 'x86_64', 'prev_value': None, 'change': True}
2024-11-20 19:46:03,467 : INFO : EventManager : Event: ======'machine_var_log_file_path'====== Args={'value': '/Users/C_Alan/pinball/hauntedhouse/logs/2024-11-20-19-46-03-mpf-Macpro.local.log', 'prev_value': None, 'change': True}
2024-11-20 19:46:03,467 : INFO : EventManager : Event: ======'init_phase_1'====== Args={}
2024-11-20 19:46:03,502 : INFO : EventManager : Event: ======'drop_target_bank_upper_up'====== Args={}
2024-11-20 19:46:03,502 : INFO : EventManager : Event: ======'drop_target_bank_lower_up'====== Args={}
2024-11-20 19:46:03,503 : INFO : EventManager : Event: ======'init_phase_2'====== Args={}
2024-11-20 19:46:03,507 : INFO : EventManager : Event: ======'bcp_connection_attempt'====== Args={'name': 'local_display', 'host': 'localhost', 'port': 5050}
2024-11-20 19:46:03,508 : INFO : BCPClientSocket : Connecting BCP to 'local_display' at localhost:5050...
2024-11-20 19:46:11,273 : INFO : BCPClientSocket : Connected BCP to 'local_display' localhost:5050
2024-11-20 19:46:11,273 : INFO : EventManager : Event: ======'bcp_clients_connected'====== Args={}
2024-11-20 19:46:11,274 : INFO : ball_device.bd_drain : BCH: Initial count: 0
2024-11-20 19:46:11,275 : INFO : ball_device.bd_drain : State: idle
2024-11-20 19:46:11,275 : INFO : ball_device.bd_lower_vuk : BCH: Initial count: 0
2024-11-20 19:46:11,275 : INFO : ball_device.bd_lower_vuk : State: idle
2024-11-20 19:46:11,276 : INFO : ball_device.bd_lower_kickout_special : BCH: Initial count: 0
2024-11-20 19:46:11,276 : INFO : ball_device.bd_lower_kickout_special : State: idle
2024-11-20 19:46:11,276 : INFO : ball_device.bd_main_vuk : BCH: Initial count: 0
2024-11-20 19:46:11,276 : INFO : ball_device.bd_main_vuk : State: idle
2024-11-20 19:46:11,277 : INFO : ball_device.bd_main_kickout_right : BCH: Initial count: 0
2024-11-20 19:46:11,277 : INFO : ball_device.bd_main_kickout_right : State: idle
2024-11-20 19:46:11,277 : INFO : ball_device.bd_main_kickout_lane : BCH: Initial count: 0
2024-11-20 19:46:11,277 : INFO : ball_device.bd_main_kickout_lane : State: idle
2024-11-20 19:46:11,287 : INFO : EventManager : Event: ======'init_phase_3'====== Args={}
2024-11-20 19:46:11,291 : INFO : EventManager : Event: ======'init_phase_4'====== Args={}
2024-11-20 19:46:11,291 : INFO : BallController : Initial balls found: 0
2024-11-20 19:46:11,292 : INFO : EventManager : Event: ======'machine_var_audits_events_game_ended'====== Args={'value': 65, 'prev_value': None, 'change': True}
2024-11-20 19:46:11,292 : INFO : EventManager : Event: ======'machine_var_audits_events_game_started'====== Args={'value': 131, 'prev_value': None, 'change': True}
2024-11-20 19:46:11,292 : INFO : EventManager : Event: ======'machine_var_audits_missing_switches_s_left_flipper1'====== Args={'value': 2, 'prev_value': None, 'change': True}
2024-11-20 19:46:11,292 : INFO : EventManager : Event: ======'machine_var_audits_missing_switches_s_left_flipper2'====== Args={'value': 2, 'prev_value': None, 'change': True}
2024-11-20 19:46:11,292 : INFO : EventManager : Event: ======'machine_var_audits_missing_switches_s_lower_10pt_drops'====== Args={'value': 4, 'prev_value': None, 'change': True}
2024-11-20 19:46:11,292 : INFO : EventManager : Event: ======'machine_var_audits_missing_switches_s_lower_10pt_lower'====== Args={'value': 5, 'prev_value': None, 'change': True}
2024-11-20 19:46:11,292 : INFO : EventManager : Event: ======'machine_var_audits_missing_switches_s_lower_10pt_upper'====== Args={'value': 4, 'prev_value': None, 'change': True}
2024-11-20 19:46:11,292 : INFO : EventManager : Event: ======'machine_var_audits_missing_switches_s_lower_1_drop'====== Args={'value': 5, 'prev_value': None, 'change': True}
2024-11-20 19:46:11,292 : INFO : EventManager : Event: ======'machine_var_audits_missing_switches_s_lower_2_drop'====== Args={'value': 4, 'prev_value': None, 'change': True}
2024-11-20 19:46:11,292 : INFO : EventManager : Event: ======'machine_var_audits_missing_switches_s_lower_3_drop'====== Args={'value': 5, 'prev_value': None, 'change': True}
2024-11-20 19:46:11,292 : INFO : EventManager : Event: ======'machine_var_audits_missing_switches_s_lower_4_drop'====== Args={'value': 17, 'prev_value': None, 'change': True}
2024-11-20 19:46:11,292 : INFO : EventManager : Event: ======'machine_var_audits_missing_switches_s_lower_5_drop'====== Args={'value': 5, 'prev_value': None, 'change': True}
2024-11-20 19:46:11,293 : INFO : EventManager : Event: ======'machine_var_audits_missing_switches_s_lower_bonus_left'====== Args={'value': 4, 'prev_value': None, 'change': True}
2024-11-20 19:46:11,293 : INFO : EventManager : Event: ======'machine_var_audits_missing_switches_s_lower_bonus_right'====== Args={'value': 21, 'prev_value': None, 'change': True}
2024-11-20 19:46:11,293 : INFO : EventManager : Event: ======'machine_var_audits_missing_switches_s_lower_kick_target'====== Args={'value': 21, 'prev_value': None, 'change': True}
2024-11-20 19:46:11,293 : INFO : EventManager : Event: ======'machine_var_audits_missing_switches_s_lower_kickout_special'====== Args={'value': 4, 'prev_value': None, 'change': True}
2024-11-20 19:46:11,293 : INFO : EventManager : Event: ======'machine_var_audits_missing_switches_s_lower_pop'====== Args={'value': 4, 'prev_value': None, 'change': True}
2024-11-20 19:46:11,293 : INFO : EventManager : Event: ======'machine_var_audits_missing_switches_s_lower_rollover'====== Args={'value': 1, 'prev_value': None, 'change': True}
2024-11-20 19:46:11,293 : INFO : EventManager : Event: ======'machine_var_audits_missing_switches_s_lower_slingshot'====== Args={'value': 4, 'prev_value': None, 'change': True}
2024-11-20 19:46:11,293 : INFO : EventManager : Event: ======'machine_var_audits_missing_switches_s_lower_vuk'====== Args={'value': 1, 'prev_value': None, 'change': True}
2024-11-20 19:46:11,293 : INFO : EventManager : Event: ======'machine_var_audits_missing_switches_s_main_10pt_left'====== Args={'value': 4, 'prev_value': None, 'change': True}
2024-11-20 19:46:11,293 : INFO : EventManager : Event: ======'machine_var_audits_missing_switches_s_main_1_target'====== Args={'value': 4, 'prev_value': None, 'change': True}
2024-11-20 19:46:11,293 : INFO : EventManager : Event: ======'machine_var_audits_missing_switches_s_main_1_trough'====== Args={'value': 4, 'prev_value': None, 'change': True}
2024-11-20 19:46:11,293 : INFO : EventManager : Event: ======'machine_var_audits_missing_switches_s_main_2_target'====== Args={'value': 4, 'prev_value': None, 'change': True}
2024-11-20 19:46:11,293 : INFO : EventManager : Event: ======'machine_var_audits_missing_switches_s_main_2_trough'====== Args={'value': 1, 'prev_value': None, 'change': True}
2024-11-20 19:46:11,293 : INFO : EventManager : Event: ======'machine_var_audits_missing_switches_s_main_3_target'====== Args={'value': 4, 'prev_value': None, 'change': True}
2024-11-20 19:46:11,294 : INFO : EventManager : Event: ======'machine_var_audits_missing_switches_s_main_4_target'====== Args={'value': 1, 'prev_value': None, 'change': True}
2024-11-20 19:46:11,294 : INFO : EventManager : Event: ======'machine_var_audits_missing_switches_s_main_5_target'====== Args={'value': 2, 'prev_value': None, 'change': True}
2024-11-20 19:46:11,294 : INFO : EventManager : Event: ======'machine_var_audits_missing_switches_s_main_inlane_left'====== Args={'value': 15, 'prev_value': None, 'change': True}
2024-11-20 19:46:11,294 : INFO : EventManager : Event: ======'machine_var_audits_missing_switches_s_main_inlane_right'====== Args={'value': 1, 'prev_value': None, 'change': True}
2024-11-20 19:46:11,294 : INFO : EventManager : Event: ======'machine_var_audits_missing_switches_s_main_kickout_right'====== Args={'value': 1, 'prev_value': None, 'change': True}
2024-11-20 19:46:11,294 : INFO : EventManager : Event: ======'machine_var_audits_missing_switches_s_main_lane_center'====== Args={'value': 1, 'prev_value': None, 'change': True}
2024-11-20 19:46:11,294 : INFO : EventManager : Event: ======'machine_var_audits_missing_switches_s_main_outlane_left'====== Args={'value': 21, 'prev_value': None, 'change': True}
2024-11-20 19:46:11,294 : INFO : EventManager : Event: ======'machine_var_audits_missing_switches_s_main_outlane_right'====== Args={'value': 4, 'prev_value': None, 'change': True}
2024-11-20 19:46:11,294 : INFO : EventManager : Event: ======'machine_var_audits_missing_switches_s_main_pop_bottom'====== Args={'value': 2, 'prev_value': None, 'change': True}
2024-11-20 19:46:11,294 : INFO : EventManager : Event: ======'machine_var_audits_missing_switches_s_main_pop_top'====== Args={'value': 1, 'prev_value': None, 'change': True}
2024-11-20 19:46:11,294 : INFO : EventManager : Event: ======'machine_var_audits_missing_switches_s_main_rollunder'====== Args={'value': 1, 'prev_value': None, 'change': True}
2024-11-20 19:46:11,294 : INFO : EventManager : Event: ======'machine_var_audits_missing_switches_s_main_secret_trough'====== Args={'value': 4, 'prev_value': None, 'change': True}
2024-11-20 19:46:11,294 : INFO : EventManager : Event: ======'machine_var_audits_missing_switches_s_main_slingshot'====== Args={'value': 1, 'prev_value': None, 'change': True}
2024-11-20 19:46:11,294 : INFO : EventManager : Event: ======'machine_var_audits_missing_switches_s_main_target_right'====== Args={'value': 4, 'prev_value': None, 'change': True}
2024-11-20 19:46:11,295 : INFO : EventManager : Event: ======'machine_var_audits_missing_switches_s_main_trapdoor_trough'====== Args={'value': 21, 'prev_value': None, 'change': True}
2024-11-20 19:46:11,295 : INFO : EventManager : Event: ======'machine_var_audits_missing_switches_s_right_flipper1'====== Args={'value': 1, 'prev_value': None, 'change': True}
2024-11-20 19:46:11,295 : INFO : EventManager : Event: ======'machine_var_audits_missing_switches_s_right_flipper2'====== Args={'value': 1, 'prev_value': None, 'change': True}
2024-11-20 19:46:11,295 : INFO : EventManager : Event: ======'machine_var_audits_missing_switches_s_start'====== Args={'value': 5, 'prev_value': None, 'change': True}
2024-11-20 19:46:11,295 : INFO : EventManager : Event: ======'machine_var_audits_missing_switches_s_upper_10pt_left'====== Args={'value': 2, 'prev_value': None, 'change': True}
2024-11-20 19:46:11,295 : INFO : EventManager : Event: ======'machine_var_audits_missing_switches_s_upper_1_drop'====== Args={'value': 2, 'prev_value': None, 'change': True}
2024-11-20 19:46:11,295 : INFO : EventManager : Event: ======'machine_var_audits_missing_switches_s_upper_2_drop'====== Args={'value': 2, 'prev_value': None, 'change': True}
2024-11-20 19:46:11,295 : INFO : EventManager : Event: ======'machine_var_audits_missing_switches_s_upper_3_drop'====== Args={'value': 2, 'prev_value': None, 'change': True}
2024-11-20 19:46:11,295 : INFO : EventManager : Event: ======'machine_var_audits_missing_switches_s_upper_4_drop'====== Args={'value': 2, 'prev_value': None, 'change': True}
2024-11-20 19:46:11,295 : INFO : EventManager : Event: ======'machine_var_audits_missing_switches_s_upper_pop'====== Args={'value': 2, 'prev_value': None, 'change': True}
2024-11-20 19:46:11,295 : INFO : EventManager : Event: ======'machine_var_audits_player_score'====== Args={'value': {'average': 30746, 'top': [211150, 162330, 120480, 114590, 92630, 81180, 78890, 76090, 75800, 75650], 'total': 68}, 'prev_value': None, 'change': True}
2024-11-20 19:46:11,295 : INFO : EventManager : Event: ======'machine_var_audits_shots_10pt'====== Args={'value': 248, 'prev_value': None, 'change': True}
2024-11-20 19:46:11,296 : INFO : EventManager : Event: ======'machine_var_audits_shots_left_inlane'====== Args={'value': 22, 'prev_value': None, 'change': True}
2024-11-20 19:46:11,296 : INFO : EventManager : Event: ======'machine_var_audits_shots_left_outlane'====== Args={'value': 11, 'prev_value': None, 'change': True}
2024-11-20 19:46:11,296 : INFO : EventManager : Event: ======'machine_var_audits_shots_lower_10pt_drops'====== Args={'value': 37, 'prev_value': None, 'change': True}
2024-11-20 19:46:11,296 : INFO : EventManager : Event: ======'machine_var_audits_shots_lower_10pt_lower'====== Args={'value': 12, 'prev_value': None, 'change': True}
2024-11-20 19:46:11,296 : INFO : EventManager : Event: ======'machine_var_audits_shots_lower_10pt_upper'====== Args={'value': 13, 'prev_value': None, 'change': True}
2024-11-20 19:46:11,296 : INFO : EventManager : Event: ======'machine_var_audits_shots_lower_1_drop'====== Args={'value': 44, 'prev_value': None, 'change': True}
2024-11-20 19:46:11,296 : INFO : EventManager : Event: ======'machine_var_audits_shots_lower_2_drop'====== Args={'value': 12, 'prev_value': None, 'change': True}
2024-11-20 19:46:11,296 : INFO : EventManager : Event: ======'machine_var_audits_shots_lower_3_drop'====== Args={'value': 12, 'prev_value': None, 'change': True}
2024-11-20 19:46:11,296 : INFO : EventManager : Event: ======'machine_var_audits_shots_lower_4_drop'====== Args={'value': 16, 'prev_value': None, 'change': True}
2024-11-20 19:46:11,296 : INFO : EventManager : Event: ======'machine_var_audits_shots_lower_5_drop'====== Args={'value': 17, 'prev_value': None, 'change': True}
2024-11-20 19:46:11,297 : INFO : EventManager : Event: ======'machine_var_audits_shots_lower_hole'====== Args={'value': 27, 'prev_value': None, 'change': True}
2024-11-20 19:46:11,297 : INFO : EventManager : Event: ======'machine_var_audits_shots_lower_kick_target'====== Args={'value': 2, 'prev_value': None, 'change': True}
2024-11-20 19:46:11,297 : INFO : EventManager : Event: ======'machine_var_audits_shots_lower_left'====== Args={'value': 11, 'prev_value': None, 'change': True}
2024-11-20 19:46:11,297 : INFO : EventManager : Event: ======'machine_var_audits_shots_lower_left_pop'====== Args={'value': 199, 'prev_value': None, 'change': True}
2024-11-20 19:46:11,297 : INFO : EventManager : Event: ======'machine_var_audits_shots_lower_pop'====== Args={'value': 28, 'prev_value': None, 'change': True}
2024-11-20 19:46:11,297 : INFO : EventManager : Event: ======'machine_var_audits_shots_lower_right'====== Args={'value': 4, 'prev_value': None, 'change': True}
2024-11-20 19:46:11,297 : INFO : EventManager : Event: ======'machine_var_audits_shots_lower_rollover'====== Args={'value': 32, 'prev_value': None, 'change': True}
2024-11-20 19:46:11,297 : INFO : EventManager : Event: ======'machine_var_audits_shots_lower_slingshot'====== Args={'value': 19, 'prev_value': None, 'change': True}
2024-11-20 19:46:11,297 : INFO : EventManager : Event: ======'machine_var_audits_shots_main_1'====== Args={'value': 30, 'prev_value': None, 'change': True}
2024-11-20 19:46:11,297 : INFO : EventManager : Event: ======'machine_var_audits_shots_main_2'====== Args={'value': 33, 'prev_value': None, 'change': True}
2024-11-20 19:46:11,298 : INFO : EventManager : Event: ======'machine_var_audits_shots_main_3'====== Args={'value': 26, 'prev_value': None, 'change': True}
2024-11-20 19:46:11,298 : INFO : EventManager : Event: ======'machine_var_audits_shots_main_4'====== Args={'value': 44, 'prev_value': None, 'change': True}
2024-11-20 19:46:11,298 : INFO : EventManager : Event: ======'machine_var_audits_shots_main_5'====== Args={'value': 24, 'prev_value': None, 'change': True}
2024-11-20 19:46:11,298 : INFO : EventManager : Event: ======'machine_var_audits_shots_main_slingshot'====== Args={'value': 45, 'prev_value': None, 'change': True}
2024-11-20 19:46:11,298 : INFO : EventManager : Event: ======'machine_var_audits_shots_main_trough_1'====== Args={'value': 16, 'prev_value': None, 'change': True}
2024-11-20 19:46:11,298 : INFO : EventManager : Event: ======'machine_var_audits_shots_right_inlane'====== Args={'value': 75, 'prev_value': None, 'change': True}
2024-11-20 19:46:11,299 : INFO : EventManager : Event: ======'machine_var_audits_shots_right_kickout'====== Args={'value': 34, 'prev_value': None, 'change': True}
2024-11-20 19:46:11,299 : INFO : EventManager : Event: ======'machine_var_audits_shots_right_outlane'====== Args={'value': 44, 'prev_value': None, 'change': True}
2024-11-20 19:46:11,299 : INFO : EventManager : Event: ======'machine_var_audits_shots_rollunder'====== Args={'value': 106, 'prev_value': None, 'change': True}
2024-11-20 19:46:11,299 : INFO : EventManager : Event: ======'machine_var_audits_shots_standup_right'====== Args={'value': 91, 'prev_value': None, 'change': True}
2024-11-20 19:46:11,299 : INFO : EventManager : Event: ======'machine_var_audits_shots_upper_1'====== Args={'value': 37, 'prev_value': None, 'change': True}
2024-11-20 19:46:11,299 : INFO : EventManager : Event: ======'machine_var_audits_shots_upper_1_drop'====== Args={'value': 51, 'prev_value': None, 'change': True}
2024-11-20 19:46:11,299 : INFO : EventManager : Event: ======'machine_var_audits_shots_upper_2'====== Args={'value': 64, 'prev_value': None, 'change': True}
2024-11-20 19:46:11,299 : INFO : EventManager : Event: ======'machine_var_audits_shots_upper_2_drop'====== Args={'value': 39, 'prev_value': None, 'change': True}
2024-11-20 19:46:11,300 : INFO : EventManager : Event: ======'machine_var_audits_shots_upper_3'====== Args={'value': 26, 'prev_value': None, 'change': True}
2024-11-20 19:46:11,300 : INFO : EventManager : Event: ======'machine_var_audits_shots_upper_3_drop'====== Args={'value': 57, 'prev_value': None, 'change': True}
2024-11-20 19:46:11,300 : INFO : EventManager : Event: ======'machine_var_audits_shots_upper_4'====== Args={'value': 23, 'prev_value': None, 'change': True}
2024-11-20 19:46:11,300 : INFO : EventManager : Event: ======'machine_var_audits_shots_upper_4_drop'====== Args={'value': 70, 'prev_value': None, 'change': True}
2024-11-20 19:46:11,300 : INFO : EventManager : Event: ======'machine_var_audits_shots_upper_left_pop'====== Args={'value': 68, 'prev_value': None, 'change': True}
2024-11-20 19:46:11,300 : INFO : EventManager : Event: ======'machine_var_audits_shots_upper_pop'====== Args={'value': 544, 'prev_value': None, 'change': True}
2024-11-20 19:46:11,300 : INFO : EventManager : Event: ======'machine_var_audits_switches_s_left_flipper1'====== Args={'value': 420, 'prev_value': None, 'change': True}
2024-11-20 19:46:11,300 : INFO : EventManager : Event: ======'machine_var_audits_switches_s_left_flipper2'====== Args={'value': 469, 'prev_value': None, 'change': True}
2024-11-20 19:46:11,300 : INFO : EventManager : Event: ======'machine_var_audits_switches_s_lower_10pt_UPPER'====== Args={'value': 0, 'prev_value': None, 'change': True}
2024-11-20 19:46:11,301 : INFO : EventManager : Event: ======'machine_var_audits_switches_s_lower_10pt_drops'====== Args={'value': 37, 'prev_value': None, 'change': True}
2024-11-20 19:46:11,301 : INFO : EventManager : Event: ======'machine_var_audits_switches_s_lower_10pt_lower'====== Args={'value': 12, 'prev_value': None, 'change': True}
2024-11-20 19:46:11,301 : INFO : EventManager : Event: ======'machine_var_audits_switches_s_lower_10pt_upper'====== Args={'value': 13, 'prev_value': None, 'change': True}
2024-11-20 19:46:11,301 : INFO : EventManager : Event: ======'machine_var_audits_switches_s_lower_1_drop'====== Args={'value': 399, 'prev_value': None, 'change': True}
2024-11-20 19:46:11,301 : INFO : EventManager : Event: ======'machine_var_audits_switches_s_lower_2_drop'====== Args={'value': 12, 'prev_value': None, 'change': True}
2024-11-20 19:46:11,301 : INFO : EventManager : Event: ======'machine_var_audits_switches_s_lower_3_drop'====== Args={'value': 12, 'prev_value': None, 'change': True}
2024-11-20 19:46:11,301 : INFO : EventManager : Event: ======'machine_var_audits_switches_s_lower_4_drop'====== Args={'value': 16, 'prev_value': None, 'change': True}
2024-11-20 19:46:11,302 : INFO : EventManager : Event: ======'machine_var_audits_switches_s_lower_5_drop'====== Args={'value': 17, 'prev_value': None, 'change': True}
2024-11-20 19:46:11,302 : INFO : EventManager : Event: ======'machine_var_audits_switches_s_lower_bonus_left'====== Args={'value': 11, 'prev_value': None, 'change': True}
2024-11-20 19:46:11,302 : INFO : EventManager : Event: ======'machine_var_audits_switches_s_lower_bonus_right'====== Args={'value': 4, 'prev_value': None, 'change': True}
2024-11-20 19:46:11,302 : INFO : EventManager : Event: ======'machine_var_audits_switches_s_lower_kick_target'====== Args={'value': 2, 'prev_value': None, 'change': True}
2024-11-20 19:46:11,302 : INFO : EventManager : Event: ======'machine_var_audits_switches_s_lower_kickout_special'====== Args={'value': 27, 'prev_value': None, 'change': True}
2024-11-20 19:46:11,302 : INFO : EventManager : Event: ======'machine_var_audits_switches_s_lower_pop'====== Args={'value': 28, 'prev_value': None, 'change': True}
2024-11-20 19:46:11,303 : INFO : EventManager : Event: ======'machine_var_audits_switches_s_lower_rollover'====== Args={'value': 60, 'prev_value': None, 'change': True}
2024-11-20 19:46:11,303 : INFO : EventManager : Event: ======'machine_var_audits_switches_s_lower_slingshot'====== Args={'value': 19, 'prev_value': None, 'change': True}
2024-11-20 19:46:11,303 : INFO : EventManager : Event: ======'machine_var_audits_switches_s_lower_vuk'====== Args={'value': 239, 'prev_value': None, 'change': True}
2024-11-20 19:46:11,303 : INFO : EventManager : Event: ======'machine_var_audits_switches_s_main_10pt_left'====== Args={'value': 33, 'prev_value': None, 'change': True}
2024-11-20 19:46:11,303 : INFO : EventManager : Event: ======'machine_var_audits_switches_s_main_1_target'====== Args={'value': 57, 'prev_value': None, 'change': True}
2024-11-20 19:46:11,303 : INFO : EventManager : Event: ======'machine_var_audits_switches_s_main_1_trough'====== Args={'value': 49, 'prev_value': None, 'change': True}
2024-11-20 19:46:11,303 : INFO : EventManager : Event: ======'machine_var_audits_switches_s_main_2_target'====== Args={'value': 56, 'prev_value': None, 'change': True}
2024-11-20 19:46:11,304 : INFO : EventManager : Event: ======'machine_var_audits_switches_s_main_2_trough'====== Args={'value': 64, 'prev_value': None, 'change': True}
2024-11-20 19:46:11,304 : INFO : EventManager : Event: ======'machine_var_audits_switches_s_main_3_target'====== Args={'value': 26, 'prev_value': None, 'change': True}
2024-11-20 19:46:11,304 : INFO : EventManager : Event: ======'machine_var_audits_switches_s_main_4_target'====== Args={'value': 60, 'prev_value': None, 'change': True}
2024-11-20 19:46:11,304 : INFO : EventManager : Event: ======'machine_var_audits_switches_s_main_5_target'====== Args={'value': 58, 'prev_value': None, 'change': True}
2024-11-20 19:46:11,304 : INFO : EventManager : Event: ======'machine_var_audits_switches_s_main_inlane_left'====== Args={'value': 25, 'prev_value': None, 'change': True}
2024-11-20 19:46:11,305 : INFO : EventManager : Event: ======'machine_var_audits_switches_s_main_inlane_right'====== Args={'value': 80, 'prev_value': None, 'change': True}
2024-11-20 19:46:11,305 : INFO : EventManager : Event: ======'machine_var_audits_switches_s_main_kickout_right'====== Args={'value': 132, 'prev_value': None, 'change': True}
2024-11-20 19:46:11,305 : INFO : EventManager : Event: ======'machine_var_audits_switches_s_main_lane_center'====== Args={'value': 110, 'prev_value': None, 'change': True}
2024-11-20 19:46:11,305 : INFO : EventManager : Event: ======'machine_var_audits_switches_s_main_outhole'====== Args={'value': 452, 'prev_value': None, 'change': True}
2024-11-20 19:46:11,305 : INFO : EventManager : Event: ======'machine_var_audits_switches_s_main_outlane_left'====== Args={'value': 18, 'prev_value': None, 'change': True}
2024-11-20 19:46:11,305 : INFO : EventManager : Event: ======'machine_var_audits_switches_s_main_outlane_right'====== Args={'value': 45, 'prev_value': None, 'change': True}
2024-11-20 19:46:11,305 : INFO : EventManager : Event: ======'machine_var_audits_switches_s_main_pop_bottom'====== Args={'value': 227, 'prev_value': None, 'change': True}
2024-11-20 19:46:11,306 : INFO : EventManager : Event: ======'machine_var_audits_switches_s_main_pop_top'====== Args={'value': 133, 'prev_value': None, 'change': True}
2024-11-20 19:46:11,306 : INFO : EventManager : Event: ======'machine_var_audits_switches_s_main_rollunder'====== Args={'value': 106, 'prev_value': None, 'change': True}
2024-11-20 19:46:11,306 : INFO : EventManager : Event: ======'machine_var_audits_switches_s_main_roundabout_rollunder'====== Args={'value': 52, 'prev_value': None, 'change': True}
2024-11-20 19:46:11,306 : INFO : EventManager : Event: ======'machine_var_audits_switches_s_main_secret_trough'====== Args={'value': 30, 'prev_value': None, 'change': True}
2024-11-20 19:46:11,306 : INFO : EventManager : Event: ======'machine_var_audits_switches_s_main_slingshot'====== Args={'value': 240, 'prev_value': None, 'change': True}
2024-11-20 19:46:11,306 : INFO : EventManager : Event: ======'machine_var_audits_switches_s_main_target_right'====== Args={'value': 144, 'prev_value': None, 'change': True}
2024-11-20 19:46:11,307 : INFO : EventManager : Event: ======'machine_var_audits_switches_s_main_trapdoor_trough'====== Args={'value': 0, 'prev_value': None, 'change': True}
2024-11-20 19:46:11,307 : INFO : EventManager : Event: ======'machine_var_audits_switches_s_main_vuk'====== Args={'value': 281, 'prev_value': None, 'change': True}
2024-11-20 19:46:11,307 : INFO : EventManager : Event: ======'machine_var_audits_switches_s_right_flipper1'====== Args={'value': 367, 'prev_value': None, 'change': True}
2024-11-20 19:46:11,307 : INFO : EventManager : Event: ======'machine_var_audits_switches_s_right_flipper2'====== Args={'value': 419, 'prev_value': None, 'change': True}
2024-11-20 19:46:11,308 : INFO : EventManager : Event: ======'machine_var_audits_switches_s_start'====== Args={'value': 7, 'prev_value': None, 'change': True}
2024-11-20 19:46:11,308 : INFO : EventManager : Event: ======'machine_var_audits_switches_s_upper_10pt_center'====== Args={'value': 198, 'prev_value': None, 'change': True}
2024-11-20 19:46:11,308 : INFO : EventManager : Event: ======'machine_var_audits_switches_s_upper_10pt_left'====== Args={'value': 126, 'prev_value': None, 'change': True}
2024-11-20 19:46:11,308 : INFO : EventManager : Event: ======'machine_var_audits_switches_s_upper_1_drop'====== Args={'value': 59, 'prev_value': None, 'change': True}
2024-11-20 19:46:11,309 : INFO : EventManager : Event: ======'machine_var_audits_switches_s_upper_1_target'====== Args={'value': 98, 'prev_value': None, 'change': True}
2024-11-20 19:46:11,309 : INFO : EventManager : Event: ======'machine_var_audits_switches_s_upper_2_drop'====== Args={'value': 56, 'prev_value': None, 'change': True}
2024-11-20 19:46:11,309 : INFO : EventManager : Event: ======'machine_var_audits_switches_s_upper_2_target'====== Args={'value': 150, 'prev_value': None, 'change': True}
2024-11-20 19:46:11,309 : INFO : EventManager : Event: ======'machine_var_audits_switches_s_upper_3_drop'====== Args={'value': 67, 'prev_value': None, 'change': True}
2024-11-20 19:46:11,309 : INFO : EventManager : Event: ======'machine_var_audits_switches_s_upper_3_target'====== Args={'value': 63, 'prev_value': None, 'change': True}
2024-11-20 19:46:11,310 : INFO : EventManager : Event: ======'machine_var_audits_switches_s_upper_4_drop'====== Args={'value': 88, 'prev_value': None, 'change': True}
2024-11-20 19:46:11,310 : INFO : EventManager : Event: ======'machine_var_audits_switches_s_upper_4_target'====== Args={'value': 61, 'prev_value': None, 'change': True}
2024-11-20 19:46:11,310 : INFO : EventManager : Event: ======'machine_var_audits_switches_s_upper_pop'====== Args={'value': 776, 'prev_value': None, 'change': True}
2024-11-20 19:46:11,311 : INFO : EventManager : Event: ======'init_phase_5'====== Args={}
2024-11-20 19:46:11,314 : INFO : EventManager : Event: ======'init_done'====== Args={}
2024-11-20 19:46:11,314 : INFO : EventManager : Event: ======'machine_reset_phase_1'====== Args={}
2024-11-20 19:46:11,323 : INFO : EventManager : Event: ======'machine_reset_phase_2'====== Args={}
2024-11-20 19:46:11,323 : INFO : EventManager : Event: ======'machine_reset_phase_3'====== Args={}
2024-11-20 19:46:11,323 : INFO : drop_target_bank.upper : All targets are already up. Will not reset bank.
2024-11-20 19:46:11,323 : INFO : drop_target_bank.lower : All targets are already up. Will not reset bank.
2024-11-20 19:46:11,323 : INFO : EventManager : Event: ======'reset_complete'====== Args={}
2024-11-20 19:46:11,323 : INFO : EventManager : Event: ======'mode_attract_will_start'====== Args={}
2024-11-20 19:46:11,324 : INFO : EventManager : Event: ======'mode_attract_starting'====== Args={}
2024-11-20 19:46:11,324 : INFO : Mode.attract : Started. Priority: 10
2024-11-20 19:46:11,324 : INFO : EventManager : Event: ======'modes_active_modes_changed'====== Args={}
2024-11-20 19:46:11,324 : INFO : EventManager : Event: ======'mode_attract_started'====== Args={}
2024-11-20 19:46:11,325 : INFO : EventManager : Event: ======'collecting_balls_complete'====== Args={}
2024-11-20 19:46:11,325 : INFO : Machine : Starting the main run loop with active modes: [<Mode.attract>]
2024-11-20 19:46:11,381 : INFO : EventManager : Event: ======'slide_attract_scroll_created'====== Args={'_from_bcp': True}
2024-11-20 19:46:11,381 : INFO : EventManager : Event: ======'slide__removed'====== Args={'_from_bcp': True}
2024-11-20 19:46:11,381 : INFO : EventManager : Event: ======'slide_attract_scroll_active'====== Args={'original_context': 'attract', 'original_calling_context': 'mode_attract_started', 'priority': 10.0, 'cmd': 'slides_play', '_from_bcp': True}
2024-11-20 19:46:14,599 : INFO : BcpServer : New client connected.
2024-11-20 19:46:30,379 : INFO : SwitchController : <<<<<<< 's_main_outhole' active >>>>>>>
2024-11-20 19:46:30,880 : INFO : EventManager : Event: ======'balldevice_bd_drain_ball_count_changed'====== Args={'balls': 1}
2024-11-20 19:46:30,880 : INFO : ball_device.bd_drain : Received unexpected ball
2024-11-20 19:46:30,880 : INFO : EventManager : Event: ======'balldevice_captured_from_playfield'====== Args={'balls': 1}
2024-11-20 19:46:30,881 : INFO : EventManager : Event: ======'sw_playfield_active'====== Args={'balls': 1}
2024-11-20 19:46:30,881 : INFO : EventManager : Event: ======'playfield_active'====== Args={'source': None}
2024-11-20 19:46:30,881 : INFO : EventManager : Event: ======'unexpected_ball_on_playfield'====== Args={}
2024-11-20 19:46:30,881 : INFO : EventManager : Event: ======'playfield_ball_count_change'====== Args={'balls': -1, 'change': -1}
2024-11-20 19:46:30,882 : INFO : EventManager : Event: ======'balldevice_playfield_ball_enter'====== Args={'new_balls': 1, 'unclaimed_balls': 1, 'device': <playfield.playfield>}
2024-11-20 19:46:30,882 : INFO : EventManager : Event: ======'playfield_ball_count_change'====== Args={'balls': 0, 'change': 1}
2024-11-20 19:46:30,882 : INFO : BallController : Found a new ball which was captured from playfield. Known balls: 1
2024-11-20 19:46:30,882 : INFO : EventManager : Event: ======'found_new_ball'====== Args={}
2024-11-20 19:46:30,883 : INFO : EventManager : Event: ======'balldevice_bd_drain_ball_enter'====== Args={'new_balls': 1, 'unclaimed_balls': 1, 'new_available_balls': 1, 'device': <ball_device.bd_drain>}
2024-11-20 19:46:30,883 : INFO : EventManager : Event: ======'ball_drain'====== Args={'device': <ball_device.bd_drain>, 'balls': 1}
2024-11-20 19:46:30,883 : INFO : EventManager : Event: ======'balldevice_balls_available'====== Args={}
2024-11-20 19:46:30,883 : INFO : EventManager : Event: ======'balldevice_bd_drain_ball_entered'====== Args={'new_balls': 1, 'device': <ball_device.bd_drain>}
2024-11-20 19:46:51,469 : INFO : SwitchController : <<<<<<< 's_start' active >>>>>>>
2024-11-20 19:46:51,570 : INFO : SwitchController : <<<<<<< 's_start' inactive >>>>>>>
2024-11-20 19:46:51,570 : INFO : EventManager : Event: ======'request_to_start_game'====== Args={}
2024-11-20 19:46:51,570 : INFO : EventManager : Event: ======'game_start'====== Args={'buttons': [], 'hold_time': 0.10025091283023357}
2024-11-20 19:46:51,571 : INFO : EventManager : Event: ======'mode_game_will_start'====== Args={'buttons': [], 'hold_time': 0.10025091283023357}
2024-11-20 19:46:51,571 : INFO : EventManager : Event: ======'mode_game_starting'====== Args={'buttons': [], 'hold_time': 0.10025091283023357}
2024-11-20 19:46:51,571 : INFO : EventManager : Event: ======'mode_attract_will_stop'====== Args={}
2024-11-20 19:46:51,571 : INFO : EventManager : Event: ======'mode_attract_stopping'====== Args={}
2024-11-20 19:46:51,571 : INFO : Mode.attract : Stopped.
2024-11-20 19:46:51,571 : INFO : EventManager : Event: ======'modes_active_modes_changed'====== Args={}
2024-11-20 19:46:51,572 : INFO : EventManager : Event: ======'mode_attract_stopped'====== Args={}
2024-11-20 19:46:51,572 : INFO : EventManager : Event: ======'clear'====== Args={'key': 'attract'}
2024-11-20 19:46:51,572 : INFO : Mode.game : Started. Priority: 20
2024-11-20 19:46:51,572 : INFO : EventManager : Event: ======'modes_active_modes_changed'====== Args={}
2024-11-20 19:46:51,572 : INFO : EventManager : Event: ======'mode_game_started'====== Args={'buttons': [], 'hold_time': 0.10025091283023357}
2024-11-20 19:46:51,573 : INFO : EventManager : Event: ======'game_will_start'====== Args={}
2024-11-20 19:46:51,573 : INFO : EventManager : Event: ======'game_starting'====== Args={'game': <Mode.game>}
2024-11-20 19:46:51,573 : INFO : EventManager : Unordered handler for class <Auditor> on event game_ended with priority 1. Handlers: [RegisteredHandler(callback=<bound method Auditor.disable of <Auditor>>, priority=1, kwargs={}, key=UUID('c459174e-7773-42ac-9a69-bfe07f24de6c'), condition=None, blocking_facility=None), RegisteredHandler(callback=<bound method Auditor._save_audits of <Auditor>>, priority=1, kwargs={}, key=UUID('18a85003-13a9-437b-ba10-b50a27638a8a'), condition=None, blocking_facility=None)]. The order of those handlers is not defined and they will be executed in random order. This might lead to race conditions and potential bugs.
2024-11-20 19:46:51,573 : INFO : EventManager : Event: ======'player_add_request'====== Args={}
2024-11-20 19:46:51,574 : INFO : EventManager : Event: ======'player_will_add'====== Args={'number': 1}
2024-11-20 19:46:51,574 : INFO : EventManager : Event: ======'player_adding'====== Args={'player': <Player 1>, 'number': 1}
2024-11-20 19:46:51,574 : INFO : EventManager : Event: ======'player_added'====== Args={'player': <Player 1>, 'num': 1}
2024-11-20 19:46:51,574 : INFO : Mode.game : Player added successfully. Total players: 1
2024-11-20 19:46:51,574 : INFO : EventManager : Event: ======'player_index'====== Args={'value': 0, 'prev_value': 0, 'change': 0, 'player_num': 1}
2024-11-20 19:46:51,574 : INFO : EventManager : Event: ======'player_number'====== Args={'value': 1, 'prev_value': 1, 'change': 0, 'player_num': 1}
2024-11-20 19:46:51,575 : INFO : EventManager : Event: ======'player_bonusx'====== Args={'value': 1, 'prev_value': 1, 'change': 0, 'player_num': 1}
2024-11-20 19:46:51,575 : INFO : EventManager : Event: ======'player_score'====== Args={'value': 0, 'prev_value': 0, 'change': 0, 'player_num': 1}
2024-11-20 19:46:51,575 : INFO : EventManager : Event: ======'game_started'====== Args={}
2024-11-20 19:46:51,576 : INFO : EventManager : Event: ======'player_turn_will_start'====== Args={'player': <Player 1>, 'number': 1}
2024-11-20 19:46:51,580 : INFO : EventManager : Event: ======'player_turn_starting'====== Args={'player': <Player 1>, 'number': 1}
2024-11-20 19:46:51,583 : INFO : EventManager : Event: ======'player_ball'====== Args={'value': 1, 'prev_value': 0, 'change': 1, 'player_num': 1}
2024-11-20 19:46:51,584 : INFO : EventManager : Event: ======'player_turn_started'====== Args={'player': <Player 1>, 'number': 1}
2024-11-20 19:46:51,584 : INFO : EventManager : Event: ======'ball_will_start'====== Args={'player': 1, 'ball': 1, 'balls_remaining': 2, 'is_extra_ball': False}
2024-11-20 19:46:51,584 : INFO : EventManager : Event: ======'ball_starting'====== Args={'player': 1, 'ball': 1, 'balls_remaining': 2, 'is_extra_ball': False}
2024-11-20 19:46:51,585 : INFO : EventManager : Event: ======'mode_base_will_start'====== Args={'queue': <QueuedEvent>, 'player': 1, 'ball': 1, 'balls_remaining': 2, 'is_extra_ball': False}
2024-11-20 19:46:51,585 : INFO : EventManager : Event: ======'player_shot_upper_pop_enabled'====== Args={'value': True, 'prev_value': 0, 'change': 1, 'player_num': 1}
2024-11-20 19:46:51,585 : INFO : EventManager : Event: ======'player_shot_lower_left_pop_enabled'====== Args={'value': True, 'prev_value': 0, 'change': 1, 'player_num': 1}
2024-11-20 19:46:51,586 : INFO : EventManager : Event: ======'player_shot_upper_left_pop_enabled'====== Args={'value': True, 'prev_value': 0, 'change': 1, 'player_num': 1}
2024-11-20 19:46:51,586 : INFO : EventManager : Event: ======'player_shot_10pt_enabled'====== Args={'value': True, 'prev_value': 0, 'change': 1, 'player_num': 1}
2024-11-20 19:46:51,587 : INFO : EventManager : Event: ======'player_shot_upper_1_enabled'====== Args={'value': True, 'prev_value': 0, 'change': 1, 'player_num': 1}
2024-11-20 19:46:51,587 : INFO : EventManager : Event: ======'player_shot_upper_2_enabled'====== Args={'value': True, 'prev_value': 0, 'change': 1, 'player_num': 1}
2024-11-20 19:46:51,587 : INFO : EventManager : Event: ======'player_shot_upper_3_enabled'====== Args={'value': True, 'prev_value': 0, 'change': 1, 'player_num': 1}
2024-11-20 19:46:51,588 : INFO : EventManager : Event: ======'player_shot_upper_4_enabled'====== Args={'value': True, 'prev_value': 0, 'change': 1, 'player_num': 1}
2024-11-20 19:46:51,588 : INFO : EventManager : Event: ======'player_shot_upper_1_drop_enabled'====== Args={'value': True, 'prev_value': 0, 'change': 1, 'player_num': 1}
2024-11-20 19:46:51,588 : INFO : EventManager : Event: ======'player_shot_upper_2_drop_enabled'====== Args={'value': True, 'prev_value': 0, 'change': 1, 'player_num': 1}
2024-11-20 19:46:51,589 : INFO : EventManager : Event: ======'player_shot_upper_3_drop_enabled'====== Args={'value': True, 'prev_value': 0, 'change': 1, 'player_num': 1}
2024-11-20 19:46:51,589 : INFO : EventManager : Event: ======'player_shot_upper_4_drop_enabled'====== Args={'value': True, 'prev_value': 0, 'change': 1, 'player_num': 1}
2024-11-20 19:46:51,589 : INFO : EventManager : Event: ======'player_shot_lower_1_drop_enabled'====== Args={'value': True, 'prev_value': 0, 'change': 1, 'player_num': 1}
2024-11-20 19:46:51,590 : INFO : EventManager : Event: ======'player_shot_lower_2_drop_enabled'====== Args={'value': True, 'prev_value': 0, 'change': 1, 'player_num': 1}
2024-11-20 19:46:51,590 : INFO : EventManager : Event: ======'player_shot_lower_3_drop_enabled'====== Args={'value': True, 'prev_value': 0, 'change': 1, 'player_num': 1}
2024-11-20 19:46:51,590 : INFO : EventManager : Event: ======'player_shot_lower_4_drop_enabled'====== Args={'value': True, 'prev_value': 0, 'change': 1, 'player_num': 1}
2024-11-20 19:46:51,590 : INFO : EventManager : Event: ======'player_shot_lower_5_drop_enabled'====== Args={'value': True, 'prev_value': 0, 'change': 1, 'player_num': 1}
2024-11-20 19:46:51,591 : INFO : EventManager : Event: ======'player_shot_lower_hole_enabled'====== Args={'value': True, 'prev_value': 0, 'change': 1, 'player_num': 1}
2024-11-20 19:46:51,591 : INFO : EventManager : Event: ======'player_shot_lower_left_enabled'====== Args={'value': True, 'prev_value': 0, 'change': 1, 'player_num': 1}
2024-11-20 19:46:51,591 : INFO : EventManager : Event: ======'player_shot_lower_right_enabled'====== Args={'value': True, 'prev_value': 0, 'change': 1, 'player_num': 1}
2024-11-20 19:46:51,592 : INFO : EventManager : Event: ======'player_shot_lower_pop_enabled'====== Args={'value': True, 'prev_value': 0, 'change': 1, 'player_num': 1}
2024-11-20 19:46:51,592 : INFO : EventManager : Event: ======'player_shot_lower_10pt_lower_enabled'====== Args={'value': True, 'prev_value': 0, 'change': 1, 'player_num': 1}
2024-11-20 19:46:51,592 : INFO : EventManager : Event: ======'player_shot_lower_10pt_drops_enabled'====== Args={'value': True, 'prev_value': 0, 'change': 1, 'player_num': 1}
2024-11-20 19:46:51,593 : INFO : EventManager : Event: ======'player_shot_lower_10pt_upper_enabled'====== Args={'value': True, 'prev_value': 0, 'change': 1, 'player_num': 1}
2024-11-20 19:46:51,593 : INFO : EventManager : Event: ======'player_shot_lower_slingshot_enabled'====== Args={'value': True, 'prev_value': 0, 'change': 1, 'player_num': 1}
2024-11-20 19:46:51,593 : INFO : EventManager : Event: ======'player_shot_lower_kick_target_enabled'====== Args={'value': True, 'prev_value': 0, 'change': 1, 'player_num': 1}
2024-11-20 19:46:51,594 : INFO : EventManager : Event: ======'player_shot_lower_rollover_enabled'====== Args={'value': True, 'prev_value': 0, 'change': 1, 'player_num': 1}
2024-11-20 19:46:51,594 : INFO : EventManager : Event: ======'player_shot_main_1_enabled'====== Args={'value': True, 'prev_value': 0, 'change': 1, 'player_num': 1}
2024-11-20 19:46:51,594 : INFO : EventManager : Event: ======'player_shot_main_2_enabled'====== Args={'value': True, 'prev_value': 0, 'change': 1, 'player_num': 1}
2024-11-20 19:46:51,594 : INFO : EventManager : Event: ======'player_shot_main_3_enabled'====== Args={'value': True, 'prev_value': 0, 'change': 1, 'player_num': 1}
2024-11-20 19:46:51,595 : INFO : EventManager : Event: ======'player_shot_main_4_enabled'====== Args={'value': True, 'prev_value': 0, 'change': 1, 'player_num': 1}
2024-11-20 19:46:51,595 : INFO : EventManager : Event: ======'player_shot_main_5_enabled'====== Args={'value': True, 'prev_value': 0, 'change': 1, 'player_num': 1}
2024-11-20 19:46:51,596 : INFO : EventManager : Event: ======'player_shot_main_slingshot_enabled'====== Args={'value': True, 'prev_value': 0, 'change': 1, 'player_num': 1}
2024-11-20 19:46:51,596 : INFO : EventManager : Event: ======'player_shot_right_outlane_enabled'====== Args={'value': True, 'prev_value': 0, 'change': 1, 'player_num': 1}
2024-11-20 19:46:51,596 : INFO : EventManager : Event: ======'player_shot_right_inlane_enabled'====== Args={'value': True, 'prev_value': 0, 'change': 1, 'player_num': 1}
2024-11-20 19:46:51,596 : INFO : EventManager : Event: ======'player_shot_left_inlane_enabled'====== Args={'value': True, 'prev_value': 0, 'change': 1, 'player_num': 1}
2024-11-20 19:46:51,597 : INFO : EventManager : Event: ======'player_shot_left_outlane_enabled'====== Args={'value': True, 'prev_value': 0, 'change': 1, 'player_num': 1}
2024-11-20 19:46:51,597 : INFO : EventManager : Event: ======'player_shot_standup_right_enabled'====== Args={'value': True, 'prev_value': 0, 'change': 1, 'player_num': 1}
2024-11-20 19:46:51,598 : INFO : EventManager : Event: ======'player_shot_right_kickout_enabled'====== Args={'value': True, 'prev_value': 0, 'change': 1, 'player_num': 1}
2024-11-20 19:46:51,598 : INFO : EventManager : Event: ======'player_shot_rollunder_enabled'====== Args={'value': True, 'prev_value': 0, 'change': 1, 'player_num': 1}
2024-11-20 19:46:51,598 : INFO : EventManager : Event: ======'player_shot_main_trough_1_enabled'====== Args={'value': True, 'prev_value': 0, 'change': 1, 'player_num': 1}
2024-11-20 19:46:51,601 : INFO : EventManager : Event: ======'mode_base_starting'====== Args={'queue': <QueuedEvent>, 'player': 1, 'ball': 1, 'balls_remaining': 2, 'is_extra_ball': False}
2024-11-20 19:46:51,601 : INFO : drop_target_bank.upper : All targets are already up. Will not reset bank.
2024-11-20 19:46:51,601 : INFO : drop_target_bank.lower : All targets are already up. Will not reset bank.
2024-11-20 19:46:51,601 : INFO : EventManager : Event: ======'balls_in_play'====== Args={'balls': 1}
2024-11-20 19:46:51,601 : INFO : EventManager : Event: ======'ball_started'====== Args={'player': 1, 'ball': 1, 'balls_remaining': 2, 'is_extra_ball': False}
2024-11-20 19:46:51,605 : INFO : EventManager : Event: ======'logicblock_attic_targets_complete_updated'====== Args={'value': [False, False, False, False], 'enabled': True}
2024-11-20 19:46:51,605 : INFO : EventManager : Event: ======'logicblock_attic_targets_complete_updated'====== Args={'value': [False, False, False, False], 'enabled': True}
2024-11-20 19:46:51,606 : INFO : Mode.base : Started. Priority: 100
2024-11-20 19:46:51,606 : INFO : EventManager : Event: ======'modes_active_modes_changed'====== Args={}
2024-11-20 19:46:51,606 : INFO : EventManager : Event: ======'mode_base_started'====== Args={'queue': <QueuedEvent>, 'player': 1, 'ball': 1, 'balls_remaining': 2, 'is_extra_ball': False}
2024-11-20 19:46:51,606 : INFO : EventManager : Event: ======'single_player_ball_started'====== Args={}
2024-11-20 19:46:51,606 : INFO : EventManager : Event: ======'ball_start_target'====== Args={'target': 'playfield'}
2024-11-20 19:46:51,606 : INFO : ball_device.bd_drain : Setting up player-controlled eject. Balls: 1, Target: <playfield.playfield>, player_controlled_eject_event: None
2024-11-20 19:46:51,606 : INFO : ball_device.bd_drain : Adding 1 ball(s) to the eject_queue with target <playfield.playfield>.
2024-11-20 19:46:51,607 : INFO : EventManager : Event: ======'balldevice_balls_available'====== Args={}
2024-11-20 19:46:51,607 : INFO : ball_device.bd_drain : State: waiting_for_target_ready
2024-11-20 19:46:51,607 : INFO : EventManager : Event: ======'balldevice_bd_drain_ball_eject_attempt'====== Args={'balls': 1, 'target': <playfield.playfield>, 'source': <ball_device.bd_drain>, 'mechanical_eject': False, 'num_attempts': 0}
2024-11-20 19:46:51,607 : INFO : ball_device.bd_drain : State: ejecting
2024-11-20 19:46:51,608 : INFO : ball_device.bd_drain : Ejecting ball to <playfield.playfield>
2024-11-20 19:46:51,608 : INFO : EventManager : Event: ======'balldevice_bd_drain_ejecting_ball'====== Args={'balls': 1, 'target': <playfield.playfield>, 'source': <ball_device.bd_drain>, 'mechanical_eject': False, 'num_attempts': 0}
2024-11-20 19:46:51,608 : INFO : ball_device.bd_drain : Wait for ball to leave device
2024-11-20 19:46:51,608 : INFO : coil.c_main_outhole : Pulsing Driver for 60ms (1.0 pulse_power)
2024-11-20 19:46:51,619 : INFO : EventManager : Event: ======'slide_base_created'====== Args={'_from_bcp': True}
2024-11-20 19:46:51,619 : INFO : EventManager : Event: ======'slide_attract_scroll_inactive'====== Args={'is_removing': True, '_from_bcp': True}
2024-11-20 19:46:51,619 : INFO : EventManager : Event: ======'slide_base_active'====== Args={'original_context': 'base', 'original_calling_context': 'mode_base_started', 'priority': 100.0, 'queue': '<QueuedEvent>', 'player': 1.0, 'ball': 1.0, 'balls_remaining': 2.0, 'is_extra_ball': False, 'cmd': 'slides_play', '_from_bcp': True}
2024-11-20 19:46:51,619 : INFO : EventManager : Event: ======'slide_attract_scroll_removed'====== Args={'_from_bcp': True}
2024-11-20 19:46:53,503 : INFO : SwitchController : <<<<<<< 's_main_outhole' inactive >>>>>>>
2024-11-20 19:46:53,504 : INFO : ball_device.bd_drain : State: ball_left
2024-11-20 19:46:53,504 : INFO : ball_device.bd_drain : Ball left
2024-11-20 19:46:53,504 : INFO : ball_device.bd_drain : Wait for confirm with timeout 10.0
2024-11-20 19:46:53,587 : INFO : SwitchController : <<<<<<< 's_main_outhole' active >>>>>>>
2024-11-20 19:46:53,587 : INFO : EventManager : Event: ======'machine_var_audits_switches_s_main_outhole'====== Args={'value': 453, 'prev_value': 452, 'change': 1}
2024-11-20 19:46:55,637 : INFO : SwitchController : <<<<<<< 's_main_outhole' inactive >>>>>>>
2024-11-20 19:46:55,704 : INFO : SwitchController : <<<<<<< 's_main_outhole' active >>>>>>>
2024-11-20 19:46:55,704 : INFO : EventManager : Event: ======'machine_var_audits_switches_s_main_outhole'====== Args={'value': 454, 'prev_value': 453, 'change': 1}
2024-11-20 19:46:56,528 : INFO : SwitchController : <<<<<<< 's_main_outhole' inactive >>>>>>>
2024-11-20 19:47:03,505 : INFO : ball_device.bd_drain : State: failed_confirm
2024-11-20 19:47:03,505 : INFO : ball_device.bd_drain : Got timeout (10.0s) before confirm from <playfield.playfield>
2024-11-20 19:47:03,606 : INFO : ball_device.bd_drain : Confirming eject because target is playfield and ball did not return.
2024-11-20 19:47:03,607 : INFO : ball_device.bd_drain : Eject successful
2024-11-20 19:47:03,607 : INFO : EventManager : Event: ======'balldevice_bd_drain_ball_eject_success'====== Args={'balls': 1, 'target': <playfield.playfield>}
2024-11-20 19:47:03,607 : INFO : EventManager : Event: ======'balldevice_playfield_ball_enter'====== Args={'new_balls': 1, 'unclaimed_balls': 1, 'device': <playfield.playfield>}
2024-11-20 19:47:03,607 : INFO : EventManager : Event: ======'playfield_ball_count_change'====== Args={'balls': 1, 'change': 1}
2024-11-20 19:47:03,608 : INFO : EventManager : Event: ======'balldevice_bd_drain_ball_count_changed'====== Args={'balls': 0}
2024-11-20 19:47:03,608 : INFO : ball_device.bd_drain : State: idle
2024-11-20 19:47:12,992 : INFO : SwitchController : <<<<<<< 's_main_lane_center' active >>>>>>>
2024-11-20 19:47:12,992 : INFO : EventManager : Event: ======'machine_var_audits_switches_s_main_lane_center'====== Args={'value': 111, 'prev_value': 110, 'change': 1}
2024-11-20 19:47:13,108 : INFO : SwitchController : <<<<<<< 's_main_lane_center' inactive >>>>>>>
2024-11-20 19:47:15,170 : INFO : SwitchController : <<<<<<< 's_main_1_trough' active >>>>>>>
2024-11-20 19:47:15,170 : INFO : EventManager : Event: ======'s_main_1_trough_active'====== Args={}
2024-11-20 19:47:15,170 : INFO : EventManager : Event: ======'sw_playfield_active'====== Args={}
2024-11-20 19:47:15,171 : INFO : EventManager : Event: ======'machine_var_audits_switches_s_main_1_trough'====== Args={'value': 50, 'prev_value': 49, 'change': 1}
2024-11-20 19:47:15,171 : INFO : EventManager : Event: ======'player_shot_main_trough_1'====== Args={'value': 1, 'prev_value': 0, 'change': 1, 'player_num': 1}
2024-11-20 19:47:15,176 : INFO : EventManager : Event: ======'machine_var_audits_shots_main_trough_1'====== Args={'value': 17, 'prev_value': 16, 'change': 1}
2024-11-20 19:47:15,176 : INFO : EventManager : Event: ======'main_trough_1_hit'====== Args={'profile': 'default', 'state': 'unlit', 'advancing': True}
2024-11-20 19:47:15,176 : INFO : EventManager : Event: ======'main_trough_1_default_hit'====== Args={'profile': 'default', 'state': 'unlit', 'advancing': True}
2024-11-20 19:47:15,177 : INFO : EventManager : Event: ======'main_trough_1_default_unlit_hit'====== Args={'profile': 'default', 'state': 'unlit', 'advancing': True}
2024-11-20 19:47:15,177 : INFO : EventManager : Event: ======'main_trough_1_unlit_hit'====== Args={'profile': 'default', 'state': 'unlit', 'advancing': True}
2024-11-20 19:47:15,242 : INFO : SwitchController : <<<<<<< 's_main_1_trough' inactive >>>>>>>
2024-11-20 19:47:17,376 : INFO : SwitchController : <<<<<<< 's_main_pop_top' active >>>>>>>
2024-11-20 19:47:17,376 : INFO : EventManager : Event: ======'s_main_pop_top_active'====== Args={}
2024-11-20 19:47:17,377 : INFO : EventManager : Event: ======'machine_var_audits_switches_s_main_pop_top'====== Args={'value': 134, 'prev_value': 133, 'change': 1}
2024-11-20 19:47:17,378 : INFO : EventManager : Event: ======'player_shot_upper_left_pop'====== Args={'value': 1, 'prev_value': 0, 'change': 1, 'player_num': 1}
2024-11-20 19:47:17,382 : INFO : EventManager : Event: ======'machine_var_audits_shots_upper_left_pop'====== Args={'value': 69, 'prev_value': 68, 'change': 1}
2024-11-20 19:47:17,382 : INFO : EventManager : Event: ======'upper_left_pop_hit'====== Args={'profile': 'default', 'state': 'unlit', 'advancing': True}
2024-11-20 19:47:17,382 : INFO : EventManager : Event: ======'upper_left_pop_default_hit'====== Args={'profile': 'default', 'state': 'unlit', 'advancing': True}
2024-11-20 19:47:17,383 : INFO : EventManager : Event: ======'upper_left_pop_default_unlit_hit'====== Args={'profile': 'default', 'state': 'unlit', 'advancing': True}
2024-11-20 19:47:17,383 : INFO : EventManager : Event: ======'upper_left_pop_unlit_hit'====== Args={'profile': 'default', 'state': 'unlit', 'advancing': True}
2024-11-20 19:47:17,383 : INFO : EventManager : Event: ======'player_score'====== Args={'value': 1000, 'prev_value': 0, 'change': 1000, 'player_num': 1, 'source': 'base'}
2024-11-20 19:47:17,492 : INFO : SwitchController : <<<<<<< 's_main_pop_top' inactive >>>>>>>
2024-11-20 19:47:17,926 : INFO : SwitchController : <<<<<<< 's_main_pop_top' active >>>>>>>
2024-11-20 19:47:17,926 : INFO : EventManager : Event: ======'s_main_pop_top_active'====== Args={}
2024-11-20 19:47:17,927 : INFO : EventManager : Event: ======'machine_var_audits_switches_s_main_pop_top'====== Args={'value': 135, 'prev_value': 134, 'change': 1}
2024-11-20 19:47:17,927 : INFO : EventManager : Event: ======'machine_var_audits_shots_upper_left_pop'====== Args={'value': 70, 'prev_value': 69, 'change': 1}
2024-11-20 19:47:17,928 : INFO : EventManager : Event: ======'upper_left_pop_hit'====== Args={'profile': 'default', 'state': 'lit', 'advancing': False}
2024-11-20 19:47:17,928 : INFO : EventManager : Event: ======'upper_left_pop_default_hit'====== Args={'profile': 'default', 'state': 'lit', 'advancing': False}
2024-11-20 19:47:17,928 : INFO : EventManager : Event: ======'upper_left_pop_default_lit_hit'====== Args={'profile': 'default', 'state': 'lit', 'advancing': False}
2024-11-20 19:47:17,929 : INFO : EventManager : Event: ======'upper_left_pop_lit_hit'====== Args={'profile': 'default', 'state': 'lit', 'advancing': False}
2024-11-20 19:47:17,929 : INFO : EventManager : Event: ======'player_score'====== Args={'value': 2000, 'prev_value': 1000, 'change': 1000, 'player_num': 1, 'source': 'base'}
2024-11-20 19:47:18,026 : INFO : SwitchController : <<<<<<< 's_main_pop_top' inactive >>>>>>>
2024-11-20 19:47:18,343 : INFO : SwitchController : <<<<<<< 's_main_pop_top' active >>>>>>>
2024-11-20 19:47:18,343 : INFO : EventManager : Event: ======'s_main_pop_top_active'====== Args={}
2024-11-20 19:47:18,343 : INFO : EventManager : Event: ======'machine_var_audits_switches_s_main_pop_top'====== Args={'value': 136, 'prev_value': 135, 'change': 1}
2024-11-20 19:47:18,344 : INFO : EventManager : Event: ======'machine_var_audits_shots_upper_left_pop'====== Args={'value': 71, 'prev_value': 70, 'change': 1}
2024-11-20 19:47:18,345 : INFO : EventManager : Event: ======'upper_left_pop_hit'====== Args={'profile': 'default', 'state': 'lit', 'advancing': False}
2024-11-20 19:47:18,345 : INFO : EventManager : Event: ======'upper_left_pop_default_hit'====== Args={'profile': 'default', 'state': 'lit', 'advancing': False}
2024-11-20 19:47:18,345 : INFO : EventManager : Event: ======'upper_left_pop_default_lit_hit'====== Args={'profile': 'default', 'state': 'lit', 'advancing': False}
2024-11-20 19:47:18,345 : INFO : EventManager : Event: ======'upper_left_pop_lit_hit'====== Args={'profile': 'default', 'state': 'lit', 'advancing': False}
2024-11-20 19:47:18,345 : INFO : EventManager : Event: ======'player_score'====== Args={'value': 3000, 'prev_value': 2000, 'change': 1000, 'player_num': 1, 'source': 'base'}
2024-11-20 19:47:18,446 : INFO : SwitchController : <<<<<<< 's_main_pop_top' inactive >>>>>>>
2024-11-20 19:47:18,843 : INFO : SwitchController : <<<<<<< 's_main_pop_top' active >>>>>>>
2024-11-20 19:47:18,843 : INFO : EventManager : Event: ======'s_main_pop_top_active'====== Args={}
2024-11-20 19:47:18,844 : INFO : EventManager : Event: ======'machine_var_audits_switches_s_main_pop_top'====== Args={'value': 137, 'prev_value': 136, 'change': 1}
2024-11-20 19:47:18,845 : INFO : EventManager : Event: ======'machine_var_audits_shots_upper_left_pop'====== Args={'value': 72, 'prev_value': 71, 'change': 1}
2024-11-20 19:47:18,845 : INFO : EventManager : Event: ======'upper_left_pop_hit'====== Args={'profile': 'default', 'state': 'lit', 'advancing': False}
2024-11-20 19:47:18,845 : INFO : EventManager : Event: ======'upper_left_pop_default_hit'====== Args={'profile': 'default', 'state': 'lit', 'advancing': False}
2024-11-20 19:47:18,845 : INFO : EventManager : Event: ======'upper_left_pop_default_lit_hit'====== Args={'profile': 'default', 'state': 'lit', 'advancing': False}
2024-11-20 19:47:18,846 : INFO : EventManager : Event: ======'upper_left_pop_lit_hit'====== Args={'profile': 'default', 'state': 'lit', 'advancing': False}
2024-11-20 19:47:18,846 : INFO : EventManager : Event: ======'player_score'====== Args={'value': 4000, 'prev_value': 3000, 'change': 1000, 'player_num': 1, 'source': 'base'}
2024-11-20 19:47:18,926 : INFO : SwitchController : <<<<<<< 's_main_pop_top' inactive >>>>>>>
2024-11-20 19:47:21,560 : INFO : SwitchController : <<<<<<< 's_upper_1_target' active >>>>>>>
2024-11-20 19:47:21,560 : INFO : EventManager : Event: ======'s_upper_1_target_active'====== Args={}
2024-11-20 19:47:21,560 : INFO : EventManager : Event: ======'sw_playfield_active'====== Args={}
2024-11-20 19:47:21,561 : INFO : EventManager : Event: ======'machine_var_audits_switches_s_upper_1_target'====== Args={'value': 99, 'prev_value': 98, 'change': 1}
2024-11-20 19:47:21,561 : INFO : EventManager : Event: ======'player_shot_upper_1'====== Args={'value': 1, 'prev_value': 0, 'change': 1, 'player_num': 1}
2024-11-20 19:47:21,565 : INFO : EventManager : Event: ======'machine_var_audits_shots_upper_1'====== Args={'value': 38, 'prev_value': 37, 'change': 1}
2024-11-20 19:47:21,566 : INFO : EventManager : Event: ======'upper_1_hit'====== Args={'profile': 'default', 'state': 'unlit', 'advancing': True}
2024-11-20 19:47:21,566 : INFO : EventManager : Event: ======'upper_1_default_hit'====== Args={'profile': 'default', 'state': 'unlit', 'advancing': True}
2024-11-20 19:47:21,566 : INFO : EventManager : Event: ======'upper_1_default_unlit_hit'====== Args={'profile': 'default', 'state': 'unlit', 'advancing': True}
2024-11-20 19:47:21,566 : INFO : EventManager : Event: ======'upper_1_unlit_hit'====== Args={'profile': 'default', 'state': 'unlit', 'advancing': True}
2024-11-20 19:47:21,566 : INFO : EventManager : Event: ======'player_score'====== Args={'value': 4500, 'prev_value': 4000, 'change': 500, 'player_num': 1, 'source': 'base'}
2024-11-20 19:47:21,567 : INFO : EventManager : Event: ======'logicblock_attic_targets_complete_updated'====== Args={'value': [True, False, False, False], 'enabled': True}
2024-11-20 19:47:21,567 : INFO : EventManager : Event: ======'logicblock_attic_targets_complete_hit'====== Args={'step': 0}
2024-11-20 19:47:21,660 : INFO : SwitchController : <<<<<<< 's_upper_1_target' inactive >>>>>>>
2024-11-20 19:47:22,677 : INFO : SwitchController : <<<<<<< 's_upper_2_target' active >>>>>>>
2024-11-20 19:47:22,677 : INFO : EventManager : Event: ======'s_upper_2_target_active'====== Args={}
2024-11-20 19:47:22,677 : INFO : EventManager : Event: ======'sw_playfield_active'====== Args={}
2024-11-20 19:47:22,678 : INFO : EventManager : Event: ======'machine_var_audits_switches_s_upper_2_target'====== Args={'value': 151, 'prev_value': 150, 'change': 1}
2024-11-20 19:47:22,678 : INFO : EventManager : Event: ======'player_shot_upper_2'====== Args={'value': 1, 'prev_value': 0, 'change': 1, 'player_num': 1}
2024-11-20 19:47:22,679 : INFO : EventManager : Event: ======'machine_var_audits_shots_upper_2'====== Args={'value': 65, 'prev_value': 64, 'change': 1}
2024-11-20 19:47:22,679 : INFO : EventManager : Event: ======'upper_2_hit'====== Args={'profile': 'default', 'state': 'unlit', 'advancing': True}
2024-11-20 19:47:22,679 : INFO : EventManager : Event: ======'upper_2_default_hit'====== Args={'profile': 'default', 'state': 'unlit', 'advancing': True}
2024-11-20 19:47:22,679 : INFO : EventManager : Event: ======'upper_2_default_unlit_hit'====== Args={'profile': 'default', 'state': 'unlit', 'advancing': True}
2024-11-20 19:47:22,679 : INFO : EventManager : Event: ======'upper_2_unlit_hit'====== Args={'profile': 'default', 'state': 'unlit', 'advancing': True}
2024-11-20 19:47:22,680 : INFO : EventManager : Event: ======'player_score'====== Args={'value': 5000, 'prev_value': 4500, 'change': 500, 'player_num': 1, 'source': 'base'}
2024-11-20 19:47:22,680 : INFO : EventManager : Event: ======'logicblock_attic_targets_complete_updated'====== Args={'value': [True, True, False, False], 'enabled': True}
2024-11-20 19:47:22,680 : INFO : EventManager : Event: ======'logicblock_attic_targets_complete_hit'====== Args={'step': 1}
2024-11-20 19:47:22,760 : INFO : SwitchController : <<<<<<< 's_upper_2_target' inactive >>>>>>>
2024-11-20 19:47:23,544 : INFO : SwitchController : <<<<<<< 's_upper_3_target' active >>>>>>>
2024-11-20 19:47:23,544 : INFO : EventManager : Event: ======'s_upper_3_target_active'====== Args={}
2024-11-20 19:47:23,544 : INFO : EventManager : Event: ======'sw_playfield_active'====== Args={}
2024-11-20 19:47:23,544 : INFO : EventManager : Event: ======'machine_var_audits_switches_s_upper_3_target'====== Args={'value': 64, 'prev_value': 63, 'change': 1}
2024-11-20 19:47:23,545 : INFO : EventManager : Event: ======'player_shot_upper_3'====== Args={'value': 1, 'prev_value': 0, 'change': 1, 'player_num': 1}
2024-11-20 19:47:23,545 : INFO : EventManager : Event: ======'machine_var_audits_shots_upper_3'====== Args={'value': 27, 'prev_value': 26, 'change': 1}
2024-11-20 19:47:23,545 : INFO : EventManager : Event: ======'upper_3_hit'====== Args={'profile': 'default', 'state': 'unlit', 'advancing': True}
2024-11-20 19:47:23,546 : INFO : EventManager : Event: ======'upper_3_default_hit'====== Args={'profile': 'default', 'state': 'unlit', 'advancing': True}
2024-11-20 19:47:23,546 : INFO : EventManager : Event: ======'upper_3_default_unlit_hit'====== Args={'profile': 'default', 'state': 'unlit', 'advancing': True}
2024-11-20 19:47:23,546 : INFO : EventManager : Event: ======'upper_3_unlit_hit'====== Args={'profile': 'default', 'state': 'unlit', 'advancing': True}
2024-11-20 19:47:23,546 : INFO : EventManager : Event: ======'player_score'====== Args={'value': 5500, 'prev_value': 5000, 'change': 500, 'player_num': 1, 'source': 'base'}
2024-11-20 19:47:23,546 : INFO : EventManager : Event: ======'logicblock_attic_targets_complete_updated'====== Args={'value': [True, True, True, False], 'enabled': True}
2024-11-20 19:47:23,546 : INFO : EventManager : Event: ======'logicblock_attic_targets_complete_hit'====== Args={'step': 2}
2024-11-20 19:47:23,644 : INFO : SwitchController : <<<<<<< 's_upper_3_target' inactive >>>>>>>
2024-11-20 19:47:24,981 : INFO : SwitchController : <<<<<<< 's_upper_4_target' active >>>>>>>
2024-11-20 19:47:24,981 : INFO : EventManager : Event: ======'s_upper_4_target_active'====== Args={}
2024-11-20 19:47:24,981 : INFO : EventManager : Event: ======'sw_playfield_active'====== Args={}
2024-11-20 19:47:24,982 : INFO : EventManager : Event: ======'machine_var_audits_switches_s_upper_4_target'====== Args={'value': 62, 'prev_value': 61, 'change': 1}
2024-11-20 19:47:24,982 : INFO : EventManager : Event: ======'player_shot_upper_4'====== Args={'value': 1, 'prev_value': 0, 'change': 1, 'player_num': 1}
2024-11-20 19:47:24,986 : INFO : EventManager : Event: ======'machine_var_audits_shots_upper_4'====== Args={'value': 24, 'prev_value': 23, 'change': 1}
2024-11-20 19:47:24,987 : INFO : EventManager : Event: ======'upper_4_hit'====== Args={'profile': 'default', 'state': 'unlit', 'advancing': True}
2024-11-20 19:47:24,987 : INFO : EventManager : Event: ======'upper_4_default_hit'====== Args={'profile': 'default', 'state': 'unlit', 'advancing': True}
2024-11-20 19:47:24,987 : INFO : EventManager : Event: ======'upper_4_default_unlit_hit'====== Args={'profile': 'default', 'state': 'unlit', 'advancing': True}
2024-11-20 19:47:24,987 : INFO : EventManager : Event: ======'upper_4_unlit_hit'====== Args={'profile': 'default', 'state': 'unlit', 'advancing': True}
2024-11-20 19:47:24,987 : INFO : EventManager : Event: ======'player_score'====== Args={'value': 6000, 'prev_value': 5500, 'change': 500, 'player_num': 1, 'source': 'base'}
2024-11-20 19:47:24,988 : INFO : EventManager : Event: ======'logicblock_attic_targets_complete_updated'====== Args={'value': [True, True, True, True], 'enabled': True}
2024-11-20 19:47:24,988 : INFO : EventManager : Event: ======'logicblock_attic_targets_complete_hit'====== Args={'step': 3}
2024-11-20 19:47:24,988 : INFO : EventManager : Event: ======'attic_targets_done'====== Args={}
2024-11-20 19:47:24,988 : INFO : EventManager : Event: ======'logicblock_attic_targets_complete_updated'====== Args={'value': [False, False, False, False], 'enabled': True}
2024-11-20 19:47:24,988 : INFO : EventManager : Event: ======'logicblock_attic_targets_complete_updated'====== Args={'value': [False, False, False, False], 'enabled': False}
2024-11-20 19:47:25,061 : INFO : SwitchController : <<<<<<< 's_upper_4_target' inactive >>>>>>>
2024-11-20 19:47:59,051 : INFO : SwitchController : <<<<<<< 's_upper_1_target' active >>>>>>>
2024-11-20 19:47:59,051 : INFO : EventManager : Event: ======'s_upper_1_target_active'====== Args={}
2024-11-20 19:47:59,051 : INFO : EventManager : Event: ======'sw_playfield_active'====== Args={}
2024-11-20 19:47:59,051 : INFO : EventManager : Event: ======'machine_var_audits_switches_s_upper_1_target'====== Args={'value': 100, 'prev_value': 99, 'change': 1}
2024-11-20 19:47:59,052 : INFO : EventManager : Event: ======'machine_var_audits_shots_upper_1'====== Args={'value': 39, 'prev_value': 38, 'change': 1}
2024-11-20 19:47:59,058 : INFO : EventManager : Event: ======'upper_1_hit'====== Args={'profile': 'default', 'state': 'lit', 'advancing': False}
2024-11-20 19:47:59,059 : INFO : EventManager : Event: ======'upper_1_default_hit'====== Args={'profile': 'default', 'state': 'lit', 'advancing': False}
2024-11-20 19:47:59,059 : INFO : EventManager : Event: ======'upper_1_default_lit_hit'====== Args={'profile': 'default', 'state': 'lit', 'advancing': False}
2024-11-20 19:47:59,059 : INFO : EventManager : Event: ======'upper_1_lit_hit'====== Args={'profile': 'default', 'state': 'lit', 'advancing': False}
2024-11-20 19:47:59,059 : INFO : EventManager : Event: ======'player_score'====== Args={'value': 6500, 'prev_value': 6000, 'change': 500, 'player_num': 1, 'source': 'base'}
2024-11-20 19:47:59,119 : INFO : SwitchController : <<<<<<< 's_upper_1_target' inactive >>>>>>>
2024-11-20 19:48:00,356 : INFO : SwitchController : <<<<<<< 's_upper_2_target' active >>>>>>>
2024-11-20 19:48:00,356 : INFO : EventManager : Event: ======'s_upper_2_target_active'====== Args={}
2024-11-20 19:48:00,357 : INFO : EventManager : Event: ======'sw_playfield_active'====== Args={}
2024-11-20 19:48:00,357 : INFO : EventManager : Event: ======'machine_var_audits_switches_s_upper_2_target'====== Args={'value': 152, 'prev_value': 151, 'change': 1}
2024-11-20 19:48:00,357 : INFO : EventManager : Event: ======'machine_var_audits_shots_upper_2'====== Args={'value': 66, 'prev_value': 65, 'change': 1}
2024-11-20 19:48:00,358 : INFO : EventManager : Event: ======'upper_2_hit'====== Args={'profile': 'default', 'state': 'lit', 'advancing': False}
2024-11-20 19:48:00,358 : INFO : EventManager : Event: ======'upper_2_default_hit'====== Args={'profile': 'default', 'state': 'lit', 'advancing': False}
2024-11-20 19:48:00,358 : INFO : EventManager : Event: ======'upper_2_default_lit_hit'====== Args={'profile': 'default', 'state': 'lit', 'advancing': False}
2024-11-20 19:48:00,358 : INFO : EventManager : Event: ======'upper_2_lit_hit'====== Args={'profile': 'default', 'state': 'lit', 'advancing': False}
2024-11-20 19:48:00,359 : INFO : EventManager : Event: ======'player_score'====== Args={'value': 7000, 'prev_value': 6500, 'change': 500, 'player_num': 1, 'source': 'base'}
2024-11-20 19:48:00,436 : INFO : SwitchController : <<<<<<< 's_upper_2_target' inactive >>>>>>>
2024-11-20 19:48:02,321 : INFO : SwitchController : <<<<<<< 's_upper_3_target' active >>>>>>>
2024-11-20 19:48:02,321 : INFO : EventManager : Event: ======'s_upper_3_target_active'====== Args={}
2024-11-20 19:48:02,321 : INFO : EventManager : Event: ======'sw_playfield_active'====== Args={}
2024-11-20 19:48:02,321 : INFO : EventManager : Event: ======'machine_var_audits_switches_s_upper_3_target'====== Args={'value': 65, 'prev_value': 64, 'change': 1}
2024-11-20 19:48:02,322 : INFO : EventManager : Event: ======'machine_var_audits_shots_upper_3'====== Args={'value': 28, 'prev_value': 27, 'change': 1}
2024-11-20 19:48:02,323 : INFO : EventManager : Event: ======'upper_3_hit'====== Args={'profile': 'default', 'state': 'lit', 'advancing': False}
2024-11-20 19:48:02,323 : INFO : EventManager : Event: ======'upper_3_default_hit'====== Args={'profile': 'default', 'state': 'lit', 'advancing': False}
2024-11-20 19:48:02,323 : INFO : EventManager : Event: ======'upper_3_default_lit_hit'====== Args={'profile': 'default', 'state': 'lit', 'advancing': False}
2024-11-20 19:48:02,323 : INFO : EventManager : Event: ======'upper_3_lit_hit'====== Args={'profile': 'default', 'state': 'lit', 'advancing': False}
2024-11-20 19:48:02,323 : INFO : EventManager : Event: ======'player_score'====== Args={'value': 7500, 'prev_value': 7000, 'change': 500, 'player_num': 1, 'source': 'base'}
2024-11-20 19:48:02,420 : INFO : SwitchController : <<<<<<< 's_upper_3_target' inactive >>>>>>>
2024-11-20 19:48:04,091 : INFO : SwitchController : <<<<<<< 's_upper_4_target' active >>>>>>>
2024-11-20 19:48:04,091 : INFO : EventManager : Event: ======'s_upper_4_target_active'====== Args={}
2024-11-20 19:48:04,091 : INFO : EventManager : Event: ======'sw_playfield_active'====== Args={}
2024-11-20 19:48:04,091 : INFO : EventManager : Event: ======'machine_var_audits_switches_s_upper_4_target'====== Args={'value': 63, 'prev_value': 62, 'change': 1}
2024-11-20 19:48:04,092 : INFO : EventManager : Event: ======'machine_var_audits_shots_upper_4'====== Args={'value': 25, 'prev_value': 24, 'change': 1}
2024-11-20 19:48:04,092 : INFO : EventManager : Event: ======'upper_4_hit'====== Args={'profile': 'default', 'state': 'lit', 'advancing': False}
2024-11-20 19:48:04,093 : INFO : EventManager : Event: ======'upper_4_default_hit'====== Args={'profile': 'default', 'state': 'lit', 'advancing': False}
2024-11-20 19:48:04,093 : INFO : EventManager : Event: ======'upper_4_default_lit_hit'====== Args={'profile': 'default', 'state': 'lit', 'advancing': False}
2024-11-20 19:48:04,093 : INFO : EventManager : Event: ======'upper_4_lit_hit'====== Args={'profile': 'default', 'state': 'lit', 'advancing': False}
2024-11-20 19:48:04,093 : INFO : EventManager : Event: ======'player_score'====== Args={'value': 8000, 'prev_value': 7500, 'change': 500, 'player_num': 1, 'source': 'base'}
2024-11-20 19:48:04,187 : INFO : SwitchController : <<<<<<< 's_upper_4_target' inactive >>>>>>>
2024-11-20 19:48:11,470 : INFO : Machine : Shutting down...
2024-11-20 19:48:11,470 : INFO : EventManager : Event: ======'shutdown'====== Args={}
2024-11-20 19:48:11,471 : INFO : EventManager : Event: ======'mode_game_will_stop'====== Args={}
2024-11-20 19:48:11,471 : INFO : EventManager : Event: ======'mode_game_stopping'====== Args={}
2024-11-20 19:48:11,472 : INFO : EventManager : Event: ======'mode_base_will_stop'====== Args={}
2024-11-20 19:48:11,472 : INFO : EventManager : Event: ======'mode_base_stopping'====== Args={}
2024-11-20 19:48:11,472 : INFO : Mode.base : Stopped.
2024-11-20 19:48:11,472 : INFO : EventManager : Event: ======'modes_active_modes_changed'====== Args={}
2024-11-20 19:48:11,472 : INFO : EventManager : Event: ======'mode_base_stopped'====== Args={}
2024-11-20 19:48:11,472 : INFO : EventManager : Event: ======'clear'====== Args={'key': 'base'}
2024-11-20 19:48:11,473 : INFO : Mode.game : Stopped.
2024-11-20 19:48:11,473 : INFO : EventManager : Event: ======'modes_active_modes_changed'====== Args={}
2024-11-20 19:48:11,473 : INFO : EventManager : Event: ======'mode_game_stopped'====== Args={}
2024-11-20 19:48:11,473 : INFO : EventManager : Event: ======'clear'====== Args={'key': 'game'}
2024-11-20 19:48:11,485 : INFO : root : MPF run loop ended.
