2024-11-30 20:55:15,393 : INFO : root : Loading config.
2024-11-30 20:55:15,395 : INFO : YamlMultifileConfigLoader : Machine config file #1: config.yaml
2024-11-30 20:55:15,395 : INFO : ConfigProcessor : Loading config from cache: /var/folders/lw/36nc9wln17qdc1y8dnh6d85h0000gr/T/a187413b8cf7049e0b91852f54cd1afa.mpf_cache
2024-11-30 20:55:15,425 : INFO : ConfigProcessor : Loading config from cache: /var/folders/lw/36nc9wln17qdc1y8dnh6d85h0000gr/T/2e30198d1c841d95b9b3e69c8a0bb49b.mpf_cache
2024-11-30 20:55:15,425 : INFO : ConfigProcessor : Loading config from cache: /var/folders/lw/36nc9wln17qdc1y8dnh6d85h0000gr/T/40928215bbb65374348eff3d4cd7b8bc.mpf_cache
2024-11-30 20:55:15,425 : WARNING : ConfigProcessor : Config file in cache changed: /Users/C_Alan/pinball/hauntedhouse/modes/base/config/base.yaml
2024-11-30 20:55:15,425 : INFO : ConfigProcessor : Loading config from file /Users/C_Alan/pinball/hauntedhouse/modes/base/config/base.yaml.
2024-11-30 20:55:15,432 : INFO : ConfigProcessor : Loading config: /Users/C_Alan/pinball/hauntedhouse/modes/base/config/base.yaml
2024-11-30 20:55:15,432 : INFO : ConfigProcessor : Config file cache created: /var/folders/lw/36nc9wln17qdc1y8dnh6d85h0000gr/T/167ddff969183ffa73a4682c84ddf638.mpf_cache
2024-11-30 20:55:15,433 : INFO : ConfigProcessor : Loading config from cache: /var/folders/lw/36nc9wln17qdc1y8dnh6d85h0000gr/T/2e30198d1c841d95b9b3e69c8a0bb49b.mpf_cache
2024-11-30 20:55:15,433 : INFO : ConfigProcessor : Loading config from cache: /var/folders/lw/36nc9wln17qdc1y8dnh6d85h0000gr/T/f3e7df0542012602a298ddb9f31df321.mpf_cache
2024-11-30 20:55:15,433 : INFO : ConfigProcessor : Loading config from cache: /var/folders/lw/36nc9wln17qdc1y8dnh6d85h0000gr/T/ac27afd8b01174f1412801db135abc1d.mpf_cache
2024-11-30 20:55:15,433 : INFO : ConfigProcessor : Loading config from cache: /var/folders/lw/36nc9wln17qdc1y8dnh6d85h0000gr/T/df2857c909c4a913cc732702f1a197bb.mpf_cache
2024-11-30 20:55:15,433 : INFO : ConfigProcessor : Loading config from cache: /var/folders/lw/36nc9wln17qdc1y8dnh6d85h0000gr/T/1ab5c5e749213b44f20a4087626085fd.mpf_cache
2024-11-30 20:55:15,434 : INFO : ConfigProcessor : Loading config from cache: /var/folders/lw/36nc9wln17qdc1y8dnh6d85h0000gr/T/176bdc82e0948b16c38e3d140ac1de4b.mpf_cache
2024-11-30 20:55:15,434 : INFO : Machine : Mission Pinball Framework Core Engine v0.80.0.dev5
2024-11-30 20:55:15,434 : INFO : Machine : Command line arguments: {'no_load_cache': False, 'create_config_cache': True, 'bcp': True, 'configfile': ['config.yaml'], 'force_assets_load': False, 'platform_integration_test': False, 'jsonlogging': False, 'logfile': 'logs/2024-11-30-20-55-15-mpf-Macpro.local.log', 'pause': False, 'production': False, 'text_ui': True, 'loglevel': 15, 'consoleloglevel': 20, 'force_platform': 'virtual', 'syslog_address': None, 'full_logfile_path': '/Users/C_Alan/pinball/hauntedhouse/logs/2024-11-30-20-55-15-mpf-Macpro.local.log'}
2024-11-30 20:55:15,434 : INFO : Machine : MPF path: /Users/C_Alan/envp311/lib/python3.11/site-packages/mpf
2024-11-30 20:55:15,434 : INFO : Machine : Machine path: /Users/C_Alan/pinball/hauntedhouse
2024-11-30 20:55:15,434 : INFO : Machine : Platform: darwin
2024-11-30 20:55:15,434 : INFO : Machine : Python executable location: /Users/C_Alan/envp311/bin/python3.11
2024-11-30 20:55:15,434 : INFO : Machine : Python version: 3.11.0 (64-bit)
2024-11-30 20:55:15,435 : INFO : Machine : Initializing MPF...
2024-11-30 20:55:15,461 : INFO : EventManager : Event: ======'machine_var_credits_string'====== Args={'value': 'FREE PLAY', 'prev_value': None, 'change': True}
2024-11-30 20:55:15,468 : INFO : EventManager : Event: ======'machine_var_master_volume'====== Args={'value': 0.5, 'prev_value': None, 'change': True}
2024-11-30 20:55:15,468 : INFO : EventManager : Event: ======'machine_var_player1_score'====== Args={'value': 32800, 'prev_value': None, 'change': True}
2024-11-30 20:55:15,469 : INFO : EventManager : Event: ======'machine_var_mpf_version'====== Args={'value': 'Mission Pinball Framework v0.80.0.dev5', 'prev_value': None, 'change': True}
2024-11-30 20:55:15,469 : INFO : EventManager : Event: ======'machine_var_mpf_extended_version'====== Args={'value': 'Mission Pinball Framework v0.80.0.dev5, Config version:6, Show version: 6, BCP version:1.1', 'prev_value': None, 'change': True}
2024-11-30 20:55:15,469 : INFO : EventManager : Event: ======'machine_var_python_version'====== Args={'value': '3.11.0', 'prev_value': None, 'change': True}
2024-11-30 20:55:15,479 : INFO : EventManager : Event: ======'machine_var_platform'====== Args={'value': 'macOS-14.6.1-x86_64-i386-64bit', 'prev_value': None, 'change': True}
2024-11-30 20:55:15,479 : INFO : EventManager : Event: ======'machine_var_platform_system'====== Args={'value': 'Darwin', 'prev_value': None, 'change': True}
2024-11-30 20:55:15,479 : INFO : EventManager : Event: ======'machine_var_platform_release'====== Args={'value': '23.6.0', 'prev_value': None, 'change': True}
2024-11-30 20:55:15,479 : INFO : EventManager : Event: ======'machine_var_platform_version'====== Args={'value': 'Darwin Kernel Version 23.6.0: Mon Jul 29 21:13:00 PDT 2024; root:xnu-10063.141.2~1/RELEASE_X86_64', 'prev_value': None, 'change': True}
2024-11-30 20:55:15,479 : INFO : EventManager : Event: ======'machine_var_platform_machine'====== Args={'value': 'x86_64', 'prev_value': None, 'change': True}
2024-11-30 20:55:15,479 : INFO : EventManager : Event: ======'machine_var_log_file_path'====== Args={'value': '/Users/C_Alan/pinball/hauntedhouse/logs/2024-11-30-20-55-15-mpf-Macpro.local.log', 'prev_value': None, 'change': True}
2024-11-30 20:55:15,479 : INFO : EventManager : Event: ======'init_phase_1'====== Args={}
2024-11-30 20:55:15,515 : INFO : EventManager : Event: ======'drop_target_bank_upper_up'====== Args={}
2024-11-30 20:55:15,515 : INFO : EventManager : Event: ======'drop_target_bank_lower_up'====== Args={}
2024-11-30 20:55:15,516 : INFO : EventManager : Event: ======'init_phase_2'====== Args={}
2024-11-30 20:55:15,523 : INFO : EventManager : Event: ======'bcp_connection_attempt'====== Args={'name': 'local_display', 'host': 'localhost', 'port': 5050}
2024-11-30 20:55:15,524 : INFO : BCPClientSocket : Connecting BCP to 'local_display' at localhost:5050...
2024-11-30 20:55:21,560 : INFO : BCPClientSocket : Connected BCP to 'local_display' localhost:5050
2024-11-30 20:55:21,561 : INFO : EventManager : Event: ======'bcp_clients_connected'====== Args={}
2024-11-30 20:55:21,562 : INFO : ball_device.bd_drain : BCH: Initial count: 0
2024-11-30 20:55:21,563 : INFO : ball_device.bd_drain : State: idle
2024-11-30 20:55:21,563 : INFO : ball_device.bd_lower_vuk : BCH: Initial count: 0
2024-11-30 20:55:21,564 : INFO : ball_device.bd_lower_vuk : State: idle
2024-11-30 20:55:21,564 : INFO : ball_device.bd_lower_kickout_special : BCH: Initial count: 0
2024-11-30 20:55:21,564 : INFO : ball_device.bd_lower_kickout_special : State: idle
2024-11-30 20:55:21,564 : INFO : ball_device.bd_main_vuk : BCH: Initial count: 0
2024-11-30 20:55:21,565 : INFO : ball_device.bd_main_vuk : State: idle
2024-11-30 20:55:21,565 : INFO : ball_device.bd_main_kickout_right : BCH: Initial count: 0
2024-11-30 20:55:21,565 : INFO : ball_device.bd_main_kickout_right : State: idle
2024-11-30 20:55:21,565 : INFO : ball_device.bd_main_kickout_lane : BCH: Initial count: 0
2024-11-30 20:55:21,565 : INFO : ball_device.bd_main_kickout_lane : State: idle
2024-11-30 20:55:21,572 : INFO : EventManager : Event: ======'init_phase_3'====== Args={}
2024-11-30 20:55:21,581 : INFO : EventManager : Event: ======'init_phase_4'====== Args={}
2024-11-30 20:55:21,582 : INFO : BallController : Initial balls found: 0
2024-11-30 20:55:21,582 : INFO : EventManager : Event: ======'machine_var_audits_events_game_ended'====== Args={'value': 91, 'prev_value': None, 'change': True}
2024-11-30 20:55:21,583 : INFO : EventManager : Event: ======'machine_var_audits_events_game_started'====== Args={'value': 210, 'prev_value': None, 'change': True}
2024-11-30 20:55:21,583 : INFO : EventManager : Event: ======'machine_var_audits_missing_switches_s_left_flipper1'====== Args={'value': 16, 'prev_value': None, 'change': True}
2024-11-30 20:55:21,583 : INFO : EventManager : Event: ======'machine_var_audits_missing_switches_s_left_flipper2'====== Args={'value': 16, 'prev_value': None, 'change': True}
2024-11-30 20:55:21,583 : INFO : EventManager : Event: ======'machine_var_audits_missing_switches_s_lower_10pt_drops'====== Args={'value': 17, 'prev_value': None, 'change': True}
2024-11-30 20:55:21,583 : INFO : EventManager : Event: ======'machine_var_audits_missing_switches_s_lower_10pt_lower'====== Args={'value': 17, 'prev_value': None, 'change': True}
2024-11-30 20:55:21,583 : INFO : EventManager : Event: ======'machine_var_audits_missing_switches_s_lower_10pt_upper'====== Args={'value': 17, 'prev_value': None, 'change': True}
2024-11-30 20:55:21,583 : INFO : EventManager : Event: ======'machine_var_audits_missing_switches_s_lower_1_drop'====== Args={'value': 17, 'prev_value': None, 'change': True}
2024-11-30 20:55:21,583 : INFO : EventManager : Event: ======'machine_var_audits_missing_switches_s_lower_2_drop'====== Args={'value': 17, 'prev_value': None, 'change': True}
2024-11-30 20:55:21,583 : INFO : EventManager : Event: ======'machine_var_audits_missing_switches_s_lower_3_drop'====== Args={'value': 17, 'prev_value': None, 'change': True}
2024-11-30 20:55:21,583 : INFO : EventManager : Event: ======'machine_var_audits_missing_switches_s_lower_4_drop'====== Args={'value': 17, 'prev_value': None, 'change': True}
2024-11-30 20:55:21,583 : INFO : EventManager : Event: ======'machine_var_audits_missing_switches_s_lower_5_drop'====== Args={'value': 17, 'prev_value': None, 'change': True}
2024-11-30 20:55:21,583 : INFO : EventManager : Event: ======'machine_var_audits_missing_switches_s_lower_bonus_left'====== Args={'value': 17, 'prev_value': None, 'change': True}
2024-11-30 20:55:21,583 : INFO : EventManager : Event: ======'machine_var_audits_missing_switches_s_lower_bonus_right'====== Args={'value': 17, 'prev_value': None, 'change': True}
2024-11-30 20:55:21,583 : INFO : EventManager : Event: ======'machine_var_audits_missing_switches_s_lower_kick_target'====== Args={'value': 18, 'prev_value': None, 'change': True}
2024-11-30 20:55:21,583 : INFO : EventManager : Event: ======'machine_var_audits_missing_switches_s_lower_kickout_special'====== Args={'value': 17, 'prev_value': None, 'change': True}
2024-11-30 20:55:21,583 : INFO : EventManager : Event: ======'machine_var_audits_missing_switches_s_lower_pop'====== Args={'value': 5, 'prev_value': None, 'change': True}
2024-11-30 20:55:21,583 : INFO : EventManager : Event: ======'machine_var_audits_missing_switches_s_lower_rollover'====== Args={'value': 16, 'prev_value': None, 'change': True}
2024-11-30 20:55:21,584 : INFO : EventManager : Event: ======'machine_var_audits_missing_switches_s_lower_slingshot'====== Args={'value': 18, 'prev_value': None, 'change': True}
2024-11-30 20:55:21,584 : INFO : EventManager : Event: ======'machine_var_audits_missing_switches_s_lower_vuk'====== Args={'value': 16, 'prev_value': None, 'change': True}
2024-11-30 20:55:21,584 : INFO : EventManager : Event: ======'machine_var_audits_missing_switches_s_main_10pt_left'====== Args={'value': 17, 'prev_value': None, 'change': True}
2024-11-30 20:55:21,584 : INFO : EventManager : Event: ======'machine_var_audits_missing_switches_s_main_1_target'====== Args={'value': 19, 'prev_value': None, 'change': True}
2024-11-30 20:55:21,584 : INFO : EventManager : Event: ======'machine_var_audits_missing_switches_s_main_2_target'====== Args={'value': 18, 'prev_value': None, 'change': True}
2024-11-30 20:55:21,584 : INFO : EventManager : Event: ======'machine_var_audits_missing_switches_s_main_3_target'====== Args={'value': 16, 'prev_value': None, 'change': True}
2024-11-30 20:55:21,584 : INFO : EventManager : Event: ======'machine_var_audits_missing_switches_s_main_4_target'====== Args={'value': 5, 'prev_value': None, 'change': True}
2024-11-30 20:55:21,584 : INFO : EventManager : Event: ======'machine_var_audits_missing_switches_s_main_5_target'====== Args={'value': 5, 'prev_value': None, 'change': True}
2024-11-30 20:55:21,584 : INFO : EventManager : Event: ======'machine_var_audits_missing_switches_s_main_inlane_left'====== Args={'value': 16, 'prev_value': None, 'change': True}
2024-11-30 20:55:21,584 : INFO : EventManager : Event: ======'machine_var_audits_missing_switches_s_main_inlane_right'====== Args={'value': 16, 'prev_value': None, 'change': True}
2024-11-30 20:55:21,584 : INFO : EventManager : Event: ======'machine_var_audits_missing_switches_s_main_kickout_right'====== Args={'value': 18, 'prev_value': None, 'change': True}
2024-11-30 20:55:21,584 : INFO : EventManager : Event: ======'machine_var_audits_missing_switches_s_main_lane_center'====== Args={'value': 16, 'prev_value': None, 'change': True}
2024-11-30 20:55:21,584 : INFO : EventManager : Event: ======'machine_var_audits_missing_switches_s_main_outlane_left'====== Args={'value': 16, 'prev_value': None, 'change': True}
2024-11-30 20:55:21,584 : INFO : EventManager : Event: ======'machine_var_audits_missing_switches_s_main_outlane_right'====== Args={'value': 16, 'prev_value': None, 'change': True}
2024-11-30 20:55:21,585 : INFO : EventManager : Event: ======'machine_var_audits_missing_switches_s_main_pop_bottom'====== Args={'value': 16, 'prev_value': None, 'change': True}
2024-11-30 20:55:21,585 : INFO : EventManager : Event: ======'machine_var_audits_missing_switches_s_main_pop_top'====== Args={'value': 16, 'prev_value': None, 'change': True}
2024-11-30 20:55:21,585 : INFO : EventManager : Event: ======'machine_var_audits_missing_switches_s_main_rollunder'====== Args={'value': 18, 'prev_value': None, 'change': True}
2024-11-30 20:55:21,585 : INFO : EventManager : Event: ======'machine_var_audits_missing_switches_s_main_secret_trough'====== Args={'value': 2, 'prev_value': None, 'change': True}
2024-11-30 20:55:21,585 : INFO : EventManager : Event: ======'machine_var_audits_missing_switches_s_main_slingshot'====== Args={'value': 16, 'prev_value': None, 'change': True}
2024-11-30 20:55:21,585 : INFO : EventManager : Event: ======'machine_var_audits_missing_switches_s_main_target_right'====== Args={'value': 16, 'prev_value': None, 'change': True}
2024-11-30 20:55:21,585 : INFO : EventManager : Event: ======'machine_var_audits_missing_switches_s_main_trapdoor_trough'====== Args={'value': 5, 'prev_value': None, 'change': True}
2024-11-30 20:55:21,585 : INFO : EventManager : Event: ======'machine_var_audits_missing_switches_s_main_vuk'====== Args={'value': 16, 'prev_value': None, 'change': True}
2024-11-30 20:55:21,585 : INFO : EventManager : Event: ======'machine_var_audits_missing_switches_s_right_flipper1'====== Args={'value': 16, 'prev_value': None, 'change': True}
2024-11-30 20:55:21,585 : INFO : EventManager : Event: ======'machine_var_audits_missing_switches_s_right_flipper2'====== Args={'value': 16, 'prev_value': None, 'change': True}
2024-11-30 20:55:21,586 : INFO : EventManager : Event: ======'machine_var_audits_missing_switches_s_start'====== Args={'value': 2, 'prev_value': None, 'change': True}
2024-11-30 20:55:21,586 : INFO : EventManager : Event: ======'machine_var_audits_missing_switches_s_upper_10pt_center'====== Args={'value': 16, 'prev_value': None, 'change': True}
2024-11-30 20:55:21,586 : INFO : EventManager : Event: ======'machine_var_audits_missing_switches_s_upper_10pt_left'====== Args={'value': 18, 'prev_value': None, 'change': True}
2024-11-30 20:55:21,586 : INFO : EventManager : Event: ======'machine_var_audits_missing_switches_s_upper_1_target'====== Args={'value': 2, 'prev_value': None, 'change': True}
2024-11-30 20:55:21,586 : INFO : EventManager : Event: ======'machine_var_audits_missing_switches_s_upper_2_drop'====== Args={'value': 2, 'prev_value': None, 'change': True}
2024-11-30 20:55:21,586 : INFO : EventManager : Event: ======'machine_var_audits_missing_switches_s_upper_2_target'====== Args={'value': 4, 'prev_value': None, 'change': True}
2024-11-30 20:55:21,586 : INFO : EventManager : Event: ======'machine_var_audits_missing_switches_s_upper_3_drop'====== Args={'value': 2, 'prev_value': None, 'change': True}
2024-11-30 20:55:21,586 : INFO : EventManager : Event: ======'machine_var_audits_missing_switches_s_upper_3_target'====== Args={'value': 1, 'prev_value': None, 'change': True}
2024-11-30 20:55:21,586 : INFO : EventManager : Event: ======'machine_var_audits_missing_switches_s_upper_4_drop'====== Args={'value': 1, 'prev_value': None, 'change': True}
2024-11-30 20:55:21,587 : INFO : EventManager : Event: ======'machine_var_audits_missing_switches_s_upper_4_target'====== Args={'value': 7, 'prev_value': None, 'change': True}
2024-11-30 20:55:21,587 : INFO : EventManager : Event: ======'machine_var_audits_player_score'====== Args={'value': {'average': 32739, 'top': [211150, 170050, 162330, 120480, 114590, 92630, 88790, 81180, 78890, 77830], 'total': 94}, 'prev_value': None, 'change': True}
2024-11-30 20:55:21,587 : INFO : EventManager : Event: ======'machine_var_audits_shots_10pt'====== Args={'value': 259, 'prev_value': None, 'change': True}
2024-11-30 20:55:21,587 : INFO : EventManager : Event: ======'machine_var_audits_shots_left_inlane'====== Args={'value': 24, 'prev_value': None, 'change': True}
2024-11-30 20:55:21,587 : INFO : EventManager : Event: ======'machine_var_audits_shots_left_outlane'====== Args={'value': 15, 'prev_value': None, 'change': True}
2024-11-30 20:55:21,587 : INFO : EventManager : Event: ======'machine_var_audits_shots_lower_10pt_drops'====== Args={'value': 57, 'prev_value': None, 'change': True}
2024-11-30 20:55:21,587 : INFO : EventManager : Event: ======'machine_var_audits_shots_lower_10pt_lower'====== Args={'value': 21, 'prev_value': None, 'change': True}
2024-11-30 20:55:21,587 : INFO : EventManager : Event: ======'machine_var_audits_shots_lower_10pt_upper'====== Args={'value': 20, 'prev_value': None, 'change': True}
2024-11-30 20:55:21,587 : INFO : EventManager : Event: ======'machine_var_audits_shots_lower_1_drop'====== Args={'value': 52, 'prev_value': None, 'change': True}
2024-11-30 20:55:21,587 : INFO : EventManager : Event: ======'machine_var_audits_shots_lower_2_drop'====== Args={'value': 18, 'prev_value': None, 'change': True}
2024-11-30 20:55:21,587 : INFO : EventManager : Event: ======'machine_var_audits_shots_lower_3_drop'====== Args={'value': 20, 'prev_value': None, 'change': True}
2024-11-30 20:55:21,588 : INFO : EventManager : Event: ======'machine_var_audits_shots_lower_4_drop'====== Args={'value': 25, 'prev_value': None, 'change': True}
2024-11-30 20:55:21,588 : INFO : EventManager : Event: ======'machine_var_audits_shots_lower_5_drop'====== Args={'value': 27, 'prev_value': None, 'change': True}
2024-11-30 20:55:21,588 : INFO : EventManager : Event: ======'machine_var_audits_shots_lower_hole'====== Args={'value': 43, 'prev_value': None, 'change': True}
2024-11-30 20:55:21,588 : INFO : EventManager : Event: ======'machine_var_audits_shots_lower_kick_target'====== Args={'value': 6, 'prev_value': None, 'change': True}
2024-11-30 20:55:21,588 : INFO : EventManager : Event: ======'machine_var_audits_shots_lower_left'====== Args={'value': 21, 'prev_value': None, 'change': True}
2024-11-30 20:55:21,588 : INFO : EventManager : Event: ======'machine_var_audits_shots_lower_left_pop'====== Args={'value': 237, 'prev_value': None, 'change': True}
2024-11-30 20:55:21,588 : INFO : EventManager : Event: ======'machine_var_audits_shots_lower_pop'====== Args={'value': 55, 'prev_value': None, 'change': True}
2024-11-30 20:55:21,589 : INFO : EventManager : Event: ======'machine_var_audits_shots_lower_right'====== Args={'value': 8, 'prev_value': None, 'change': True}
2024-11-30 20:55:21,589 : INFO : EventManager : Event: ======'machine_var_audits_shots_lower_rollover'====== Args={'value': 36, 'prev_value': None, 'change': True}
2024-11-30 20:55:21,589 : INFO : EventManager : Event: ======'machine_var_audits_shots_lower_slingshot'====== Args={'value': 34, 'prev_value': None, 'change': True}
2024-11-30 20:55:21,589 : INFO : EventManager : Event: ======'machine_var_audits_shots_main_1'====== Args={'value': 33, 'prev_value': None, 'change': True}
2024-11-30 20:55:21,589 : INFO : EventManager : Event: ======'machine_var_audits_shots_main_2'====== Args={'value': 35, 'prev_value': None, 'change': True}
2024-11-30 20:55:21,589 : INFO : EventManager : Event: ======'machine_var_audits_shots_main_3'====== Args={'value': 32, 'prev_value': None, 'change': True}
2024-11-30 20:55:21,589 : INFO : EventManager : Event: ======'machine_var_audits_shots_main_4'====== Args={'value': 55, 'prev_value': None, 'change': True}
2024-11-30 20:55:21,589 : INFO : EventManager : Event: ======'machine_var_audits_shots_main_5'====== Args={'value': 29, 'prev_value': None, 'change': True}
2024-11-30 20:55:21,589 : INFO : EventManager : Event: ======'machine_var_audits_shots_main_slingshot'====== Args={'value': 57, 'prev_value': None, 'change': True}
2024-11-30 20:55:21,589 : INFO : EventManager : Event: ======'machine_var_audits_shots_main_trough_1'====== Args={'value': 27, 'prev_value': None, 'change': True}
2024-11-30 20:55:21,590 : INFO : EventManager : Event: ======'machine_var_audits_shots_main_trough_2'====== Args={'value': 23, 'prev_value': None, 'change': True}
2024-11-30 20:55:21,590 : INFO : EventManager : Event: ======'machine_var_audits_shots_right_inlane'====== Args={'value': 83, 'prev_value': None, 'change': True}
2024-11-30 20:55:21,590 : INFO : EventManager : Event: ======'machine_var_audits_shots_right_kickout'====== Args={'value': 37, 'prev_value': None, 'change': True}
2024-11-30 20:55:21,590 : INFO : EventManager : Event: ======'machine_var_audits_shots_right_outlane'====== Args={'value': 47, 'prev_value': None, 'change': True}
2024-11-30 20:55:21,590 : INFO : EventManager : Event: ======'machine_var_audits_shots_rollunder'====== Args={'value': 116, 'prev_value': None, 'change': True}
2024-11-30 20:55:21,590 : INFO : EventManager : Event: ======'machine_var_audits_shots_secret_passage_trough'====== Args={'value': 11, 'prev_value': None, 'change': True}
2024-11-30 20:55:21,590 : INFO : EventManager : Event: ======'machine_var_audits_shots_standup_right'====== Args={'value': 103, 'prev_value': None, 'change': True}
2024-11-30 20:55:21,590 : INFO : EventManager : Event: ======'machine_var_audits_shots_trapdoor_trough'====== Args={'value': 13, 'prev_value': None, 'change': True}
2024-11-30 20:55:21,591 : INFO : EventManager : Event: ======'machine_var_audits_shots_upper_1'====== Args={'value': 107, 'prev_value': None, 'change': True}
2024-11-30 20:55:21,591 : INFO : EventManager : Event: ======'machine_var_audits_shots_upper_1_drop'====== Args={'value': 195, 'prev_value': None, 'change': True}
2024-11-30 20:55:21,591 : INFO : EventManager : Event: ======'machine_var_audits_shots_upper_2'====== Args={'value': 94, 'prev_value': None, 'change': True}
2024-11-30 20:55:21,591 : INFO : EventManager : Event: ======'machine_var_audits_shots_upper_2_drop'====== Args={'value': 85, 'prev_value': None, 'change': True}
2024-11-30 20:55:21,591 : INFO : EventManager : Event: ======'machine_var_audits_shots_upper_3'====== Args={'value': 46, 'prev_value': None, 'change': True}
2024-11-30 20:55:21,591 : INFO : EventManager : Event: ======'machine_var_audits_shots_upper_3_drop'====== Args={'value': 116, 'prev_value': None, 'change': True}
2024-11-30 20:55:21,591 : INFO : EventManager : Event: ======'machine_var_audits_shots_upper_4'====== Args={'value': 46, 'prev_value': None, 'change': True}
2024-11-30 20:55:21,591 : INFO : EventManager : Event: ======'machine_var_audits_shots_upper_4_drop'====== Args={'value': 188, 'prev_value': None, 'change': True}
2024-11-30 20:55:21,591 : INFO : EventManager : Event: ======'machine_var_audits_shots_upper_left_pop'====== Args={'value': 120, 'prev_value': None, 'change': True}
2024-11-30 20:55:21,592 : INFO : EventManager : Event: ======'machine_var_audits_shots_upper_pop'====== Args={'value': 651, 'prev_value': None, 'change': True}
2024-11-30 20:55:21,592 : INFO : EventManager : Event: ======'machine_var_audits_switches_s_left_flipper1'====== Args={'value': 549, 'prev_value': None, 'change': True}
2024-11-30 20:55:21,592 : INFO : EventManager : Event: ======'machine_var_audits_switches_s_left_flipper2'====== Args={'value': 573, 'prev_value': None, 'change': True}
2024-11-30 20:55:21,592 : INFO : EventManager : Event: ======'machine_var_audits_switches_s_lower_10pt_UPPER'====== Args={'value': 0, 'prev_value': None, 'change': True}
2024-11-30 20:55:21,592 : INFO : EventManager : Event: ======'machine_var_audits_switches_s_lower_10pt_drops'====== Args={'value': 57, 'prev_value': None, 'change': True}
2024-11-30 20:55:21,592 : INFO : EventManager : Event: ======'machine_var_audits_switches_s_lower_10pt_lower'====== Args={'value': 21, 'prev_value': None, 'change': True}
2024-11-30 20:55:21,592 : INFO : EventManager : Event: ======'machine_var_audits_switches_s_lower_10pt_upper'====== Args={'value': 20, 'prev_value': None, 'change': True}
2024-11-30 20:55:21,593 : INFO : EventManager : Event: ======'machine_var_audits_switches_s_lower_1_drop'====== Args={'value': 407, 'prev_value': None, 'change': True}
2024-11-30 20:55:21,593 : INFO : EventManager : Event: ======'machine_var_audits_switches_s_lower_2_drop'====== Args={'value': 18, 'prev_value': None, 'change': True}
2024-11-30 20:55:21,593 : INFO : EventManager : Event: ======'machine_var_audits_switches_s_lower_3_drop'====== Args={'value': 20, 'prev_value': None, 'change': True}
2024-11-30 20:55:21,593 : INFO : EventManager : Event: ======'machine_var_audits_switches_s_lower_4_drop'====== Args={'value': 25, 'prev_value': None, 'change': True}
2024-11-30 20:55:21,593 : INFO : EventManager : Event: ======'machine_var_audits_switches_s_lower_5_drop'====== Args={'value': 27, 'prev_value': None, 'change': True}
2024-11-30 20:55:21,593 : INFO : EventManager : Event: ======'machine_var_audits_switches_s_lower_bonus_left'====== Args={'value': 21, 'prev_value': None, 'change': True}
2024-11-30 20:55:21,593 : INFO : EventManager : Event: ======'machine_var_audits_switches_s_lower_bonus_right'====== Args={'value': 8, 'prev_value': None, 'change': True}
2024-11-30 20:55:21,594 : INFO : EventManager : Event: ======'machine_var_audits_switches_s_lower_kick_target'====== Args={'value': 6, 'prev_value': None, 'change': True}
2024-11-30 20:55:21,594 : INFO : EventManager : Event: ======'machine_var_audits_switches_s_lower_kickout_special'====== Args={'value': 43, 'prev_value': None, 'change': True}
2024-11-30 20:55:21,594 : INFO : EventManager : Event: ======'machine_var_audits_switches_s_lower_pop'====== Args={'value': 55, 'prev_value': None, 'change': True}
2024-11-30 20:55:21,594 : INFO : EventManager : Event: ======'machine_var_audits_switches_s_lower_rollover'====== Args={'value': 64, 'prev_value': None, 'change': True}
2024-11-30 20:55:21,594 : INFO : EventManager : Event: ======'machine_var_audits_switches_s_lower_slingshot'====== Args={'value': 34, 'prev_value': None, 'change': True}
2024-11-30 20:55:21,594 : INFO : EventManager : Event: ======'machine_var_audits_switches_s_lower_vuk'====== Args={'value': 264, 'prev_value': None, 'change': True}
2024-11-30 20:55:21,595 : INFO : EventManager : Event: ======'machine_var_audits_switches_s_main_10pt_left'====== Args={'value': 37, 'prev_value': None, 'change': True}
2024-11-30 20:55:21,595 : INFO : EventManager : Event: ======'machine_var_audits_switches_s_main_1_target'====== Args={'value': 60, 'prev_value': None, 'change': True}
2024-11-30 20:55:21,595 : INFO : EventManager : Event: ======'machine_var_audits_switches_s_main_1_trough'====== Args={'value': 60, 'prev_value': None, 'change': True}
2024-11-30 20:55:21,595 : INFO : EventManager : Event: ======'machine_var_audits_switches_s_main_2_target'====== Args={'value': 58, 'prev_value': None, 'change': True}
2024-11-30 20:55:21,595 : INFO : EventManager : Event: ======'machine_var_audits_switches_s_main_2_trough'====== Args={'value': 87, 'prev_value': None, 'change': True}
2024-11-30 20:55:21,595 : INFO : EventManager : Event: ======'machine_var_audits_switches_s_main_3_target'====== Args={'value': 32, 'prev_value': None, 'change': True}
2024-11-30 20:55:21,595 : INFO : EventManager : Event: ======'machine_var_audits_switches_s_main_4_target'====== Args={'value': 71, 'prev_value': None, 'change': True}
2024-11-30 20:55:21,596 : INFO : EventManager : Event: ======'machine_var_audits_switches_s_main_5_target'====== Args={'value': 63, 'prev_value': None, 'change': True}
2024-11-30 20:55:21,596 : INFO : EventManager : Event: ======'machine_var_audits_switches_s_main_inlane_left'====== Args={'value': 27, 'prev_value': None, 'change': True}
2024-11-30 20:55:21,596 : INFO : EventManager : Event: ======'machine_var_audits_switches_s_main_inlane_right'====== Args={'value': 88, 'prev_value': None, 'change': True}
2024-11-30 20:55:21,596 : INFO : EventManager : Event: ======'machine_var_audits_switches_s_main_kickout_right'====== Args={'value': 135, 'prev_value': None, 'change': True}
2024-11-30 20:55:21,596 : INFO : EventManager : Event: ======'machine_var_audits_switches_s_main_lane_center'====== Args={'value': 143, 'prev_value': None, 'change': True}
2024-11-30 20:55:21,596 : INFO : EventManager : Event: ======'machine_var_audits_switches_s_main_outhole'====== Args={'value': 646, 'prev_value': None, 'change': True}
2024-11-30 20:55:21,596 : INFO : EventManager : Event: ======'machine_var_audits_switches_s_main_outlane_left'====== Args={'value': 22, 'prev_value': None, 'change': True}
2024-11-30 20:55:21,597 : INFO : EventManager : Event: ======'machine_var_audits_switches_s_main_outlane_right'====== Args={'value': 48, 'prev_value': None, 'change': True}
2024-11-30 20:55:21,597 : INFO : EventManager : Event: ======'machine_var_audits_switches_s_main_pop_bottom'====== Args={'value': 265, 'prev_value': None, 'change': True}
2024-11-30 20:55:21,597 : INFO : EventManager : Event: ======'machine_var_audits_switches_s_main_pop_top'====== Args={'value': 185, 'prev_value': None, 'change': True}
2024-11-30 20:55:21,597 : INFO : EventManager : Event: ======'machine_var_audits_switches_s_main_rollunder'====== Args={'value': 116, 'prev_value': None, 'change': True}
2024-11-30 20:55:21,597 : INFO : EventManager : Event: ======'machine_var_audits_switches_s_main_roundabout_rollunder'====== Args={'value': 52, 'prev_value': None, 'change': True}
2024-11-30 20:55:21,597 : INFO : EventManager : Event: ======'machine_var_audits_switches_s_main_secret_trough'====== Args={'value': 41, 'prev_value': None, 'change': True}
2024-11-30 20:55:21,598 : INFO : EventManager : Event: ======'machine_var_audits_switches_s_main_slingshot'====== Args={'value': 252, 'prev_value': None, 'change': True}
2024-11-30 20:55:21,598 : INFO : EventManager : Event: ======'machine_var_audits_switches_s_main_target_right'====== Args={'value': 156, 'prev_value': None, 'change': True}
2024-11-30 20:55:21,598 : INFO : EventManager : Event: ======'machine_var_audits_switches_s_main_trapdoor_trough'====== Args={'value': 13, 'prev_value': None, 'change': True}
2024-11-30 20:55:21,598 : INFO : EventManager : Event: ======'machine_var_audits_switches_s_main_vuk'====== Args={'value': 293, 'prev_value': None, 'change': True}
2024-11-30 20:55:21,598 : INFO : EventManager : Event: ======'machine_var_audits_switches_s_right_flipper1'====== Args={'value': 476, 'prev_value': None, 'change': True}
2024-11-30 20:55:21,598 : INFO : EventManager : Event: ======'machine_var_audits_switches_s_right_flipper2'====== Args={'value': 486, 'prev_value': None, 'change': True}
2024-11-30 20:55:21,599 : INFO : EventManager : Event: ======'machine_var_audits_switches_s_start'====== Args={'value': 7, 'prev_value': None, 'change': True}
2024-11-30 20:55:21,599 : INFO : EventManager : Event: ======'machine_var_audits_switches_s_upper_10pt_center'====== Args={'value': 201, 'prev_value': None, 'change': True}
2024-11-30 20:55:21,599 : INFO : EventManager : Event: ======'machine_var_audits_switches_s_upper_10pt_left'====== Args={'value': 127, 'prev_value': None, 'change': True}
2024-11-30 20:55:21,599 : INFO : EventManager : Event: ======'machine_var_audits_switches_s_upper_1_drop'====== Args={'value': 205, 'prev_value': None, 'change': True}
2024-11-30 20:55:21,599 : INFO : EventManager : Event: ======'machine_var_audits_switches_s_upper_1_target'====== Args={'value': 169, 'prev_value': None, 'change': True}
2024-11-30 20:55:21,599 : INFO : EventManager : Event: ======'machine_var_audits_switches_s_upper_2_drop'====== Args={'value': 103, 'prev_value': None, 'change': True}
2024-11-30 20:55:21,600 : INFO : EventManager : Event: ======'machine_var_audits_switches_s_upper_2_target'====== Args={'value': 180, 'prev_value': None, 'change': True}
2024-11-30 20:55:21,600 : INFO : EventManager : Event: ======'machine_var_audits_switches_s_upper_3_drop'====== Args={'value': 129, 'prev_value': None, 'change': True}
2024-11-30 20:55:21,601 : INFO : EventManager : Event: ======'machine_var_audits_switches_s_upper_3_target'====== Args={'value': 83, 'prev_value': None, 'change': True}
2024-11-30 20:55:21,601 : INFO : EventManager : Event: ======'machine_var_audits_switches_s_upper_4_drop'====== Args={'value': 208, 'prev_value': None, 'change': True}
2024-11-30 20:55:21,601 : INFO : EventManager : Event: ======'machine_var_audits_switches_s_upper_4_target'====== Args={'value': 84, 'prev_value': None, 'change': True}
2024-11-30 20:55:21,601 : INFO : EventManager : Event: ======'machine_var_audits_switches_s_upper_pop'====== Args={'value': 884, 'prev_value': None, 'change': True}
2024-11-30 20:55:21,602 : INFO : EventManager : Event: ======'init_phase_5'====== Args={}
2024-11-30 20:55:21,606 : INFO : EventManager : Event: ======'init_done'====== Args={}
2024-11-30 20:55:21,606 : INFO : EventManager : Event: ======'machine_reset_phase_1'====== Args={}
2024-11-30 20:55:21,611 : INFO : EventManager : Event: ======'machine_reset_phase_2'====== Args={}
2024-11-30 20:55:21,612 : INFO : EventManager : Event: ======'machine_reset_phase_3'====== Args={}
2024-11-30 20:55:21,612 : INFO : drop_target_bank.upper : All targets are already up. Will not reset bank.
2024-11-30 20:55:21,612 : INFO : drop_target_bank.lower : All targets are already up. Will not reset bank.
2024-11-30 20:55:21,612 : INFO : EventManager : Event: ======'reset_complete'====== Args={}
2024-11-30 20:55:21,612 : INFO : EventManager : Event: ======'mode_attract_will_start'====== Args={}
2024-11-30 20:55:21,612 : INFO : EventManager : Event: ======'mode_attract_starting'====== Args={}
2024-11-30 20:55:21,612 : INFO : Mode.attract : Started. Priority: 10
2024-11-30 20:55:21,612 : INFO : EventManager : Event: ======'modes_active_modes_changed'====== Args={}
2024-11-30 20:55:21,612 : INFO : EventManager : Event: ======'mode_attract_started'====== Args={}
2024-11-30 20:55:21,613 : INFO : EventManager : Event: ======'collecting_balls_complete'====== Args={}
2024-11-30 20:55:21,613 : INFO : Machine : Starting the main run loop with active modes: [<Mode.attract>]
2024-11-30 20:55:21,657 : INFO : EventManager : Event: ======'slide_attract_scroll_created'====== Args={'_from_bcp': True}
2024-11-30 20:55:21,657 : INFO : EventManager : Event: ======'slide__removed'====== Args={'_from_bcp': True}
2024-11-30 20:55:21,657 : INFO : EventManager : Event: ======'slide_attract_scroll_active'====== Args={'original_context': 'attract', 'original_calling_context': 'mode_attract_started', 'priority': 10.0, 'cmd': 'slides_play', '_from_bcp': True}
2024-11-30 20:55:22,103 : INFO : BcpServer : New client connected.
2024-11-30 20:55:25,062 : INFO : SwitchController : <<<<<<< 's_main_outhole' active >>>>>>>
2024-11-30 20:55:25,563 : INFO : EventManager : Event: ======'balldevice_bd_drain_ball_count_changed'====== Args={'balls': 1}
2024-11-30 20:55:25,563 : INFO : ball_device.bd_drain : Received unexpected ball
2024-11-30 20:55:25,563 : INFO : EventManager : Event: ======'balldevice_captured_from_playfield'====== Args={'balls': 1}
2024-11-30 20:55:25,564 : INFO : EventManager : Event: ======'sw_playfield_active'====== Args={'balls': 1}
2024-11-30 20:55:25,564 : INFO : EventManager : Event: ======'playfield_active'====== Args={'source': None}
2024-11-30 20:55:25,565 : INFO : EventManager : Event: ======'unexpected_ball_on_playfield'====== Args={}
2024-11-30 20:55:25,565 : INFO : EventManager : Event: ======'playfield_ball_count_change'====== Args={'balls': -1, 'change': -1}
2024-11-30 20:55:25,565 : INFO : EventManager : Event: ======'balldevice_playfield_ball_enter'====== Args={'new_balls': 1, 'unclaimed_balls': 1, 'device': <playfield.playfield>}
2024-11-30 20:55:25,566 : INFO : EventManager : Event: ======'playfield_ball_count_change'====== Args={'balls': 0, 'change': 1}
2024-11-30 20:55:25,566 : INFO : BallController : Found a new ball which was captured from playfield. Known balls: 1
2024-11-30 20:55:25,566 : INFO : EventManager : Event: ======'found_new_ball'====== Args={}
2024-11-30 20:55:25,566 : INFO : EventManager : Event: ======'balldevice_bd_drain_ball_enter'====== Args={'new_balls': 1, 'unclaimed_balls': 1, 'new_available_balls': 1, 'device': <ball_device.bd_drain>}
2024-11-30 20:55:25,567 : INFO : EventManager : Event: ======'ball_drain'====== Args={'device': <ball_device.bd_drain>, 'balls': 1}
2024-11-30 20:55:25,567 : INFO : EventManager : Event: ======'balldevice_balls_available'====== Args={}
2024-11-30 20:55:25,567 : INFO : EventManager : Event: ======'balldevice_bd_drain_ball_entered'====== Args={'new_balls': 1, 'device': <ball_device.bd_drain>}
2024-11-30 20:55:26,134 : INFO : SwitchController : <<<<<<< 's_start' active >>>>>>>
2024-11-30 20:55:26,191 : INFO : SwitchController : <<<<<<< 's_start' inactive >>>>>>>
2024-11-30 20:55:26,191 : INFO : EventManager : Event: ======'request_to_start_game'====== Args={}
2024-11-30 20:55:26,192 : INFO : EventManager : Event: ======'game_start'====== Args={'buttons': [], 'hold_time': 0.0573967489763163}
2024-11-30 20:55:26,192 : INFO : EventManager : Event: ======'mode_game_will_start'====== Args={'buttons': [], 'hold_time': 0.0573967489763163}
2024-11-30 20:55:26,192 : INFO : EventManager : Event: ======'mode_game_starting'====== Args={'buttons': [], 'hold_time': 0.0573967489763163}
2024-11-30 20:55:26,193 : INFO : EventManager : Event: ======'mode_attract_will_stop'====== Args={}
2024-11-30 20:55:26,193 : INFO : EventManager : Event: ======'mode_attract_stopping'====== Args={}
2024-11-30 20:55:26,193 : INFO : Mode.attract : Stopped.
2024-11-30 20:55:26,193 : INFO : EventManager : Event: ======'modes_active_modes_changed'====== Args={}
2024-11-30 20:55:26,193 : INFO : EventManager : Event: ======'mode_attract_stopped'====== Args={}
2024-11-30 20:55:26,194 : INFO : EventManager : Event: ======'clear'====== Args={'key': 'attract'}
2024-11-30 20:55:26,194 : INFO : Mode.game : Started. Priority: 20
2024-11-30 20:55:26,194 : INFO : EventManager : Event: ======'modes_active_modes_changed'====== Args={}
2024-11-30 20:55:26,194 : INFO : EventManager : Event: ======'mode_game_started'====== Args={'buttons': [], 'hold_time': 0.0573967489763163}
2024-11-30 20:55:26,194 : INFO : EventManager : Event: ======'game_will_start'====== Args={}
2024-11-30 20:55:26,195 : INFO : EventManager : Event: ======'game_starting'====== Args={'game': <Mode.game>}
2024-11-30 20:55:26,195 : INFO : EventManager : Unordered handler for class <Auditor> on event game_ended with priority 1. Handlers: [RegisteredHandler(callback=<bound method Auditor.disable of <Auditor>>, priority=1, kwargs={}, key=UUID('2c0349a2-206f-4b40-be76-f4297b290ddd'), condition=None, blocking_facility=None), RegisteredHandler(callback=<bound method Auditor._save_audits of <Auditor>>, priority=1, kwargs={}, key=UUID('182680ab-d712-4d52-90bf-b46312ad56e8'), condition=None, blocking_facility=None)]. The order of those handlers is not defined and they will be executed in random order. This might lead to race conditions and potential bugs.
2024-11-30 20:55:26,195 : INFO : EventManager : Event: ======'player_add_request'====== Args={}
2024-11-30 20:55:26,195 : INFO : EventManager : Event: ======'player_will_add'====== Args={'number': 1}
2024-11-30 20:55:26,196 : INFO : EventManager : Event: ======'player_adding'====== Args={'player': <Player 1>, 'number': 1}
2024-11-30 20:55:26,196 : INFO : EventManager : Event: ======'player_added'====== Args={'player': <Player 1>, 'num': 1}
2024-11-30 20:55:26,196 : INFO : Mode.game : Player added successfully. Total players: 1
2024-11-30 20:55:26,196 : INFO : EventManager : Event: ======'player_index'====== Args={'value': 0, 'prev_value': 0, 'change': 0, 'player_num': 1}
2024-11-30 20:55:26,196 : INFO : EventManager : Event: ======'player_number'====== Args={'value': 1, 'prev_value': 1, 'change': 0, 'player_num': 1}
2024-11-30 20:55:26,196 : INFO : EventManager : Event: ======'player_bonus_upper_playfield'====== Args={'value': 0, 'prev_value': 0, 'change': 0, 'player_num': 1}
2024-11-30 20:55:26,197 : INFO : EventManager : Event: ======'player_bonus_lower_playfield'====== Args={'value': 0, 'prev_value': 0, 'change': 0, 'player_num': 1}
2024-11-30 20:55:26,197 : INFO : EventManager : Event: ======'player_bonus_main_playfield'====== Args={'value': 0, 'prev_value': 0, 'change': 0, 'player_num': 1}
2024-11-30 20:55:26,197 : INFO : EventManager : Event: ======'player_attic_double_score'====== Args={'value': 0, 'prev_value': 0, 'change': 0, 'player_num': 1}
2024-11-30 20:55:26,197 : INFO : EventManager : Event: ======'player_main_double_score'====== Args={'value': 0, 'prev_value': 0, 'change': 0, 'player_num': 1}
2024-11-30 20:55:26,197 : INFO : EventManager : Event: ======'player_lower_double_score'====== Args={'value': 0, 'prev_value': 0, 'change': 0, 'player_num': 1}
2024-11-30 20:55:26,198 : INFO : EventManager : Event: ======'player_base_bonus'====== Args={'value': 0, 'prev_value': 0, 'change': 0, 'player_num': 1}
2024-11-30 20:55:26,198 : INFO : EventManager : Event: ======'player_bonus_multiplier'====== Args={'value': 1, 'prev_value': 1, 'change': 0, 'player_num': 1}
2024-11-30 20:55:26,198 : INFO : EventManager : Event: ======'player_score'====== Args={'value': 0, 'prev_value': 0, 'change': 0, 'player_num': 1}
2024-11-30 20:55:26,201 : INFO : EventManager : Event: ======'game_started'====== Args={}
2024-11-30 20:55:26,201 : INFO : EventManager : Event: ======'player_turn_will_start'====== Args={'player': <Player 1>, 'number': 1}
2024-11-30 20:55:26,208 : INFO : EventManager : Event: ======'player_turn_starting'====== Args={'player': <Player 1>, 'number': 1}
2024-11-30 20:55:26,208 : INFO : EventManager : Event: ======'player_ball'====== Args={'value': 1, 'prev_value': 0, 'change': 1, 'player_num': 1}
2024-11-30 20:55:26,209 : INFO : EventManager : Event: ======'player_turn_started'====== Args={'player': <Player 1>, 'number': 1}
2024-11-30 20:55:26,209 : INFO : EventManager : Event: ======'ball_will_start'====== Args={'player': 1, 'ball': 1, 'balls_remaining': 2, 'is_extra_ball': False}
2024-11-30 20:55:26,209 : INFO : EventManager : Event: ======'ball_starting'====== Args={'player': 1, 'ball': 1, 'balls_remaining': 2, 'is_extra_ball': False}
2024-11-30 20:55:26,210 : INFO : EventManager : Event: ======'mode_base_will_start'====== Args={'queue': <QueuedEvent>, 'player': 1, 'ball': 1, 'balls_remaining': 2, 'is_extra_ball': False}
2024-11-30 20:55:26,210 : INFO : EventManager : Event: ======'player_shot_upper_pop_enabled'====== Args={'value': True, 'prev_value': 0, 'change': 1, 'player_num': 1}
2024-11-30 20:55:26,210 : INFO : EventManager : Event: ======'player_shot_lower_left_pop_enabled'====== Args={'value': True, 'prev_value': 0, 'change': 1, 'player_num': 1}
2024-11-30 20:55:26,211 : INFO : EventManager : Event: ======'player_shot_upper_left_pop_enabled'====== Args={'value': True, 'prev_value': 0, 'change': 1, 'player_num': 1}
2024-11-30 20:55:26,211 : INFO : EventManager : Event: ======'player_shot_10pt_enabled'====== Args={'value': True, 'prev_value': 0, 'change': 1, 'player_num': 1}
2024-11-30 20:55:26,211 : INFO : EventManager : Event: ======'player_shot_upper_1_enabled'====== Args={'value': True, 'prev_value': 0, 'change': 1, 'player_num': 1}
2024-11-30 20:55:26,212 : INFO : EventManager : Event: ======'player_shot_upper_2_enabled'====== Args={'value': True, 'prev_value': 0, 'change': 1, 'player_num': 1}
2024-11-30 20:55:26,212 : INFO : EventManager : Event: ======'player_shot_upper_3_enabled'====== Args={'value': True, 'prev_value': 0, 'change': 1, 'player_num': 1}
2024-11-30 20:55:26,212 : INFO : EventManager : Event: ======'player_shot_upper_4_enabled'====== Args={'value': True, 'prev_value': 0, 'change': 1, 'player_num': 1}
2024-11-30 20:55:26,213 : INFO : EventManager : Event: ======'player_shot_upper_1_drop_enabled'====== Args={'value': True, 'prev_value': 0, 'change': 1, 'player_num': 1}
2024-11-30 20:55:26,213 : INFO : EventManager : Event: ======'player_shot_upper_2_drop_enabled'====== Args={'value': True, 'prev_value': 0, 'change': 1, 'player_num': 1}
2024-11-30 20:55:26,213 : INFO : EventManager : Event: ======'player_shot_upper_3_drop_enabled'====== Args={'value': True, 'prev_value': 0, 'change': 1, 'player_num': 1}
2024-11-30 20:55:26,214 : INFO : EventManager : Event: ======'player_shot_upper_4_drop_enabled'====== Args={'value': True, 'prev_value': 0, 'change': 1, 'player_num': 1}
2024-11-30 20:55:26,214 : INFO : EventManager : Event: ======'player_shot_lower_1_drop_enabled'====== Args={'value': True, 'prev_value': 0, 'change': 1, 'player_num': 1}
2024-11-30 20:55:26,214 : INFO : EventManager : Event: ======'player_shot_lower_2_drop_enabled'====== Args={'value': True, 'prev_value': 0, 'change': 1, 'player_num': 1}
2024-11-30 20:55:26,215 : INFO : EventManager : Event: ======'player_shot_lower_3_drop_enabled'====== Args={'value': True, 'prev_value': 0, 'change': 1, 'player_num': 1}
2024-11-30 20:55:26,215 : INFO : EventManager : Event: ======'player_shot_lower_4_drop_enabled'====== Args={'value': True, 'prev_value': 0, 'change': 1, 'player_num': 1}
2024-11-30 20:55:26,215 : INFO : EventManager : Event: ======'player_shot_lower_5_drop_enabled'====== Args={'value': True, 'prev_value': 0, 'change': 1, 'player_num': 1}
2024-11-30 20:55:26,216 : INFO : EventManager : Event: ======'player_shot_lower_hole_enabled'====== Args={'value': True, 'prev_value': 0, 'change': 1, 'player_num': 1}
2024-11-30 20:55:26,216 : INFO : EventManager : Event: ======'player_shot_lower_left_enabled'====== Args={'value': True, 'prev_value': 0, 'change': 1, 'player_num': 1}
2024-11-30 20:55:26,216 : INFO : EventManager : Event: ======'player_shot_lower_right_enabled'====== Args={'value': True, 'prev_value': 0, 'change': 1, 'player_num': 1}
2024-11-30 20:55:26,217 : INFO : EventManager : Event: ======'player_shot_lower_pop_enabled'====== Args={'value': True, 'prev_value': 0, 'change': 1, 'player_num': 1}
2024-11-30 20:55:26,217 : INFO : EventManager : Event: ======'player_shot_lower_10pt_lower_enabled'====== Args={'value': True, 'prev_value': 0, 'change': 1, 'player_num': 1}
2024-11-30 20:55:26,217 : INFO : EventManager : Event: ======'player_shot_lower_10pt_drops_enabled'====== Args={'value': True, 'prev_value': 0, 'change': 1, 'player_num': 1}
2024-11-30 20:55:26,218 : INFO : EventManager : Event: ======'player_shot_lower_10pt_upper_enabled'====== Args={'value': True, 'prev_value': 0, 'change': 1, 'player_num': 1}
2024-11-30 20:55:26,218 : INFO : EventManager : Event: ======'player_shot_lower_slingshot_enabled'====== Args={'value': True, 'prev_value': 0, 'change': 1, 'player_num': 1}
2024-11-30 20:55:26,218 : INFO : EventManager : Event: ======'player_shot_lower_kick_target_enabled'====== Args={'value': True, 'prev_value': 0, 'change': 1, 'player_num': 1}
2024-11-30 20:55:26,219 : INFO : EventManager : Event: ======'player_shot_lower_rollover_enabled'====== Args={'value': True, 'prev_value': 0, 'change': 1, 'player_num': 1}
2024-11-30 20:55:26,219 : INFO : EventManager : Event: ======'player_shot_main_1_enabled'====== Args={'value': True, 'prev_value': 0, 'change': 1, 'player_num': 1}
2024-11-30 20:55:26,220 : INFO : EventManager : Event: ======'player_shot_main_2_enabled'====== Args={'value': True, 'prev_value': 0, 'change': 1, 'player_num': 1}
2024-11-30 20:55:26,220 : INFO : EventManager : Event: ======'player_shot_main_3_enabled'====== Args={'value': True, 'prev_value': 0, 'change': 1, 'player_num': 1}
2024-11-30 20:55:26,221 : INFO : EventManager : Event: ======'player_shot_main_4_enabled'====== Args={'value': True, 'prev_value': 0, 'change': 1, 'player_num': 1}
2024-11-30 20:55:26,221 : INFO : EventManager : Event: ======'player_shot_main_5_enabled'====== Args={'value': True, 'prev_value': 0, 'change': 1, 'player_num': 1}
2024-11-30 20:55:26,222 : INFO : EventManager : Event: ======'player_shot_main_slingshot_enabled'====== Args={'value': True, 'prev_value': 0, 'change': 1, 'player_num': 1}
2024-11-30 20:55:26,222 : INFO : EventManager : Event: ======'player_shot_right_outlane_enabled'====== Args={'value': True, 'prev_value': 0, 'change': 1, 'player_num': 1}
2024-11-30 20:55:26,222 : INFO : EventManager : Event: ======'player_shot_right_inlane_enabled'====== Args={'value': True, 'prev_value': 0, 'change': 1, 'player_num': 1}
2024-11-30 20:55:26,223 : INFO : EventManager : Event: ======'player_shot_left_inlane_enabled'====== Args={'value': True, 'prev_value': 0, 'change': 1, 'player_num': 1}
2024-11-30 20:55:26,223 : INFO : EventManager : Event: ======'player_shot_left_outlane_enabled'====== Args={'value': True, 'prev_value': 0, 'change': 1, 'player_num': 1}
2024-11-30 20:55:26,223 : INFO : EventManager : Event: ======'player_shot_standup_right_enabled'====== Args={'value': True, 'prev_value': 0, 'change': 1, 'player_num': 1}
2024-11-30 20:55:26,224 : INFO : EventManager : Event: ======'player_shot_right_kickout_enabled'====== Args={'value': True, 'prev_value': 0, 'change': 1, 'player_num': 1}
2024-11-30 20:55:26,224 : INFO : EventManager : Event: ======'player_shot_rollunder_enabled'====== Args={'value': True, 'prev_value': 0, 'change': 1, 'player_num': 1}
2024-11-30 20:55:26,224 : INFO : EventManager : Event: ======'player_shot_main_trough_1_enabled'====== Args={'value': True, 'prev_value': 0, 'change': 1, 'player_num': 1}
2024-11-30 20:55:26,225 : INFO : EventManager : Event: ======'player_shot_main_trough_2_enabled'====== Args={'value': True, 'prev_value': 0, 'change': 1, 'player_num': 1}
2024-11-30 20:55:26,225 : INFO : EventManager : Event: ======'player_shot_secret_passage_trough_enabled'====== Args={'value': True, 'prev_value': 0, 'change': 1, 'player_num': 1}
2024-11-30 20:55:26,225 : INFO : EventManager : Event: ======'player_shot_trapdoor_trough_enabled'====== Args={'value': True, 'prev_value': 0, 'change': 1, 'player_num': 1}
2024-11-30 20:55:26,229 : INFO : EventManager : Event: ======'mode_base_starting'====== Args={'queue': <QueuedEvent>, 'player': 1, 'ball': 1, 'balls_remaining': 2, 'is_extra_ball': False}
2024-11-30 20:55:26,230 : INFO : drop_target_bank.upper : All targets are already up. Will not reset bank.
2024-11-30 20:55:26,230 : INFO : drop_target_bank.lower : All targets are already up. Will not reset bank.
2024-11-30 20:55:26,230 : INFO : EventManager : Event: ======'balls_in_play'====== Args={'balls': 1}
2024-11-30 20:55:26,230 : INFO : EventManager : Event: ======'ball_started'====== Args={'player': 1, 'ball': 1, 'balls_remaining': 2, 'is_extra_ball': False}
2024-11-30 20:55:26,234 : INFO : EventManager : Event: ======'logicblock_attic_drop_counter_updated'====== Args={'value': 0, 'enabled': True}
2024-11-30 20:55:26,234 : INFO : EventManager : Event: ======'logicblock_attic_hits_updated'====== Args={'value': 0, 'enabled': True}
2024-11-30 20:55:26,234 : INFO : EventManager : Event: ======'logicblock_cellar_hits_updated'====== Args={'value': 0, 'enabled': True}
2024-11-30 20:55:26,234 : INFO : EventManager : Event: ======'logicblock_attic_drop_counter_updated'====== Args={'value': 0, 'enabled': True}
2024-11-30 20:55:26,234 : INFO : EventManager : Event: ======'logicblock_attic_hits_updated'====== Args={'value': 0, 'enabled': True}
2024-11-30 20:55:26,235 : INFO : EventManager : Event: ======'logicblock_cellar_hits_updated'====== Args={'value': 0, 'enabled': True}
2024-11-30 20:55:26,235 : INFO : Mode.base : Started. Priority: 100
2024-11-30 20:55:26,235 : INFO : EventManager : Event: ======'modes_active_modes_changed'====== Args={}
2024-11-30 20:55:26,235 : INFO : EventManager : Event: ======'mode_base_started'====== Args={'queue': <QueuedEvent>, 'player': 1, 'ball': 1, 'balls_remaining': 2, 'is_extra_ball': False}
2024-11-30 20:55:26,235 : INFO : EventManager : Event: ======'base_bonus_500'====== Args={'queue': <QueuedEvent>, 'player': 1, 'ball': 1, 'balls_remaining': 2, 'is_extra_ball': False}
2024-11-30 20:55:26,236 : INFO : EventManager : Event: ======'player_base_bonus'====== Args={'value': 500, 'prev_value': 0, 'change': 500, 'player_num': 1, 'source': 'base'}
2024-11-30 20:55:26,238 : INFO : EventManager : Event: ======'single_player_ball_started'====== Args={}
2024-11-30 20:55:26,238 : INFO : EventManager : Event: ======'ball_start_target'====== Args={'target': 'playfield'}
2024-11-30 20:55:26,239 : INFO : ball_device.bd_drain : Setting up player-controlled eject. Balls: 1, Target: <playfield.playfield>, player_controlled_eject_event: None
2024-11-30 20:55:26,239 : INFO : ball_device.bd_drain : Adding 1 ball(s) to the eject_queue with target <playfield.playfield>.
2024-11-30 20:55:26,239 : INFO : EventManager : Event: ======'balldevice_balls_available'====== Args={}
2024-11-30 20:55:26,239 : INFO : ball_device.bd_drain : State: waiting_for_target_ready
2024-11-30 20:55:26,239 : INFO : EventManager : Event: ======'balldevice_bd_drain_ball_eject_attempt'====== Args={'balls': 1, 'target': <playfield.playfield>, 'source': <ball_device.bd_drain>, 'mechanical_eject': False, 'num_attempts': 0}
2024-11-30 20:55:26,240 : INFO : ball_device.bd_drain : State: ejecting
2024-11-30 20:55:26,240 : INFO : ball_device.bd_drain : Ejecting ball to <playfield.playfield>
2024-11-30 20:55:26,240 : INFO : EventManager : Event: ======'balldevice_bd_drain_ejecting_ball'====== Args={'balls': 1, 'target': <playfield.playfield>, 'source': <ball_device.bd_drain>, 'mechanical_eject': False, 'num_attempts': 0}
2024-11-30 20:55:26,240 : INFO : ball_device.bd_drain : Wait for ball to leave device
2024-11-30 20:55:26,240 : INFO : coil.c_main_outhole : Pulsing Driver for 60ms (1.0 pulse_power)
2024-11-30 20:55:26,257 : INFO : EventManager : Event: ======'slide_base_created'====== Args={'_from_bcp': True}
2024-11-30 20:55:26,257 : INFO : EventManager : Event: ======'slide_attract_scroll_inactive'====== Args={'is_removing': True, '_from_bcp': True}
2024-11-30 20:55:26,257 : INFO : EventManager : Event: ======'slide_base_active'====== Args={'original_context': 'base', 'original_calling_context': 'mode_base_started', 'priority': 100.0, 'queue': '<QueuedEvent>', 'player': 1.0, 'ball': 1.0, 'balls_remaining': 2.0, 'is_extra_ball': False, 'cmd': 'slides_play', '_from_bcp': True}
2024-11-30 20:55:26,258 : INFO : EventManager : Event: ======'slide_attract_scroll_removed'====== Args={'_from_bcp': True}
2024-11-30 20:55:26,966 : INFO : SwitchController : <<<<<<< 's_main_outhole' inactive >>>>>>>
2024-11-30 20:55:26,967 : INFO : ball_device.bd_drain : State: ball_left
2024-11-30 20:55:26,967 : INFO : ball_device.bd_drain : Ball left
2024-11-30 20:55:26,967 : INFO : ball_device.bd_drain : Wait for confirm with timeout 10.0
2024-11-30 20:55:31,112 : INFO : SwitchController : <<<<<<< 's_upper_1_drop' active >>>>>>>
2024-11-30 20:55:31,112 : INFO : EventManager : Event: ======'playfield_active'====== Args={'source': 'upper_1_drop'}
2024-11-30 20:55:31,112 : INFO : EventManager : Event: ======'s_upper_1_drop_active'====== Args={}
2024-11-30 20:55:31,112 : INFO : EventManager : Event: ======'playfield_active'====== Args={'source': 'u1_drop'}
2024-11-30 20:55:31,112 : INFO : EventManager : Event: ======'drop_target_u1_drop_down'====== Args={'device': <drop_target.u1_drop>}
2024-11-30 20:55:31,113 : INFO : EventManager : Event: ======'drop_target_bank_upper_mixed'====== Args={'prev_value': <DropTargetBankState.UP: 'up'>, 'down': 1}
2024-11-30 20:55:31,113 : INFO : EventManager : Event: ======'machine_var_audits_switches_s_upper_1_drop'====== Args={'value': 206, 'prev_value': 205, 'change': 1}
2024-11-30 20:55:31,113 : INFO : EventManager : Event: ======'player_shot_upper_1_drop'====== Args={'value': 1, 'prev_value': 0, 'change': 1, 'player_num': 1}
2024-11-30 20:55:31,118 : INFO : EventManager : Event: ======'machine_var_audits_shots_upper_1_drop'====== Args={'value': 196, 'prev_value': 195, 'change': 1}
2024-11-30 20:55:31,118 : INFO : EventManager : Event: ======'upper_1_drop_hit'====== Args={'profile': 'default', 'state': 'unlit', 'advancing': True}
2024-11-30 20:55:31,118 : INFO : EventManager : Event: ======'upper_1_drop_default_hit'====== Args={'profile': 'default', 'state': 'unlit', 'advancing': True}
2024-11-30 20:55:31,118 : INFO : EventManager : Event: ======'upper_1_drop_default_unlit_hit'====== Args={'profile': 'default', 'state': 'unlit', 'advancing': True}
2024-11-30 20:55:31,119 : INFO : EventManager : Event: ======'upper_1_drop_unlit_hit'====== Args={'profile': 'default', 'state': 'unlit', 'advancing': True}
2024-11-30 20:55:31,119 : INFO : EventManager : Event: ======'player_score'====== Args={'value': 3000, 'prev_value': 0, 'change': 3000, 'player_num': 1, 'source': 'base'}
2024-11-30 20:55:31,119 : INFO : EventManager : Event: ======'player_bonus_upper_playfield'====== Args={'value': 1, 'prev_value': 0, 'change': 1, 'player_num': 1, 'source': 'base'}
2024-11-30 20:55:31,119 : INFO : EventManager : Event: ======'logicblock_attic_hits_updated'====== Args={'value': 1, 'enabled': True}
2024-11-30 20:55:31,119 : INFO : EventManager : Event: ======'counter_attic_hits_hit'====== Args={'count': 1, 'hits': 1, 'remaining': 10}
2024-11-30 20:55:31,119 : INFO : EventManager : Event: ======'logicblock_attic_hits_hit'====== Args={'count': 1, 'hits': 1, 'remaining': 10}
2024-11-30 20:55:31,125 : INFO : ball_device.bd_drain : Got eject confirm
2024-11-30 20:55:31,125 : INFO : ball_device.bd_drain : Eject successful
2024-11-30 20:55:31,125 : INFO : EventManager : Event: ======'balldevice_bd_drain_ball_eject_success'====== Args={'balls': 1, 'target': <playfield.playfield>}
2024-11-30 20:55:31,126 : INFO : EventManager : Event: ======'balldevice_playfield_ball_enter'====== Args={'new_balls': 1, 'unclaimed_balls': 1, 'device': <playfield.playfield>}
2024-11-30 20:55:31,126 : INFO : EventManager : Event: ======'playfield_ball_count_change'====== Args={'balls': 1, 'change': 1}
2024-11-30 20:55:31,126 : INFO : EventManager : Event: ======'balldevice_bd_drain_ball_count_changed'====== Args={'balls': 0}
2024-11-30 20:55:31,126 : INFO : ball_device.bd_drain : State: idle
2024-11-30 20:55:31,175 : INFO : SwitchController : <<<<<<< 's_upper_1_drop' inactive >>>>>>>
2024-11-30 20:55:31,176 : INFO : EventManager : Event: ======'drop_target_u1_drop_up'====== Args={'device': <drop_target.u1_drop>}
2024-11-30 20:55:31,176 : INFO : EventManager : Event: ======'drop_target_bank_upper_up'====== Args={}
2024-11-30 20:55:31,494 : INFO : SwitchController : <<<<<<< 's_upper_1_drop' active >>>>>>>
2024-11-30 20:55:31,494 : INFO : EventManager : Event: ======'s_upper_1_drop_active'====== Args={}
2024-11-30 20:55:31,494 : INFO : EventManager : Event: ======'drop_target_u1_drop_down'====== Args={'device': <drop_target.u1_drop>}
2024-11-30 20:55:31,495 : INFO : EventManager : Event: ======'drop_target_bank_upper_mixed'====== Args={'prev_value': <DropTargetBankState.UP: 'up'>, 'down': 1}
2024-11-30 20:55:31,495 : INFO : EventManager : Event: ======'machine_var_audits_switches_s_upper_1_drop'====== Args={'value': 207, 'prev_value': 206, 'change': 1}
2024-11-30 20:55:31,495 : INFO : EventManager : Event: ======'machine_var_audits_shots_upper_1_drop'====== Args={'value': 197, 'prev_value': 196, 'change': 1}
2024-11-30 20:55:31,496 : INFO : EventManager : Event: ======'upper_1_drop_hit'====== Args={'profile': 'default', 'state': 'lit', 'advancing': False}
2024-11-30 20:55:31,496 : INFO : EventManager : Event: ======'upper_1_drop_default_hit'====== Args={'profile': 'default', 'state': 'lit', 'advancing': False}
2024-11-30 20:55:31,496 : INFO : EventManager : Event: ======'upper_1_drop_default_lit_hit'====== Args={'profile': 'default', 'state': 'lit', 'advancing': False}
2024-11-30 20:55:31,496 : INFO : EventManager : Event: ======'upper_1_drop_lit_hit'====== Args={'profile': 'default', 'state': 'lit', 'advancing': False}
2024-11-30 20:55:31,497 : INFO : EventManager : Event: ======'player_score'====== Args={'value': 6000, 'prev_value': 3000, 'change': 3000, 'player_num': 1, 'source': 'base'}
2024-11-30 20:55:31,497 : INFO : EventManager : Event: ======'player_bonus_upper_playfield'====== Args={'value': 2, 'prev_value': 1, 'change': 1, 'player_num': 1, 'source': 'base'}
2024-11-30 20:55:31,497 : INFO : EventManager : Event: ======'logicblock_attic_hits_updated'====== Args={'value': 2, 'enabled': True}
2024-11-30 20:55:31,497 : INFO : EventManager : Event: ======'counter_attic_hits_hit'====== Args={'count': 2, 'hits': 2, 'remaining': 9}
2024-11-30 20:55:31,497 : INFO : EventManager : Event: ======'logicblock_attic_hits_hit'====== Args={'count': 2, 'hits': 2, 'remaining': 9}
2024-11-30 20:55:31,593 : INFO : SwitchController : <<<<<<< 's_upper_1_drop' inactive >>>>>>>
2024-11-30 20:55:31,593 : INFO : EventManager : Event: ======'drop_target_u1_drop_up'====== Args={'device': <drop_target.u1_drop>}
2024-11-30 20:55:31,594 : INFO : EventManager : Event: ======'drop_target_bank_upper_up'====== Args={}
2024-11-30 20:55:31,843 : INFO : SwitchController : <<<<<<< 's_upper_1_drop' active >>>>>>>
2024-11-30 20:55:31,843 : INFO : EventManager : Event: ======'s_upper_1_drop_active'====== Args={}
2024-11-30 20:55:31,843 : INFO : EventManager : Event: ======'drop_target_u1_drop_down'====== Args={'device': <drop_target.u1_drop>}
2024-11-30 20:55:31,844 : INFO : EventManager : Event: ======'drop_target_bank_upper_mixed'====== Args={'prev_value': <DropTargetBankState.UP: 'up'>, 'down': 1}
2024-11-30 20:55:31,844 : INFO : EventManager : Event: ======'machine_var_audits_switches_s_upper_1_drop'====== Args={'value': 208, 'prev_value': 207, 'change': 1}
2024-11-30 20:55:31,845 : INFO : EventManager : Event: ======'machine_var_audits_shots_upper_1_drop'====== Args={'value': 198, 'prev_value': 197, 'change': 1}
2024-11-30 20:55:31,845 : INFO : EventManager : Event: ======'upper_1_drop_hit'====== Args={'profile': 'default', 'state': 'lit', 'advancing': False}
2024-11-30 20:55:31,845 : INFO : EventManager : Event: ======'upper_1_drop_default_hit'====== Args={'profile': 'default', 'state': 'lit', 'advancing': False}
2024-11-30 20:55:31,846 : INFO : EventManager : Event: ======'upper_1_drop_default_lit_hit'====== Args={'profile': 'default', 'state': 'lit', 'advancing': False}
2024-11-30 20:55:31,846 : INFO : EventManager : Event: ======'upper_1_drop_lit_hit'====== Args={'profile': 'default', 'state': 'lit', 'advancing': False}
2024-11-30 20:55:31,846 : INFO : EventManager : Event: ======'player_score'====== Args={'value': 9000, 'prev_value': 6000, 'change': 3000, 'player_num': 1, 'source': 'base'}
2024-11-30 20:55:31,846 : INFO : EventManager : Event: ======'player_bonus_upper_playfield'====== Args={'value': 3, 'prev_value': 2, 'change': 1, 'player_num': 1, 'source': 'base'}
2024-11-30 20:55:31,846 : INFO : EventManager : Event: ======'logicblock_attic_hits_updated'====== Args={'value': 3, 'enabled': True}
2024-11-30 20:55:31,847 : INFO : EventManager : Event: ======'counter_attic_hits_hit'====== Args={'count': 3, 'hits': 3, 'remaining': 8}
2024-11-30 20:55:31,847 : INFO : EventManager : Event: ======'logicblock_attic_hits_hit'====== Args={'count': 3, 'hits': 3, 'remaining': 8}
2024-11-30 20:55:31,943 : INFO : SwitchController : <<<<<<< 's_upper_1_drop' inactive >>>>>>>
2024-11-30 20:55:31,943 : INFO : EventManager : Event: ======'drop_target_u1_drop_up'====== Args={'device': <drop_target.u1_drop>}
2024-11-30 20:55:31,944 : INFO : EventManager : Event: ======'drop_target_bank_upper_up'====== Args={}
2024-11-30 20:55:33,292 : INFO : SwitchController : <<<<<<< 's_main_2_trough' active >>>>>>>
2024-11-30 20:55:33,292 : INFO : EventManager : Event: ======'s_main_2_trough_active'====== Args={}
2024-11-30 20:55:33,293 : INFO : EventManager : Event: ======'sw_playfield_active'====== Args={}
2024-11-30 20:55:33,293 : INFO : EventManager : Event: ======'machine_var_audits_switches_s_main_2_trough'====== Args={'value': 88, 'prev_value': 87, 'change': 1}
2024-11-30 20:55:33,294 : INFO : EventManager : Event: ======'player_shot_main_trough_2'====== Args={'value': 1, 'prev_value': 0, 'change': 1, 'player_num': 1}
2024-11-30 20:55:33,298 : INFO : EventManager : Event: ======'machine_var_audits_shots_main_trough_2'====== Args={'value': 24, 'prev_value': 23, 'change': 1}
2024-11-30 20:55:33,298 : INFO : EventManager : Event: ======'main_trough_2_hit'====== Args={'profile': 'default', 'state': 'unlit', 'advancing': True}
2024-11-30 20:55:33,298 : INFO : EventManager : Event: ======'main_trough_2_default_hit'====== Args={'profile': 'default', 'state': 'unlit', 'advancing': True}
2024-11-30 20:55:33,298 : INFO : EventManager : Event: ======'main_trough_2_default_unlit_hit'====== Args={'profile': 'default', 'state': 'unlit', 'advancing': True}
2024-11-30 20:55:33,299 : INFO : EventManager : Event: ======'main_trough_2_unlit_hit'====== Args={'profile': 'default', 'state': 'unlit', 'advancing': True}
2024-11-30 20:55:33,299 : INFO : EventManager : Event: ======'player_bonus_multiplier'====== Args={'value': 2, 'prev_value': 1, 'change': 1, 'player_num': 1, 'source': 'base'}
2024-11-30 20:55:33,393 : INFO : SwitchController : <<<<<<< 's_main_2_trough' inactive >>>>>>>
2024-11-30 20:55:36,010 : INFO : SwitchController : <<<<<<< 's_upper_3_target' active >>>>>>>
2024-11-30 20:55:36,010 : INFO : EventManager : Event: ======'s_upper_3_target_active'====== Args={}
2024-11-30 20:55:36,010 : INFO : EventManager : Event: ======'sw_playfield_active'====== Args={}
2024-11-30 20:55:36,011 : INFO : EventManager : Event: ======'machine_var_audits_switches_s_upper_3_target'====== Args={'value': 84, 'prev_value': 83, 'change': 1}
2024-11-30 20:55:36,011 : INFO : EventManager : Event: ======'player_shot_upper_3'====== Args={'value': 1, 'prev_value': 0, 'change': 1, 'player_num': 1}
2024-11-30 20:55:36,015 : INFO : EventManager : Event: ======'machine_var_audits_shots_upper_3'====== Args={'value': 47, 'prev_value': 46, 'change': 1}
2024-11-30 20:55:36,016 : INFO : EventManager : Event: ======'upper_3_hit'====== Args={'profile': 'default', 'state': 'unlit', 'advancing': True}
2024-11-30 20:55:36,016 : INFO : EventManager : Event: ======'upper_3_default_hit'====== Args={'profile': 'default', 'state': 'unlit', 'advancing': True}
2024-11-30 20:55:36,016 : INFO : EventManager : Event: ======'upper_3_default_unlit_hit'====== Args={'profile': 'default', 'state': 'unlit', 'advancing': True}
2024-11-30 20:55:36,016 : INFO : EventManager : Event: ======'upper_3_unlit_hit'====== Args={'profile': 'default', 'state': 'unlit', 'advancing': True}
2024-11-30 20:55:36,017 : INFO : EventManager : Event: ======'player_score'====== Args={'value': 9500, 'prev_value': 9000, 'change': 500, 'player_num': 1, 'source': 'base'}
2024-11-30 20:55:36,017 : INFO : EventManager : Event: ======'logicblock_attic_hits_updated'====== Args={'value': 4, 'enabled': True}
2024-11-30 20:55:36,017 : INFO : EventManager : Event: ======'counter_attic_hits_hit'====== Args={'count': 4, 'hits': 4, 'remaining': 7}
2024-11-30 20:55:36,017 : INFO : EventManager : Event: ======'logicblock_attic_hits_hit'====== Args={'count': 4, 'hits': 4, 'remaining': 7}
2024-11-30 20:55:36,093 : INFO : SwitchController : <<<<<<< 's_upper_3_target' inactive >>>>>>>
2024-11-30 20:55:36,327 : INFO : SwitchController : <<<<<<< 's_upper_3_target' active >>>>>>>
2024-11-30 20:55:36,327 : INFO : EventManager : Event: ======'s_upper_3_target_active'====== Args={}
2024-11-30 20:55:36,328 : INFO : EventManager : Event: ======'sw_playfield_active'====== Args={}
2024-11-30 20:55:36,328 : INFO : EventManager : Event: ======'machine_var_audits_switches_s_upper_3_target'====== Args={'value': 85, 'prev_value': 84, 'change': 1}
2024-11-30 20:55:36,329 : INFO : EventManager : Event: ======'machine_var_audits_shots_upper_3'====== Args={'value': 48, 'prev_value': 47, 'change': 1}
2024-11-30 20:55:36,329 : INFO : EventManager : Event: ======'upper_3_hit'====== Args={'profile': 'default', 'state': 'lit', 'advancing': False}
2024-11-30 20:55:36,330 : INFO : EventManager : Event: ======'upper_3_default_hit'====== Args={'profile': 'default', 'state': 'lit', 'advancing': False}
2024-11-30 20:55:36,330 : INFO : EventManager : Event: ======'upper_3_default_lit_hit'====== Args={'profile': 'default', 'state': 'lit', 'advancing': False}
2024-11-30 20:55:36,330 : INFO : EventManager : Event: ======'upper_3_lit_hit'====== Args={'profile': 'default', 'state': 'lit', 'advancing': False}
2024-11-30 20:55:36,330 : INFO : EventManager : Event: ======'player_score'====== Args={'value': 10000, 'prev_value': 9500, 'change': 500, 'player_num': 1, 'source': 'base'}
2024-11-30 20:55:36,330 : INFO : EventManager : Event: ======'logicblock_attic_hits_updated'====== Args={'value': 5, 'enabled': True}
2024-11-30 20:55:36,330 : INFO : EventManager : Event: ======'counter_attic_hits_hit'====== Args={'count': 5, 'hits': 5, 'remaining': 6}
2024-11-30 20:55:36,331 : INFO : EventManager : Event: ======'logicblock_attic_hits_hit'====== Args={'count': 5, 'hits': 5, 'remaining': 6}
2024-11-30 20:55:36,410 : INFO : SwitchController : <<<<<<< 's_upper_3_target' inactive >>>>>>>
2024-11-30 20:55:36,561 : INFO : SwitchController : <<<<<<< 's_upper_3_target' active >>>>>>>
2024-11-30 20:55:36,561 : INFO : EventManager : Event: ======'s_upper_3_target_active'====== Args={}
2024-11-30 20:55:36,561 : INFO : EventManager : Event: ======'sw_playfield_active'====== Args={}
2024-11-30 20:55:36,561 : INFO : EventManager : Event: ======'machine_var_audits_switches_s_upper_3_target'====== Args={'value': 86, 'prev_value': 85, 'change': 1}
2024-11-30 20:55:36,562 : INFO : EventManager : Event: ======'machine_var_audits_shots_upper_3'====== Args={'value': 49, 'prev_value': 48, 'change': 1}
2024-11-30 20:55:36,562 : INFO : EventManager : Event: ======'upper_3_hit'====== Args={'profile': 'default', 'state': 'lit', 'advancing': False}
2024-11-30 20:55:36,563 : INFO : EventManager : Event: ======'upper_3_default_hit'====== Args={'profile': 'default', 'state': 'lit', 'advancing': False}
2024-11-30 20:55:36,563 : INFO : EventManager : Event: ======'upper_3_default_lit_hit'====== Args={'profile': 'default', 'state': 'lit', 'advancing': False}
2024-11-30 20:55:36,563 : INFO : EventManager : Event: ======'upper_3_lit_hit'====== Args={'profile': 'default', 'state': 'lit', 'advancing': False}
2024-11-30 20:55:36,563 : INFO : EventManager : Event: ======'player_score'====== Args={'value': 10500, 'prev_value': 10000, 'change': 500, 'player_num': 1, 'source': 'base'}
2024-11-30 20:55:36,564 : INFO : EventManager : Event: ======'logicblock_attic_hits_updated'====== Args={'value': 6, 'enabled': True}
2024-11-30 20:55:36,564 : INFO : EventManager : Event: ======'counter_attic_hits_hit'====== Args={'count': 6, 'hits': 6, 'remaining': 5}
2024-11-30 20:55:36,564 : INFO : EventManager : Event: ======'logicblock_attic_hits_hit'====== Args={'count': 6, 'hits': 6, 'remaining': 5}
2024-11-30 20:55:36,644 : INFO : SwitchController : <<<<<<< 's_upper_3_target' inactive >>>>>>>
2024-11-30 20:55:38,777 : INFO : SwitchController : <<<<<<< 's_main_2_trough' active >>>>>>>
2024-11-30 20:55:38,778 : INFO : EventManager : Event: ======'s_main_2_trough_active'====== Args={}
2024-11-30 20:55:38,778 : INFO : EventManager : Event: ======'sw_playfield_active'====== Args={}
2024-11-30 20:55:38,778 : INFO : EventManager : Event: ======'machine_var_audits_switches_s_main_2_trough'====== Args={'value': 89, 'prev_value': 88, 'change': 1}
2024-11-30 20:55:38,779 : INFO : EventManager : Event: ======'machine_var_audits_shots_main_trough_2'====== Args={'value': 25, 'prev_value': 24, 'change': 1}
2024-11-30 20:55:38,783 : INFO : EventManager : Event: ======'main_trough_2_hit'====== Args={'profile': 'default', 'state': 'lit', 'advancing': False}
2024-11-30 20:55:38,783 : INFO : EventManager : Event: ======'main_trough_2_default_hit'====== Args={'profile': 'default', 'state': 'lit', 'advancing': False}
2024-11-30 20:55:38,784 : INFO : EventManager : Event: ======'main_trough_2_default_lit_hit'====== Args={'profile': 'default', 'state': 'lit', 'advancing': False}
2024-11-30 20:55:38,784 : INFO : EventManager : Event: ======'main_trough_2_lit_hit'====== Args={'profile': 'default', 'state': 'lit', 'advancing': False}
2024-11-30 20:55:38,784 : INFO : EventManager : Event: ======'player_bonus_multiplier'====== Args={'value': 3, 'prev_value': 2, 'change': 1, 'player_num': 1, 'source': 'base'}
2024-11-30 20:55:38,844 : INFO : SwitchController : <<<<<<< 's_main_2_trough' inactive >>>>>>>
2024-11-30 20:55:40,312 : INFO : SwitchController : <<<<<<< 's_main_2_trough' active >>>>>>>
2024-11-30 20:55:40,312 : INFO : EventManager : Event: ======'s_main_2_trough_active'====== Args={}
2024-11-30 20:55:40,312 : INFO : EventManager : Event: ======'sw_playfield_active'====== Args={}
2024-11-30 20:55:40,313 : INFO : EventManager : Event: ======'machine_var_audits_switches_s_main_2_trough'====== Args={'value': 90, 'prev_value': 89, 'change': 1}
2024-11-30 20:55:40,313 : INFO : EventManager : Event: ======'machine_var_audits_shots_main_trough_2'====== Args={'value': 26, 'prev_value': 25, 'change': 1}
2024-11-30 20:55:40,314 : INFO : EventManager : Event: ======'main_trough_2_hit'====== Args={'profile': 'default', 'state': 'lit', 'advancing': False}
2024-11-30 20:55:40,314 : INFO : EventManager : Event: ======'main_trough_2_default_hit'====== Args={'profile': 'default', 'state': 'lit', 'advancing': False}
2024-11-30 20:55:40,314 : INFO : EventManager : Event: ======'main_trough_2_default_lit_hit'====== Args={'profile': 'default', 'state': 'lit', 'advancing': False}
2024-11-30 20:55:40,314 : INFO : EventManager : Event: ======'main_trough_2_lit_hit'====== Args={'profile': 'default', 'state': 'lit', 'advancing': False}
2024-11-30 20:55:40,315 : INFO : EventManager : Event: ======'player_bonus_multiplier'====== Args={'value': 4, 'prev_value': 3, 'change': 1, 'player_num': 1, 'source': 'base'}
2024-11-30 20:55:40,428 : INFO : SwitchController : <<<<<<< 's_main_2_trough' inactive >>>>>>>
2024-11-30 20:55:41,995 : INFO : SwitchController : <<<<<<< 's_main_2_trough' active >>>>>>>
2024-11-30 20:55:41,996 : INFO : EventManager : Event: ======'s_main_2_trough_active'====== Args={}
2024-11-30 20:55:41,996 : INFO : EventManager : Event: ======'sw_playfield_active'====== Args={}
2024-11-30 20:55:41,996 : INFO : EventManager : Event: ======'machine_var_audits_switches_s_main_2_trough'====== Args={'value': 91, 'prev_value': 90, 'change': 1}
2024-11-30 20:55:41,997 : INFO : EventManager : Event: ======'machine_var_audits_shots_main_trough_2'====== Args={'value': 27, 'prev_value': 26, 'change': 1}
2024-11-30 20:55:42,001 : INFO : EventManager : Event: ======'main_trough_2_hit'====== Args={'profile': 'default', 'state': 'lit', 'advancing': False}
2024-11-30 20:55:42,002 : INFO : EventManager : Event: ======'main_trough_2_default_hit'====== Args={'profile': 'default', 'state': 'lit', 'advancing': False}
2024-11-30 20:55:42,002 : INFO : EventManager : Event: ======'main_trough_2_default_lit_hit'====== Args={'profile': 'default', 'state': 'lit', 'advancing': False}
2024-11-30 20:55:42,002 : INFO : EventManager : Event: ======'main_trough_2_lit_hit'====== Args={'profile': 'default', 'state': 'lit', 'advancing': False}
2024-11-30 20:55:42,002 : INFO : EventManager : Event: ======'player_bonus_multiplier'====== Args={'value': 5, 'prev_value': 4, 'change': 1, 'player_num': 1, 'source': 'base'}
2024-11-30 20:55:42,129 : INFO : SwitchController : <<<<<<< 's_main_2_trough' inactive >>>>>>>
2024-11-30 20:55:43,296 : INFO : SwitchController : <<<<<<< 's_main_2_trough' active >>>>>>>
2024-11-30 20:55:43,296 : INFO : EventManager : Event: ======'s_main_2_trough_active'====== Args={}
2024-11-30 20:55:43,296 : INFO : EventManager : Event: ======'sw_playfield_active'====== Args={}
2024-11-30 20:55:43,296 : INFO : EventManager : Event: ======'machine_var_audits_switches_s_main_2_trough'====== Args={'value': 92, 'prev_value': 91, 'change': 1}
2024-11-30 20:55:43,297 : INFO : EventManager : Event: ======'machine_var_audits_shots_main_trough_2'====== Args={'value': 28, 'prev_value': 27, 'change': 1}
2024-11-30 20:55:43,297 : INFO : EventManager : Event: ======'main_trough_2_hit'====== Args={'profile': 'default', 'state': 'lit', 'advancing': False}
2024-11-30 20:55:43,297 : INFO : EventManager : Event: ======'main_trough_2_default_hit'====== Args={'profile': 'default', 'state': 'lit', 'advancing': False}
2024-11-30 20:55:43,298 : INFO : EventManager : Event: ======'main_trough_2_default_lit_hit'====== Args={'profile': 'default', 'state': 'lit', 'advancing': False}
2024-11-30 20:55:43,298 : INFO : EventManager : Event: ======'main_trough_2_lit_hit'====== Args={'profile': 'default', 'state': 'lit', 'advancing': False}
2024-11-30 20:55:43,298 : INFO : EventManager : Event: ======'player_bonus_multiplier'====== Args={'value': 6, 'prev_value': 5, 'change': 1, 'player_num': 1, 'source': 'base'}
2024-11-30 20:55:43,395 : INFO : SwitchController : <<<<<<< 's_main_2_trough' inactive >>>>>>>
2024-11-30 20:55:45,730 : INFO : SwitchController : <<<<<<< 's_main_2_trough' active >>>>>>>
2024-11-30 20:55:45,730 : INFO : EventManager : Event: ======'s_main_2_trough_active'====== Args={}
2024-11-30 20:55:45,730 : INFO : EventManager : Event: ======'sw_playfield_active'====== Args={}
2024-11-30 20:55:45,731 : INFO : EventManager : Event: ======'machine_var_audits_switches_s_main_2_trough'====== Args={'value': 93, 'prev_value': 92, 'change': 1}
2024-11-30 20:55:45,731 : INFO : EventManager : Event: ======'machine_var_audits_shots_main_trough_2'====== Args={'value': 29, 'prev_value': 28, 'change': 1}
2024-11-30 20:55:45,736 : INFO : EventManager : Event: ======'main_trough_2_hit'====== Args={'profile': 'default', 'state': 'lit', 'advancing': False}
2024-11-30 20:55:45,736 : INFO : EventManager : Event: ======'main_trough_2_default_hit'====== Args={'profile': 'default', 'state': 'lit', 'advancing': False}
2024-11-30 20:55:45,736 : INFO : EventManager : Event: ======'main_trough_2_default_lit_hit'====== Args={'profile': 'default', 'state': 'lit', 'advancing': False}
2024-11-30 20:55:45,736 : INFO : EventManager : Event: ======'main_trough_2_lit_hit'====== Args={'profile': 'default', 'state': 'lit', 'advancing': False}
2024-11-30 20:55:45,737 : INFO : EventManager : Event: ======'player_bonus_multiplier'====== Args={'value': 7, 'prev_value': 6, 'change': 1, 'player_num': 1, 'source': 'base'}
2024-11-30 20:55:45,812 : INFO : SwitchController : <<<<<<< 's_main_2_trough' inactive >>>>>>>
2024-11-30 20:55:47,830 : INFO : SwitchController : <<<<<<< 's_main_2_trough' active >>>>>>>
2024-11-30 20:55:47,830 : INFO : EventManager : Event: ======'s_main_2_trough_active'====== Args={}
2024-11-30 20:55:47,831 : INFO : EventManager : Event: ======'sw_playfield_active'====== Args={}
2024-11-30 20:55:47,831 : INFO : EventManager : Event: ======'machine_var_audits_switches_s_main_2_trough'====== Args={'value': 94, 'prev_value': 93, 'change': 1}
2024-11-30 20:55:47,832 : INFO : EventManager : Event: ======'machine_var_audits_shots_main_trough_2'====== Args={'value': 30, 'prev_value': 29, 'change': 1}
2024-11-30 20:55:47,836 : INFO : EventManager : Event: ======'main_trough_2_hit'====== Args={'profile': 'default', 'state': 'lit', 'advancing': False}
2024-11-30 20:55:47,836 : INFO : EventManager : Event: ======'main_trough_2_default_hit'====== Args={'profile': 'default', 'state': 'lit', 'advancing': False}
2024-11-30 20:55:47,836 : INFO : EventManager : Event: ======'main_trough_2_default_lit_hit'====== Args={'profile': 'default', 'state': 'lit', 'advancing': False}
2024-11-30 20:55:47,837 : INFO : EventManager : Event: ======'main_trough_2_lit_hit'====== Args={'profile': 'default', 'state': 'lit', 'advancing': False}
2024-11-30 20:55:47,837 : INFO : EventManager : Event: ======'player_bonus_multiplier'====== Args={'value': 8, 'prev_value': 7, 'change': 1, 'player_num': 1, 'source': 'base'}
2024-11-30 20:55:47,930 : INFO : SwitchController : <<<<<<< 's_main_2_trough' inactive >>>>>>>
2024-11-30 20:55:57,741 : INFO : SwitchController : <<<<<<< 's_main_outhole' active >>>>>>>
2024-11-30 20:55:57,742 : INFO : EventManager : Event: ======'machine_var_audits_switches_s_main_outhole'====== Args={'value': 647, 'prev_value': 646, 'change': 1}
2024-11-30 20:55:58,243 : INFO : EventManager : Event: ======'balldevice_bd_drain_ball_count_changed'====== Args={'balls': 1}
2024-11-30 20:55:58,243 : INFO : ball_device.bd_drain : Received unexpected ball
2024-11-30 20:55:58,243 : INFO : EventManager : Event: ======'balldevice_captured_from_playfield'====== Args={'balls': 1}
2024-11-30 20:55:58,243 : INFO : EventManager : Event: ======'sw_playfield_active'====== Args={'balls': 1}
2024-11-30 20:55:58,244 : INFO : EventManager : Event: ======'playfield_ball_count_change'====== Args={'balls': 0, 'change': -1}
2024-11-30 20:55:58,245 : INFO : EventManager : Event: ======'balldevice_bd_drain_ball_enter'====== Args={'new_balls': 1, 'unclaimed_balls': 1, 'new_available_balls': 1, 'device': <ball_device.bd_drain>}
2024-11-30 20:55:58,245 : INFO : EventManager : Event: ======'ball_drain'====== Args={'device': <ball_device.bd_drain>, 'balls': 1}
2024-11-30 20:55:58,245 : INFO : EventManager : Event: ======'ball_will_end'====== Args={}
2024-11-30 20:55:58,246 : INFO : EventManager : Event: ======'balldevice_balls_available'====== Args={}
2024-11-30 20:55:58,246 : INFO : EventManager : Event: ======'balldevice_bd_drain_ball_entered'====== Args={'new_balls': 1, 'device': <ball_device.bd_drain>}
2024-11-30 20:55:58,247 : INFO : EventManager : Event: ======'ball_ending'====== Args={}
2024-11-30 20:55:58,248 : INFO : EventManager : Event: ======'mode_bonus_will_start'====== Args={'queue': <QueuedEvent>}
2024-11-30 20:55:58,248 : INFO : EventManager : Event: ======'mode_bonus_starting'====== Args={'queue': <QueuedEvent>}
2024-11-30 20:55:58,248 : INFO : Mode.bonus : Started. Priority: 500
2024-11-30 20:55:58,248 : INFO : EventManager : Event: ======'modes_active_modes_changed'====== Args={}
2024-11-30 20:55:58,248 : INFO : EventManager : Event: ======'mode_bonus_started'====== Args={'queue': <QueuedEvent>}
2024-11-30 20:55:58,249 : INFO : EventManager : Event: ======'bonus_start'====== Args={}
2024-11-30 20:55:58,270 : INFO : EventManager : Event: ======'slide_bonus_created'====== Args={'_from_bcp': True}
2024-11-30 20:55:58,271 : INFO : EventManager : Event: ======'slide_base_inactive'====== Args={'is_removing': False, '_from_bcp': True}
2024-11-30 20:55:58,271 : INFO : EventManager : Event: ======'slide_bonus_active'====== Args={'original_context': 'bonus', 'original_calling_context': 'mode_bonus_started', 'priority': 500.0, 'queue': '<QueuedEvent>', 'cmd': 'slides_play', '_from_bcp': True}
2024-11-30 20:55:59,250 : INFO : Mode.bonus : Bonus Entry 'attic_bonus': score: 1500 player_score_entry: None=1
2024-11-30 20:55:59,250 : INFO : EventManager : Event: ======'bonus_entry'====== Args={'entry': 'attic_bonus', 'score': 1500, 'text': 'Attic Bonus Scores', 'bonus_score': 1500, 'hits': 1}
2024-11-30 20:56:00,250 : INFO : Mode.bonus : Skipping bonus entry 'main_bonus' because its value is 0
2024-11-30 20:56:00,250 : INFO : Mode.bonus : Bonus Entry 'cellar_bonus': score: 0 player_score_entry: None=1
2024-11-30 20:56:00,250 : INFO : EventManager : Event: ======'bonus_entry'====== Args={'entry': 'cellar_bonus', 'score': 0, 'text': 'Cellar Bonus Score', 'bonus_score': 1500, 'hits': 1}
2024-11-30 20:56:01,252 : INFO : EventManager : Event: ======'bonus_entry'====== Args={'entry': 'subtotal', 'text': 'Subtotal', 'score': 1500}
2024-11-30 20:56:02,253 : INFO : EventManager : Event: ======'bonus_entry'====== Args={'entry': 'multiplier', 'text': 'Multiplier', 'score': 8}
2024-11-30 20:56:03,253 : INFO : EventManager : Event: ======'player_score'====== Args={'value': 22500, 'prev_value': 10500, 'change': 12000, 'player_num': 1, 'source': 'bonus'}
2024-11-30 20:56:03,254 : INFO : EventManager : Event: ======'bonus_entry'====== Args={'entry': 'total', 'text': 'Total Bonus', 'score': 12000}
2024-11-30 20:56:04,255 : INFO : EventManager : Event: ======'player_bonus_multiplier'====== Args={'value': 1, 'prev_value': 8, 'change': -7, 'player_num': 1}
2024-11-30 20:56:04,256 : INFO : EventManager : Event: ======'mode_bonus_will_stop'====== Args={}
2024-11-30 20:56:04,256 : INFO : EventManager : Event: ======'mode_bonus_stopping'====== Args={}
2024-11-30 20:56:04,259 : INFO : EventManager : Event: ======'player_base_bonus'====== Args={'value': 0, 'prev_value': 500, 'change': -500, 'player_num': 1, 'source': 'bonus'}
2024-11-30 20:56:04,260 : INFO : EventManager : Event: ======'player_bonus_upper_playfield'====== Args={'value': 0, 'prev_value': 3, 'change': -3, 'player_num': 1, 'source': 'bonus'}
2024-11-30 20:56:04,263 : INFO : Mode.bonus : Stopped.
2024-11-30 20:56:04,264 : INFO : EventManager : Event: ======'modes_active_modes_changed'====== Args={}
2024-11-30 20:56:04,264 : INFO : EventManager : Event: ======'mode_bonus_stopped'====== Args={}
2024-11-30 20:56:04,264 : INFO : EventManager : Event: ======'clear'====== Args={'key': 'bonus'}
2024-11-30 20:56:04,264 : INFO : EventManager : Event: ======'mode_base_will_stop'====== Args={}
2024-11-30 20:56:04,265 : INFO : EventManager : Event: ======'mode_base_stopping'====== Args={}
2024-11-30 20:56:04,265 : INFO : Mode.base : Stopped.
2024-11-30 20:56:04,265 : INFO : EventManager : Event: ======'modes_active_modes_changed'====== Args={}
2024-11-30 20:56:04,265 : INFO : EventManager : Event: ======'mode_base_stopped'====== Args={}
2024-11-30 20:56:04,265 : INFO : EventManager : Event: ======'clear'====== Args={'key': 'base'}
2024-11-30 20:56:04,267 : INFO : EventManager : Event: ======'ball_ended'====== Args={}
2024-11-30 20:56:04,269 : INFO : EventManager : Event: ======'player_turn_will_end'====== Args={'player': <Player 1>, 'number': 1}
2024-11-30 20:56:04,275 : INFO : EventManager : Event: ======'player_turn_ending'====== Args={'player': <Player 1>, 'number': 1}
2024-11-30 20:56:04,276 : INFO : EventManager : Event: ======'player_turn_ended'====== Args={'player': <Player 1>, 'number': 1}
2024-11-30 20:56:04,276 : INFO : EventManager : Event: ======'player_turn_will_start'====== Args={'player': <Player 1>, 'number': 1}
2024-11-30 20:56:04,276 : INFO : EventManager : Event: ======'player_turn_starting'====== Args={'player': <Player 1>, 'number': 1}
2024-11-30 20:56:04,276 : INFO : EventManager : Event: ======'player_ball'====== Args={'value': 2, 'prev_value': 1, 'change': 1, 'player_num': 1}
2024-11-30 20:56:04,277 : INFO : EventManager : Event: ======'player_turn_started'====== Args={'player': <Player 1>, 'number': 1}
2024-11-30 20:56:04,278 : INFO : EventManager : Event: ======'ball_will_start'====== Args={'player': 1, 'ball': 2, 'balls_remaining': 1, 'is_extra_ball': False}
2024-11-30 20:56:04,279 : INFO : EventManager : Event: ======'ball_starting'====== Args={'player': 1, 'ball': 2, 'balls_remaining': 1, 'is_extra_ball': False}
2024-11-30 20:56:04,279 : INFO : EventManager : Event: ======'mode_base_will_start'====== Args={'queue': <QueuedEvent>, 'player': 1, 'ball': 2, 'balls_remaining': 1, 'is_extra_ball': False}
2024-11-30 20:56:04,286 : INFO : EventManager : Event: ======'mode_base_starting'====== Args={'queue': <QueuedEvent>, 'player': 1, 'ball': 2, 'balls_remaining': 1, 'is_extra_ball': False}
2024-11-30 20:56:04,287 : INFO : drop_target_bank.upper : All targets are already up. Will not reset bank.
2024-11-30 20:56:04,287 : INFO : drop_target_bank.lower : All targets are already up. Will not reset bank.
2024-11-30 20:56:04,287 : INFO : EventManager : Event: ======'balls_in_play'====== Args={'balls': 1}
2024-11-30 20:56:04,287 : INFO : EventManager : Event: ======'ball_started'====== Args={'player': 1, 'ball': 2, 'balls_remaining': 1, 'is_extra_ball': False}
2024-11-30 20:56:04,287 : INFO : EventManager : Event: ======'logicblock_attic_drop_counter_updated'====== Args={'value': 0, 'enabled': True}
2024-11-30 20:56:04,288 : INFO : EventManager : Event: ======'logicblock_attic_hits_updated'====== Args={'value': 0, 'enabled': True}
2024-11-30 20:56:04,288 : INFO : EventManager : Event: ======'logicblock_cellar_hits_updated'====== Args={'value': 0, 'enabled': True}
2024-11-30 20:56:04,288 : INFO : EventManager : Event: ======'logicblock_attic_drop_counter_updated'====== Args={'value': 0, 'enabled': True}
2024-11-30 20:56:04,288 : INFO : EventManager : Event: ======'logicblock_attic_hits_updated'====== Args={'value': 0, 'enabled': True}
2024-11-30 20:56:04,288 : INFO : EventManager : Event: ======'logicblock_cellar_hits_updated'====== Args={'value': 0, 'enabled': True}
2024-11-30 20:56:04,288 : INFO : Mode.base : Started. Priority: 100
2024-11-30 20:56:04,288 : INFO : EventManager : Event: ======'modes_active_modes_changed'====== Args={}
2024-11-30 20:56:04,288 : INFO : EventManager : Event: ======'mode_base_started'====== Args={'queue': <QueuedEvent>, 'player': 1, 'ball': 2, 'balls_remaining': 1, 'is_extra_ball': False}
2024-11-30 20:56:04,290 : INFO : EventManager : Event: ======'base_bonus_1000'====== Args={'queue': <QueuedEvent>, 'player': 1, 'ball': 2, 'balls_remaining': 1, 'is_extra_ball': False}
2024-11-30 20:56:04,290 : INFO : EventManager : Event: ======'player_base_bonus'====== Args={'value': 1000, 'prev_value': 0, 'change': 1000, 'player_num': 1, 'source': 'base'}
2024-11-30 20:56:04,292 : INFO : EventManager : Event: ======'slide_bonus_inactive'====== Args={'is_removing': True, '_from_bcp': True}
2024-11-30 20:56:04,292 : INFO : EventManager : Event: ======'slide_base_active'====== Args={'_from_bcp': True}
2024-11-30 20:56:04,292 : INFO : EventManager : Event: ======'slide_bonus_removed'====== Args={'_from_bcp': True}
2024-11-30 20:56:04,292 : INFO : EventManager : Event: ======'single_player_ball_started'====== Args={}
2024-11-30 20:56:04,295 : INFO : EventManager : Event: ======'ball_start_target'====== Args={'target': 'playfield'}
2024-11-30 20:56:04,296 : INFO : ball_device.bd_drain : Setting up player-controlled eject. Balls: 1, Target: <playfield.playfield>, player_controlled_eject_event: None
2024-11-30 20:56:04,296 : INFO : ball_device.bd_drain : Adding 1 ball(s) to the eject_queue with target <playfield.playfield>.
2024-11-30 20:56:04,296 : INFO : EventManager : Event: ======'balldevice_balls_available'====== Args={}
2024-11-30 20:56:04,296 : INFO : ball_device.bd_drain : State: waiting_for_target_ready
2024-11-30 20:56:04,297 : INFO : EventManager : Event: ======'balldevice_bd_drain_ball_eject_attempt'====== Args={'balls': 1, 'target': <playfield.playfield>, 'source': <ball_device.bd_drain>, 'mechanical_eject': False, 'num_attempts': 0}
2024-11-30 20:56:04,297 : INFO : ball_device.bd_drain : State: ejecting
2024-11-30 20:56:04,297 : INFO : ball_device.bd_drain : Ejecting ball to <playfield.playfield>
2024-11-30 20:56:04,297 : INFO : EventManager : Event: ======'balldevice_bd_drain_ejecting_ball'====== Args={'balls': 1, 'target': <playfield.playfield>, 'source': <ball_device.bd_drain>, 'mechanical_eject': False, 'num_attempts': 0}
2024-11-30 20:56:04,297 : INFO : EventManager : Event: ======'slide_base_created'====== Args={'_from_bcp': True}
2024-11-30 20:56:04,297 : INFO : EventManager : Event: ======'slide_base_inactive'====== Args={'is_removing': True, '_from_bcp': True}
2024-11-30 20:56:04,298 : INFO : EventManager : Event: ======'slide_base_active'====== Args={'original_context': 'base', 'original_calling_context': 'mode_base_started', 'priority': 100.0, 'queue': '<QueuedEvent>', 'player': 1.0, 'ball': 2.0, 'balls_remaining': 1.0, 'is_extra_ball': False, 'cmd': 'slides_play', '_from_bcp': True}
2024-11-30 20:56:04,298 : INFO : EventManager : Event: ======'slide_base_removed'====== Args={'_from_bcp': True}
2024-11-30 20:56:04,298 : INFO : ball_device.bd_drain : Wait for ball to leave device
2024-11-30 20:56:04,298 : INFO : coil.c_main_outhole : Pulsing Driver for 60ms (1.0 pulse_power)
2024-11-30 20:56:11,253 : INFO : Machine : Shutting down...
2024-11-30 20:56:11,253 : INFO : EventManager : Event: ======'shutdown'====== Args={}
2024-11-30 20:56:11,255 : INFO : EventManager : Event: ======'mode_game_will_stop'====== Args={}
2024-11-30 20:56:11,255 : INFO : EventManager : Event: ======'mode_game_stopping'====== Args={}
2024-11-30 20:56:11,255 : INFO : EventManager : Event: ======'mode_base_will_stop'====== Args={}
2024-11-30 20:56:11,255 : INFO : EventManager : Event: ======'mode_base_stopping'====== Args={}
2024-11-30 20:56:11,256 : INFO : Mode.base : Stopped.
2024-11-30 20:56:11,256 : INFO : EventManager : Event: ======'modes_active_modes_changed'====== Args={}
2024-11-30 20:56:11,256 : INFO : EventManager : Event: ======'mode_base_stopped'====== Args={}
2024-11-30 20:56:11,256 : INFO : EventManager : Event: ======'clear'====== Args={'key': 'base'}
2024-11-30 20:56:11,257 : INFO : Mode.game : Stopped.
2024-11-30 20:56:11,258 : INFO : EventManager : Event: ======'modes_active_modes_changed'====== Args={}
2024-11-30 20:56:11,258 : INFO : EventManager : Event: ======'mode_game_stopped'====== Args={}
2024-11-30 20:56:11,258 : INFO : EventManager : Event: ======'clear'====== Args={'key': 'game'}
2024-11-30 20:56:11,260 : INFO : root : MPF run loop ended.
