2024-11-17 10:20:36,063 : INFO : root : Loading config.
2024-11-17 10:20:36,090 : INFO : ConfigProcessor : Config spec file cache created: /tmp/config_spec.mpf_cache
2024-11-17 10:20:36,090 : INFO : YamlMultifileConfigLoader : Machine config file #1: config.yaml
2024-11-17 10:20:36,091 : INFO : ConfigProcessor : Loading config from file /home/caw/miniconda3/envs/envp311/lib/python3.11/site-packages/mpf/mpfconfig.yaml.
2024-11-17 10:20:36,097 : INFO : ConfigProcessor : Loading config: /home/caw/miniconda3/envs/envp311/lib/python3.11/site-packages/mpf/mpfconfig.yaml
2024-11-17 10:20:36,097 : INFO : ConfigProcessor : Loading config from file /home/caw/pinball/hauntedhouse/config/config.yaml.
2024-11-17 10:20:36,102 : INFO : ConfigProcessor : Loading config: /home/caw/pinball/hauntedhouse/config/config.yaml
2024-11-17 10:20:36,103 : INFO : ConfigProcessor : Config file cache created: /tmp/248da7825a7099821037453685569d45.mpf_cache
2024-11-17 10:20:36,158 : INFO : ConfigProcessor : Loading config from file /home/caw/miniconda3/envs/envp311/lib/python3.11/site-packages/mpf/modes/attract/config/attract.yaml.
2024-11-17 10:20:36,159 : INFO : ConfigProcessor : Loading config: /home/caw/miniconda3/envs/envp311/lib/python3.11/site-packages/mpf/modes/attract/config/attract.yaml
2024-11-17 10:20:36,159 : INFO : ConfigProcessor : Loading config from file /home/caw/pinball/hauntedhouse/modes/attract/config/attract.yaml.
2024-11-17 10:20:36,159 : INFO : ConfigProcessor : Loading config: /home/caw/pinball/hauntedhouse/modes/attract/config/attract.yaml
2024-11-17 10:20:36,159 : INFO : ConfigProcessor : Config file cache created: /tmp/95514865456cf95aac1ab02b2b9c91d4.mpf_cache
2024-11-17 10:20:36,160 : INFO : ConfigProcessor : Loading config from file /home/caw/miniconda3/envs/envp311/lib/python3.11/site-packages/mpf/modes/game/config/game.yaml.
2024-11-17 10:20:36,160 : INFO : ConfigProcessor : Loading config: /home/caw/miniconda3/envs/envp311/lib/python3.11/site-packages/mpf/modes/game/config/game.yaml
2024-11-17 10:20:36,161 : INFO : ConfigProcessor : Config file cache created: /tmp/03ef85df1864fb5ef5b7e38cbf9eb8a8.mpf_cache
2024-11-17 10:20:36,161 : INFO : ConfigProcessor : Loading config from file /home/caw/pinball/hauntedhouse/modes/base/config/base.yaml.
2024-11-17 10:20:36,163 : INFO : ConfigProcessor : Loading config: /home/caw/pinball/hauntedhouse/modes/base/config/base.yaml
2024-11-17 10:20:36,163 : INFO : ConfigProcessor : Config file cache created: /tmp/6dcc9600f5dbf9a99f5346cc5ca34ea9.mpf_cache
2024-11-17 10:20:36,163 : INFO : ConfigProcessor : Loading config from cache: /tmp/95514865456cf95aac1ab02b2b9c91d4.mpf_cache
2024-11-17 10:20:36,164 : INFO : ConfigProcessor : Loading config from file /home/caw/pinball/hauntedhouse/modes/attract/shows/./attract_light_show.yaml.
2024-11-17 10:20:36,164 : INFO : ConfigProcessor : Loading config: /home/caw/pinball/hauntedhouse/modes/attract/shows/./attract_light_show.yaml
2024-11-17 10:20:36,164 : INFO : ConfigProcessor : Config file cache created: /tmp/2e5ac6493c6686883ff244e5da957f67.mpf_cache
2024-11-17 10:20:36,164 : INFO : Machine : Mission Pinball Framework Core Engine v0.80.0.dev5
2024-11-17 10:20:36,164 : INFO : Machine : Command line arguments: {'no_load_cache': False, 'create_config_cache': True, 'bcp': True, 'configfile': ['config.yaml'], 'force_assets_load': False, 'platform_integration_test': False, 'jsonlogging': False, 'logfile': 'logs/2024-11-17-10-20-36-mpf-caw-System-Product-Name.log', 'pause': False, 'production': False, 'text_ui': True, 'loglevel': 15, 'consoleloglevel': 20, 'force_platform': None, 'syslog_address': None, 'full_logfile_path': '/home/caw/pinball/hauntedhouse/logs/2024-11-17-10-20-36-mpf-caw-System-Product-Name.log'}
2024-11-17 10:20:36,164 : INFO : Machine : MPF path: /home/caw/miniconda3/envs/envp311/lib/python3.11/site-packages/mpf
2024-11-17 10:20:36,164 : INFO : Machine : Machine path: /home/caw/pinball/hauntedhouse
2024-11-17 10:20:36,164 : INFO : Machine : Platform: linux
2024-11-17 10:20:36,164 : INFO : Machine : Python executable location: /home/caw/miniconda3/envs/envp311/bin/python
2024-11-17 10:20:36,165 : INFO : Machine : Python version: 3.11.10 (64-bit)
2024-11-17 10:20:36,165 : INFO : Machine : Initializing MPF...
2024-11-17 10:20:36,248 : INFO : P-Roc : Connecting to P-ROC
2024-11-17 10:20:36,529 : INFO : P-Roc : Successfully connected to P-ROC/P3-ROC. Firmware Version: 2. Firmware Revision: 6. Hardware Board ID: 1
2024-11-17 10:20:36,529 : WARNING : P-Roc : Consider upgrading the firmware of your P/P3-Roc to at least 2.14. Your version contains known bugs. See: https://missionpinball.org/logs
2024-11-17 10:20:36,536 : INFO : EventManager : Event: ======'machine_var_p_roc_version'====== Args={'value': 2, 'prev_value': None, 'change': True}
2024-11-17 10:20:36,536 : INFO : EventManager : Event: ======'machine_var_p_roc_revision'====== Args={'value': 6, 'prev_value': None, 'change': True}
2024-11-17 10:20:36,536 : INFO : EventManager : Event: ======'machine_var_p_roc_hardware_version'====== Args={'value': 1, 'prev_value': None, 'change': True}
2024-11-17 10:20:36,536 : INFO : EventManager : Event: ======'machine_var_credits_string'====== Args={'value': 'FREE PLAY', 'prev_value': None, 'change': True}
2024-11-17 10:20:36,550 : INFO : EventManager : Event: ======'machine_var_master_volume'====== Args={'value': 0.5, 'prev_value': None, 'change': True}
2024-11-17 10:20:36,550 : INFO : EventManager : Event: ======'machine_var_player1_score'====== Args={'value': 3090, 'prev_value': None, 'change': True}
2024-11-17 10:20:36,550 : INFO : EventManager : Event: ======'machine_var_mpf_version'====== Args={'value': 'Mission Pinball Framework v0.80.0.dev5', 'prev_value': None, 'change': True}
2024-11-17 10:20:36,550 : INFO : EventManager : Event: ======'machine_var_mpf_extended_version'====== Args={'value': 'Mission Pinball Framework v0.80.0.dev5, Config version:6, Show version: 6, BCP version:1.1', 'prev_value': None, 'change': True}
2024-11-17 10:20:36,550 : INFO : EventManager : Event: ======'machine_var_python_version'====== Args={'value': '3.11.10', 'prev_value': None, 'change': True}
2024-11-17 10:20:36,552 : INFO : EventManager : Event: ======'machine_var_platform'====== Args={'value': 'Linux-6.8.0-48-generic-x86_64-with-glibc2.39', 'prev_value': None, 'change': True}
2024-11-17 10:20:36,552 : INFO : EventManager : Event: ======'machine_var_platform_system'====== Args={'value': 'Linux', 'prev_value': None, 'change': True}
2024-11-17 10:20:36,552 : INFO : EventManager : Event: ======'machine_var_platform_release'====== Args={'value': '6.8.0-48-generic', 'prev_value': None, 'change': True}
2024-11-17 10:20:36,552 : INFO : EventManager : Event: ======'machine_var_platform_version'====== Args={'value': '#48-Ubuntu SMP PREEMPT_DYNAMIC Fri Sep 27 14:04:52 UTC 2024', 'prev_value': None, 'change': True}
2024-11-17 10:20:36,552 : INFO : EventManager : Event: ======'machine_var_platform_machine'====== Args={'value': 'x86_64', 'prev_value': None, 'change': True}
2024-11-17 10:20:36,552 : INFO : EventManager : Event: ======'machine_var_log_file_path'====== Args={'value': '/home/caw/pinball/hauntedhouse/logs/2024-11-17-10-20-36-mpf-caw-System-Product-Name.log', 'prev_value': None, 'change': True}
2024-11-17 10:20:36,552 : INFO : EventManager : Event: ======'init_phase_1'====== Args={}
2024-11-17 10:20:36,577 : INFO : EventManager : Event: ======'drop_target_bank_upper_up'====== Args={}
2024-11-17 10:20:36,577 : INFO : EventManager : Event: ======'drop_target_bank_lower_up'====== Args={}
2024-11-17 10:20:36,577 : INFO : EventManager : Event: ======'init_phase_2'====== Args={}
2024-11-17 10:20:36,592 : INFO : SwitchController : Found active switch: (33, <Platform.P3-ROC>) <switch.s_main_rollunder>
2024-11-17 10:20:36,597 : INFO : EventManager : Event: ======'bcp_connection_attempt'====== Args={'name': 'local_display', 'host': 'localhost', 'port': 5050}
2024-11-17 10:20:36,598 : INFO : BCPClientSocket : Connecting BCP to 'local_display' at localhost:5050...
2024-11-17 10:20:40,740 : INFO : BCPClientSocket : Connected BCP to 'local_display' localhost:5050
2024-11-17 10:20:40,741 : INFO : EventManager : Event: ======'bcp_clients_connected'====== Args={}
2024-11-17 10:20:40,742 : INFO : ball_device.bd_drain : BCH: Initial count: 0
2024-11-17 10:20:40,742 : INFO : ball_device.bd_drain : State: idle
2024-11-17 10:20:40,742 : INFO : ball_device.bd_lower_vuk : BCH: Initial count: 0
2024-11-17 10:20:40,742 : INFO : ball_device.bd_lower_vuk : State: idle
2024-11-17 10:20:40,742 : INFO : ball_device.bd_lower_kickout_special : BCH: Initial count: 0
2024-11-17 10:20:40,743 : INFO : ball_device.bd_lower_kickout_special : State: idle
2024-11-17 10:20:40,743 : INFO : ball_device.bd_main_vuk : BCH: Initial count: 0
2024-11-17 10:20:40,743 : INFO : ball_device.bd_main_vuk : State: idle
2024-11-17 10:20:40,743 : INFO : ball_device.bd_main_kickout_right : BCH: Initial count: 0
2024-11-17 10:20:40,743 : INFO : ball_device.bd_main_kickout_right : State: idle
2024-11-17 10:20:40,743 : INFO : ball_device.bd_main_kickout_lane : BCH: Initial count: 0
2024-11-17 10:20:40,743 : INFO : ball_device.bd_main_kickout_lane : State: idle
2024-11-17 10:20:40,756 : INFO : EventManager : Event: ======'init_phase_3'====== Args={}
2024-11-17 10:20:40,759 : INFO : EventManager : Event: ======'init_phase_4'====== Args={}
2024-11-17 10:20:40,759 : INFO : BallController : Initial balls found: 0
2024-11-17 10:20:40,760 : INFO : EventManager : Event: ======'machine_var_audits_events_game_ended'====== Args={'value': 63, 'prev_value': None, 'change': True}
2024-11-17 10:20:40,760 : INFO : EventManager : Event: ======'machine_var_audits_events_game_started'====== Args={'value': 125, 'prev_value': None, 'change': True}
2024-11-17 10:20:40,760 : INFO : EventManager : Event: ======'machine_var_audits_missing_switches_s_left_flipper1'====== Args={'value': 15, 'prev_value': None, 'change': True}
2024-11-17 10:20:40,760 : INFO : EventManager : Event: ======'machine_var_audits_missing_switches_s_left_flipper2'====== Args={'value': 15, 'prev_value': None, 'change': True}
2024-11-17 10:20:40,760 : INFO : EventManager : Event: ======'machine_var_audits_missing_switches_s_lower_10pt_drops'====== Args={'value': 15, 'prev_value': None, 'change': True}
2024-11-17 10:20:40,760 : INFO : EventManager : Event: ======'machine_var_audits_missing_switches_s_lower_10pt_lower'====== Args={'value': 15, 'prev_value': None, 'change': True}
2024-11-17 10:20:40,760 : INFO : EventManager : Event: ======'machine_var_audits_missing_switches_s_lower_10pt_upper'====== Args={'value': 15, 'prev_value': None, 'change': True}
2024-11-17 10:20:40,760 : INFO : EventManager : Event: ======'machine_var_audits_missing_switches_s_lower_1_drop'====== Args={'value': 10, 'prev_value': None, 'change': True}
2024-11-17 10:20:40,760 : INFO : EventManager : Event: ======'machine_var_audits_missing_switches_s_lower_2_drop'====== Args={'value': 10, 'prev_value': None, 'change': True}
2024-11-17 10:20:40,760 : INFO : EventManager : Event: ======'machine_var_audits_missing_switches_s_lower_3_drop'====== Args={'value': 11, 'prev_value': None, 'change': True}
2024-11-17 10:20:40,760 : INFO : EventManager : Event: ======'machine_var_audits_missing_switches_s_lower_4_drop'====== Args={'value': 11, 'prev_value': None, 'change': True}
2024-11-17 10:20:40,760 : INFO : EventManager : Event: ======'machine_var_audits_missing_switches_s_lower_5_drop'====== Args={'value': 11, 'prev_value': None, 'change': True}
2024-11-17 10:20:40,760 : INFO : EventManager : Event: ======'machine_var_audits_missing_switches_s_lower_bonus_left'====== Args={'value': 15, 'prev_value': None, 'change': True}
2024-11-17 10:20:40,760 : INFO : EventManager : Event: ======'machine_var_audits_missing_switches_s_lower_bonus_right'====== Args={'value': 15, 'prev_value': None, 'change': True}
2024-11-17 10:20:40,760 : INFO : EventManager : Event: ======'machine_var_audits_missing_switches_s_lower_kick_target'====== Args={'value': 15, 'prev_value': None, 'change': True}
2024-11-17 10:20:40,760 : INFO : EventManager : Event: ======'machine_var_audits_missing_switches_s_lower_kickout_special'====== Args={'value': 7, 'prev_value': None, 'change': True}
2024-11-17 10:20:40,761 : INFO : EventManager : Event: ======'machine_var_audits_missing_switches_s_lower_pop'====== Args={'value': 15, 'prev_value': None, 'change': True}
2024-11-17 10:20:40,761 : INFO : EventManager : Event: ======'machine_var_audits_missing_switches_s_lower_rollover'====== Args={'value': 15, 'prev_value': None, 'change': True}
2024-11-17 10:20:40,761 : INFO : EventManager : Event: ======'machine_var_audits_missing_switches_s_lower_slingshot'====== Args={'value': 15, 'prev_value': None, 'change': True}
2024-11-17 10:20:40,761 : INFO : EventManager : Event: ======'machine_var_audits_missing_switches_s_lower_vuk'====== Args={'value': 15, 'prev_value': None, 'change': True}
2024-11-17 10:20:40,761 : INFO : EventManager : Event: ======'machine_var_audits_missing_switches_s_main_1_target'====== Args={'value': 7, 'prev_value': None, 'change': True}
2024-11-17 10:20:40,761 : INFO : EventManager : Event: ======'machine_var_audits_missing_switches_s_main_2_target'====== Args={'value': 7, 'prev_value': None, 'change': True}
2024-11-17 10:20:40,761 : INFO : EventManager : Event: ======'machine_var_audits_missing_switches_s_main_2_trough'====== Args={'value': 15, 'prev_value': None, 'change': True}
2024-11-17 10:20:40,761 : INFO : EventManager : Event: ======'machine_var_audits_missing_switches_s_main_3_target'====== Args={'value': 11, 'prev_value': None, 'change': True}
2024-11-17 10:20:40,761 : INFO : EventManager : Event: ======'machine_var_audits_missing_switches_s_main_5_target'====== Args={'value': 7, 'prev_value': None, 'change': True}
2024-11-17 10:20:40,761 : INFO : EventManager : Event: ======'machine_var_audits_missing_switches_s_main_inlane_left'====== Args={'value': 9, 'prev_value': None, 'change': True}
2024-11-17 10:20:40,761 : INFO : EventManager : Event: ======'machine_var_audits_missing_switches_s_main_inlane_right'====== Args={'value': 15, 'prev_value': None, 'change': True}
2024-11-17 10:20:40,761 : INFO : EventManager : Event: ======'machine_var_audits_missing_switches_s_main_kickout_right'====== Args={'value': 15, 'prev_value': None, 'change': True}
2024-11-17 10:20:40,761 : INFO : EventManager : Event: ======'machine_var_audits_missing_switches_s_main_lane_center'====== Args={'value': 1, 'prev_value': None, 'change': True}
2024-11-17 10:20:40,761 : INFO : EventManager : Event: ======'machine_var_audits_missing_switches_s_main_outlane_left'====== Args={'value': 15, 'prev_value': None, 'change': True}
2024-11-17 10:20:40,761 : INFO : EventManager : Event: ======'machine_var_audits_missing_switches_s_main_outlane_right'====== Args={'value': 15, 'prev_value': None, 'change': True}
2024-11-17 10:20:40,761 : INFO : EventManager : Event: ======'machine_var_audits_missing_switches_s_main_pop_top'====== Args={'value': 1, 'prev_value': None, 'change': True}
2024-11-17 10:20:40,761 : INFO : EventManager : Event: ======'machine_var_audits_missing_switches_s_main_rollunder'====== Args={'value': 15, 'prev_value': None, 'change': True}
2024-11-17 10:20:40,762 : INFO : EventManager : Event: ======'machine_var_audits_missing_switches_s_main_secret_trough'====== Args={'value': 15, 'prev_value': None, 'change': True}
2024-11-17 10:20:40,762 : INFO : EventManager : Event: ======'machine_var_audits_missing_switches_s_main_slingshot'====== Args={'value': 15, 'prev_value': None, 'change': True}
2024-11-17 10:20:40,762 : INFO : EventManager : Event: ======'machine_var_audits_missing_switches_s_main_target_right'====== Args={'value': 15, 'prev_value': None, 'change': True}
2024-11-17 10:20:40,762 : INFO : EventManager : Event: ======'machine_var_audits_missing_switches_s_main_trapdoor_trough'====== Args={'value': 15, 'prev_value': None, 'change': True}
2024-11-17 10:20:40,762 : INFO : EventManager : Event: ======'machine_var_audits_missing_switches_s_main_vuk'====== Args={'value': 15, 'prev_value': None, 'change': True}
2024-11-17 10:20:40,762 : INFO : EventManager : Event: ======'machine_var_audits_missing_switches_s_right_flipper1'====== Args={'value': 15, 'prev_value': None, 'change': True}
2024-11-17 10:20:40,762 : INFO : EventManager : Event: ======'machine_var_audits_missing_switches_s_right_flipper2'====== Args={'value': 15, 'prev_value': None, 'change': True}
2024-11-17 10:20:40,762 : INFO : EventManager : Event: ======'machine_var_audits_missing_switches_s_start'====== Args={'value': 1, 'prev_value': None, 'change': True}
2024-11-17 10:20:40,762 : INFO : EventManager : Event: ======'machine_var_audits_missing_switches_s_upper_10pt_center'====== Args={'value': 15, 'prev_value': None, 'change': True}
2024-11-17 10:20:40,762 : INFO : EventManager : Event: ======'machine_var_audits_missing_switches_s_upper_10pt_left'====== Args={'value': 15, 'prev_value': None, 'change': True}
2024-11-17 10:20:40,762 : INFO : EventManager : Event: ======'machine_var_audits_missing_switches_s_upper_1_drop'====== Args={'value': 15, 'prev_value': None, 'change': True}
2024-11-17 10:20:40,762 : INFO : EventManager : Event: ======'machine_var_audits_missing_switches_s_upper_1_target'====== Args={'value': 11, 'prev_value': None, 'change': True}
2024-11-17 10:20:40,762 : INFO : EventManager : Event: ======'machine_var_audits_missing_switches_s_upper_2_drop'====== Args={'value': 15, 'prev_value': None, 'change': True}
2024-11-17 10:20:40,763 : INFO : EventManager : Event: ======'machine_var_audits_missing_switches_s_upper_2_target'====== Args={'value': 11, 'prev_value': None, 'change': True}
2024-11-17 10:20:40,763 : INFO : EventManager : Event: ======'machine_var_audits_missing_switches_s_upper_3_drop'====== Args={'value': 15, 'prev_value': None, 'change': True}
2024-11-17 10:20:40,763 : INFO : EventManager : Event: ======'machine_var_audits_missing_switches_s_upper_3_target'====== Args={'value': 11, 'prev_value': None, 'change': True}
2024-11-17 10:20:40,763 : INFO : EventManager : Event: ======'machine_var_audits_missing_switches_s_upper_4_drop'====== Args={'value': 15, 'prev_value': None, 'change': True}
2024-11-17 10:20:40,763 : INFO : EventManager : Event: ======'machine_var_audits_missing_switches_s_upper_4_target'====== Args={'value': 11, 'prev_value': None, 'change': True}
2024-11-17 10:20:40,763 : INFO : EventManager : Event: ======'machine_var_audits_missing_switches_s_upper_pop'====== Args={'value': 15, 'prev_value': None, 'change': True}
2024-11-17 10:20:40,763 : INFO : EventManager : Event: ======'machine_var_audits_player_score'====== Args={'value': {'average': 29374, 'top': [211150, 162330, 120480, 114590, 92630, 78890, 76090, 75800, 75650, 71920], 'total': 66}, 'prev_value': None, 'change': True}
2024-11-17 10:20:40,763 : INFO : EventManager : Event: ======'machine_var_audits_shots_10pt'====== Args={'value': 223, 'prev_value': None, 'change': True}
2024-11-17 10:20:40,763 : INFO : EventManager : Event: ======'machine_var_audits_shots_left_inlane'====== Args={'value': 22, 'prev_value': None, 'change': True}
2024-11-17 10:20:40,763 : INFO : EventManager : Event: ======'machine_var_audits_shots_left_outlane'====== Args={'value': 11, 'prev_value': None, 'change': True}
2024-11-17 10:20:40,763 : INFO : EventManager : Event: ======'machine_var_audits_shots_lower_10pt_drops'====== Args={'value': 34, 'prev_value': None, 'change': True}
2024-11-17 10:20:40,763 : INFO : EventManager : Event: ======'machine_var_audits_shots_lower_10pt_lower'====== Args={'value': 11, 'prev_value': None, 'change': True}
2024-11-17 10:20:40,763 : INFO : EventManager : Event: ======'machine_var_audits_shots_lower_10pt_upper'====== Args={'value': 12, 'prev_value': None, 'change': True}
2024-11-17 10:20:40,764 : INFO : EventManager : Event: ======'machine_var_audits_shots_lower_1_drop'====== Args={'value': 43, 'prev_value': None, 'change': True}
2024-11-17 10:20:40,764 : INFO : EventManager : Event: ======'machine_var_audits_shots_lower_2_drop'====== Args={'value': 10, 'prev_value': None, 'change': True}
2024-11-17 10:20:40,764 : INFO : EventManager : Event: ======'machine_var_audits_shots_lower_3_drop'====== Args={'value': 11, 'prev_value': None, 'change': True}
2024-11-17 10:20:40,764 : INFO : EventManager : Event: ======'machine_var_audits_shots_lower_4_drop'====== Args={'value': 16, 'prev_value': None, 'change': True}
2024-11-17 10:20:40,764 : INFO : EventManager : Event: ======'machine_var_audits_shots_lower_5_drop'====== Args={'value': 15, 'prev_value': None, 'change': True}
2024-11-17 10:20:40,764 : INFO : EventManager : Event: ======'machine_var_audits_shots_lower_hole'====== Args={'value': 21, 'prev_value': None, 'change': True}
2024-11-17 10:20:40,764 : INFO : EventManager : Event: ======'machine_var_audits_shots_lower_kick_target'====== Args={'value': 2, 'prev_value': None, 'change': True}
2024-11-17 10:20:40,764 : INFO : EventManager : Event: ======'machine_var_audits_shots_lower_left'====== Args={'value': 7, 'prev_value': None, 'change': True}
2024-11-17 10:20:40,764 : INFO : EventManager : Event: ======'machine_var_audits_shots_lower_left_pop'====== Args={'value': 180, 'prev_value': None, 'change': True}
2024-11-17 10:20:40,764 : INFO : EventManager : Event: ======'machine_var_audits_shots_lower_pop'====== Args={'value': 27, 'prev_value': None, 'change': True}
2024-11-17 10:20:40,764 : INFO : EventManager : Event: ======'machine_var_audits_shots_lower_right'====== Args={'value': 4, 'prev_value': None, 'change': True}
2024-11-17 10:20:40,764 : INFO : EventManager : Event: ======'machine_var_audits_shots_lower_rollover'====== Args={'value': 27, 'prev_value': None, 'change': True}
2024-11-17 10:20:40,764 : INFO : EventManager : Event: ======'machine_var_audits_shots_lower_slingshot'====== Args={'value': 17, 'prev_value': None, 'change': True}
2024-11-17 10:20:40,765 : INFO : EventManager : Event: ======'machine_var_audits_shots_main_1'====== Args={'value': 26, 'prev_value': None, 'change': True}
2024-11-17 10:20:40,765 : INFO : EventManager : Event: ======'machine_var_audits_shots_main_2'====== Args={'value': 28, 'prev_value': None, 'change': True}
2024-11-17 10:20:40,765 : INFO : EventManager : Event: ======'machine_var_audits_shots_main_3'====== Args={'value': 25, 'prev_value': None, 'change': True}
2024-11-17 10:20:40,765 : INFO : EventManager : Event: ======'machine_var_audits_shots_main_4'====== Args={'value': 29, 'prev_value': None, 'change': True}
2024-11-17 10:20:40,765 : INFO : EventManager : Event: ======'machine_var_audits_shots_main_5'====== Args={'value': 21, 'prev_value': None, 'change': True}
2024-11-17 10:20:40,765 : INFO : EventManager : Event: ======'machine_var_audits_shots_main_slingshot'====== Args={'value': 33, 'prev_value': None, 'change': True}
2024-11-17 10:20:40,765 : INFO : EventManager : Event: ======'machine_var_audits_shots_main_trough_1'====== Args={'value': 14, 'prev_value': None, 'change': True}
2024-11-17 10:20:40,765 : INFO : EventManager : Event: ======'machine_var_audits_shots_right_inlane'====== Args={'value': 68, 'prev_value': None, 'change': True}
2024-11-17 10:20:40,765 : INFO : EventManager : Event: ======'machine_var_audits_shots_right_kickout'====== Args={'value': 32, 'prev_value': None, 'change': True}
2024-11-17 10:20:40,766 : INFO : EventManager : Event: ======'machine_var_audits_shots_right_outlane'====== Args={'value': 43, 'prev_value': None, 'change': True}
2024-11-17 10:20:40,766 : INFO : EventManager : Event: ======'machine_var_audits_shots_rollunder'====== Args={'value': 87, 'prev_value': None, 'change': True}
2024-11-17 10:20:40,766 : INFO : EventManager : Event: ======'machine_var_audits_shots_standup_right'====== Args={'value': 88, 'prev_value': None, 'change': True}
2024-11-17 10:20:40,766 : INFO : EventManager : Event: ======'machine_var_audits_shots_upper_1'====== Args={'value': 31, 'prev_value': None, 'change': True}
2024-11-17 10:20:40,766 : INFO : EventManager : Event: ======'machine_var_audits_shots_upper_1_drop'====== Args={'value': 49, 'prev_value': None, 'change': True}
2024-11-17 10:20:40,766 : INFO : EventManager : Event: ======'machine_var_audits_shots_upper_2'====== Args={'value': 58, 'prev_value': None, 'change': True}
2024-11-17 10:20:40,766 : INFO : EventManager : Event: ======'machine_var_audits_shots_upper_2_drop'====== Args={'value': 35, 'prev_value': None, 'change': True}
2024-11-17 10:20:40,766 : INFO : EventManager : Event: ======'machine_var_audits_shots_upper_3'====== Args={'value': 24, 'prev_value': None, 'change': True}
2024-11-17 10:20:40,766 : INFO : EventManager : Event: ======'machine_var_audits_shots_upper_3_drop'====== Args={'value': 53, 'prev_value': None, 'change': True}
2024-11-17 10:20:40,766 : INFO : EventManager : Event: ======'machine_var_audits_shots_upper_4'====== Args={'value': 20, 'prev_value': None, 'change': True}
2024-11-17 10:20:40,766 : INFO : EventManager : Event: ======'machine_var_audits_shots_upper_4_drop'====== Args={'value': 66, 'prev_value': None, 'change': True}
2024-11-17 10:20:40,767 : INFO : EventManager : Event: ======'machine_var_audits_shots_upper_left_pop'====== Args={'value': 60, 'prev_value': None, 'change': True}
2024-11-17 10:20:40,767 : INFO : EventManager : Event: ======'machine_var_audits_shots_upper_pop'====== Args={'value': 524, 'prev_value': None, 'change': True}
2024-11-17 10:20:40,767 : INFO : EventManager : Event: ======'machine_var_audits_switches_s_left_flipper1'====== Args={'value': 328, 'prev_value': None, 'change': True}
2024-11-17 10:20:40,767 : INFO : EventManager : Event: ======'machine_var_audits_switches_s_left_flipper2'====== Args={'value': 389, 'prev_value': None, 'change': True}
2024-11-17 10:20:40,767 : INFO : EventManager : Event: ======'machine_var_audits_switches_s_lower_10pt_UPPER'====== Args={'value': 0, 'prev_value': None, 'change': True}
2024-11-17 10:20:40,767 : INFO : EventManager : Event: ======'machine_var_audits_switches_s_lower_10pt_drops'====== Args={'value': 34, 'prev_value': None, 'change': True}
2024-11-17 10:20:40,767 : INFO : EventManager : Event: ======'machine_var_audits_switches_s_lower_10pt_lower'====== Args={'value': 11, 'prev_value': None, 'change': True}
2024-11-17 10:20:40,767 : INFO : EventManager : Event: ======'machine_var_audits_switches_s_lower_10pt_upper'====== Args={'value': 12, 'prev_value': None, 'change': True}
2024-11-17 10:20:40,767 : INFO : EventManager : Event: ======'machine_var_audits_switches_s_lower_1_drop'====== Args={'value': 398, 'prev_value': None, 'change': True}
2024-11-17 10:20:40,767 : INFO : EventManager : Event: ======'machine_var_audits_switches_s_lower_2_drop'====== Args={'value': 10, 'prev_value': None, 'change': True}
2024-11-17 10:20:40,768 : INFO : EventManager : Event: ======'machine_var_audits_switches_s_lower_3_drop'====== Args={'value': 11, 'prev_value': None, 'change': True}
2024-11-17 10:20:40,768 : INFO : EventManager : Event: ======'machine_var_audits_switches_s_lower_4_drop'====== Args={'value': 16, 'prev_value': None, 'change': True}
2024-11-17 10:20:40,768 : INFO : EventManager : Event: ======'machine_var_audits_switches_s_lower_5_drop'====== Args={'value': 15, 'prev_value': None, 'change': True}
2024-11-17 10:20:40,768 : INFO : EventManager : Event: ======'machine_var_audits_switches_s_lower_bonus_left'====== Args={'value': 7, 'prev_value': None, 'change': True}
2024-11-17 10:20:40,768 : INFO : EventManager : Event: ======'machine_var_audits_switches_s_lower_bonus_right'====== Args={'value': 4, 'prev_value': None, 'change': True}
2024-11-17 10:20:40,768 : INFO : EventManager : Event: ======'machine_var_audits_switches_s_lower_kick_target'====== Args={'value': 2, 'prev_value': None, 'change': True}
2024-11-17 10:20:40,768 : INFO : EventManager : Event: ======'machine_var_audits_switches_s_lower_kickout_special'====== Args={'value': 21, 'prev_value': None, 'change': True}
2024-11-17 10:20:40,768 : INFO : EventManager : Event: ======'machine_var_audits_switches_s_lower_pop'====== Args={'value': 27, 'prev_value': None, 'change': True}
2024-11-17 10:20:40,768 : INFO : EventManager : Event: ======'machine_var_audits_switches_s_lower_rollover'====== Args={'value': 55, 'prev_value': None, 'change': True}
2024-11-17 10:20:40,769 : INFO : EventManager : Event: ======'machine_var_audits_switches_s_lower_slingshot'====== Args={'value': 17, 'prev_value': None, 'change': True}
2024-11-17 10:20:40,769 : INFO : EventManager : Event: ======'machine_var_audits_switches_s_lower_vuk'====== Args={'value': 220, 'prev_value': None, 'change': True}
2024-11-17 10:20:40,769 : INFO : EventManager : Event: ======'machine_var_audits_switches_s_main_10pt_left'====== Args={'value': 28, 'prev_value': None, 'change': True}
2024-11-17 10:20:40,769 : INFO : EventManager : Event: ======'machine_var_audits_switches_s_main_1_target'====== Args={'value': 53, 'prev_value': None, 'change': True}
2024-11-17 10:20:40,769 : INFO : EventManager : Event: ======'machine_var_audits_switches_s_main_1_trough'====== Args={'value': 47, 'prev_value': None, 'change': True}
2024-11-17 10:20:40,769 : INFO : EventManager : Event: ======'machine_var_audits_switches_s_main_2_target'====== Args={'value': 51, 'prev_value': None, 'change': True}
2024-11-17 10:20:40,769 : INFO : EventManager : Event: ======'machine_var_audits_switches_s_main_2_trough'====== Args={'value': 59, 'prev_value': None, 'change': True}
2024-11-17 10:20:40,769 : INFO : EventManager : Event: ======'machine_var_audits_switches_s_main_3_target'====== Args={'value': 25, 'prev_value': None, 'change': True}
2024-11-17 10:20:40,769 : INFO : EventManager : Event: ======'machine_var_audits_switches_s_main_4_target'====== Args={'value': 45, 'prev_value': None, 'change': True}
2024-11-17 10:20:40,770 : INFO : EventManager : Event: ======'machine_var_audits_switches_s_main_5_target'====== Args={'value': 55, 'prev_value': None, 'change': True}
2024-11-17 10:20:40,770 : INFO : EventManager : Event: ======'machine_var_audits_switches_s_main_inlane_left'====== Args={'value': 25, 'prev_value': None, 'change': True}
2024-11-17 10:20:40,770 : INFO : EventManager : Event: ======'machine_var_audits_switches_s_main_inlane_right'====== Args={'value': 73, 'prev_value': None, 'change': True}
2024-11-17 10:20:40,770 : INFO : EventManager : Event: ======'machine_var_audits_switches_s_main_kickout_right'====== Args={'value': 130, 'prev_value': None, 'change': True}
2024-11-17 10:20:40,770 : INFO : EventManager : Event: ======'machine_var_audits_switches_s_main_lane_center'====== Args={'value': 96, 'prev_value': None, 'change': True}
2024-11-17 10:20:40,770 : INFO : EventManager : Event: ======'machine_var_audits_switches_s_main_outhole'====== Args={'value': 430, 'prev_value': None, 'change': True}
2024-11-17 10:20:40,770 : INFO : EventManager : Event: ======'machine_var_audits_switches_s_main_outlane_left'====== Args={'value': 18, 'prev_value': None, 'change': True}
2024-11-17 10:20:40,771 : INFO : EventManager : Event: ======'machine_var_audits_switches_s_main_outlane_right'====== Args={'value': 44, 'prev_value': None, 'change': True}
2024-11-17 10:20:40,771 : INFO : EventManager : Event: ======'machine_var_audits_switches_s_main_pop_bottom'====== Args={'value': 208, 'prev_value': None, 'change': True}
2024-11-17 10:20:40,771 : INFO : EventManager : Event: ======'machine_var_audits_switches_s_main_pop_top'====== Args={'value': 125, 'prev_value': None, 'change': True}
2024-11-17 10:20:40,771 : INFO : EventManager : Event: ======'machine_var_audits_switches_s_main_rollunder'====== Args={'value': 87, 'prev_value': None, 'change': True}
2024-11-17 10:20:40,771 : INFO : EventManager : Event: ======'machine_var_audits_switches_s_main_roundabout_rollunder'====== Args={'value': 52, 'prev_value': None, 'change': True}
2024-11-17 10:20:40,771 : INFO : EventManager : Event: ======'machine_var_audits_switches_s_main_secret_trough'====== Args={'value': 28, 'prev_value': None, 'change': True}
2024-11-17 10:20:40,771 : INFO : EventManager : Event: ======'machine_var_audits_switches_s_main_slingshot'====== Args={'value': 228, 'prev_value': None, 'change': True}
2024-11-17 10:20:40,771 : INFO : EventManager : Event: ======'machine_var_audits_switches_s_main_target_right'====== Args={'value': 141, 'prev_value': None, 'change': True}
2024-11-17 10:20:40,772 : INFO : EventManager : Event: ======'machine_var_audits_switches_s_main_trapdoor_trough'====== Args={'value': 0, 'prev_value': None, 'change': True}
2024-11-17 10:20:40,772 : INFO : EventManager : Event: ======'machine_var_audits_switches_s_main_vuk'====== Args={'value': 257, 'prev_value': None, 'change': True}
2024-11-17 10:20:40,772 : INFO : EventManager : Event: ======'machine_var_audits_switches_s_right_flipper1'====== Args={'value': 296, 'prev_value': None, 'change': True}
2024-11-17 10:20:40,772 : INFO : EventManager : Event: ======'machine_var_audits_switches_s_right_flipper2'====== Args={'value': 349, 'prev_value': None, 'change': True}
2024-11-17 10:20:40,772 : INFO : EventManager : Event: ======'machine_var_audits_switches_s_start'====== Args={'value': 7, 'prev_value': None, 'change': True}
2024-11-17 10:20:40,772 : INFO : EventManager : Event: ======'machine_var_audits_switches_s_upper_10pt_center'====== Args={'value': 185, 'prev_value': None, 'change': True}
2024-11-17 10:20:40,772 : INFO : EventManager : Event: ======'machine_var_audits_switches_s_upper_10pt_left'====== Args={'value': 119, 'prev_value': None, 'change': True}
2024-11-17 10:20:40,772 : INFO : EventManager : Event: ======'machine_var_audits_switches_s_upper_1_drop'====== Args={'value': 57, 'prev_value': None, 'change': True}
2024-11-17 10:20:40,773 : INFO : EventManager : Event: ======'machine_var_audits_switches_s_upper_1_target'====== Args={'value': 92, 'prev_value': None, 'change': True}
2024-11-17 10:20:40,773 : INFO : EventManager : Event: ======'machine_var_audits_switches_s_upper_2_drop'====== Args={'value': 52, 'prev_value': None, 'change': True}
2024-11-17 10:20:40,773 : INFO : EventManager : Event: ======'machine_var_audits_switches_s_upper_2_target'====== Args={'value': 144, 'prev_value': None, 'change': True}
2024-11-17 10:20:40,773 : INFO : EventManager : Event: ======'machine_var_audits_switches_s_upper_3_drop'====== Args={'value': 63, 'prev_value': None, 'change': True}
2024-11-17 10:20:40,773 : INFO : EventManager : Event: ======'machine_var_audits_switches_s_upper_3_target'====== Args={'value': 61, 'prev_value': None, 'change': True}
2024-11-17 10:20:40,773 : INFO : EventManager : Event: ======'machine_var_audits_switches_s_upper_4_drop'====== Args={'value': 84, 'prev_value': None, 'change': True}
2024-11-17 10:20:40,773 : INFO : EventManager : Event: ======'machine_var_audits_switches_s_upper_4_target'====== Args={'value': 58, 'prev_value': None, 'change': True}
2024-11-17 10:20:40,774 : INFO : EventManager : Event: ======'machine_var_audits_switches_s_upper_pop'====== Args={'value': 756, 'prev_value': None, 'change': True}
2024-11-17 10:20:40,774 : INFO : EventManager : Event: ======'init_phase_5'====== Args={}
2024-11-17 10:20:40,777 : INFO : EventManager : Event: ======'init_done'====== Args={}
2024-11-17 10:20:40,778 : INFO : EventManager : Event: ======'machine_reset_phase_1'====== Args={}
2024-11-17 10:20:40,780 : INFO : EventManager : Event: ======'machine_reset_phase_2'====== Args={}
2024-11-17 10:20:40,780 : INFO : EventManager : Event: ======'machine_reset_phase_3'====== Args={}
2024-11-17 10:20:40,780 : INFO : drop_target_bank.upper : All targets are already up. Will not reset bank.
2024-11-17 10:20:40,780 : INFO : drop_target_bank.lower : All targets are already up. Will not reset bank.
2024-11-17 10:20:40,780 : INFO : EventManager : Event: ======'reset_complete'====== Args={}
2024-11-17 10:20:40,780 : INFO : EventManager : Event: ======'mode_attract_will_start'====== Args={}
2024-11-17 10:20:40,781 : INFO : EventManager : Event: ======'mode_attract_starting'====== Args={}
2024-11-17 10:20:40,781 : INFO : Mode.attract : Started. Priority: 10
2024-11-17 10:20:40,781 : INFO : EventManager : Event: ======'modes_active_modes_changed'====== Args={}
2024-11-17 10:20:40,781 : INFO : EventManager : Event: ======'mode_attract_started'====== Args={}
2024-11-17 10:20:40,781 : INFO : EventManager : Event: ======'collecting_balls_complete'====== Args={}
2024-11-17 10:20:40,783 : INFO : Machine : Starting the main run loop with active modes: [<Mode.attract>]
2024-11-17 10:20:40,837 : INFO : EventManager : Event: ======'slide_attract_scroll_created'====== Args={'_from_bcp': True}
2024-11-17 10:20:40,877 : INFO : EventManager : Event: ======'slide__removed'====== Args={'_from_bcp': True}
2024-11-17 10:20:40,878 : INFO : EventManager : Event: ======'slide_attract_scroll_active'====== Args={'original_context': 'attract', 'original_calling_context': 'mode_attract_started', 'priority': 10.0, 'cmd': 'slides_play', '_from_bcp': True}
2024-11-17 10:21:48,494 : INFO : BcpServer : New client connected.
2024-11-17 10:22:06,845 : INFO : SwitchController : <<<<<<< 's_upper_3_drop' active >>>>>>>
2024-11-17 10:22:06,845 : INFO : EventManager : Event: ======'playfield_active'====== Args={'source': 'upper_3_drop'}
2024-11-17 10:22:06,845 : INFO : EventManager : Event: ======'unexpected_ball_on_playfield'====== Args={}
2024-11-17 10:22:06,845 : INFO : EventManager : Event: ======'playfield_active'====== Args={'source': 'u3_drop'}
2024-11-17 10:22:06,845 : INFO : EventManager : Event: ======'unexpected_ball_on_playfield'====== Args={}
2024-11-17 10:22:06,845 : INFO : EventManager : Event: ======'drop_target_u3_drop_down'====== Args={'device': <drop_target.u3_drop>}
2024-11-17 10:22:06,846 : INFO : EventManager : Event: ======'drop_target_bank_upper_mixed'====== Args={'prev_value': <DropTargetBankState.UP: 'up'>, 'down': 1}
2024-11-17 10:22:06,943 : INFO : SwitchController : <<<<<<< 's_upper_3_drop' inactive >>>>>>>
2024-11-17 10:22:06,943 : INFO : EventManager : Event: ======'playfield_active'====== Args={'source': 'u3_drop'}
2024-11-17 10:22:06,943 : INFO : EventManager : Event: ======'unexpected_ball_on_playfield'====== Args={}
2024-11-17 10:22:06,943 : INFO : EventManager : Event: ======'drop_target_u3_drop_up'====== Args={'device': <drop_target.u3_drop>}
2024-11-17 10:22:06,943 : INFO : EventManager : Event: ======'drop_target_bank_upper_up'====== Args={}
2024-11-17 10:22:07,081 : INFO : SwitchController : <<<<<<< 's_upper_3_drop' active >>>>>>>
2024-11-17 10:22:07,081 : INFO : EventManager : Event: ======'playfield_active'====== Args={'source': 'upper_3_drop'}
2024-11-17 10:22:07,081 : INFO : EventManager : Event: ======'unexpected_ball_on_playfield'====== Args={}
2024-11-17 10:22:07,081 : INFO : EventManager : Event: ======'playfield_active'====== Args={'source': 'u3_drop'}
2024-11-17 10:22:07,081 : INFO : EventManager : Event: ======'unexpected_ball_on_playfield'====== Args={}
2024-11-17 10:22:07,081 : INFO : EventManager : Event: ======'drop_target_u3_drop_down'====== Args={'device': <drop_target.u3_drop>}
2024-11-17 10:22:07,082 : INFO : EventManager : Event: ======'drop_target_bank_upper_mixed'====== Args={'prev_value': <DropTargetBankState.UP: 'up'>, 'down': 1}
2024-11-17 10:22:07,094 : INFO : SwitchController : <<<<<<< 's_upper_3_drop' inactive >>>>>>>
2024-11-17 10:22:07,095 : INFO : EventManager : Event: ======'playfield_active'====== Args={'source': 'u3_drop'}
2024-11-17 10:22:07,095 : INFO : EventManager : Event: ======'unexpected_ball_on_playfield'====== Args={}
2024-11-17 10:22:07,095 : INFO : EventManager : Event: ======'drop_target_u3_drop_up'====== Args={'device': <drop_target.u3_drop>}
2024-11-17 10:22:07,096 : INFO : EventManager : Event: ======'drop_target_bank_upper_up'====== Args={}
2024-11-17 10:22:46,990 : WARNING : SwitchController : Received duplicate switch state 0 for switch s_main_5_target from the platform interface. Log Code: Log-SwitchController-1 (https://missionpinball.org/logs)
2024-11-17 10:22:47,221 : INFO : SwitchController : <<<<<<< 's_main_5_target' active >>>>>>>
2024-11-17 10:22:47,221 : INFO : EventManager : Event: ======'playfield_active'====== Args={'source': 'main_5'}
2024-11-17 10:22:47,221 : INFO : EventManager : Event: ======'unexpected_ball_on_playfield'====== Args={}
2024-11-17 10:22:47,255 : INFO : SwitchController : <<<<<<< 's_main_5_target' inactive >>>>>>>
2024-11-17 10:22:47,651 : INFO : SwitchController : <<<<<<< 's_main_5_target' active >>>>>>>
2024-11-17 10:22:47,651 : INFO : EventManager : Event: ======'playfield_active'====== Args={'source': 'main_5'}
2024-11-17 10:22:47,651 : INFO : EventManager : Event: ======'unexpected_ball_on_playfield'====== Args={}
2024-11-17 10:22:48,059 : INFO : SwitchController : <<<<<<< 's_main_5_target' inactive >>>>>>>
2024-11-17 10:22:48,465 : INFO : SwitchController : <<<<<<< 's_main_5_target' active >>>>>>>
2024-11-17 10:22:48,465 : INFO : EventManager : Event: ======'playfield_active'====== Args={'source': 'main_5'}
2024-11-17 10:22:48,465 : INFO : EventManager : Event: ======'unexpected_ball_on_playfield'====== Args={}
2024-11-17 10:22:48,642 : INFO : SwitchController : <<<<<<< 's_main_5_target' inactive >>>>>>>
2024-11-17 10:22:48,656 : INFO : SwitchController : <<<<<<< 's_main_5_target' active >>>>>>>
2024-11-17 10:22:48,656 : INFO : EventManager : Event: ======'playfield_active'====== Args={'source': 'main_5'}
2024-11-17 10:22:48,657 : INFO : EventManager : Event: ======'unexpected_ball_on_playfield'====== Args={}
2024-11-17 10:22:48,722 : INFO : SwitchController : <<<<<<< 's_main_5_target' inactive >>>>>>>
2024-11-17 10:22:49,098 : INFO : SwitchController : <<<<<<< 's_main_5_target' active >>>>>>>
2024-11-17 10:22:49,099 : INFO : EventManager : Event: ======'playfield_active'====== Args={'source': 'main_5'}
2024-11-17 10:22:49,099 : INFO : EventManager : Event: ======'unexpected_ball_on_playfield'====== Args={}
2024-11-17 10:22:49,328 : INFO : SwitchController : <<<<<<< 's_main_5_target' inactive >>>>>>>
2024-11-17 10:23:24,673 : INFO : SwitchController : <<<<<<< 's_main_outlane_right' active >>>>>>>
2024-11-17 10:23:24,673 : INFO : EventManager : Event: ======'playfield_active'====== Args={'source': 'right_outlane'}
2024-11-17 10:23:24,673 : INFO : EventManager : Event: ======'unexpected_ball_on_playfield'====== Args={}
2024-11-17 10:23:24,673 : INFO : EventManager : Event: ======'sw_playfield_active'====== Args={}
2024-11-17 10:23:24,673 : INFO : EventManager : Event: ======'playfield_active'====== Args={'source': None}
2024-11-17 10:23:24,673 : INFO : EventManager : Event: ======'unexpected_ball_on_playfield'====== Args={}
2024-11-17 10:23:24,813 : INFO : SwitchController : <<<<<<< 's_main_outlane_right' inactive >>>>>>>
2024-11-17 10:23:24,991 : INFO : SwitchController : <<<<<<< 's_main_outlane_right' active >>>>>>>
2024-11-17 10:23:24,991 : INFO : EventManager : Event: ======'playfield_active'====== Args={'source': 'right_outlane'}
2024-11-17 10:23:24,991 : INFO : EventManager : Event: ======'unexpected_ball_on_playfield'====== Args={}
2024-11-17 10:23:24,991 : INFO : EventManager : Event: ======'sw_playfield_active'====== Args={}
2024-11-17 10:23:24,991 : INFO : EventManager : Event: ======'playfield_active'====== Args={'source': None}
2024-11-17 10:23:24,991 : INFO : EventManager : Event: ======'unexpected_ball_on_playfield'====== Args={}
2024-11-17 10:23:25,129 : INFO : SwitchController : <<<<<<< 's_main_outlane_right' inactive >>>>>>>
2024-11-17 10:23:25,319 : INFO : SwitchController : <<<<<<< 's_main_outlane_right' active >>>>>>>
2024-11-17 10:23:25,319 : INFO : EventManager : Event: ======'playfield_active'====== Args={'source': 'right_outlane'}
2024-11-17 10:23:25,319 : INFO : EventManager : Event: ======'unexpected_ball_on_playfield'====== Args={}
2024-11-17 10:23:25,319 : INFO : EventManager : Event: ======'sw_playfield_active'====== Args={}
2024-11-17 10:23:25,319 : INFO : EventManager : Event: ======'playfield_active'====== Args={'source': None}
2024-11-17 10:23:25,319 : INFO : EventManager : Event: ======'unexpected_ball_on_playfield'====== Args={}
2024-11-17 10:23:25,735 : INFO : SwitchController : <<<<<<< 's_main_outlane_right' inactive >>>>>>>
2024-11-17 10:23:26,049 : INFO : SwitchController : <<<<<<< 's_main_outlane_right' active >>>>>>>
2024-11-17 10:23:26,049 : INFO : EventManager : Event: ======'playfield_active'====== Args={'source': 'right_outlane'}
2024-11-17 10:23:26,049 : INFO : EventManager : Event: ======'unexpected_ball_on_playfield'====== Args={}
2024-11-17 10:23:26,050 : INFO : EventManager : Event: ======'sw_playfield_active'====== Args={}
2024-11-17 10:23:26,050 : INFO : EventManager : Event: ======'playfield_active'====== Args={'source': None}
2024-11-17 10:23:26,050 : INFO : EventManager : Event: ======'unexpected_ball_on_playfield'====== Args={}
2024-11-17 10:23:26,385 : INFO : SwitchController : <<<<<<< 's_main_outlane_right' inactive >>>>>>>
2024-11-17 10:23:26,605 : INFO : SwitchController : <<<<<<< 's_main_outlane_right' active >>>>>>>
2024-11-17 10:23:26,605 : INFO : EventManager : Event: ======'playfield_active'====== Args={'source': 'right_outlane'}
2024-11-17 10:23:26,605 : INFO : EventManager : Event: ======'unexpected_ball_on_playfield'====== Args={}
2024-11-17 10:23:26,605 : INFO : EventManager : Event: ======'sw_playfield_active'====== Args={}
2024-11-17 10:23:26,605 : INFO : EventManager : Event: ======'playfield_active'====== Args={'source': None}
2024-11-17 10:23:26,605 : INFO : EventManager : Event: ======'unexpected_ball_on_playfield'====== Args={}
2024-11-17 10:23:26,847 : INFO : SwitchController : <<<<<<< 's_main_outlane_right' inactive >>>>>>>
2024-11-17 10:23:27,057 : INFO : SwitchController : <<<<<<< 's_main_outlane_right' active >>>>>>>
2024-11-17 10:23:27,057 : INFO : EventManager : Event: ======'playfield_active'====== Args={'source': 'right_outlane'}
2024-11-17 10:23:27,057 : INFO : EventManager : Event: ======'unexpected_ball_on_playfield'====== Args={}
2024-11-17 10:23:27,057 : INFO : EventManager : Event: ======'sw_playfield_active'====== Args={}
2024-11-17 10:23:27,058 : INFO : EventManager : Event: ======'playfield_active'====== Args={'source': None}
2024-11-17 10:23:27,058 : INFO : EventManager : Event: ======'unexpected_ball_on_playfield'====== Args={}
2024-11-17 10:23:27,671 : INFO : SwitchController : <<<<<<< 's_main_outlane_right' inactive >>>>>>>
2024-11-17 10:23:29,278 : INFO : SwitchController : <<<<<<< 's_main_outhole' active >>>>>>>
2024-11-17 10:23:29,518 : INFO : SwitchController : <<<<<<< 's_main_outhole' inactive >>>>>>>
2024-11-17 10:23:29,728 : INFO : SwitchController : <<<<<<< 's_main_outhole' active >>>>>>>
2024-11-17 10:23:29,928 : INFO : SwitchController : <<<<<<< 's_main_outhole' inactive >>>>>>>
2024-11-17 10:23:30,044 : INFO : SwitchController : <<<<<<< 's_main_outhole' active >>>>>>>
2024-11-17 10:23:30,545 : INFO : EventManager : Event: ======'balldevice_bd_drain_ball_count_changed'====== Args={'balls': 1}
2024-11-17 10:23:30,545 : INFO : ball_device.bd_drain : Received unexpected ball
2024-11-17 10:23:30,545 : INFO : EventManager : Event: ======'balldevice_captured_from_playfield'====== Args={'balls': 1}
2024-11-17 10:23:30,546 : INFO : EventManager : Event: ======'sw_playfield_active'====== Args={'balls': 1}
2024-11-17 10:23:30,546 : INFO : EventManager : Event: ======'playfield_active'====== Args={'source': None}
2024-11-17 10:23:30,546 : INFO : EventManager : Event: ======'unexpected_ball_on_playfield'====== Args={}
2024-11-17 10:23:30,546 : INFO : EventManager : Event: ======'playfield_ball_count_change'====== Args={'balls': -1, 'change': -1}
2024-11-17 10:23:30,546 : INFO : EventManager : Event: ======'balldevice_playfield_ball_enter'====== Args={'new_balls': 1, 'unclaimed_balls': 1, 'device': <playfield.playfield>}
2024-11-17 10:23:30,547 : INFO : EventManager : Event: ======'playfield_ball_count_change'====== Args={'balls': 0, 'change': 1}
2024-11-17 10:23:30,547 : INFO : BallController : Found a new ball which was captured from playfield. Known balls: 1
2024-11-17 10:23:30,547 : INFO : EventManager : Event: ======'found_new_ball'====== Args={}
2024-11-17 10:23:30,547 : INFO : EventManager : Event: ======'balldevice_bd_drain_ball_enter'====== Args={'new_balls': 1, 'unclaimed_balls': 1, 'new_available_balls': 1, 'device': <ball_device.bd_drain>}
2024-11-17 10:23:30,547 : INFO : EventManager : Event: ======'ball_drain'====== Args={'device': <ball_device.bd_drain>, 'balls': 1}
2024-11-17 10:23:30,547 : INFO : EventManager : Event: ======'balldevice_balls_available'====== Args={}
2024-11-17 10:23:30,547 : INFO : EventManager : Event: ======'balldevice_bd_drain_ball_entered'====== Args={'new_balls': 1, 'device': <ball_device.bd_drain>}
2024-11-17 10:23:33,006 : INFO : SwitchController : <<<<<<< 's_main_outhole' inactive >>>>>>>
2024-11-17 10:23:38,508 : INFO : EventManager : Event: ======'balldevice_bd_drain_ball_count_changed'====== Args={'balls': 0}
2024-11-17 10:23:38,508 : WARNING : ball_device.bd_drain : Ball disappeared while idle. This should not normally happen.
2024-11-17 10:23:38,508 : INFO : EventManager : Event: ======'balldevice_playfield_ball_enter'====== Args={'new_balls': 1, 'unclaimed_balls': 1, 'device': <playfield.playfield>}
2024-11-17 10:23:38,508 : INFO : EventManager : Event: ======'playfield_ball_count_change'====== Args={'balls': 1, 'change': 1}
2024-11-17 10:23:38,508 : INFO : ball_device.bd_drain : 1 ball(s) missing from device. Mechanical eject? False
2024-11-17 10:23:38,508 : INFO : EventManager : Event: ======'balldevice_bd_drain_ball_missing'====== Args={'balls': 1}
2024-11-17 10:23:38,508 : INFO : EventManager : Event: ======'balldevice_ball_missing'====== Args={'balls': 1, 'name': 'bd_drain'}
2024-11-17 10:23:45,263 : INFO : SwitchController : <<<<<<< 's_main_rollunder' inactive >>>>>>>
2024-11-17 10:23:45,319 : INFO : SwitchController : <<<<<<< 's_main_rollunder' active >>>>>>>
2024-11-17 10:23:45,319 : INFO : EventManager : Event: ======'sw_playfield_active'====== Args={}
2024-11-17 10:23:45,363 : INFO : SwitchController : <<<<<<< 's_main_rollunder' inactive >>>>>>>
2024-11-17 10:23:45,407 : INFO : SwitchController : <<<<<<< 's_main_rollunder' active >>>>>>>
2024-11-17 10:23:45,407 : INFO : EventManager : Event: ======'sw_playfield_active'====== Args={}
2024-11-17 10:23:45,555 : INFO : SwitchController : <<<<<<< 's_main_rollunder' inactive >>>>>>>
2024-11-17 10:23:46,343 : INFO : SwitchController : <<<<<<< 's_main_rollunder' active >>>>>>>
2024-11-17 10:23:46,343 : INFO : EventManager : Event: ======'sw_playfield_active'====== Args={}
2024-11-17 10:23:46,739 : INFO : SwitchController : <<<<<<< 's_main_rollunder' inactive >>>>>>>
2024-11-17 10:23:47,165 : INFO : SwitchController : <<<<<<< 's_main_rollunder' active >>>>>>>
2024-11-17 10:23:47,165 : INFO : EventManager : Event: ======'sw_playfield_active'====== Args={}
2024-11-17 10:23:47,541 : INFO : SwitchController : <<<<<<< 's_main_rollunder' inactive >>>>>>>
2024-11-17 10:23:47,875 : INFO : SwitchController : <<<<<<< 's_main_rollunder' active >>>>>>>
2024-11-17 10:23:47,875 : INFO : EventManager : Event: ======'sw_playfield_active'====== Args={}
2024-11-17 10:23:48,311 : INFO : SwitchController : <<<<<<< 's_main_rollunder' inactive >>>>>>>
2024-11-17 10:23:48,623 : INFO : SwitchController : <<<<<<< 's_main_rollunder' active >>>>>>>
2024-11-17 10:23:48,623 : INFO : EventManager : Event: ======'sw_playfield_active'====== Args={}
2024-11-17 10:23:49,031 : INFO : SwitchController : <<<<<<< 's_main_rollunder' inactive >>>>>>>
2024-11-17 10:23:49,375 : INFO : SwitchController : <<<<<<< 's_main_rollunder' active >>>>>>>
2024-11-17 10:23:49,375 : INFO : EventManager : Event: ======'sw_playfield_active'====== Args={}
2024-11-17 10:23:49,389 : WARNING : SwitchController : Received duplicate switch state 1 for switch s_main_rollunder from the platform interface. Log Code: Log-SwitchController-1 (https://missionpinball.org/logs)
2024-11-17 10:23:49,781 : INFO : SwitchController : <<<<<<< 's_main_rollunder' inactive >>>>>>>
2024-11-17 10:23:49,868 : INFO : SwitchController : <<<<<<< 's_main_rollunder' active >>>>>>>
2024-11-17 10:23:49,868 : INFO : EventManager : Event: ======'sw_playfield_active'====== Args={}
2024-11-17 10:23:49,911 : INFO : SwitchController : <<<<<<< 's_main_rollunder' inactive >>>>>>>
2024-11-17 10:23:49,968 : INFO : SwitchController : <<<<<<< 's_main_rollunder' active >>>>>>>
2024-11-17 10:23:49,968 : INFO : EventManager : Event: ======'sw_playfield_active'====== Args={}
2024-11-17 10:23:50,011 : INFO : SwitchController : <<<<<<< 's_main_rollunder' inactive >>>>>>>
2024-11-17 10:23:50,065 : INFO : SwitchController : <<<<<<< 's_main_rollunder' active >>>>>>>
2024-11-17 10:23:50,066 : INFO : EventManager : Event: ======'sw_playfield_active'====== Args={}
2024-11-17 10:23:50,109 : INFO : SwitchController : <<<<<<< 's_main_rollunder' inactive >>>>>>>
2024-11-17 10:23:50,153 : INFO : SwitchController : <<<<<<< 's_main_rollunder' active >>>>>>>
2024-11-17 10:23:50,154 : INFO : EventManager : Event: ======'sw_playfield_active'====== Args={}
2024-11-17 10:23:50,209 : INFO : SwitchController : <<<<<<< 's_main_rollunder' inactive >>>>>>>
2024-11-17 10:23:50,253 : INFO : SwitchController : <<<<<<< 's_main_rollunder' active >>>>>>>
2024-11-17 10:23:50,253 : INFO : EventManager : Event: ======'sw_playfield_active'====== Args={}
2024-11-17 10:23:50,307 : INFO : SwitchController : <<<<<<< 's_main_rollunder' inactive >>>>>>>
2024-11-17 10:23:50,341 : INFO : SwitchController : <<<<<<< 's_main_rollunder' active >>>>>>>
2024-11-17 10:23:50,341 : INFO : EventManager : Event: ======'sw_playfield_active'====== Args={}
2024-11-17 10:23:50,395 : INFO : SwitchController : <<<<<<< 's_main_rollunder' inactive >>>>>>>
2024-11-17 10:23:50,439 : INFO : SwitchController : <<<<<<< 's_main_rollunder' active >>>>>>>
2024-11-17 10:23:50,439 : INFO : EventManager : Event: ======'sw_playfield_active'====== Args={}
2024-11-17 10:23:50,493 : INFO : SwitchController : <<<<<<< 's_main_rollunder' inactive >>>>>>>
2024-11-17 10:23:50,527 : INFO : SwitchController : <<<<<<< 's_main_rollunder' active >>>>>>>
2024-11-17 10:23:50,527 : INFO : EventManager : Event: ======'sw_playfield_active'====== Args={}
2024-11-17 10:23:50,591 : INFO : SwitchController : <<<<<<< 's_main_rollunder' inactive >>>>>>>
2024-11-17 10:23:50,605 : INFO : SwitchController : <<<<<<< 's_main_rollunder' active >>>>>>>
2024-11-17 10:23:50,605 : INFO : EventManager : Event: ======'sw_playfield_active'====== Args={}
2024-11-17 10:24:22,193 : INFO : SwitchController : <<<<<<< 's_main_inlane_right' active >>>>>>>
2024-11-17 10:24:22,193 : INFO : EventManager : Event: ======'sw_playfield_active'====== Args={}
2024-11-17 10:24:22,571 : INFO : SwitchController : <<<<<<< 's_main_inlane_right' inactive >>>>>>>
2024-11-17 10:24:22,887 : INFO : SwitchController : <<<<<<< 's_main_inlane_right' active >>>>>>>
2024-11-17 10:24:22,888 : INFO : EventManager : Event: ======'sw_playfield_active'====== Args={}
2024-11-17 10:24:23,107 : INFO : SwitchController : <<<<<<< 's_main_inlane_right' inactive >>>>>>>
2024-11-17 10:24:23,275 : INFO : SwitchController : <<<<<<< 's_main_inlane_right' active >>>>>>>
2024-11-17 10:24:23,275 : INFO : EventManager : Event: ======'sw_playfield_active'====== Args={}
2024-11-17 10:24:23,505 : INFO : SwitchController : <<<<<<< 's_main_inlane_right' inactive >>>>>>>
2024-11-17 10:24:25,145 : INFO : SwitchController : <<<<<<< 's_main_inlane_right' active >>>>>>>
2024-11-17 10:24:25,145 : INFO : EventManager : Event: ======'sw_playfield_active'====== Args={}
2024-11-17 10:24:25,545 : INFO : SwitchController : <<<<<<< 's_main_inlane_right' inactive >>>>>>>
2024-11-17 10:24:25,545 : INFO : SwitchController : <<<<<<< 's_main_inlane_right' active >>>>>>>
2024-11-17 10:24:25,546 : INFO : EventManager : Event: ======'sw_playfield_active'====== Args={}
2024-11-17 10:24:25,569 : INFO : SwitchController : <<<<<<< 's_main_inlane_right' inactive >>>>>>>
2024-11-17 10:24:25,718 : INFO : SwitchController : <<<<<<< 's_main_inlane_right' active >>>>>>>
2024-11-17 10:24:25,718 : INFO : EventManager : Event: ======'sw_playfield_active'====== Args={}
2024-11-17 10:24:25,803 : INFO : SwitchController : <<<<<<< 's_main_inlane_right' inactive >>>>>>>
2024-11-17 10:24:25,941 : INFO : SwitchController : <<<<<<< 's_main_inlane_right' active >>>>>>>
2024-11-17 10:24:25,941 : INFO : EventManager : Event: ======'sw_playfield_active'====== Args={}
2024-11-17 10:24:26,100 : INFO : SwitchController : <<<<<<< 's_main_inlane_right' inactive >>>>>>>
2024-11-17 10:24:28,866 : INFO : SwitchController : <<<<<<< 's_main_outlane_right' active >>>>>>>
2024-11-17 10:24:28,866 : INFO : EventManager : Event: ======'sw_playfield_active'====== Args={}
2024-11-17 10:24:29,056 : INFO : SwitchController : <<<<<<< 's_main_outlane_right' inactive >>>>>>>
2024-11-17 10:24:29,246 : INFO : SwitchController : <<<<<<< 's_main_outlane_right' active >>>>>>>
2024-11-17 10:24:29,246 : INFO : EventManager : Event: ======'sw_playfield_active'====== Args={}
2024-11-17 10:24:29,434 : INFO : SwitchController : <<<<<<< 's_main_outlane_right' inactive >>>>>>>
2024-11-17 10:24:29,571 : INFO : SwitchController : <<<<<<< 's_main_outlane_right' active >>>>>>>
2024-11-17 10:24:29,572 : INFO : EventManager : Event: ======'sw_playfield_active'====== Args={}
2024-11-17 10:24:29,657 : INFO : SwitchController : <<<<<<< 's_main_outlane_right' inactive >>>>>>>
2024-11-17 10:24:29,764 : INFO : SwitchController : <<<<<<< 's_main_outlane_right' active >>>>>>>
2024-11-17 10:24:29,764 : INFO : EventManager : Event: ======'sw_playfield_active'====== Args={}
2024-11-17 10:24:29,850 : INFO : SwitchController : <<<<<<< 's_main_outlane_right' inactive >>>>>>>
2024-11-17 10:24:29,965 : INFO : SwitchController : <<<<<<< 's_main_outlane_right' active >>>>>>>
2024-11-17 10:24:29,965 : INFO : EventManager : Event: ======'sw_playfield_active'====== Args={}
2024-11-17 10:24:30,061 : INFO : SwitchController : <<<<<<< 's_main_outlane_right' inactive >>>>>>>
2024-11-17 10:24:30,180 : INFO : SwitchController : <<<<<<< 's_main_outlane_right' active >>>>>>>
2024-11-17 10:24:30,180 : INFO : EventManager : Event: ======'sw_playfield_active'====== Args={}
2024-11-17 10:24:30,275 : INFO : SwitchController : <<<<<<< 's_main_outlane_right' inactive >>>>>>>
2024-11-17 10:24:30,423 : INFO : SwitchController : <<<<<<< 's_main_outlane_right' active >>>>>>>
2024-11-17 10:24:30,423 : INFO : EventManager : Event: ======'sw_playfield_active'====== Args={}
2024-11-17 10:24:30,500 : INFO : SwitchController : <<<<<<< 's_main_outlane_right' inactive >>>>>>>
2024-11-17 10:24:30,657 : INFO : SwitchController : <<<<<<< 's_main_outlane_right' active >>>>>>>
2024-11-17 10:24:30,657 : INFO : EventManager : Event: ======'sw_playfield_active'====== Args={}
2024-11-17 10:24:30,753 : INFO : SwitchController : <<<<<<< 's_main_outlane_right' inactive >>>>>>>
2024-11-17 10:24:31,491 : INFO : SwitchController : <<<<<<< 's_main_outlane_right' active >>>>>>>
2024-11-17 10:24:31,491 : INFO : EventManager : Event: ======'sw_playfield_active'====== Args={}
2024-11-17 10:24:31,649 : INFO : SwitchController : <<<<<<< 's_main_outlane_right' inactive >>>>>>>
2024-11-17 10:24:31,953 : INFO : SwitchController : <<<<<<< 's_main_outlane_right' active >>>>>>>
2024-11-17 10:24:31,953 : INFO : EventManager : Event: ======'sw_playfield_active'====== Args={}
2024-11-17 10:24:32,111 : INFO : SwitchController : <<<<<<< 's_main_outlane_right' inactive >>>>>>>
2024-11-17 10:24:32,373 : INFO : SwitchController : <<<<<<< 's_main_outlane_right' active >>>>>>>
2024-11-17 10:24:32,373 : INFO : EventManager : Event: ======'sw_playfield_active'====== Args={}
2024-11-17 10:24:32,913 : INFO : SwitchController : <<<<<<< 's_main_outlane_right' inactive >>>>>>>
2024-11-17 10:24:33,195 : INFO : SwitchController : <<<<<<< 's_main_outlane_right' active >>>>>>>
2024-11-17 10:24:33,195 : INFO : EventManager : Event: ======'sw_playfield_active'====== Args={}
2024-11-17 10:24:33,623 : INFO : SwitchController : <<<<<<< 's_main_outlane_right' inactive >>>>>>>
2024-11-17 10:24:33,781 : INFO : SwitchController : <<<<<<< 's_main_outlane_right' active >>>>>>>
2024-11-17 10:24:33,782 : INFO : EventManager : Event: ======'sw_playfield_active'====== Args={}
2024-11-17 10:24:33,889 : INFO : SwitchController : <<<<<<< 's_main_outlane_right' inactive >>>>>>>
2024-11-17 10:24:34,047 : INFO : SwitchController : <<<<<<< 's_main_outlane_right' active >>>>>>>
2024-11-17 10:24:34,047 : INFO : EventManager : Event: ======'sw_playfield_active'====== Args={}
2024-11-17 10:24:34,595 : INFO : SwitchController : <<<<<<< 's_main_outlane_right' inactive >>>>>>>
2024-11-17 10:25:16,920 : INFO : SwitchController : <<<<<<< 's_main_outlane_right' active >>>>>>>
2024-11-17 10:25:16,920 : INFO : EventManager : Event: ======'sw_playfield_active'====== Args={}
2024-11-17 10:25:17,274 : INFO : SwitchController : <<<<<<< 's_main_outlane_right' inactive >>>>>>>
2024-11-17 10:25:17,566 : INFO : SwitchController : <<<<<<< 's_main_outlane_right' active >>>>>>>
2024-11-17 10:25:17,566 : INFO : EventManager : Event: ======'sw_playfield_active'====== Args={}
2024-11-17 10:25:17,878 : INFO : SwitchController : <<<<<<< 's_main_outlane_right' inactive >>>>>>>
2024-11-17 10:25:18,150 : INFO : SwitchController : <<<<<<< 's_main_outlane_right' active >>>>>>>
2024-11-17 10:25:18,150 : INFO : EventManager : Event: ======'sw_playfield_active'====== Args={}
2024-11-17 10:25:18,480 : INFO : SwitchController : <<<<<<< 's_main_outlane_right' inactive >>>>>>>
2024-11-17 10:26:19,738 : INFO : SwitchController : <<<<<<< 's_main_inlane_right' active >>>>>>>
2024-11-17 10:26:19,738 : INFO : EventManager : Event: ======'sw_playfield_active'====== Args={}
2024-11-17 10:26:20,135 : INFO : SwitchController : <<<<<<< 's_main_inlane_right' inactive >>>>>>>
2024-11-17 10:26:20,385 : INFO : SwitchController : <<<<<<< 's_main_inlane_right' active >>>>>>>
2024-11-17 10:26:20,385 : INFO : EventManager : Event: ======'sw_playfield_active'====== Args={}
2024-11-17 10:26:20,689 : INFO : SwitchController : <<<<<<< 's_main_inlane_right' inactive >>>>>>>
2024-11-17 10:26:20,879 : INFO : SwitchController : <<<<<<< 's_main_inlane_right' active >>>>>>>
2024-11-17 10:26:20,879 : INFO : EventManager : Event: ======'sw_playfield_active'====== Args={}
2024-11-17 10:26:21,243 : INFO : SwitchController : <<<<<<< 's_main_inlane_right' inactive >>>>>>>
2024-11-17 10:26:40,058 : INFO : Machine : Shutting down...
2024-11-17 10:26:40,058 : INFO : EventManager : Event: ======'shutdown'====== Args={}
2024-11-17 10:26:40,072 : INFO : root : MPF run loop ended.
