2024-11-27 19:37:59,461 : INFO : root : Loading config.
2024-11-27 19:37:59,490 : INFO : ConfigProcessor : Config spec file cache created: /tmp/config_spec.mpf_cache
2024-11-27 19:37:59,490 : INFO : YamlMultifileConfigLoader : Machine config file #1: config.yaml
2024-11-27 19:37:59,490 : INFO : ConfigProcessor : Loading config from file /home/caw/miniconda3/envs/envp311/lib/python3.11/site-packages/mpf/mpfconfig.yaml.
2024-11-27 19:37:59,497 : INFO : ConfigProcessor : Loading config: /home/caw/miniconda3/envs/envp311/lib/python3.11/site-packages/mpf/mpfconfig.yaml
2024-11-27 19:37:59,497 : INFO : ConfigProcessor : Loading config from file /home/caw/pinball/git/hauntedhouse/config/config.yaml.
2024-11-27 19:37:59,503 : INFO : ConfigProcessor : Loading config: /home/caw/pinball/git/hauntedhouse/config/config.yaml
2024-11-27 19:37:59,504 : INFO : ConfigProcessor : Config file cache created: /tmp/d32a4d6a14face28137ea07568729492.mpf_cache
2024-11-27 19:37:59,559 : INFO : ConfigProcessor : Loading config from file /home/caw/miniconda3/envs/envp311/lib/python3.11/site-packages/mpf/modes/attract/config/attract.yaml.
2024-11-27 19:37:59,560 : INFO : ConfigProcessor : Loading config: /home/caw/miniconda3/envs/envp311/lib/python3.11/site-packages/mpf/modes/attract/config/attract.yaml
2024-11-27 19:37:59,560 : INFO : ConfigProcessor : Loading config from file /home/caw/pinball/git/hauntedhouse/modes/attract/config/attract.yaml.
2024-11-27 19:37:59,560 : INFO : ConfigProcessor : Loading config: /home/caw/pinball/git/hauntedhouse/modes/attract/config/attract.yaml
2024-11-27 19:37:59,560 : INFO : ConfigProcessor : Config file cache created: /tmp/c3cb8e965ed6b9ae398206bf0c025946.mpf_cache
2024-11-27 19:37:59,561 : INFO : ConfigProcessor : Loading config from file /home/caw/miniconda3/envs/envp311/lib/python3.11/site-packages/mpf/modes/game/config/game.yaml.
2024-11-27 19:37:59,562 : INFO : ConfigProcessor : Loading config: /home/caw/miniconda3/envs/envp311/lib/python3.11/site-packages/mpf/modes/game/config/game.yaml
2024-11-27 19:37:59,562 : INFO : ConfigProcessor : Config file cache created: /tmp/03ef85df1864fb5ef5b7e38cbf9eb8a8.mpf_cache
2024-11-27 19:37:59,562 : INFO : ConfigProcessor : Loading config from file /home/caw/pinball/git/hauntedhouse/modes/base/config/base.yaml.
2024-11-27 19:37:59,566 : INFO : ConfigProcessor : Loading config: /home/caw/pinball/git/hauntedhouse/modes/base/config/base.yaml
2024-11-27 19:37:59,566 : INFO : ConfigProcessor : Config file cache created: /tmp/418c9b14ed72887d403c9035fb622579.mpf_cache
2024-11-27 19:37:59,566 : INFO : ConfigProcessor : Loading config from cache: /tmp/c3cb8e965ed6b9ae398206bf0c025946.mpf_cache
2024-11-27 19:37:59,567 : INFO : ConfigProcessor : Loading config from file /home/caw/miniconda3/envs/envp311/lib/python3.11/site-packages/mpf/modes/bonus/config/bonus.yaml.
2024-11-27 19:37:59,567 : INFO : ConfigProcessor : Loading config: /home/caw/miniconda3/envs/envp311/lib/python3.11/site-packages/mpf/modes/bonus/config/bonus.yaml
2024-11-27 19:37:59,568 : INFO : ConfigProcessor : Loading config from file /home/caw/pinball/git/hauntedhouse/modes/bonus/config/bonus.yaml.
2024-11-27 19:37:59,568 : INFO : ConfigProcessor : Loading config: /home/caw/pinball/git/hauntedhouse/modes/bonus/config/bonus.yaml
2024-11-27 19:37:59,568 : INFO : ConfigProcessor : Config file cache created: /tmp/ab4aa260ae3253e602af90b0c5a2cda3.mpf_cache
2024-11-27 19:37:59,569 : INFO : ConfigProcessor : Loading config from file /home/caw/pinball/git/hauntedhouse/modes/attract/shows/./attract_light_show.yaml.
2024-11-27 19:37:59,569 : INFO : ConfigProcessor : Loading config: /home/caw/pinball/git/hauntedhouse/modes/attract/shows/./attract_light_show.yaml
2024-11-27 19:37:59,569 : INFO : ConfigProcessor : Config file cache created: /tmp/15a3024276cd87dfce1c773b28812b20.mpf_cache
2024-11-27 19:37:59,569 : INFO : Machine : Mission Pinball Framework Core Engine v0.80.0.dev5
2024-11-27 19:37:59,569 : INFO : Machine : Command line arguments: {'no_load_cache': False, 'create_config_cache': True, 'bcp': True, 'configfile': ['config.yaml'], 'force_assets_load': False, 'platform_integration_test': False, 'jsonlogging': False, 'logfile': 'logs/2024-11-27-19-37-59-mpf-caw-System-Product-Name.log', 'pause': False, 'production': False, 'text_ui': True, 'loglevel': 15, 'consoleloglevel': 20, 'force_platform': None, 'syslog_address': None, 'full_logfile_path': '/home/caw/pinball/git/hauntedhouse/logs/2024-11-27-19-37-59-mpf-caw-System-Product-Name.log'}
2024-11-27 19:37:59,569 : INFO : Machine : MPF path: /home/caw/miniconda3/envs/envp311/lib/python3.11/site-packages/mpf
2024-11-27 19:37:59,569 : INFO : Machine : Machine path: /home/caw/pinball/git/hauntedhouse
2024-11-27 19:37:59,570 : INFO : Machine : Platform: linux
2024-11-27 19:37:59,570 : INFO : Machine : Python executable location: /home/caw/miniconda3/envs/envp311/bin/python
2024-11-27 19:37:59,570 : INFO : Machine : Python version: 3.11.10 (64-bit)
2024-11-27 19:37:59,570 : INFO : Machine : Initializing MPF...
2024-11-27 19:37:59,649 : INFO : P-Roc : Connecting to P-ROC
2024-11-27 19:37:59,927 : INFO : P-Roc : Successfully connected to P-ROC/P3-ROC. Firmware Version: 2. Firmware Revision: 6. Hardware Board ID: 1
2024-11-27 19:37:59,927 : WARNING : P-Roc : Consider upgrading the firmware of your P/P3-Roc to at least 2.14. Your version contains known bugs. See: https://missionpinball.org/logs
2024-11-27 19:37:59,934 : INFO : EventManager : Event: ======'machine_var_p_roc_version'====== Args={'value': 2, 'prev_value': None, 'change': True}
2024-11-27 19:37:59,934 : INFO : EventManager : Event: ======'machine_var_p_roc_revision'====== Args={'value': 6, 'prev_value': None, 'change': True}
2024-11-27 19:37:59,934 : INFO : EventManager : Event: ======'machine_var_p_roc_hardware_version'====== Args={'value': 1, 'prev_value': None, 'change': True}
2024-11-27 19:37:59,935 : INFO : EventManager : Event: ======'machine_var_credits_string'====== Args={'value': 'FREE PLAY', 'prev_value': None, 'change': True}
2024-11-27 19:37:59,949 : INFO : EventManager : Event: ======'machine_var_master_volume'====== Args={'value': 0.5, 'prev_value': None, 'change': True}
2024-11-27 19:37:59,949 : INFO : EventManager : Event: ======'machine_var_player1_score'====== Args={'value': 65590, 'prev_value': None, 'change': True}
2024-11-27 19:37:59,949 : INFO : EventManager : Event: ======'machine_var_mpf_version'====== Args={'value': 'Mission Pinball Framework v0.80.0.dev5', 'prev_value': None, 'change': True}
2024-11-27 19:37:59,949 : INFO : EventManager : Event: ======'machine_var_mpf_extended_version'====== Args={'value': 'Mission Pinball Framework v0.80.0.dev5, Config version:6, Show version: 6, BCP version:1.1', 'prev_value': None, 'change': True}
2024-11-27 19:37:59,949 : INFO : EventManager : Event: ======'machine_var_python_version'====== Args={'value': '3.11.10', 'prev_value': None, 'change': True}
2024-11-27 19:37:59,950 : INFO : EventManager : Event: ======'machine_var_platform'====== Args={'value': 'Linux-6.8.0-49-generic-x86_64-with-glibc2.39', 'prev_value': None, 'change': True}
2024-11-27 19:37:59,951 : INFO : EventManager : Event: ======'machine_var_platform_system'====== Args={'value': 'Linux', 'prev_value': None, 'change': True}
2024-11-27 19:37:59,951 : INFO : EventManager : Event: ======'machine_var_platform_release'====== Args={'value': '6.8.0-49-generic', 'prev_value': None, 'change': True}
2024-11-27 19:37:59,951 : INFO : EventManager : Event: ======'machine_var_platform_version'====== Args={'value': '#49-Ubuntu SMP PREEMPT_DYNAMIC Mon Nov  4 02:06:24 UTC 2024', 'prev_value': None, 'change': True}
2024-11-27 19:37:59,951 : INFO : EventManager : Event: ======'machine_var_platform_machine'====== Args={'value': 'x86_64', 'prev_value': None, 'change': True}
2024-11-27 19:37:59,951 : INFO : EventManager : Event: ======'machine_var_log_file_path'====== Args={'value': '/home/caw/pinball/git/hauntedhouse/logs/2024-11-27-19-37-59-mpf-caw-System-Product-Name.log', 'prev_value': None, 'change': True}
2024-11-27 19:37:59,951 : INFO : EventManager : Event: ======'init_phase_1'====== Args={}
2024-11-27 19:37:59,979 : INFO : EventManager : Event: ======'drop_target_bank_upper_up'====== Args={}
2024-11-27 19:37:59,979 : INFO : EventManager : Event: ======'drop_target_bank_lower_up'====== Args={}
2024-11-27 19:37:59,979 : INFO : EventManager : Event: ======'init_phase_2'====== Args={}
2024-11-27 19:37:59,995 : INFO : SwitchController : Found active switch: (48, <Platform.P3-ROC>) <switch.s_lower_1_drop>
2024-11-27 19:37:59,995 : INFO : SwitchController : Found active switch: (49, <Platform.P3-ROC>) <switch.s_lower_2_drop>
2024-11-27 19:37:59,995 : INFO : SwitchController : Found active switch: (51, <Platform.P3-ROC>) <switch.s_lower_4_drop>
2024-11-27 19:37:59,995 : INFO : SwitchController : Found active switch: (8, <Platform.P3-ROC>) <switch.s_upper_1_drop>
2024-11-27 19:37:59,995 : INFO : SwitchController : Found active switch: (9, <Platform.P3-ROC>) <switch.s_upper_2_drop>
2024-11-27 19:37:59,995 : INFO : SwitchController : Found active switch: (10, <Platform.P3-ROC>) <switch.s_upper_3_drop>
2024-11-27 19:37:59,995 : INFO : SwitchController : Found active switch: (11, <Platform.P3-ROC>) <switch.s_upper_4_drop>
2024-11-27 19:38:00,000 : INFO : EventManager : Event: ======'bcp_connection_attempt'====== Args={'name': 'local_display', 'host': 'localhost', 'port': 5050}
2024-11-27 19:38:00,001 : INFO : BCPClientSocket : Connecting BCP to 'local_display' at localhost:5050...
2024-11-27 19:38:00,005 : INFO : BCPClientSocket : Connected BCP to 'local_display' localhost:5050
2024-11-27 19:38:00,005 : INFO : EventManager : Event: ======'bcp_clients_connected'====== Args={}
2024-11-27 19:38:00,006 : INFO : ball_device.bd_drain : BCH: Initial count: 0
2024-11-27 19:38:00,006 : INFO : ball_device.bd_drain : State: idle
2024-11-27 19:38:00,006 : INFO : ball_device.bd_lower_vuk : BCH: Initial count: 0
2024-11-27 19:38:00,007 : INFO : ball_device.bd_lower_vuk : State: idle
2024-11-27 19:38:00,007 : INFO : ball_device.bd_lower_kickout_special : BCH: Initial count: 0
2024-11-27 19:38:00,007 : INFO : ball_device.bd_lower_kickout_special : State: idle
2024-11-27 19:38:00,007 : INFO : ball_device.bd_main_vuk : BCH: Initial count: 0
2024-11-27 19:38:00,007 : INFO : ball_device.bd_main_vuk : State: idle
2024-11-27 19:38:00,007 : INFO : ball_device.bd_main_kickout_right : BCH: Initial count: 0
2024-11-27 19:38:00,007 : INFO : ball_device.bd_main_kickout_right : State: idle
2024-11-27 19:38:00,007 : INFO : ball_device.bd_main_kickout_lane : BCH: Initial count: 0
2024-11-27 19:38:00,008 : INFO : ball_device.bd_main_kickout_lane : State: idle
2024-11-27 19:38:00,015 : INFO : EventManager : Event: ======'init_phase_3'====== Args={}
2024-11-27 19:38:00,017 : INFO : EventManager : Event: ======'init_phase_4'====== Args={}
2024-11-27 19:38:00,017 : INFO : EventManager : Event: ======'drop_target_u1_drop_down'====== Args={'device': <drop_target.u1_drop>}
2024-11-27 19:38:00,017 : INFO : EventManager : Event: ======'drop_target_u2_drop_down'====== Args={'device': <drop_target.u2_drop>}
2024-11-27 19:38:00,017 : INFO : EventManager : Event: ======'drop_target_u3_drop_down'====== Args={'device': <drop_target.u3_drop>}
2024-11-27 19:38:00,017 : INFO : EventManager : Event: ======'drop_target_u4_drop_down'====== Args={'device': <drop_target.u4_drop>}
2024-11-27 19:38:00,017 : INFO : EventManager : Event: ======'drop_target_l1_drop_down'====== Args={'device': <drop_target.l1_drop>}
2024-11-27 19:38:00,017 : INFO : EventManager : Event: ======'drop_target_l2_drop_down'====== Args={'device': <drop_target.l2_drop>}
2024-11-27 19:38:00,017 : INFO : EventManager : Event: ======'drop_target_l4_drop_down'====== Args={'device': <drop_target.l4_drop>}
2024-11-27 19:38:00,017 : INFO : BallController : Initial balls found: 0
2024-11-27 19:38:00,018 : INFO : EventManager : Event: ======'machine_var_audits_events_game_ended'====== Args={'value': 89, 'prev_value': None, 'change': True}
2024-11-27 19:38:00,018 : INFO : EventManager : Event: ======'machine_var_audits_events_game_started'====== Args={'value': 196, 'prev_value': None, 'change': True}
2024-11-27 19:38:00,018 : INFO : EventManager : Event: ======'machine_var_audits_missing_switches_s_lower_10pt_lower'====== Args={'value': 3, 'prev_value': None, 'change': True}
2024-11-27 19:38:00,018 : INFO : EventManager : Event: ======'machine_var_audits_missing_switches_s_lower_3_drop'====== Args={'value': 1, 'prev_value': None, 'change': True}
2024-11-27 19:38:00,018 : INFO : EventManager : Event: ======'machine_var_audits_missing_switches_s_lower_5_drop'====== Args={'value': 1, 'prev_value': None, 'change': True}
2024-11-27 19:38:00,018 : INFO : EventManager : Event: ======'machine_var_audits_missing_switches_s_lower_kick_target'====== Args={'value': 1, 'prev_value': None, 'change': True}
2024-11-27 19:38:00,018 : INFO : EventManager : Event: ======'machine_var_audits_missing_switches_s_lower_rollover'====== Args={'value': 2, 'prev_value': None, 'change': True}
2024-11-27 19:38:00,018 : INFO : EventManager : Event: ======'machine_var_audits_missing_switches_s_main_1_target'====== Args={'value': 5, 'prev_value': None, 'change': True}
2024-11-27 19:38:00,019 : INFO : EventManager : Event: ======'machine_var_audits_missing_switches_s_main_1_trough'====== Args={'value': 6, 'prev_value': None, 'change': True}
2024-11-27 19:38:00,019 : INFO : EventManager : Event: ======'machine_var_audits_missing_switches_s_main_2_trough'====== Args={'value': 3, 'prev_value': None, 'change': True}
2024-11-27 19:38:00,019 : INFO : EventManager : Event: ======'machine_var_audits_missing_switches_s_main_5_target'====== Args={'value': 4, 'prev_value': None, 'change': True}
2024-11-27 19:38:00,019 : INFO : EventManager : Event: ======'machine_var_audits_missing_switches_s_main_inlane_left'====== Args={'value': 1, 'prev_value': None, 'change': True}
2024-11-27 19:38:00,019 : INFO : EventManager : Event: ======'machine_var_audits_missing_switches_s_main_kickout_right'====== Args={'value': 1, 'prev_value': None, 'change': True}
2024-11-27 19:38:00,019 : INFO : EventManager : Event: ======'machine_var_audits_missing_switches_s_main_outlane_left'====== Args={'value': 2, 'prev_value': None, 'change': True}
2024-11-27 19:38:00,019 : INFO : EventManager : Event: ======'machine_var_audits_missing_switches_s_main_outlane_right'====== Args={'value': 1, 'prev_value': None, 'change': True}
2024-11-27 19:38:00,019 : INFO : EventManager : Event: ======'machine_var_audits_missing_switches_s_main_rollunder'====== Args={'value': 1, 'prev_value': None, 'change': True}
2024-11-27 19:38:00,019 : INFO : EventManager : Event: ======'machine_var_audits_missing_switches_s_main_trapdoor_trough'====== Args={'value': 9, 'prev_value': None, 'change': True}
2024-11-27 19:38:00,019 : INFO : EventManager : Event: ======'machine_var_audits_missing_switches_s_start'====== Args={'value': 1, 'prev_value': None, 'change': True}
2024-11-27 19:38:00,019 : INFO : EventManager : Event: ======'machine_var_audits_missing_switches_s_upper_10pt_center'====== Args={'value': 2, 'prev_value': None, 'change': True}
2024-11-27 19:38:00,019 : INFO : EventManager : Event: ======'machine_var_audits_missing_switches_s_upper_10pt_left'====== Args={'value': 4, 'prev_value': None, 'change': True}
2024-11-27 19:38:00,019 : INFO : EventManager : Event: ======'machine_var_audits_missing_switches_s_upper_1_drop'====== Args={'value': 10, 'prev_value': None, 'change': True}
2024-11-27 19:38:00,019 : INFO : EventManager : Event: ======'machine_var_audits_missing_switches_s_upper_1_target'====== Args={'value': 1, 'prev_value': None, 'change': True}
2024-11-27 19:38:00,019 : INFO : EventManager : Event: ======'machine_var_audits_missing_switches_s_upper_2_drop'====== Args={'value': 10, 'prev_value': None, 'change': True}
2024-11-27 19:38:00,019 : INFO : EventManager : Event: ======'machine_var_audits_missing_switches_s_upper_2_target'====== Args={'value': 5, 'prev_value': None, 'change': True}
2024-11-27 19:38:00,019 : INFO : EventManager : Event: ======'machine_var_audits_missing_switches_s_upper_3_drop'====== Args={'value': 4, 'prev_value': None, 'change': True}
2024-11-27 19:38:00,019 : INFO : EventManager : Event: ======'machine_var_audits_missing_switches_s_upper_3_target'====== Args={'value': 19, 'prev_value': None, 'change': True}
2024-11-27 19:38:00,019 : INFO : EventManager : Event: ======'machine_var_audits_missing_switches_s_upper_4_drop'====== Args={'value': 1, 'prev_value': None, 'change': True}
2024-11-27 19:38:00,019 : INFO : EventManager : Event: ======'machine_var_audits_missing_switches_s_upper_4_target'====== Args={'value': 25, 'prev_value': None, 'change': True}
2024-11-27 19:38:00,020 : INFO : EventManager : Event: ======'machine_var_audits_missing_switches_s_upper_pop'====== Args={'value': 1, 'prev_value': None, 'change': True}
2024-11-27 19:38:00,020 : INFO : EventManager : Event: ======'machine_var_audits_player_score'====== Args={'value': {'average': 34251, 'top': [211150, 170050, 162330, 120480, 114590, 104010, 92630, 88790, 81180, 78890], 'total': 92}, 'prev_value': None, 'change': True}
2024-11-27 19:38:00,020 : INFO : EventManager : Event: ======'machine_var_audits_shots_10pt'====== Args={'value': 262, 'prev_value': None, 'change': True}
2024-11-27 19:38:00,020 : INFO : EventManager : Event: ======'machine_var_audits_shots_left_inlane'====== Args={'value': 25, 'prev_value': None, 'change': True}
2024-11-27 19:38:00,020 : INFO : EventManager : Event: ======'machine_var_audits_shots_left_outlane'====== Args={'value': 15, 'prev_value': None, 'change': True}
2024-11-27 19:38:00,020 : INFO : EventManager : Event: ======'machine_var_audits_shots_lower_10pt_drops'====== Args={'value': 61, 'prev_value': None, 'change': True}
2024-11-27 19:38:00,020 : INFO : EventManager : Event: ======'machine_var_audits_shots_lower_10pt_lower'====== Args={'value': 21, 'prev_value': None, 'change': True}
2024-11-27 19:38:00,020 : INFO : EventManager : Event: ======'machine_var_audits_shots_lower_10pt_upper'====== Args={'value': 23, 'prev_value': None, 'change': True}
2024-11-27 19:38:00,020 : INFO : EventManager : Event: ======'machine_var_audits_shots_lower_1_drop'====== Args={'value': 53, 'prev_value': None, 'change': True}
2024-11-27 19:38:00,020 : INFO : EventManager : Event: ======'machine_var_audits_shots_lower_2_drop'====== Args={'value': 20, 'prev_value': None, 'change': True}
2024-11-27 19:38:00,020 : INFO : EventManager : Event: ======'machine_var_audits_shots_lower_3_drop'====== Args={'value': 21, 'prev_value': None, 'change': True}
2024-11-27 19:38:00,020 : INFO : EventManager : Event: ======'machine_var_audits_shots_lower_4_drop'====== Args={'value': 27, 'prev_value': None, 'change': True}
2024-11-27 19:38:00,020 : INFO : EventManager : Event: ======'machine_var_audits_shots_lower_5_drop'====== Args={'value': 28, 'prev_value': None, 'change': True}
2024-11-27 19:38:00,020 : INFO : EventManager : Event: ======'machine_var_audits_shots_lower_hole'====== Args={'value': 49, 'prev_value': None, 'change': True}
2024-11-27 19:38:00,021 : INFO : EventManager : Event: ======'machine_var_audits_shots_lower_kick_target'====== Args={'value': 7, 'prev_value': None, 'change': True}
2024-11-27 19:38:00,021 : INFO : EventManager : Event: ======'machine_var_audits_shots_lower_left'====== Args={'value': 23, 'prev_value': None, 'change': True}
2024-11-27 19:38:00,021 : INFO : EventManager : Event: ======'machine_var_audits_shots_lower_left_pop'====== Args={'value': 248, 'prev_value': None, 'change': True}
2024-11-27 19:38:00,021 : INFO : EventManager : Event: ======'machine_var_audits_shots_lower_pop'====== Args={'value': 53, 'prev_value': None, 'change': True}
2024-11-27 19:38:00,021 : INFO : EventManager : Event: ======'machine_var_audits_shots_lower_right'====== Args={'value': 12, 'prev_value': None, 'change': True}
2024-11-27 19:38:00,021 : INFO : EventManager : Event: ======'machine_var_audits_shots_lower_rollover'====== Args={'value': 36, 'prev_value': None, 'change': True}
2024-11-27 19:38:00,021 : INFO : EventManager : Event: ======'machine_var_audits_shots_lower_slingshot'====== Args={'value': 39, 'prev_value': None, 'change': True}
2024-11-27 19:38:00,021 : INFO : EventManager : Event: ======'machine_var_audits_shots_main_1'====== Args={'value': 33, 'prev_value': None, 'change': True}
2024-11-27 19:38:00,021 : INFO : EventManager : Event: ======'machine_var_audits_shots_main_2'====== Args={'value': 37, 'prev_value': None, 'change': True}
2024-11-27 19:38:00,021 : INFO : EventManager : Event: ======'machine_var_audits_shots_main_3'====== Args={'value': 36, 'prev_value': None, 'change': True}
2024-11-27 19:38:00,021 : INFO : EventManager : Event: ======'machine_var_audits_shots_main_4'====== Args={'value': 62, 'prev_value': None, 'change': True}
2024-11-27 19:38:00,021 : INFO : EventManager : Event: ======'machine_var_audits_shots_main_5'====== Args={'value': 28, 'prev_value': None, 'change': True}
2024-11-27 19:38:00,021 : INFO : EventManager : Event: ======'machine_var_audits_shots_main_slingshot'====== Args={'value': 62, 'prev_value': None, 'change': True}
2024-11-27 19:38:00,021 : INFO : EventManager : Event: ======'machine_var_audits_shots_main_trough_1'====== Args={'value': 20, 'prev_value': None, 'change': True}
2024-11-27 19:38:00,022 : INFO : EventManager : Event: ======'machine_var_audits_shots_main_trough_2'====== Args={'value': 2, 'prev_value': None, 'change': True}
2024-11-27 19:38:00,022 : INFO : EventManager : Event: ======'machine_var_audits_shots_right_inlane'====== Args={'value': 86, 'prev_value': None, 'change': True}
2024-11-27 19:38:00,022 : INFO : EventManager : Event: ======'machine_var_audits_shots_right_kickout'====== Args={'value': 38, 'prev_value': None, 'change': True}
2024-11-27 19:38:00,022 : INFO : EventManager : Event: ======'machine_var_audits_shots_right_outlane'====== Args={'value': 48, 'prev_value': None, 'change': True}
2024-11-27 19:38:00,022 : INFO : EventManager : Event: ======'machine_var_audits_shots_rollunder'====== Args={'value': 129, 'prev_value': None, 'change': True}
2024-11-27 19:38:00,022 : INFO : EventManager : Event: ======'machine_var_audits_shots_secret_passage_trough'====== Args={'value': 14, 'prev_value': None, 'change': True}
2024-11-27 19:38:00,022 : INFO : EventManager : Event: ======'machine_var_audits_shots_standup_right'====== Args={'value': 107, 'prev_value': None, 'change': True}
2024-11-27 19:38:00,022 : INFO : EventManager : Event: ======'machine_var_audits_shots_trapdoor_trough'====== Args={'value': 10, 'prev_value': None, 'change': True}
2024-11-27 19:38:00,022 : INFO : EventManager : Event: ======'machine_var_audits_shots_upper_1'====== Args={'value': 101, 'prev_value': None, 'change': True}
2024-11-27 19:38:00,022 : INFO : EventManager : Event: ======'machine_var_audits_shots_upper_1_drop'====== Args={'value': 182, 'prev_value': None, 'change': True}
2024-11-27 19:38:00,022 : INFO : EventManager : Event: ======'machine_var_audits_shots_upper_2'====== Args={'value': 93, 'prev_value': None, 'change': True}
2024-11-27 19:38:00,022 : INFO : EventManager : Event: ======'machine_var_audits_shots_upper_2_drop'====== Args={'value': 78, 'prev_value': None, 'change': True}
2024-11-27 19:38:00,023 : INFO : EventManager : Event: ======'machine_var_audits_shots_upper_3'====== Args={'value': 42, 'prev_value': None, 'change': True}
2024-11-27 19:38:00,023 : INFO : EventManager : Event: ======'machine_var_audits_shots_upper_3_drop'====== Args={'value': 105, 'prev_value': None, 'change': True}
2024-11-27 19:38:00,023 : INFO : EventManager : Event: ======'machine_var_audits_shots_upper_4'====== Args={'value': 43, 'prev_value': None, 'change': True}
2024-11-27 19:38:00,023 : INFO : EventManager : Event: ======'machine_var_audits_shots_upper_4_drop'====== Args={'value': 166, 'prev_value': None, 'change': True}
2024-11-27 19:38:00,023 : INFO : EventManager : Event: ======'machine_var_audits_shots_upper_left_pop'====== Args={'value': 125, 'prev_value': None, 'change': True}
2024-11-27 19:38:00,023 : INFO : EventManager : Event: ======'machine_var_audits_shots_upper_pop'====== Args={'value': 608, 'prev_value': None, 'change': True}
2024-11-27 19:38:00,023 : INFO : EventManager : Event: ======'machine_var_audits_switches_s_left_flipper1'====== Args={'value': 603, 'prev_value': None, 'change': True}
2024-11-27 19:38:00,023 : INFO : EventManager : Event: ======'machine_var_audits_switches_s_left_flipper2'====== Args={'value': 601, 'prev_value': None, 'change': True}
2024-11-27 19:38:00,024 : INFO : EventManager : Event: ======'machine_var_audits_switches_s_lower_10pt_UPPER'====== Args={'value': 0, 'prev_value': None, 'change': True}
2024-11-27 19:38:00,024 : INFO : EventManager : Event: ======'machine_var_audits_switches_s_lower_10pt_drops'====== Args={'value': 61, 'prev_value': None, 'change': True}
2024-11-27 19:38:00,024 : INFO : EventManager : Event: ======'machine_var_audits_switches_s_lower_10pt_lower'====== Args={'value': 21, 'prev_value': None, 'change': True}
2024-11-27 19:38:00,024 : INFO : EventManager : Event: ======'machine_var_audits_switches_s_lower_10pt_upper'====== Args={'value': 23, 'prev_value': None, 'change': True}
2024-11-27 19:38:00,024 : INFO : EventManager : Event: ======'machine_var_audits_switches_s_lower_1_drop'====== Args={'value': 408, 'prev_value': None, 'change': True}
2024-11-27 19:38:00,024 : INFO : EventManager : Event: ======'machine_var_audits_switches_s_lower_2_drop'====== Args={'value': 20, 'prev_value': None, 'change': True}
2024-11-27 19:38:00,024 : INFO : EventManager : Event: ======'machine_var_audits_switches_s_lower_3_drop'====== Args={'value': 21, 'prev_value': None, 'change': True}
2024-11-27 19:38:00,024 : INFO : EventManager : Event: ======'machine_var_audits_switches_s_lower_4_drop'====== Args={'value': 27, 'prev_value': None, 'change': True}
2024-11-27 19:38:00,024 : INFO : EventManager : Event: ======'machine_var_audits_switches_s_lower_5_drop'====== Args={'value': 28, 'prev_value': None, 'change': True}
2024-11-27 19:38:00,024 : INFO : EventManager : Event: ======'machine_var_audits_switches_s_lower_bonus_left'====== Args={'value': 23, 'prev_value': None, 'change': True}
2024-11-27 19:38:00,024 : INFO : EventManager : Event: ======'machine_var_audits_switches_s_lower_bonus_right'====== Args={'value': 12, 'prev_value': None, 'change': True}
2024-11-27 19:38:00,025 : INFO : EventManager : Event: ======'machine_var_audits_switches_s_lower_kick_target'====== Args={'value': 7, 'prev_value': None, 'change': True}
2024-11-27 19:38:00,025 : INFO : EventManager : Event: ======'machine_var_audits_switches_s_lower_kickout_special'====== Args={'value': 49, 'prev_value': None, 'change': True}
2024-11-27 19:38:00,025 : INFO : EventManager : Event: ======'machine_var_audits_switches_s_lower_pop'====== Args={'value': 53, 'prev_value': None, 'change': True}
2024-11-27 19:38:00,025 : INFO : EventManager : Event: ======'machine_var_audits_switches_s_lower_rollover'====== Args={'value': 64, 'prev_value': None, 'change': True}
2024-11-27 19:38:00,025 : INFO : EventManager : Event: ======'machine_var_audits_switches_s_lower_slingshot'====== Args={'value': 39, 'prev_value': None, 'change': True}
2024-11-27 19:38:00,025 : INFO : EventManager : Event: ======'machine_var_audits_switches_s_lower_vuk'====== Args={'value': 270, 'prev_value': None, 'change': True}
2024-11-27 19:38:00,025 : INFO : EventManager : Event: ======'machine_var_audits_switches_s_main_10pt_left'====== Args={'value': 40, 'prev_value': None, 'change': True}
2024-11-27 19:38:00,025 : INFO : EventManager : Event: ======'machine_var_audits_switches_s_main_1_target'====== Args={'value': 60, 'prev_value': None, 'change': True}
2024-11-27 19:38:00,025 : INFO : EventManager : Event: ======'machine_var_audits_switches_s_main_1_trough'====== Args={'value': 53, 'prev_value': None, 'change': True}
2024-11-27 19:38:00,025 : INFO : EventManager : Event: ======'machine_var_audits_switches_s_main_2_target'====== Args={'value': 60, 'prev_value': None, 'change': True}
2024-11-27 19:38:00,026 : INFO : EventManager : Event: ======'machine_var_audits_switches_s_main_2_trough'====== Args={'value': 66, 'prev_value': None, 'change': True}
2024-11-27 19:38:00,026 : INFO : EventManager : Event: ======'machine_var_audits_switches_s_main_3_target'====== Args={'value': 36, 'prev_value': None, 'change': True}
2024-11-27 19:38:00,026 : INFO : EventManager : Event: ======'machine_var_audits_switches_s_main_4_target'====== Args={'value': 78, 'prev_value': None, 'change': True}
2024-11-27 19:38:00,026 : INFO : EventManager : Event: ======'machine_var_audits_switches_s_main_5_target'====== Args={'value': 62, 'prev_value': None, 'change': True}
2024-11-27 19:38:00,026 : INFO : EventManager : Event: ======'machine_var_audits_switches_s_main_inlane_left'====== Args={'value': 28, 'prev_value': None, 'change': True}
2024-11-27 19:38:00,026 : INFO : EventManager : Event: ======'machine_var_audits_switches_s_main_inlane_right'====== Args={'value': 91, 'prev_value': None, 'change': True}
2024-11-27 19:38:00,026 : INFO : EventManager : Event: ======'machine_var_audits_switches_s_main_kickout_right'====== Args={'value': 136, 'prev_value': None, 'change': True}
2024-11-27 19:38:00,026 : INFO : EventManager : Event: ======'machine_var_audits_switches_s_main_lane_center'====== Args={'value': 159, 'prev_value': None, 'change': True}
2024-11-27 19:38:00,026 : INFO : EventManager : Event: ======'machine_var_audits_switches_s_main_outhole'====== Args={'value': 633, 'prev_value': None, 'change': True}
2024-11-27 19:38:00,026 : INFO : EventManager : Event: ======'machine_var_audits_switches_s_main_outlane_left'====== Args={'value': 22, 'prev_value': None, 'change': True}
2024-11-27 19:38:00,027 : INFO : EventManager : Event: ======'machine_var_audits_switches_s_main_outlane_right'====== Args={'value': 49, 'prev_value': None, 'change': True}
2024-11-27 19:38:00,027 : INFO : EventManager : Event: ======'machine_var_audits_switches_s_main_pop_bottom'====== Args={'value': 276, 'prev_value': None, 'change': True}
2024-11-27 19:38:00,027 : INFO : EventManager : Event: ======'machine_var_audits_switches_s_main_pop_top'====== Args={'value': 190, 'prev_value': None, 'change': True}
2024-11-27 19:38:00,027 : INFO : EventManager : Event: ======'machine_var_audits_switches_s_main_rollunder'====== Args={'value': 129, 'prev_value': None, 'change': True}
2024-11-27 19:38:00,027 : INFO : EventManager : Event: ======'machine_var_audits_switches_s_main_roundabout_rollunder'====== Args={'value': 52, 'prev_value': None, 'change': True}
2024-11-27 19:38:00,027 : INFO : EventManager : Event: ======'machine_var_audits_switches_s_main_secret_trough'====== Args={'value': 44, 'prev_value': None, 'change': True}
2024-11-27 19:38:00,027 : INFO : EventManager : Event: ======'machine_var_audits_switches_s_main_slingshot'====== Args={'value': 257, 'prev_value': None, 'change': True}
2024-11-27 19:38:00,027 : INFO : EventManager : Event: ======'machine_var_audits_switches_s_main_target_right'====== Args={'value': 160, 'prev_value': None, 'change': True}
2024-11-27 19:38:00,027 : INFO : EventManager : Event: ======'machine_var_audits_switches_s_main_trapdoor_trough'====== Args={'value': 10, 'prev_value': None, 'change': True}
2024-11-27 19:38:00,028 : INFO : EventManager : Event: ======'machine_var_audits_switches_s_main_vuk'====== Args={'value': 300, 'prev_value': None, 'change': True}
2024-11-27 19:38:00,028 : INFO : EventManager : Event: ======'machine_var_audits_switches_s_right_flipper1'====== Args={'value': 531, 'prev_value': None, 'change': True}
2024-11-27 19:38:00,028 : INFO : EventManager : Event: ======'machine_var_audits_switches_s_right_flipper2'====== Args={'value': 508, 'prev_value': None, 'change': True}
2024-11-27 19:38:00,028 : INFO : EventManager : Event: ======'machine_var_audits_switches_s_start'====== Args={'value': 7, 'prev_value': None, 'change': True}
2024-11-27 19:38:00,028 : INFO : EventManager : Event: ======'machine_var_audits_switches_s_upper_10pt_center'====== Args={'value': 201, 'prev_value': None, 'change': True}
2024-11-27 19:38:00,028 : INFO : EventManager : Event: ======'machine_var_audits_switches_s_upper_10pt_left'====== Args={'value': 127, 'prev_value': None, 'change': True}
2024-11-27 19:38:00,028 : INFO : EventManager : Event: ======'machine_var_audits_switches_s_upper_1_drop'====== Args={'value': 191, 'prev_value': None, 'change': True}
2024-11-27 19:38:00,028 : INFO : EventManager : Event: ======'machine_var_audits_switches_s_upper_1_target'====== Args={'value': 163, 'prev_value': None, 'change': True}
2024-11-27 19:38:00,028 : INFO : EventManager : Event: ======'machine_var_audits_switches_s_upper_2_drop'====== Args={'value': 96, 'prev_value': None, 'change': True}
2024-11-27 19:38:00,029 : INFO : EventManager : Event: ======'machine_var_audits_switches_s_upper_2_target'====== Args={'value': 179, 'prev_value': None, 'change': True}
2024-11-27 19:38:00,029 : INFO : EventManager : Event: ======'machine_var_audits_switches_s_upper_3_drop'====== Args={'value': 117, 'prev_value': None, 'change': True}
2024-11-27 19:38:00,029 : INFO : EventManager : Event: ======'machine_var_audits_switches_s_upper_3_target'====== Args={'value': 79, 'prev_value': None, 'change': True}
2024-11-27 19:38:00,029 : INFO : EventManager : Event: ======'machine_var_audits_switches_s_upper_4_drop'====== Args={'value': 186, 'prev_value': None, 'change': True}
2024-11-27 19:38:00,029 : INFO : EventManager : Event: ======'machine_var_audits_switches_s_upper_4_target'====== Args={'value': 81, 'prev_value': None, 'change': True}
2024-11-27 19:38:00,029 : INFO : EventManager : Event: ======'machine_var_audits_switches_s_upper_pop'====== Args={'value': 840, 'prev_value': None, 'change': True}
2024-11-27 19:38:00,030 : INFO : EventManager : Event: ======'init_phase_5'====== Args={}
2024-11-27 19:38:00,033 : INFO : EventManager : Event: ======'init_done'====== Args={}
2024-11-27 19:38:00,033 : INFO : EventManager : Event: ======'machine_reset_phase_1'====== Args={}
2024-11-27 19:38:00,040 : INFO : EventManager : Event: ======'machine_reset_phase_2'====== Args={}
2024-11-27 19:38:00,040 : INFO : EventManager : Event: ======'machine_reset_phase_3'====== Args={}
2024-11-27 19:38:00,040 : INFO : drop_target_bank.upper : 4 targets are down. Will reset those.
2024-11-27 19:38:00,040 : INFO : coil.c_upper_drop : Pulsing Driver for 75ms (1.0 pulse_power)
2024-11-27 19:38:00,041 : INFO : drop_target_bank.lower : 3 targets are down. Will reset those.
2024-11-27 19:38:00,041 : INFO : coil.c_upper_drop : Pulsing Driver for 75ms (1.0 pulse_power)
2024-11-27 19:38:00,041 : INFO : coil.c_upper_drop : Pulsing Driver for 75ms (1.0 pulse_power)
2024-11-27 19:38:00,041 : INFO : coil.c_upper_drop : Pulsing Driver for 75ms (1.0 pulse_power)
2024-11-27 19:38:00,041 : INFO : coil.c_upper_drop : Pulsing Driver for 75ms (1.0 pulse_power)
2024-11-27 19:38:00,041 : INFO : coil.c_lower_drop : Pulsing Driver for 50ms (1.0 pulse_power)
2024-11-27 19:38:00,041 : INFO : coil.c_lower_drop : Pulsing Driver for 50ms (1.0 pulse_power)
2024-11-27 19:38:00,041 : INFO : coil.c_lower_drop : Pulsing Driver for 50ms (1.0 pulse_power)
2024-11-27 19:38:00,041 : INFO : EventManager : Event: ======'reset_complete'====== Args={}
2024-11-27 19:38:00,041 : INFO : EventManager : Event: ======'mode_attract_will_start'====== Args={}
2024-11-27 19:38:00,041 : INFO : EventManager : Event: ======'mode_attract_starting'====== Args={}
2024-11-27 19:38:00,041 : INFO : Mode.attract : Started. Priority: 10
2024-11-27 19:38:00,041 : INFO : EventManager : Event: ======'modes_active_modes_changed'====== Args={}
2024-11-27 19:38:00,041 : INFO : EventManager : Event: ======'mode_attract_started'====== Args={}
2024-11-27 19:38:00,042 : INFO : EventManager : Event: ======'collecting_balls_complete'====== Args={}
2024-11-27 19:38:00,044 : INFO : Machine : Starting the main run loop with active modes: [<Mode.attract>]
2024-11-27 19:38:00,093 : INFO : SwitchController : <<<<<<< 's_upper_1_drop' inactive (muted) >>>>>>>
2024-11-27 19:38:00,093 : INFO : SwitchController : <<<<<<< 's_upper_2_drop' inactive (muted) >>>>>>>
2024-11-27 19:38:00,093 : INFO : SwitchController : <<<<<<< 's_upper_3_drop' inactive (muted) >>>>>>>
2024-11-27 19:38:00,093 : INFO : SwitchController : <<<<<<< 's_upper_4_drop' inactive (muted) >>>>>>>
2024-11-27 19:38:00,093 : INFO : SwitchController : <<<<<<< 's_lower_2_drop' inactive (muted) >>>>>>>
2024-11-27 19:38:00,093 : INFO : SwitchController : <<<<<<< 's_lower_1_drop' inactive (muted) >>>>>>>
2024-11-27 19:38:00,093 : INFO : SwitchController : <<<<<<< 's_lower_4_drop' inactive (muted) >>>>>>>
2024-11-27 19:38:00,097 : INFO : EventManager : Event: ======'slide_attract_scroll_created'====== Args={'_from_bcp': True}
2024-11-27 19:38:00,126 : INFO : coil.c_lower_drop : Pulsing Driver for 50ms (1.0 pulse_power)
2024-11-27 19:38:00,138 : INFO : EventManager : Event: ======'slide__removed'====== Args={'_from_bcp': True}
2024-11-27 19:38:00,138 : INFO : EventManager : Event: ======'slide_attract_scroll_active'====== Args={'original_context': 'attract', 'original_calling_context': 'mode_attract_started', 'priority': 10.0, 'cmd': 'slides_play', '_from_bcp': True}
2024-11-27 19:38:00,292 : WARNING : SwitchController : Received duplicate switch state 0 for switch s_upper_4_drop from the platform interface. Log Code: Log-SwitchController-1 (https://missionpinball.org/logs)
2024-11-27 19:38:00,334 : WARNING : SwitchController : Received duplicate switch state 0 for switch s_lower_1_drop from the platform interface. Log Code: Log-SwitchController-1 (https://missionpinball.org/logs)
2024-11-27 19:38:00,541 : INFO : EventManager : Event: ======'drop_target_u1_drop_up'====== Args={'device': <drop_target.u1_drop>}
2024-11-27 19:38:00,541 : INFO : EventManager : Event: ======'drop_target_u2_drop_up'====== Args={'device': <drop_target.u2_drop>}
2024-11-27 19:38:00,541 : INFO : EventManager : Event: ======'drop_target_u3_drop_up'====== Args={'device': <drop_target.u3_drop>}
2024-11-27 19:38:00,541 : INFO : EventManager : Event: ======'drop_target_u4_drop_up'====== Args={'device': <drop_target.u4_drop>}
2024-11-27 19:38:00,541 : INFO : EventManager : Event: ======'drop_target_l1_drop_up'====== Args={'device': <drop_target.l1_drop>}
2024-11-27 19:38:00,541 : INFO : EventManager : Event: ======'drop_target_l2_drop_up'====== Args={'device': <drop_target.l2_drop>}
2024-11-27 19:38:00,541 : INFO : EventManager : Event: ======'drop_target_l4_drop_up'====== Args={'device': <drop_target.l4_drop>}
2024-11-27 19:38:46,722 : INFO : Machine : Shutting down...
2024-11-27 19:38:46,722 : INFO : EventManager : Event: ======'shutdown'====== Args={}
2024-11-27 19:38:46,724 : INFO : root : MPF run loop ended.
