2024-11-21 18:36:22,881 : INFO : root : Loading config.
2024-11-21 18:36:22,883 : INFO : YamlMultifileConfigLoader : Machine config file #1: config.yaml
2024-11-21 18:36:22,883 : WARNING : ConfigProcessor : Config file in cache changed: /home/caw/pinball/git/hauntedhouse/config/config.yaml
2024-11-21 18:36:22,883 : INFO : ConfigProcessor : Loading config from file /home/caw/miniconda3/envs/envp311/lib/python3.11/site-packages/mpf/mpfconfig.yaml.
2024-11-21 18:36:22,890 : INFO : ConfigProcessor : Loading config: /home/caw/miniconda3/envs/envp311/lib/python3.11/site-packages/mpf/mpfconfig.yaml
2024-11-21 18:36:22,890 : INFO : ConfigProcessor : Loading config from file /home/caw/pinball/git/hauntedhouse/config/config.yaml.
2024-11-21 18:36:22,896 : INFO : ConfigProcessor : Loading config: /home/caw/pinball/git/hauntedhouse/config/config.yaml
2024-11-21 18:36:22,897 : INFO : ConfigProcessor : Config file cache created: /tmp/d32a4d6a14face28137ea07568729492.mpf_cache
2024-11-21 18:36:22,921 : INFO : ConfigProcessor : Loading config from cache: /tmp/c3cb8e965ed6b9ae398206bf0c025946.mpf_cache
2024-11-21 18:36:22,922 : INFO : ConfigProcessor : Loading config from cache: /tmp/03ef85df1864fb5ef5b7e38cbf9eb8a8.mpf_cache
2024-11-21 18:36:22,922 : INFO : ConfigProcessor : Loading config from cache: /tmp/418c9b14ed72887d403c9035fb622579.mpf_cache
2024-11-21 18:36:22,922 : INFO : ConfigProcessor : Loading config from cache: /tmp/c3cb8e965ed6b9ae398206bf0c025946.mpf_cache
2024-11-21 18:36:22,923 : INFO : ConfigProcessor : Loading config from cache: /tmp/15a3024276cd87dfce1c773b28812b20.mpf_cache
2024-11-21 18:36:22,923 : INFO : Machine : Mission Pinball Framework Core Engine v0.80.0.dev5
2024-11-21 18:36:22,923 : INFO : Machine : Command line arguments: {'no_load_cache': False, 'create_config_cache': True, 'bcp': True, 'configfile': ['config.yaml'], 'force_assets_load': False, 'platform_integration_test': False, 'jsonlogging': False, 'logfile': 'logs/2024-11-21-18-36-22-mpf-caw-System-Product-Name.log', 'pause': False, 'production': False, 'text_ui': True, 'loglevel': 15, 'consoleloglevel': 20, 'force_platform': None, 'syslog_address': None, 'full_logfile_path': '/home/caw/pinball/git/hauntedhouse/logs/2024-11-21-18-36-22-mpf-caw-System-Product-Name.log'}
2024-11-21 18:36:22,923 : INFO : Machine : MPF path: /home/caw/miniconda3/envs/envp311/lib/python3.11/site-packages/mpf
2024-11-21 18:36:22,923 : INFO : Machine : Machine path: /home/caw/pinball/git/hauntedhouse
2024-11-21 18:36:22,923 : INFO : Machine : Platform: linux
2024-11-21 18:36:22,923 : INFO : Machine : Python executable location: /home/caw/miniconda3/envs/envp311/bin/python
2024-11-21 18:36:22,923 : INFO : Machine : Python version: 3.11.10 (64-bit)
2024-11-21 18:36:22,924 : INFO : Machine : Initializing MPF...
2024-11-21 18:36:22,952 : INFO : P-Roc : Connecting to P-ROC
2024-11-21 18:36:23,025 : INFO : P-Roc : Successfully connected to P-ROC/P3-ROC. Firmware Version: 2. Firmware Revision: 6. Hardware Board ID: 1
2024-11-21 18:36:23,026 : WARNING : P-Roc : Consider upgrading the firmware of your P/P3-Roc to at least 2.14. Your version contains known bugs. See: https://missionpinball.org/logs
2024-11-21 18:36:23,048 : INFO : EventManager : Event: ======'machine_var_p_roc_version'====== Args={'value': 2, 'prev_value': None, 'change': True}
2024-11-21 18:36:23,048 : INFO : EventManager : Event: ======'machine_var_p_roc_revision'====== Args={'value': 6, 'prev_value': None, 'change': True}
2024-11-21 18:36:23,048 : INFO : EventManager : Event: ======'machine_var_p_roc_hardware_version'====== Args={'value': 1, 'prev_value': None, 'change': True}
2024-11-21 18:36:23,048 : INFO : EventManager : Event: ======'machine_var_credits_string'====== Args={'value': 'FREE PLAY', 'prev_value': None, 'change': True}
2024-11-21 18:36:23,053 : INFO : EventManager : Event: ======'machine_var_master_volume'====== Args={'value': 0.5, 'prev_value': None, 'change': True}
2024-11-21 18:36:23,053 : INFO : EventManager : Event: ======'machine_var_player1_score'====== Args={'value': 60000, 'prev_value': None, 'change': True}
2024-11-21 18:36:23,053 : INFO : EventManager : Event: ======'machine_var_mpf_version'====== Args={'value': 'Mission Pinball Framework v0.80.0.dev5', 'prev_value': None, 'change': True}
2024-11-21 18:36:23,053 : INFO : EventManager : Event: ======'machine_var_mpf_extended_version'====== Args={'value': 'Mission Pinball Framework v0.80.0.dev5, Config version:6, Show version: 6, BCP version:1.1', 'prev_value': None, 'change': True}
2024-11-21 18:36:23,053 : INFO : EventManager : Event: ======'machine_var_python_version'====== Args={'value': '3.11.10', 'prev_value': None, 'change': True}
2024-11-21 18:36:23,055 : INFO : EventManager : Event: ======'machine_var_platform'====== Args={'value': 'Linux-6.8.0-49-generic-x86_64-with-glibc2.39', 'prev_value': None, 'change': True}
2024-11-21 18:36:23,055 : INFO : EventManager : Event: ======'machine_var_platform_system'====== Args={'value': 'Linux', 'prev_value': None, 'change': True}
2024-11-21 18:36:23,055 : INFO : EventManager : Event: ======'machine_var_platform_release'====== Args={'value': '6.8.0-49-generic', 'prev_value': None, 'change': True}
2024-11-21 18:36:23,055 : INFO : EventManager : Event: ======'machine_var_platform_version'====== Args={'value': '#49-Ubuntu SMP PREEMPT_DYNAMIC Mon Nov  4 02:06:24 UTC 2024', 'prev_value': None, 'change': True}
2024-11-21 18:36:23,055 : INFO : EventManager : Event: ======'machine_var_platform_machine'====== Args={'value': 'x86_64', 'prev_value': None, 'change': True}
2024-11-21 18:36:23,055 : INFO : EventManager : Event: ======'machine_var_log_file_path'====== Args={'value': '/home/caw/pinball/git/hauntedhouse/logs/2024-11-21-18-36-22-mpf-caw-System-Product-Name.log', 'prev_value': None, 'change': True}
2024-11-21 18:36:23,055 : INFO : EventManager : Event: ======'init_phase_1'====== Args={}
2024-11-21 18:36:23,076 : INFO : EventManager : Event: ======'drop_target_bank_upper_up'====== Args={}
2024-11-21 18:36:23,076 : INFO : EventManager : Event: ======'drop_target_bank_lower_up'====== Args={}
2024-11-21 18:36:23,076 : INFO : EventManager : Event: ======'init_phase_2'====== Args={}
2024-11-21 18:36:23,091 : INFO : SwitchController : Found active switch: (39, <Platform.P3-ROC>) <switch.s_main_outhole>
2024-11-21 18:36:23,095 : INFO : EventManager : Event: ======'bcp_connection_attempt'====== Args={'name': 'local_display', 'host': 'localhost', 'port': 5050}
2024-11-21 18:36:23,096 : INFO : BCPClientSocket : Connecting BCP to 'local_display' at localhost:5050...
2024-11-21 18:36:28,642 : INFO : BCPClientSocket : Connected BCP to 'local_display' localhost:5050
2024-11-21 18:36:28,643 : INFO : EventManager : Event: ======'bcp_clients_connected'====== Args={}
2024-11-21 18:36:28,644 : INFO : ball_device.bd_drain : BCH: Initial count: 1
2024-11-21 18:36:28,644 : INFO : ball_device.bd_drain : State: idle
2024-11-21 18:36:28,644 : INFO : ball_device.bd_lower_vuk : BCH: Initial count: 0
2024-11-21 18:36:28,644 : INFO : ball_device.bd_lower_vuk : State: idle
2024-11-21 18:36:28,644 : INFO : ball_device.bd_lower_kickout_special : BCH: Initial count: 0
2024-11-21 18:36:28,644 : INFO : ball_device.bd_lower_kickout_special : State: idle
2024-11-21 18:36:28,645 : INFO : ball_device.bd_main_vuk : BCH: Initial count: 0
2024-11-21 18:36:28,645 : INFO : ball_device.bd_main_vuk : State: idle
2024-11-21 18:36:28,645 : INFO : ball_device.bd_main_kickout_right : BCH: Initial count: 0
2024-11-21 18:36:28,645 : INFO : ball_device.bd_main_kickout_right : State: idle
2024-11-21 18:36:28,645 : INFO : ball_device.bd_main_kickout_lane : BCH: Initial count: 0
2024-11-21 18:36:28,645 : INFO : ball_device.bd_main_kickout_lane : State: idle
2024-11-21 18:36:28,651 : INFO : EventManager : Event: ======'init_phase_3'====== Args={}
2024-11-21 18:36:28,652 : INFO : EventManager : Event: ======'init_phase_4'====== Args={}
2024-11-21 18:36:28,652 : INFO : BallController : Initial balls found: 1
2024-11-21 18:36:28,652 : INFO : EventManager : Event: ======'machine_var_audits_events_game_ended'====== Args={'value': 66, 'prev_value': None, 'change': True}
2024-11-21 18:36:28,653 : INFO : EventManager : Event: ======'machine_var_audits_events_game_started'====== Args={'value': 144, 'prev_value': None, 'change': True}
2024-11-21 18:36:28,653 : INFO : EventManager : Event: ======'machine_var_audits_missing_switches_s_left_flipper1'====== Args={'value': 15, 'prev_value': None, 'change': True}
2024-11-21 18:36:28,653 : INFO : EventManager : Event: ======'machine_var_audits_missing_switches_s_left_flipper2'====== Args={'value': 15, 'prev_value': None, 'change': True}
2024-11-21 18:36:28,653 : INFO : EventManager : Event: ======'machine_var_audits_missing_switches_s_lower_10pt_drops'====== Args={'value': 17, 'prev_value': None, 'change': True}
2024-11-21 18:36:28,653 : INFO : EventManager : Event: ======'machine_var_audits_missing_switches_s_lower_10pt_lower'====== Args={'value': 18, 'prev_value': None, 'change': True}
2024-11-21 18:36:28,653 : INFO : EventManager : Event: ======'machine_var_audits_missing_switches_s_lower_10pt_upper'====== Args={'value': 17, 'prev_value': None, 'change': True}
2024-11-21 18:36:28,653 : INFO : EventManager : Event: ======'machine_var_audits_missing_switches_s_lower_1_drop'====== Args={'value': 18, 'prev_value': None, 'change': True}
2024-11-21 18:36:28,653 : INFO : EventManager : Event: ======'machine_var_audits_missing_switches_s_lower_2_drop'====== Args={'value': 17, 'prev_value': None, 'change': True}
2024-11-21 18:36:28,653 : INFO : EventManager : Event: ======'machine_var_audits_missing_switches_s_lower_3_drop'====== Args={'value': 18, 'prev_value': None, 'change': True}
2024-11-21 18:36:28,653 : INFO : EventManager : Event: ======'machine_var_audits_missing_switches_s_lower_4_drop'====== Args={'value': 30, 'prev_value': None, 'change': True}
2024-11-21 18:36:28,653 : INFO : EventManager : Event: ======'machine_var_audits_missing_switches_s_lower_5_drop'====== Args={'value': 18, 'prev_value': None, 'change': True}
2024-11-21 18:36:28,653 : INFO : EventManager : Event: ======'machine_var_audits_missing_switches_s_lower_bonus_left'====== Args={'value': 17, 'prev_value': None, 'change': True}
2024-11-21 18:36:28,653 : INFO : EventManager : Event: ======'machine_var_audits_missing_switches_s_lower_bonus_right'====== Args={'value': 34, 'prev_value': None, 'change': True}
2024-11-21 18:36:28,653 : INFO : EventManager : Event: ======'machine_var_audits_missing_switches_s_lower_kick_target'====== Args={'value': 34, 'prev_value': None, 'change': True}
2024-11-21 18:36:28,653 : INFO : EventManager : Event: ======'machine_var_audits_missing_switches_s_lower_kickout_special'====== Args={'value': 17, 'prev_value': None, 'change': True}
2024-11-21 18:36:28,653 : INFO : EventManager : Event: ======'machine_var_audits_missing_switches_s_lower_pop'====== Args={'value': 17, 'prev_value': None, 'change': True}
2024-11-21 18:36:28,653 : INFO : EventManager : Event: ======'machine_var_audits_missing_switches_s_lower_rollover'====== Args={'value': 14, 'prev_value': None, 'change': True}
2024-11-21 18:36:28,653 : INFO : EventManager : Event: ======'machine_var_audits_missing_switches_s_lower_slingshot'====== Args={'value': 17, 'prev_value': None, 'change': True}
2024-11-21 18:36:28,653 : INFO : EventManager : Event: ======'machine_var_audits_missing_switches_s_lower_vuk'====== Args={'value': 14, 'prev_value': None, 'change': True}
2024-11-21 18:36:28,654 : INFO : EventManager : Event: ======'machine_var_audits_missing_switches_s_main_10pt_left'====== Args={'value': 17, 'prev_value': None, 'change': True}
2024-11-21 18:36:28,654 : INFO : EventManager : Event: ======'machine_var_audits_missing_switches_s_main_1_target'====== Args={'value': 17, 'prev_value': None, 'change': True}
2024-11-21 18:36:28,654 : INFO : EventManager : Event: ======'machine_var_audits_missing_switches_s_main_1_trough'====== Args={'value': 1, 'prev_value': None, 'change': True}
2024-11-21 18:36:28,654 : INFO : EventManager : Event: ======'machine_var_audits_missing_switches_s_main_2_target'====== Args={'value': 17, 'prev_value': None, 'change': True}
2024-11-21 18:36:28,654 : INFO : EventManager : Event: ======'machine_var_audits_missing_switches_s_main_2_trough'====== Args={'value': 14, 'prev_value': None, 'change': True}
2024-11-21 18:36:28,654 : INFO : EventManager : Event: ======'machine_var_audits_missing_switches_s_main_3_target'====== Args={'value': 1, 'prev_value': None, 'change': True}
2024-11-21 18:36:28,654 : INFO : EventManager : Event: ======'machine_var_audits_missing_switches_s_main_4_target'====== Args={'value': 14, 'prev_value': None, 'change': True}
2024-11-21 18:36:28,654 : INFO : EventManager : Event: ======'machine_var_audits_missing_switches_s_main_5_target'====== Args={'value': 15, 'prev_value': None, 'change': True}
2024-11-21 18:36:28,654 : INFO : EventManager : Event: ======'machine_var_audits_missing_switches_s_main_inlane_left'====== Args={'value': 28, 'prev_value': None, 'change': True}
2024-11-21 18:36:28,654 : INFO : EventManager : Event: ======'machine_var_audits_missing_switches_s_main_inlane_right'====== Args={'value': 14, 'prev_value': None, 'change': True}
2024-11-21 18:36:28,654 : INFO : EventManager : Event: ======'machine_var_audits_missing_switches_s_main_kickout_right'====== Args={'value': 14, 'prev_value': None, 'change': True}
2024-11-21 18:36:28,654 : INFO : EventManager : Event: ======'machine_var_audits_missing_switches_s_main_lane_center'====== Args={'value': 12, 'prev_value': None, 'change': True}
2024-11-21 18:36:28,654 : INFO : EventManager : Event: ======'machine_var_audits_missing_switches_s_main_outhole'====== Args={'value': 1, 'prev_value': None, 'change': True}
2024-11-21 18:36:28,654 : INFO : EventManager : Event: ======'machine_var_audits_missing_switches_s_main_outlane_left'====== Args={'value': 34, 'prev_value': None, 'change': True}
2024-11-21 18:36:28,654 : INFO : EventManager : Event: ======'machine_var_audits_missing_switches_s_main_outlane_right'====== Args={'value': 17, 'prev_value': None, 'change': True}
2024-11-21 18:36:28,654 : INFO : EventManager : Event: ======'machine_var_audits_missing_switches_s_main_pop_bottom'====== Args={'value': 15, 'prev_value': None, 'change': True}
2024-11-21 18:36:28,654 : INFO : EventManager : Event: ======'machine_var_audits_missing_switches_s_main_rollunder'====== Args={'value': 14, 'prev_value': None, 'change': True}
2024-11-21 18:36:28,654 : INFO : EventManager : Event: ======'machine_var_audits_missing_switches_s_main_secret_trough'====== Args={'value': 17, 'prev_value': None, 'change': True}
2024-11-21 18:36:28,655 : INFO : EventManager : Event: ======'machine_var_audits_missing_switches_s_main_slingshot'====== Args={'value': 14, 'prev_value': None, 'change': True}
2024-11-21 18:36:28,655 : INFO : EventManager : Event: ======'machine_var_audits_missing_switches_s_main_target_right'====== Args={'value': 17, 'prev_value': None, 'change': True}
2024-11-21 18:36:28,655 : INFO : EventManager : Event: ======'machine_var_audits_missing_switches_s_main_trapdoor_trough'====== Args={'value': 34, 'prev_value': None, 'change': True}
2024-11-21 18:36:28,655 : INFO : EventManager : Event: ======'machine_var_audits_missing_switches_s_main_vuk'====== Args={'value': 13, 'prev_value': None, 'change': True}
2024-11-21 18:36:28,655 : INFO : EventManager : Event: ======'machine_var_audits_missing_switches_s_right_flipper1'====== Args={'value': 14, 'prev_value': None, 'change': True}
2024-11-21 18:36:28,655 : INFO : EventManager : Event: ======'machine_var_audits_missing_switches_s_right_flipper2'====== Args={'value': 14, 'prev_value': None, 'change': True}
2024-11-21 18:36:28,655 : INFO : EventManager : Event: ======'machine_var_audits_missing_switches_s_start'====== Args={'value': 9, 'prev_value': None, 'change': True}
2024-11-21 18:36:28,655 : INFO : EventManager : Event: ======'machine_var_audits_missing_switches_s_upper_10pt_center'====== Args={'value': 13, 'prev_value': None, 'change': True}
2024-11-21 18:36:28,655 : INFO : EventManager : Event: ======'machine_var_audits_missing_switches_s_upper_10pt_left'====== Args={'value': 15, 'prev_value': None, 'change': True}
2024-11-21 18:36:28,655 : INFO : EventManager : Event: ======'machine_var_audits_missing_switches_s_upper_3_target'====== Args={'value': 10, 'prev_value': None, 'change': True}
2024-11-21 18:36:28,655 : INFO : EventManager : Event: ======'machine_var_audits_missing_switches_s_upper_4_target'====== Args={'value': 10, 'prev_value': None, 'change': True}
2024-11-21 18:36:28,655 : INFO : EventManager : Event: ======'machine_var_audits_player_score'====== Args={'value': {'average': 31169, 'top': [211150, 162330, 120480, 114590, 92630, 81180, 78890, 76090, 75800, 75650], 'total': 69}, 'prev_value': None, 'change': True}
2024-11-21 18:36:28,655 : INFO : EventManager : Event: ======'machine_var_audits_shots_10pt'====== Args={'value': 248, 'prev_value': None, 'change': True}
2024-11-21 18:36:28,655 : INFO : EventManager : Event: ======'machine_var_audits_shots_left_inlane'====== Args={'value': 22, 'prev_value': None, 'change': True}
2024-11-21 18:36:28,656 : INFO : EventManager : Event: ======'machine_var_audits_shots_left_outlane'====== Args={'value': 11, 'prev_value': None, 'change': True}
2024-11-21 18:36:28,656 : INFO : EventManager : Event: ======'machine_var_audits_shots_lower_10pt_drops'====== Args={'value': 37, 'prev_value': None, 'change': True}
2024-11-21 18:36:28,656 : INFO : EventManager : Event: ======'machine_var_audits_shots_lower_10pt_lower'====== Args={'value': 12, 'prev_value': None, 'change': True}
2024-11-21 18:36:28,656 : INFO : EventManager : Event: ======'machine_var_audits_shots_lower_10pt_upper'====== Args={'value': 13, 'prev_value': None, 'change': True}
2024-11-21 18:36:28,656 : INFO : EventManager : Event: ======'machine_var_audits_shots_lower_1_drop'====== Args={'value': 44, 'prev_value': None, 'change': True}
2024-11-21 18:36:28,656 : INFO : EventManager : Event: ======'machine_var_audits_shots_lower_2_drop'====== Args={'value': 12, 'prev_value': None, 'change': True}
2024-11-21 18:36:28,656 : INFO : EventManager : Event: ======'machine_var_audits_shots_lower_3_drop'====== Args={'value': 12, 'prev_value': None, 'change': True}
2024-11-21 18:36:28,656 : INFO : EventManager : Event: ======'machine_var_audits_shots_lower_4_drop'====== Args={'value': 16, 'prev_value': None, 'change': True}
2024-11-21 18:36:28,656 : INFO : EventManager : Event: ======'machine_var_audits_shots_lower_5_drop'====== Args={'value': 17, 'prev_value': None, 'change': True}
2024-11-21 18:36:28,657 : INFO : EventManager : Event: ======'machine_var_audits_shots_lower_hole'====== Args={'value': 27, 'prev_value': None, 'change': True}
2024-11-21 18:36:28,657 : INFO : EventManager : Event: ======'machine_var_audits_shots_lower_kick_target'====== Args={'value': 2, 'prev_value': None, 'change': True}
2024-11-21 18:36:28,657 : INFO : EventManager : Event: ======'machine_var_audits_shots_lower_left'====== Args={'value': 11, 'prev_value': None, 'change': True}
2024-11-21 18:36:28,657 : INFO : EventManager : Event: ======'machine_var_audits_shots_lower_left_pop'====== Args={'value': 199, 'prev_value': None, 'change': True}
2024-11-21 18:36:28,657 : INFO : EventManager : Event: ======'machine_var_audits_shots_lower_pop'====== Args={'value': 28, 'prev_value': None, 'change': True}
2024-11-21 18:36:28,657 : INFO : EventManager : Event: ======'machine_var_audits_shots_lower_right'====== Args={'value': 4, 'prev_value': None, 'change': True}
2024-11-21 18:36:28,657 : INFO : EventManager : Event: ======'machine_var_audits_shots_lower_rollover'====== Args={'value': 32, 'prev_value': None, 'change': True}
2024-11-21 18:36:28,657 : INFO : EventManager : Event: ======'machine_var_audits_shots_lower_slingshot'====== Args={'value': 19, 'prev_value': None, 'change': True}
2024-11-21 18:36:28,657 : INFO : EventManager : Event: ======'machine_var_audits_shots_main_1'====== Args={'value': 30, 'prev_value': None, 'change': True}
2024-11-21 18:36:28,658 : INFO : EventManager : Event: ======'machine_var_audits_shots_main_2'====== Args={'value': 33, 'prev_value': None, 'change': True}
2024-11-21 18:36:28,658 : INFO : EventManager : Event: ======'machine_var_audits_shots_main_3'====== Args={'value': 27, 'prev_value': None, 'change': True}
2024-11-21 18:36:28,658 : INFO : EventManager : Event: ======'machine_var_audits_shots_main_4'====== Args={'value': 44, 'prev_value': None, 'change': True}
2024-11-21 18:36:28,658 : INFO : EventManager : Event: ======'machine_var_audits_shots_main_5'====== Args={'value': 24, 'prev_value': None, 'change': True}
2024-11-21 18:36:28,658 : INFO : EventManager : Event: ======'machine_var_audits_shots_main_slingshot'====== Args={'value': 45, 'prev_value': None, 'change': True}
2024-11-21 18:36:28,658 : INFO : EventManager : Event: ======'machine_var_audits_shots_main_trough_1'====== Args={'value': 19, 'prev_value': None, 'change': True}
2024-11-21 18:36:28,658 : INFO : EventManager : Event: ======'machine_var_audits_shots_right_inlane'====== Args={'value': 75, 'prev_value': None, 'change': True}
2024-11-21 18:36:28,658 : INFO : EventManager : Event: ======'machine_var_audits_shots_right_kickout'====== Args={'value': 34, 'prev_value': None, 'change': True}
2024-11-21 18:36:28,658 : INFO : EventManager : Event: ======'machine_var_audits_shots_right_outlane'====== Args={'value': 44, 'prev_value': None, 'change': True}
2024-11-21 18:36:28,659 : INFO : EventManager : Event: ======'machine_var_audits_shots_rollunder'====== Args={'value': 106, 'prev_value': None, 'change': True}
2024-11-21 18:36:28,659 : INFO : EventManager : Event: ======'machine_var_audits_shots_standup_right'====== Args={'value': 91, 'prev_value': None, 'change': True}
2024-11-21 18:36:28,659 : INFO : EventManager : Event: ======'machine_var_audits_shots_upper_1'====== Args={'value': 58, 'prev_value': None, 'change': True}
2024-11-21 18:36:28,659 : INFO : EventManager : Event: ======'machine_var_audits_shots_upper_1_drop'====== Args={'value': 85, 'prev_value': None, 'change': True}
2024-11-21 18:36:28,659 : INFO : EventManager : Event: ======'machine_var_audits_shots_upper_2'====== Args={'value': 73, 'prev_value': None, 'change': True}
2024-11-21 18:36:28,659 : INFO : EventManager : Event: ======'machine_var_audits_shots_upper_2_drop'====== Args={'value': 62, 'prev_value': None, 'change': True}
2024-11-21 18:36:28,659 : INFO : EventManager : Event: ======'machine_var_audits_shots_upper_3'====== Args={'value': 32, 'prev_value': None, 'change': True}
2024-11-21 18:36:28,659 : INFO : EventManager : Event: ======'machine_var_audits_shots_upper_3_drop'====== Args={'value': 81, 'prev_value': None, 'change': True}
2024-11-21 18:36:28,659 : INFO : EventManager : Event: ======'machine_var_audits_shots_upper_4'====== Args={'value': 29, 'prev_value': None, 'change': True}
2024-11-21 18:36:28,659 : INFO : EventManager : Event: ======'machine_var_audits_shots_upper_4_drop'====== Args={'value': 100, 'prev_value': None, 'change': True}
2024-11-21 18:36:28,659 : INFO : EventManager : Event: ======'machine_var_audits_shots_upper_left_pop'====== Args={'value': 106, 'prev_value': None, 'change': True}
2024-11-21 18:36:28,660 : INFO : EventManager : Event: ======'machine_var_audits_shots_upper_pop'====== Args={'value': 560, 'prev_value': None, 'change': True}
2024-11-21 18:36:28,660 : INFO : EventManager : Event: ======'machine_var_audits_switches_s_left_flipper1'====== Args={'value': 420, 'prev_value': None, 'change': True}
2024-11-21 18:36:28,660 : INFO : EventManager : Event: ======'machine_var_audits_switches_s_left_flipper2'====== Args={'value': 469, 'prev_value': None, 'change': True}
2024-11-21 18:36:28,660 : INFO : EventManager : Event: ======'machine_var_audits_switches_s_lower_10pt_UPPER'====== Args={'value': 0, 'prev_value': None, 'change': True}
2024-11-21 18:36:28,660 : INFO : EventManager : Event: ======'machine_var_audits_switches_s_lower_10pt_drops'====== Args={'value': 37, 'prev_value': None, 'change': True}
2024-11-21 18:36:28,660 : INFO : EventManager : Event: ======'machine_var_audits_switches_s_lower_10pt_lower'====== Args={'value': 12, 'prev_value': None, 'change': True}
2024-11-21 18:36:28,660 : INFO : EventManager : Event: ======'machine_var_audits_switches_s_lower_10pt_upper'====== Args={'value': 13, 'prev_value': None, 'change': True}
2024-11-21 18:36:28,660 : INFO : EventManager : Event: ======'machine_var_audits_switches_s_lower_1_drop'====== Args={'value': 399, 'prev_value': None, 'change': True}
2024-11-21 18:36:28,660 : INFO : EventManager : Event: ======'machine_var_audits_switches_s_lower_2_drop'====== Args={'value': 12, 'prev_value': None, 'change': True}
2024-11-21 18:36:28,660 : INFO : EventManager : Event: ======'machine_var_audits_switches_s_lower_3_drop'====== Args={'value': 12, 'prev_value': None, 'change': True}
2024-11-21 18:36:28,661 : INFO : EventManager : Event: ======'machine_var_audits_switches_s_lower_4_drop'====== Args={'value': 16, 'prev_value': None, 'change': True}
2024-11-21 18:36:28,661 : INFO : EventManager : Event: ======'machine_var_audits_switches_s_lower_5_drop'====== Args={'value': 17, 'prev_value': None, 'change': True}
2024-11-21 18:36:28,661 : INFO : EventManager : Event: ======'machine_var_audits_switches_s_lower_bonus_left'====== Args={'value': 11, 'prev_value': None, 'change': True}
2024-11-21 18:36:28,661 : INFO : EventManager : Event: ======'machine_var_audits_switches_s_lower_bonus_right'====== Args={'value': 4, 'prev_value': None, 'change': True}
2024-11-21 18:36:28,661 : INFO : EventManager : Event: ======'machine_var_audits_switches_s_lower_kick_target'====== Args={'value': 2, 'prev_value': None, 'change': True}
2024-11-21 18:36:28,661 : INFO : EventManager : Event: ======'machine_var_audits_switches_s_lower_kickout_special'====== Args={'value': 27, 'prev_value': None, 'change': True}
2024-11-21 18:36:28,661 : INFO : EventManager : Event: ======'machine_var_audits_switches_s_lower_pop'====== Args={'value': 28, 'prev_value': None, 'change': True}
2024-11-21 18:36:28,661 : INFO : EventManager : Event: ======'machine_var_audits_switches_s_lower_rollover'====== Args={'value': 60, 'prev_value': None, 'change': True}
2024-11-21 18:36:28,661 : INFO : EventManager : Event: ======'machine_var_audits_switches_s_lower_slingshot'====== Args={'value': 19, 'prev_value': None, 'change': True}
2024-11-21 18:36:28,662 : INFO : EventManager : Event: ======'machine_var_audits_switches_s_lower_vuk'====== Args={'value': 239, 'prev_value': None, 'change': True}
2024-11-21 18:36:28,662 : INFO : EventManager : Event: ======'machine_var_audits_switches_s_main_10pt_left'====== Args={'value': 33, 'prev_value': None, 'change': True}
2024-11-21 18:36:28,662 : INFO : EventManager : Event: ======'machine_var_audits_switches_s_main_1_target'====== Args={'value': 57, 'prev_value': None, 'change': True}
2024-11-21 18:36:28,662 : INFO : EventManager : Event: ======'machine_var_audits_switches_s_main_1_trough'====== Args={'value': 52, 'prev_value': None, 'change': True}
2024-11-21 18:36:28,662 : INFO : EventManager : Event: ======'machine_var_audits_switches_s_main_2_target'====== Args={'value': 56, 'prev_value': None, 'change': True}
2024-11-21 18:36:28,662 : INFO : EventManager : Event: ======'machine_var_audits_switches_s_main_2_trough'====== Args={'value': 64, 'prev_value': None, 'change': True}
2024-11-21 18:36:28,662 : INFO : EventManager : Event: ======'machine_var_audits_switches_s_main_3_target'====== Args={'value': 27, 'prev_value': None, 'change': True}
2024-11-21 18:36:28,662 : INFO : EventManager : Event: ======'machine_var_audits_switches_s_main_4_target'====== Args={'value': 60, 'prev_value': None, 'change': True}
2024-11-21 18:36:28,662 : INFO : EventManager : Event: ======'machine_var_audits_switches_s_main_5_target'====== Args={'value': 58, 'prev_value': None, 'change': True}
2024-11-21 18:36:28,663 : INFO : EventManager : Event: ======'machine_var_audits_switches_s_main_inlane_left'====== Args={'value': 25, 'prev_value': None, 'change': True}
2024-11-21 18:36:28,663 : INFO : EventManager : Event: ======'machine_var_audits_switches_s_main_inlane_right'====== Args={'value': 80, 'prev_value': None, 'change': True}
2024-11-21 18:36:28,663 : INFO : EventManager : Event: ======'machine_var_audits_switches_s_main_kickout_right'====== Args={'value': 132, 'prev_value': None, 'change': True}
2024-11-21 18:36:28,663 : INFO : EventManager : Event: ======'machine_var_audits_switches_s_main_lane_center'====== Args={'value': 111, 'prev_value': None, 'change': True}
2024-11-21 18:36:28,664 : INFO : EventManager : Event: ======'machine_var_audits_switches_s_main_outhole'====== Args={'value': 469, 'prev_value': None, 'change': True}
2024-11-21 18:36:28,664 : INFO : EventManager : Event: ======'machine_var_audits_switches_s_main_outlane_left'====== Args={'value': 18, 'prev_value': None, 'change': True}
2024-11-21 18:36:28,664 : INFO : EventManager : Event: ======'machine_var_audits_switches_s_main_outlane_right'====== Args={'value': 45, 'prev_value': None, 'change': True}
2024-11-21 18:36:28,664 : INFO : EventManager : Event: ======'machine_var_audits_switches_s_main_pop_bottom'====== Args={'value': 227, 'prev_value': None, 'change': True}
2024-11-21 18:36:28,664 : INFO : EventManager : Event: ======'machine_var_audits_switches_s_main_pop_top'====== Args={'value': 171, 'prev_value': None, 'change': True}
2024-11-21 18:36:28,664 : INFO : EventManager : Event: ======'machine_var_audits_switches_s_main_rollunder'====== Args={'value': 106, 'prev_value': None, 'change': True}
2024-11-21 18:36:28,664 : INFO : EventManager : Event: ======'machine_var_audits_switches_s_main_roundabout_rollunder'====== Args={'value': 52, 'prev_value': None, 'change': True}
2024-11-21 18:36:28,664 : INFO : EventManager : Event: ======'machine_var_audits_switches_s_main_secret_trough'====== Args={'value': 30, 'prev_value': None, 'change': True}
2024-11-21 18:36:28,664 : INFO : EventManager : Event: ======'machine_var_audits_switches_s_main_slingshot'====== Args={'value': 240, 'prev_value': None, 'change': True}
2024-11-21 18:36:28,665 : INFO : EventManager : Event: ======'machine_var_audits_switches_s_main_target_right'====== Args={'value': 144, 'prev_value': None, 'change': True}
2024-11-21 18:36:28,665 : INFO : EventManager : Event: ======'machine_var_audits_switches_s_main_trapdoor_trough'====== Args={'value': 0, 'prev_value': None, 'change': True}
2024-11-21 18:36:28,665 : INFO : EventManager : Event: ======'machine_var_audits_switches_s_main_vuk'====== Args={'value': 281, 'prev_value': None, 'change': True}
2024-11-21 18:36:28,665 : INFO : EventManager : Event: ======'machine_var_audits_switches_s_right_flipper1'====== Args={'value': 367, 'prev_value': None, 'change': True}
2024-11-21 18:36:28,665 : INFO : EventManager : Event: ======'machine_var_audits_switches_s_right_flipper2'====== Args={'value': 419, 'prev_value': None, 'change': True}
2024-11-21 18:36:28,665 : INFO : EventManager : Event: ======'machine_var_audits_switches_s_start'====== Args={'value': 7, 'prev_value': None, 'change': True}
2024-11-21 18:36:28,665 : INFO : EventManager : Event: ======'machine_var_audits_switches_s_upper_10pt_center'====== Args={'value': 198, 'prev_value': None, 'change': True}
2024-11-21 18:36:28,665 : INFO : EventManager : Event: ======'machine_var_audits_switches_s_upper_10pt_left'====== Args={'value': 126, 'prev_value': None, 'change': True}
2024-11-21 18:36:28,666 : INFO : EventManager : Event: ======'machine_var_audits_switches_s_upper_1_drop'====== Args={'value': 93, 'prev_value': None, 'change': True}
2024-11-21 18:36:28,666 : INFO : EventManager : Event: ======'machine_var_audits_switches_s_upper_1_target'====== Args={'value': 120, 'prev_value': None, 'change': True}
2024-11-21 18:36:28,666 : INFO : EventManager : Event: ======'machine_var_audits_switches_s_upper_2_drop'====== Args={'value': 80, 'prev_value': None, 'change': True}
2024-11-21 18:36:28,666 : INFO : EventManager : Event: ======'machine_var_audits_switches_s_upper_2_target'====== Args={'value': 159, 'prev_value': None, 'change': True}
2024-11-21 18:36:28,666 : INFO : EventManager : Event: ======'machine_var_audits_switches_s_upper_3_drop'====== Args={'value': 93, 'prev_value': None, 'change': True}
2024-11-21 18:36:28,666 : INFO : EventManager : Event: ======'machine_var_audits_switches_s_upper_3_target'====== Args={'value': 69, 'prev_value': None, 'change': True}
2024-11-21 18:36:28,666 : INFO : EventManager : Event: ======'machine_var_audits_switches_s_upper_4_drop'====== Args={'value': 120, 'prev_value': None, 'change': True}
2024-11-21 18:36:28,666 : INFO : EventManager : Event: ======'machine_var_audits_switches_s_upper_4_target'====== Args={'value': 67, 'prev_value': None, 'change': True}
2024-11-21 18:36:28,667 : INFO : EventManager : Event: ======'machine_var_audits_switches_s_upper_pop'====== Args={'value': 792, 'prev_value': None, 'change': True}
2024-11-21 18:36:28,667 : INFO : EventManager : Event: ======'init_phase_5'====== Args={}
2024-11-21 18:36:28,670 : INFO : EventManager : Event: ======'init_done'====== Args={}
2024-11-21 18:36:28,670 : INFO : EventManager : Event: ======'machine_reset_phase_1'====== Args={}
2024-11-21 18:36:28,671 : INFO : EventManager : Event: ======'machine_reset_phase_2'====== Args={}
2024-11-21 18:36:28,671 : INFO : EventManager : Event: ======'machine_reset_phase_3'====== Args={}
2024-11-21 18:36:28,671 : INFO : drop_target_bank.upper : All targets are already up. Will not reset bank.
2024-11-21 18:36:28,671 : INFO : drop_target_bank.lower : All targets are already up. Will not reset bank.
2024-11-21 18:36:28,671 : INFO : EventManager : Event: ======'reset_complete'====== Args={}
2024-11-21 18:36:28,671 : INFO : EventManager : Event: ======'mode_attract_will_start'====== Args={}
2024-11-21 18:36:28,672 : INFO : EventManager : Event: ======'mode_attract_starting'====== Args={}
2024-11-21 18:36:28,672 : INFO : Mode.attract : Started. Priority: 10
2024-11-21 18:36:28,672 : INFO : EventManager : Event: ======'modes_active_modes_changed'====== Args={}
2024-11-21 18:36:28,672 : INFO : EventManager : Event: ======'mode_attract_started'====== Args={}
2024-11-21 18:36:28,672 : INFO : EventManager : Event: ======'collecting_balls_complete'====== Args={}
2024-11-21 18:36:28,676 : INFO : Machine : Starting the main run loop with active modes: [<Mode.attract>]
2024-11-21 18:36:28,736 : INFO : EventManager : Event: ======'slide_attract_scroll_created'====== Args={'_from_bcp': True}
2024-11-21 18:36:28,777 : INFO : EventManager : Event: ======'slide__removed'====== Args={'_from_bcp': True}
2024-11-21 18:36:28,777 : INFO : EventManager : Event: ======'slide_attract_scroll_active'====== Args={'original_context': 'attract', 'original_calling_context': 'mode_attract_started', 'priority': 10.0, 'cmd': 'slides_play', '_from_bcp': True}
2024-11-21 18:36:31,815 : INFO : SwitchController : <<<<<<< 's_start' active >>>>>>>
2024-11-21 18:36:32,808 : INFO : SwitchController : <<<<<<< 's_start' inactive >>>>>>>
2024-11-21 18:36:32,808 : INFO : EventManager : Event: ======'request_to_start_game'====== Args={}
2024-11-21 18:36:32,808 : INFO : EventManager : Event: ======'game_start'====== Args={'buttons': [], 'hold_time': 0.993356988999949}
2024-11-21 18:36:32,809 : INFO : EventManager : Event: ======'mode_game_will_start'====== Args={'buttons': [], 'hold_time': 0.993356988999949}
2024-11-21 18:36:32,809 : INFO : EventManager : Event: ======'mode_game_starting'====== Args={'buttons': [], 'hold_time': 0.993356988999949}
2024-11-21 18:36:32,809 : INFO : EventManager : Event: ======'mode_attract_will_stop'====== Args={}
2024-11-21 18:36:32,809 : INFO : EventManager : Event: ======'mode_attract_stopping'====== Args={}
2024-11-21 18:36:32,809 : INFO : Mode.attract : Stopped.
2024-11-21 18:36:32,809 : INFO : EventManager : Event: ======'modes_active_modes_changed'====== Args={}
2024-11-21 18:36:32,810 : INFO : EventManager : Event: ======'mode_attract_stopped'====== Args={}
2024-11-21 18:36:32,810 : INFO : EventManager : Event: ======'clear'====== Args={'key': 'attract'}
2024-11-21 18:36:32,810 : INFO : Mode.game : Started. Priority: 20
2024-11-21 18:36:32,810 : INFO : EventManager : Event: ======'modes_active_modes_changed'====== Args={}
2024-11-21 18:36:32,810 : INFO : EventManager : Event: ======'mode_game_started'====== Args={'buttons': [], 'hold_time': 0.993356988999949}
2024-11-21 18:36:32,810 : INFO : EventManager : Event: ======'game_will_start'====== Args={}
2024-11-21 18:36:32,810 : INFO : EventManager : Event: ======'game_starting'====== Args={'game': <Mode.game>}
2024-11-21 18:36:32,811 : INFO : EventManager : Unordered handler for class <Auditor> on event game_ended with priority 1. Handlers: [RegisteredHandler(callback=<bound method Auditor.disable of <Auditor>>, priority=1, kwargs={}, key=UUID('9b659419-eadd-4d79-8d3f-6c24f3217aeb'), condition=None, blocking_facility=None), RegisteredHandler(callback=<bound method Auditor._save_audits of <Auditor>>, priority=1, kwargs={}, key=UUID('26333fcb-1cec-4269-9135-763617b237db'), condition=None, blocking_facility=None)]. The order of those handlers is not defined and they will be executed in random order. This might lead to race conditions and potential bugs.
2024-11-21 18:36:32,811 : INFO : EventManager : Event: ======'player_add_request'====== Args={}
2024-11-21 18:36:32,811 : INFO : EventManager : Event: ======'player_will_add'====== Args={'number': 1}
2024-11-21 18:36:32,811 : INFO : EventManager : Event: ======'player_adding'====== Args={'player': <Player 1>, 'number': 1}
2024-11-21 18:36:32,811 : INFO : EventManager : Event: ======'player_added'====== Args={'player': <Player 1>, 'num': 1}
2024-11-21 18:36:32,811 : INFO : Mode.game : Player added successfully. Total players: 1
2024-11-21 18:36:32,811 : INFO : EventManager : Event: ======'player_index'====== Args={'value': 0, 'prev_value': 0, 'change': 0, 'player_num': 1}
2024-11-21 18:36:32,811 : INFO : EventManager : Event: ======'player_number'====== Args={'value': 1, 'prev_value': 1, 'change': 0, 'player_num': 1}
2024-11-21 18:36:32,812 : INFO : EventManager : Event: ======'player_bonus_attic_targets'====== Args={'value': 0, 'prev_value': 0, 'change': 0, 'player_num': 1}
2024-11-21 18:36:32,812 : INFO : EventManager : Event: ======'player_bonus_attic_drops'====== Args={'value': 0, 'prev_value': 0, 'change': 0, 'player_num': 1}
2024-11-21 18:36:32,812 : INFO : EventManager : Event: ======'player_bonus_lower_drops'====== Args={'value': 0, 'prev_value': 0, 'change': 0, 'player_num': 1}
2024-11-21 18:36:32,812 : INFO : EventManager : Event: ======'player_score'====== Args={'value': 0, 'prev_value': 0, 'change': 0, 'player_num': 1}
2024-11-21 18:36:32,812 : INFO : EventManager : Event: ======'game_started'====== Args={}
2024-11-21 18:36:32,812 : INFO : EventManager : Event: ======'player_turn_will_start'====== Args={'player': <Player 1>, 'number': 1}
2024-11-21 18:36:32,813 : INFO : EventManager : Event: ======'player_turn_starting'====== Args={'player': <Player 1>, 'number': 1}
2024-11-21 18:36:32,813 : INFO : EventManager : Event: ======'player_ball'====== Args={'value': 1, 'prev_value': 0, 'change': 1, 'player_num': 1}
2024-11-21 18:36:32,813 : INFO : EventManager : Event: ======'player_turn_started'====== Args={'player': <Player 1>, 'number': 1}
2024-11-21 18:36:32,817 : INFO : EventManager : Event: ======'ball_will_start'====== Args={'player': 1, 'ball': 1, 'balls_remaining': 2, 'is_extra_ball': False}
2024-11-21 18:36:32,817 : INFO : EventManager : Event: ======'ball_starting'====== Args={'player': 1, 'ball': 1, 'balls_remaining': 2, 'is_extra_ball': False}
2024-11-21 18:36:32,817 : INFO : EventManager : Event: ======'mode_base_will_start'====== Args={'queue': <QueuedEvent>, 'player': 1, 'ball': 1, 'balls_remaining': 2, 'is_extra_ball': False}
2024-11-21 18:36:32,817 : INFO : EventManager : Event: ======'player_shot_upper_pop_enabled'====== Args={'value': True, 'prev_value': 0, 'change': 1, 'player_num': 1}
2024-11-21 18:36:32,817 : INFO : EventManager : Event: ======'player_shot_lower_left_pop_enabled'====== Args={'value': True, 'prev_value': 0, 'change': 1, 'player_num': 1}
2024-11-21 18:36:32,817 : INFO : EventManager : Event: ======'player_shot_upper_left_pop_enabled'====== Args={'value': True, 'prev_value': 0, 'change': 1, 'player_num': 1}
2024-11-21 18:36:32,818 : INFO : EventManager : Event: ======'player_shot_10pt_enabled'====== Args={'value': True, 'prev_value': 0, 'change': 1, 'player_num': 1}
2024-11-21 18:36:32,818 : INFO : EventManager : Event: ======'player_shot_upper_1_enabled'====== Args={'value': True, 'prev_value': 0, 'change': 1, 'player_num': 1}
2024-11-21 18:36:32,818 : INFO : EventManager : Event: ======'player_shot_upper_2_enabled'====== Args={'value': True, 'prev_value': 0, 'change': 1, 'player_num': 1}
2024-11-21 18:36:32,818 : INFO : EventManager : Event: ======'player_shot_upper_3_enabled'====== Args={'value': True, 'prev_value': 0, 'change': 1, 'player_num': 1}
2024-11-21 18:36:32,818 : INFO : EventManager : Event: ======'player_shot_upper_4_enabled'====== Args={'value': True, 'prev_value': 0, 'change': 1, 'player_num': 1}
2024-11-21 18:36:32,818 : INFO : EventManager : Event: ======'player_shot_upper_1_drop_enabled'====== Args={'value': True, 'prev_value': 0, 'change': 1, 'player_num': 1}
2024-11-21 18:36:32,819 : INFO : EventManager : Event: ======'player_shot_upper_2_drop_enabled'====== Args={'value': True, 'prev_value': 0, 'change': 1, 'player_num': 1}
2024-11-21 18:36:32,819 : INFO : EventManager : Event: ======'player_shot_upper_3_drop_enabled'====== Args={'value': True, 'prev_value': 0, 'change': 1, 'player_num': 1}
2024-11-21 18:36:32,819 : INFO : EventManager : Event: ======'player_shot_upper_4_drop_enabled'====== Args={'value': True, 'prev_value': 0, 'change': 1, 'player_num': 1}
2024-11-21 18:36:32,819 : INFO : EventManager : Event: ======'player_shot_lower_1_drop_enabled'====== Args={'value': True, 'prev_value': 0, 'change': 1, 'player_num': 1}
2024-11-21 18:36:32,819 : INFO : EventManager : Event: ======'player_shot_lower_2_drop_enabled'====== Args={'value': True, 'prev_value': 0, 'change': 1, 'player_num': 1}
2024-11-21 18:36:32,819 : INFO : EventManager : Event: ======'player_shot_lower_3_drop_enabled'====== Args={'value': True, 'prev_value': 0, 'change': 1, 'player_num': 1}
2024-11-21 18:36:32,819 : INFO : EventManager : Event: ======'player_shot_lower_4_drop_enabled'====== Args={'value': True, 'prev_value': 0, 'change': 1, 'player_num': 1}
2024-11-21 18:36:32,820 : INFO : EventManager : Event: ======'player_shot_lower_5_drop_enabled'====== Args={'value': True, 'prev_value': 0, 'change': 1, 'player_num': 1}
2024-11-21 18:36:32,820 : INFO : EventManager : Event: ======'player_shot_lower_hole_enabled'====== Args={'value': True, 'prev_value': 0, 'change': 1, 'player_num': 1}
2024-11-21 18:36:32,820 : INFO : EventManager : Event: ======'player_shot_lower_left_enabled'====== Args={'value': True, 'prev_value': 0, 'change': 1, 'player_num': 1}
2024-11-21 18:36:32,820 : INFO : EventManager : Event: ======'player_shot_lower_right_enabled'====== Args={'value': True, 'prev_value': 0, 'change': 1, 'player_num': 1}
2024-11-21 18:36:32,821 : INFO : EventManager : Event: ======'player_shot_lower_pop_enabled'====== Args={'value': True, 'prev_value': 0, 'change': 1, 'player_num': 1}
2024-11-21 18:36:32,821 : INFO : EventManager : Event: ======'player_shot_lower_10pt_lower_enabled'====== Args={'value': True, 'prev_value': 0, 'change': 1, 'player_num': 1}
2024-11-21 18:36:32,821 : INFO : EventManager : Event: ======'player_shot_lower_10pt_drops_enabled'====== Args={'value': True, 'prev_value': 0, 'change': 1, 'player_num': 1}
2024-11-21 18:36:32,821 : INFO : EventManager : Event: ======'player_shot_lower_10pt_upper_enabled'====== Args={'value': True, 'prev_value': 0, 'change': 1, 'player_num': 1}
2024-11-21 18:36:32,822 : INFO : EventManager : Event: ======'player_shot_lower_slingshot_enabled'====== Args={'value': True, 'prev_value': 0, 'change': 1, 'player_num': 1}
2024-11-21 18:36:32,822 : INFO : EventManager : Event: ======'player_shot_lower_kick_target_enabled'====== Args={'value': True, 'prev_value': 0, 'change': 1, 'player_num': 1}
2024-11-21 18:36:32,822 : INFO : EventManager : Event: ======'player_shot_lower_rollover_enabled'====== Args={'value': True, 'prev_value': 0, 'change': 1, 'player_num': 1}
2024-11-21 18:36:32,822 : INFO : EventManager : Event: ======'player_shot_main_1_enabled'====== Args={'value': True, 'prev_value': 0, 'change': 1, 'player_num': 1}
2024-11-21 18:36:32,823 : INFO : EventManager : Event: ======'player_shot_main_2_enabled'====== Args={'value': True, 'prev_value': 0, 'change': 1, 'player_num': 1}
2024-11-21 18:36:32,823 : INFO : EventManager : Event: ======'player_shot_main_3_enabled'====== Args={'value': True, 'prev_value': 0, 'change': 1, 'player_num': 1}
2024-11-21 18:36:32,823 : INFO : EventManager : Event: ======'player_shot_main_4_enabled'====== Args={'value': True, 'prev_value': 0, 'change': 1, 'player_num': 1}
2024-11-21 18:36:32,823 : INFO : EventManager : Event: ======'player_shot_main_5_enabled'====== Args={'value': True, 'prev_value': 0, 'change': 1, 'player_num': 1}
2024-11-21 18:36:32,823 : INFO : EventManager : Event: ======'player_shot_main_slingshot_enabled'====== Args={'value': True, 'prev_value': 0, 'change': 1, 'player_num': 1}
2024-11-21 18:36:32,823 : INFO : EventManager : Event: ======'player_shot_right_outlane_enabled'====== Args={'value': True, 'prev_value': 0, 'change': 1, 'player_num': 1}
2024-11-21 18:36:32,823 : INFO : EventManager : Event: ======'player_shot_right_inlane_enabled'====== Args={'value': True, 'prev_value': 0, 'change': 1, 'player_num': 1}
2024-11-21 18:36:32,823 : INFO : EventManager : Event: ======'player_shot_left_inlane_enabled'====== Args={'value': True, 'prev_value': 0, 'change': 1, 'player_num': 1}
2024-11-21 18:36:32,824 : INFO : EventManager : Event: ======'player_shot_left_outlane_enabled'====== Args={'value': True, 'prev_value': 0, 'change': 1, 'player_num': 1}
2024-11-21 18:36:32,824 : INFO : EventManager : Event: ======'player_shot_standup_right_enabled'====== Args={'value': True, 'prev_value': 0, 'change': 1, 'player_num': 1}
2024-11-21 18:36:32,824 : INFO : EventManager : Event: ======'player_shot_right_kickout_enabled'====== Args={'value': True, 'prev_value': 0, 'change': 1, 'player_num': 1}
2024-11-21 18:36:32,824 : INFO : EventManager : Event: ======'player_shot_rollunder_enabled'====== Args={'value': True, 'prev_value': 0, 'change': 1, 'player_num': 1}
2024-11-21 18:36:32,824 : INFO : EventManager : Event: ======'player_shot_main_trough_1_enabled'====== Args={'value': True, 'prev_value': 0, 'change': 1, 'player_num': 1}
2024-11-21 18:36:32,826 : INFO : EventManager : Event: ======'mode_base_starting'====== Args={'queue': <QueuedEvent>, 'player': 1, 'ball': 1, 'balls_remaining': 2, 'is_extra_ball': False}
2024-11-21 18:36:32,826 : INFO : drop_target_bank.upper : All targets are already up. Will not reset bank.
2024-11-21 18:36:32,826 : INFO : drop_target_bank.lower : All targets are already up. Will not reset bank.
2024-11-21 18:36:32,826 : INFO : EventManager : Event: ======'balls_in_play'====== Args={'balls': 1}
2024-11-21 18:36:32,826 : INFO : EventManager : Event: ======'ball_started'====== Args={'player': 1, 'ball': 1, 'balls_remaining': 2, 'is_extra_ball': False}
2024-11-21 18:36:32,831 : INFO : EventManager : Event: ======'logicblock_attic_drop_counter_updated'====== Args={'value': 0, 'enabled': True}
2024-11-21 18:36:32,831 : INFO : EventManager : Event: ======'logicblock_attic_drop_counter_updated'====== Args={'value': 0, 'enabled': True}
2024-11-21 18:36:32,831 : INFO : Mode.base : Started. Priority: 100
2024-11-21 18:36:32,831 : INFO : EventManager : Event: ======'modes_active_modes_changed'====== Args={}
2024-11-21 18:36:32,831 : INFO : EventManager : Event: ======'mode_base_started'====== Args={'queue': <QueuedEvent>, 'player': 1, 'ball': 1, 'balls_remaining': 2, 'is_extra_ball': False}
2024-11-21 18:36:32,832 : INFO : EventManager : Event: ======'single_player_ball_started'====== Args={}
2024-11-21 18:36:32,832 : INFO : EventManager : Event: ======'ball_start_target'====== Args={'target': 'playfield'}
2024-11-21 18:36:32,832 : INFO : ball_device.bd_drain : Setting up player-controlled eject. Balls: 1, Target: <playfield.playfield>, player_controlled_eject_event: None
2024-11-21 18:36:32,832 : INFO : ball_device.bd_drain : Adding 1 ball(s) to the eject_queue with target <playfield.playfield>.
2024-11-21 18:36:32,832 : INFO : EventManager : Event: ======'balldevice_balls_available'====== Args={}
2024-11-21 18:36:32,832 : INFO : ball_device.bd_drain : State: waiting_for_target_ready
2024-11-21 18:36:32,832 : INFO : EventManager : Event: ======'balldevice_bd_drain_ball_eject_attempt'====== Args={'balls': 1, 'target': <playfield.playfield>, 'source': <ball_device.bd_drain>, 'mechanical_eject': False, 'num_attempts': 0}
2024-11-21 18:36:32,832 : INFO : ball_device.bd_drain : State: ejecting
2024-11-21 18:36:32,832 : INFO : ball_device.bd_drain : Ejecting ball to <playfield.playfield>
2024-11-21 18:36:32,832 : INFO : EventManager : Event: ======'balldevice_bd_drain_ejecting_ball'====== Args={'balls': 1, 'target': <playfield.playfield>, 'source': <ball_device.bd_drain>, 'mechanical_eject': False, 'num_attempts': 0}
2024-11-21 18:36:32,833 : INFO : ball_device.bd_drain : Wait for ball to leave device
2024-11-21 18:36:32,833 : INFO : coil.c_main_outhole : Pulsing Driver for 60ms (1.0 pulse_power)
2024-11-21 18:36:32,844 : INFO : EventManager : Event: ======'slide_base_created'====== Args={'_from_bcp': True}
2024-11-21 18:36:32,844 : INFO : EventManager : Event: ======'slide_attract_scroll_inactive'====== Args={'is_removing': True, '_from_bcp': True}
2024-11-21 18:36:32,844 : INFO : EventManager : Event: ======'slide_base_active'====== Args={'original_context': 'base', 'original_calling_context': 'mode_base_started', 'priority': 100.0, 'queue': '<QueuedEvent>', 'player': 1.0, 'ball': 1.0, 'balls_remaining': 2.0, 'is_extra_ball': False, 'cmd': 'slides_play', '_from_bcp': True}
2024-11-21 18:36:32,844 : INFO : EventManager : Event: ======'slide_attract_scroll_removed'====== Args={'_from_bcp': True}
2024-11-21 18:36:32,908 : INFO : SwitchController : <<<<<<< 's_main_outhole' inactive >>>>>>>
2024-11-21 18:36:32,908 : INFO : ball_device.bd_drain : State: ball_left
2024-11-21 18:36:32,908 : INFO : ball_device.bd_drain : Ball left
2024-11-21 18:36:32,908 : INFO : ball_device.bd_drain : Wait for confirm with timeout 10.0
2024-11-21 18:36:39,441 : INFO : SwitchController : <<<<<<< 's_right_flipper2' active >>>>>>>
2024-11-21 18:36:39,441 : INFO : EventManager : Event: ======'machine_var_audits_switches_s_right_flipper2'====== Args={'value': 420, 'prev_value': 419, 'change': 1}
2024-11-21 18:36:39,465 : INFO : SwitchController : <<<<<<< 's_left_flipper2' active >>>>>>>
2024-11-21 18:36:39,465 : INFO : EventManager : Event: ======'machine_var_audits_switches_s_left_flipper2'====== Args={'value': 470, 'prev_value': 469, 'change': 1}
2024-11-21 18:36:39,655 : INFO : SwitchController : <<<<<<< 's_left_flipper2' inactive >>>>>>>
2024-11-21 18:36:39,655 : INFO : SwitchController : <<<<<<< 's_right_flipper2' inactive >>>>>>>
2024-11-21 18:36:39,883 : INFO : SwitchController : <<<<<<< 's_right_flipper1' active >>>>>>>
2024-11-21 18:36:39,883 : INFO : EventManager : Event: ======'machine_var_audits_switches_s_right_flipper1'====== Args={'value': 368, 'prev_value': 367, 'change': 1}
2024-11-21 18:36:39,897 : INFO : SwitchController : <<<<<<< 's_left_flipper1' active >>>>>>>
2024-11-21 18:36:39,897 : INFO : EventManager : Event: ======'machine_var_audits_switches_s_left_flipper1'====== Args={'value': 421, 'prev_value': 420, 'change': 1}
2024-11-21 18:36:40,044 : INFO : SwitchController : <<<<<<< 's_left_flipper1' inactive >>>>>>>
2024-11-21 18:36:40,044 : INFO : SwitchController : <<<<<<< 's_right_flipper1' inactive >>>>>>>
2024-11-21 18:36:41,111 : INFO : SwitchController : <<<<<<< 's_main_vuk' active >>>>>>>
2024-11-21 18:36:41,111 : INFO : EventManager : Event: ======'machine_var_audits_switches_s_main_vuk'====== Args={'value': 282, 'prev_value': 281, 'change': 1}
2024-11-21 18:36:41,612 : INFO : EventManager : Event: ======'balldevice_bd_main_vuk_ball_count_changed'====== Args={'balls': 1}
2024-11-21 18:36:41,612 : INFO : ball_device.bd_main_vuk : Received unexpected ball
2024-11-21 18:36:41,612 : INFO : EventManager : Event: ======'balldevice_captured_from_playfield'====== Args={'balls': 1}
2024-11-21 18:36:41,612 : INFO : EventManager : Event: ======'sw_playfield_active'====== Args={'balls': 1}
2024-11-21 18:36:41,612 : INFO : EventManager : Event: ======'playfield_active'====== Args={'source': None}
2024-11-21 18:36:41,612 : INFO : EventManager : Event: ======'playfield_ball_count_change'====== Args={'balls': -1, 'change': -1}
2024-11-21 18:36:41,612 : INFO : EventManager : Event: ======'balldevice_bd_main_vuk_ball_enter'====== Args={'new_balls': 1, 'unclaimed_balls': 1, 'new_available_balls': 1, 'device': <ball_device.bd_main_vuk>}
2024-11-21 18:36:41,613 : INFO : ball_device.bd_drain : Got eject confirm
2024-11-21 18:36:41,613 : INFO : ball_device.bd_drain : Eject successful
2024-11-21 18:36:41,613 : INFO : EventManager : Event: ======'balldevice_bd_drain_ball_eject_success'====== Args={'balls': 1, 'target': <playfield.playfield>}
2024-11-21 18:36:41,613 : INFO : ball_device.bd_main_vuk : Ejecting 1 unexpected balls using path deque([<ball_device.bd_main_vuk>, <playfield.playfield>])
2024-11-21 18:36:41,613 : INFO : EventManager : Event: ======'balldevice_balls_available'====== Args={}
2024-11-21 18:36:41,613 : INFO : EventManager : Event: ======'balldevice_balls_available'====== Args={}
2024-11-21 18:36:41,613 : INFO : EventManager : Event: ======'balldevice_bd_main_vuk_ball_entered'====== Args={'new_balls': 1, 'device': <ball_device.bd_main_vuk>}
2024-11-21 18:36:41,613 : INFO : EventManager : Event: ======'balldevice_playfield_ball_enter'====== Args={'new_balls': 1, 'unclaimed_balls': 1, 'device': <playfield.playfield>}
2024-11-21 18:36:41,613 : INFO : EventManager : Event: ======'playfield_ball_count_change'====== Args={'balls': 0, 'change': 1}
2024-11-21 18:36:41,613 : INFO : EventManager : Event: ======'balldevice_bd_drain_ball_count_changed'====== Args={'balls': 0}
2024-11-21 18:36:41,613 : INFO : ball_device.bd_drain : State: idle
2024-11-21 18:36:41,613 : INFO : ball_device.bd_main_vuk : State: waiting_for_target_ready
2024-11-21 18:36:41,613 : INFO : EventManager : Event: ======'balldevice_bd_main_vuk_ball_eject_attempt'====== Args={'balls': 1, 'target': <playfield.playfield>, 'source': <ball_device.bd_main_vuk>, 'mechanical_eject': False, 'num_attempts': 0}
2024-11-21 18:36:41,613 : INFO : ball_device.bd_main_vuk : State: ejecting
2024-11-21 18:36:41,613 : INFO : ball_device.bd_main_vuk : Ejecting ball to <playfield.playfield>
2024-11-21 18:36:41,613 : INFO : EventManager : Event: ======'balldevice_bd_main_vuk_ejecting_ball'====== Args={'balls': 1, 'target': <playfield.playfield>, 'source': <ball_device.bd_main_vuk>, 'mechanical_eject': False, 'num_attempts': 0}
2024-11-21 18:36:41,614 : INFO : ball_device.bd_main_vuk : Wait for ball to leave device
2024-11-21 18:36:41,614 : INFO : coil.c_main_vuk : Pulsing Driver for 75ms (1.0 pulse_power)
2024-11-21 18:36:41,652 : INFO : SwitchController : <<<<<<< 's_main_vuk' inactive >>>>>>>
2024-11-21 18:36:41,652 : INFO : ball_device.bd_main_vuk : State: ball_left
2024-11-21 18:36:41,652 : INFO : ball_device.bd_main_vuk : Ball left
2024-11-21 18:36:41,652 : INFO : ball_device.bd_main_vuk : Wait for confirm with timeout 1.0
2024-11-21 18:36:41,984 : INFO : SwitchController : <<<<<<< 's_upper_10pt_center' active >>>>>>>
2024-11-21 18:36:41,984 : INFO : EventManager : Event: ======'playfield_active'====== Args={'source': '10pt'}
2024-11-21 18:36:41,984 : INFO : EventManager : Event: ======'s_upper_10pt_center_active'====== Args={}
2024-11-21 18:36:41,984 : INFO : EventManager : Event: ======'sw_playfield_active'====== Args={}
2024-11-21 18:36:41,984 : INFO : EventManager : Event: ======'machine_var_audits_switches_s_upper_10pt_center'====== Args={'value': 199, 'prev_value': 198, 'change': 1}
2024-11-21 18:36:41,984 : INFO : EventManager : Event: ======'player_shot_10pt'====== Args={'value': 1, 'prev_value': 0, 'change': 1, 'player_num': 1}
2024-11-21 18:36:41,985 : INFO : EventManager : Event: ======'machine_var_audits_shots_10pt'====== Args={'value': 249, 'prev_value': 248, 'change': 1}
2024-11-21 18:36:41,985 : INFO : EventManager : Event: ======'10pt_hit'====== Args={'profile': 'default', 'state': 'unlit', 'advancing': True}
2024-11-21 18:36:41,985 : INFO : EventManager : Event: ======'10pt_default_hit'====== Args={'profile': 'default', 'state': 'unlit', 'advancing': True}
2024-11-21 18:36:41,985 : INFO : EventManager : Event: ======'10pt_default_unlit_hit'====== Args={'profile': 'default', 'state': 'unlit', 'advancing': True}
2024-11-21 18:36:41,985 : INFO : EventManager : Event: ======'10pt_unlit_hit'====== Args={'profile': 'default', 'state': 'unlit', 'advancing': True}
2024-11-21 18:36:41,985 : INFO : EventManager : Event: ======'player_score'====== Args={'value': 30, 'prev_value': 0, 'change': 30, 'player_num': 1, 'source': 'base'}
2024-11-21 18:36:41,986 : INFO : EventManager : Event: ======'playfield_active'====== Args={'source': None}
2024-11-21 18:36:41,987 : INFO : ball_device.bd_main_vuk : Got eject confirm
2024-11-21 18:36:41,987 : INFO : ball_device.bd_main_vuk : Eject successful
2024-11-21 18:36:41,987 : INFO : EventManager : Event: ======'balldevice_bd_main_vuk_ball_eject_success'====== Args={'balls': 1, 'target': <playfield.playfield>}
2024-11-21 18:36:41,987 : INFO : EventManager : Event: ======'balldevice_playfield_ball_enter'====== Args={'new_balls': 1, 'unclaimed_balls': 1, 'device': <playfield.playfield>}
2024-11-21 18:36:41,987 : INFO : EventManager : Event: ======'playfield_ball_count_change'====== Args={'balls': 1, 'change': 1}
2024-11-21 18:36:41,987 : INFO : EventManager : Event: ======'balldevice_bd_main_vuk_ball_count_changed'====== Args={'balls': 0}
2024-11-21 18:36:41,998 : INFO : SwitchController : <<<<<<< 's_right_flipper1' active >>>>>>>
2024-11-21 18:36:41,998 : INFO : EventManager : Event: ======'machine_var_audits_switches_s_right_flipper1'====== Args={'value': 369, 'prev_value': 368, 'change': 1}
2024-11-21 18:36:42,011 : INFO : SwitchController : <<<<<<< 's_upper_10pt_center' inactive >>>>>>>
2024-11-21 18:36:42,036 : WARNING : SwitchController : Received duplicate switch state 0 for switch s_main_outhole from the platform interface. Log Code: Log-SwitchController-1 (https://missionpinball.org/logs)
2024-11-21 18:36:42,079 : INFO : SwitchController : <<<<<<< 's_upper_pop' active >>>>>>>
2024-11-21 18:36:42,080 : INFO : EventManager : Event: ======'s_upper_pop_active'====== Args={}
2024-11-21 18:36:42,080 : INFO : EventManager : Event: ======'machine_var_audits_switches_s_upper_pop'====== Args={'value': 793, 'prev_value': 792, 'change': 1}
2024-11-21 18:36:42,080 : INFO : EventManager : Event: ======'player_shot_upper_pop'====== Args={'value': 1, 'prev_value': 0, 'change': 1, 'player_num': 1}
2024-11-21 18:36:42,080 : INFO : EventManager : Event: ======'machine_var_audits_shots_upper_pop'====== Args={'value': 561, 'prev_value': 560, 'change': 1}
2024-11-21 18:36:42,081 : INFO : EventManager : Event: ======'upper_pop_hit'====== Args={'profile': 'default', 'state': 'unlit', 'advancing': True}
2024-11-21 18:36:42,081 : INFO : EventManager : Event: ======'upper_pop_default_hit'====== Args={'profile': 'default', 'state': 'unlit', 'advancing': True}
2024-11-21 18:36:42,081 : INFO : EventManager : Event: ======'upper_pop_default_unlit_hit'====== Args={'profile': 'default', 'state': 'unlit', 'advancing': True}
2024-11-21 18:36:42,081 : INFO : EventManager : Event: ======'upper_pop_unlit_hit'====== Args={'profile': 'default', 'state': 'unlit', 'advancing': True}
2024-11-21 18:36:42,081 : INFO : EventManager : Event: ======'player_score'====== Args={'value': 1030, 'prev_value': 30, 'change': 1000, 'player_num': 1, 'source': 'base'}
2024-11-21 18:36:42,093 : INFO : SwitchController : <<<<<<< 's_upper_pop' inactive >>>>>>>
2024-11-21 18:36:42,152 : INFO : ball_device.bd_main_vuk : State: idle
2024-11-21 18:36:42,169 : INFO : SwitchController : <<<<<<< 's_right_flipper1' inactive >>>>>>>
2024-11-21 18:36:42,307 : INFO : SwitchController : <<<<<<< 's_upper_10pt_left' active >>>>>>>
2024-11-21 18:36:42,307 : INFO : EventManager : Event: ======'s_upper_10pt_left_active'====== Args={}
2024-11-21 18:36:42,307 : INFO : EventManager : Event: ======'sw_playfield_active'====== Args={}
2024-11-21 18:36:42,307 : INFO : EventManager : Event: ======'machine_var_audits_switches_s_upper_10pt_left'====== Args={'value': 127, 'prev_value': 126, 'change': 1}
2024-11-21 18:36:42,308 : INFO : SwitchController : <<<<<<< 's_left_flipper1' active >>>>>>>
2024-11-21 18:36:42,308 : INFO : EventManager : Event: ======'machine_var_audits_switches_s_left_flipper1'====== Args={'value': 422, 'prev_value': 421, 'change': 1}
2024-11-21 18:36:42,308 : INFO : EventManager : Event: ======'machine_var_audits_shots_10pt'====== Args={'value': 250, 'prev_value': 249, 'change': 1}
2024-11-21 18:36:42,309 : INFO : EventManager : Event: ======'10pt_hit'====== Args={'profile': 'default', 'state': 'lit', 'advancing': False}
2024-11-21 18:36:42,309 : INFO : EventManager : Event: ======'10pt_default_hit'====== Args={'profile': 'default', 'state': 'lit', 'advancing': False}
2024-11-21 18:36:42,309 : INFO : EventManager : Event: ======'10pt_default_lit_hit'====== Args={'profile': 'default', 'state': 'lit', 'advancing': False}
2024-11-21 18:36:42,309 : INFO : EventManager : Event: ======'10pt_lit_hit'====== Args={'profile': 'default', 'state': 'lit', 'advancing': False}
2024-11-21 18:36:42,309 : INFO : EventManager : Event: ======'player_score'====== Args={'value': 1060, 'prev_value': 1030, 'change': 30, 'player_num': 1, 'source': 'base'}
2024-11-21 18:36:42,333 : INFO : SwitchController : <<<<<<< 's_upper_10pt_left' inactive >>>>>>>
2024-11-21 18:36:42,449 : INFO : SwitchController : <<<<<<< 's_left_flipper1' inactive >>>>>>>
2024-11-21 18:36:42,597 : INFO : SwitchController : <<<<<<< 's_right_flipper2' active >>>>>>>
2024-11-21 18:36:42,597 : INFO : EventManager : Event: ======'machine_var_audits_switches_s_right_flipper2'====== Args={'value': 421, 'prev_value': 420, 'change': 1}
2024-11-21 18:36:42,777 : INFO : SwitchController : <<<<<<< 's_right_flipper2' inactive >>>>>>>
2024-11-21 18:36:42,914 : INFO : SwitchController : <<<<<<< 's_left_flipper2' active >>>>>>>
2024-11-21 18:36:42,915 : INFO : EventManager : Event: ======'machine_var_audits_switches_s_left_flipper2'====== Args={'value': 471, 'prev_value': 470, 'change': 1}
2024-11-21 18:36:43,094 : INFO : SwitchController : <<<<<<< 's_left_flipper2' inactive >>>>>>>
2024-11-21 18:36:43,539 : INFO : SwitchController : <<<<<<< 's_right_flipper1' active >>>>>>>
2024-11-21 18:36:43,540 : INFO : EventManager : Event: ======'machine_var_audits_switches_s_right_flipper1'====== Args={'value': 370, 'prev_value': 369, 'change': 1}
2024-11-21 18:36:43,567 : INFO : SwitchController : <<<<<<< 's_left_flipper1' active >>>>>>>
2024-11-21 18:36:43,568 : INFO : EventManager : Event: ======'machine_var_audits_switches_s_left_flipper1'====== Args={'value': 423, 'prev_value': 422, 'change': 1}
2024-11-21 18:36:43,568 : WARNING : SwitchController : Received duplicate switch state 0 for switch s_main_outhole from the platform interface. Log Code: Log-SwitchController-1 (https://missionpinball.org/logs)
2024-11-21 18:36:43,613 : WARNING : SwitchController : Received duplicate switch state 0 for switch s_main_outhole from the platform interface. Log Code: Log-SwitchController-1 (https://missionpinball.org/logs)
2024-11-21 18:36:43,707 : INFO : SwitchController : <<<<<<< 's_right_flipper1' inactive >>>>>>>
2024-11-21 18:36:43,761 : INFO : SwitchController : <<<<<<< 's_left_flipper1' inactive >>>>>>>
2024-11-21 18:36:44,095 : INFO : SwitchController : <<<<<<< 's_right_flipper1' active >>>>>>>
2024-11-21 18:36:44,095 : INFO : EventManager : Event: ======'machine_var_audits_switches_s_right_flipper1'====== Args={'value': 371, 'prev_value': 370, 'change': 1}
2024-11-21 18:36:44,121 : INFO : SwitchController : <<<<<<< 's_left_flipper1' active >>>>>>>
2024-11-21 18:36:44,121 : INFO : EventManager : Event: ======'machine_var_audits_switches_s_left_flipper1'====== Args={'value': 424, 'prev_value': 423, 'change': 1}
2024-11-21 18:36:44,135 : WARNING : SwitchController : Received duplicate switch state 0 for switch s_main_outhole from the platform interface. Log Code: Log-SwitchController-1 (https://missionpinball.org/logs)
2024-11-21 18:36:44,167 : WARNING : SwitchController : Received duplicate switch state 0 for switch s_main_outhole from the platform interface. Log Code: Log-SwitchController-1 (https://missionpinball.org/logs)
2024-11-21 18:36:44,291 : INFO : SwitchController : <<<<<<< 's_left_flipper1' inactive >>>>>>>
2024-11-21 18:36:44,314 : INFO : SwitchController : <<<<<<< 's_right_flipper1' inactive >>>>>>>
2024-11-21 18:36:44,400 : INFO : SwitchController : <<<<<<< 's_right_flipper2' active >>>>>>>
2024-11-21 18:36:44,401 : INFO : EventManager : Event: ======'machine_var_audits_switches_s_right_flipper2'====== Args={'value': 422, 'prev_value': 421, 'change': 1}
2024-11-21 18:36:44,414 : INFO : SwitchController : <<<<<<< 's_left_flipper2' active >>>>>>>
2024-11-21 18:36:44,415 : INFO : EventManager : Event: ======'machine_var_audits_switches_s_left_flipper2'====== Args={'value': 472, 'prev_value': 471, 'change': 1}
2024-11-21 18:36:44,586 : INFO : SwitchController : <<<<<<< 's_right_flipper2' inactive >>>>>>>
2024-11-21 18:36:44,586 : INFO : SwitchController : <<<<<<< 's_left_flipper2' inactive >>>>>>>
2024-11-21 18:36:44,962 : INFO : SwitchController : <<<<<<< 's_left_flipper1' active >>>>>>>
2024-11-21 18:36:44,962 : INFO : EventManager : Event: ======'machine_var_audits_switches_s_left_flipper1'====== Args={'value': 425, 'prev_value': 424, 'change': 1}
2024-11-21 18:36:44,962 : INFO : SwitchController : <<<<<<< 's_right_flipper1' active >>>>>>>
2024-11-21 18:36:44,962 : INFO : EventManager : Event: ======'machine_var_audits_switches_s_right_flipper1'====== Args={'value': 372, 'prev_value': 371, 'change': 1}
2024-11-21 18:36:45,131 : INFO : SwitchController : <<<<<<< 's_left_flipper1' inactive >>>>>>>
2024-11-21 18:36:45,155 : INFO : SwitchController : <<<<<<< 's_right_flipper1' inactive >>>>>>>
2024-11-21 18:36:45,385 : INFO : SwitchController : <<<<<<< 's_right_flipper2' active >>>>>>>
2024-11-21 18:36:45,385 : INFO : EventManager : Event: ======'machine_var_audits_switches_s_right_flipper2'====== Args={'value': 423, 'prev_value': 422, 'change': 1}
2024-11-21 18:36:45,421 : INFO : SwitchController : <<<<<<< 's_left_flipper2' active >>>>>>>
2024-11-21 18:36:45,421 : INFO : EventManager : Event: ======'machine_var_audits_switches_s_left_flipper2'====== Args={'value': 473, 'prev_value': 472, 'change': 1}
2024-11-21 18:36:45,581 : INFO : SwitchController : <<<<<<< 's_right_flipper2' inactive >>>>>>>
2024-11-21 18:36:45,595 : INFO : SwitchController : <<<<<<< 's_left_flipper2' inactive >>>>>>>
2024-11-21 18:36:46,795 : INFO : SwitchController : <<<<<<< 's_left_flipper1' active >>>>>>>
2024-11-21 18:36:46,796 : INFO : EventManager : Event: ======'machine_var_audits_switches_s_left_flipper1'====== Args={'value': 426, 'prev_value': 425, 'change': 1}
2024-11-21 18:36:46,975 : INFO : SwitchController : <<<<<<< 's_left_flipper1' inactive >>>>>>>
2024-11-21 18:36:47,123 : INFO : SwitchController : <<<<<<< 's_main_pop_top' active >>>>>>>
2024-11-21 18:36:47,123 : INFO : EventManager : Event: ======'s_main_pop_top_active'====== Args={}
2024-11-21 18:36:47,123 : INFO : EventManager : Event: ======'machine_var_audits_switches_s_main_pop_top'====== Args={'value': 172, 'prev_value': 171, 'change': 1}
2024-11-21 18:36:47,124 : INFO : EventManager : Event: ======'player_shot_upper_left_pop'====== Args={'value': 1, 'prev_value': 0, 'change': 1, 'player_num': 1}
2024-11-21 18:36:47,124 : INFO : EventManager : Event: ======'machine_var_audits_shots_upper_left_pop'====== Args={'value': 107, 'prev_value': 106, 'change': 1}
2024-11-21 18:36:47,124 : INFO : EventManager : Event: ======'upper_left_pop_hit'====== Args={'profile': 'default', 'state': 'unlit', 'advancing': True}
2024-11-21 18:36:47,124 : INFO : EventManager : Event: ======'upper_left_pop_default_hit'====== Args={'profile': 'default', 'state': 'unlit', 'advancing': True}
2024-11-21 18:36:47,124 : INFO : EventManager : Event: ======'upper_left_pop_default_unlit_hit'====== Args={'profile': 'default', 'state': 'unlit', 'advancing': True}
2024-11-21 18:36:47,124 : INFO : EventManager : Event: ======'upper_left_pop_unlit_hit'====== Args={'profile': 'default', 'state': 'unlit', 'advancing': True}
2024-11-21 18:36:47,124 : INFO : EventManager : Event: ======'player_score'====== Args={'value': 2060, 'prev_value': 1060, 'change': 1000, 'player_num': 1, 'source': 'base'}
2024-11-21 18:36:49,087 : INFO : SwitchController : <<<<<<< 's_right_flipper1' active >>>>>>>
2024-11-21 18:36:49,087 : INFO : EventManager : Event: ======'machine_var_audits_switches_s_right_flipper1'====== Args={'value': 373, 'prev_value': 372, 'change': 1}
2024-11-21 18:36:49,143 : INFO : SwitchController : <<<<<<< 's_main_outhole' active >>>>>>>
2024-11-21 18:36:49,143 : INFO : EventManager : Event: ======'machine_var_audits_switches_s_main_outhole'====== Args={'value': 470, 'prev_value': 469, 'change': 1}
2024-11-21 18:36:49,157 : INFO : SwitchController : <<<<<<< 's_main_outhole' inactive >>>>>>>
2024-11-21 18:36:49,243 : INFO : SwitchController : <<<<<<< 's_right_flipper1' inactive >>>>>>>
2024-11-21 18:36:49,699 : INFO : SwitchController : <<<<<<< 's_main_pop_bottom' active >>>>>>>
2024-11-21 18:36:49,699 : INFO : EventManager : Event: ======'s_main_pop_bottom_active'====== Args={}
2024-11-21 18:36:49,699 : INFO : EventManager : Event: ======'machine_var_audits_switches_s_main_pop_bottom'====== Args={'value': 228, 'prev_value': 227, 'change': 1}
2024-11-21 18:36:49,699 : INFO : EventManager : Event: ======'player_shot_lower_left_pop'====== Args={'value': 1, 'prev_value': 0, 'change': 1, 'player_num': 1}
2024-11-21 18:36:49,699 : INFO : EventManager : Event: ======'machine_var_audits_shots_lower_left_pop'====== Args={'value': 200, 'prev_value': 199, 'change': 1}
2024-11-21 18:36:49,700 : INFO : EventManager : Event: ======'lower_left_pop_hit'====== Args={'profile': 'default', 'state': 'unlit', 'advancing': True}
2024-11-21 18:36:49,700 : INFO : EventManager : Event: ======'lower_left_pop_default_hit'====== Args={'profile': 'default', 'state': 'unlit', 'advancing': True}
2024-11-21 18:36:49,700 : INFO : EventManager : Event: ======'lower_left_pop_default_unlit_hit'====== Args={'profile': 'default', 'state': 'unlit', 'advancing': True}
2024-11-21 18:36:49,700 : INFO : EventManager : Event: ======'lower_left_pop_unlit_hit'====== Args={'profile': 'default', 'state': 'unlit', 'advancing': True}
2024-11-21 18:36:49,700 : INFO : EventManager : Event: ======'player_score'====== Args={'value': 3060, 'prev_value': 2060, 'change': 1000, 'player_num': 1, 'source': 'base'}
2024-11-21 18:36:49,735 : WARNING : SwitchController : Received duplicate switch state 0 for switch s_main_outhole from the platform interface. Log Code: Log-SwitchController-1 (https://missionpinball.org/logs)
2024-11-21 18:36:49,747 : WARNING : SwitchController : Received duplicate switch state 0 for switch s_main_outhole from the platform interface. Log Code: Log-SwitchController-1 (https://missionpinball.org/logs)
2024-11-21 18:36:56,121 : INFO : SwitchController : <<<<<<< 's_upper_1_drop' active >>>>>>>
2024-11-21 18:36:56,121 : INFO : EventManager : Event: ======'s_upper_1_drop_active'====== Args={}
2024-11-21 18:36:56,121 : INFO : EventManager : Event: ======'drop_target_u1_drop_down'====== Args={'device': <drop_target.u1_drop>}
2024-11-21 18:36:56,121 : INFO : EventManager : Event: ======'drop_target_bank_upper_mixed'====== Args={'prev_value': <DropTargetBankState.UP: 'up'>, 'down': 1}
2024-11-21 18:36:56,121 : INFO : EventManager : Event: ======'machine_var_audits_switches_s_upper_1_drop'====== Args={'value': 94, 'prev_value': 93, 'change': 1}
2024-11-21 18:36:56,122 : INFO : EventManager : Event: ======'player_shot_upper_1_drop'====== Args={'value': 1, 'prev_value': 0, 'change': 1, 'player_num': 1}
2024-11-21 18:36:56,123 : INFO : EventManager : Event: ======'machine_var_audits_shots_upper_1_drop'====== Args={'value': 86, 'prev_value': 85, 'change': 1}
2024-11-21 18:36:56,127 : INFO : EventManager : Event: ======'upper_1_drop_hit'====== Args={'profile': 'default', 'state': 'unlit', 'advancing': True}
2024-11-21 18:36:56,127 : INFO : EventManager : Event: ======'upper_1_drop_default_hit'====== Args={'profile': 'default', 'state': 'unlit', 'advancing': True}
2024-11-21 18:36:56,127 : INFO : EventManager : Event: ======'upper_1_drop_default_unlit_hit'====== Args={'profile': 'default', 'state': 'unlit', 'advancing': True}
2024-11-21 18:36:56,127 : INFO : EventManager : Event: ======'upper_1_drop_unlit_hit'====== Args={'profile': 'default', 'state': 'unlit', 'advancing': True}
2024-11-21 18:36:56,127 : INFO : EventManager : Event: ======'player_score'====== Args={'value': 6060, 'prev_value': 3060, 'change': 3000, 'player_num': 1, 'source': 'base'}
2024-11-21 18:36:56,875 : INFO : SwitchController : <<<<<<< 's_upper_2_drop' active >>>>>>>
2024-11-21 18:36:56,875 : INFO : EventManager : Event: ======'s_upper_2_drop_active'====== Args={}
2024-11-21 18:36:56,875 : INFO : EventManager : Event: ======'drop_target_u2_drop_down'====== Args={'device': <drop_target.u2_drop>}
2024-11-21 18:36:56,875 : INFO : EventManager : Event: ======'drop_target_bank_upper_mixed'====== Args={'prev_value': <DropTargetBankState.MIXED: 'mixed'>, 'down': 2}
2024-11-21 18:36:56,875 : INFO : EventManager : Event: ======'machine_var_audits_switches_s_upper_2_drop'====== Args={'value': 81, 'prev_value': 80, 'change': 1}
2024-11-21 18:36:56,876 : INFO : EventManager : Event: ======'player_shot_upper_2_drop'====== Args={'value': 1, 'prev_value': 0, 'change': 1, 'player_num': 1}
2024-11-21 18:36:56,876 : INFO : EventManager : Event: ======'machine_var_audits_shots_upper_2_drop'====== Args={'value': 63, 'prev_value': 62, 'change': 1}
2024-11-21 18:36:56,876 : INFO : EventManager : Event: ======'upper_2_drop_hit'====== Args={'profile': 'default', 'state': 'unlit', 'advancing': True}
2024-11-21 18:36:56,876 : INFO : EventManager : Event: ======'upper_2_drop_default_hit'====== Args={'profile': 'default', 'state': 'unlit', 'advancing': True}
2024-11-21 18:36:56,876 : INFO : EventManager : Event: ======'upper_2_drop_default_unlit_hit'====== Args={'profile': 'default', 'state': 'unlit', 'advancing': True}
2024-11-21 18:36:56,876 : INFO : EventManager : Event: ======'upper_2_drop_unlit_hit'====== Args={'profile': 'default', 'state': 'unlit', 'advancing': True}
2024-11-21 18:36:56,876 : INFO : EventManager : Event: ======'player_score'====== Args={'value': 9060, 'prev_value': 6060, 'change': 3000, 'player_num': 1, 'source': 'base'}
2024-11-21 18:36:57,456 : INFO : SwitchController : <<<<<<< 's_upper_3_drop' active >>>>>>>
2024-11-21 18:36:57,456 : INFO : EventManager : Event: ======'s_upper_3_drop_active'====== Args={}
2024-11-21 18:36:57,457 : INFO : EventManager : Event: ======'drop_target_u3_drop_down'====== Args={'device': <drop_target.u3_drop>}
2024-11-21 18:36:57,457 : INFO : EventManager : Event: ======'drop_target_bank_upper_mixed'====== Args={'prev_value': <DropTargetBankState.MIXED: 'mixed'>, 'down': 3}
2024-11-21 18:36:57,457 : INFO : EventManager : Event: ======'machine_var_audits_switches_s_upper_3_drop'====== Args={'value': 94, 'prev_value': 93, 'change': 1}
2024-11-21 18:36:57,457 : INFO : EventManager : Event: ======'player_shot_upper_3_drop'====== Args={'value': 1, 'prev_value': 0, 'change': 1, 'player_num': 1}
2024-11-21 18:36:57,457 : INFO : EventManager : Event: ======'machine_var_audits_shots_upper_3_drop'====== Args={'value': 82, 'prev_value': 81, 'change': 1}
2024-11-21 18:36:57,457 : INFO : EventManager : Event: ======'upper_3_drop_hit'====== Args={'profile': 'default', 'state': 'unlit', 'advancing': True}
2024-11-21 18:36:57,457 : INFO : EventManager : Event: ======'upper_3_drop_default_hit'====== Args={'profile': 'default', 'state': 'unlit', 'advancing': True}
2024-11-21 18:36:57,457 : INFO : EventManager : Event: ======'upper_3_drop_default_unlit_hit'====== Args={'profile': 'default', 'state': 'unlit', 'advancing': True}
2024-11-21 18:36:57,457 : INFO : EventManager : Event: ======'upper_3_drop_unlit_hit'====== Args={'profile': 'default', 'state': 'unlit', 'advancing': True}
2024-11-21 18:36:57,457 : INFO : EventManager : Event: ======'player_score'====== Args={'value': 12060, 'prev_value': 9060, 'change': 3000, 'player_num': 1, 'source': 'base'}
2024-11-21 18:36:57,902 : INFO : SwitchController : <<<<<<< 's_upper_4_drop' active >>>>>>>
2024-11-21 18:36:57,902 : INFO : EventManager : Event: ======'s_upper_4_drop_active'====== Args={}
2024-11-21 18:36:57,902 : INFO : EventManager : Event: ======'drop_target_u4_drop_down'====== Args={'device': <drop_target.u4_drop>}
2024-11-21 18:36:57,902 : INFO : EventManager : Event: ======'drop_target_bank_upper_down'====== Args={}
2024-11-21 18:36:57,902 : INFO : EventManager : Event: ======'machine_var_audits_switches_s_upper_4_drop'====== Args={'value': 121, 'prev_value': 120, 'change': 1}
2024-11-21 18:36:57,903 : INFO : EventManager : Event: ======'player_shot_upper_4_drop'====== Args={'value': 1, 'prev_value': 0, 'change': 1, 'player_num': 1}
2024-11-21 18:36:57,903 : INFO : EventManager : Event: ======'machine_var_audits_shots_upper_4_drop'====== Args={'value': 101, 'prev_value': 100, 'change': 1}
2024-11-21 18:36:57,904 : INFO : EventManager : Event: ======'upper_4_drop_hit'====== Args={'profile': 'default', 'state': 'unlit', 'advancing': True}
2024-11-21 18:36:57,904 : INFO : EventManager : Event: ======'upper_4_drop_default_hit'====== Args={'profile': 'default', 'state': 'unlit', 'advancing': True}
2024-11-21 18:36:57,904 : INFO : EventManager : Event: ======'upper_4_drop_default_unlit_hit'====== Args={'profile': 'default', 'state': 'unlit', 'advancing': True}
2024-11-21 18:36:57,904 : INFO : EventManager : Event: ======'upper_4_drop_unlit_hit'====== Args={'profile': 'default', 'state': 'unlit', 'advancing': True}
2024-11-21 18:36:57,904 : INFO : EventManager : Event: ======'player_score'====== Args={'value': 15060, 'prev_value': 12060, 'change': 3000, 'player_num': 1, 'source': 'base'}
2024-11-21 18:36:57,906 : INFO : EventManager : Event: ======'logicblock_attic_drop_counter_updated'====== Args={'value': 1, 'enabled': True}
2024-11-21 18:36:57,906 : INFO : EventManager : Event: ======'counter_attic_drop_counter_hit'====== Args={'count': 1, 'hits': 1, 'remaining': 3}
2024-11-21 18:36:57,906 : INFO : EventManager : Event: ======'logicblock_attic_drop_counter_hit'====== Args={'count': 1, 'hits': 1, 'remaining': 3}
2024-11-21 18:36:58,903 : INFO : drop_target_bank.upper : 4 targets are down. Will reset those.
2024-11-21 18:36:58,903 : INFO : coil.c_upper_drop : Pulsing Driver for 75ms (1.0 pulse_power)
2024-11-21 18:37:01,172 : INFO : SwitchController : <<<<<<< 's_main_pop_bottom' inactive >>>>>>>
2024-11-21 18:37:05,404 : INFO : SwitchController : <<<<<<< 's_main_outhole' active >>>>>>>
2024-11-21 18:37:05,404 : INFO : EventManager : Event: ======'machine_var_audits_switches_s_main_outhole'====== Args={'value': 471, 'prev_value': 470, 'change': 1}
2024-11-21 18:37:05,440 : INFO : SwitchController : <<<<<<< 's_main_outhole' inactive >>>>>>>
2024-11-21 18:37:05,464 : INFO : SwitchController : <<<<<<< 's_main_outhole' active >>>>>>>
2024-11-21 18:37:05,464 : INFO : EventManager : Event: ======'machine_var_audits_switches_s_main_outhole'====== Args={'value': 472, 'prev_value': 471, 'change': 1}
2024-11-21 18:37:05,488 : WARNING : SwitchController : Received duplicate switch state 1 for switch s_main_outhole from the platform interface. Log Code: Log-SwitchController-1 (https://missionpinball.org/logs)
2024-11-21 18:37:05,965 : INFO : EventManager : Event: ======'balldevice_bd_drain_ball_count_changed'====== Args={'balls': 1}
2024-11-21 18:37:05,965 : INFO : ball_device.bd_drain : Received unexpected ball
2024-11-21 18:37:05,965 : INFO : EventManager : Event: ======'balldevice_captured_from_playfield'====== Args={'balls': 1}
2024-11-21 18:37:05,965 : INFO : EventManager : Event: ======'sw_playfield_active'====== Args={'balls': 1}
2024-11-21 18:37:05,966 : INFO : EventManager : Event: ======'playfield_ball_count_change'====== Args={'balls': 0, 'change': -1}
2024-11-21 18:37:05,966 : INFO : EventManager : Event: ======'balldevice_bd_drain_ball_enter'====== Args={'new_balls': 1, 'unclaimed_balls': 1, 'new_available_balls': 1, 'device': <ball_device.bd_drain>}
2024-11-21 18:37:05,966 : INFO : EventManager : Event: ======'ball_drain'====== Args={'device': <ball_device.bd_drain>, 'balls': 1}
2024-11-21 18:37:05,966 : INFO : EventManager : Event: ======'ball_will_end'====== Args={}
2024-11-21 18:37:05,966 : INFO : EventManager : Event: ======'balldevice_balls_available'====== Args={}
2024-11-21 18:37:05,966 : INFO : EventManager : Event: ======'balldevice_bd_drain_ball_entered'====== Args={'new_balls': 1, 'device': <ball_device.bd_drain>}
2024-11-21 18:37:05,968 : INFO : EventManager : Event: ======'ball_ending'====== Args={}
2024-11-21 18:37:05,968 : INFO : EventManager : Event: ======'mode_base_will_stop'====== Args={}
2024-11-21 18:37:05,968 : INFO : EventManager : Event: ======'mode_base_stopping'====== Args={}
2024-11-21 18:37:05,968 : INFO : Mode.base : Stopped.
2024-11-21 18:37:05,968 : INFO : EventManager : Event: ======'modes_active_modes_changed'====== Args={}
2024-11-21 18:37:05,969 : INFO : EventManager : Event: ======'mode_base_stopped'====== Args={}
2024-11-21 18:37:05,969 : INFO : EventManager : Event: ======'clear'====== Args={'key': 'base'}
2024-11-21 18:37:05,970 : INFO : EventManager : Event: ======'ball_ended'====== Args={}
2024-11-21 18:37:05,972 : INFO : EventManager : Event: ======'player_turn_will_end'====== Args={'player': <Player 1>, 'number': 1}
2024-11-21 18:37:05,972 : INFO : EventManager : Event: ======'player_turn_ending'====== Args={'player': <Player 1>, 'number': 1}
2024-11-21 18:37:05,972 : INFO : EventManager : Event: ======'player_turn_ended'====== Args={'player': <Player 1>, 'number': 1}
2024-11-21 18:37:05,972 : INFO : EventManager : Event: ======'player_turn_will_start'====== Args={'player': <Player 1>, 'number': 1}
2024-11-21 18:37:05,972 : INFO : EventManager : Event: ======'player_turn_starting'====== Args={'player': <Player 1>, 'number': 1}
2024-11-21 18:37:05,972 : INFO : EventManager : Event: ======'player_ball'====== Args={'value': 2, 'prev_value': 1, 'change': 1, 'player_num': 1}
2024-11-21 18:37:05,973 : INFO : EventManager : Event: ======'player_turn_started'====== Args={'player': <Player 1>, 'number': 1}
2024-11-21 18:37:05,975 : INFO : EventManager : Event: ======'ball_will_start'====== Args={'player': 1, 'ball': 2, 'balls_remaining': 1, 'is_extra_ball': False}
2024-11-21 18:37:05,975 : INFO : EventManager : Event: ======'ball_starting'====== Args={'player': 1, 'ball': 2, 'balls_remaining': 1, 'is_extra_ball': False}
2024-11-21 18:37:05,975 : INFO : EventManager : Event: ======'mode_base_will_start'====== Args={'queue': <QueuedEvent>, 'player': 1, 'ball': 2, 'balls_remaining': 1, 'is_extra_ball': False}
2024-11-21 18:37:05,979 : INFO : EventManager : Event: ======'mode_base_starting'====== Args={'queue': <QueuedEvent>, 'player': 1, 'ball': 2, 'balls_remaining': 1, 'is_extra_ball': False}
2024-11-21 18:37:05,979 : INFO : drop_target_bank.upper : 4 targets are down. Will reset those.
2024-11-21 18:37:05,979 : INFO : coil.c_upper_drop : Pulsing Driver for 75ms (1.0 pulse_power)
2024-11-21 18:37:05,979 : INFO : drop_target_bank.lower : All targets are already up. Will not reset bank.
2024-11-21 18:37:05,979 : INFO : coil.c_upper_drop : Pulsing Driver for 75ms (1.0 pulse_power)
2024-11-21 18:37:05,979 : INFO : coil.c_upper_drop : Pulsing Driver for 75ms (1.0 pulse_power)
2024-11-21 18:37:05,979 : INFO : coil.c_upper_drop : Pulsing Driver for 75ms (1.0 pulse_power)
2024-11-21 18:37:05,980 : INFO : EventManager : Event: ======'balls_in_play'====== Args={'balls': 1}
2024-11-21 18:37:05,980 : INFO : EventManager : Event: ======'ball_started'====== Args={'player': 1, 'ball': 2, 'balls_remaining': 1, 'is_extra_ball': False}
2024-11-21 18:37:05,984 : INFO : EventManager : Event: ======'logicblock_attic_drop_counter_updated'====== Args={'value': 0, 'enabled': True}
2024-11-21 18:37:05,984 : INFO : EventManager : Event: ======'logicblock_attic_drop_counter_updated'====== Args={'value': 0, 'enabled': True}
2024-11-21 18:37:05,984 : INFO : Mode.base : Started. Priority: 100
2024-11-21 18:37:05,984 : INFO : EventManager : Event: ======'modes_active_modes_changed'====== Args={}
2024-11-21 18:37:05,984 : INFO : EventManager : Event: ======'mode_base_started'====== Args={'queue': <QueuedEvent>, 'player': 1, 'ball': 2, 'balls_remaining': 1, 'is_extra_ball': False}
2024-11-21 18:37:05,985 : INFO : EventManager : Event: ======'single_player_ball_started'====== Args={}
2024-11-21 18:37:05,985 : INFO : EventManager : Event: ======'ball_start_target'====== Args={'target': 'playfield'}
2024-11-21 18:37:05,985 : INFO : ball_device.bd_drain : Setting up player-controlled eject. Balls: 1, Target: <playfield.playfield>, player_controlled_eject_event: None
2024-11-21 18:37:05,985 : INFO : ball_device.bd_drain : Adding 1 ball(s) to the eject_queue with target <playfield.playfield>.
2024-11-21 18:37:05,985 : INFO : EventManager : Event: ======'balldevice_balls_available'====== Args={}
2024-11-21 18:37:05,985 : INFO : ball_device.bd_drain : State: waiting_for_target_ready
2024-11-21 18:37:05,985 : INFO : EventManager : Event: ======'balldevice_bd_drain_ball_eject_attempt'====== Args={'balls': 1, 'target': <playfield.playfield>, 'source': <ball_device.bd_drain>, 'mechanical_eject': False, 'num_attempts': 0}
2024-11-21 18:37:05,985 : INFO : ball_device.bd_drain : State: ejecting
2024-11-21 18:37:05,985 : INFO : ball_device.bd_drain : Ejecting ball to <playfield.playfield>
2024-11-21 18:37:05,985 : INFO : EventManager : Event: ======'balldevice_bd_drain_ejecting_ball'====== Args={'balls': 1, 'target': <playfield.playfield>, 'source': <ball_device.bd_drain>, 'mechanical_eject': False, 'num_attempts': 0}
2024-11-21 18:37:05,985 : INFO : ball_device.bd_drain : Wait for ball to leave device
2024-11-21 18:37:05,999 : INFO : EventManager : Event: ======'slide_base_created'====== Args={'_from_bcp': True}
2024-11-21 18:37:05,999 : INFO : EventManager : Event: ======'slide_base_inactive'====== Args={'is_removing': True, '_from_bcp': True}
2024-11-21 18:37:05,999 : INFO : EventManager : Event: ======'slide_base_active'====== Args={'original_context': 'base', 'original_calling_context': 'mode_base_started', 'priority': 100.0, 'queue': '<QueuedEvent>', 'player': 1.0, 'ball': 2.0, 'balls_remaining': 1.0, 'is_extra_ball': False, 'cmd': 'slides_play', '_from_bcp': True}
2024-11-21 18:37:05,999 : INFO : EventManager : Event: ======'slide_base_removed'====== Args={'_from_bcp': True}
2024-11-21 18:37:06,065 : INFO : coil.c_upper_drop : Pulsing Driver for 75ms (1.0 pulse_power)
2024-11-21 18:37:06,149 : INFO : coil.c_main_outhole : Pulsing Driver for 60ms (1.0 pulse_power)
2024-11-21 18:37:06,222 : INFO : SwitchController : <<<<<<< 's_main_outhole' inactive >>>>>>>
2024-11-21 18:37:06,222 : INFO : ball_device.bd_drain : State: ball_left
2024-11-21 18:37:06,222 : INFO : ball_device.bd_drain : Ball left
2024-11-21 18:37:06,222 : INFO : ball_device.bd_drain : Wait for confirm with timeout 10.0
2024-11-21 18:37:16,223 : INFO : ball_device.bd_drain : State: failed_confirm
2024-11-21 18:37:16,223 : INFO : ball_device.bd_drain : Got timeout (10.0s) before confirm from <playfield.playfield>
2024-11-21 18:37:16,323 : INFO : ball_device.bd_drain : Confirming eject because target is playfield and ball did not return.
2024-11-21 18:37:16,324 : INFO : ball_device.bd_drain : Eject successful
2024-11-21 18:37:16,324 : INFO : EventManager : Event: ======'balldevice_bd_drain_ball_eject_success'====== Args={'balls': 1, 'target': <playfield.playfield>}
2024-11-21 18:37:16,324 : INFO : EventManager : Event: ======'balldevice_playfield_ball_enter'====== Args={'new_balls': 1, 'unclaimed_balls': 1, 'device': <playfield.playfield>}
2024-11-21 18:37:16,324 : INFO : EventManager : Event: ======'playfield_ball_count_change'====== Args={'balls': 1, 'change': 1}
2024-11-21 18:37:16,324 : INFO : EventManager : Event: ======'balldevice_bd_drain_ball_count_changed'====== Args={'balls': 0}
2024-11-21 18:37:16,324 : INFO : ball_device.bd_drain : State: idle
2024-11-21 18:37:20,373 : INFO : Machine : Shutting down...
2024-11-21 18:37:20,374 : INFO : EventManager : Event: ======'shutdown'====== Args={}
2024-11-21 18:37:20,374 : INFO : EventManager : Event: ======'mode_game_will_stop'====== Args={}
2024-11-21 18:37:20,374 : INFO : EventManager : Event: ======'mode_game_stopping'====== Args={}
2024-11-21 18:37:20,375 : INFO : EventManager : Event: ======'mode_base_will_stop'====== Args={}
2024-11-21 18:37:20,375 : INFO : EventManager : Event: ======'mode_base_stopping'====== Args={}
2024-11-21 18:37:20,375 : INFO : Mode.base : Stopped.
2024-11-21 18:37:20,375 : INFO : EventManager : Event: ======'modes_active_modes_changed'====== Args={}
2024-11-21 18:37:20,375 : INFO : EventManager : Event: ======'mode_base_stopped'====== Args={}
2024-11-21 18:37:20,375 : INFO : EventManager : Event: ======'clear'====== Args={'key': 'base'}
2024-11-21 18:37:20,377 : INFO : Mode.game : Stopped.
2024-11-21 18:37:20,377 : INFO : EventManager : Event: ======'modes_active_modes_changed'====== Args={}
2024-11-21 18:37:20,377 : INFO : EventManager : Event: ======'mode_game_stopped'====== Args={}
2024-11-21 18:37:20,377 : INFO : EventManager : Event: ======'clear'====== Args={'key': 'game'}
2024-11-21 18:37:20,380 : INFO : root : MPF run loop ended.
