2024-11-20 19:09:29,686 : INFO : root : Loading config.
2024-11-20 19:09:29,689 : INFO : YamlMultifileConfigLoader : Machine config file #1: config.yaml
2024-11-20 19:09:29,690 : INFO : ConfigProcessor : Loading config from file /Users/C_Alan/envp311/lib/python3.11/site-packages/mpf/mpfconfig.yaml.
2024-11-20 19:09:29,697 : INFO : ConfigProcessor : Loading config: /Users/C_Alan/envp311/lib/python3.11/site-packages/mpf/mpfconfig.yaml
2024-11-20 19:09:29,697 : INFO : ConfigProcessor : Loading config from file /Users/C_Alan/pinball/hauntedhouse/config/config.yaml.
2024-11-20 19:09:29,705 : INFO : ConfigProcessor : Loading config: /Users/C_Alan/pinball/hauntedhouse/config/config.yaml
2024-11-20 19:09:29,706 : INFO : ConfigProcessor : Config file cache created: /var/folders/lw/36nc9wln17qdc1y8dnh6d85h0000gr/T/a187413b8cf7049e0b91852f54cd1afa.mpf_cache
2024-11-20 19:09:29,741 : INFO : ConfigProcessor : Loading config from file /Users/C_Alan/envp311/lib/python3.11/site-packages/mpf/modes/attract/config/attract.yaml.
2024-11-20 19:09:29,742 : INFO : ConfigProcessor : Loading config: /Users/C_Alan/envp311/lib/python3.11/site-packages/mpf/modes/attract/config/attract.yaml
2024-11-20 19:09:29,742 : INFO : ConfigProcessor : Loading config from file /Users/C_Alan/pinball/hauntedhouse/modes/attract/config/attract.yaml.
2024-11-20 19:09:29,742 : INFO : ConfigProcessor : Loading config: /Users/C_Alan/pinball/hauntedhouse/modes/attract/config/attract.yaml
2024-11-20 19:09:29,743 : INFO : ConfigProcessor : Config file cache created: /var/folders/lw/36nc9wln17qdc1y8dnh6d85h0000gr/T/2e30198d1c841d95b9b3e69c8a0bb49b.mpf_cache
2024-11-20 19:09:29,743 : INFO : ConfigProcessor : Loading config from cache: /var/folders/lw/36nc9wln17qdc1y8dnh6d85h0000gr/T/40928215bbb65374348eff3d4cd7b8bc.mpf_cache
2024-11-20 19:09:29,743 : INFO : ConfigProcessor : Loading config from file /Users/C_Alan/pinball/hauntedhouse/modes/base/config/base.yaml.
2024-11-20 19:09:29,746 : INFO : ConfigProcessor : Loading config: /Users/C_Alan/pinball/hauntedhouse/modes/base/config/base.yaml
2024-11-20 19:09:29,746 : INFO : ConfigProcessor : Config file cache created: /var/folders/lw/36nc9wln17qdc1y8dnh6d85h0000gr/T/167ddff969183ffa73a4682c84ddf638.mpf_cache
2024-11-20 19:09:29,746 : INFO : ConfigProcessor : Loading config from cache: /var/folders/lw/36nc9wln17qdc1y8dnh6d85h0000gr/T/2e30198d1c841d95b9b3e69c8a0bb49b.mpf_cache
2024-11-20 19:09:29,747 : INFO : ConfigProcessor : Loading config from file /Users/C_Alan/pinball/hauntedhouse/modes/attract/shows/./attract_light_show.yaml.
2024-11-20 19:09:29,748 : INFO : ConfigProcessor : Loading config: /Users/C_Alan/pinball/hauntedhouse/modes/attract/shows/./attract_light_show.yaml
2024-11-20 19:09:29,748 : INFO : ConfigProcessor : Config file cache created: /var/folders/lw/36nc9wln17qdc1y8dnh6d85h0000gr/T/1ab5c5e749213b44f20a4087626085fd.mpf_cache
2024-11-20 19:09:29,748 : INFO : Machine : Mission Pinball Framework Core Engine v0.80.0.dev5
2024-11-20 19:09:29,748 : INFO : Machine : Command line arguments: {'no_load_cache': False, 'create_config_cache': True, 'bcp': True, 'configfile': ['config.yaml'], 'force_assets_load': False, 'platform_integration_test': False, 'jsonlogging': False, 'logfile': 'logs/2024-11-20-19-09-29-mpf-Macpro.local.log', 'pause': False, 'production': False, 'text_ui': True, 'loglevel': 15, 'consoleloglevel': 20, 'force_platform': 'virtual', 'syslog_address': None, 'full_logfile_path': '/Users/C_Alan/pinball/hauntedhouse/logs/2024-11-20-19-09-29-mpf-Macpro.local.log'}
2024-11-20 19:09:29,748 : INFO : Machine : MPF path: /Users/C_Alan/envp311/lib/python3.11/site-packages/mpf
2024-11-20 19:09:29,748 : INFO : Machine : Machine path: /Users/C_Alan/pinball/hauntedhouse
2024-11-20 19:09:29,748 : INFO : Machine : Platform: darwin
2024-11-20 19:09:29,748 : INFO : Machine : Python executable location: /Users/C_Alan/envp311/bin/python3.11
2024-11-20 19:09:29,748 : INFO : Machine : Python version: 3.11.0 (64-bit)
2024-11-20 19:09:29,749 : INFO : Machine : Initializing MPF...
2024-11-20 19:09:29,780 : INFO : EventManager : Event: ======'machine_var_credits_string'====== Args={'value': 'FREE PLAY', 'prev_value': None, 'change': True}
2024-11-20 19:09:29,797 : INFO : EventManager : Event: ======'machine_var_master_volume'====== Args={'value': 0.5, 'prev_value': None, 'change': True}
2024-11-20 19:09:29,797 : INFO : EventManager : Event: ======'machine_var_player1_score'====== Args={'value': 81180, 'prev_value': None, 'change': True}
2024-11-20 19:09:29,797 : INFO : EventManager : Event: ======'machine_var_mpf_version'====== Args={'value': 'Mission Pinball Framework v0.80.0.dev5', 'prev_value': None, 'change': True}
2024-11-20 19:09:29,797 : INFO : EventManager : Event: ======'machine_var_mpf_extended_version'====== Args={'value': 'Mission Pinball Framework v0.80.0.dev5, Config version:6, Show version: 6, BCP version:1.1', 'prev_value': None, 'change': True}
2024-11-20 19:09:29,797 : INFO : EventManager : Event: ======'machine_var_python_version'====== Args={'value': '3.11.0', 'prev_value': None, 'change': True}
2024-11-20 19:09:29,810 : INFO : EventManager : Event: ======'machine_var_platform'====== Args={'value': 'macOS-14.6.1-x86_64-i386-64bit', 'prev_value': None, 'change': True}
2024-11-20 19:09:29,810 : INFO : EventManager : Event: ======'machine_var_platform_system'====== Args={'value': 'Darwin', 'prev_value': None, 'change': True}
2024-11-20 19:09:29,810 : INFO : EventManager : Event: ======'machine_var_platform_release'====== Args={'value': '23.6.0', 'prev_value': None, 'change': True}
2024-11-20 19:09:29,810 : INFO : EventManager : Event: ======'machine_var_platform_version'====== Args={'value': 'Darwin Kernel Version 23.6.0: Mon Jul 29 21:13:00 PDT 2024; root:xnu-10063.141.2~1/RELEASE_X86_64', 'prev_value': None, 'change': True}
2024-11-20 19:09:29,810 : INFO : EventManager : Event: ======'machine_var_platform_machine'====== Args={'value': 'x86_64', 'prev_value': None, 'change': True}
2024-11-20 19:09:29,810 : INFO : EventManager : Event: ======'machine_var_log_file_path'====== Args={'value': '/Users/C_Alan/pinball/hauntedhouse/logs/2024-11-20-19-09-29-mpf-Macpro.local.log', 'prev_value': None, 'change': True}
2024-11-20 19:09:29,810 : INFO : EventManager : Event: ======'init_phase_1'====== Args={}
2024-11-20 19:09:29,834 : INFO : EventManager : Event: ======'drop_target_bank_upper_up'====== Args={}
2024-11-20 19:09:29,834 : INFO : EventManager : Event: ======'drop_target_bank_lower_up'====== Args={}
2024-11-20 19:09:29,834 : INFO : EventManager : Event: ======'init_phase_2'====== Args={}
2024-11-20 19:09:29,839 : INFO : EventManager : Event: ======'bcp_connection_attempt'====== Args={'name': 'local_display', 'host': 'localhost', 'port': 5050}
2024-11-20 19:09:29,840 : INFO : BCPClientSocket : Connecting BCP to 'local_display' at localhost:5050...
2024-11-20 19:09:38,123 : INFO : BCPClientSocket : Connected BCP to 'local_display' localhost:5050
2024-11-20 19:09:38,124 : INFO : EventManager : Event: ======'bcp_clients_connected'====== Args={}
2024-11-20 19:09:38,125 : INFO : ball_device.bd_drain : BCH: Initial count: 0
2024-11-20 19:09:38,126 : INFO : ball_device.bd_drain : State: idle
2024-11-20 19:09:38,126 : INFO : ball_device.bd_lower_vuk : BCH: Initial count: 0
2024-11-20 19:09:38,126 : INFO : ball_device.bd_lower_vuk : State: idle
2024-11-20 19:09:38,127 : INFO : ball_device.bd_lower_kickout_special : BCH: Initial count: 0
2024-11-20 19:09:38,127 : INFO : ball_device.bd_lower_kickout_special : State: idle
2024-11-20 19:09:38,127 : INFO : ball_device.bd_main_vuk : BCH: Initial count: 0
2024-11-20 19:09:38,128 : INFO : ball_device.bd_main_vuk : State: idle
2024-11-20 19:09:38,128 : INFO : ball_device.bd_main_kickout_right : BCH: Initial count: 0
2024-11-20 19:09:38,129 : INFO : ball_device.bd_main_kickout_right : State: idle
2024-11-20 19:09:38,129 : INFO : ball_device.bd_main_kickout_lane : BCH: Initial count: 0
2024-11-20 19:09:38,129 : INFO : ball_device.bd_main_kickout_lane : State: idle
2024-11-20 19:09:38,136 : INFO : EventManager : Event: ======'init_phase_3'====== Args={}
2024-11-20 19:09:38,139 : INFO : EventManager : Event: ======'init_phase_4'====== Args={}
2024-11-20 19:09:38,139 : INFO : BallController : Initial balls found: 0
2024-11-20 19:09:38,140 : INFO : EventManager : Event: ======'machine_var_audits_events_game_ended'====== Args={'value': 65, 'prev_value': None, 'change': True}
2024-11-20 19:09:38,140 : INFO : EventManager : Event: ======'machine_var_audits_events_game_started'====== Args={'value': 131, 'prev_value': None, 'change': True}
2024-11-20 19:09:38,140 : INFO : EventManager : Event: ======'machine_var_audits_missing_switches_s_left_flipper1'====== Args={'value': 2, 'prev_value': None, 'change': True}
2024-11-20 19:09:38,140 : INFO : EventManager : Event: ======'machine_var_audits_missing_switches_s_left_flipper2'====== Args={'value': 2, 'prev_value': None, 'change': True}
2024-11-20 19:09:38,140 : INFO : EventManager : Event: ======'machine_var_audits_missing_switches_s_lower_10pt_drops'====== Args={'value': 4, 'prev_value': None, 'change': True}
2024-11-20 19:09:38,140 : INFO : EventManager : Event: ======'machine_var_audits_missing_switches_s_lower_10pt_lower'====== Args={'value': 5, 'prev_value': None, 'change': True}
2024-11-20 19:09:38,140 : INFO : EventManager : Event: ======'machine_var_audits_missing_switches_s_lower_10pt_upper'====== Args={'value': 4, 'prev_value': None, 'change': True}
2024-11-20 19:09:38,140 : INFO : EventManager : Event: ======'machine_var_audits_missing_switches_s_lower_1_drop'====== Args={'value': 5, 'prev_value': None, 'change': True}
2024-11-20 19:09:38,140 : INFO : EventManager : Event: ======'machine_var_audits_missing_switches_s_lower_2_drop'====== Args={'value': 4, 'prev_value': None, 'change': True}
2024-11-20 19:09:38,140 : INFO : EventManager : Event: ======'machine_var_audits_missing_switches_s_lower_3_drop'====== Args={'value': 5, 'prev_value': None, 'change': True}
2024-11-20 19:09:38,140 : INFO : EventManager : Event: ======'machine_var_audits_missing_switches_s_lower_4_drop'====== Args={'value': 17, 'prev_value': None, 'change': True}
2024-11-20 19:09:38,140 : INFO : EventManager : Event: ======'machine_var_audits_missing_switches_s_lower_5_drop'====== Args={'value': 5, 'prev_value': None, 'change': True}
2024-11-20 19:09:38,140 : INFO : EventManager : Event: ======'machine_var_audits_missing_switches_s_lower_bonus_left'====== Args={'value': 4, 'prev_value': None, 'change': True}
2024-11-20 19:09:38,141 : INFO : EventManager : Event: ======'machine_var_audits_missing_switches_s_lower_bonus_right'====== Args={'value': 21, 'prev_value': None, 'change': True}
2024-11-20 19:09:38,141 : INFO : EventManager : Event: ======'machine_var_audits_missing_switches_s_lower_kick_target'====== Args={'value': 21, 'prev_value': None, 'change': True}
2024-11-20 19:09:38,141 : INFO : EventManager : Event: ======'machine_var_audits_missing_switches_s_lower_kickout_special'====== Args={'value': 4, 'prev_value': None, 'change': True}
2024-11-20 19:09:38,141 : INFO : EventManager : Event: ======'machine_var_audits_missing_switches_s_lower_pop'====== Args={'value': 4, 'prev_value': None, 'change': True}
2024-11-20 19:09:38,141 : INFO : EventManager : Event: ======'machine_var_audits_missing_switches_s_lower_rollover'====== Args={'value': 1, 'prev_value': None, 'change': True}
2024-11-20 19:09:38,141 : INFO : EventManager : Event: ======'machine_var_audits_missing_switches_s_lower_slingshot'====== Args={'value': 4, 'prev_value': None, 'change': True}
2024-11-20 19:09:38,141 : INFO : EventManager : Event: ======'machine_var_audits_missing_switches_s_lower_vuk'====== Args={'value': 1, 'prev_value': None, 'change': True}
2024-11-20 19:09:38,141 : INFO : EventManager : Event: ======'machine_var_audits_missing_switches_s_main_10pt_left'====== Args={'value': 4, 'prev_value': None, 'change': True}
2024-11-20 19:09:38,141 : INFO : EventManager : Event: ======'machine_var_audits_missing_switches_s_main_1_target'====== Args={'value': 4, 'prev_value': None, 'change': True}
2024-11-20 19:09:38,141 : INFO : EventManager : Event: ======'machine_var_audits_missing_switches_s_main_1_trough'====== Args={'value': 4, 'prev_value': None, 'change': True}
2024-11-20 19:09:38,141 : INFO : EventManager : Event: ======'machine_var_audits_missing_switches_s_main_2_target'====== Args={'value': 4, 'prev_value': None, 'change': True}
2024-11-20 19:09:38,141 : INFO : EventManager : Event: ======'machine_var_audits_missing_switches_s_main_2_trough'====== Args={'value': 1, 'prev_value': None, 'change': True}
2024-11-20 19:09:38,141 : INFO : EventManager : Event: ======'machine_var_audits_missing_switches_s_main_3_target'====== Args={'value': 4, 'prev_value': None, 'change': True}
2024-11-20 19:09:38,141 : INFO : EventManager : Event: ======'machine_var_audits_missing_switches_s_main_4_target'====== Args={'value': 1, 'prev_value': None, 'change': True}
2024-11-20 19:09:38,141 : INFO : EventManager : Event: ======'machine_var_audits_missing_switches_s_main_5_target'====== Args={'value': 2, 'prev_value': None, 'change': True}
2024-11-20 19:09:38,142 : INFO : EventManager : Event: ======'machine_var_audits_missing_switches_s_main_inlane_left'====== Args={'value': 15, 'prev_value': None, 'change': True}
2024-11-20 19:09:38,142 : INFO : EventManager : Event: ======'machine_var_audits_missing_switches_s_main_inlane_right'====== Args={'value': 1, 'prev_value': None, 'change': True}
2024-11-20 19:09:38,142 : INFO : EventManager : Event: ======'machine_var_audits_missing_switches_s_main_kickout_right'====== Args={'value': 1, 'prev_value': None, 'change': True}
2024-11-20 19:09:38,142 : INFO : EventManager : Event: ======'machine_var_audits_missing_switches_s_main_lane_center'====== Args={'value': 1, 'prev_value': None, 'change': True}
2024-11-20 19:09:38,142 : INFO : EventManager : Event: ======'machine_var_audits_missing_switches_s_main_outlane_left'====== Args={'value': 21, 'prev_value': None, 'change': True}
2024-11-20 19:09:38,142 : INFO : EventManager : Event: ======'machine_var_audits_missing_switches_s_main_outlane_right'====== Args={'value': 4, 'prev_value': None, 'change': True}
2024-11-20 19:09:38,142 : INFO : EventManager : Event: ======'machine_var_audits_missing_switches_s_main_pop_bottom'====== Args={'value': 2, 'prev_value': None, 'change': True}
2024-11-20 19:09:38,142 : INFO : EventManager : Event: ======'machine_var_audits_missing_switches_s_main_pop_top'====== Args={'value': 1, 'prev_value': None, 'change': True}
2024-11-20 19:09:38,142 : INFO : EventManager : Event: ======'machine_var_audits_missing_switches_s_main_rollunder'====== Args={'value': 1, 'prev_value': None, 'change': True}
2024-11-20 19:09:38,142 : INFO : EventManager : Event: ======'machine_var_audits_missing_switches_s_main_secret_trough'====== Args={'value': 4, 'prev_value': None, 'change': True}
2024-11-20 19:09:38,142 : INFO : EventManager : Event: ======'machine_var_audits_missing_switches_s_main_slingshot'====== Args={'value': 1, 'prev_value': None, 'change': True}
2024-11-20 19:09:38,142 : INFO : EventManager : Event: ======'machine_var_audits_missing_switches_s_main_target_right'====== Args={'value': 4, 'prev_value': None, 'change': True}
2024-11-20 19:09:38,142 : INFO : EventManager : Event: ======'machine_var_audits_missing_switches_s_main_trapdoor_trough'====== Args={'value': 21, 'prev_value': None, 'change': True}
2024-11-20 19:09:38,142 : INFO : EventManager : Event: ======'machine_var_audits_missing_switches_s_right_flipper1'====== Args={'value': 1, 'prev_value': None, 'change': True}
2024-11-20 19:09:38,143 : INFO : EventManager : Event: ======'machine_var_audits_missing_switches_s_right_flipper2'====== Args={'value': 1, 'prev_value': None, 'change': True}
2024-11-20 19:09:38,143 : INFO : EventManager : Event: ======'machine_var_audits_missing_switches_s_start'====== Args={'value': 5, 'prev_value': None, 'change': True}
2024-11-20 19:09:38,143 : INFO : EventManager : Event: ======'machine_var_audits_missing_switches_s_upper_10pt_left'====== Args={'value': 2, 'prev_value': None, 'change': True}
2024-11-20 19:09:38,143 : INFO : EventManager : Event: ======'machine_var_audits_missing_switches_s_upper_1_drop'====== Args={'value': 2, 'prev_value': None, 'change': True}
2024-11-20 19:09:38,143 : INFO : EventManager : Event: ======'machine_var_audits_missing_switches_s_upper_2_drop'====== Args={'value': 2, 'prev_value': None, 'change': True}
2024-11-20 19:09:38,143 : INFO : EventManager : Event: ======'machine_var_audits_missing_switches_s_upper_3_drop'====== Args={'value': 2, 'prev_value': None, 'change': True}
2024-11-20 19:09:38,143 : INFO : EventManager : Event: ======'machine_var_audits_missing_switches_s_upper_4_drop'====== Args={'value': 2, 'prev_value': None, 'change': True}
2024-11-20 19:09:38,143 : INFO : EventManager : Event: ======'machine_var_audits_missing_switches_s_upper_pop'====== Args={'value': 2, 'prev_value': None, 'change': True}
2024-11-20 19:09:38,143 : INFO : EventManager : Event: ======'machine_var_audits_player_score'====== Args={'value': {'average': 30746, 'top': [211150, 162330, 120480, 114590, 92630, 81180, 78890, 76090, 75800, 75650], 'total': 68}, 'prev_value': None, 'change': True}
2024-11-20 19:09:38,143 : INFO : EventManager : Event: ======'machine_var_audits_shots_10pt'====== Args={'value': 248, 'prev_value': None, 'change': True}
2024-11-20 19:09:38,143 : INFO : EventManager : Event: ======'machine_var_audits_shots_left_inlane'====== Args={'value': 22, 'prev_value': None, 'change': True}
2024-11-20 19:09:38,144 : INFO : EventManager : Event: ======'machine_var_audits_shots_left_outlane'====== Args={'value': 11, 'prev_value': None, 'change': True}
2024-11-20 19:09:38,144 : INFO : EventManager : Event: ======'machine_var_audits_shots_lower_10pt_drops'====== Args={'value': 37, 'prev_value': None, 'change': True}
2024-11-20 19:09:38,144 : INFO : EventManager : Event: ======'machine_var_audits_shots_lower_10pt_lower'====== Args={'value': 12, 'prev_value': None, 'change': True}
2024-11-20 19:09:38,144 : INFO : EventManager : Event: ======'machine_var_audits_shots_lower_10pt_upper'====== Args={'value': 13, 'prev_value': None, 'change': True}
2024-11-20 19:09:38,144 : INFO : EventManager : Event: ======'machine_var_audits_shots_lower_1_drop'====== Args={'value': 44, 'prev_value': None, 'change': True}
2024-11-20 19:09:38,144 : INFO : EventManager : Event: ======'machine_var_audits_shots_lower_2_drop'====== Args={'value': 12, 'prev_value': None, 'change': True}
2024-11-20 19:09:38,144 : INFO : EventManager : Event: ======'machine_var_audits_shots_lower_3_drop'====== Args={'value': 12, 'prev_value': None, 'change': True}
2024-11-20 19:09:38,144 : INFO : EventManager : Event: ======'machine_var_audits_shots_lower_4_drop'====== Args={'value': 16, 'prev_value': None, 'change': True}
2024-11-20 19:09:38,144 : INFO : EventManager : Event: ======'machine_var_audits_shots_lower_5_drop'====== Args={'value': 17, 'prev_value': None, 'change': True}
2024-11-20 19:09:38,145 : INFO : EventManager : Event: ======'machine_var_audits_shots_lower_hole'====== Args={'value': 27, 'prev_value': None, 'change': True}
2024-11-20 19:09:38,145 : INFO : EventManager : Event: ======'machine_var_audits_shots_lower_kick_target'====== Args={'value': 2, 'prev_value': None, 'change': True}
2024-11-20 19:09:38,145 : INFO : EventManager : Event: ======'machine_var_audits_shots_lower_left'====== Args={'value': 11, 'prev_value': None, 'change': True}
2024-11-20 19:09:38,146 : INFO : EventManager : Event: ======'machine_var_audits_shots_lower_left_pop'====== Args={'value': 199, 'prev_value': None, 'change': True}
2024-11-20 19:09:38,146 : INFO : EventManager : Event: ======'machine_var_audits_shots_lower_pop'====== Args={'value': 28, 'prev_value': None, 'change': True}
2024-11-20 19:09:38,146 : INFO : EventManager : Event: ======'machine_var_audits_shots_lower_right'====== Args={'value': 4, 'prev_value': None, 'change': True}
2024-11-20 19:09:38,146 : INFO : EventManager : Event: ======'machine_var_audits_shots_lower_rollover'====== Args={'value': 32, 'prev_value': None, 'change': True}
2024-11-20 19:09:38,146 : INFO : EventManager : Event: ======'machine_var_audits_shots_lower_slingshot'====== Args={'value': 19, 'prev_value': None, 'change': True}
2024-11-20 19:09:38,146 : INFO : EventManager : Event: ======'machine_var_audits_shots_main_1'====== Args={'value': 30, 'prev_value': None, 'change': True}
2024-11-20 19:09:38,146 : INFO : EventManager : Event: ======'machine_var_audits_shots_main_2'====== Args={'value': 33, 'prev_value': None, 'change': True}
2024-11-20 19:09:38,146 : INFO : EventManager : Event: ======'machine_var_audits_shots_main_3'====== Args={'value': 26, 'prev_value': None, 'change': True}
2024-11-20 19:09:38,146 : INFO : EventManager : Event: ======'machine_var_audits_shots_main_4'====== Args={'value': 44, 'prev_value': None, 'change': True}
2024-11-20 19:09:38,147 : INFO : EventManager : Event: ======'machine_var_audits_shots_main_5'====== Args={'value': 24, 'prev_value': None, 'change': True}
2024-11-20 19:09:38,147 : INFO : EventManager : Event: ======'machine_var_audits_shots_main_slingshot'====== Args={'value': 45, 'prev_value': None, 'change': True}
2024-11-20 19:09:38,147 : INFO : EventManager : Event: ======'machine_var_audits_shots_main_trough_1'====== Args={'value': 16, 'prev_value': None, 'change': True}
2024-11-20 19:09:38,147 : INFO : EventManager : Event: ======'machine_var_audits_shots_right_inlane'====== Args={'value': 75, 'prev_value': None, 'change': True}
2024-11-20 19:09:38,147 : INFO : EventManager : Event: ======'machine_var_audits_shots_right_kickout'====== Args={'value': 34, 'prev_value': None, 'change': True}
2024-11-20 19:09:38,147 : INFO : EventManager : Event: ======'machine_var_audits_shots_right_outlane'====== Args={'value': 44, 'prev_value': None, 'change': True}
2024-11-20 19:09:38,147 : INFO : EventManager : Event: ======'machine_var_audits_shots_rollunder'====== Args={'value': 106, 'prev_value': None, 'change': True}
2024-11-20 19:09:38,147 : INFO : EventManager : Event: ======'machine_var_audits_shots_standup_right'====== Args={'value': 91, 'prev_value': None, 'change': True}
2024-11-20 19:09:38,147 : INFO : EventManager : Event: ======'machine_var_audits_shots_upper_1'====== Args={'value': 37, 'prev_value': None, 'change': True}
2024-11-20 19:09:38,148 : INFO : EventManager : Event: ======'machine_var_audits_shots_upper_1_drop'====== Args={'value': 51, 'prev_value': None, 'change': True}
2024-11-20 19:09:38,148 : INFO : EventManager : Event: ======'machine_var_audits_shots_upper_2'====== Args={'value': 64, 'prev_value': None, 'change': True}
2024-11-20 19:09:38,148 : INFO : EventManager : Event: ======'machine_var_audits_shots_upper_2_drop'====== Args={'value': 39, 'prev_value': None, 'change': True}
2024-11-20 19:09:38,148 : INFO : EventManager : Event: ======'machine_var_audits_shots_upper_3'====== Args={'value': 26, 'prev_value': None, 'change': True}
2024-11-20 19:09:38,148 : INFO : EventManager : Event: ======'machine_var_audits_shots_upper_3_drop'====== Args={'value': 57, 'prev_value': None, 'change': True}
2024-11-20 19:09:38,148 : INFO : EventManager : Event: ======'machine_var_audits_shots_upper_4'====== Args={'value': 23, 'prev_value': None, 'change': True}
2024-11-20 19:09:38,148 : INFO : EventManager : Event: ======'machine_var_audits_shots_upper_4_drop'====== Args={'value': 70, 'prev_value': None, 'change': True}
2024-11-20 19:09:38,148 : INFO : EventManager : Event: ======'machine_var_audits_shots_upper_left_pop'====== Args={'value': 68, 'prev_value': None, 'change': True}
2024-11-20 19:09:38,149 : INFO : EventManager : Event: ======'machine_var_audits_shots_upper_pop'====== Args={'value': 544, 'prev_value': None, 'change': True}
2024-11-20 19:09:38,149 : INFO : EventManager : Event: ======'machine_var_audits_switches_s_left_flipper1'====== Args={'value': 420, 'prev_value': None, 'change': True}
2024-11-20 19:09:38,149 : INFO : EventManager : Event: ======'machine_var_audits_switches_s_left_flipper2'====== Args={'value': 469, 'prev_value': None, 'change': True}
2024-11-20 19:09:38,149 : INFO : EventManager : Event: ======'machine_var_audits_switches_s_lower_10pt_UPPER'====== Args={'value': 0, 'prev_value': None, 'change': True}
2024-11-20 19:09:38,149 : INFO : EventManager : Event: ======'machine_var_audits_switches_s_lower_10pt_drops'====== Args={'value': 37, 'prev_value': None, 'change': True}
2024-11-20 19:09:38,149 : INFO : EventManager : Event: ======'machine_var_audits_switches_s_lower_10pt_lower'====== Args={'value': 12, 'prev_value': None, 'change': True}
2024-11-20 19:09:38,149 : INFO : EventManager : Event: ======'machine_var_audits_switches_s_lower_10pt_upper'====== Args={'value': 13, 'prev_value': None, 'change': True}
2024-11-20 19:09:38,149 : INFO : EventManager : Event: ======'machine_var_audits_switches_s_lower_1_drop'====== Args={'value': 399, 'prev_value': None, 'change': True}
2024-11-20 19:09:38,150 : INFO : EventManager : Event: ======'machine_var_audits_switches_s_lower_2_drop'====== Args={'value': 12, 'prev_value': None, 'change': True}
2024-11-20 19:09:38,150 : INFO : EventManager : Event: ======'machine_var_audits_switches_s_lower_3_drop'====== Args={'value': 12, 'prev_value': None, 'change': True}
2024-11-20 19:09:38,150 : INFO : EventManager : Event: ======'machine_var_audits_switches_s_lower_4_drop'====== Args={'value': 16, 'prev_value': None, 'change': True}
2024-11-20 19:09:38,150 : INFO : EventManager : Event: ======'machine_var_audits_switches_s_lower_5_drop'====== Args={'value': 17, 'prev_value': None, 'change': True}
2024-11-20 19:09:38,150 : INFO : EventManager : Event: ======'machine_var_audits_switches_s_lower_bonus_left'====== Args={'value': 11, 'prev_value': None, 'change': True}
2024-11-20 19:09:38,150 : INFO : EventManager : Event: ======'machine_var_audits_switches_s_lower_bonus_right'====== Args={'value': 4, 'prev_value': None, 'change': True}
2024-11-20 19:09:38,150 : INFO : EventManager : Event: ======'machine_var_audits_switches_s_lower_kick_target'====== Args={'value': 2, 'prev_value': None, 'change': True}
2024-11-20 19:09:38,150 : INFO : EventManager : Event: ======'machine_var_audits_switches_s_lower_kickout_special'====== Args={'value': 27, 'prev_value': None, 'change': True}
2024-11-20 19:09:38,151 : INFO : EventManager : Event: ======'machine_var_audits_switches_s_lower_pop'====== Args={'value': 28, 'prev_value': None, 'change': True}
2024-11-20 19:09:38,151 : INFO : EventManager : Event: ======'machine_var_audits_switches_s_lower_rollover'====== Args={'value': 60, 'prev_value': None, 'change': True}
2024-11-20 19:09:38,151 : INFO : EventManager : Event: ======'machine_var_audits_switches_s_lower_slingshot'====== Args={'value': 19, 'prev_value': None, 'change': True}
2024-11-20 19:09:38,151 : INFO : EventManager : Event: ======'machine_var_audits_switches_s_lower_vuk'====== Args={'value': 239, 'prev_value': None, 'change': True}
2024-11-20 19:09:38,151 : INFO : EventManager : Event: ======'machine_var_audits_switches_s_main_10pt_left'====== Args={'value': 33, 'prev_value': None, 'change': True}
2024-11-20 19:09:38,151 : INFO : EventManager : Event: ======'machine_var_audits_switches_s_main_1_target'====== Args={'value': 57, 'prev_value': None, 'change': True}
2024-11-20 19:09:38,152 : INFO : EventManager : Event: ======'machine_var_audits_switches_s_main_1_trough'====== Args={'value': 49, 'prev_value': None, 'change': True}
2024-11-20 19:09:38,152 : INFO : EventManager : Event: ======'machine_var_audits_switches_s_main_2_target'====== Args={'value': 56, 'prev_value': None, 'change': True}
2024-11-20 19:09:38,152 : INFO : EventManager : Event: ======'machine_var_audits_switches_s_main_2_trough'====== Args={'value': 64, 'prev_value': None, 'change': True}
2024-11-20 19:09:38,152 : INFO : EventManager : Event: ======'machine_var_audits_switches_s_main_3_target'====== Args={'value': 26, 'prev_value': None, 'change': True}
2024-11-20 19:09:38,152 : INFO : EventManager : Event: ======'machine_var_audits_switches_s_main_4_target'====== Args={'value': 60, 'prev_value': None, 'change': True}
2024-11-20 19:09:38,152 : INFO : EventManager : Event: ======'machine_var_audits_switches_s_main_5_target'====== Args={'value': 58, 'prev_value': None, 'change': True}
2024-11-20 19:09:38,152 : INFO : EventManager : Event: ======'machine_var_audits_switches_s_main_inlane_left'====== Args={'value': 25, 'prev_value': None, 'change': True}
2024-11-20 19:09:38,153 : INFO : EventManager : Event: ======'machine_var_audits_switches_s_main_inlane_right'====== Args={'value': 80, 'prev_value': None, 'change': True}
2024-11-20 19:09:38,153 : INFO : EventManager : Event: ======'machine_var_audits_switches_s_main_kickout_right'====== Args={'value': 132, 'prev_value': None, 'change': True}
2024-11-20 19:09:38,153 : INFO : EventManager : Event: ======'machine_var_audits_switches_s_main_lane_center'====== Args={'value': 110, 'prev_value': None, 'change': True}
2024-11-20 19:09:38,153 : INFO : EventManager : Event: ======'machine_var_audits_switches_s_main_outhole'====== Args={'value': 452, 'prev_value': None, 'change': True}
2024-11-20 19:09:38,153 : INFO : EventManager : Event: ======'machine_var_audits_switches_s_main_outlane_left'====== Args={'value': 18, 'prev_value': None, 'change': True}
2024-11-20 19:09:38,153 : INFO : EventManager : Event: ======'machine_var_audits_switches_s_main_outlane_right'====== Args={'value': 45, 'prev_value': None, 'change': True}
2024-11-20 19:09:38,154 : INFO : EventManager : Event: ======'machine_var_audits_switches_s_main_pop_bottom'====== Args={'value': 227, 'prev_value': None, 'change': True}
2024-11-20 19:09:38,154 : INFO : EventManager : Event: ======'machine_var_audits_switches_s_main_pop_top'====== Args={'value': 133, 'prev_value': None, 'change': True}
2024-11-20 19:09:38,154 : INFO : EventManager : Event: ======'machine_var_audits_switches_s_main_rollunder'====== Args={'value': 106, 'prev_value': None, 'change': True}
2024-11-20 19:09:38,154 : INFO : EventManager : Event: ======'machine_var_audits_switches_s_main_roundabout_rollunder'====== Args={'value': 52, 'prev_value': None, 'change': True}
2024-11-20 19:09:38,154 : INFO : EventManager : Event: ======'machine_var_audits_switches_s_main_secret_trough'====== Args={'value': 30, 'prev_value': None, 'change': True}
2024-11-20 19:09:38,154 : INFO : EventManager : Event: ======'machine_var_audits_switches_s_main_slingshot'====== Args={'value': 240, 'prev_value': None, 'change': True}
2024-11-20 19:09:38,154 : INFO : EventManager : Event: ======'machine_var_audits_switches_s_main_target_right'====== Args={'value': 144, 'prev_value': None, 'change': True}
2024-11-20 19:09:38,155 : INFO : EventManager : Event: ======'machine_var_audits_switches_s_main_trapdoor_trough'====== Args={'value': 0, 'prev_value': None, 'change': True}
2024-11-20 19:09:38,155 : INFO : EventManager : Event: ======'machine_var_audits_switches_s_main_vuk'====== Args={'value': 281, 'prev_value': None, 'change': True}
2024-11-20 19:09:38,155 : INFO : EventManager : Event: ======'machine_var_audits_switches_s_right_flipper1'====== Args={'value': 367, 'prev_value': None, 'change': True}
2024-11-20 19:09:38,155 : INFO : EventManager : Event: ======'machine_var_audits_switches_s_right_flipper2'====== Args={'value': 419, 'prev_value': None, 'change': True}
2024-11-20 19:09:38,155 : INFO : EventManager : Event: ======'machine_var_audits_switches_s_start'====== Args={'value': 7, 'prev_value': None, 'change': True}
2024-11-20 19:09:38,155 : INFO : EventManager : Event: ======'machine_var_audits_switches_s_upper_10pt_center'====== Args={'value': 198, 'prev_value': None, 'change': True}
2024-11-20 19:09:38,156 : INFO : EventManager : Event: ======'machine_var_audits_switches_s_upper_10pt_left'====== Args={'value': 126, 'prev_value': None, 'change': True}
2024-11-20 19:09:38,156 : INFO : EventManager : Event: ======'machine_var_audits_switches_s_upper_1_drop'====== Args={'value': 59, 'prev_value': None, 'change': True}
2024-11-20 19:09:38,156 : INFO : EventManager : Event: ======'machine_var_audits_switches_s_upper_1_target'====== Args={'value': 98, 'prev_value': None, 'change': True}
2024-11-20 19:09:38,156 : INFO : EventManager : Event: ======'machine_var_audits_switches_s_upper_2_drop'====== Args={'value': 56, 'prev_value': None, 'change': True}
2024-11-20 19:09:38,156 : INFO : EventManager : Event: ======'machine_var_audits_switches_s_upper_2_target'====== Args={'value': 150, 'prev_value': None, 'change': True}
2024-11-20 19:09:38,156 : INFO : EventManager : Event: ======'machine_var_audits_switches_s_upper_3_drop'====== Args={'value': 67, 'prev_value': None, 'change': True}
2024-11-20 19:09:38,157 : INFO : EventManager : Event: ======'machine_var_audits_switches_s_upper_3_target'====== Args={'value': 63, 'prev_value': None, 'change': True}
2024-11-20 19:09:38,157 : INFO : EventManager : Event: ======'machine_var_audits_switches_s_upper_4_drop'====== Args={'value': 88, 'prev_value': None, 'change': True}
2024-11-20 19:09:38,157 : INFO : EventManager : Event: ======'machine_var_audits_switches_s_upper_4_target'====== Args={'value': 61, 'prev_value': None, 'change': True}
2024-11-20 19:09:38,157 : INFO : EventManager : Event: ======'machine_var_audits_switches_s_upper_pop'====== Args={'value': 776, 'prev_value': None, 'change': True}
2024-11-20 19:09:38,158 : INFO : EventManager : Event: ======'init_phase_5'====== Args={}
2024-11-20 19:09:38,162 : INFO : EventManager : Event: ======'init_done'====== Args={}
2024-11-20 19:09:38,162 : INFO : EventManager : Event: ======'machine_reset_phase_1'====== Args={}
2024-11-20 19:09:38,167 : INFO : EventManager : Event: ======'machine_reset_phase_2'====== Args={}
2024-11-20 19:09:38,167 : INFO : EventManager : Event: ======'machine_reset_phase_3'====== Args={}
2024-11-20 19:09:38,168 : INFO : drop_target_bank.upper : All targets are already up. Will not reset bank.
2024-11-20 19:09:38,168 : INFO : drop_target_bank.lower : All targets are already up. Will not reset bank.
2024-11-20 19:09:38,168 : INFO : EventManager : Event: ======'reset_complete'====== Args={}
2024-11-20 19:09:38,168 : INFO : EventManager : Event: ======'mode_attract_will_start'====== Args={}
2024-11-20 19:09:38,168 : INFO : EventManager : Event: ======'mode_attract_starting'====== Args={}
2024-11-20 19:09:38,169 : INFO : Mode.attract : Started. Priority: 10
2024-11-20 19:09:38,169 : INFO : EventManager : Event: ======'modes_active_modes_changed'====== Args={}
2024-11-20 19:09:38,169 : INFO : EventManager : Event: ======'mode_attract_started'====== Args={}
2024-11-20 19:09:38,169 : INFO : EventManager : Event: ======'collecting_balls_complete'====== Args={}
2024-11-20 19:09:38,169 : INFO : Machine : Starting the main run loop with active modes: [<Mode.attract>]
2024-11-20 19:09:38,216 : INFO : EventManager : Event: ======'slide_attract_scroll_created'====== Args={'_from_bcp': True}
2024-11-20 19:09:38,216 : INFO : EventManager : Event: ======'slide__removed'====== Args={'_from_bcp': True}
2024-11-20 19:09:38,216 : INFO : EventManager : Event: ======'slide_attract_scroll_active'====== Args={'original_context': 'attract', 'original_calling_context': 'mode_attract_started', 'priority': 10.0, 'cmd': 'slides_play', '_from_bcp': True}
2024-11-20 19:09:39,121 : INFO : BcpServer : New client connected.
2024-11-20 19:10:53,941 : INFO : Machine : Shutting down...
2024-11-20 19:10:53,941 : INFO : EventManager : Event: ======'shutdown'====== Args={}
2024-11-20 19:10:53,951 : INFO : root : MPF run loop ended.
