2024-11-30 20:35:50,000 : INFO : root : Loading config.
2024-11-30 20:35:50,002 : INFO : YamlMultifileConfigLoader : Machine config file #1: config.yaml
2024-11-30 20:35:50,002 : INFO : ConfigProcessor : Loading config from cache: /var/folders/lw/36nc9wln17qdc1y8dnh6d85h0000gr/T/a187413b8cf7049e0b91852f54cd1afa.mpf_cache
2024-11-30 20:35:50,032 : INFO : ConfigProcessor : Loading config from cache: /var/folders/lw/36nc9wln17qdc1y8dnh6d85h0000gr/T/2e30198d1c841d95b9b3e69c8a0bb49b.mpf_cache
2024-11-30 20:35:50,032 : INFO : ConfigProcessor : Loading config from cache: /var/folders/lw/36nc9wln17qdc1y8dnh6d85h0000gr/T/40928215bbb65374348eff3d4cd7b8bc.mpf_cache
2024-11-30 20:35:50,033 : WARNING : ConfigProcessor : Config file in cache changed: /Users/C_Alan/pinball/hauntedhouse/modes/base/config/base.yaml
2024-11-30 20:35:50,033 : INFO : ConfigProcessor : Loading config from file /Users/C_Alan/pinball/hauntedhouse/modes/base/config/base.yaml.
2024-11-30 20:35:50,039 : INFO : ConfigProcessor : Loading config: /Users/C_Alan/pinball/hauntedhouse/modes/base/config/base.yaml
2024-11-30 20:35:50,040 : INFO : ConfigProcessor : Config file cache created: /var/folders/lw/36nc9wln17qdc1y8dnh6d85h0000gr/T/167ddff969183ffa73a4682c84ddf638.mpf_cache
2024-11-30 20:35:50,040 : INFO : ConfigProcessor : Loading config from cache: /var/folders/lw/36nc9wln17qdc1y8dnh6d85h0000gr/T/2e30198d1c841d95b9b3e69c8a0bb49b.mpf_cache
2024-11-30 20:35:50,040 : INFO : ConfigProcessor : Loading config from cache: /var/folders/lw/36nc9wln17qdc1y8dnh6d85h0000gr/T/f3e7df0542012602a298ddb9f31df321.mpf_cache
2024-11-30 20:35:50,040 : INFO : ConfigProcessor : Loading config from cache: /var/folders/lw/36nc9wln17qdc1y8dnh6d85h0000gr/T/ac27afd8b01174f1412801db135abc1d.mpf_cache
2024-11-30 20:35:50,040 : INFO : ConfigProcessor : Loading config from cache: /var/folders/lw/36nc9wln17qdc1y8dnh6d85h0000gr/T/df2857c909c4a913cc732702f1a197bb.mpf_cache
2024-11-30 20:35:50,041 : INFO : ConfigProcessor : Loading config from cache: /var/folders/lw/36nc9wln17qdc1y8dnh6d85h0000gr/T/1ab5c5e749213b44f20a4087626085fd.mpf_cache
2024-11-30 20:35:50,041 : INFO : ConfigProcessor : Loading config from cache: /var/folders/lw/36nc9wln17qdc1y8dnh6d85h0000gr/T/176bdc82e0948b16c38e3d140ac1de4b.mpf_cache
2024-11-30 20:35:50,041 : INFO : Machine : Mission Pinball Framework Core Engine v0.80.0.dev5
2024-11-30 20:35:50,041 : INFO : Machine : Command line arguments: {'no_load_cache': False, 'create_config_cache': True, 'bcp': True, 'configfile': ['config.yaml'], 'force_assets_load': False, 'platform_integration_test': False, 'jsonlogging': False, 'logfile': 'logs/2024-11-30-20-35-49-mpf-Macpro.local.log', 'pause': False, 'production': False, 'text_ui': True, 'loglevel': 15, 'consoleloglevel': 20, 'force_platform': 'virtual', 'syslog_address': None, 'full_logfile_path': '/Users/C_Alan/pinball/hauntedhouse/logs/2024-11-30-20-35-49-mpf-Macpro.local.log'}
2024-11-30 20:35:50,041 : INFO : Machine : MPF path: /Users/C_Alan/envp311/lib/python3.11/site-packages/mpf
2024-11-30 20:35:50,041 : INFO : Machine : Machine path: /Users/C_Alan/pinball/hauntedhouse
2024-11-30 20:35:50,041 : INFO : Machine : Platform: darwin
2024-11-30 20:35:50,041 : INFO : Machine : Python executable location: /Users/C_Alan/envp311/bin/python3.11
2024-11-30 20:35:50,041 : INFO : Machine : Python version: 3.11.0 (64-bit)
2024-11-30 20:35:50,042 : INFO : Machine : Initializing MPF...
2024-11-30 20:35:50,069 : INFO : EventManager : Event: ======'machine_var_credits_string'====== Args={'value': 'FREE PLAY', 'prev_value': None, 'change': True}
2024-11-30 20:35:50,076 : INFO : EventManager : Event: ======'machine_var_master_volume'====== Args={'value': 0.5, 'prev_value': None, 'change': True}
2024-11-30 20:35:50,076 : INFO : EventManager : Event: ======'machine_var_player1_score'====== Args={'value': 14900, 'prev_value': None, 'change': True}
2024-11-30 20:35:50,076 : INFO : EventManager : Event: ======'machine_var_mpf_version'====== Args={'value': 'Mission Pinball Framework v0.80.0.dev5', 'prev_value': None, 'change': True}
2024-11-30 20:35:50,076 : INFO : EventManager : Event: ======'machine_var_mpf_extended_version'====== Args={'value': 'Mission Pinball Framework v0.80.0.dev5, Config version:6, Show version: 6, BCP version:1.1', 'prev_value': None, 'change': True}
2024-11-30 20:35:50,076 : INFO : EventManager : Event: ======'machine_var_python_version'====== Args={'value': '3.11.0', 'prev_value': None, 'change': True}
2024-11-30 20:35:50,087 : INFO : EventManager : Event: ======'machine_var_platform'====== Args={'value': 'macOS-14.6.1-x86_64-i386-64bit', 'prev_value': None, 'change': True}
2024-11-30 20:35:50,087 : INFO : EventManager : Event: ======'machine_var_platform_system'====== Args={'value': 'Darwin', 'prev_value': None, 'change': True}
2024-11-30 20:35:50,087 : INFO : EventManager : Event: ======'machine_var_platform_release'====== Args={'value': '23.6.0', 'prev_value': None, 'change': True}
2024-11-30 20:35:50,087 : INFO : EventManager : Event: ======'machine_var_platform_version'====== Args={'value': 'Darwin Kernel Version 23.6.0: Mon Jul 29 21:13:00 PDT 2024; root:xnu-10063.141.2~1/RELEASE_X86_64', 'prev_value': None, 'change': True}
2024-11-30 20:35:50,087 : INFO : EventManager : Event: ======'machine_var_platform_machine'====== Args={'value': 'x86_64', 'prev_value': None, 'change': True}
2024-11-30 20:35:50,087 : INFO : EventManager : Event: ======'machine_var_log_file_path'====== Args={'value': '/Users/C_Alan/pinball/hauntedhouse/logs/2024-11-30-20-35-49-mpf-Macpro.local.log', 'prev_value': None, 'change': True}
2024-11-30 20:35:50,087 : INFO : EventManager : Event: ======'init_phase_1'====== Args={}
2024-11-30 20:35:50,122 : INFO : EventManager : Event: ======'drop_target_bank_upper_up'====== Args={}
2024-11-30 20:35:50,123 : INFO : EventManager : Event: ======'drop_target_bank_lower_up'====== Args={}
2024-11-30 20:35:50,123 : INFO : EventManager : Event: ======'init_phase_2'====== Args={}
2024-11-30 20:35:50,128 : INFO : EventManager : Event: ======'bcp_connection_attempt'====== Args={'name': 'local_display', 'host': 'localhost', 'port': 5050}
2024-11-30 20:35:50,129 : INFO : BCPClientSocket : Connecting BCP to 'local_display' at localhost:5050...
2024-11-30 20:35:54,727 : INFO : BCPClientSocket : Connected BCP to 'local_display' localhost:5050
2024-11-30 20:35:54,728 : INFO : EventManager : Event: ======'bcp_clients_connected'====== Args={}
2024-11-30 20:35:54,729 : INFO : ball_device.bd_drain : BCH: Initial count: 0
2024-11-30 20:35:54,729 : INFO : ball_device.bd_drain : State: idle
2024-11-30 20:35:54,729 : INFO : ball_device.bd_lower_vuk : BCH: Initial count: 0
2024-11-30 20:35:54,729 : INFO : ball_device.bd_lower_vuk : State: idle
2024-11-30 20:35:54,730 : INFO : ball_device.bd_lower_kickout_special : BCH: Initial count: 0
2024-11-30 20:35:54,730 : INFO : ball_device.bd_lower_kickout_special : State: idle
2024-11-30 20:35:54,730 : INFO : ball_device.bd_main_vuk : BCH: Initial count: 0
2024-11-30 20:35:54,730 : INFO : ball_device.bd_main_vuk : State: idle
2024-11-30 20:35:54,731 : INFO : ball_device.bd_main_kickout_right : BCH: Initial count: 0
2024-11-30 20:35:54,731 : INFO : ball_device.bd_main_kickout_right : State: idle
2024-11-30 20:35:54,731 : INFO : ball_device.bd_main_kickout_lane : BCH: Initial count: 0
2024-11-30 20:35:54,731 : INFO : ball_device.bd_main_kickout_lane : State: idle
2024-11-30 20:35:54,738 : INFO : EventManager : Event: ======'init_phase_3'====== Args={}
2024-11-30 20:35:54,748 : INFO : EventManager : Event: ======'init_phase_4'====== Args={}
2024-11-30 20:35:54,748 : INFO : BallController : Initial balls found: 0
2024-11-30 20:35:54,749 : INFO : EventManager : Event: ======'machine_var_audits_events_game_ended'====== Args={'value': 90, 'prev_value': None, 'change': True}
2024-11-30 20:35:54,749 : INFO : EventManager : Event: ======'machine_var_audits_events_game_started'====== Args={'value': 206, 'prev_value': None, 'change': True}
2024-11-30 20:35:54,749 : INFO : EventManager : Event: ======'machine_var_audits_missing_switches_s_left_flipper1'====== Args={'value': 12, 'prev_value': None, 'change': True}
2024-11-30 20:35:54,749 : INFO : EventManager : Event: ======'machine_var_audits_missing_switches_s_left_flipper2'====== Args={'value': 12, 'prev_value': None, 'change': True}
2024-11-30 20:35:54,749 : INFO : EventManager : Event: ======'machine_var_audits_missing_switches_s_lower_10pt_drops'====== Args={'value': 13, 'prev_value': None, 'change': True}
2024-11-30 20:35:54,749 : INFO : EventManager : Event: ======'machine_var_audits_missing_switches_s_lower_10pt_lower'====== Args={'value': 13, 'prev_value': None, 'change': True}
2024-11-30 20:35:54,749 : INFO : EventManager : Event: ======'machine_var_audits_missing_switches_s_lower_10pt_upper'====== Args={'value': 13, 'prev_value': None, 'change': True}
2024-11-30 20:35:54,749 : INFO : EventManager : Event: ======'machine_var_audits_missing_switches_s_lower_1_drop'====== Args={'value': 13, 'prev_value': None, 'change': True}
2024-11-30 20:35:54,749 : INFO : EventManager : Event: ======'machine_var_audits_missing_switches_s_lower_2_drop'====== Args={'value': 13, 'prev_value': None, 'change': True}
2024-11-30 20:35:54,749 : INFO : EventManager : Event: ======'machine_var_audits_missing_switches_s_lower_3_drop'====== Args={'value': 13, 'prev_value': None, 'change': True}
2024-11-30 20:35:54,749 : INFO : EventManager : Event: ======'machine_var_audits_missing_switches_s_lower_4_drop'====== Args={'value': 13, 'prev_value': None, 'change': True}
2024-11-30 20:35:54,750 : INFO : EventManager : Event: ======'machine_var_audits_missing_switches_s_lower_5_drop'====== Args={'value': 13, 'prev_value': None, 'change': True}
2024-11-30 20:35:54,750 : INFO : EventManager : Event: ======'machine_var_audits_missing_switches_s_lower_bonus_left'====== Args={'value': 13, 'prev_value': None, 'change': True}
2024-11-30 20:35:54,750 : INFO : EventManager : Event: ======'machine_var_audits_missing_switches_s_lower_bonus_right'====== Args={'value': 13, 'prev_value': None, 'change': True}
2024-11-30 20:35:54,750 : INFO : EventManager : Event: ======'machine_var_audits_missing_switches_s_lower_kick_target'====== Args={'value': 14, 'prev_value': None, 'change': True}
2024-11-30 20:35:54,750 : INFO : EventManager : Event: ======'machine_var_audits_missing_switches_s_lower_kickout_special'====== Args={'value': 13, 'prev_value': None, 'change': True}
2024-11-30 20:35:54,750 : INFO : EventManager : Event: ======'machine_var_audits_missing_switches_s_lower_pop'====== Args={'value': 1, 'prev_value': None, 'change': True}
2024-11-30 20:35:54,750 : INFO : EventManager : Event: ======'machine_var_audits_missing_switches_s_lower_rollover'====== Args={'value': 12, 'prev_value': None, 'change': True}
2024-11-30 20:35:54,750 : INFO : EventManager : Event: ======'machine_var_audits_missing_switches_s_lower_slingshot'====== Args={'value': 14, 'prev_value': None, 'change': True}
2024-11-30 20:35:54,750 : INFO : EventManager : Event: ======'machine_var_audits_missing_switches_s_lower_vuk'====== Args={'value': 12, 'prev_value': None, 'change': True}
2024-11-30 20:35:54,750 : INFO : EventManager : Event: ======'machine_var_audits_missing_switches_s_main_10pt_left'====== Args={'value': 13, 'prev_value': None, 'change': True}
2024-11-30 20:35:54,750 : INFO : EventManager : Event: ======'machine_var_audits_missing_switches_s_main_1_target'====== Args={'value': 15, 'prev_value': None, 'change': True}
2024-11-30 20:35:54,751 : INFO : EventManager : Event: ======'machine_var_audits_missing_switches_s_main_1_trough'====== Args={'value': 1, 'prev_value': None, 'change': True}
2024-11-30 20:35:54,751 : INFO : EventManager : Event: ======'machine_var_audits_missing_switches_s_main_2_target'====== Args={'value': 14, 'prev_value': None, 'change': True}
2024-11-30 20:35:54,751 : INFO : EventManager : Event: ======'machine_var_audits_missing_switches_s_main_2_trough'====== Args={'value': 1, 'prev_value': None, 'change': True}
2024-11-30 20:35:54,751 : INFO : EventManager : Event: ======'machine_var_audits_missing_switches_s_main_3_target'====== Args={'value': 12, 'prev_value': None, 'change': True}
2024-11-30 20:35:54,751 : INFO : EventManager : Event: ======'machine_var_audits_missing_switches_s_main_4_target'====== Args={'value': 1, 'prev_value': None, 'change': True}
2024-11-30 20:35:54,751 : INFO : EventManager : Event: ======'machine_var_audits_missing_switches_s_main_5_target'====== Args={'value': 1, 'prev_value': None, 'change': True}
2024-11-30 20:35:54,751 : INFO : EventManager : Event: ======'machine_var_audits_missing_switches_s_main_inlane_left'====== Args={'value': 12, 'prev_value': None, 'change': True}
2024-11-30 20:35:54,751 : INFO : EventManager : Event: ======'machine_var_audits_missing_switches_s_main_inlane_right'====== Args={'value': 12, 'prev_value': None, 'change': True}
2024-11-30 20:35:54,751 : INFO : EventManager : Event: ======'machine_var_audits_missing_switches_s_main_kickout_right'====== Args={'value': 14, 'prev_value': None, 'change': True}
2024-11-30 20:35:54,751 : INFO : EventManager : Event: ======'machine_var_audits_missing_switches_s_main_lane_center'====== Args={'value': 12, 'prev_value': None, 'change': True}
2024-11-30 20:35:54,751 : INFO : EventManager : Event: ======'machine_var_audits_missing_switches_s_main_outlane_left'====== Args={'value': 12, 'prev_value': None, 'change': True}
2024-11-30 20:35:54,751 : INFO : EventManager : Event: ======'machine_var_audits_missing_switches_s_main_outlane_right'====== Args={'value': 12, 'prev_value': None, 'change': True}
2024-11-30 20:35:54,751 : INFO : EventManager : Event: ======'machine_var_audits_missing_switches_s_main_pop_bottom'====== Args={'value': 12, 'prev_value': None, 'change': True}
2024-11-30 20:35:54,752 : INFO : EventManager : Event: ======'machine_var_audits_missing_switches_s_main_pop_top'====== Args={'value': 12, 'prev_value': None, 'change': True}
2024-11-30 20:35:54,752 : INFO : EventManager : Event: ======'machine_var_audits_missing_switches_s_main_rollunder'====== Args={'value': 14, 'prev_value': None, 'change': True}
2024-11-30 20:35:54,752 : INFO : EventManager : Event: ======'machine_var_audits_missing_switches_s_main_secret_trough'====== Args={'value': 13, 'prev_value': None, 'change': True}
2024-11-30 20:35:54,752 : INFO : EventManager : Event: ======'machine_var_audits_missing_switches_s_main_slingshot'====== Args={'value': 12, 'prev_value': None, 'change': True}
2024-11-30 20:35:54,752 : INFO : EventManager : Event: ======'machine_var_audits_missing_switches_s_main_target_right'====== Args={'value': 12, 'prev_value': None, 'change': True}
2024-11-30 20:35:54,752 : INFO : EventManager : Event: ======'machine_var_audits_missing_switches_s_main_trapdoor_trough'====== Args={'value': 1, 'prev_value': None, 'change': True}
2024-11-30 20:35:54,752 : INFO : EventManager : Event: ======'machine_var_audits_missing_switches_s_main_vuk'====== Args={'value': 12, 'prev_value': None, 'change': True}
2024-11-30 20:35:54,752 : INFO : EventManager : Event: ======'machine_var_audits_missing_switches_s_right_flipper1'====== Args={'value': 12, 'prev_value': None, 'change': True}
2024-11-30 20:35:54,752 : INFO : EventManager : Event: ======'machine_var_audits_missing_switches_s_right_flipper2'====== Args={'value': 12, 'prev_value': None, 'change': True}
2024-11-30 20:35:54,752 : INFO : EventManager : Event: ======'machine_var_audits_missing_switches_s_start'====== Args={'value': 13, 'prev_value': None, 'change': True}
2024-11-30 20:35:54,752 : INFO : EventManager : Event: ======'machine_var_audits_missing_switches_s_upper_10pt_center'====== Args={'value': 12, 'prev_value': None, 'change': True}
2024-11-30 20:35:54,752 : INFO : EventManager : Event: ======'machine_var_audits_missing_switches_s_upper_10pt_left'====== Args={'value': 14, 'prev_value': None, 'change': True}
2024-11-30 20:35:54,753 : INFO : EventManager : Event: ======'machine_var_audits_missing_switches_s_upper_4_target'====== Args={'value': 3, 'prev_value': None, 'change': True}
2024-11-30 20:35:54,753 : INFO : EventManager : Event: ======'machine_var_audits_missing_switches_s_upper_pop'====== Args={'value': 1, 'prev_value': None, 'change': True}
2024-11-30 20:35:54,753 : INFO : EventManager : Event: ======'machine_var_audits_player_score'====== Args={'value': {'average': 32739, 'top': [211150, 170050, 162330, 120480, 114590, 92630, 88790, 81180, 78890, 77830], 'total': 93}, 'prev_value': None, 'change': True}
2024-11-30 20:35:54,753 : INFO : EventManager : Event: ======'machine_var_audits_shots_10pt'====== Args={'value': 259, 'prev_value': None, 'change': True}
2024-11-30 20:35:54,753 : INFO : EventManager : Event: ======'machine_var_audits_shots_left_inlane'====== Args={'value': 24, 'prev_value': None, 'change': True}
2024-11-30 20:35:54,753 : INFO : EventManager : Event: ======'machine_var_audits_shots_left_outlane'====== Args={'value': 15, 'prev_value': None, 'change': True}
2024-11-30 20:35:54,753 : INFO : EventManager : Event: ======'machine_var_audits_shots_lower_10pt_drops'====== Args={'value': 57, 'prev_value': None, 'change': True}
2024-11-30 20:35:54,753 : INFO : EventManager : Event: ======'machine_var_audits_shots_lower_10pt_lower'====== Args={'value': 21, 'prev_value': None, 'change': True}
2024-11-30 20:35:54,753 : INFO : EventManager : Event: ======'machine_var_audits_shots_lower_10pt_upper'====== Args={'value': 20, 'prev_value': None, 'change': True}
2024-11-30 20:35:54,753 : INFO : EventManager : Event: ======'machine_var_audits_shots_lower_1_drop'====== Args={'value': 52, 'prev_value': None, 'change': True}
2024-11-30 20:35:54,753 : INFO : EventManager : Event: ======'machine_var_audits_shots_lower_2_drop'====== Args={'value': 18, 'prev_value': None, 'change': True}
2024-11-30 20:35:54,754 : INFO : EventManager : Event: ======'machine_var_audits_shots_lower_3_drop'====== Args={'value': 20, 'prev_value': None, 'change': True}
2024-11-30 20:35:54,754 : INFO : EventManager : Event: ======'machine_var_audits_shots_lower_4_drop'====== Args={'value': 25, 'prev_value': None, 'change': True}
2024-11-30 20:35:54,754 : INFO : EventManager : Event: ======'machine_var_audits_shots_lower_5_drop'====== Args={'value': 27, 'prev_value': None, 'change': True}
2024-11-30 20:35:54,754 : INFO : EventManager : Event: ======'machine_var_audits_shots_lower_hole'====== Args={'value': 43, 'prev_value': None, 'change': True}
2024-11-30 20:35:54,754 : INFO : EventManager : Event: ======'machine_var_audits_shots_lower_kick_target'====== Args={'value': 6, 'prev_value': None, 'change': True}
2024-11-30 20:35:54,754 : INFO : EventManager : Event: ======'machine_var_audits_shots_lower_left'====== Args={'value': 21, 'prev_value': None, 'change': True}
2024-11-30 20:35:54,754 : INFO : EventManager : Event: ======'machine_var_audits_shots_lower_left_pop'====== Args={'value': 237, 'prev_value': None, 'change': True}
2024-11-30 20:35:54,754 : INFO : EventManager : Event: ======'machine_var_audits_shots_lower_pop'====== Args={'value': 55, 'prev_value': None, 'change': True}
2024-11-30 20:35:54,755 : INFO : EventManager : Event: ======'machine_var_audits_shots_lower_right'====== Args={'value': 8, 'prev_value': None, 'change': True}
2024-11-30 20:35:54,755 : INFO : EventManager : Event: ======'machine_var_audits_shots_lower_rollover'====== Args={'value': 36, 'prev_value': None, 'change': True}
2024-11-30 20:35:54,755 : INFO : EventManager : Event: ======'machine_var_audits_shots_lower_slingshot'====== Args={'value': 34, 'prev_value': None, 'change': True}
2024-11-30 20:35:54,755 : INFO : EventManager : Event: ======'machine_var_audits_shots_main_1'====== Args={'value': 33, 'prev_value': None, 'change': True}
2024-11-30 20:35:54,755 : INFO : EventManager : Event: ======'machine_var_audits_shots_main_2'====== Args={'value': 35, 'prev_value': None, 'change': True}
2024-11-30 20:35:54,755 : INFO : EventManager : Event: ======'machine_var_audits_shots_main_3'====== Args={'value': 32, 'prev_value': None, 'change': True}
2024-11-30 20:35:54,755 : INFO : EventManager : Event: ======'machine_var_audits_shots_main_4'====== Args={'value': 55, 'prev_value': None, 'change': True}
2024-11-30 20:35:54,755 : INFO : EventManager : Event: ======'machine_var_audits_shots_main_5'====== Args={'value': 29, 'prev_value': None, 'change': True}
2024-11-30 20:35:54,755 : INFO : EventManager : Event: ======'machine_var_audits_shots_main_slingshot'====== Args={'value': 57, 'prev_value': None, 'change': True}
2024-11-30 20:35:54,756 : INFO : EventManager : Event: ======'machine_var_audits_shots_main_trough_1'====== Args={'value': 21, 'prev_value': None, 'change': True}
2024-11-30 20:35:54,756 : INFO : EventManager : Event: ======'machine_var_audits_shots_main_trough_2'====== Args={'value': 4, 'prev_value': None, 'change': True}
2024-11-30 20:35:54,756 : INFO : EventManager : Event: ======'machine_var_audits_shots_right_inlane'====== Args={'value': 83, 'prev_value': None, 'change': True}
2024-11-30 20:35:54,756 : INFO : EventManager : Event: ======'machine_var_audits_shots_right_kickout'====== Args={'value': 37, 'prev_value': None, 'change': True}
2024-11-30 20:35:54,756 : INFO : EventManager : Event: ======'machine_var_audits_shots_right_outlane'====== Args={'value': 47, 'prev_value': None, 'change': True}
2024-11-30 20:35:54,756 : INFO : EventManager : Event: ======'machine_var_audits_shots_rollunder'====== Args={'value': 116, 'prev_value': None, 'change': True}
2024-11-30 20:35:54,756 : INFO : EventManager : Event: ======'machine_var_audits_shots_secret_passage_trough'====== Args={'value': 10, 'prev_value': None, 'change': True}
2024-11-30 20:35:54,756 : INFO : EventManager : Event: ======'machine_var_audits_shots_standup_right'====== Args={'value': 103, 'prev_value': None, 'change': True}
2024-11-30 20:35:54,756 : INFO : EventManager : Event: ======'machine_var_audits_shots_trapdoor_trough'====== Args={'value': 13, 'prev_value': None, 'change': True}
2024-11-30 20:35:54,757 : INFO : EventManager : Event: ======'machine_var_audits_shots_upper_1'====== Args={'value': 104, 'prev_value': None, 'change': True}
2024-11-30 20:35:54,757 : INFO : EventManager : Event: ======'machine_var_audits_shots_upper_1_drop'====== Args={'value': 187, 'prev_value': None, 'change': True}
2024-11-30 20:35:54,757 : INFO : EventManager : Event: ======'machine_var_audits_shots_upper_2'====== Args={'value': 94, 'prev_value': None, 'change': True}
2024-11-30 20:35:54,757 : INFO : EventManager : Event: ======'machine_var_audits_shots_upper_2_drop'====== Args={'value': 84, 'prev_value': None, 'change': True}
2024-11-30 20:35:54,757 : INFO : EventManager : Event: ======'machine_var_audits_shots_upper_3'====== Args={'value': 43, 'prev_value': None, 'change': True}
2024-11-30 20:35:54,757 : INFO : EventManager : Event: ======'machine_var_audits_shots_upper_3_drop'====== Args={'value': 115, 'prev_value': None, 'change': True}
2024-11-30 20:35:54,757 : INFO : EventManager : Event: ======'machine_var_audits_shots_upper_4'====== Args={'value': 46, 'prev_value': None, 'change': True}
2024-11-30 20:35:54,757 : INFO : EventManager : Event: ======'machine_var_audits_shots_upper_4_drop'====== Args={'value': 184, 'prev_value': None, 'change': True}
2024-11-30 20:35:54,758 : INFO : EventManager : Event: ======'machine_var_audits_shots_upper_left_pop'====== Args={'value': 120, 'prev_value': None, 'change': True}
2024-11-30 20:35:54,758 : INFO : EventManager : Event: ======'machine_var_audits_shots_upper_pop'====== Args={'value': 647, 'prev_value': None, 'change': True}
2024-11-30 20:35:54,758 : INFO : EventManager : Event: ======'machine_var_audits_switches_s_left_flipper1'====== Args={'value': 549, 'prev_value': None, 'change': True}
2024-11-30 20:35:54,758 : INFO : EventManager : Event: ======'machine_var_audits_switches_s_left_flipper2'====== Args={'value': 573, 'prev_value': None, 'change': True}
2024-11-30 20:35:54,758 : INFO : EventManager : Event: ======'machine_var_audits_switches_s_lower_10pt_UPPER'====== Args={'value': 0, 'prev_value': None, 'change': True}
2024-11-30 20:35:54,758 : INFO : EventManager : Event: ======'machine_var_audits_switches_s_lower_10pt_drops'====== Args={'value': 57, 'prev_value': None, 'change': True}
2024-11-30 20:35:54,758 : INFO : EventManager : Event: ======'machine_var_audits_switches_s_lower_10pt_lower'====== Args={'value': 21, 'prev_value': None, 'change': True}
2024-11-30 20:35:54,758 : INFO : EventManager : Event: ======'machine_var_audits_switches_s_lower_10pt_upper'====== Args={'value': 20, 'prev_value': None, 'change': True}
2024-11-30 20:35:54,759 : INFO : EventManager : Event: ======'machine_var_audits_switches_s_lower_1_drop'====== Args={'value': 407, 'prev_value': None, 'change': True}
2024-11-30 20:35:54,759 : INFO : EventManager : Event: ======'machine_var_audits_switches_s_lower_2_drop'====== Args={'value': 18, 'prev_value': None, 'change': True}
2024-11-30 20:35:54,759 : INFO : EventManager : Event: ======'machine_var_audits_switches_s_lower_3_drop'====== Args={'value': 20, 'prev_value': None, 'change': True}
2024-11-30 20:35:54,759 : INFO : EventManager : Event: ======'machine_var_audits_switches_s_lower_4_drop'====== Args={'value': 25, 'prev_value': None, 'change': True}
2024-11-30 20:35:54,759 : INFO : EventManager : Event: ======'machine_var_audits_switches_s_lower_5_drop'====== Args={'value': 27, 'prev_value': None, 'change': True}
2024-11-30 20:35:54,759 : INFO : EventManager : Event: ======'machine_var_audits_switches_s_lower_bonus_left'====== Args={'value': 21, 'prev_value': None, 'change': True}
2024-11-30 20:35:54,759 : INFO : EventManager : Event: ======'machine_var_audits_switches_s_lower_bonus_right'====== Args={'value': 8, 'prev_value': None, 'change': True}
2024-11-30 20:35:54,760 : INFO : EventManager : Event: ======'machine_var_audits_switches_s_lower_kick_target'====== Args={'value': 6, 'prev_value': None, 'change': True}
2024-11-30 20:35:54,760 : INFO : EventManager : Event: ======'machine_var_audits_switches_s_lower_kickout_special'====== Args={'value': 43, 'prev_value': None, 'change': True}
2024-11-30 20:35:54,760 : INFO : EventManager : Event: ======'machine_var_audits_switches_s_lower_pop'====== Args={'value': 55, 'prev_value': None, 'change': True}
2024-11-30 20:35:54,760 : INFO : EventManager : Event: ======'machine_var_audits_switches_s_lower_rollover'====== Args={'value': 64, 'prev_value': None, 'change': True}
2024-11-30 20:35:54,760 : INFO : EventManager : Event: ======'machine_var_audits_switches_s_lower_slingshot'====== Args={'value': 34, 'prev_value': None, 'change': True}
2024-11-30 20:35:54,760 : INFO : EventManager : Event: ======'machine_var_audits_switches_s_lower_vuk'====== Args={'value': 264, 'prev_value': None, 'change': True}
2024-11-30 20:35:54,760 : INFO : EventManager : Event: ======'machine_var_audits_switches_s_main_10pt_left'====== Args={'value': 37, 'prev_value': None, 'change': True}
2024-11-30 20:35:54,761 : INFO : EventManager : Event: ======'machine_var_audits_switches_s_main_1_target'====== Args={'value': 60, 'prev_value': None, 'change': True}
2024-11-30 20:35:54,761 : INFO : EventManager : Event: ======'machine_var_audits_switches_s_main_1_trough'====== Args={'value': 54, 'prev_value': None, 'change': True}
2024-11-30 20:35:54,761 : INFO : EventManager : Event: ======'machine_var_audits_switches_s_main_2_target'====== Args={'value': 58, 'prev_value': None, 'change': True}
2024-11-30 20:35:54,761 : INFO : EventManager : Event: ======'machine_var_audits_switches_s_main_2_trough'====== Args={'value': 68, 'prev_value': None, 'change': True}
2024-11-30 20:35:54,761 : INFO : EventManager : Event: ======'machine_var_audits_switches_s_main_3_target'====== Args={'value': 32, 'prev_value': None, 'change': True}
2024-11-30 20:35:54,762 : INFO : EventManager : Event: ======'machine_var_audits_switches_s_main_4_target'====== Args={'value': 71, 'prev_value': None, 'change': True}
2024-11-30 20:35:54,762 : INFO : EventManager : Event: ======'machine_var_audits_switches_s_main_5_target'====== Args={'value': 63, 'prev_value': None, 'change': True}
2024-11-30 20:35:54,762 : INFO : EventManager : Event: ======'machine_var_audits_switches_s_main_inlane_left'====== Args={'value': 27, 'prev_value': None, 'change': True}
2024-11-30 20:35:54,762 : INFO : EventManager : Event: ======'machine_var_audits_switches_s_main_inlane_right'====== Args={'value': 88, 'prev_value': None, 'change': True}
2024-11-30 20:35:54,762 : INFO : EventManager : Event: ======'machine_var_audits_switches_s_main_kickout_right'====== Args={'value': 135, 'prev_value': None, 'change': True}
2024-11-30 20:35:54,762 : INFO : EventManager : Event: ======'machine_var_audits_switches_s_main_lane_center'====== Args={'value': 143, 'prev_value': None, 'change': True}
2024-11-30 20:35:54,762 : INFO : EventManager : Event: ======'machine_var_audits_switches_s_main_outhole'====== Args={'value': 636, 'prev_value': None, 'change': True}
2024-11-30 20:35:54,763 : INFO : EventManager : Event: ======'machine_var_audits_switches_s_main_outlane_left'====== Args={'value': 22, 'prev_value': None, 'change': True}
2024-11-30 20:35:54,763 : INFO : EventManager : Event: ======'machine_var_audits_switches_s_main_outlane_right'====== Args={'value': 48, 'prev_value': None, 'change': True}
2024-11-30 20:35:54,763 : INFO : EventManager : Event: ======'machine_var_audits_switches_s_main_pop_bottom'====== Args={'value': 265, 'prev_value': None, 'change': True}
2024-11-30 20:35:54,763 : INFO : EventManager : Event: ======'machine_var_audits_switches_s_main_pop_top'====== Args={'value': 185, 'prev_value': None, 'change': True}
2024-11-30 20:35:54,763 : INFO : EventManager : Event: ======'machine_var_audits_switches_s_main_rollunder'====== Args={'value': 116, 'prev_value': None, 'change': True}
2024-11-30 20:35:54,763 : INFO : EventManager : Event: ======'machine_var_audits_switches_s_main_roundabout_rollunder'====== Args={'value': 52, 'prev_value': None, 'change': True}
2024-11-30 20:35:54,764 : INFO : EventManager : Event: ======'machine_var_audits_switches_s_main_secret_trough'====== Args={'value': 40, 'prev_value': None, 'change': True}
2024-11-30 20:35:54,764 : INFO : EventManager : Event: ======'machine_var_audits_switches_s_main_slingshot'====== Args={'value': 252, 'prev_value': None, 'change': True}
2024-11-30 20:35:54,764 : INFO : EventManager : Event: ======'machine_var_audits_switches_s_main_target_right'====== Args={'value': 156, 'prev_value': None, 'change': True}
2024-11-30 20:35:54,764 : INFO : EventManager : Event: ======'machine_var_audits_switches_s_main_trapdoor_trough'====== Args={'value': 13, 'prev_value': None, 'change': True}
2024-11-30 20:35:54,764 : INFO : EventManager : Event: ======'machine_var_audits_switches_s_main_vuk'====== Args={'value': 293, 'prev_value': None, 'change': True}
2024-11-30 20:35:54,765 : INFO : EventManager : Event: ======'machine_var_audits_switches_s_right_flipper1'====== Args={'value': 476, 'prev_value': None, 'change': True}
2024-11-30 20:35:54,765 : INFO : EventManager : Event: ======'machine_var_audits_switches_s_right_flipper2'====== Args={'value': 486, 'prev_value': None, 'change': True}
2024-11-30 20:35:54,765 : INFO : EventManager : Event: ======'machine_var_audits_switches_s_start'====== Args={'value': 7, 'prev_value': None, 'change': True}
2024-11-30 20:35:54,765 : INFO : EventManager : Event: ======'machine_var_audits_switches_s_upper_10pt_center'====== Args={'value': 201, 'prev_value': None, 'change': True}
2024-11-30 20:35:54,765 : INFO : EventManager : Event: ======'machine_var_audits_switches_s_upper_10pt_left'====== Args={'value': 127, 'prev_value': None, 'change': True}
2024-11-30 20:35:54,766 : INFO : EventManager : Event: ======'machine_var_audits_switches_s_upper_1_drop'====== Args={'value': 197, 'prev_value': None, 'change': True}
2024-11-30 20:35:54,766 : INFO : EventManager : Event: ======'machine_var_audits_switches_s_upper_1_target'====== Args={'value': 166, 'prev_value': None, 'change': True}
2024-11-30 20:35:54,766 : INFO : EventManager : Event: ======'machine_var_audits_switches_s_upper_2_drop'====== Args={'value': 102, 'prev_value': None, 'change': True}
2024-11-30 20:35:54,766 : INFO : EventManager : Event: ======'machine_var_audits_switches_s_upper_2_target'====== Args={'value': 180, 'prev_value': None, 'change': True}
2024-11-30 20:35:54,766 : INFO : EventManager : Event: ======'machine_var_audits_switches_s_upper_3_drop'====== Args={'value': 128, 'prev_value': None, 'change': True}
2024-11-30 20:35:54,767 : INFO : EventManager : Event: ======'machine_var_audits_switches_s_upper_3_target'====== Args={'value': 80, 'prev_value': None, 'change': True}
2024-11-30 20:35:54,767 : INFO : EventManager : Event: ======'machine_var_audits_switches_s_upper_4_drop'====== Args={'value': 204, 'prev_value': None, 'change': True}
2024-11-30 20:35:54,767 : INFO : EventManager : Event: ======'machine_var_audits_switches_s_upper_4_target'====== Args={'value': 84, 'prev_value': None, 'change': True}
2024-11-30 20:35:54,767 : INFO : EventManager : Event: ======'machine_var_audits_switches_s_upper_pop'====== Args={'value': 880, 'prev_value': None, 'change': True}
2024-11-30 20:35:54,768 : INFO : EventManager : Event: ======'init_phase_5'====== Args={}
2024-11-30 20:35:54,771 : INFO : EventManager : Event: ======'init_done'====== Args={}
2024-11-30 20:35:54,771 : INFO : EventManager : Event: ======'machine_reset_phase_1'====== Args={}
2024-11-30 20:35:54,778 : INFO : EventManager : Event: ======'machine_reset_phase_2'====== Args={}
2024-11-30 20:35:54,778 : INFO : EventManager : Event: ======'machine_reset_phase_3'====== Args={}
2024-11-30 20:35:54,778 : INFO : drop_target_bank.upper : All targets are already up. Will not reset bank.
2024-11-30 20:35:54,778 : INFO : drop_target_bank.lower : All targets are already up. Will not reset bank.
2024-11-30 20:35:54,778 : INFO : EventManager : Event: ======'reset_complete'====== Args={}
2024-11-30 20:35:54,778 : INFO : EventManager : Event: ======'mode_attract_will_start'====== Args={}
2024-11-30 20:35:54,779 : INFO : EventManager : Event: ======'mode_attract_starting'====== Args={}
2024-11-30 20:35:54,779 : INFO : Mode.attract : Started. Priority: 10
2024-11-30 20:35:54,779 : INFO : EventManager : Event: ======'modes_active_modes_changed'====== Args={}
2024-11-30 20:35:54,779 : INFO : EventManager : Event: ======'mode_attract_started'====== Args={}
2024-11-30 20:35:54,779 : INFO : EventManager : Event: ======'collecting_balls_complete'====== Args={}
2024-11-30 20:35:54,780 : INFO : Machine : Starting the main run loop with active modes: [<Mode.attract>]
2024-11-30 20:35:54,837 : INFO : EventManager : Event: ======'slide_attract_scroll_created'====== Args={'_from_bcp': True}
2024-11-30 20:35:54,837 : INFO : EventManager : Event: ======'slide__removed'====== Args={'_from_bcp': True}
2024-11-30 20:35:54,837 : INFO : EventManager : Event: ======'slide_attract_scroll_active'====== Args={'original_context': 'attract', 'original_calling_context': 'mode_attract_started', 'priority': 10.0, 'cmd': 'slides_play', '_from_bcp': True}
2024-11-30 20:35:55,633 : INFO : BcpServer : New client connected.
2024-11-30 20:36:03,508 : INFO : SwitchController : <<<<<<< 's_main_outhole' active >>>>>>>
2024-11-30 20:36:04,008 : INFO : EventManager : Event: ======'balldevice_bd_drain_ball_count_changed'====== Args={'balls': 1}
2024-11-30 20:36:04,009 : INFO : ball_device.bd_drain : Received unexpected ball
2024-11-30 20:36:04,009 : INFO : EventManager : Event: ======'balldevice_captured_from_playfield'====== Args={'balls': 1}
2024-11-30 20:36:04,009 : INFO : EventManager : Event: ======'sw_playfield_active'====== Args={'balls': 1}
2024-11-30 20:36:04,010 : INFO : EventManager : Event: ======'playfield_active'====== Args={'source': None}
2024-11-30 20:36:04,010 : INFO : EventManager : Event: ======'unexpected_ball_on_playfield'====== Args={}
2024-11-30 20:36:04,010 : INFO : EventManager : Event: ======'playfield_ball_count_change'====== Args={'balls': -1, 'change': -1}
2024-11-30 20:36:04,011 : INFO : EventManager : Event: ======'balldevice_playfield_ball_enter'====== Args={'new_balls': 1, 'unclaimed_balls': 1, 'device': <playfield.playfield>}
2024-11-30 20:36:04,011 : INFO : EventManager : Event: ======'playfield_ball_count_change'====== Args={'balls': 0, 'change': 1}
2024-11-30 20:36:04,011 : INFO : BallController : Found a new ball which was captured from playfield. Known balls: 1
2024-11-30 20:36:04,011 : INFO : EventManager : Event: ======'found_new_ball'====== Args={}
2024-11-30 20:36:04,012 : INFO : EventManager : Event: ======'balldevice_bd_drain_ball_enter'====== Args={'new_balls': 1, 'unclaimed_balls': 1, 'new_available_balls': 1, 'device': <ball_device.bd_drain>}
2024-11-30 20:36:04,012 : INFO : EventManager : Event: ======'ball_drain'====== Args={'device': <ball_device.bd_drain>, 'balls': 1}
2024-11-30 20:36:04,012 : INFO : EventManager : Event: ======'balldevice_balls_available'====== Args={}
2024-11-30 20:36:04,012 : INFO : EventManager : Event: ======'balldevice_bd_drain_ball_entered'====== Args={'new_balls': 1, 'device': <ball_device.bd_drain>}
2024-11-30 20:36:04,653 : INFO : SwitchController : <<<<<<< 's_start' active >>>>>>>
2024-11-30 20:36:04,689 : INFO : SwitchController : <<<<<<< 's_start' inactive >>>>>>>
2024-11-30 20:36:04,689 : INFO : EventManager : Event: ======'request_to_start_game'====== Args={}
2024-11-30 20:36:04,690 : INFO : EventManager : Event: ======'game_start'====== Args={'buttons': [], 'hold_time': 0.03592940897215158}
2024-11-30 20:36:04,690 : INFO : EventManager : Event: ======'mode_game_will_start'====== Args={'buttons': [], 'hold_time': 0.03592940897215158}
2024-11-30 20:36:04,690 : INFO : EventManager : Event: ======'mode_game_starting'====== Args={'buttons': [], 'hold_time': 0.03592940897215158}
2024-11-30 20:36:04,691 : INFO : EventManager : Event: ======'mode_attract_will_stop'====== Args={}
2024-11-30 20:36:04,691 : INFO : EventManager : Event: ======'mode_attract_stopping'====== Args={}
2024-11-30 20:36:04,691 : INFO : Mode.attract : Stopped.
2024-11-30 20:36:04,691 : INFO : EventManager : Event: ======'modes_active_modes_changed'====== Args={}
2024-11-30 20:36:04,691 : INFO : EventManager : Event: ======'mode_attract_stopped'====== Args={}
2024-11-30 20:36:04,691 : INFO : EventManager : Event: ======'clear'====== Args={'key': 'attract'}
2024-11-30 20:36:04,692 : INFO : Mode.game : Started. Priority: 20
2024-11-30 20:36:04,692 : INFO : EventManager : Event: ======'modes_active_modes_changed'====== Args={}
2024-11-30 20:36:04,692 : INFO : EventManager : Event: ======'mode_game_started'====== Args={'buttons': [], 'hold_time': 0.03592940897215158}
2024-11-30 20:36:04,692 : INFO : EventManager : Event: ======'game_will_start'====== Args={}
2024-11-30 20:36:04,693 : INFO : EventManager : Event: ======'game_starting'====== Args={'game': <Mode.game>}
2024-11-30 20:36:04,693 : INFO : EventManager : Unordered handler for class <Auditor> on event game_ended with priority 1. Handlers: [RegisteredHandler(callback=<bound method Auditor.disable of <Auditor>>, priority=1, kwargs={}, key=UUID('3ac2721a-6b42-4e16-b6eb-3c982249c23e'), condition=None, blocking_facility=None), RegisteredHandler(callback=<bound method Auditor._save_audits of <Auditor>>, priority=1, kwargs={}, key=UUID('2d6b685e-f3fd-4e5b-8b12-33882184cd04'), condition=None, blocking_facility=None)]. The order of those handlers is not defined and they will be executed in random order. This might lead to race conditions and potential bugs.
2024-11-30 20:36:04,694 : INFO : EventManager : Event: ======'player_add_request'====== Args={}
2024-11-30 20:36:04,694 : INFO : EventManager : Event: ======'player_will_add'====== Args={'number': 1}
2024-11-30 20:36:04,694 : INFO : EventManager : Event: ======'player_adding'====== Args={'player': <Player 1>, 'number': 1}
2024-11-30 20:36:04,694 : INFO : EventManager : Event: ======'player_added'====== Args={'player': <Player 1>, 'num': 1}
2024-11-30 20:36:04,694 : INFO : Mode.game : Player added successfully. Total players: 1
2024-11-30 20:36:04,695 : INFO : EventManager : Event: ======'player_index'====== Args={'value': 0, 'prev_value': 0, 'change': 0, 'player_num': 1}
2024-11-30 20:36:04,695 : INFO : EventManager : Event: ======'player_number'====== Args={'value': 1, 'prev_value': 1, 'change': 0, 'player_num': 1}
2024-11-30 20:36:04,695 : INFO : EventManager : Event: ======'player_bonus_upper_playfield'====== Args={'value': 0, 'prev_value': 0, 'change': 0, 'player_num': 1}
2024-11-30 20:36:04,695 : INFO : EventManager : Event: ======'player_bonus_lower_playfield'====== Args={'value': 0, 'prev_value': 0, 'change': 0, 'player_num': 1}
2024-11-30 20:36:04,695 : INFO : EventManager : Event: ======'player_bonus_main_playfield'====== Args={'value': 0, 'prev_value': 0, 'change': 0, 'player_num': 1}
2024-11-30 20:36:04,696 : INFO : EventManager : Event: ======'player_attic_double_score'====== Args={'value': 0, 'prev_value': 0, 'change': 0, 'player_num': 1}
2024-11-30 20:36:04,696 : INFO : EventManager : Event: ======'player_main_double_score'====== Args={'value': 0, 'prev_value': 0, 'change': 0, 'player_num': 1}
2024-11-30 20:36:04,696 : INFO : EventManager : Event: ======'player_lower_double_score'====== Args={'value': 0, 'prev_value': 0, 'change': 0, 'player_num': 1}
2024-11-30 20:36:04,696 : INFO : EventManager : Event: ======'player_base_bonus'====== Args={'value': 0, 'prev_value': 0, 'change': 0, 'player_num': 1}
2024-11-30 20:36:04,696 : INFO : EventManager : Event: ======'player_bonus_multiplier'====== Args={'value': 1, 'prev_value': 1, 'change': 0, 'player_num': 1}
2024-11-30 20:36:04,696 : INFO : EventManager : Event: ======'player_score'====== Args={'value': 0, 'prev_value': 0, 'change': 0, 'player_num': 1}
2024-11-30 20:36:04,699 : INFO : EventManager : Event: ======'game_started'====== Args={}
2024-11-30 20:36:04,700 : INFO : EventManager : Event: ======'player_turn_will_start'====== Args={'player': <Player 1>, 'number': 1}
2024-11-30 20:36:04,707 : INFO : EventManager : Event: ======'player_turn_starting'====== Args={'player': <Player 1>, 'number': 1}
2024-11-30 20:36:04,707 : INFO : EventManager : Event: ======'player_ball'====== Args={'value': 1, 'prev_value': 0, 'change': 1, 'player_num': 1}
2024-11-30 20:36:04,707 : INFO : EventManager : Event: ======'player_turn_started'====== Args={'player': <Player 1>, 'number': 1}
2024-11-30 20:36:04,708 : INFO : EventManager : Event: ======'ball_will_start'====== Args={'player': 1, 'ball': 1, 'balls_remaining': 2, 'is_extra_ball': False}
2024-11-30 20:36:04,708 : INFO : EventManager : Event: ======'ball_starting'====== Args={'player': 1, 'ball': 1, 'balls_remaining': 2, 'is_extra_ball': False}
2024-11-30 20:36:04,708 : INFO : EventManager : Event: ======'mode_base_will_start'====== Args={'queue': <QueuedEvent>, 'player': 1, 'ball': 1, 'balls_remaining': 2, 'is_extra_ball': False}
2024-11-30 20:36:04,709 : INFO : EventManager : Event: ======'player_shot_upper_pop_enabled'====== Args={'value': True, 'prev_value': 0, 'change': 1, 'player_num': 1}
2024-11-30 20:36:04,709 : INFO : EventManager : Event: ======'player_shot_lower_left_pop_enabled'====== Args={'value': True, 'prev_value': 0, 'change': 1, 'player_num': 1}
2024-11-30 20:36:04,709 : INFO : EventManager : Event: ======'player_shot_upper_left_pop_enabled'====== Args={'value': True, 'prev_value': 0, 'change': 1, 'player_num': 1}
2024-11-30 20:36:04,710 : INFO : EventManager : Event: ======'player_shot_10pt_enabled'====== Args={'value': True, 'prev_value': 0, 'change': 1, 'player_num': 1}
2024-11-30 20:36:04,710 : INFO : EventManager : Event: ======'player_shot_upper_1_enabled'====== Args={'value': True, 'prev_value': 0, 'change': 1, 'player_num': 1}
2024-11-30 20:36:04,710 : INFO : EventManager : Event: ======'player_shot_upper_2_enabled'====== Args={'value': True, 'prev_value': 0, 'change': 1, 'player_num': 1}
2024-11-30 20:36:04,711 : INFO : EventManager : Event: ======'player_shot_upper_3_enabled'====== Args={'value': True, 'prev_value': 0, 'change': 1, 'player_num': 1}
2024-11-30 20:36:04,711 : INFO : EventManager : Event: ======'player_shot_upper_4_enabled'====== Args={'value': True, 'prev_value': 0, 'change': 1, 'player_num': 1}
2024-11-30 20:36:04,711 : INFO : EventManager : Event: ======'player_shot_upper_1_drop_enabled'====== Args={'value': True, 'prev_value': 0, 'change': 1, 'player_num': 1}
2024-11-30 20:36:04,712 : INFO : EventManager : Event: ======'player_shot_upper_2_drop_enabled'====== Args={'value': True, 'prev_value': 0, 'change': 1, 'player_num': 1}
2024-11-30 20:36:04,712 : INFO : EventManager : Event: ======'player_shot_upper_3_drop_enabled'====== Args={'value': True, 'prev_value': 0, 'change': 1, 'player_num': 1}
2024-11-30 20:36:04,712 : INFO : EventManager : Event: ======'player_shot_upper_4_drop_enabled'====== Args={'value': True, 'prev_value': 0, 'change': 1, 'player_num': 1}
2024-11-30 20:36:04,713 : INFO : EventManager : Event: ======'player_shot_lower_1_drop_enabled'====== Args={'value': True, 'prev_value': 0, 'change': 1, 'player_num': 1}
2024-11-30 20:36:04,713 : INFO : EventManager : Event: ======'player_shot_lower_2_drop_enabled'====== Args={'value': True, 'prev_value': 0, 'change': 1, 'player_num': 1}
2024-11-30 20:36:04,713 : INFO : EventManager : Event: ======'player_shot_lower_3_drop_enabled'====== Args={'value': True, 'prev_value': 0, 'change': 1, 'player_num': 1}
2024-11-30 20:36:04,713 : INFO : EventManager : Event: ======'player_shot_lower_4_drop_enabled'====== Args={'value': True, 'prev_value': 0, 'change': 1, 'player_num': 1}
2024-11-30 20:36:04,714 : INFO : EventManager : Event: ======'player_shot_lower_5_drop_enabled'====== Args={'value': True, 'prev_value': 0, 'change': 1, 'player_num': 1}
2024-11-30 20:36:04,714 : INFO : EventManager : Event: ======'player_shot_lower_hole_enabled'====== Args={'value': True, 'prev_value': 0, 'change': 1, 'player_num': 1}
2024-11-30 20:36:04,714 : INFO : EventManager : Event: ======'player_shot_lower_left_enabled'====== Args={'value': True, 'prev_value': 0, 'change': 1, 'player_num': 1}
2024-11-30 20:36:04,714 : INFO : EventManager : Event: ======'player_shot_lower_right_enabled'====== Args={'value': True, 'prev_value': 0, 'change': 1, 'player_num': 1}
2024-11-30 20:36:04,715 : INFO : EventManager : Event: ======'player_shot_lower_pop_enabled'====== Args={'value': True, 'prev_value': 0, 'change': 1, 'player_num': 1}
2024-11-30 20:36:04,715 : INFO : EventManager : Event: ======'player_shot_lower_10pt_lower_enabled'====== Args={'value': True, 'prev_value': 0, 'change': 1, 'player_num': 1}
2024-11-30 20:36:04,715 : INFO : EventManager : Event: ======'player_shot_lower_10pt_drops_enabled'====== Args={'value': True, 'prev_value': 0, 'change': 1, 'player_num': 1}
2024-11-30 20:36:04,716 : INFO : EventManager : Event: ======'player_shot_lower_10pt_upper_enabled'====== Args={'value': True, 'prev_value': 0, 'change': 1, 'player_num': 1}
2024-11-30 20:36:04,716 : INFO : EventManager : Event: ======'player_shot_lower_slingshot_enabled'====== Args={'value': True, 'prev_value': 0, 'change': 1, 'player_num': 1}
2024-11-30 20:36:04,716 : INFO : EventManager : Event: ======'player_shot_lower_kick_target_enabled'====== Args={'value': True, 'prev_value': 0, 'change': 1, 'player_num': 1}
2024-11-30 20:36:04,717 : INFO : EventManager : Event: ======'player_shot_lower_rollover_enabled'====== Args={'value': True, 'prev_value': 0, 'change': 1, 'player_num': 1}
2024-11-30 20:36:04,717 : INFO : EventManager : Event: ======'player_shot_main_1_enabled'====== Args={'value': True, 'prev_value': 0, 'change': 1, 'player_num': 1}
2024-11-30 20:36:04,717 : INFO : EventManager : Event: ======'player_shot_main_2_enabled'====== Args={'value': True, 'prev_value': 0, 'change': 1, 'player_num': 1}
2024-11-30 20:36:04,718 : INFO : EventManager : Event: ======'player_shot_main_3_enabled'====== Args={'value': True, 'prev_value': 0, 'change': 1, 'player_num': 1}
2024-11-30 20:36:04,718 : INFO : EventManager : Event: ======'player_shot_main_4_enabled'====== Args={'value': True, 'prev_value': 0, 'change': 1, 'player_num': 1}
2024-11-30 20:36:04,718 : INFO : EventManager : Event: ======'player_shot_main_5_enabled'====== Args={'value': True, 'prev_value': 0, 'change': 1, 'player_num': 1}
2024-11-30 20:36:04,719 : INFO : EventManager : Event: ======'player_shot_main_slingshot_enabled'====== Args={'value': True, 'prev_value': 0, 'change': 1, 'player_num': 1}
2024-11-30 20:36:04,719 : INFO : EventManager : Event: ======'player_shot_right_outlane_enabled'====== Args={'value': True, 'prev_value': 0, 'change': 1, 'player_num': 1}
2024-11-30 20:36:04,720 : INFO : EventManager : Event: ======'player_shot_right_inlane_enabled'====== Args={'value': True, 'prev_value': 0, 'change': 1, 'player_num': 1}
2024-11-30 20:36:04,720 : INFO : EventManager : Event: ======'player_shot_left_inlane_enabled'====== Args={'value': True, 'prev_value': 0, 'change': 1, 'player_num': 1}
2024-11-30 20:36:04,720 : INFO : EventManager : Event: ======'player_shot_left_outlane_enabled'====== Args={'value': True, 'prev_value': 0, 'change': 1, 'player_num': 1}
2024-11-30 20:36:04,721 : INFO : EventManager : Event: ======'player_shot_standup_right_enabled'====== Args={'value': True, 'prev_value': 0, 'change': 1, 'player_num': 1}
2024-11-30 20:36:04,721 : INFO : EventManager : Event: ======'player_shot_right_kickout_enabled'====== Args={'value': True, 'prev_value': 0, 'change': 1, 'player_num': 1}
2024-11-30 20:36:04,721 : INFO : EventManager : Event: ======'player_shot_rollunder_enabled'====== Args={'value': True, 'prev_value': 0, 'change': 1, 'player_num': 1}
2024-11-30 20:36:04,721 : INFO : EventManager : Event: ======'player_shot_main_trough_1_enabled'====== Args={'value': True, 'prev_value': 0, 'change': 1, 'player_num': 1}
2024-11-30 20:36:04,722 : INFO : EventManager : Event: ======'player_shot_main_trough_2_enabled'====== Args={'value': True, 'prev_value': 0, 'change': 1, 'player_num': 1}
2024-11-30 20:36:04,722 : INFO : EventManager : Event: ======'player_shot_secret_passage_trough_enabled'====== Args={'value': True, 'prev_value': 0, 'change': 1, 'player_num': 1}
2024-11-30 20:36:04,722 : INFO : EventManager : Event: ======'player_shot_trapdoor_trough_enabled'====== Args={'value': True, 'prev_value': 0, 'change': 1, 'player_num': 1}
2024-11-30 20:36:04,726 : INFO : EventManager : Event: ======'mode_base_starting'====== Args={'queue': <QueuedEvent>, 'player': 1, 'ball': 1, 'balls_remaining': 2, 'is_extra_ball': False}
2024-11-30 20:36:04,726 : INFO : drop_target_bank.upper : All targets are already up. Will not reset bank.
2024-11-30 20:36:04,727 : INFO : drop_target_bank.lower : All targets are already up. Will not reset bank.
2024-11-30 20:36:04,727 : INFO : EventManager : Event: ======'balls_in_play'====== Args={'balls': 1}
2024-11-30 20:36:04,727 : INFO : EventManager : Event: ======'ball_started'====== Args={'player': 1, 'ball': 1, 'balls_remaining': 2, 'is_extra_ball': False}
2024-11-30 20:36:04,731 : INFO : EventManager : Event: ======'logicblock_attic_drop_counter_updated'====== Args={'value': 0, 'enabled': True}
2024-11-30 20:36:04,731 : INFO : EventManager : Event: ======'logicblock_attic_hits_updated'====== Args={'value': 0, 'enabled': True}
2024-11-30 20:36:04,731 : INFO : EventManager : Event: ======'logicblock_cellar_hits_updated'====== Args={'value': 0, 'enabled': True}
2024-11-30 20:36:04,732 : INFO : EventManager : Event: ======'logicblock_attic_drop_counter_updated'====== Args={'value': 0, 'enabled': True}
2024-11-30 20:36:04,732 : INFO : EventManager : Event: ======'logicblock_attic_hits_updated'====== Args={'value': 0, 'enabled': True}
2024-11-30 20:36:04,732 : INFO : EventManager : Event: ======'logicblock_cellar_hits_updated'====== Args={'value': 0, 'enabled': True}
2024-11-30 20:36:04,732 : INFO : Mode.base : Started. Priority: 100
2024-11-30 20:36:04,732 : INFO : EventManager : Event: ======'modes_active_modes_changed'====== Args={}
2024-11-30 20:36:04,732 : INFO : EventManager : Event: ======'mode_base_started'====== Args={'queue': <QueuedEvent>, 'player': 1, 'ball': 1, 'balls_remaining': 2, 'is_extra_ball': False}
2024-11-30 20:36:04,732 : INFO : EventManager : Event: ======'base_bonus_700'====== Args={'queue': <QueuedEvent>, 'player': 1, 'ball': 1, 'balls_remaining': 2, 'is_extra_ball': False}
2024-11-30 20:36:04,733 : INFO : EventManager : Event: ======'player_base_bonus'====== Args={'value': 700, 'prev_value': 0, 'change': 700, 'player_num': 1, 'source': 'base'}
2024-11-30 20:36:04,735 : INFO : EventManager : Event: ======'single_player_ball_started'====== Args={}
2024-11-30 20:36:04,735 : INFO : EventManager : Event: ======'ball_start_target'====== Args={'target': 'playfield'}
2024-11-30 20:36:04,735 : INFO : ball_device.bd_drain : Setting up player-controlled eject. Balls: 1, Target: <playfield.playfield>, player_controlled_eject_event: None
2024-11-30 20:36:04,735 : INFO : ball_device.bd_drain : Adding 1 ball(s) to the eject_queue with target <playfield.playfield>.
2024-11-30 20:36:04,735 : INFO : EventManager : Event: ======'balldevice_balls_available'====== Args={}
2024-11-30 20:36:04,736 : INFO : ball_device.bd_drain : State: waiting_for_target_ready
2024-11-30 20:36:04,736 : INFO : EventManager : Event: ======'balldevice_bd_drain_ball_eject_attempt'====== Args={'balls': 1, 'target': <playfield.playfield>, 'source': <ball_device.bd_drain>, 'mechanical_eject': False, 'num_attempts': 0}
2024-11-30 20:36:04,736 : INFO : ball_device.bd_drain : State: ejecting
2024-11-30 20:36:04,737 : INFO : ball_device.bd_drain : Ejecting ball to <playfield.playfield>
2024-11-30 20:36:04,737 : INFO : EventManager : Event: ======'balldevice_bd_drain_ejecting_ball'====== Args={'balls': 1, 'target': <playfield.playfield>, 'source': <ball_device.bd_drain>, 'mechanical_eject': False, 'num_attempts': 0}
2024-11-30 20:36:04,737 : INFO : ball_device.bd_drain : Wait for ball to leave device
2024-11-30 20:36:04,737 : INFO : coil.c_main_outhole : Pulsing Driver for 60ms (1.0 pulse_power)
2024-11-30 20:36:04,755 : INFO : EventManager : Event: ======'slide_base_created'====== Args={'_from_bcp': True}
2024-11-30 20:36:04,756 : INFO : EventManager : Event: ======'slide_attract_scroll_inactive'====== Args={'is_removing': True, '_from_bcp': True}
2024-11-30 20:36:04,756 : INFO : EventManager : Event: ======'slide_base_active'====== Args={'original_context': 'base', 'original_calling_context': 'mode_base_started', 'priority': 100.0, 'queue': '<QueuedEvent>', 'player': 1.0, 'ball': 1.0, 'balls_remaining': 2.0, 'is_extra_ball': False, 'cmd': 'slides_play', '_from_bcp': True}
2024-11-30 20:36:04,756 : INFO : EventManager : Event: ======'slide_attract_scroll_removed'====== Args={'_from_bcp': True}
2024-11-30 20:36:05,358 : INFO : SwitchController : <<<<<<< 's_main_outhole' inactive >>>>>>>
2024-11-30 20:36:05,358 : INFO : ball_device.bd_drain : State: ball_left
2024-11-30 20:36:05,358 : INFO : ball_device.bd_drain : Ball left
2024-11-30 20:36:05,358 : INFO : ball_device.bd_drain : Wait for confirm with timeout 10.0
2024-11-30 20:36:05,441 : INFO : SwitchController : <<<<<<< 's_main_outhole' active >>>>>>>
2024-11-30 20:36:05,441 : INFO : EventManager : Event: ======'machine_var_audits_switches_s_main_outhole'====== Args={'value': 637, 'prev_value': 636, 'change': 1}
2024-11-30 20:36:07,300 : INFO : SwitchController : <<<<<<< 's_main_outhole' inactive >>>>>>>
2024-11-30 20:36:11,946 : INFO : SwitchController : <<<<<<< 's_upper_1_drop' active >>>>>>>
2024-11-30 20:36:11,946 : INFO : EventManager : Event: ======'playfield_active'====== Args={'source': 'upper_1_drop'}
2024-11-30 20:36:11,946 : INFO : EventManager : Event: ======'s_upper_1_drop_active'====== Args={}
2024-11-30 20:36:11,946 : INFO : EventManager : Event: ======'playfield_active'====== Args={'source': 'u1_drop'}
2024-11-30 20:36:11,946 : INFO : EventManager : Event: ======'drop_target_u1_drop_down'====== Args={'device': <drop_target.u1_drop>}
2024-11-30 20:36:11,947 : INFO : EventManager : Event: ======'drop_target_bank_upper_mixed'====== Args={'prev_value': <DropTargetBankState.UP: 'up'>, 'down': 1}
2024-11-30 20:36:11,947 : INFO : EventManager : Event: ======'machine_var_audits_switches_s_upper_1_drop'====== Args={'value': 198, 'prev_value': 197, 'change': 1}
2024-11-30 20:36:11,948 : INFO : EventManager : Event: ======'player_shot_upper_1_drop'====== Args={'value': 1, 'prev_value': 0, 'change': 1, 'player_num': 1}
2024-11-30 20:36:11,952 : INFO : EventManager : Event: ======'machine_var_audits_shots_upper_1_drop'====== Args={'value': 188, 'prev_value': 187, 'change': 1}
2024-11-30 20:36:11,952 : INFO : EventManager : Event: ======'upper_1_drop_hit'====== Args={'profile': 'default', 'state': 'unlit', 'advancing': True}
2024-11-30 20:36:11,953 : INFO : EventManager : Event: ======'upper_1_drop_default_hit'====== Args={'profile': 'default', 'state': 'unlit', 'advancing': True}
2024-11-30 20:36:11,953 : INFO : EventManager : Event: ======'upper_1_drop_default_unlit_hit'====== Args={'profile': 'default', 'state': 'unlit', 'advancing': True}
2024-11-30 20:36:11,953 : INFO : EventManager : Event: ======'upper_1_drop_unlit_hit'====== Args={'profile': 'default', 'state': 'unlit', 'advancing': True}
2024-11-30 20:36:11,953 : INFO : EventManager : Event: ======'player_score'====== Args={'value': 3000, 'prev_value': 0, 'change': 3000, 'player_num': 1, 'source': 'base'}
2024-11-30 20:36:11,953 : INFO : EventManager : Event: ======'player_bonus_upper_playfield'====== Args={'value': 1, 'prev_value': 0, 'change': 1, 'player_num': 1, 'source': 'base'}
2024-11-30 20:36:11,953 : INFO : EventManager : Event: ======'logicblock_attic_hits_updated'====== Args={'value': 1, 'enabled': True}
2024-11-30 20:36:11,953 : INFO : EventManager : Event: ======'counter_attic_hits_hit'====== Args={'count': 1, 'hits': 1, 'remaining': 10}
2024-11-30 20:36:11,954 : INFO : EventManager : Event: ======'logicblock_attic_hits_hit'====== Args={'count': 1, 'hits': 1, 'remaining': 10}
2024-11-30 20:36:11,957 : INFO : ball_device.bd_drain : Got eject confirm
2024-11-30 20:36:11,957 : INFO : ball_device.bd_drain : Eject successful
2024-11-30 20:36:11,957 : INFO : EventManager : Event: ======'balldevice_bd_drain_ball_eject_success'====== Args={'balls': 1, 'target': <playfield.playfield>}
2024-11-30 20:36:11,958 : INFO : EventManager : Event: ======'balldevice_playfield_ball_enter'====== Args={'new_balls': 1, 'unclaimed_balls': 1, 'device': <playfield.playfield>}
2024-11-30 20:36:11,958 : INFO : EventManager : Event: ======'playfield_ball_count_change'====== Args={'balls': 1, 'change': 1}
2024-11-30 20:36:11,960 : INFO : EventManager : Event: ======'balldevice_bd_drain_ball_count_changed'====== Args={'balls': 0}
2024-11-30 20:36:11,961 : INFO : ball_device.bd_drain : State: idle
2024-11-30 20:36:12,078 : INFO : SwitchController : <<<<<<< 's_upper_1_drop' inactive >>>>>>>
2024-11-30 20:36:12,078 : INFO : EventManager : Event: ======'drop_target_u1_drop_up'====== Args={'device': <drop_target.u1_drop>}
2024-11-30 20:36:12,079 : INFO : EventManager : Event: ======'drop_target_bank_upper_up'====== Args={}
2024-11-30 20:36:12,527 : INFO : SwitchController : <<<<<<< 's_upper_1_drop' active >>>>>>>
2024-11-30 20:36:12,527 : INFO : EventManager : Event: ======'s_upper_1_drop_active'====== Args={}
2024-11-30 20:36:12,527 : INFO : EventManager : Event: ======'drop_target_u1_drop_down'====== Args={'device': <drop_target.u1_drop>}
2024-11-30 20:36:12,528 : INFO : EventManager : Event: ======'drop_target_bank_upper_mixed'====== Args={'prev_value': <DropTargetBankState.UP: 'up'>, 'down': 1}
2024-11-30 20:36:12,528 : INFO : EventManager : Event: ======'machine_var_audits_switches_s_upper_1_drop'====== Args={'value': 199, 'prev_value': 198, 'change': 1}
2024-11-30 20:36:12,529 : INFO : EventManager : Event: ======'machine_var_audits_shots_upper_1_drop'====== Args={'value': 189, 'prev_value': 188, 'change': 1}
2024-11-30 20:36:12,529 : INFO : EventManager : Event: ======'upper_1_drop_hit'====== Args={'profile': 'default', 'state': 'lit', 'advancing': False}
2024-11-30 20:36:12,529 : INFO : EventManager : Event: ======'upper_1_drop_default_hit'====== Args={'profile': 'default', 'state': 'lit', 'advancing': False}
2024-11-30 20:36:12,529 : INFO : EventManager : Event: ======'upper_1_drop_default_lit_hit'====== Args={'profile': 'default', 'state': 'lit', 'advancing': False}
2024-11-30 20:36:12,529 : INFO : EventManager : Event: ======'upper_1_drop_lit_hit'====== Args={'profile': 'default', 'state': 'lit', 'advancing': False}
2024-11-30 20:36:12,530 : INFO : EventManager : Event: ======'player_score'====== Args={'value': 6000, 'prev_value': 3000, 'change': 3000, 'player_num': 1, 'source': 'base'}
2024-11-30 20:36:12,530 : INFO : EventManager : Event: ======'player_bonus_upper_playfield'====== Args={'value': 2, 'prev_value': 1, 'change': 1, 'player_num': 1, 'source': 'base'}
2024-11-30 20:36:12,530 : INFO : EventManager : Event: ======'logicblock_attic_hits_updated'====== Args={'value': 2, 'enabled': True}
2024-11-30 20:36:12,530 : INFO : EventManager : Event: ======'counter_attic_hits_hit'====== Args={'count': 2, 'hits': 2, 'remaining': 9}
2024-11-30 20:36:12,530 : INFO : EventManager : Event: ======'logicblock_attic_hits_hit'====== Args={'count': 2, 'hits': 2, 'remaining': 9}
2024-11-30 20:36:12,600 : INFO : SwitchController : <<<<<<< 's_upper_1_drop' inactive >>>>>>>
2024-11-30 20:36:12,600 : INFO : EventManager : Event: ======'drop_target_u1_drop_up'====== Args={'device': <drop_target.u1_drop>}
2024-11-30 20:36:12,601 : INFO : EventManager : Event: ======'drop_target_bank_upper_up'====== Args={}
2024-11-30 20:36:13,092 : INFO : SwitchController : <<<<<<< 's_upper_1_drop' active >>>>>>>
2024-11-30 20:36:13,093 : INFO : EventManager : Event: ======'s_upper_1_drop_active'====== Args={}
2024-11-30 20:36:13,093 : INFO : EventManager : Event: ======'drop_target_u1_drop_down'====== Args={'device': <drop_target.u1_drop>}
2024-11-30 20:36:13,094 : INFO : EventManager : Event: ======'drop_target_bank_upper_mixed'====== Args={'prev_value': <DropTargetBankState.UP: 'up'>, 'down': 1}
2024-11-30 20:36:13,094 : INFO : EventManager : Event: ======'machine_var_audits_switches_s_upper_1_drop'====== Args={'value': 200, 'prev_value': 199, 'change': 1}
2024-11-30 20:36:13,094 : INFO : EventManager : Event: ======'machine_var_audits_shots_upper_1_drop'====== Args={'value': 190, 'prev_value': 189, 'change': 1}
2024-11-30 20:36:13,095 : INFO : EventManager : Event: ======'upper_1_drop_hit'====== Args={'profile': 'default', 'state': 'lit', 'advancing': False}
2024-11-30 20:36:13,095 : INFO : EventManager : Event: ======'upper_1_drop_default_hit'====== Args={'profile': 'default', 'state': 'lit', 'advancing': False}
2024-11-30 20:36:13,095 : INFO : EventManager : Event: ======'upper_1_drop_default_lit_hit'====== Args={'profile': 'default', 'state': 'lit', 'advancing': False}
2024-11-30 20:36:13,095 : INFO : EventManager : Event: ======'upper_1_drop_lit_hit'====== Args={'profile': 'default', 'state': 'lit', 'advancing': False}
2024-11-30 20:36:13,096 : INFO : EventManager : Event: ======'player_score'====== Args={'value': 9000, 'prev_value': 6000, 'change': 3000, 'player_num': 1, 'source': 'base'}
2024-11-30 20:36:13,096 : INFO : EventManager : Event: ======'player_bonus_upper_playfield'====== Args={'value': 3, 'prev_value': 2, 'change': 1, 'player_num': 1, 'source': 'base'}
2024-11-30 20:36:13,096 : INFO : EventManager : Event: ======'logicblock_attic_hits_updated'====== Args={'value': 3, 'enabled': True}
2024-11-30 20:36:13,096 : INFO : EventManager : Event: ======'counter_attic_hits_hit'====== Args={'count': 3, 'hits': 3, 'remaining': 8}
2024-11-30 20:36:13,096 : INFO : EventManager : Event: ======'logicblock_attic_hits_hit'====== Args={'count': 3, 'hits': 3, 'remaining': 8}
2024-11-30 20:36:13,175 : INFO : SwitchController : <<<<<<< 's_upper_1_drop' inactive >>>>>>>
2024-11-30 20:36:13,175 : INFO : EventManager : Event: ======'drop_target_u1_drop_up'====== Args={'device': <drop_target.u1_drop>}
2024-11-30 20:36:13,176 : INFO : EventManager : Event: ======'drop_target_bank_upper_up'====== Args={}
2024-11-30 20:36:14,893 : INFO : SwitchController : <<<<<<< 's_main_2_trough' active >>>>>>>
2024-11-30 20:36:14,893 : INFO : EventManager : Event: ======'s_main_2_trough_active'====== Args={}
2024-11-30 20:36:14,894 : INFO : EventManager : Event: ======'sw_playfield_active'====== Args={}
2024-11-30 20:36:14,894 : INFO : EventManager : Event: ======'machine_var_audits_switches_s_main_2_trough'====== Args={'value': 69, 'prev_value': 68, 'change': 1}
2024-11-30 20:36:14,895 : INFO : EventManager : Event: ======'player_shot_main_trough_2'====== Args={'value': 1, 'prev_value': 0, 'change': 1, 'player_num': 1}
2024-11-30 20:36:14,895 : INFO : EventManager : Event: ======'machine_var_audits_shots_main_trough_2'====== Args={'value': 5, 'prev_value': 4, 'change': 1}
2024-11-30 20:36:14,895 : INFO : EventManager : Event: ======'main_trough_2_hit'====== Args={'profile': 'default', 'state': 'unlit', 'advancing': True}
2024-11-30 20:36:14,896 : INFO : EventManager : Event: ======'main_trough_2_default_hit'====== Args={'profile': 'default', 'state': 'unlit', 'advancing': True}
2024-11-30 20:36:14,896 : INFO : EventManager : Event: ======'main_trough_2_default_unlit_hit'====== Args={'profile': 'default', 'state': 'unlit', 'advancing': True}
2024-11-30 20:36:14,896 : INFO : EventManager : Event: ======'main_trough_2_unlit_hit'====== Args={'profile': 'default', 'state': 'unlit', 'advancing': True}
2024-11-30 20:36:14,896 : INFO : EventManager : Event: ======'player_bonus_multiplier'====== Args={'value': 2, 'prev_value': 1, 'change': 1, 'player_num': 1, 'source': 'base'}
2024-11-30 20:36:14,971 : INFO : SwitchController : <<<<<<< 's_main_2_trough' inactive >>>>>>>
2024-11-30 20:36:23,259 : INFO : SwitchController : <<<<<<< 's_main_outhole' active >>>>>>>
2024-11-30 20:36:23,259 : INFO : EventManager : Event: ======'machine_var_audits_switches_s_main_outhole'====== Args={'value': 638, 'prev_value': 637, 'change': 1}
2024-11-30 20:36:23,760 : INFO : EventManager : Event: ======'balldevice_bd_drain_ball_count_changed'====== Args={'balls': 1}
2024-11-30 20:36:23,760 : INFO : ball_device.bd_drain : Received unexpected ball
2024-11-30 20:36:23,760 : INFO : EventManager : Event: ======'balldevice_captured_from_playfield'====== Args={'balls': 1}
2024-11-30 20:36:23,760 : INFO : EventManager : Event: ======'sw_playfield_active'====== Args={'balls': 1}
2024-11-30 20:36:23,761 : INFO : EventManager : Event: ======'playfield_ball_count_change'====== Args={'balls': 0, 'change': -1}
2024-11-30 20:36:23,761 : INFO : EventManager : Event: ======'balldevice_bd_drain_ball_enter'====== Args={'new_balls': 1, 'unclaimed_balls': 1, 'new_available_balls': 1, 'device': <ball_device.bd_drain>}
2024-11-30 20:36:23,761 : INFO : EventManager : Event: ======'ball_drain'====== Args={'device': <ball_device.bd_drain>, 'balls': 1}
2024-11-30 20:36:23,762 : INFO : EventManager : Event: ======'ball_will_end'====== Args={}
2024-11-30 20:36:23,762 : INFO : EventManager : Event: ======'balldevice_balls_available'====== Args={}
2024-11-30 20:36:23,762 : INFO : EventManager : Event: ======'balldevice_bd_drain_ball_entered'====== Args={'new_balls': 1, 'device': <ball_device.bd_drain>}
2024-11-30 20:36:23,763 : INFO : EventManager : Event: ======'ball_ending'====== Args={}
2024-11-30 20:36:23,764 : INFO : EventManager : Event: ======'mode_bonus_will_start'====== Args={'queue': <QueuedEvent>}
2024-11-30 20:36:23,764 : INFO : EventManager : Event: ======'mode_bonus_starting'====== Args={'queue': <QueuedEvent>}
2024-11-30 20:36:23,764 : INFO : Mode.bonus : Started. Priority: 500
2024-11-30 20:36:23,764 : INFO : EventManager : Event: ======'modes_active_modes_changed'====== Args={}
2024-11-30 20:36:23,764 : INFO : EventManager : Event: ======'mode_bonus_started'====== Args={'queue': <QueuedEvent>}
2024-11-30 20:36:23,765 : INFO : EventManager : Event: ======'bonus_start'====== Args={}
2024-11-30 20:36:23,784 : INFO : EventManager : Event: ======'slide_bonus_created'====== Args={'_from_bcp': True}
2024-11-30 20:36:23,784 : INFO : EventManager : Event: ======'slide_base_inactive'====== Args={'is_removing': False, '_from_bcp': True}
2024-11-30 20:36:23,785 : INFO : EventManager : Event: ======'slide_bonus_active'====== Args={'original_context': 'bonus', 'original_calling_context': 'mode_bonus_started', 'priority': 500.0, 'queue': '<QueuedEvent>', 'cmd': 'slides_play', '_from_bcp': True}
2024-11-30 20:36:24,765 : INFO : Mode.bonus : Bonus Entry 'attic_bonus': score: 2100 player_score_entry: None=1
2024-11-30 20:36:24,765 : INFO : EventManager : Event: ======'bonus_entry'====== Args={'entry': 'attic_bonus', 'score': 2100, 'text': 'Attic Bonus Scores', 'bonus_score': 2100, 'hits': 1}
2024-11-30 20:36:25,766 : INFO : Mode.bonus : Skipping bonus entry 'main_bonus' because its value is 0
2024-11-30 20:36:25,766 : INFO : Mode.bonus : Bonus Entry 'cellar_bonus': score: 0 player_score_entry: None=1
2024-11-30 20:36:25,766 : INFO : EventManager : Event: ======'bonus_entry'====== Args={'entry': 'cellar_bonus', 'score': 0, 'text': 'Cellar Bonus Score', 'bonus_score': 2100, 'hits': 1}
2024-11-30 20:36:25,831 : INFO : SwitchController : <<<<<<< 's_main_outhole' inactive >>>>>>>
2024-11-30 20:36:26,767 : INFO : EventManager : Event: ======'bonus_entry'====== Args={'entry': 'subtotal', 'text': 'Subtotal', 'score': 2100}
2024-11-30 20:36:27,769 : INFO : EventManager : Event: ======'bonus_entry'====== Args={'entry': 'multiplier', 'text': 'Multiplier', 'score': 2}
2024-11-30 20:36:28,769 : INFO : EventManager : Event: ======'player_score'====== Args={'value': 13200, 'prev_value': 9000, 'change': 4200, 'player_num': 1, 'source': 'bonus'}
2024-11-30 20:36:28,770 : INFO : EventManager : Event: ======'bonus_entry'====== Args={'entry': 'total', 'text': 'Total Bonus', 'score': 4200}
2024-11-30 20:36:29,771 : INFO : EventManager : Event: ======'player_bonus_multiplier'====== Args={'value': 1, 'prev_value': 2, 'change': -1, 'player_num': 1}
2024-11-30 20:36:29,772 : INFO : EventManager : Event: ======'mode_bonus_will_stop'====== Args={}
2024-11-30 20:36:29,772 : INFO : EventManager : Event: ======'mode_bonus_stopping'====== Args={}
2024-11-30 20:36:29,775 : INFO : EventManager : Event: ======'player_base_bonus'====== Args={'value': 0, 'prev_value': 700, 'change': -700, 'player_num': 1, 'source': 'bonus'}
2024-11-30 20:36:29,775 : INFO : EventManager : Event: ======'player_bonus_upper_playfield'====== Args={'value': 0, 'prev_value': 3, 'change': -3, 'player_num': 1, 'source': 'bonus'}
2024-11-30 20:36:29,779 : INFO : Mode.bonus : Stopped.
2024-11-30 20:36:29,779 : INFO : EventManager : Event: ======'modes_active_modes_changed'====== Args={}
2024-11-30 20:36:29,779 : INFO : EventManager : Event: ======'mode_bonus_stopped'====== Args={}
2024-11-30 20:36:29,779 : INFO : EventManager : Event: ======'clear'====== Args={'key': 'bonus'}
2024-11-30 20:36:29,779 : INFO : EventManager : Event: ======'mode_base_will_stop'====== Args={}
2024-11-30 20:36:29,780 : INFO : EventManager : Event: ======'mode_base_stopping'====== Args={}
2024-11-30 20:36:29,780 : INFO : Mode.base : Stopped.
2024-11-30 20:36:29,780 : INFO : EventManager : Event: ======'modes_active_modes_changed'====== Args={}
2024-11-30 20:36:29,780 : INFO : EventManager : Event: ======'mode_base_stopped'====== Args={}
2024-11-30 20:36:29,780 : INFO : EventManager : Event: ======'clear'====== Args={'key': 'base'}
2024-11-30 20:36:29,782 : INFO : EventManager : Event: ======'ball_ended'====== Args={}
2024-11-30 20:36:29,784 : INFO : EventManager : Event: ======'player_turn_will_end'====== Args={'player': <Player 1>, 'number': 1}
2024-11-30 20:36:29,790 : INFO : EventManager : Event: ======'player_turn_ending'====== Args={'player': <Player 1>, 'number': 1}
2024-11-30 20:36:29,790 : INFO : EventManager : Event: ======'player_turn_ended'====== Args={'player': <Player 1>, 'number': 1}
2024-11-30 20:36:29,790 : INFO : EventManager : Event: ======'player_turn_will_start'====== Args={'player': <Player 1>, 'number': 1}
2024-11-30 20:36:29,791 : INFO : EventManager : Event: ======'player_turn_starting'====== Args={'player': <Player 1>, 'number': 1}
2024-11-30 20:36:29,791 : INFO : EventManager : Event: ======'player_ball'====== Args={'value': 2, 'prev_value': 1, 'change': 1, 'player_num': 1}
2024-11-30 20:36:29,791 : INFO : EventManager : Event: ======'player_turn_started'====== Args={'player': <Player 1>, 'number': 1}
2024-11-30 20:36:29,793 : INFO : EventManager : Event: ======'ball_will_start'====== Args={'player': 1, 'ball': 2, 'balls_remaining': 1, 'is_extra_ball': False}
2024-11-30 20:36:29,794 : INFO : EventManager : Event: ======'slide_bonus_inactive'====== Args={'is_removing': True, '_from_bcp': True}
2024-11-30 20:36:29,794 : INFO : EventManager : Event: ======'slide_base_active'====== Args={'_from_bcp': True}
2024-11-30 20:36:29,794 : INFO : EventManager : Event: ======'slide_bonus_removed'====== Args={'_from_bcp': True}
2024-11-30 20:36:29,794 : INFO : EventManager : Event: ======'ball_starting'====== Args={'player': 1, 'ball': 2, 'balls_remaining': 1, 'is_extra_ball': False}
2024-11-30 20:36:29,795 : INFO : EventManager : Event: ======'mode_base_will_start'====== Args={'queue': <QueuedEvent>, 'player': 1, 'ball': 2, 'balls_remaining': 1, 'is_extra_ball': False}
2024-11-30 20:36:29,801 : INFO : EventManager : Event: ======'mode_base_starting'====== Args={'queue': <QueuedEvent>, 'player': 1, 'ball': 2, 'balls_remaining': 1, 'is_extra_ball': False}
2024-11-30 20:36:29,801 : INFO : drop_target_bank.upper : All targets are already up. Will not reset bank.
2024-11-30 20:36:29,801 : INFO : drop_target_bank.lower : All targets are already up. Will not reset bank.
2024-11-30 20:36:29,802 : INFO : EventManager : Event: ======'balls_in_play'====== Args={'balls': 1}
2024-11-30 20:36:29,802 : INFO : EventManager : Event: ======'ball_started'====== Args={'player': 1, 'ball': 2, 'balls_remaining': 1, 'is_extra_ball': False}
2024-11-30 20:36:29,802 : INFO : EventManager : Event: ======'logicblock_attic_drop_counter_updated'====== Args={'value': 0, 'enabled': True}
2024-11-30 20:36:29,802 : INFO : EventManager : Event: ======'logicblock_attic_hits_updated'====== Args={'value': 0, 'enabled': True}
2024-11-30 20:36:29,802 : INFO : EventManager : Event: ======'logicblock_cellar_hits_updated'====== Args={'value': 0, 'enabled': True}
2024-11-30 20:36:29,803 : INFO : EventManager : Event: ======'logicblock_attic_drop_counter_updated'====== Args={'value': 0, 'enabled': True}
2024-11-30 20:36:29,803 : INFO : EventManager : Event: ======'logicblock_attic_hits_updated'====== Args={'value': 0, 'enabled': True}
2024-11-30 20:36:29,803 : INFO : EventManager : Event: ======'logicblock_cellar_hits_updated'====== Args={'value': 0, 'enabled': True}
2024-11-30 20:36:29,803 : INFO : Mode.base : Started. Priority: 100
2024-11-30 20:36:29,803 : INFO : EventManager : Event: ======'modes_active_modes_changed'====== Args={}
2024-11-30 20:36:29,803 : INFO : EventManager : Event: ======'mode_base_started'====== Args={'queue': <QueuedEvent>, 'player': 1, 'ball': 2, 'balls_remaining': 1, 'is_extra_ball': False}
2024-11-30 20:36:29,804 : INFO : EventManager : Event: ======'base_bonus_300'====== Args={'queue': <QueuedEvent>, 'player': 1, 'ball': 2, 'balls_remaining': 1, 'is_extra_ball': False}
2024-11-30 20:36:29,805 : INFO : EventManager : Event: ======'player_base_bonus'====== Args={'value': 300, 'prev_value': 0, 'change': 300, 'player_num': 1, 'source': 'base'}
2024-11-30 20:36:29,806 : INFO : EventManager : Event: ======'single_player_ball_started'====== Args={}
2024-11-30 20:36:29,810 : INFO : EventManager : Event: ======'ball_start_target'====== Args={'target': 'playfield'}
2024-11-30 20:36:29,810 : INFO : ball_device.bd_drain : Setting up player-controlled eject. Balls: 1, Target: <playfield.playfield>, player_controlled_eject_event: None
2024-11-30 20:36:29,810 : INFO : ball_device.bd_drain : Adding 1 ball(s) to the eject_queue with target <playfield.playfield>.
2024-11-30 20:36:29,810 : INFO : EventManager : Event: ======'balldevice_balls_available'====== Args={}
2024-11-30 20:36:29,810 : INFO : EventManager : Event: ======'slide_base_created'====== Args={'_from_bcp': True}
2024-11-30 20:36:29,811 : INFO : EventManager : Event: ======'slide_base_inactive'====== Args={'is_removing': True, '_from_bcp': True}
2024-11-30 20:36:29,811 : INFO : EventManager : Event: ======'slide_base_active'====== Args={'original_context': 'base', 'original_calling_context': 'mode_base_started', 'priority': 100.0, 'queue': '<QueuedEvent>', 'player': 1.0, 'ball': 2.0, 'balls_remaining': 1.0, 'is_extra_ball': False, 'cmd': 'slides_play', '_from_bcp': True}
2024-11-30 20:36:29,811 : INFO : EventManager : Event: ======'slide_base_removed'====== Args={'_from_bcp': True}
2024-11-30 20:36:31,332 : INFO : EventManager : Event: ======'balldevice_bd_drain_ball_count_changed'====== Args={'balls': 0}
2024-11-30 20:36:31,332 : WARNING : ball_device.bd_drain : Ball disappeared while idle. This should not normally happen.
2024-11-30 20:36:31,333 : INFO : EventManager : Event: ======'balldevice_playfield_ball_enter'====== Args={'new_balls': 1, 'unclaimed_balls': 1, 'device': <playfield.playfield>}
2024-11-30 20:36:31,333 : INFO : EventManager : Event: ======'playfield_ball_count_change'====== Args={'balls': 1, 'change': 1}
2024-11-30 20:36:31,333 : INFO : ball_device.bd_drain : 1 ball(s) missing from device. Mechanical eject? False
2024-11-30 20:36:31,333 : INFO : EventManager : Event: ======'balldevice_bd_drain_ball_missing'====== Args={'balls': 1}
2024-11-30 20:36:31,334 : INFO : EventManager : Event: ======'balldevice_ball_missing'====== Args={'balls': 1, 'name': 'bd_drain'}
2024-11-30 20:36:31,334 : INFO : ball_device.bd_drain : State: waiting_for_ball
2024-11-30 20:36:40,955 : INFO : SwitchController : <<<<<<< 's_main_1_trough' active >>>>>>>
2024-11-30 20:36:40,955 : INFO : EventManager : Event: ======'s_main_1_trough_active'====== Args={}
2024-11-30 20:36:40,955 : INFO : EventManager : Event: ======'sw_playfield_active'====== Args={}
2024-11-30 20:36:40,955 : INFO : EventManager : Event: ======'machine_var_audits_switches_s_main_1_trough'====== Args={'value': 55, 'prev_value': 54, 'change': 1}
2024-11-30 20:36:40,956 : INFO : EventManager : Event: ======'player_shot_main_trough_1'====== Args={'value': 1, 'prev_value': 0, 'change': 1, 'player_num': 1}
2024-11-30 20:36:40,961 : INFO : EventManager : Event: ======'machine_var_audits_shots_main_trough_1'====== Args={'value': 22, 'prev_value': 21, 'change': 1}
2024-11-30 20:36:40,961 : INFO : EventManager : Event: ======'main_trough_1_hit'====== Args={'profile': 'default', 'state': 'unlit', 'advancing': True}
2024-11-30 20:36:40,962 : INFO : EventManager : Event: ======'main_trough_1_default_hit'====== Args={'profile': 'default', 'state': 'unlit', 'advancing': True}
2024-11-30 20:36:40,962 : INFO : EventManager : Event: ======'main_trough_1_default_unlit_hit'====== Args={'profile': 'default', 'state': 'unlit', 'advancing': True}
2024-11-30 20:36:40,962 : INFO : EventManager : Event: ======'main_trough_1_unlit_hit'====== Args={'profile': 'default', 'state': 'unlit', 'advancing': True}
2024-11-30 20:36:40,962 : INFO : EventManager : Event: ======'player_bonus_multiplier'====== Args={'value': 2, 'prev_value': 1, 'change': 1, 'player_num': 1, 'source': 'base'}
2024-11-30 20:36:42,587 : INFO : SwitchController : <<<<<<< 's_main_1_trough' inactive >>>>>>>
2024-11-30 20:36:44,810 : INFO : SwitchController : <<<<<<< 's_main_outhole' active >>>>>>>
2024-11-30 20:36:44,811 : INFO : EventManager : Event: ======'machine_var_audits_switches_s_main_outhole'====== Args={'value': 639, 'prev_value': 638, 'change': 1}
2024-11-30 20:36:45,312 : INFO : ball_device.bd_drain : Received unexpected ball
2024-11-30 20:36:45,312 : INFO : EventManager : Event: ======'balldevice_captured_from_playfield'====== Args={'balls': 1}
2024-11-30 20:36:45,313 : INFO : EventManager : Event: ======'sw_playfield_active'====== Args={'balls': 1}
2024-11-30 20:36:45,313 : INFO : EventManager : Event: ======'playfield_ball_count_change'====== Args={'balls': 0, 'change': -1}
2024-11-30 20:36:45,314 : INFO : EventManager : Event: ======'balldevice_bd_drain_ball_enter'====== Args={'new_balls': 1, 'unclaimed_balls': 1, 'new_available_balls': 1, 'device': <ball_device.bd_drain>}
2024-11-30 20:36:45,314 : INFO : EventManager : Event: ======'ball_drain'====== Args={'device': <ball_device.bd_drain>, 'balls': 1}
2024-11-30 20:36:45,315 : INFO : EventManager : Event: ======'ball_will_end'====== Args={}
2024-11-30 20:36:45,315 : INFO : EventManager : Event: ======'balldevice_balls_available'====== Args={}
2024-11-30 20:36:45,315 : INFO : EventManager : Event: ======'balldevice_bd_drain_ball_entered'====== Args={'new_balls': 1, 'device': <ball_device.bd_drain>}
2024-11-30 20:36:45,316 : INFO : EventManager : Event: ======'balldevice_bd_drain_ball_count_changed'====== Args={'balls': 1}
2024-11-30 20:36:45,317 : INFO : EventManager : Event: ======'ball_ending'====== Args={}
2024-11-30 20:36:45,317 : INFO : ball_device.bd_drain : State: waiting_for_target_ready
2024-11-30 20:36:45,317 : INFO : EventManager : Event: ======'balldevice_bd_drain_ball_eject_attempt'====== Args={'balls': 1, 'target': <playfield.playfield>, 'source': <ball_device.bd_drain>, 'mechanical_eject': False, 'num_attempts': 0}
2024-11-30 20:36:45,317 : INFO : EventManager : Event: ======'mode_bonus_will_start'====== Args={'queue': <QueuedEvent>}
2024-11-30 20:36:45,318 : INFO : EventManager : Event: ======'mode_bonus_starting'====== Args={'queue': <QueuedEvent>}
2024-11-30 20:36:45,318 : INFO : ball_device.bd_drain : State: ejecting
2024-11-30 20:36:45,318 : INFO : ball_device.bd_drain : Ejecting ball to <playfield.playfield>
2024-11-30 20:36:45,318 : INFO : EventManager : Event: ======'balldevice_bd_drain_ejecting_ball'====== Args={'balls': 1, 'target': <playfield.playfield>, 'source': <ball_device.bd_drain>, 'mechanical_eject': False, 'num_attempts': 0}
2024-11-30 20:36:45,318 : INFO : Mode.bonus : Started. Priority: 500
2024-11-30 20:36:45,319 : INFO : EventManager : Event: ======'modes_active_modes_changed'====== Args={}
2024-11-30 20:36:45,319 : INFO : EventManager : Event: ======'mode_bonus_started'====== Args={'queue': <QueuedEvent>}
2024-11-30 20:36:45,319 : INFO : EventManager : Event: ======'bonus_start'====== Args={}
2024-11-30 20:36:45,319 : INFO : ball_device.bd_drain : Wait for ball to leave device
2024-11-30 20:36:45,319 : INFO : coil.c_main_outhole : Pulsing Driver for 60ms (1.0 pulse_power)
2024-11-30 20:36:45,332 : INFO : EventManager : Event: ======'slide_bonus_created'====== Args={'_from_bcp': True}
2024-11-30 20:36:45,333 : INFO : EventManager : Event: ======'slide_base_inactive'====== Args={'is_removing': False, '_from_bcp': True}
2024-11-30 20:36:45,333 : INFO : EventManager : Event: ======'slide_bonus_active'====== Args={'original_context': 'bonus', 'original_calling_context': 'mode_bonus_started', 'priority': 500.0, 'queue': '<QueuedEvent>', 'cmd': 'slides_play', '_from_bcp': True}
2024-11-30 20:36:46,320 : INFO : Mode.bonus : Bonus Entry 'attic_bonus': score: 0 player_score_entry: None=1
2024-11-30 20:36:46,320 : INFO : EventManager : Event: ======'bonus_entry'====== Args={'entry': 'attic_bonus', 'score': 0, 'text': 'Attic Bonus Scores', 'bonus_score': 0, 'hits': 1}
2024-11-30 20:36:47,322 : INFO : Mode.bonus : Skipping bonus entry 'main_bonus' because its value is 0
2024-11-30 20:36:47,322 : INFO : Mode.bonus : Bonus Entry 'cellar_bonus': score: 0 player_score_entry: None=1
2024-11-30 20:36:47,322 : INFO : EventManager : Event: ======'bonus_entry'====== Args={'entry': 'cellar_bonus', 'score': 0, 'text': 'Cellar Bonus Score', 'bonus_score': 0, 'hits': 1}
2024-11-30 20:36:48,323 : INFO : EventManager : Event: ======'bonus_entry'====== Args={'entry': 'subtotal', 'text': 'Subtotal', 'score': 0}
2024-11-30 20:36:49,324 : INFO : EventManager : Event: ======'bonus_entry'====== Args={'entry': 'multiplier', 'text': 'Multiplier', 'score': 2}
2024-11-30 20:36:50,325 : INFO : EventManager : Event: ======'bonus_entry'====== Args={'entry': 'total', 'text': 'Total Bonus', 'score': 0}
2024-11-30 20:36:51,326 : INFO : EventManager : Event: ======'player_bonus_multiplier'====== Args={'value': 1, 'prev_value': 2, 'change': -1, 'player_num': 1}
2024-11-30 20:36:51,327 : INFO : EventManager : Event: ======'mode_bonus_will_stop'====== Args={}
2024-11-30 20:36:51,327 : INFO : EventManager : Event: ======'mode_bonus_stopping'====== Args={}
2024-11-30 20:36:51,330 : INFO : EventManager : Event: ======'player_base_bonus'====== Args={'value': 0, 'prev_value': 300, 'change': -300, 'player_num': 1, 'source': 'bonus'}
2024-11-30 20:36:51,332 : INFO : Mode.bonus : Stopped.
2024-11-30 20:36:51,332 : INFO : EventManager : Event: ======'modes_active_modes_changed'====== Args={}
2024-11-30 20:36:51,333 : INFO : EventManager : Event: ======'mode_bonus_stopped'====== Args={}
2024-11-30 20:36:51,333 : INFO : EventManager : Event: ======'clear'====== Args={'key': 'bonus'}
2024-11-30 20:36:51,333 : INFO : EventManager : Event: ======'mode_base_will_stop'====== Args={}
2024-11-30 20:36:51,333 : INFO : EventManager : Event: ======'mode_base_stopping'====== Args={}
2024-11-30 20:36:51,333 : INFO : Mode.base : Stopped.
2024-11-30 20:36:51,333 : INFO : EventManager : Event: ======'modes_active_modes_changed'====== Args={}
2024-11-30 20:36:51,334 : INFO : EventManager : Event: ======'mode_base_stopped'====== Args={}
2024-11-30 20:36:51,334 : INFO : EventManager : Event: ======'clear'====== Args={'key': 'base'}
2024-11-30 20:36:51,335 : INFO : EventManager : Event: ======'ball_ended'====== Args={}
2024-11-30 20:36:51,337 : INFO : EventManager : Event: ======'player_turn_will_end'====== Args={'player': <Player 1>, 'number': 1}
2024-11-30 20:36:51,343 : INFO : EventManager : Event: ======'player_turn_ending'====== Args={'player': <Player 1>, 'number': 1}
2024-11-30 20:36:51,344 : INFO : EventManager : Event: ======'player_turn_ended'====== Args={'player': <Player 1>, 'number': 1}
2024-11-30 20:36:51,344 : INFO : EventManager : Event: ======'player_turn_will_start'====== Args={'player': <Player 1>, 'number': 1}
2024-11-30 20:36:51,344 : INFO : EventManager : Event: ======'player_turn_starting'====== Args={'player': <Player 1>, 'number': 1}
2024-11-30 20:36:51,344 : INFO : EventManager : Event: ======'player_ball'====== Args={'value': 3, 'prev_value': 2, 'change': 1, 'player_num': 1}
2024-11-30 20:36:51,344 : INFO : EventManager : Event: ======'player_turn_started'====== Args={'player': <Player 1>, 'number': 1}
2024-11-30 20:36:51,346 : INFO : EventManager : Event: ======'ball_will_start'====== Args={'player': 1, 'ball': 3, 'balls_remaining': 0, 'is_extra_ball': False}
2024-11-30 20:36:51,346 : INFO : BallController : Found 1 ball(s) on playfield.
2024-11-30 20:36:51,346 : WARNING : BallController : Playfields still contain balls. Waiting for those to drain.
2024-11-30 20:36:51,348 : INFO : EventManager : Event: ======'slide_bonus_inactive'====== Args={'is_removing': True, '_from_bcp': True}
2024-11-30 20:36:51,349 : INFO : EventManager : Event: ======'slide_base_active'====== Args={'_from_bcp': True}
2024-11-30 20:36:51,349 : INFO : EventManager : Event: ======'slide_bonus_removed'====== Args={'_from_bcp': True}
2024-11-30 20:36:52,347 : INFO : BallController : Found 1 ball(s) on playfield.
2024-11-30 20:36:52,347 : WARNING : BallController : Playfields still contain balls. Waiting for those to drain.
2024-11-30 20:36:53,348 : INFO : BallController : Found 1 ball(s) on playfield.
2024-11-30 20:36:53,348 : WARNING : BallController : Playfields still contain balls. Waiting for those to drain.
2024-11-30 20:36:54,349 : INFO : BallController : Found 1 ball(s) on playfield.
2024-11-30 20:36:54,349 : WARNING : BallController : Playfields still contain balls. Waiting for those to drain.
2024-11-30 20:36:55,320 : INFO : EventManager : Event: ======'balldevice_bd_drain_ball_eject_failed'====== Args={'target': <playfield.playfield>, 'balls': 1, 'retry': True, 'num_attempts': 1}
2024-11-30 20:36:55,321 : INFO : ball_device.bd_drain : State: waiting_for_target_ready
2024-11-30 20:36:55,321 : INFO : EventManager : Event: ======'balldevice_bd_drain_ball_eject_attempt'====== Args={'balls': 1, 'target': <playfield.playfield>, 'source': <ball_device.bd_drain>, 'mechanical_eject': False, 'num_attempts': 1}
2024-11-30 20:36:55,322 : INFO : ball_device.bd_drain : State: ejecting
2024-11-30 20:36:55,322 : INFO : ball_device.bd_drain : Ejecting ball to <playfield.playfield>
2024-11-30 20:36:55,322 : INFO : EventManager : Event: ======'balldevice_bd_drain_ejecting_ball'====== Args={'balls': 1, 'target': <playfield.playfield>, 'source': <ball_device.bd_drain>, 'mechanical_eject': False, 'num_attempts': 1}
2024-11-30 20:36:55,323 : INFO : ball_device.bd_drain : Wait for ball to leave device
2024-11-30 20:36:55,323 : INFO : coil.c_main_outhole : Pulsing Driver for 60ms (1.0 pulse_power)
2024-11-30 20:36:55,349 : INFO : BallController : Found 1 ball(s) on playfield.
2024-11-30 20:36:55,350 : WARNING : BallController : Playfields still contain balls. Waiting for those to drain.
2024-11-30 20:36:56,350 : INFO : BallController : Found 1 ball(s) on playfield.
2024-11-30 20:36:56,350 : WARNING : BallController : Playfields still contain balls. Waiting for those to drain.
2024-11-30 20:36:57,350 : INFO : BallController : Found 1 ball(s) on playfield.
2024-11-30 20:36:57,350 : WARNING : BallController : Playfields still contain balls. Waiting for those to drain.
2024-11-30 20:36:57,727 : INFO : Machine : Shutting down...
2024-11-30 20:36:57,727 : INFO : EventManager : Event: ======'shutdown'====== Args={}
2024-11-30 20:36:57,729 : INFO : EventManager : Event: ======'mode_game_will_stop'====== Args={}
2024-11-30 20:36:57,729 : INFO : EventManager : Event: ======'mode_game_stopping'====== Args={}
2024-11-30 20:36:57,729 : INFO : Mode.game : Stopped.
2024-11-30 20:36:57,729 : INFO : EventManager : Event: ======'modes_active_modes_changed'====== Args={}
2024-11-30 20:36:57,729 : INFO : EventManager : Event: ======'mode_game_stopped'====== Args={}
2024-11-30 20:36:57,729 : INFO : EventManager : Event: ======'clear'====== Args={'key': 'game'}
2024-11-30 20:36:57,743 : INFO : root : MPF run loop ended.
