2024-11-24 19:46:35,172 : INFO : root : Loading config.
2024-11-24 19:46:35,174 : INFO : YamlMultifileConfigLoader : Machine config file #1: config.yaml
2024-11-24 19:46:35,174 : INFO : ConfigProcessor : Loading config from cache: /var/folders/lw/36nc9wln17qdc1y8dnh6d85h0000gr/T/a187413b8cf7049e0b91852f54cd1afa.mpf_cache
2024-11-24 19:46:35,203 : INFO : ConfigProcessor : Loading config from cache: /var/folders/lw/36nc9wln17qdc1y8dnh6d85h0000gr/T/2e30198d1c841d95b9b3e69c8a0bb49b.mpf_cache
2024-11-24 19:46:35,204 : INFO : ConfigProcessor : Loading config from cache: /var/folders/lw/36nc9wln17qdc1y8dnh6d85h0000gr/T/40928215bbb65374348eff3d4cd7b8bc.mpf_cache
2024-11-24 19:46:35,204 : INFO : ConfigProcessor : Loading config from cache: /var/folders/lw/36nc9wln17qdc1y8dnh6d85h0000gr/T/167ddff969183ffa73a4682c84ddf638.mpf_cache
2024-11-24 19:46:35,204 : INFO : ConfigProcessor : Loading config from cache: /var/folders/lw/36nc9wln17qdc1y8dnh6d85h0000gr/T/2e30198d1c841d95b9b3e69c8a0bb49b.mpf_cache
2024-11-24 19:46:35,204 : WARNING : ConfigProcessor : Config file in cache changed: /Users/C_Alan/pinball/hauntedhouse/modes/bonus/config/bonus.yaml
2024-11-24 19:46:35,205 : INFO : ConfigProcessor : Loading config from file /Users/C_Alan/envp311/lib/python3.11/site-packages/mpf/modes/bonus/config/bonus.yaml.
2024-11-24 19:46:35,206 : INFO : ConfigProcessor : Loading config: /Users/C_Alan/envp311/lib/python3.11/site-packages/mpf/modes/bonus/config/bonus.yaml
2024-11-24 19:46:35,206 : INFO : ConfigProcessor : Loading config from file /Users/C_Alan/pinball/hauntedhouse/modes/bonus/config/bonus.yaml.
2024-11-24 19:46:35,206 : INFO : ConfigProcessor : Loading config: /Users/C_Alan/pinball/hauntedhouse/modes/bonus/config/bonus.yaml
2024-11-24 19:46:35,207 : INFO : ConfigProcessor : Config file cache created: /var/folders/lw/36nc9wln17qdc1y8dnh6d85h0000gr/T/f3e7df0542012602a298ddb9f31df321.mpf_cache
2024-11-24 19:46:35,207 : INFO : ConfigProcessor : Loading config from cache: /var/folders/lw/36nc9wln17qdc1y8dnh6d85h0000gr/T/1ab5c5e749213b44f20a4087626085fd.mpf_cache
2024-11-24 19:46:35,207 : INFO : Machine : Mission Pinball Framework Core Engine v0.80.0.dev5
2024-11-24 19:46:35,207 : INFO : Machine : Command line arguments: {'no_load_cache': False, 'create_config_cache': True, 'bcp': True, 'configfile': ['config.yaml'], 'force_assets_load': False, 'platform_integration_test': False, 'jsonlogging': False, 'logfile': 'logs/2024-11-24-19-46-35-mpf-Macpro.local.log', 'pause': False, 'production': False, 'text_ui': True, 'loglevel': 15, 'consoleloglevel': 20, 'force_platform': 'virtual', 'syslog_address': None, 'full_logfile_path': '/Users/C_Alan/pinball/hauntedhouse/logs/2024-11-24-19-46-35-mpf-Macpro.local.log'}
2024-11-24 19:46:35,207 : INFO : Machine : MPF path: /Users/C_Alan/envp311/lib/python3.11/site-packages/mpf
2024-11-24 19:46:35,207 : INFO : Machine : Machine path: /Users/C_Alan/pinball/hauntedhouse
2024-11-24 19:46:35,207 : INFO : Machine : Platform: darwin
2024-11-24 19:46:35,207 : INFO : Machine : Python executable location: /Users/C_Alan/envp311/bin/python3.11
2024-11-24 19:46:35,207 : INFO : Machine : Python version: 3.11.0 (64-bit)
2024-11-24 19:46:35,208 : INFO : Machine : Initializing MPF...
2024-11-24 19:46:35,235 : INFO : EventManager : Event: ======'machine_var_credits_string'====== Args={'value': 'FREE PLAY', 'prev_value': None, 'change': True}
2024-11-24 19:46:35,242 : INFO : EventManager : Event: ======'machine_var_master_volume'====== Args={'value': 0.5, 'prev_value': None, 'change': True}
2024-11-24 19:46:35,242 : INFO : EventManager : Event: ======'machine_var_player1_score'====== Args={'value': 30200, 'prev_value': None, 'change': True}
2024-11-24 19:46:35,242 : INFO : EventManager : Event: ======'machine_var_mpf_version'====== Args={'value': 'Mission Pinball Framework v0.80.0.dev5', 'prev_value': None, 'change': True}
2024-11-24 19:46:35,242 : INFO : EventManager : Event: ======'machine_var_mpf_extended_version'====== Args={'value': 'Mission Pinball Framework v0.80.0.dev5, Config version:6, Show version: 6, BCP version:1.1', 'prev_value': None, 'change': True}
2024-11-24 19:46:35,242 : INFO : EventManager : Event: ======'machine_var_python_version'====== Args={'value': '3.11.0', 'prev_value': None, 'change': True}
2024-11-24 19:46:35,253 : INFO : EventManager : Event: ======'machine_var_platform'====== Args={'value': 'macOS-14.6.1-x86_64-i386-64bit', 'prev_value': None, 'change': True}
2024-11-24 19:46:35,253 : INFO : EventManager : Event: ======'machine_var_platform_system'====== Args={'value': 'Darwin', 'prev_value': None, 'change': True}
2024-11-24 19:46:35,253 : INFO : EventManager : Event: ======'machine_var_platform_release'====== Args={'value': '23.6.0', 'prev_value': None, 'change': True}
2024-11-24 19:46:35,253 : INFO : EventManager : Event: ======'machine_var_platform_version'====== Args={'value': 'Darwin Kernel Version 23.6.0: Mon Jul 29 21:13:00 PDT 2024; root:xnu-10063.141.2~1/RELEASE_X86_64', 'prev_value': None, 'change': True}
2024-11-24 19:46:35,253 : INFO : EventManager : Event: ======'machine_var_platform_machine'====== Args={'value': 'x86_64', 'prev_value': None, 'change': True}
2024-11-24 19:46:35,253 : INFO : EventManager : Event: ======'machine_var_log_file_path'====== Args={'value': '/Users/C_Alan/pinball/hauntedhouse/logs/2024-11-24-19-46-35-mpf-Macpro.local.log', 'prev_value': None, 'change': True}
2024-11-24 19:46:35,253 : INFO : EventManager : Event: ======'init_phase_1'====== Args={}
2024-11-24 19:46:35,288 : INFO : EventManager : Event: ======'drop_target_bank_upper_up'====== Args={}
2024-11-24 19:46:35,288 : INFO : EventManager : Event: ======'drop_target_bank_lower_up'====== Args={}
2024-11-24 19:46:35,288 : INFO : EventManager : Event: ======'init_phase_2'====== Args={}
2024-11-24 19:46:35,293 : INFO : EventManager : Event: ======'bcp_connection_attempt'====== Args={'name': 'local_display', 'host': 'localhost', 'port': 5050}
2024-11-24 19:46:35,294 : INFO : BCPClientSocket : Connecting BCP to 'local_display' at localhost:5050...
2024-11-24 19:46:39,073 : INFO : BCPClientSocket : Connected BCP to 'local_display' localhost:5050
2024-11-24 19:46:39,074 : INFO : EventManager : Event: ======'bcp_clients_connected'====== Args={}
2024-11-24 19:46:39,075 : INFO : ball_device.bd_drain : BCH: Initial count: 0
2024-11-24 19:46:39,075 : INFO : ball_device.bd_drain : State: idle
2024-11-24 19:46:39,076 : INFO : ball_device.bd_lower_vuk : BCH: Initial count: 0
2024-11-24 19:46:39,076 : INFO : ball_device.bd_lower_vuk : State: idle
2024-11-24 19:46:39,076 : INFO : ball_device.bd_lower_kickout_special : BCH: Initial count: 0
2024-11-24 19:46:39,076 : INFO : ball_device.bd_lower_kickout_special : State: idle
2024-11-24 19:46:39,076 : INFO : ball_device.bd_main_vuk : BCH: Initial count: 0
2024-11-24 19:46:39,077 : INFO : ball_device.bd_main_vuk : State: idle
2024-11-24 19:46:39,077 : INFO : ball_device.bd_main_kickout_right : BCH: Initial count: 0
2024-11-24 19:46:39,077 : INFO : ball_device.bd_main_kickout_right : State: idle
2024-11-24 19:46:39,077 : INFO : ball_device.bd_main_kickout_lane : BCH: Initial count: 0
2024-11-24 19:46:39,077 : INFO : ball_device.bd_main_kickout_lane : State: idle
2024-11-24 19:46:39,084 : INFO : EventManager : Event: ======'init_phase_3'====== Args={}
2024-11-24 19:46:39,085 : INFO : EventManager : Event: ======'init_phase_4'====== Args={}
2024-11-24 19:46:39,087 : INFO : BallController : Initial balls found: 0
2024-11-24 19:46:39,088 : INFO : EventManager : Event: ======'machine_var_audits_events_game_ended'====== Args={'value': 79, 'prev_value': None, 'change': True}
2024-11-24 19:46:39,088 : INFO : EventManager : Event: ======'machine_var_audits_events_game_started'====== Args={'value': 180, 'prev_value': None, 'change': True}
2024-11-24 19:46:39,088 : INFO : EventManager : Event: ======'machine_var_audits_missing_switches_s_left_flipper1'====== Args={'value': 51, 'prev_value': None, 'change': True}
2024-11-24 19:46:39,089 : INFO : EventManager : Event: ======'machine_var_audits_missing_switches_s_left_flipper2'====== Args={'value': 51, 'prev_value': None, 'change': True}
2024-11-24 19:46:39,089 : INFO : EventManager : Event: ======'machine_var_audits_missing_switches_s_lower_10pt_drops'====== Args={'value': 53, 'prev_value': None, 'change': True}
2024-11-24 19:46:39,089 : INFO : EventManager : Event: ======'machine_var_audits_missing_switches_s_lower_10pt_lower'====== Args={'value': 54, 'prev_value': None, 'change': True}
2024-11-24 19:46:39,089 : INFO : EventManager : Event: ======'machine_var_audits_missing_switches_s_lower_10pt_upper'====== Args={'value': 53, 'prev_value': None, 'change': True}
2024-11-24 19:46:39,089 : INFO : EventManager : Event: ======'machine_var_audits_missing_switches_s_lower_1_drop'====== Args={'value': 25, 'prev_value': None, 'change': True}
2024-11-24 19:46:39,089 : INFO : EventManager : Event: ======'machine_var_audits_missing_switches_s_lower_2_drop'====== Args={'value': 25, 'prev_value': None, 'change': True}
2024-11-24 19:46:39,089 : INFO : EventManager : Event: ======'machine_var_audits_missing_switches_s_lower_3_drop'====== Args={'value': 25, 'prev_value': None, 'change': True}
2024-11-24 19:46:39,089 : INFO : EventManager : Event: ======'machine_var_audits_missing_switches_s_lower_4_drop'====== Args={'value': 18, 'prev_value': None, 'change': True}
2024-11-24 19:46:39,089 : INFO : EventManager : Event: ======'machine_var_audits_missing_switches_s_lower_5_drop'====== Args={'value': 18, 'prev_value': None, 'change': True}
2024-11-24 19:46:39,089 : INFO : EventManager : Event: ======'machine_var_audits_missing_switches_s_lower_bonus_left'====== Args={'value': 53, 'prev_value': None, 'change': True}
2024-11-24 19:46:39,089 : INFO : EventManager : Event: ======'machine_var_audits_missing_switches_s_lower_bonus_right'====== Args={'value': 70, 'prev_value': None, 'change': True}
2024-11-24 19:46:39,089 : INFO : EventManager : Event: ======'machine_var_audits_missing_switches_s_lower_kick_target'====== Args={'value': 70, 'prev_value': None, 'change': True}
2024-11-24 19:46:39,089 : INFO : EventManager : Event: ======'machine_var_audits_missing_switches_s_lower_kickout_special'====== Args={'value': 53, 'prev_value': None, 'change': True}
2024-11-24 19:46:39,089 : INFO : EventManager : Event: ======'machine_var_audits_missing_switches_s_lower_pop'====== Args={'value': 53, 'prev_value': None, 'change': True}
2024-11-24 19:46:39,089 : INFO : EventManager : Event: ======'machine_var_audits_missing_switches_s_lower_rollover'====== Args={'value': 50, 'prev_value': None, 'change': True}
2024-11-24 19:46:39,089 : INFO : EventManager : Event: ======'machine_var_audits_missing_switches_s_lower_slingshot'====== Args={'value': 53, 'prev_value': None, 'change': True}
2024-11-24 19:46:39,089 : INFO : EventManager : Event: ======'machine_var_audits_missing_switches_s_lower_vuk'====== Args={'value': 50, 'prev_value': None, 'change': True}
2024-11-24 19:46:39,090 : INFO : EventManager : Event: ======'machine_var_audits_missing_switches_s_main_10pt_left'====== Args={'value': 53, 'prev_value': None, 'change': True}
2024-11-24 19:46:39,090 : INFO : EventManager : Event: ======'machine_var_audits_missing_switches_s_main_1_target'====== Args={'value': 53, 'prev_value': None, 'change': True}
2024-11-24 19:46:39,090 : INFO : EventManager : Event: ======'machine_var_audits_missing_switches_s_main_1_trough'====== Args={'value': 37, 'prev_value': None, 'change': True}
2024-11-24 19:46:39,090 : INFO : EventManager : Event: ======'machine_var_audits_missing_switches_s_main_2_target'====== Args={'value': 53, 'prev_value': None, 'change': True}
2024-11-24 19:46:39,090 : INFO : EventManager : Event: ======'machine_var_audits_missing_switches_s_main_2_trough'====== Args={'value': 50, 'prev_value': None, 'change': True}
2024-11-24 19:46:39,090 : INFO : EventManager : Event: ======'machine_var_audits_missing_switches_s_main_3_target'====== Args={'value': 37, 'prev_value': None, 'change': True}
2024-11-24 19:46:39,090 : INFO : EventManager : Event: ======'machine_var_audits_missing_switches_s_main_4_target'====== Args={'value': 50, 'prev_value': None, 'change': True}
2024-11-24 19:46:39,090 : INFO : EventManager : Event: ======'machine_var_audits_missing_switches_s_main_5_target'====== Args={'value': 25, 'prev_value': None, 'change': True}
2024-11-24 19:46:39,090 : INFO : EventManager : Event: ======'machine_var_audits_missing_switches_s_main_inlane_left'====== Args={'value': 64, 'prev_value': None, 'change': True}
2024-11-24 19:46:39,090 : INFO : EventManager : Event: ======'machine_var_audits_missing_switches_s_main_inlane_right'====== Args={'value': 27, 'prev_value': None, 'change': True}
2024-11-24 19:46:39,090 : INFO : EventManager : Event: ======'machine_var_audits_missing_switches_s_main_kickout_right'====== Args={'value': 50, 'prev_value': None, 'change': True}
2024-11-24 19:46:39,090 : INFO : EventManager : Event: ======'machine_var_audits_missing_switches_s_main_lane_center'====== Args={'value': 48, 'prev_value': None, 'change': True}
2024-11-24 19:46:39,090 : INFO : EventManager : Event: ======'machine_var_audits_missing_switches_s_main_outlane_left'====== Args={'value': 70, 'prev_value': None, 'change': True}
2024-11-24 19:46:39,091 : INFO : EventManager : Event: ======'machine_var_audits_missing_switches_s_main_outlane_right'====== Args={'value': 53, 'prev_value': None, 'change': True}
2024-11-24 19:46:39,091 : INFO : EventManager : Event: ======'machine_var_audits_missing_switches_s_main_pop_bottom'====== Args={'value': 18, 'prev_value': None, 'change': True}
2024-11-24 19:46:39,091 : INFO : EventManager : Event: ======'machine_var_audits_missing_switches_s_main_pop_top'====== Args={'value': 22, 'prev_value': None, 'change': True}
2024-11-24 19:46:39,091 : INFO : EventManager : Event: ======'machine_var_audits_missing_switches_s_main_rollunder'====== Args={'value': 50, 'prev_value': None, 'change': True}
2024-11-24 19:46:39,091 : INFO : EventManager : Event: ======'machine_var_audits_missing_switches_s_main_secret_trough'====== Args={'value': 53, 'prev_value': None, 'change': True}
2024-11-24 19:46:39,091 : INFO : EventManager : Event: ======'machine_var_audits_missing_switches_s_main_slingshot'====== Args={'value': 50, 'prev_value': None, 'change': True}
2024-11-24 19:46:39,091 : INFO : EventManager : Event: ======'machine_var_audits_missing_switches_s_main_target_right'====== Args={'value': 53, 'prev_value': None, 'change': True}
2024-11-24 19:46:39,091 : INFO : EventManager : Event: ======'machine_var_audits_missing_switches_s_main_vuk'====== Args={'value': 49, 'prev_value': None, 'change': True}
2024-11-24 19:46:39,091 : INFO : EventManager : Event: ======'machine_var_audits_missing_switches_s_right_flipper1'====== Args={'value': 50, 'prev_value': None, 'change': True}
2024-11-24 19:46:39,091 : INFO : EventManager : Event: ======'machine_var_audits_missing_switches_s_right_flipper2'====== Args={'value': 50, 'prev_value': None, 'change': True}
2024-11-24 19:46:39,091 : INFO : EventManager : Event: ======'machine_var_audits_missing_switches_s_start'====== Args={'value': 22, 'prev_value': None, 'change': True}
2024-11-24 19:46:39,091 : INFO : EventManager : Event: ======'machine_var_audits_missing_switches_s_upper_10pt_center'====== Args={'value': 49, 'prev_value': None, 'change': True}
2024-11-24 19:46:39,092 : INFO : EventManager : Event: ======'machine_var_audits_missing_switches_s_upper_10pt_left'====== Args={'value': 51, 'prev_value': None, 'change': True}
2024-11-24 19:46:39,092 : INFO : EventManager : Event: ======'machine_var_audits_missing_switches_s_upper_1_target'====== Args={'value': 3, 'prev_value': None, 'change': True}
2024-11-24 19:46:39,092 : INFO : EventManager : Event: ======'machine_var_audits_missing_switches_s_upper_2_target'====== Args={'value': 3, 'prev_value': None, 'change': True}
2024-11-24 19:46:39,092 : INFO : EventManager : Event: ======'machine_var_audits_missing_switches_s_upper_3_target'====== Args={'value': 3, 'prev_value': None, 'change': True}
2024-11-24 19:46:39,092 : INFO : EventManager : Event: ======'machine_var_audits_missing_switches_s_upper_4_target'====== Args={'value': 9, 'prev_value': None, 'change': True}
2024-11-24 19:46:39,092 : INFO : EventManager : Event: ======'machine_var_audits_missing_switches_s_upper_pop'====== Args={'value': 20, 'prev_value': None, 'change': True}
2024-11-24 19:46:39,092 : INFO : EventManager : Event: ======'machine_var_audits_player_score'====== Args={'value': {'average': 30264, 'top': [211150, 162330, 120480, 114590, 92630, 81180, 78890, 76090, 75800, 75650], 'total': 82}, 'prev_value': None, 'change': True}
2024-11-24 19:46:39,092 : INFO : EventManager : Event: ======'machine_var_audits_shots_10pt'====== Args={'value': 248, 'prev_value': None, 'change': True}
2024-11-24 19:46:39,092 : INFO : EventManager : Event: ======'machine_var_audits_shots_left_inlane'====== Args={'value': 22, 'prev_value': None, 'change': True}
2024-11-24 19:46:39,092 : INFO : EventManager : Event: ======'machine_var_audits_shots_left_outlane'====== Args={'value': 11, 'prev_value': None, 'change': True}
2024-11-24 19:46:39,092 : INFO : EventManager : Event: ======'machine_var_audits_shots_lower_10pt_drops'====== Args={'value': 37, 'prev_value': None, 'change': True}
2024-11-24 19:46:39,093 : INFO : EventManager : Event: ======'machine_var_audits_shots_lower_10pt_lower'====== Args={'value': 12, 'prev_value': None, 'change': True}
2024-11-24 19:46:39,093 : INFO : EventManager : Event: ======'machine_var_audits_shots_lower_10pt_upper'====== Args={'value': 13, 'prev_value': None, 'change': True}
2024-11-24 19:46:39,093 : INFO : EventManager : Event: ======'machine_var_audits_shots_lower_1_drop'====== Args={'value': 45, 'prev_value': None, 'change': True}
2024-11-24 19:46:39,093 : INFO : EventManager : Event: ======'machine_var_audits_shots_lower_2_drop'====== Args={'value': 13, 'prev_value': None, 'change': True}
2024-11-24 19:46:39,093 : INFO : EventManager : Event: ======'machine_var_audits_shots_lower_3_drop'====== Args={'value': 14, 'prev_value': None, 'change': True}
2024-11-24 19:46:39,093 : INFO : EventManager : Event: ======'machine_var_audits_shots_lower_4_drop'====== Args={'value': 18, 'prev_value': None, 'change': True}
2024-11-24 19:46:39,093 : INFO : EventManager : Event: ======'machine_var_audits_shots_lower_5_drop'====== Args={'value': 20, 'prev_value': None, 'change': True}
2024-11-24 19:46:39,093 : INFO : EventManager : Event: ======'machine_var_audits_shots_lower_hole'====== Args={'value': 27, 'prev_value': None, 'change': True}
2024-11-24 19:46:39,093 : INFO : EventManager : Event: ======'machine_var_audits_shots_lower_kick_target'====== Args={'value': 2, 'prev_value': None, 'change': True}
2024-11-24 19:46:39,093 : INFO : EventManager : Event: ======'machine_var_audits_shots_lower_left'====== Args={'value': 11, 'prev_value': None, 'change': True}
2024-11-24 19:46:39,094 : INFO : EventManager : Event: ======'machine_var_audits_shots_lower_left_pop'====== Args={'value': 212, 'prev_value': None, 'change': True}
2024-11-24 19:46:39,094 : INFO : EventManager : Event: ======'machine_var_audits_shots_lower_pop'====== Args={'value': 28, 'prev_value': None, 'change': True}
2024-11-24 19:46:39,094 : INFO : EventManager : Event: ======'machine_var_audits_shots_lower_right'====== Args={'value': 4, 'prev_value': None, 'change': True}
2024-11-24 19:46:39,094 : INFO : EventManager : Event: ======'machine_var_audits_shots_lower_rollover'====== Args={'value': 32, 'prev_value': None, 'change': True}
2024-11-24 19:46:39,094 : INFO : EventManager : Event: ======'machine_var_audits_shots_lower_slingshot'====== Args={'value': 19, 'prev_value': None, 'change': True}
2024-11-24 19:46:39,094 : INFO : EventManager : Event: ======'machine_var_audits_shots_main_1'====== Args={'value': 30, 'prev_value': None, 'change': True}
2024-11-24 19:46:39,094 : INFO : EventManager : Event: ======'machine_var_audits_shots_main_2'====== Args={'value': 33, 'prev_value': None, 'change': True}
2024-11-24 19:46:39,094 : INFO : EventManager : Event: ======'machine_var_audits_shots_main_3'====== Args={'value': 27, 'prev_value': None, 'change': True}
2024-11-24 19:46:39,095 : INFO : EventManager : Event: ======'machine_var_audits_shots_main_4'====== Args={'value': 44, 'prev_value': None, 'change': True}
2024-11-24 19:46:39,095 : INFO : EventManager : Event: ======'machine_var_audits_shots_main_5'====== Args={'value': 26, 'prev_value': None, 'change': True}
2024-11-24 19:46:39,095 : INFO : EventManager : Event: ======'machine_var_audits_shots_main_slingshot'====== Args={'value': 45, 'prev_value': None, 'change': True}
2024-11-24 19:46:39,095 : INFO : EventManager : Event: ======'machine_var_audits_shots_main_trough_1'====== Args={'value': 19, 'prev_value': None, 'change': True}
2024-11-24 19:46:39,095 : INFO : EventManager : Event: ======'machine_var_audits_shots_right_inlane'====== Args={'value': 76, 'prev_value': None, 'change': True}
2024-11-24 19:46:39,095 : INFO : EventManager : Event: ======'machine_var_audits_shots_right_kickout'====== Args={'value': 34, 'prev_value': None, 'change': True}
2024-11-24 19:46:39,095 : INFO : EventManager : Event: ======'machine_var_audits_shots_right_outlane'====== Args={'value': 44, 'prev_value': None, 'change': True}
2024-11-24 19:46:39,095 : INFO : EventManager : Event: ======'machine_var_audits_shots_rollunder'====== Args={'value': 106, 'prev_value': None, 'change': True}
2024-11-24 19:46:39,095 : INFO : EventManager : Event: ======'machine_var_audits_shots_standup_right'====== Args={'value': 91, 'prev_value': None, 'change': True}
2024-11-24 19:46:39,096 : INFO : EventManager : Event: ======'machine_var_audits_shots_trapdoor_trough'====== Args={'value': 6, 'prev_value': None, 'change': True}
2024-11-24 19:46:39,096 : INFO : EventManager : Event: ======'machine_var_audits_shots_upper_1'====== Args={'value': 96, 'prev_value': None, 'change': True}
2024-11-24 19:46:39,096 : INFO : EventManager : Event: ======'machine_var_audits_shots_upper_1_drop'====== Args={'value': 169, 'prev_value': None, 'change': True}
2024-11-24 19:46:39,096 : INFO : EventManager : Event: ======'machine_var_audits_shots_upper_2'====== Args={'value': 85, 'prev_value': None, 'change': True}
2024-11-24 19:46:39,096 : INFO : EventManager : Event: ======'machine_var_audits_shots_upper_2_drop'====== Args={'value': 75, 'prev_value': None, 'change': True}
2024-11-24 19:46:39,096 : INFO : EventManager : Event: ======'machine_var_audits_shots_upper_3'====== Args={'value': 42, 'prev_value': None, 'change': True}
2024-11-24 19:46:39,096 : INFO : EventManager : Event: ======'machine_var_audits_shots_upper_3_drop'====== Args={'value': 100, 'prev_value': None, 'change': True}
2024-11-24 19:46:39,096 : INFO : EventManager : Event: ======'machine_var_audits_shots_upper_4'====== Args={'value': 43, 'prev_value': None, 'change': True}
2024-11-24 19:46:39,097 : INFO : EventManager : Event: ======'machine_var_audits_shots_upper_4_drop'====== Args={'value': 149, 'prev_value': None, 'change': True}
2024-11-24 19:46:39,097 : INFO : EventManager : Event: ======'machine_var_audits_shots_upper_left_pop'====== Args={'value': 112, 'prev_value': None, 'change': True}
2024-11-24 19:46:39,097 : INFO : EventManager : Event: ======'machine_var_audits_shots_upper_pop'====== Args={'value': 591, 'prev_value': None, 'change': True}
2024-11-24 19:46:39,097 : INFO : EventManager : Event: ======'machine_var_audits_switches_s_left_flipper1'====== Args={'value': 420, 'prev_value': None, 'change': True}
2024-11-24 19:46:39,097 : INFO : EventManager : Event: ======'machine_var_audits_switches_s_left_flipper2'====== Args={'value': 469, 'prev_value': None, 'change': True}
2024-11-24 19:46:39,097 : INFO : EventManager : Event: ======'machine_var_audits_switches_s_lower_10pt_UPPER'====== Args={'value': 0, 'prev_value': None, 'change': True}
2024-11-24 19:46:39,097 : INFO : EventManager : Event: ======'machine_var_audits_switches_s_lower_10pt_drops'====== Args={'value': 37, 'prev_value': None, 'change': True}
2024-11-24 19:46:39,098 : INFO : EventManager : Event: ======'machine_var_audits_switches_s_lower_10pt_lower'====== Args={'value': 12, 'prev_value': None, 'change': True}
2024-11-24 19:46:39,098 : INFO : EventManager : Event: ======'machine_var_audits_switches_s_lower_10pt_upper'====== Args={'value': 13, 'prev_value': None, 'change': True}
2024-11-24 19:46:39,098 : INFO : EventManager : Event: ======'machine_var_audits_switches_s_lower_1_drop'====== Args={'value': 400, 'prev_value': None, 'change': True}
2024-11-24 19:46:39,098 : INFO : EventManager : Event: ======'machine_var_audits_switches_s_lower_2_drop'====== Args={'value': 13, 'prev_value': None, 'change': True}
2024-11-24 19:46:39,098 : INFO : EventManager : Event: ======'machine_var_audits_switches_s_lower_3_drop'====== Args={'value': 14, 'prev_value': None, 'change': True}
2024-11-24 19:46:39,098 : INFO : EventManager : Event: ======'machine_var_audits_switches_s_lower_4_drop'====== Args={'value': 18, 'prev_value': None, 'change': True}
2024-11-24 19:46:39,098 : INFO : EventManager : Event: ======'machine_var_audits_switches_s_lower_5_drop'====== Args={'value': 20, 'prev_value': None, 'change': True}
2024-11-24 19:46:39,098 : INFO : EventManager : Event: ======'machine_var_audits_switches_s_lower_bonus_left'====== Args={'value': 11, 'prev_value': None, 'change': True}
2024-11-24 19:46:39,099 : INFO : EventManager : Event: ======'machine_var_audits_switches_s_lower_bonus_right'====== Args={'value': 4, 'prev_value': None, 'change': True}
2024-11-24 19:46:39,099 : INFO : EventManager : Event: ======'machine_var_audits_switches_s_lower_kick_target'====== Args={'value': 2, 'prev_value': None, 'change': True}
2024-11-24 19:46:39,099 : INFO : EventManager : Event: ======'machine_var_audits_switches_s_lower_kickout_special'====== Args={'value': 27, 'prev_value': None, 'change': True}
2024-11-24 19:46:39,099 : INFO : EventManager : Event: ======'machine_var_audits_switches_s_lower_pop'====== Args={'value': 28, 'prev_value': None, 'change': True}
2024-11-24 19:46:39,099 : INFO : EventManager : Event: ======'machine_var_audits_switches_s_lower_rollover'====== Args={'value': 60, 'prev_value': None, 'change': True}
2024-11-24 19:46:39,099 : INFO : EventManager : Event: ======'machine_var_audits_switches_s_lower_slingshot'====== Args={'value': 19, 'prev_value': None, 'change': True}
2024-11-24 19:46:39,099 : INFO : EventManager : Event: ======'machine_var_audits_switches_s_lower_vuk'====== Args={'value': 239, 'prev_value': None, 'change': True}
2024-11-24 19:46:39,100 : INFO : EventManager : Event: ======'machine_var_audits_switches_s_main_10pt_left'====== Args={'value': 33, 'prev_value': None, 'change': True}
2024-11-24 19:46:39,100 : INFO : EventManager : Event: ======'machine_var_audits_switches_s_main_1_target'====== Args={'value': 57, 'prev_value': None, 'change': True}
2024-11-24 19:46:39,100 : INFO : EventManager : Event: ======'machine_var_audits_switches_s_main_1_trough'====== Args={'value': 52, 'prev_value': None, 'change': True}
2024-11-24 19:46:39,100 : INFO : EventManager : Event: ======'machine_var_audits_switches_s_main_2_target'====== Args={'value': 56, 'prev_value': None, 'change': True}
2024-11-24 19:46:39,100 : INFO : EventManager : Event: ======'machine_var_audits_switches_s_main_2_trough'====== Args={'value': 64, 'prev_value': None, 'change': True}
2024-11-24 19:46:39,100 : INFO : EventManager : Event: ======'machine_var_audits_switches_s_main_3_target'====== Args={'value': 27, 'prev_value': None, 'change': True}
2024-11-24 19:46:39,101 : INFO : EventManager : Event: ======'machine_var_audits_switches_s_main_4_target'====== Args={'value': 60, 'prev_value': None, 'change': True}
2024-11-24 19:46:39,101 : INFO : EventManager : Event: ======'machine_var_audits_switches_s_main_5_target'====== Args={'value': 60, 'prev_value': None, 'change': True}
2024-11-24 19:46:39,101 : INFO : EventManager : Event: ======'machine_var_audits_switches_s_main_inlane_left'====== Args={'value': 25, 'prev_value': None, 'change': True}
2024-11-24 19:46:39,101 : INFO : EventManager : Event: ======'machine_var_audits_switches_s_main_inlane_right'====== Args={'value': 81, 'prev_value': None, 'change': True}
2024-11-24 19:46:39,101 : INFO : EventManager : Event: ======'machine_var_audits_switches_s_main_kickout_right'====== Args={'value': 132, 'prev_value': None, 'change': True}
2024-11-24 19:46:39,101 : INFO : EventManager : Event: ======'machine_var_audits_switches_s_main_lane_center'====== Args={'value': 111, 'prev_value': None, 'change': True}
2024-11-24 19:46:39,102 : INFO : EventManager : Event: ======'machine_var_audits_switches_s_main_outhole'====== Args={'value': 549, 'prev_value': None, 'change': True}
2024-11-24 19:46:39,102 : INFO : EventManager : Event: ======'machine_var_audits_switches_s_main_outlane_left'====== Args={'value': 18, 'prev_value': None, 'change': True}
2024-11-24 19:46:39,102 : INFO : EventManager : Event: ======'machine_var_audits_switches_s_main_outlane_right'====== Args={'value': 45, 'prev_value': None, 'change': True}
2024-11-24 19:46:39,102 : INFO : EventManager : Event: ======'machine_var_audits_switches_s_main_pop_bottom'====== Args={'value': 240, 'prev_value': None, 'change': True}
2024-11-24 19:46:39,102 : INFO : EventManager : Event: ======'machine_var_audits_switches_s_main_pop_top'====== Args={'value': 177, 'prev_value': None, 'change': True}
2024-11-24 19:46:39,102 : INFO : EventManager : Event: ======'machine_var_audits_switches_s_main_rollunder'====== Args={'value': 106, 'prev_value': None, 'change': True}
2024-11-24 19:46:39,102 : INFO : EventManager : Event: ======'machine_var_audits_switches_s_main_roundabout_rollunder'====== Args={'value': 52, 'prev_value': None, 'change': True}
2024-11-24 19:46:39,103 : INFO : EventManager : Event: ======'machine_var_audits_switches_s_main_secret_trough'====== Args={'value': 30, 'prev_value': None, 'change': True}
2024-11-24 19:46:39,103 : INFO : EventManager : Event: ======'machine_var_audits_switches_s_main_slingshot'====== Args={'value': 240, 'prev_value': None, 'change': True}
2024-11-24 19:46:39,103 : INFO : EventManager : Event: ======'machine_var_audits_switches_s_main_target_right'====== Args={'value': 144, 'prev_value': None, 'change': True}
2024-11-24 19:46:39,103 : INFO : EventManager : Event: ======'machine_var_audits_switches_s_main_trapdoor_trough'====== Args={'value': 6, 'prev_value': None, 'change': True}
2024-11-24 19:46:39,103 : INFO : EventManager : Event: ======'machine_var_audits_switches_s_main_vuk'====== Args={'value': 281, 'prev_value': None, 'change': True}
2024-11-24 19:46:39,103 : INFO : EventManager : Event: ======'machine_var_audits_switches_s_right_flipper1'====== Args={'value': 367, 'prev_value': None, 'change': True}
2024-11-24 19:46:39,104 : INFO : EventManager : Event: ======'machine_var_audits_switches_s_right_flipper2'====== Args={'value': 419, 'prev_value': None, 'change': True}
2024-11-24 19:46:39,104 : INFO : EventManager : Event: ======'machine_var_audits_switches_s_start'====== Args={'value': 7, 'prev_value': None, 'change': True}
2024-11-24 19:46:39,104 : INFO : EventManager : Event: ======'machine_var_audits_switches_s_upper_10pt_center'====== Args={'value': 198, 'prev_value': None, 'change': True}
2024-11-24 19:46:39,104 : INFO : EventManager : Event: ======'machine_var_audits_switches_s_upper_10pt_left'====== Args={'value': 126, 'prev_value': None, 'change': True}
2024-11-24 19:46:39,104 : INFO : EventManager : Event: ======'machine_var_audits_switches_s_upper_1_drop'====== Args={'value': 178, 'prev_value': None, 'change': True}
2024-11-24 19:46:39,105 : INFO : EventManager : Event: ======'machine_var_audits_switches_s_upper_1_target'====== Args={'value': 158, 'prev_value': None, 'change': True}
2024-11-24 19:46:39,105 : INFO : EventManager : Event: ======'machine_var_audits_switches_s_upper_2_drop'====== Args={'value': 93, 'prev_value': None, 'change': True}
2024-11-24 19:46:39,105 : INFO : EventManager : Event: ======'machine_var_audits_switches_s_upper_2_target'====== Args={'value': 171, 'prev_value': None, 'change': True}
2024-11-24 19:46:39,105 : INFO : EventManager : Event: ======'machine_var_audits_switches_s_upper_3_drop'====== Args={'value': 112, 'prev_value': None, 'change': True}
2024-11-24 19:46:39,105 : INFO : EventManager : Event: ======'machine_var_audits_switches_s_upper_3_target'====== Args={'value': 79, 'prev_value': None, 'change': True}
2024-11-24 19:46:39,106 : INFO : EventManager : Event: ======'machine_var_audits_switches_s_upper_4_drop'====== Args={'value': 169, 'prev_value': None, 'change': True}
2024-11-24 19:46:39,106 : INFO : EventManager : Event: ======'machine_var_audits_switches_s_upper_4_target'====== Args={'value': 81, 'prev_value': None, 'change': True}
2024-11-24 19:46:39,106 : INFO : EventManager : Event: ======'machine_var_audits_switches_s_upper_pop'====== Args={'value': 823, 'prev_value': None, 'change': True}
2024-11-24 19:46:39,107 : INFO : EventManager : Event: ======'init_phase_5'====== Args={}
2024-11-24 19:46:39,111 : INFO : EventManager : Event: ======'init_done'====== Args={}
2024-11-24 19:46:39,111 : INFO : EventManager : Event: ======'machine_reset_phase_1'====== Args={}
2024-11-24 19:46:39,117 : INFO : EventManager : Event: ======'machine_reset_phase_2'====== Args={}
2024-11-24 19:46:39,117 : INFO : EventManager : Event: ======'machine_reset_phase_3'====== Args={}
2024-11-24 19:46:39,117 : INFO : drop_target_bank.upper : All targets are already up. Will not reset bank.
2024-11-24 19:46:39,117 : INFO : drop_target_bank.lower : All targets are already up. Will not reset bank.
2024-11-24 19:46:39,118 : INFO : EventManager : Event: ======'reset_complete'====== Args={}
2024-11-24 19:46:39,118 : INFO : EventManager : Event: ======'mode_attract_will_start'====== Args={}
2024-11-24 19:46:39,118 : INFO : EventManager : Event: ======'mode_attract_starting'====== Args={}
2024-11-24 19:46:39,118 : INFO : Mode.attract : Started. Priority: 10
2024-11-24 19:46:39,118 : INFO : EventManager : Event: ======'modes_active_modes_changed'====== Args={}
2024-11-24 19:46:39,118 : INFO : EventManager : Event: ======'mode_attract_started'====== Args={}
2024-11-24 19:46:39,119 : INFO : EventManager : Event: ======'collecting_balls_complete'====== Args={}
2024-11-24 19:46:39,119 : INFO : Machine : Starting the main run loop with active modes: [<Mode.attract>]
2024-11-24 19:46:39,177 : INFO : EventManager : Event: ======'slide_attract_scroll_created'====== Args={'_from_bcp': True}
2024-11-24 19:46:39,177 : INFO : EventManager : Event: ======'slide__removed'====== Args={'_from_bcp': True}
2024-11-24 19:46:39,177 : INFO : EventManager : Event: ======'slide_attract_scroll_active'====== Args={'original_context': 'attract', 'original_calling_context': 'mode_attract_started', 'priority': 10.0, 'cmd': 'slides_play', '_from_bcp': True}
2024-11-24 19:46:39,811 : INFO : BcpServer : New client connected.
2024-11-24 19:46:47,849 : INFO : SwitchController : <<<<<<< 's_main_outhole' active >>>>>>>
2024-11-24 19:46:48,351 : INFO : EventManager : Event: ======'balldevice_bd_drain_ball_count_changed'====== Args={'balls': 1}
2024-11-24 19:46:48,351 : INFO : ball_device.bd_drain : Received unexpected ball
2024-11-24 19:46:48,351 : INFO : EventManager : Event: ======'balldevice_captured_from_playfield'====== Args={'balls': 1}
2024-11-24 19:46:48,352 : INFO : EventManager : Event: ======'sw_playfield_active'====== Args={'balls': 1}
2024-11-24 19:46:48,352 : INFO : EventManager : Event: ======'playfield_active'====== Args={'source': None}
2024-11-24 19:46:48,352 : INFO : EventManager : Event: ======'unexpected_ball_on_playfield'====== Args={}
2024-11-24 19:46:48,353 : INFO : EventManager : Event: ======'playfield_ball_count_change'====== Args={'balls': -1, 'change': -1}
2024-11-24 19:46:48,353 : INFO : EventManager : Event: ======'balldevice_playfield_ball_enter'====== Args={'new_balls': 1, 'unclaimed_balls': 1, 'device': <playfield.playfield>}
2024-11-24 19:46:48,353 : INFO : EventManager : Event: ======'playfield_ball_count_change'====== Args={'balls': 0, 'change': 1}
2024-11-24 19:46:48,354 : INFO : BallController : Found a new ball which was captured from playfield. Known balls: 1
2024-11-24 19:46:48,354 : INFO : EventManager : Event: ======'found_new_ball'====== Args={}
2024-11-24 19:46:48,354 : INFO : EventManager : Event: ======'balldevice_bd_drain_ball_enter'====== Args={'new_balls': 1, 'unclaimed_balls': 1, 'new_available_balls': 1, 'device': <ball_device.bd_drain>}
2024-11-24 19:46:48,354 : INFO : EventManager : Event: ======'ball_drain'====== Args={'device': <ball_device.bd_drain>, 'balls': 1}
2024-11-24 19:46:48,355 : INFO : EventManager : Event: ======'balldevice_balls_available'====== Args={}
2024-11-24 19:46:48,355 : INFO : EventManager : Event: ======'balldevice_bd_drain_ball_entered'====== Args={'new_balls': 1, 'device': <ball_device.bd_drain>}
2024-11-24 19:46:48,839 : INFO : SwitchController : <<<<<<< 's_start' active >>>>>>>
2024-11-24 19:46:48,894 : INFO : SwitchController : <<<<<<< 's_start' inactive >>>>>>>
2024-11-24 19:46:48,895 : INFO : EventManager : Event: ======'request_to_start_game'====== Args={}
2024-11-24 19:46:48,895 : INFO : EventManager : Event: ======'game_start'====== Args={'buttons': [], 'hold_time': 0.0554741071537137}
2024-11-24 19:46:48,895 : INFO : EventManager : Event: ======'mode_game_will_start'====== Args={'buttons': [], 'hold_time': 0.0554741071537137}
2024-11-24 19:46:48,895 : INFO : EventManager : Event: ======'mode_game_starting'====== Args={'buttons': [], 'hold_time': 0.0554741071537137}
2024-11-24 19:46:48,896 : INFO : EventManager : Event: ======'mode_attract_will_stop'====== Args={}
2024-11-24 19:46:48,896 : INFO : EventManager : Event: ======'mode_attract_stopping'====== Args={}
2024-11-24 19:46:48,896 : INFO : Mode.attract : Stopped.
2024-11-24 19:46:48,896 : INFO : EventManager : Event: ======'modes_active_modes_changed'====== Args={}
2024-11-24 19:46:48,896 : INFO : EventManager : Event: ======'mode_attract_stopped'====== Args={}
2024-11-24 19:46:48,896 : INFO : EventManager : Event: ======'clear'====== Args={'key': 'attract'}
2024-11-24 19:46:48,897 : INFO : Mode.game : Started. Priority: 20
2024-11-24 19:46:48,897 : INFO : EventManager : Event: ======'modes_active_modes_changed'====== Args={}
2024-11-24 19:46:48,897 : INFO : EventManager : Event: ======'mode_game_started'====== Args={'buttons': [], 'hold_time': 0.0554741071537137}
2024-11-24 19:46:48,897 : INFO : EventManager : Event: ======'game_will_start'====== Args={}
2024-11-24 19:46:48,898 : INFO : EventManager : Event: ======'game_starting'====== Args={'game': <Mode.game>}
2024-11-24 19:46:48,898 : INFO : EventManager : Unordered handler for class <Auditor> on event game_ended with priority 1. Handlers: [RegisteredHandler(callback=<bound method Auditor.disable of <Auditor>>, priority=1, kwargs={}, key=UUID('981b8a4c-0e30-4674-83e6-abab75043280'), condition=None, blocking_facility=None), RegisteredHandler(callback=<bound method Auditor._save_audits of <Auditor>>, priority=1, kwargs={}, key=UUID('40c5e590-1bd1-488d-8bf3-c7e9fc741a2a'), condition=None, blocking_facility=None)]. The order of those handlers is not defined and they will be executed in random order. This might lead to race conditions and potential bugs.
2024-11-24 19:46:48,898 : INFO : EventManager : Event: ======'player_add_request'====== Args={}
2024-11-24 19:46:48,899 : INFO : EventManager : Event: ======'player_will_add'====== Args={'number': 1}
2024-11-24 19:46:48,899 : INFO : EventManager : Event: ======'player_adding'====== Args={'player': <Player 1>, 'number': 1}
2024-11-24 19:46:48,899 : INFO : EventManager : Event: ======'player_added'====== Args={'player': <Player 1>, 'num': 1}
2024-11-24 19:46:48,899 : INFO : Mode.game : Player added successfully. Total players: 1
2024-11-24 19:46:48,899 : INFO : EventManager : Event: ======'player_index'====== Args={'value': 0, 'prev_value': 0, 'change': 0, 'player_num': 1}
2024-11-24 19:46:48,899 : INFO : EventManager : Event: ======'player_number'====== Args={'value': 1, 'prev_value': 1, 'change': 0, 'player_num': 1}
2024-11-24 19:46:48,900 : INFO : EventManager : Event: ======'player_bonus_attic_targets'====== Args={'value': 0, 'prev_value': 0, 'change': 0, 'player_num': 1}
2024-11-24 19:46:48,900 : INFO : EventManager : Event: ======'player_bonus_attic_drops'====== Args={'value': 0, 'prev_value': 0, 'change': 0, 'player_num': 1}
2024-11-24 19:46:48,900 : INFO : EventManager : Event: ======'player_bonus_lower_drops'====== Args={'value': 0, 'prev_value': 0, 'change': 0, 'player_num': 1}
2024-11-24 19:46:48,900 : INFO : EventManager : Event: ======'player_bonus_lower_targets'====== Args={'value': 0, 'prev_value': 0, 'change': 0, 'player_num': 1}
2024-11-24 19:46:48,900 : INFO : EventManager : Event: ======'player_attic_double_score'====== Args={'value': 0, 'prev_value': 0, 'change': 0, 'player_num': 1}
2024-11-24 19:46:48,900 : INFO : EventManager : Event: ======'player_main_double_score'====== Args={'value': 0, 'prev_value': 0, 'change': 0, 'player_num': 1}
2024-11-24 19:46:48,901 : INFO : EventManager : Event: ======'player_lower_double_score'====== Args={'value': 0, 'prev_value': 0, 'change': 0, 'player_num': 1}
2024-11-24 19:46:48,901 : INFO : EventManager : Event: ======'player_base_bonus'====== Args={'value': 0, 'prev_value': 0, 'change': 0, 'player_num': 1}
2024-11-24 19:46:48,901 : INFO : EventManager : Event: ======'player_bonus_multiplier'====== Args={'value': 1, 'prev_value': 1, 'change': 0, 'player_num': 1}
2024-11-24 19:46:48,901 : INFO : EventManager : Event: ======'player_score'====== Args={'value': 0, 'prev_value': 0, 'change': 0, 'player_num': 1}
2024-11-24 19:46:48,905 : INFO : EventManager : Event: ======'game_started'====== Args={}
2024-11-24 19:46:48,905 : INFO : EventManager : Event: ======'player_turn_will_start'====== Args={'player': <Player 1>, 'number': 1}
2024-11-24 19:46:48,912 : INFO : EventManager : Event: ======'player_turn_starting'====== Args={'player': <Player 1>, 'number': 1}
2024-11-24 19:46:48,912 : INFO : EventManager : Event: ======'player_ball'====== Args={'value': 1, 'prev_value': 0, 'change': 1, 'player_num': 1}
2024-11-24 19:46:48,912 : INFO : EventManager : Event: ======'player_turn_started'====== Args={'player': <Player 1>, 'number': 1}
2024-11-24 19:46:48,913 : INFO : EventManager : Event: ======'ball_will_start'====== Args={'player': 1, 'ball': 1, 'balls_remaining': 2, 'is_extra_ball': False}
2024-11-24 19:46:48,913 : INFO : EventManager : Event: ======'ball_starting'====== Args={'player': 1, 'ball': 1, 'balls_remaining': 2, 'is_extra_ball': False}
2024-11-24 19:46:48,913 : INFO : EventManager : Event: ======'mode_base_will_start'====== Args={'queue': <QueuedEvent>, 'player': 1, 'ball': 1, 'balls_remaining': 2, 'is_extra_ball': False}
2024-11-24 19:46:48,913 : INFO : EventManager : Event: ======'player_shot_upper_pop_enabled'====== Args={'value': True, 'prev_value': 0, 'change': 1, 'player_num': 1}
2024-11-24 19:46:48,914 : INFO : EventManager : Event: ======'player_shot_lower_left_pop_enabled'====== Args={'value': True, 'prev_value': 0, 'change': 1, 'player_num': 1}
2024-11-24 19:46:48,914 : INFO : EventManager : Event: ======'player_shot_upper_left_pop_enabled'====== Args={'value': True, 'prev_value': 0, 'change': 1, 'player_num': 1}
2024-11-24 19:46:48,914 : INFO : EventManager : Event: ======'player_shot_10pt_enabled'====== Args={'value': True, 'prev_value': 0, 'change': 1, 'player_num': 1}
2024-11-24 19:46:48,915 : INFO : EventManager : Event: ======'player_shot_upper_1_enabled'====== Args={'value': True, 'prev_value': 0, 'change': 1, 'player_num': 1}
2024-11-24 19:46:48,915 : INFO : EventManager : Event: ======'player_shot_upper_2_enabled'====== Args={'value': True, 'prev_value': 0, 'change': 1, 'player_num': 1}
2024-11-24 19:46:48,915 : INFO : EventManager : Event: ======'player_shot_upper_3_enabled'====== Args={'value': True, 'prev_value': 0, 'change': 1, 'player_num': 1}
2024-11-24 19:46:48,916 : INFO : EventManager : Event: ======'player_shot_upper_4_enabled'====== Args={'value': True, 'prev_value': 0, 'change': 1, 'player_num': 1}
2024-11-24 19:46:48,916 : INFO : EventManager : Event: ======'player_shot_upper_1_drop_enabled'====== Args={'value': True, 'prev_value': 0, 'change': 1, 'player_num': 1}
2024-11-24 19:46:48,916 : INFO : EventManager : Event: ======'player_shot_upper_2_drop_enabled'====== Args={'value': True, 'prev_value': 0, 'change': 1, 'player_num': 1}
2024-11-24 19:46:48,917 : INFO : EventManager : Event: ======'player_shot_upper_3_drop_enabled'====== Args={'value': True, 'prev_value': 0, 'change': 1, 'player_num': 1}
2024-11-24 19:46:48,917 : INFO : EventManager : Event: ======'player_shot_upper_4_drop_enabled'====== Args={'value': True, 'prev_value': 0, 'change': 1, 'player_num': 1}
2024-11-24 19:46:48,917 : INFO : EventManager : Event: ======'player_shot_lower_1_drop_enabled'====== Args={'value': True, 'prev_value': 0, 'change': 1, 'player_num': 1}
2024-11-24 19:46:48,917 : INFO : EventManager : Event: ======'player_shot_lower_2_drop_enabled'====== Args={'value': True, 'prev_value': 0, 'change': 1, 'player_num': 1}
2024-11-24 19:46:48,918 : INFO : EventManager : Event: ======'player_shot_lower_3_drop_enabled'====== Args={'value': True, 'prev_value': 0, 'change': 1, 'player_num': 1}
2024-11-24 19:46:48,918 : INFO : EventManager : Event: ======'player_shot_lower_4_drop_enabled'====== Args={'value': True, 'prev_value': 0, 'change': 1, 'player_num': 1}
2024-11-24 19:46:48,918 : INFO : EventManager : Event: ======'player_shot_lower_5_drop_enabled'====== Args={'value': True, 'prev_value': 0, 'change': 1, 'player_num': 1}
2024-11-24 19:46:48,919 : INFO : EventManager : Event: ======'player_shot_lower_hole_enabled'====== Args={'value': True, 'prev_value': 0, 'change': 1, 'player_num': 1}
2024-11-24 19:46:48,919 : INFO : EventManager : Event: ======'player_shot_lower_left_enabled'====== Args={'value': True, 'prev_value': 0, 'change': 1, 'player_num': 1}
2024-11-24 19:46:48,919 : INFO : EventManager : Event: ======'player_shot_lower_right_enabled'====== Args={'value': True, 'prev_value': 0, 'change': 1, 'player_num': 1}
2024-11-24 19:46:48,920 : INFO : EventManager : Event: ======'player_shot_lower_pop_enabled'====== Args={'value': True, 'prev_value': 0, 'change': 1, 'player_num': 1}
2024-11-24 19:46:48,920 : INFO : EventManager : Event: ======'player_shot_lower_10pt_lower_enabled'====== Args={'value': True, 'prev_value': 0, 'change': 1, 'player_num': 1}
2024-11-24 19:46:48,920 : INFO : EventManager : Event: ======'player_shot_lower_10pt_drops_enabled'====== Args={'value': True, 'prev_value': 0, 'change': 1, 'player_num': 1}
2024-11-24 19:46:48,920 : INFO : EventManager : Event: ======'player_shot_lower_10pt_upper_enabled'====== Args={'value': True, 'prev_value': 0, 'change': 1, 'player_num': 1}
2024-11-24 19:46:48,921 : INFO : EventManager : Event: ======'player_shot_lower_slingshot_enabled'====== Args={'value': True, 'prev_value': 0, 'change': 1, 'player_num': 1}
2024-11-24 19:46:48,921 : INFO : EventManager : Event: ======'player_shot_lower_kick_target_enabled'====== Args={'value': True, 'prev_value': 0, 'change': 1, 'player_num': 1}
2024-11-24 19:46:48,921 : INFO : EventManager : Event: ======'player_shot_lower_rollover_enabled'====== Args={'value': True, 'prev_value': 0, 'change': 1, 'player_num': 1}
2024-11-24 19:46:48,922 : INFO : EventManager : Event: ======'player_shot_main_1_enabled'====== Args={'value': True, 'prev_value': 0, 'change': 1, 'player_num': 1}
2024-11-24 19:46:48,922 : INFO : EventManager : Event: ======'player_shot_main_2_enabled'====== Args={'value': True, 'prev_value': 0, 'change': 1, 'player_num': 1}
2024-11-24 19:46:48,922 : INFO : EventManager : Event: ======'player_shot_main_3_enabled'====== Args={'value': True, 'prev_value': 0, 'change': 1, 'player_num': 1}
2024-11-24 19:46:48,923 : INFO : EventManager : Event: ======'player_shot_main_4_enabled'====== Args={'value': True, 'prev_value': 0, 'change': 1, 'player_num': 1}
2024-11-24 19:46:48,923 : INFO : EventManager : Event: ======'player_shot_main_5_enabled'====== Args={'value': True, 'prev_value': 0, 'change': 1, 'player_num': 1}
2024-11-24 19:46:48,923 : INFO : EventManager : Event: ======'player_shot_main_slingshot_enabled'====== Args={'value': True, 'prev_value': 0, 'change': 1, 'player_num': 1}
2024-11-24 19:46:48,924 : INFO : EventManager : Event: ======'player_shot_right_outlane_enabled'====== Args={'value': True, 'prev_value': 0, 'change': 1, 'player_num': 1}
2024-11-24 19:46:48,924 : INFO : EventManager : Event: ======'player_shot_right_inlane_enabled'====== Args={'value': True, 'prev_value': 0, 'change': 1, 'player_num': 1}
2024-11-24 19:46:48,925 : INFO : EventManager : Event: ======'player_shot_left_inlane_enabled'====== Args={'value': True, 'prev_value': 0, 'change': 1, 'player_num': 1}
2024-11-24 19:46:48,925 : INFO : EventManager : Event: ======'player_shot_left_outlane_enabled'====== Args={'value': True, 'prev_value': 0, 'change': 1, 'player_num': 1}
2024-11-24 19:46:48,925 : INFO : EventManager : Event: ======'player_shot_standup_right_enabled'====== Args={'value': True, 'prev_value': 0, 'change': 1, 'player_num': 1}
2024-11-24 19:46:48,925 : INFO : EventManager : Event: ======'player_shot_right_kickout_enabled'====== Args={'value': True, 'prev_value': 0, 'change': 1, 'player_num': 1}
2024-11-24 19:46:48,926 : INFO : EventManager : Event: ======'player_shot_rollunder_enabled'====== Args={'value': True, 'prev_value': 0, 'change': 1, 'player_num': 1}
2024-11-24 19:46:48,927 : INFO : EventManager : Event: ======'player_shot_main_trough_1_enabled'====== Args={'value': True, 'prev_value': 0, 'change': 1, 'player_num': 1}
2024-11-24 19:46:48,927 : INFO : EventManager : Event: ======'player_shot_main_trough_2_enabled'====== Args={'value': True, 'prev_value': 0, 'change': 1, 'player_num': 1}
2024-11-24 19:46:48,927 : INFO : EventManager : Event: ======'player_shot_secret_passage_trough_enabled'====== Args={'value': True, 'prev_value': 0, 'change': 1, 'player_num': 1}
2024-11-24 19:46:48,928 : INFO : EventManager : Event: ======'player_shot_trapdoor_trough_enabled'====== Args={'value': True, 'prev_value': 0, 'change': 1, 'player_num': 1}
2024-11-24 19:46:48,931 : INFO : EventManager : Event: ======'mode_base_starting'====== Args={'queue': <QueuedEvent>, 'player': 1, 'ball': 1, 'balls_remaining': 2, 'is_extra_ball': False}
2024-11-24 19:46:48,931 : INFO : drop_target_bank.upper : All targets are already up. Will not reset bank.
2024-11-24 19:46:48,931 : INFO : drop_target_bank.lower : All targets are already up. Will not reset bank.
2024-11-24 19:46:48,931 : INFO : EventManager : Event: ======'balls_in_play'====== Args={'balls': 1}
2024-11-24 19:46:48,932 : INFO : EventManager : Event: ======'ball_started'====== Args={'player': 1, 'ball': 1, 'balls_remaining': 2, 'is_extra_ball': False}
2024-11-24 19:46:48,935 : INFO : EventManager : Event: ======'logicblock_attic_drop_counter_updated'====== Args={'value': 0, 'enabled': True}
2024-11-24 19:46:48,936 : INFO : EventManager : Event: ======'logicblock_attic_hits_updated'====== Args={'value': 0, 'enabled': True}
2024-11-24 19:46:48,936 : INFO : EventManager : Event: ======'logicblock_attic_drop_counter_updated'====== Args={'value': 0, 'enabled': True}
2024-11-24 19:46:48,936 : INFO : EventManager : Event: ======'logicblock_attic_hits_updated'====== Args={'value': 0, 'enabled': True}
2024-11-24 19:46:48,936 : INFO : Mode.base : Started. Priority: 100
2024-11-24 19:46:48,936 : INFO : EventManager : Event: ======'modes_active_modes_changed'====== Args={}
2024-11-24 19:46:48,936 : INFO : EventManager : Event: ======'mode_base_started'====== Args={'queue': <QueuedEvent>, 'player': 1, 'ball': 1, 'balls_remaining': 2, 'is_extra_ball': False}
2024-11-24 19:46:48,937 : INFO : EventManager : Event: ======'base_bonus_1000'====== Args={'queue': <QueuedEvent>, 'player': 1, 'ball': 1, 'balls_remaining': 2, 'is_extra_ball': False}
2024-11-24 19:46:48,937 : INFO : EventManager : Event: ======'player_base_bonus'====== Args={'value': 1000, 'prev_value': 0, 'change': 1000, 'player_num': 1, 'source': 'base'}
2024-11-24 19:46:48,939 : INFO : EventManager : Event: ======'single_player_ball_started'====== Args={}
2024-11-24 19:46:48,939 : INFO : EventManager : Event: ======'ball_start_target'====== Args={'target': 'playfield'}
2024-11-24 19:46:48,939 : INFO : ball_device.bd_drain : Setting up player-controlled eject. Balls: 1, Target: <playfield.playfield>, player_controlled_eject_event: None
2024-11-24 19:46:48,939 : INFO : ball_device.bd_drain : Adding 1 ball(s) to the eject_queue with target <playfield.playfield>.
2024-11-24 19:46:48,939 : INFO : EventManager : Event: ======'balldevice_balls_available'====== Args={}
2024-11-24 19:46:48,940 : INFO : ball_device.bd_drain : State: waiting_for_target_ready
2024-11-24 19:46:48,940 : INFO : EventManager : Event: ======'balldevice_bd_drain_ball_eject_attempt'====== Args={'balls': 1, 'target': <playfield.playfield>, 'source': <ball_device.bd_drain>, 'mechanical_eject': False, 'num_attempts': 0}
2024-11-24 19:46:48,940 : INFO : ball_device.bd_drain : State: ejecting
2024-11-24 19:46:48,940 : INFO : ball_device.bd_drain : Ejecting ball to <playfield.playfield>
2024-11-24 19:46:48,940 : INFO : EventManager : Event: ======'balldevice_bd_drain_ejecting_ball'====== Args={'balls': 1, 'target': <playfield.playfield>, 'source': <ball_device.bd_drain>, 'mechanical_eject': False, 'num_attempts': 0}
2024-11-24 19:46:48,941 : INFO : ball_device.bd_drain : Wait for ball to leave device
2024-11-24 19:46:48,941 : INFO : coil.c_main_outhole : Pulsing Driver for 60ms (1.0 pulse_power)
2024-11-24 19:46:48,960 : INFO : EventManager : Event: ======'slide_base_created'====== Args={'_from_bcp': True}
2024-11-24 19:46:48,961 : INFO : EventManager : Event: ======'slide_attract_scroll_inactive'====== Args={'is_removing': True, '_from_bcp': True}
2024-11-24 19:46:48,961 : INFO : EventManager : Event: ======'slide_base_active'====== Args={'original_context': 'base', 'original_calling_context': 'mode_base_started', 'priority': 100.0, 'queue': '<QueuedEvent>', 'player': 1.0, 'ball': 1.0, 'balls_remaining': 2.0, 'is_extra_ball': False, 'cmd': 'slides_play', '_from_bcp': True}
2024-11-24 19:46:48,961 : INFO : EventManager : Event: ======'slide_attract_scroll_removed'====== Args={'_from_bcp': True}
2024-11-24 19:46:49,465 : INFO : SwitchController : <<<<<<< 's_main_outhole' inactive >>>>>>>
2024-11-24 19:46:49,466 : INFO : ball_device.bd_drain : State: ball_left
2024-11-24 19:46:49,466 : INFO : ball_device.bd_drain : Ball left
2024-11-24 19:46:49,466 : INFO : ball_device.bd_drain : Wait for confirm with timeout 10.0
2024-11-24 19:46:51,646 : INFO : SwitchController : <<<<<<< 's_upper_1_drop' active >>>>>>>
2024-11-24 19:46:51,646 : INFO : EventManager : Event: ======'playfield_active'====== Args={'source': 'upper_1_drop'}
2024-11-24 19:46:51,647 : INFO : EventManager : Event: ======'s_upper_1_drop_active'====== Args={}
2024-11-24 19:46:51,647 : INFO : EventManager : Event: ======'playfield_active'====== Args={'source': 'u1_drop'}
2024-11-24 19:46:51,647 : INFO : EventManager : Event: ======'drop_target_u1_drop_down'====== Args={'device': <drop_target.u1_drop>}
2024-11-24 19:46:51,648 : INFO : EventManager : Event: ======'drop_target_bank_upper_mixed'====== Args={'prev_value': <DropTargetBankState.UP: 'up'>, 'down': 1}
2024-11-24 19:46:51,648 : INFO : EventManager : Event: ======'machine_var_audits_switches_s_upper_1_drop'====== Args={'value': 179, 'prev_value': 178, 'change': 1}
2024-11-24 19:46:51,649 : INFO : EventManager : Event: ======'player_shot_upper_1_drop'====== Args={'value': 1, 'prev_value': 0, 'change': 1, 'player_num': 1}
2024-11-24 19:46:51,653 : INFO : EventManager : Event: ======'machine_var_audits_shots_upper_1_drop'====== Args={'value': 170, 'prev_value': 169, 'change': 1}
2024-11-24 19:46:51,653 : INFO : EventManager : Event: ======'upper_1_drop_hit'====== Args={'profile': 'default', 'state': 'unlit', 'advancing': True}
2024-11-24 19:46:51,653 : INFO : EventManager : Event: ======'upper_1_drop_default_hit'====== Args={'profile': 'default', 'state': 'unlit', 'advancing': True}
2024-11-24 19:46:51,653 : INFO : EventManager : Event: ======'upper_1_drop_default_unlit_hit'====== Args={'profile': 'default', 'state': 'unlit', 'advancing': True}
2024-11-24 19:46:51,654 : INFO : EventManager : Event: ======'upper_1_drop_unlit_hit'====== Args={'profile': 'default', 'state': 'unlit', 'advancing': True}
2024-11-24 19:46:51,654 : INFO : EventManager : Event: ======'player_score'====== Args={'value': 3000, 'prev_value': 0, 'change': 3000, 'player_num': 1, 'source': 'base'}
2024-11-24 19:46:51,654 : INFO : EventManager : Event: ======'player_bonus_attic_drops'====== Args={'value': 1, 'prev_value': 0, 'change': 1, 'player_num': 1, 'source': 'base'}
2024-11-24 19:46:51,654 : INFO : EventManager : Event: ======'logicblock_attic_hits_updated'====== Args={'value': 1, 'enabled': True}
2024-11-24 19:46:51,654 : INFO : EventManager : Event: ======'counter_attic_hits_hit'====== Args={'count': 1, 'hits': 1, 'remaining': 10}
2024-11-24 19:46:51,654 : INFO : EventManager : Event: ======'logicblock_attic_hits_hit'====== Args={'count': 1, 'hits': 1, 'remaining': 10}
2024-11-24 19:46:51,657 : INFO : ball_device.bd_drain : Got eject confirm
2024-11-24 19:46:51,657 : INFO : ball_device.bd_drain : Eject successful
2024-11-24 19:46:51,657 : INFO : EventManager : Event: ======'balldevice_bd_drain_ball_eject_success'====== Args={'balls': 1, 'target': <playfield.playfield>}
2024-11-24 19:46:51,658 : INFO : EventManager : Event: ======'balldevice_playfield_ball_enter'====== Args={'new_balls': 1, 'unclaimed_balls': 1, 'device': <playfield.playfield>}
2024-11-24 19:46:51,658 : INFO : EventManager : Event: ======'playfield_ball_count_change'====== Args={'balls': 1, 'change': 1}
2024-11-24 19:46:51,661 : INFO : EventManager : Event: ======'balldevice_bd_drain_ball_count_changed'====== Args={'balls': 0}
2024-11-24 19:46:51,661 : INFO : ball_device.bd_drain : State: idle
2024-11-24 19:46:51,778 : INFO : SwitchController : <<<<<<< 's_upper_1_drop' inactive >>>>>>>
2024-11-24 19:46:51,778 : INFO : EventManager : Event: ======'drop_target_u1_drop_up'====== Args={'device': <drop_target.u1_drop>}
2024-11-24 19:46:51,778 : INFO : EventManager : Event: ======'drop_target_bank_upper_up'====== Args={}
2024-11-24 19:46:51,929 : INFO : SwitchController : <<<<<<< 's_upper_1_drop' active >>>>>>>
2024-11-24 19:46:51,929 : INFO : EventManager : Event: ======'s_upper_1_drop_active'====== Args={}
2024-11-24 19:46:51,930 : INFO : EventManager : Event: ======'drop_target_u1_drop_down'====== Args={'device': <drop_target.u1_drop>}
2024-11-24 19:46:51,930 : INFO : EventManager : Event: ======'drop_target_bank_upper_mixed'====== Args={'prev_value': <DropTargetBankState.UP: 'up'>, 'down': 1}
2024-11-24 19:46:51,931 : INFO : EventManager : Event: ======'machine_var_audits_switches_s_upper_1_drop'====== Args={'value': 180, 'prev_value': 179, 'change': 1}
2024-11-24 19:46:51,932 : INFO : EventManager : Event: ======'machine_var_audits_shots_upper_1_drop'====== Args={'value': 171, 'prev_value': 170, 'change': 1}
2024-11-24 19:46:51,932 : INFO : EventManager : Event: ======'upper_1_drop_hit'====== Args={'profile': 'default', 'state': 'lit', 'advancing': False}
2024-11-24 19:46:51,933 : INFO : EventManager : Event: ======'upper_1_drop_default_hit'====== Args={'profile': 'default', 'state': 'lit', 'advancing': False}
2024-11-24 19:46:51,933 : INFO : EventManager : Event: ======'upper_1_drop_default_lit_hit'====== Args={'profile': 'default', 'state': 'lit', 'advancing': False}
2024-11-24 19:46:51,933 : INFO : EventManager : Event: ======'upper_1_drop_lit_hit'====== Args={'profile': 'default', 'state': 'lit', 'advancing': False}
2024-11-24 19:46:51,933 : INFO : EventManager : Event: ======'player_score'====== Args={'value': 6000, 'prev_value': 3000, 'change': 3000, 'player_num': 1, 'source': 'base'}
2024-11-24 19:46:51,934 : INFO : EventManager : Event: ======'player_bonus_attic_drops'====== Args={'value': 2, 'prev_value': 1, 'change': 1, 'player_num': 1, 'source': 'base'}
2024-11-24 19:46:51,934 : INFO : EventManager : Event: ======'logicblock_attic_hits_updated'====== Args={'value': 2, 'enabled': True}
2024-11-24 19:46:51,934 : INFO : EventManager : Event: ======'counter_attic_hits_hit'====== Args={'count': 2, 'hits': 2, 'remaining': 9}
2024-11-24 19:46:51,934 : INFO : EventManager : Event: ======'logicblock_attic_hits_hit'====== Args={'count': 2, 'hits': 2, 'remaining': 9}
2024-11-24 19:46:52,046 : INFO : SwitchController : <<<<<<< 's_upper_1_drop' inactive >>>>>>>
2024-11-24 19:46:52,046 : INFO : EventManager : Event: ======'drop_target_u1_drop_up'====== Args={'device': <drop_target.u1_drop>}
2024-11-24 19:46:52,047 : INFO : EventManager : Event: ======'drop_target_bank_upper_up'====== Args={}
2024-11-24 19:46:52,263 : INFO : SwitchController : <<<<<<< 's_upper_1_drop' active >>>>>>>
2024-11-24 19:46:52,263 : INFO : EventManager : Event: ======'s_upper_1_drop_active'====== Args={}
2024-11-24 19:46:52,264 : INFO : EventManager : Event: ======'drop_target_u1_drop_down'====== Args={'device': <drop_target.u1_drop>}
2024-11-24 19:46:52,264 : INFO : EventManager : Event: ======'drop_target_bank_upper_mixed'====== Args={'prev_value': <DropTargetBankState.UP: 'up'>, 'down': 1}
2024-11-24 19:46:52,264 : INFO : EventManager : Event: ======'machine_var_audits_switches_s_upper_1_drop'====== Args={'value': 181, 'prev_value': 180, 'change': 1}
2024-11-24 19:46:52,265 : INFO : EventManager : Event: ======'machine_var_audits_shots_upper_1_drop'====== Args={'value': 172, 'prev_value': 171, 'change': 1}
2024-11-24 19:46:52,265 : INFO : EventManager : Event: ======'upper_1_drop_hit'====== Args={'profile': 'default', 'state': 'lit', 'advancing': False}
2024-11-24 19:46:52,266 : INFO : EventManager : Event: ======'upper_1_drop_default_hit'====== Args={'profile': 'default', 'state': 'lit', 'advancing': False}
2024-11-24 19:46:52,266 : INFO : EventManager : Event: ======'upper_1_drop_default_lit_hit'====== Args={'profile': 'default', 'state': 'lit', 'advancing': False}
2024-11-24 19:46:52,266 : INFO : EventManager : Event: ======'upper_1_drop_lit_hit'====== Args={'profile': 'default', 'state': 'lit', 'advancing': False}
2024-11-24 19:46:52,266 : INFO : EventManager : Event: ======'player_score'====== Args={'value': 9000, 'prev_value': 6000, 'change': 3000, 'player_num': 1, 'source': 'base'}
2024-11-24 19:46:52,266 : INFO : EventManager : Event: ======'player_bonus_attic_drops'====== Args={'value': 3, 'prev_value': 2, 'change': 1, 'player_num': 1, 'source': 'base'}
2024-11-24 19:46:52,267 : INFO : EventManager : Event: ======'logicblock_attic_hits_updated'====== Args={'value': 3, 'enabled': True}
2024-11-24 19:46:52,267 : INFO : EventManager : Event: ======'counter_attic_hits_hit'====== Args={'count': 3, 'hits': 3, 'remaining': 8}
2024-11-24 19:46:52,267 : INFO : EventManager : Event: ======'logicblock_attic_hits_hit'====== Args={'count': 3, 'hits': 3, 'remaining': 8}
2024-11-24 19:46:52,384 : INFO : SwitchController : <<<<<<< 's_upper_1_drop' inactive >>>>>>>
2024-11-24 19:46:52,384 : INFO : EventManager : Event: ======'drop_target_u1_drop_up'====== Args={'device': <drop_target.u1_drop>}
2024-11-24 19:46:52,385 : INFO : EventManager : Event: ======'drop_target_bank_upper_up'====== Args={}
2024-11-24 19:46:53,179 : INFO : SwitchController : <<<<<<< 's_main_trapdoor_trough' active >>>>>>>
2024-11-24 19:46:53,179 : INFO : EventManager : Event: ======'s_main_trapdoor_trough_active'====== Args={}
2024-11-24 19:46:53,180 : INFO : EventManager : Event: ======'sw_playfield_active'====== Args={}
2024-11-24 19:46:53,180 : INFO : EventManager : Event: ======'machine_var_audits_switches_s_main_trapdoor_trough'====== Args={'value': 7, 'prev_value': 6, 'change': 1}
2024-11-24 19:46:53,180 : INFO : EventManager : Event: ======'player_shot_trapdoor_trough'====== Args={'value': 1, 'prev_value': 0, 'change': 1, 'player_num': 1}
2024-11-24 19:46:53,181 : INFO : EventManager : Event: ======'machine_var_audits_shots_trapdoor_trough'====== Args={'value': 7, 'prev_value': 6, 'change': 1}
2024-11-24 19:46:53,181 : INFO : EventManager : Event: ======'trapdoor_trough_hit'====== Args={'profile': 'default', 'state': 'unlit', 'advancing': True}
2024-11-24 19:46:53,181 : INFO : EventManager : Event: ======'trapdoor_trough_default_hit'====== Args={'profile': 'default', 'state': 'unlit', 'advancing': True}
2024-11-24 19:46:53,181 : INFO : EventManager : Event: ======'trapdoor_trough_default_unlit_hit'====== Args={'profile': 'default', 'state': 'unlit', 'advancing': True}
2024-11-24 19:46:53,182 : INFO : EventManager : Event: ======'trapdoor_trough_unlit_hit'====== Args={'profile': 'default', 'state': 'unlit', 'advancing': True}
2024-11-24 19:46:53,182 : INFO : EventManager : Event: ======'player_bonus_multiplier'====== Args={'value': 2, 'prev_value': 1, 'change': 1, 'player_num': 1, 'source': 'base'}
2024-11-24 19:46:53,249 : INFO : SwitchController : <<<<<<< 's_main_trapdoor_trough' inactive >>>>>>>
2024-11-24 19:46:54,961 : INFO : SwitchController : <<<<<<< 's_main_outhole' active >>>>>>>
2024-11-24 19:46:54,961 : INFO : EventManager : Event: ======'machine_var_audits_switches_s_main_outhole'====== Args={'value': 550, 'prev_value': 549, 'change': 1}
2024-11-24 19:46:55,462 : INFO : EventManager : Event: ======'balldevice_bd_drain_ball_count_changed'====== Args={'balls': 1}
2024-11-24 19:46:55,462 : INFO : ball_device.bd_drain : Received unexpected ball
2024-11-24 19:46:55,463 : INFO : EventManager : Event: ======'balldevice_captured_from_playfield'====== Args={'balls': 1}
2024-11-24 19:46:55,463 : INFO : EventManager : Event: ======'sw_playfield_active'====== Args={'balls': 1}
2024-11-24 19:46:55,463 : INFO : EventManager : Event: ======'playfield_ball_count_change'====== Args={'balls': 0, 'change': -1}
2024-11-24 19:46:55,464 : INFO : EventManager : Event: ======'balldevice_bd_drain_ball_enter'====== Args={'new_balls': 1, 'unclaimed_balls': 1, 'new_available_balls': 1, 'device': <ball_device.bd_drain>}
2024-11-24 19:46:55,464 : INFO : EventManager : Event: ======'ball_drain'====== Args={'device': <ball_device.bd_drain>, 'balls': 1}
2024-11-24 19:46:55,465 : INFO : EventManager : Event: ======'ball_will_end'====== Args={}
2024-11-24 19:46:55,465 : INFO : EventManager : Event: ======'balldevice_balls_available'====== Args={}
2024-11-24 19:46:55,465 : INFO : EventManager : Event: ======'balldevice_bd_drain_ball_entered'====== Args={'new_balls': 1, 'device': <ball_device.bd_drain>}
2024-11-24 19:46:55,467 : INFO : EventManager : Event: ======'ball_ending'====== Args={}
2024-11-24 19:46:55,467 : INFO : EventManager : Event: ======'mode_bonus_will_start'====== Args={'queue': <QueuedEvent>}
2024-11-24 19:46:55,467 : INFO : EventManager : Event: ======'mode_bonus_starting'====== Args={'queue': <QueuedEvent>}
2024-11-24 19:46:55,468 : INFO : Mode.bonus : Started. Priority: 500
2024-11-24 19:46:55,468 : INFO : EventManager : Event: ======'modes_active_modes_changed'====== Args={}
2024-11-24 19:46:55,468 : INFO : EventManager : Event: ======'mode_bonus_started'====== Args={'queue': <QueuedEvent>}
2024-11-24 19:46:55,468 : INFO : EventManager : Event: ======'bonus_start'====== Args={}
2024-11-24 19:46:56,469 : INFO : Mode.bonus : Bonus Entry 'attic_bonus': score: 3000 player_score_entry: None=1
2024-11-24 19:46:56,470 : INFO : EventManager : Event: ======'bonus_entry'====== Args={'entry': 'attic_bonus', 'score': 3000, 'text': 'Attic Bonus Scores', 'bonus_score': 3000, 'hits': 1}
2024-11-24 19:46:57,470 : INFO : Mode.bonus : Bonus Entry 'cellar_bonus': score: 0 player_score_entry: None=1
2024-11-24 19:46:57,470 : INFO : EventManager : Event: ======'bonus_entry'====== Args={'entry': 'cellar_bonus', 'score': 0, 'text': 'Cellar Bonus Score', 'bonus_score': 3000, 'hits': 1}
2024-11-24 19:46:58,471 : INFO : EventManager : Event: ======'bonus_entry'====== Args={'entry': 'subtotal', 'text': 'Subtotal', 'score': 3000}
2024-11-24 19:46:59,472 : INFO : EventManager : Event: ======'bonus_entry'====== Args={'entry': 'multiplier', 'text': 'Multiplier', 'score': 2}
2024-11-24 19:47:00,473 : INFO : EventManager : Event: ======'player_score'====== Args={'value': 15000, 'prev_value': 9000, 'change': 6000, 'player_num': 1, 'source': 'bonus'}
2024-11-24 19:47:00,474 : INFO : EventManager : Event: ======'bonus_entry'====== Args={'entry': 'total', 'text': 'Total Bonus', 'score': 6000}
2024-11-24 19:47:01,474 : INFO : EventManager : Event: ======'player_bonus_multiplier'====== Args={'value': 1, 'prev_value': 2, 'change': -1, 'player_num': 1}
2024-11-24 19:47:01,475 : INFO : EventManager : Event: ======'mode_bonus_will_stop'====== Args={}
2024-11-24 19:47:01,475 : INFO : EventManager : Event: ======'mode_bonus_stopping'====== Args={}
2024-11-24 19:47:01,478 : INFO : EventManager : Event: ======'player_base_bonus'====== Args={'value': 0, 'prev_value': 1000, 'change': -1000, 'player_num': 1, 'source': 'bonus'}
2024-11-24 19:47:01,479 : INFO : EventManager : Event: ======'player_bonus_attic_drops'====== Args={'value': 0, 'prev_value': 3, 'change': -3, 'player_num': 1, 'source': 'bonus'}
2024-11-24 19:47:01,482 : INFO : Mode.bonus : Stopped.
2024-11-24 19:47:01,482 : INFO : EventManager : Event: ======'modes_active_modes_changed'====== Args={}
2024-11-24 19:47:01,482 : INFO : EventManager : Event: ======'mode_bonus_stopped'====== Args={}
2024-11-24 19:47:01,482 : INFO : EventManager : Event: ======'clear'====== Args={'key': 'bonus'}
2024-11-24 19:47:01,483 : INFO : EventManager : Event: ======'mode_base_will_stop'====== Args={}
2024-11-24 19:47:01,483 : INFO : EventManager : Event: ======'mode_base_stopping'====== Args={}
2024-11-24 19:47:01,483 : INFO : Mode.base : Stopped.
2024-11-24 19:47:01,483 : INFO : EventManager : Event: ======'modes_active_modes_changed'====== Args={}
2024-11-24 19:47:01,483 : INFO : EventManager : Event: ======'mode_base_stopped'====== Args={}
2024-11-24 19:47:01,483 : INFO : EventManager : Event: ======'clear'====== Args={'key': 'base'}
2024-11-24 19:47:01,485 : INFO : EventManager : Event: ======'ball_ended'====== Args={}
2024-11-24 19:47:01,487 : INFO : EventManager : Event: ======'player_turn_will_end'====== Args={'player': <Player 1>, 'number': 1}
2024-11-24 19:47:01,493 : INFO : EventManager : Event: ======'player_turn_ending'====== Args={'player': <Player 1>, 'number': 1}
2024-11-24 19:47:01,493 : INFO : EventManager : Event: ======'player_turn_ended'====== Args={'player': <Player 1>, 'number': 1}
2024-11-24 19:47:01,494 : INFO : EventManager : Event: ======'player_turn_will_start'====== Args={'player': <Player 1>, 'number': 1}
2024-11-24 19:47:01,495 : INFO : EventManager : Event: ======'player_turn_starting'====== Args={'player': <Player 1>, 'number': 1}
2024-11-24 19:47:01,495 : INFO : EventManager : Event: ======'player_ball'====== Args={'value': 2, 'prev_value': 1, 'change': 1, 'player_num': 1}
2024-11-24 19:47:01,495 : INFO : EventManager : Event: ======'player_turn_started'====== Args={'player': <Player 1>, 'number': 1}
2024-11-24 19:47:01,497 : INFO : EventManager : Event: ======'ball_will_start'====== Args={'player': 1, 'ball': 2, 'balls_remaining': 1, 'is_extra_ball': False}
2024-11-24 19:47:01,497 : INFO : EventManager : Event: ======'ball_starting'====== Args={'player': 1, 'ball': 2, 'balls_remaining': 1, 'is_extra_ball': False}
2024-11-24 19:47:01,497 : INFO : EventManager : Event: ======'mode_base_will_start'====== Args={'queue': <QueuedEvent>, 'player': 1, 'ball': 2, 'balls_remaining': 1, 'is_extra_ball': False}
2024-11-24 19:47:01,503 : INFO : EventManager : Event: ======'mode_base_starting'====== Args={'queue': <QueuedEvent>, 'player': 1, 'ball': 2, 'balls_remaining': 1, 'is_extra_ball': False}
2024-11-24 19:47:01,503 : INFO : drop_target_bank.upper : All targets are already up. Will not reset bank.
2024-11-24 19:47:01,503 : INFO : drop_target_bank.lower : All targets are already up. Will not reset bank.
2024-11-24 19:47:01,504 : INFO : EventManager : Event: ======'balls_in_play'====== Args={'balls': 1}
2024-11-24 19:47:01,504 : INFO : EventManager : Event: ======'ball_started'====== Args={'player': 1, 'ball': 2, 'balls_remaining': 1, 'is_extra_ball': False}
2024-11-24 19:47:01,504 : INFO : EventManager : Event: ======'logicblock_attic_drop_counter_updated'====== Args={'value': 0, 'enabled': True}
2024-11-24 19:47:01,504 : INFO : EventManager : Event: ======'logicblock_attic_hits_updated'====== Args={'value': 0, 'enabled': True}
2024-11-24 19:47:01,505 : INFO : EventManager : Event: ======'logicblock_attic_drop_counter_updated'====== Args={'value': 0, 'enabled': True}
2024-11-24 19:47:01,505 : INFO : EventManager : Event: ======'logicblock_attic_hits_updated'====== Args={'value': 0, 'enabled': True}
2024-11-24 19:47:01,505 : INFO : Mode.base : Started. Priority: 100
2024-11-24 19:47:01,505 : INFO : EventManager : Event: ======'modes_active_modes_changed'====== Args={}
2024-11-24 19:47:01,505 : INFO : EventManager : Event: ======'mode_base_started'====== Args={'queue': <QueuedEvent>, 'player': 1, 'ball': 2, 'balls_remaining': 1, 'is_extra_ball': False}
2024-11-24 19:47:01,506 : INFO : EventManager : Event: ======'base_bonus_200'====== Args={'queue': <QueuedEvent>, 'player': 1, 'ball': 2, 'balls_remaining': 1, 'is_extra_ball': False}
2024-11-24 19:47:01,507 : INFO : EventManager : Event: ======'player_base_bonus'====== Args={'value': 200, 'prev_value': 0, 'change': 200, 'player_num': 1, 'source': 'base'}
2024-11-24 19:47:01,508 : INFO : EventManager : Event: ======'single_player_ball_started'====== Args={}
2024-11-24 19:47:01,512 : INFO : EventManager : Event: ======'ball_start_target'====== Args={'target': 'playfield'}
2024-11-24 19:47:01,512 : INFO : EventManager : Event: ======'slide_base_created'====== Args={'_from_bcp': True}
2024-11-24 19:47:01,512 : INFO : EventManager : Event: ======'slide_base_inactive'====== Args={'is_removing': True, '_from_bcp': True}
2024-11-24 19:47:01,512 : INFO : EventManager : Event: ======'slide_base_active'====== Args={'original_context': 'base', 'original_calling_context': 'mode_base_started', 'priority': 100.0, 'queue': '<QueuedEvent>', 'player': 1.0, 'ball': 2.0, 'balls_remaining': 1.0, 'is_extra_ball': False, 'cmd': 'slides_play', '_from_bcp': True}
2024-11-24 19:47:01,512 : INFO : EventManager : Event: ======'slide_base_removed'====== Args={'_from_bcp': True}
2024-11-24 19:47:01,513 : INFO : ball_device.bd_drain : Setting up player-controlled eject. Balls: 1, Target: <playfield.playfield>, player_controlled_eject_event: None
2024-11-24 19:47:01,513 : INFO : ball_device.bd_drain : Adding 1 ball(s) to the eject_queue with target <playfield.playfield>.
2024-11-24 19:47:01,513 : INFO : EventManager : Event: ======'balldevice_balls_available'====== Args={}
2024-11-24 19:47:01,513 : INFO : ball_device.bd_drain : State: waiting_for_target_ready
2024-11-24 19:47:01,513 : INFO : EventManager : Event: ======'balldevice_bd_drain_ball_eject_attempt'====== Args={'balls': 1, 'target': <playfield.playfield>, 'source': <ball_device.bd_drain>, 'mechanical_eject': False, 'num_attempts': 0}
2024-11-24 19:47:01,514 : INFO : ball_device.bd_drain : State: ejecting
2024-11-24 19:47:01,514 : INFO : ball_device.bd_drain : Ejecting ball to <playfield.playfield>
2024-11-24 19:47:01,514 : INFO : EventManager : Event: ======'balldevice_bd_drain_ejecting_ball'====== Args={'balls': 1, 'target': <playfield.playfield>, 'source': <ball_device.bd_drain>, 'mechanical_eject': False, 'num_attempts': 0}
2024-11-24 19:47:01,514 : INFO : ball_device.bd_drain : Wait for ball to leave device
2024-11-24 19:47:01,514 : INFO : coil.c_main_outhole : Pulsing Driver for 60ms (1.0 pulse_power)
2024-11-24 19:47:02,609 : INFO : SwitchController : <<<<<<< 's_main_outhole' inactive >>>>>>>
2024-11-24 19:47:02,609 : INFO : ball_device.bd_drain : State: ball_left
2024-11-24 19:47:02,610 : INFO : ball_device.bd_drain : Ball left
2024-11-24 19:47:02,610 : INFO : ball_device.bd_drain : Wait for confirm with timeout 10.0
2024-11-24 19:47:12,611 : INFO : ball_device.bd_drain : State: failed_confirm
2024-11-24 19:47:12,611 : INFO : ball_device.bd_drain : Got timeout (10.0s) before confirm from <playfield.playfield>
2024-11-24 19:47:12,712 : INFO : ball_device.bd_drain : Confirming eject because target is playfield and ball did not return.
2024-11-24 19:47:12,712 : INFO : ball_device.bd_drain : Eject successful
2024-11-24 19:47:12,712 : INFO : EventManager : Event: ======'balldevice_bd_drain_ball_eject_success'====== Args={'balls': 1, 'target': <playfield.playfield>}
2024-11-24 19:47:12,712 : INFO : EventManager : Event: ======'balldevice_playfield_ball_enter'====== Args={'new_balls': 1, 'unclaimed_balls': 1, 'device': <playfield.playfield>}
2024-11-24 19:47:12,713 : INFO : EventManager : Event: ======'playfield_ball_count_change'====== Args={'balls': 1, 'change': 1}
2024-11-24 19:47:12,714 : INFO : EventManager : Event: ======'balldevice_bd_drain_ball_count_changed'====== Args={'balls': 0}
2024-11-24 19:47:12,714 : INFO : ball_device.bd_drain : State: idle
2024-11-24 19:47:19,861 : INFO : Machine : Shutting down...
2024-11-24 19:47:19,862 : INFO : EventManager : Event: ======'shutdown'====== Args={}
2024-11-24 19:47:19,864 : INFO : EventManager : Event: ======'mode_game_will_stop'====== Args={}
2024-11-24 19:47:19,864 : INFO : EventManager : Event: ======'mode_game_stopping'====== Args={}
2024-11-24 19:47:19,864 : INFO : EventManager : Event: ======'mode_base_will_stop'====== Args={}
2024-11-24 19:47:19,864 : INFO : EventManager : Event: ======'mode_base_stopping'====== Args={}
2024-11-24 19:47:19,865 : INFO : Mode.base : Stopped.
2024-11-24 19:47:19,865 : INFO : EventManager : Event: ======'modes_active_modes_changed'====== Args={}
2024-11-24 19:47:19,865 : INFO : EventManager : Event: ======'mode_base_stopped'====== Args={}
2024-11-24 19:47:19,865 : INFO : EventManager : Event: ======'clear'====== Args={'key': 'base'}
2024-11-24 19:47:19,867 : INFO : Mode.game : Stopped.
2024-11-24 19:47:19,867 : INFO : EventManager : Event: ======'modes_active_modes_changed'====== Args={}
2024-11-24 19:47:19,867 : INFO : EventManager : Event: ======'mode_game_stopped'====== Args={}
2024-11-24 19:47:19,867 : INFO : EventManager : Event: ======'clear'====== Args={'key': 'game'}
2024-11-24 19:47:19,870 : INFO : root : MPF run loop ended.
