2024-11-17 14:55:45,617 : INFO : root : Loading config.
2024-11-17 14:55:45,619 : INFO : YamlMultifileConfigLoader : Machine config file #1: config.yaml
2024-11-17 14:55:45,619 : INFO : ConfigProcessor : Loading config from cache: /tmp/248da7825a7099821037453685569d45.mpf_cache
2024-11-17 14:55:45,644 : INFO : ConfigProcessor : Loading config from cache: /tmp/95514865456cf95aac1ab02b2b9c91d4.mpf_cache
2024-11-17 14:55:45,644 : INFO : ConfigProcessor : Loading config from cache: /tmp/03ef85df1864fb5ef5b7e38cbf9eb8a8.mpf_cache
2024-11-17 14:55:45,644 : INFO : ConfigProcessor : Loading config from cache: /tmp/6dcc9600f5dbf9a99f5346cc5ca34ea9.mpf_cache
2024-11-17 14:55:45,645 : INFO : ConfigProcessor : Loading config from cache: /tmp/95514865456cf95aac1ab02b2b9c91d4.mpf_cache
2024-11-17 14:55:45,645 : INFO : ConfigProcessor : Loading config from cache: /tmp/2e5ac6493c6686883ff244e5da957f67.mpf_cache
2024-11-17 14:55:45,645 : INFO : Machine : Mission Pinball Framework Core Engine v0.80.0.dev5
2024-11-17 14:55:45,645 : INFO : Machine : Command line arguments: {'no_load_cache': False, 'create_config_cache': True, 'bcp': True, 'configfile': ['config.yaml'], 'force_assets_load': False, 'platform_integration_test': False, 'jsonlogging': False, 'logfile': 'logs/2024-11-17-14-55-45-mpf-caw-System-Product-Name.log', 'pause': False, 'production': False, 'text_ui': True, 'loglevel': 15, 'consoleloglevel': 20, 'force_platform': None, 'syslog_address': None, 'full_logfile_path': '/home/caw/pinball/hauntedhouse/logs/2024-11-17-14-55-45-mpf-caw-System-Product-Name.log'}
2024-11-17 14:55:45,645 : INFO : Machine : MPF path: /home/caw/miniconda3/envs/envp311/lib/python3.11/site-packages/mpf
2024-11-17 14:55:45,645 : INFO : Machine : Machine path: /home/caw/pinball/hauntedhouse
2024-11-17 14:55:45,645 : INFO : Machine : Platform: linux
2024-11-17 14:55:45,645 : INFO : Machine : Python executable location: /home/caw/miniconda3/envs/envp311/bin/python
2024-11-17 14:55:45,645 : INFO : Machine : Python version: 3.11.10 (64-bit)
2024-11-17 14:55:45,646 : INFO : Machine : Initializing MPF...
2024-11-17 14:55:45,673 : INFO : P-Roc : Connecting to P-ROC
2024-11-17 14:55:45,748 : INFO : P-Roc : Successfully connected to P-ROC/P3-ROC. Firmware Version: 2. Firmware Revision: 6. Hardware Board ID: 1
2024-11-17 14:55:45,748 : WARNING : P-Roc : Consider upgrading the firmware of your P/P3-Roc to at least 2.14. Your version contains known bugs. See: https://missionpinball.org/logs
2024-11-17 14:55:45,756 : INFO : EventManager : Event: ======'machine_var_p_roc_version'====== Args={'value': 2, 'prev_value': None, 'change': True}
2024-11-17 14:55:45,756 : INFO : EventManager : Event: ======'machine_var_p_roc_revision'====== Args={'value': 6, 'prev_value': None, 'change': True}
2024-11-17 14:55:45,756 : INFO : EventManager : Event: ======'machine_var_p_roc_hardware_version'====== Args={'value': 1, 'prev_value': None, 'change': True}
2024-11-17 14:55:45,756 : INFO : EventManager : Event: ======'machine_var_credits_string'====== Args={'value': 'FREE PLAY', 'prev_value': None, 'change': True}
2024-11-17 14:55:45,765 : INFO : EventManager : Event: ======'machine_var_master_volume'====== Args={'value': 0.5, 'prev_value': None, 'change': True}
2024-11-17 14:55:45,765 : INFO : EventManager : Event: ======'machine_var_player1_score'====== Args={'value': 81180, 'prev_value': None, 'change': True}
2024-11-17 14:55:45,765 : INFO : EventManager : Event: ======'machine_var_mpf_version'====== Args={'value': 'Mission Pinball Framework v0.80.0.dev5', 'prev_value': None, 'change': True}
2024-11-17 14:55:45,765 : INFO : EventManager : Event: ======'machine_var_mpf_extended_version'====== Args={'value': 'Mission Pinball Framework v0.80.0.dev5, Config version:6, Show version: 6, BCP version:1.1', 'prev_value': None, 'change': True}
2024-11-17 14:55:45,766 : INFO : EventManager : Event: ======'machine_var_python_version'====== Args={'value': '3.11.10', 'prev_value': None, 'change': True}
2024-11-17 14:55:45,767 : INFO : EventManager : Event: ======'machine_var_platform'====== Args={'value': 'Linux-6.8.0-48-generic-x86_64-with-glibc2.39', 'prev_value': None, 'change': True}
2024-11-17 14:55:45,767 : INFO : EventManager : Event: ======'machine_var_platform_system'====== Args={'value': 'Linux', 'prev_value': None, 'change': True}
2024-11-17 14:55:45,767 : INFO : EventManager : Event: ======'machine_var_platform_release'====== Args={'value': '6.8.0-48-generic', 'prev_value': None, 'change': True}
2024-11-17 14:55:45,767 : INFO : EventManager : Event: ======'machine_var_platform_version'====== Args={'value': '#48-Ubuntu SMP PREEMPT_DYNAMIC Fri Sep 27 14:04:52 UTC 2024', 'prev_value': None, 'change': True}
2024-11-17 14:55:45,767 : INFO : EventManager : Event: ======'machine_var_platform_machine'====== Args={'value': 'x86_64', 'prev_value': None, 'change': True}
2024-11-17 14:55:45,767 : INFO : EventManager : Event: ======'machine_var_log_file_path'====== Args={'value': '/home/caw/pinball/hauntedhouse/logs/2024-11-17-14-55-45-mpf-caw-System-Product-Name.log', 'prev_value': None, 'change': True}
2024-11-17 14:55:45,768 : INFO : EventManager : Event: ======'init_phase_1'====== Args={}
2024-11-17 14:55:45,801 : INFO : EventManager : Event: ======'drop_target_bank_upper_up'====== Args={}
2024-11-17 14:55:45,802 : INFO : EventManager : Event: ======'drop_target_bank_lower_up'====== Args={}
2024-11-17 14:55:45,802 : INFO : EventManager : Event: ======'init_phase_2'====== Args={}
2024-11-17 14:55:45,817 : INFO : SwitchController : Found active switch: (39, <Platform.P3-ROC>) <switch.s_main_outhole>
2024-11-17 14:55:45,822 : INFO : EventManager : Event: ======'bcp_connection_attempt'====== Args={'name': 'local_display', 'host': 'localhost', 'port': 5050}
2024-11-17 14:55:45,822 : INFO : BCPClientSocket : Connecting BCP to 'local_display' at localhost:5050...
2024-11-17 14:55:45,825 : INFO : BCPClientSocket : Connected BCP to 'local_display' localhost:5050
2024-11-17 14:55:45,825 : INFO : EventManager : Event: ======'bcp_clients_connected'====== Args={}
2024-11-17 14:55:45,826 : INFO : ball_device.bd_drain : BCH: Initial count: 1
2024-11-17 14:55:45,826 : INFO : ball_device.bd_drain : State: idle
2024-11-17 14:55:45,826 : INFO : ball_device.bd_lower_vuk : BCH: Initial count: 0
2024-11-17 14:55:45,826 : INFO : ball_device.bd_lower_vuk : State: idle
2024-11-17 14:55:45,826 : INFO : ball_device.bd_lower_kickout_special : BCH: Initial count: 0
2024-11-17 14:55:45,826 : INFO : ball_device.bd_lower_kickout_special : State: idle
2024-11-17 14:55:45,827 : INFO : ball_device.bd_main_vuk : BCH: Initial count: 0
2024-11-17 14:55:45,827 : INFO : ball_device.bd_main_vuk : State: idle
2024-11-17 14:55:45,827 : INFO : ball_device.bd_main_kickout_right : BCH: Initial count: 0
2024-11-17 14:55:45,827 : INFO : ball_device.bd_main_kickout_right : State: idle
2024-11-17 14:55:45,827 : INFO : ball_device.bd_main_kickout_lane : BCH: Initial count: 0
2024-11-17 14:55:45,827 : INFO : ball_device.bd_main_kickout_lane : State: idle
2024-11-17 14:55:45,832 : INFO : EventManager : Event: ======'init_phase_3'====== Args={}
2024-11-17 14:55:45,834 : INFO : EventManager : Event: ======'init_phase_4'====== Args={}
2024-11-17 14:55:45,835 : INFO : BallController : Initial balls found: 1
2024-11-17 14:55:45,835 : INFO : EventManager : Event: ======'machine_var_audits_events_game_ended'====== Args={'value': 65, 'prev_value': None, 'change': True}
2024-11-17 14:55:45,835 : INFO : EventManager : Event: ======'machine_var_audits_events_game_started'====== Args={'value': 127, 'prev_value': None, 'change': True}
2024-11-17 14:55:45,835 : INFO : EventManager : Event: ======'machine_var_audits_missing_switches_s_lower_10pt_lower'====== Args={'value': 1, 'prev_value': None, 'change': True}
2024-11-17 14:55:45,835 : INFO : EventManager : Event: ======'machine_var_audits_missing_switches_s_lower_1_drop'====== Args={'value': 1, 'prev_value': None, 'change': True}
2024-11-17 14:55:45,835 : INFO : EventManager : Event: ======'machine_var_audits_missing_switches_s_lower_3_drop'====== Args={'value': 1, 'prev_value': None, 'change': True}
2024-11-17 14:55:45,835 : INFO : EventManager : Event: ======'machine_var_audits_missing_switches_s_lower_4_drop'====== Args={'value': 13, 'prev_value': None, 'change': True}
2024-11-17 14:55:45,835 : INFO : EventManager : Event: ======'machine_var_audits_missing_switches_s_lower_5_drop'====== Args={'value': 1, 'prev_value': None, 'change': True}
2024-11-17 14:55:45,835 : INFO : EventManager : Event: ======'machine_var_audits_missing_switches_s_lower_bonus_right'====== Args={'value': 17, 'prev_value': None, 'change': True}
2024-11-17 14:55:45,836 : INFO : EventManager : Event: ======'machine_var_audits_missing_switches_s_lower_kick_target'====== Args={'value': 17, 'prev_value': None, 'change': True}
2024-11-17 14:55:45,836 : INFO : EventManager : Event: ======'machine_var_audits_missing_switches_s_lower_rollover'====== Args={'value': 1, 'prev_value': None, 'change': True}
2024-11-17 14:55:45,836 : INFO : EventManager : Event: ======'machine_var_audits_missing_switches_s_main_2_trough'====== Args={'value': 1, 'prev_value': None, 'change': True}
2024-11-17 14:55:45,836 : INFO : EventManager : Event: ======'machine_var_audits_missing_switches_s_main_5_target'====== Args={'value': 1, 'prev_value': None, 'change': True}
2024-11-17 14:55:45,836 : INFO : EventManager : Event: ======'machine_var_audits_missing_switches_s_main_inlane_left'====== Args={'value': 11, 'prev_value': None, 'change': True}
2024-11-17 14:55:45,836 : INFO : EventManager : Event: ======'machine_var_audits_missing_switches_s_main_kickout_right'====== Args={'value': 1, 'prev_value': None, 'change': True}
2024-11-17 14:55:45,836 : INFO : EventManager : Event: ======'machine_var_audits_missing_switches_s_main_outlane_left'====== Args={'value': 17, 'prev_value': None, 'change': True}
2024-11-17 14:55:45,836 : INFO : EventManager : Event: ======'machine_var_audits_missing_switches_s_main_trapdoor_trough'====== Args={'value': 17, 'prev_value': None, 'change': True}
2024-11-17 14:55:45,836 : INFO : EventManager : Event: ======'machine_var_audits_missing_switches_s_start'====== Args={'value': 1, 'prev_value': None, 'change': True}
2024-11-17 14:55:45,836 : INFO : EventManager : Event: ======'machine_var_audits_missing_switches_s_upper_10pt_center'====== Args={'value': 1, 'prev_value': None, 'change': True}
2024-11-17 14:55:45,836 : INFO : EventManager : Event: ======'machine_var_audits_missing_switches_s_upper_10pt_left'====== Args={'value': 1, 'prev_value': None, 'change': True}
2024-11-17 14:55:45,836 : INFO : EventManager : Event: ======'machine_var_audits_missing_switches_s_upper_1_drop'====== Args={'value': 1, 'prev_value': None, 'change': True}
2024-11-17 14:55:45,836 : INFO : EventManager : Event: ======'machine_var_audits_missing_switches_s_upper_2_drop'====== Args={'value': 1, 'prev_value': None, 'change': True}
2024-11-17 14:55:45,836 : INFO : EventManager : Event: ======'machine_var_audits_missing_switches_s_upper_2_target'====== Args={'value': 13, 'prev_value': None, 'change': True}
2024-11-17 14:55:45,836 : INFO : EventManager : Event: ======'machine_var_audits_missing_switches_s_upper_3_drop'====== Args={'value': 1, 'prev_value': None, 'change': True}
2024-11-17 14:55:45,836 : INFO : EventManager : Event: ======'machine_var_audits_missing_switches_s_upper_4_drop'====== Args={'value': 1, 'prev_value': None, 'change': True}
2024-11-17 14:55:45,837 : INFO : EventManager : Event: ======'machine_var_audits_missing_switches_s_upper_4_target'====== Args={'value': 13, 'prev_value': None, 'change': True}
2024-11-17 14:55:45,837 : INFO : EventManager : Event: ======'machine_var_audits_missing_switches_s_upper_pop'====== Args={'value': 1, 'prev_value': None, 'change': True}
2024-11-17 14:55:45,837 : INFO : EventManager : Event: ======'machine_var_audits_player_score'====== Args={'value': {'average': 30746, 'top': [211150, 162330, 120480, 114590, 92630, 81180, 78890, 76090, 75800, 75650], 'total': 68}, 'prev_value': None, 'change': True}
2024-11-17 14:55:45,837 : INFO : EventManager : Event: ======'machine_var_audits_shots_10pt'====== Args={'value': 240, 'prev_value': None, 'change': True}
2024-11-17 14:55:45,837 : INFO : EventManager : Event: ======'machine_var_audits_shots_left_inlane'====== Args={'value': 22, 'prev_value': None, 'change': True}
2024-11-17 14:55:45,837 : INFO : EventManager : Event: ======'machine_var_audits_shots_left_outlane'====== Args={'value': 11, 'prev_value': None, 'change': True}
2024-11-17 14:55:45,837 : INFO : EventManager : Event: ======'machine_var_audits_shots_lower_10pt_drops'====== Args={'value': 37, 'prev_value': None, 'change': True}
2024-11-17 14:55:45,837 : INFO : EventManager : Event: ======'machine_var_audits_shots_lower_10pt_lower'====== Args={'value': 12, 'prev_value': None, 'change': True}
2024-11-17 14:55:45,837 : INFO : EventManager : Event: ======'machine_var_audits_shots_lower_10pt_upper'====== Args={'value': 13, 'prev_value': None, 'change': True}
2024-11-17 14:55:45,837 : INFO : EventManager : Event: ======'machine_var_audits_shots_lower_1_drop'====== Args={'value': 44, 'prev_value': None, 'change': True}
2024-11-17 14:55:45,837 : INFO : EventManager : Event: ======'machine_var_audits_shots_lower_2_drop'====== Args={'value': 12, 'prev_value': None, 'change': True}
2024-11-17 14:55:45,837 : INFO : EventManager : Event: ======'machine_var_audits_shots_lower_3_drop'====== Args={'value': 12, 'prev_value': None, 'change': True}
2024-11-17 14:55:45,838 : INFO : EventManager : Event: ======'machine_var_audits_shots_lower_4_drop'====== Args={'value': 16, 'prev_value': None, 'change': True}
2024-11-17 14:55:45,838 : INFO : EventManager : Event: ======'machine_var_audits_shots_lower_5_drop'====== Args={'value': 17, 'prev_value': None, 'change': True}
2024-11-17 14:55:45,838 : INFO : EventManager : Event: ======'machine_var_audits_shots_lower_hole'====== Args={'value': 27, 'prev_value': None, 'change': True}
2024-11-17 14:55:45,838 : INFO : EventManager : Event: ======'machine_var_audits_shots_lower_kick_target'====== Args={'value': 2, 'prev_value': None, 'change': True}
2024-11-17 14:55:45,838 : INFO : EventManager : Event: ======'machine_var_audits_shots_lower_left'====== Args={'value': 11, 'prev_value': None, 'change': True}
2024-11-17 14:55:45,838 : INFO : EventManager : Event: ======'machine_var_audits_shots_lower_left_pop'====== Args={'value': 197, 'prev_value': None, 'change': True}
2024-11-17 14:55:45,838 : INFO : EventManager : Event: ======'machine_var_audits_shots_lower_pop'====== Args={'value': 28, 'prev_value': None, 'change': True}
2024-11-17 14:55:45,838 : INFO : EventManager : Event: ======'machine_var_audits_shots_lower_right'====== Args={'value': 4, 'prev_value': None, 'change': True}
2024-11-17 14:55:45,838 : INFO : EventManager : Event: ======'machine_var_audits_shots_lower_rollover'====== Args={'value': 30, 'prev_value': None, 'change': True}
2024-11-17 14:55:45,838 : INFO : EventManager : Event: ======'machine_var_audits_shots_lower_slingshot'====== Args={'value': 19, 'prev_value': None, 'change': True}
2024-11-17 14:55:45,838 : INFO : EventManager : Event: ======'machine_var_audits_shots_main_1'====== Args={'value': 30, 'prev_value': None, 'change': True}
2024-11-17 14:55:45,838 : INFO : EventManager : Event: ======'machine_var_audits_shots_main_2'====== Args={'value': 33, 'prev_value': None, 'change': True}
2024-11-17 14:55:45,838 : INFO : EventManager : Event: ======'machine_var_audits_shots_main_3'====== Args={'value': 26, 'prev_value': None, 'change': True}
2024-11-17 14:55:45,838 : INFO : EventManager : Event: ======'machine_var_audits_shots_main_4'====== Args={'value': 38, 'prev_value': None, 'change': True}
2024-11-17 14:55:45,839 : INFO : EventManager : Event: ======'machine_var_audits_shots_main_5'====== Args={'value': 23, 'prev_value': None, 'change': True}
2024-11-17 14:55:45,839 : INFO : EventManager : Event: ======'machine_var_audits_shots_main_slingshot'====== Args={'value': 42, 'prev_value': None, 'change': True}
2024-11-17 14:55:45,839 : INFO : EventManager : Event: ======'machine_var_audits_shots_main_trough_1'====== Args={'value': 16, 'prev_value': None, 'change': True}
2024-11-17 14:55:45,839 : INFO : EventManager : Event: ======'machine_var_audits_shots_right_inlane'====== Args={'value': 71, 'prev_value': None, 'change': True}
2024-11-17 14:55:45,839 : INFO : EventManager : Event: ======'machine_var_audits_shots_right_kickout'====== Args={'value': 33, 'prev_value': None, 'change': True}
2024-11-17 14:55:45,839 : INFO : EventManager : Event: ======'machine_var_audits_shots_right_outlane'====== Args={'value': 44, 'prev_value': None, 'change': True}
2024-11-17 14:55:45,839 : INFO : EventManager : Event: ======'machine_var_audits_shots_rollunder'====== Args={'value': 105, 'prev_value': None, 'change': True}
2024-11-17 14:55:45,839 : INFO : EventManager : Event: ======'machine_var_audits_shots_standup_right'====== Args={'value': 91, 'prev_value': None, 'change': True}
2024-11-17 14:55:45,839 : INFO : EventManager : Event: ======'machine_var_audits_shots_upper_1'====== Args={'value': 32, 'prev_value': None, 'change': True}
2024-11-17 14:55:45,839 : INFO : EventManager : Event: ======'machine_var_audits_shots_upper_1_drop'====== Args={'value': 50, 'prev_value': None, 'change': True}
2024-11-17 14:55:45,839 : INFO : EventManager : Event: ======'machine_var_audits_shots_upper_2'====== Args={'value': 58, 'prev_value': None, 'change': True}
2024-11-17 14:55:45,839 : INFO : EventManager : Event: ======'machine_var_audits_shots_upper_2_drop'====== Args={'value': 37, 'prev_value': None, 'change': True}
2024-11-17 14:55:45,840 : INFO : EventManager : Event: ======'machine_var_audits_shots_upper_3'====== Args={'value': 25, 'prev_value': None, 'change': True}
2024-11-17 14:55:45,840 : INFO : EventManager : Event: ======'machine_var_audits_shots_upper_3_drop'====== Args={'value': 54, 'prev_value': None, 'change': True}
2024-11-17 14:55:45,840 : INFO : EventManager : Event: ======'machine_var_audits_shots_upper_4'====== Args={'value': 20, 'prev_value': None, 'change': True}
2024-11-17 14:55:45,840 : INFO : EventManager : Event: ======'machine_var_audits_shots_upper_4_drop'====== Args={'value': 67, 'prev_value': None, 'change': True}
2024-11-17 14:55:45,840 : INFO : EventManager : Event: ======'machine_var_audits_shots_upper_left_pop'====== Args={'value': 65, 'prev_value': None, 'change': True}
2024-11-17 14:55:45,840 : INFO : EventManager : Event: ======'machine_var_audits_shots_upper_pop'====== Args={'value': 529, 'prev_value': None, 'change': True}
2024-11-17 14:55:45,840 : INFO : EventManager : Event: ======'machine_var_audits_switches_s_left_flipper1'====== Args={'value': 406, 'prev_value': None, 'change': True}
2024-11-17 14:55:45,840 : INFO : EventManager : Event: ======'machine_var_audits_switches_s_left_flipper2'====== Args={'value': 440, 'prev_value': None, 'change': True}
2024-11-17 14:55:45,840 : INFO : EventManager : Event: ======'machine_var_audits_switches_s_lower_10pt_UPPER'====== Args={'value': 0, 'prev_value': None, 'change': True}
2024-11-17 14:55:45,840 : INFO : EventManager : Event: ======'machine_var_audits_switches_s_lower_10pt_drops'====== Args={'value': 37, 'prev_value': None, 'change': True}
2024-11-17 14:55:45,841 : INFO : EventManager : Event: ======'machine_var_audits_switches_s_lower_10pt_lower'====== Args={'value': 12, 'prev_value': None, 'change': True}
2024-11-17 14:55:45,841 : INFO : EventManager : Event: ======'machine_var_audits_switches_s_lower_10pt_upper'====== Args={'value': 13, 'prev_value': None, 'change': True}
2024-11-17 14:55:45,841 : INFO : EventManager : Event: ======'machine_var_audits_switches_s_lower_1_drop'====== Args={'value': 399, 'prev_value': None, 'change': True}
2024-11-17 14:55:45,841 : INFO : EventManager : Event: ======'machine_var_audits_switches_s_lower_2_drop'====== Args={'value': 12, 'prev_value': None, 'change': True}
2024-11-17 14:55:45,841 : INFO : EventManager : Event: ======'machine_var_audits_switches_s_lower_3_drop'====== Args={'value': 12, 'prev_value': None, 'change': True}
2024-11-17 14:55:45,841 : INFO : EventManager : Event: ======'machine_var_audits_switches_s_lower_4_drop'====== Args={'value': 16, 'prev_value': None, 'change': True}
2024-11-17 14:55:45,841 : INFO : EventManager : Event: ======'machine_var_audits_switches_s_lower_5_drop'====== Args={'value': 17, 'prev_value': None, 'change': True}
2024-11-17 14:55:45,841 : INFO : EventManager : Event: ======'machine_var_audits_switches_s_lower_bonus_left'====== Args={'value': 11, 'prev_value': None, 'change': True}
2024-11-17 14:55:45,841 : INFO : EventManager : Event: ======'machine_var_audits_switches_s_lower_bonus_right'====== Args={'value': 4, 'prev_value': None, 'change': True}
2024-11-17 14:55:45,841 : INFO : EventManager : Event: ======'machine_var_audits_switches_s_lower_kick_target'====== Args={'value': 2, 'prev_value': None, 'change': True}
2024-11-17 14:55:45,841 : INFO : EventManager : Event: ======'machine_var_audits_switches_s_lower_kickout_special'====== Args={'value': 27, 'prev_value': None, 'change': True}
2024-11-17 14:55:45,841 : INFO : EventManager : Event: ======'machine_var_audits_switches_s_lower_pop'====== Args={'value': 28, 'prev_value': None, 'change': True}
2024-11-17 14:55:45,842 : INFO : EventManager : Event: ======'machine_var_audits_switches_s_lower_rollover'====== Args={'value': 58, 'prev_value': None, 'change': True}
2024-11-17 14:55:45,842 : INFO : EventManager : Event: ======'machine_var_audits_switches_s_lower_slingshot'====== Args={'value': 19, 'prev_value': None, 'change': True}
2024-11-17 14:55:45,842 : INFO : EventManager : Event: ======'machine_var_audits_switches_s_lower_vuk'====== Args={'value': 233, 'prev_value': None, 'change': True}
2024-11-17 14:55:45,842 : INFO : EventManager : Event: ======'machine_var_audits_switches_s_main_10pt_left'====== Args={'value': 33, 'prev_value': None, 'change': True}
2024-11-17 14:55:45,842 : INFO : EventManager : Event: ======'machine_var_audits_switches_s_main_1_target'====== Args={'value': 57, 'prev_value': None, 'change': True}
2024-11-17 14:55:45,842 : INFO : EventManager : Event: ======'machine_var_audits_switches_s_main_1_trough'====== Args={'value': 49, 'prev_value': None, 'change': True}
2024-11-17 14:55:45,842 : INFO : EventManager : Event: ======'machine_var_audits_switches_s_main_2_target'====== Args={'value': 56, 'prev_value': None, 'change': True}
2024-11-17 14:55:45,842 : INFO : EventManager : Event: ======'machine_var_audits_switches_s_main_2_trough'====== Args={'value': 62, 'prev_value': None, 'change': True}
2024-11-17 14:55:45,842 : INFO : EventManager : Event: ======'machine_var_audits_switches_s_main_3_target'====== Args={'value': 26, 'prev_value': None, 'change': True}
2024-11-17 14:55:45,842 : INFO : EventManager : Event: ======'machine_var_audits_switches_s_main_4_target'====== Args={'value': 54, 'prev_value': None, 'change': True}
2024-11-17 14:55:45,843 : INFO : EventManager : Event: ======'machine_var_audits_switches_s_main_5_target'====== Args={'value': 57, 'prev_value': None, 'change': True}
2024-11-17 14:55:45,843 : INFO : EventManager : Event: ======'machine_var_audits_switches_s_main_inlane_left'====== Args={'value': 25, 'prev_value': None, 'change': True}
2024-11-17 14:55:45,843 : INFO : EventManager : Event: ======'machine_var_audits_switches_s_main_inlane_right'====== Args={'value': 76, 'prev_value': None, 'change': True}
2024-11-17 14:55:45,843 : INFO : EventManager : Event: ======'machine_var_audits_switches_s_main_kickout_right'====== Args={'value': 131, 'prev_value': None, 'change': True}
2024-11-17 14:55:45,843 : INFO : EventManager : Event: ======'machine_var_audits_switches_s_main_lane_center'====== Args={'value': 104, 'prev_value': None, 'change': True}
2024-11-17 14:55:45,843 : INFO : EventManager : Event: ======'machine_var_audits_switches_s_main_outhole'====== Args={'value': 443, 'prev_value': None, 'change': True}
2024-11-17 14:55:45,843 : INFO : EventManager : Event: ======'machine_var_audits_switches_s_main_outlane_left'====== Args={'value': 18, 'prev_value': None, 'change': True}
2024-11-17 14:55:45,843 : INFO : EventManager : Event: ======'machine_var_audits_switches_s_main_outlane_right'====== Args={'value': 45, 'prev_value': None, 'change': True}
2024-11-17 14:55:45,843 : INFO : EventManager : Event: ======'machine_var_audits_switches_s_main_pop_bottom'====== Args={'value': 225, 'prev_value': None, 'change': True}
2024-11-17 14:55:45,844 : INFO : EventManager : Event: ======'machine_var_audits_switches_s_main_pop_top'====== Args={'value': 130, 'prev_value': None, 'change': True}
2024-11-17 14:55:45,844 : INFO : EventManager : Event: ======'machine_var_audits_switches_s_main_rollunder'====== Args={'value': 105, 'prev_value': None, 'change': True}
2024-11-17 14:55:45,844 : INFO : EventManager : Event: ======'machine_var_audits_switches_s_main_roundabout_rollunder'====== Args={'value': 52, 'prev_value': None, 'change': True}
2024-11-17 14:55:45,844 : INFO : EventManager : Event: ======'machine_var_audits_switches_s_main_secret_trough'====== Args={'value': 30, 'prev_value': None, 'change': True}
2024-11-17 14:55:45,844 : INFO : EventManager : Event: ======'machine_var_audits_switches_s_main_slingshot'====== Args={'value': 237, 'prev_value': None, 'change': True}
2024-11-17 14:55:45,844 : INFO : EventManager : Event: ======'machine_var_audits_switches_s_main_target_right'====== Args={'value': 144, 'prev_value': None, 'change': True}
2024-11-17 14:55:45,844 : INFO : EventManager : Event: ======'machine_var_audits_switches_s_main_trapdoor_trough'====== Args={'value': 0, 'prev_value': None, 'change': True}
2024-11-17 14:55:45,844 : INFO : EventManager : Event: ======'machine_var_audits_switches_s_main_vuk'====== Args={'value': 268, 'prev_value': None, 'change': True}
2024-11-17 14:55:45,845 : INFO : EventManager : Event: ======'machine_var_audits_switches_s_right_flipper1'====== Args={'value': 347, 'prev_value': None, 'change': True}
2024-11-17 14:55:45,845 : INFO : EventManager : Event: ======'machine_var_audits_switches_s_right_flipper2'====== Args={'value': 388, 'prev_value': None, 'change': True}
2024-11-17 14:55:45,845 : INFO : EventManager : Event: ======'machine_var_audits_switches_s_start'====== Args={'value': 7, 'prev_value': None, 'change': True}
2024-11-17 14:55:45,845 : INFO : EventManager : Event: ======'machine_var_audits_switches_s_upper_10pt_center'====== Args={'value': 192, 'prev_value': None, 'change': True}
2024-11-17 14:55:45,845 : INFO : EventManager : Event: ======'machine_var_audits_switches_s_upper_10pt_left'====== Args={'value': 124, 'prev_value': None, 'change': True}
2024-11-17 14:55:45,845 : INFO : EventManager : Event: ======'machine_var_audits_switches_s_upper_1_drop'====== Args={'value': 58, 'prev_value': None, 'change': True}
2024-11-17 14:55:45,846 : INFO : EventManager : Event: ======'machine_var_audits_switches_s_upper_1_target'====== Args={'value': 93, 'prev_value': None, 'change': True}
2024-11-17 14:55:45,846 : INFO : EventManager : Event: ======'machine_var_audits_switches_s_upper_2_drop'====== Args={'value': 54, 'prev_value': None, 'change': True}
2024-11-17 14:55:45,846 : INFO : EventManager : Event: ======'machine_var_audits_switches_s_upper_2_target'====== Args={'value': 144, 'prev_value': None, 'change': True}
2024-11-17 14:55:45,846 : INFO : EventManager : Event: ======'machine_var_audits_switches_s_upper_3_drop'====== Args={'value': 64, 'prev_value': None, 'change': True}
2024-11-17 14:55:45,846 : INFO : EventManager : Event: ======'machine_var_audits_switches_s_upper_3_target'====== Args={'value': 62, 'prev_value': None, 'change': True}
2024-11-17 14:55:45,846 : INFO : EventManager : Event: ======'machine_var_audits_switches_s_upper_4_drop'====== Args={'value': 85, 'prev_value': None, 'change': True}
2024-11-17 14:55:45,846 : INFO : EventManager : Event: ======'machine_var_audits_switches_s_upper_4_target'====== Args={'value': 58, 'prev_value': None, 'change': True}
2024-11-17 14:55:45,846 : INFO : EventManager : Event: ======'machine_var_audits_switches_s_upper_pop'====== Args={'value': 761, 'prev_value': None, 'change': True}
2024-11-17 14:55:45,847 : INFO : EventManager : Event: ======'init_phase_5'====== Args={}
2024-11-17 14:55:45,850 : INFO : EventManager : Event: ======'init_done'====== Args={}
2024-11-17 14:55:45,850 : INFO : EventManager : Event: ======'machine_reset_phase_1'====== Args={}
2024-11-17 14:55:45,854 : INFO : EventManager : Event: ======'machine_reset_phase_2'====== Args={}
2024-11-17 14:55:45,855 : INFO : EventManager : Event: ======'machine_reset_phase_3'====== Args={}
2024-11-17 14:55:45,855 : INFO : drop_target_bank.upper : All targets are already up. Will not reset bank.
2024-11-17 14:55:45,855 : INFO : drop_target_bank.lower : All targets are already up. Will not reset bank.
2024-11-17 14:55:45,855 : INFO : EventManager : Event: ======'reset_complete'====== Args={}
2024-11-17 14:55:45,855 : INFO : EventManager : Event: ======'mode_attract_will_start'====== Args={}
2024-11-17 14:55:45,855 : INFO : EventManager : Event: ======'mode_attract_starting'====== Args={}
2024-11-17 14:55:45,855 : INFO : Mode.attract : Started. Priority: 10
2024-11-17 14:55:45,855 : INFO : EventManager : Event: ======'modes_active_modes_changed'====== Args={}
2024-11-17 14:55:45,855 : INFO : EventManager : Event: ======'mode_attract_started'====== Args={}
2024-11-17 14:55:45,856 : INFO : EventManager : Event: ======'collecting_balls_complete'====== Args={}
2024-11-17 14:55:45,858 : INFO : Machine : Starting the main run loop with active modes: [<Mode.attract>]
2024-11-17 14:55:45,911 : INFO : EventManager : Event: ======'slide_attract_scroll_created'====== Args={'_from_bcp': True}
2024-11-17 14:55:45,952 : INFO : EventManager : Event: ======'slide__removed'====== Args={'_from_bcp': True}
2024-11-17 14:55:45,953 : INFO : EventManager : Event: ======'slide_attract_scroll_active'====== Args={'original_context': 'attract', 'original_calling_context': 'mode_attract_started', 'priority': 10.0, 'cmd': 'slides_play', '_from_bcp': True}
2024-11-17 14:55:49,417 : INFO : SwitchController : <<<<<<< 's_start' active >>>>>>>
2024-11-17 14:55:49,565 : INFO : SwitchController : <<<<<<< 's_start' inactive >>>>>>>
2024-11-17 14:55:49,566 : INFO : EventManager : Event: ======'request_to_start_game'====== Args={}
2024-11-17 14:55:49,566 : INFO : EventManager : Event: ======'game_start'====== Args={'buttons': [], 'hold_time': 0.148038250999889}
2024-11-17 14:55:49,566 : INFO : EventManager : Event: ======'mode_game_will_start'====== Args={'buttons': [], 'hold_time': 0.148038250999889}
2024-11-17 14:55:49,566 : INFO : EventManager : Event: ======'mode_game_starting'====== Args={'buttons': [], 'hold_time': 0.148038250999889}
2024-11-17 14:55:49,566 : INFO : EventManager : Event: ======'mode_attract_will_stop'====== Args={}
2024-11-17 14:55:49,566 : INFO : EventManager : Event: ======'mode_attract_stopping'====== Args={}
2024-11-17 14:55:49,566 : INFO : Mode.attract : Stopped.
2024-11-17 14:55:49,566 : INFO : EventManager : Event: ======'modes_active_modes_changed'====== Args={}
2024-11-17 14:55:49,567 : INFO : EventManager : Event: ======'mode_attract_stopped'====== Args={}
2024-11-17 14:55:49,567 : INFO : EventManager : Event: ======'clear'====== Args={'key': 'attract'}
2024-11-17 14:55:49,567 : INFO : Mode.game : Started. Priority: 20
2024-11-17 14:55:49,567 : INFO : EventManager : Event: ======'modes_active_modes_changed'====== Args={}
2024-11-17 14:55:49,567 : INFO : EventManager : Event: ======'mode_game_started'====== Args={'buttons': [], 'hold_time': 0.148038250999889}
2024-11-17 14:55:49,567 : INFO : EventManager : Event: ======'game_will_start'====== Args={}
2024-11-17 14:55:49,567 : INFO : EventManager : Event: ======'game_starting'====== Args={'game': <Mode.game>}
2024-11-17 14:55:49,568 : INFO : EventManager : Unordered handler for class <Auditor> on event game_ended with priority 1. Handlers: [RegisteredHandler(callback=<bound method Auditor.disable of <Auditor>>, priority=1, kwargs={}, key=UUID('4b387ea2-e59f-4f64-8196-dbb6d5f95da5'), condition=None, blocking_facility=None), RegisteredHandler(callback=<bound method Auditor._save_audits of <Auditor>>, priority=1, kwargs={}, key=UUID('5e1277c9-a106-4b6c-9aff-02987c1a6acf'), condition=None, blocking_facility=None)]. The order of those handlers is not defined and they will be executed in random order. This might lead to race conditions and potential bugs.
2024-11-17 14:55:49,568 : INFO : EventManager : Event: ======'player_add_request'====== Args={}
2024-11-17 14:55:49,568 : INFO : EventManager : Event: ======'player_will_add'====== Args={'number': 1}
2024-11-17 14:55:49,568 : INFO : EventManager : Event: ======'player_adding'====== Args={'player': <Player 1>, 'number': 1}
2024-11-17 14:55:49,568 : INFO : EventManager : Event: ======'player_added'====== Args={'player': <Player 1>, 'num': 1}
2024-11-17 14:55:49,568 : INFO : Mode.game : Player added successfully. Total players: 1
2024-11-17 14:55:49,568 : INFO : EventManager : Event: ======'player_index'====== Args={'value': 0, 'prev_value': 0, 'change': 0, 'player_num': 1}
2024-11-17 14:55:49,569 : INFO : EventManager : Event: ======'player_number'====== Args={'value': 1, 'prev_value': 1, 'change': 0, 'player_num': 1}
2024-11-17 14:55:49,569 : INFO : EventManager : Event: ======'player_bonusx'====== Args={'value': 1, 'prev_value': 1, 'change': 0, 'player_num': 1}
2024-11-17 14:55:49,569 : INFO : EventManager : Event: ======'player_score'====== Args={'value': 0, 'prev_value': 0, 'change': 0, 'player_num': 1}
2024-11-17 14:55:49,569 : INFO : EventManager : Event: ======'game_started'====== Args={}
2024-11-17 14:55:49,569 : INFO : EventManager : Event: ======'player_turn_will_start'====== Args={'player': <Player 1>, 'number': 1}
2024-11-17 14:55:49,569 : INFO : EventManager : Event: ======'player_turn_starting'====== Args={'player': <Player 1>, 'number': 1}
2024-11-17 14:55:49,569 : INFO : EventManager : Event: ======'player_ball'====== Args={'value': 1, 'prev_value': 0, 'change': 1, 'player_num': 1}
2024-11-17 14:55:49,570 : INFO : EventManager : Event: ======'player_turn_started'====== Args={'player': <Player 1>, 'number': 1}
2024-11-17 14:55:49,574 : INFO : EventManager : Event: ======'ball_will_start'====== Args={'player': 1, 'ball': 1, 'balls_remaining': 2, 'is_extra_ball': False}
2024-11-17 14:55:49,574 : INFO : EventManager : Event: ======'ball_starting'====== Args={'player': 1, 'ball': 1, 'balls_remaining': 2, 'is_extra_ball': False}
2024-11-17 14:55:49,575 : INFO : EventManager : Event: ======'mode_base_will_start'====== Args={'queue': <QueuedEvent>, 'player': 1, 'ball': 1, 'balls_remaining': 2, 'is_extra_ball': False}
2024-11-17 14:55:49,575 : INFO : EventManager : Event: ======'player_shot_upper_pop_enabled'====== Args={'value': True, 'prev_value': 0, 'change': 1, 'player_num': 1}
2024-11-17 14:55:49,575 : INFO : EventManager : Event: ======'player_shot_lower_left_pop_enabled'====== Args={'value': True, 'prev_value': 0, 'change': 1, 'player_num': 1}
2024-11-17 14:55:49,576 : INFO : EventManager : Event: ======'player_shot_upper_left_pop_enabled'====== Args={'value': True, 'prev_value': 0, 'change': 1, 'player_num': 1}
2024-11-17 14:55:49,576 : INFO : EventManager : Event: ======'player_shot_10pt_enabled'====== Args={'value': True, 'prev_value': 0, 'change': 1, 'player_num': 1}
2024-11-17 14:55:49,576 : INFO : EventManager : Event: ======'player_shot_upper_1_enabled'====== Args={'value': True, 'prev_value': 0, 'change': 1, 'player_num': 1}
2024-11-17 14:55:49,576 : INFO : EventManager : Event: ======'player_shot_upper_2_enabled'====== Args={'value': True, 'prev_value': 0, 'change': 1, 'player_num': 1}
2024-11-17 14:55:49,576 : INFO : EventManager : Event: ======'player_shot_upper_3_enabled'====== Args={'value': True, 'prev_value': 0, 'change': 1, 'player_num': 1}
2024-11-17 14:55:49,577 : INFO : EventManager : Event: ======'player_shot_upper_4_enabled'====== Args={'value': True, 'prev_value': 0, 'change': 1, 'player_num': 1}
2024-11-17 14:55:49,577 : INFO : EventManager : Event: ======'player_shot_upper_1_drop_enabled'====== Args={'value': True, 'prev_value': 0, 'change': 1, 'player_num': 1}
2024-11-17 14:55:49,577 : INFO : EventManager : Event: ======'player_shot_upper_2_drop_enabled'====== Args={'value': True, 'prev_value': 0, 'change': 1, 'player_num': 1}
2024-11-17 14:55:49,577 : INFO : EventManager : Event: ======'player_shot_upper_3_drop_enabled'====== Args={'value': True, 'prev_value': 0, 'change': 1, 'player_num': 1}
2024-11-17 14:55:49,577 : INFO : EventManager : Event: ======'player_shot_upper_4_drop_enabled'====== Args={'value': True, 'prev_value': 0, 'change': 1, 'player_num': 1}
2024-11-17 14:55:49,578 : INFO : EventManager : Event: ======'player_shot_lower_1_drop_enabled'====== Args={'value': True, 'prev_value': 0, 'change': 1, 'player_num': 1}
2024-11-17 14:55:49,578 : INFO : EventManager : Event: ======'player_shot_lower_2_drop_enabled'====== Args={'value': True, 'prev_value': 0, 'change': 1, 'player_num': 1}
2024-11-17 14:55:49,578 : INFO : EventManager : Event: ======'player_shot_lower_3_drop_enabled'====== Args={'value': True, 'prev_value': 0, 'change': 1, 'player_num': 1}
2024-11-17 14:55:49,578 : INFO : EventManager : Event: ======'player_shot_lower_4_drop_enabled'====== Args={'value': True, 'prev_value': 0, 'change': 1, 'player_num': 1}
2024-11-17 14:55:49,578 : INFO : EventManager : Event: ======'player_shot_lower_5_drop_enabled'====== Args={'value': True, 'prev_value': 0, 'change': 1, 'player_num': 1}
2024-11-17 14:55:49,578 : INFO : EventManager : Event: ======'player_shot_lower_hole_enabled'====== Args={'value': True, 'prev_value': 0, 'change': 1, 'player_num': 1}
2024-11-17 14:55:49,579 : INFO : EventManager : Event: ======'player_shot_lower_left_enabled'====== Args={'value': True, 'prev_value': 0, 'change': 1, 'player_num': 1}
2024-11-17 14:55:49,579 : INFO : EventManager : Event: ======'player_shot_lower_right_enabled'====== Args={'value': True, 'prev_value': 0, 'change': 1, 'player_num': 1}
2024-11-17 14:55:49,579 : INFO : EventManager : Event: ======'player_shot_lower_pop_enabled'====== Args={'value': True, 'prev_value': 0, 'change': 1, 'player_num': 1}
2024-11-17 14:55:49,579 : INFO : EventManager : Event: ======'player_shot_lower_10pt_lower_enabled'====== Args={'value': True, 'prev_value': 0, 'change': 1, 'player_num': 1}
2024-11-17 14:55:49,579 : INFO : EventManager : Event: ======'player_shot_lower_10pt_drops_enabled'====== Args={'value': True, 'prev_value': 0, 'change': 1, 'player_num': 1}
2024-11-17 14:55:49,579 : INFO : EventManager : Event: ======'player_shot_lower_10pt_upper_enabled'====== Args={'value': True, 'prev_value': 0, 'change': 1, 'player_num': 1}
2024-11-17 14:55:49,580 : INFO : EventManager : Event: ======'player_shot_lower_slingshot_enabled'====== Args={'value': True, 'prev_value': 0, 'change': 1, 'player_num': 1}
2024-11-17 14:55:49,580 : INFO : EventManager : Event: ======'player_shot_lower_kick_target_enabled'====== Args={'value': True, 'prev_value': 0, 'change': 1, 'player_num': 1}
2024-11-17 14:55:49,580 : INFO : EventManager : Event: ======'player_shot_lower_rollover_enabled'====== Args={'value': True, 'prev_value': 0, 'change': 1, 'player_num': 1}
2024-11-17 14:55:49,580 : INFO : EventManager : Event: ======'player_shot_main_1_enabled'====== Args={'value': True, 'prev_value': 0, 'change': 1, 'player_num': 1}
2024-11-17 14:55:49,580 : INFO : EventManager : Event: ======'player_shot_main_2_enabled'====== Args={'value': True, 'prev_value': 0, 'change': 1, 'player_num': 1}
2024-11-17 14:55:49,580 : INFO : EventManager : Event: ======'player_shot_main_3_enabled'====== Args={'value': True, 'prev_value': 0, 'change': 1, 'player_num': 1}
2024-11-17 14:55:49,581 : INFO : EventManager : Event: ======'player_shot_main_4_enabled'====== Args={'value': True, 'prev_value': 0, 'change': 1, 'player_num': 1}
2024-11-17 14:55:49,581 : INFO : EventManager : Event: ======'player_shot_main_5_enabled'====== Args={'value': True, 'prev_value': 0, 'change': 1, 'player_num': 1}
2024-11-17 14:55:49,581 : INFO : EventManager : Event: ======'player_shot_main_slingshot_enabled'====== Args={'value': True, 'prev_value': 0, 'change': 1, 'player_num': 1}
2024-11-17 14:55:49,581 : INFO : EventManager : Event: ======'player_shot_right_outlane_enabled'====== Args={'value': True, 'prev_value': 0, 'change': 1, 'player_num': 1}
2024-11-17 14:55:49,581 : INFO : EventManager : Event: ======'player_shot_right_inlane_enabled'====== Args={'value': True, 'prev_value': 0, 'change': 1, 'player_num': 1}
2024-11-17 14:55:49,582 : INFO : EventManager : Event: ======'player_shot_left_inlane_enabled'====== Args={'value': True, 'prev_value': 0, 'change': 1, 'player_num': 1}
2024-11-17 14:55:49,582 : INFO : EventManager : Event: ======'player_shot_left_outlane_enabled'====== Args={'value': True, 'prev_value': 0, 'change': 1, 'player_num': 1}
2024-11-17 14:55:49,582 : INFO : EventManager : Event: ======'player_shot_standup_right_enabled'====== Args={'value': True, 'prev_value': 0, 'change': 1, 'player_num': 1}
2024-11-17 14:55:49,582 : INFO : EventManager : Event: ======'player_shot_right_kickout_enabled'====== Args={'value': True, 'prev_value': 0, 'change': 1, 'player_num': 1}
2024-11-17 14:55:49,582 : INFO : EventManager : Event: ======'player_shot_rollunder_enabled'====== Args={'value': True, 'prev_value': 0, 'change': 1, 'player_num': 1}
2024-11-17 14:55:49,582 : INFO : EventManager : Event: ======'player_shot_main_trough_1_enabled'====== Args={'value': True, 'prev_value': 0, 'change': 1, 'player_num': 1}
2024-11-17 14:55:49,584 : INFO : EventManager : Event: ======'mode_base_starting'====== Args={'queue': <QueuedEvent>, 'player': 1, 'ball': 1, 'balls_remaining': 2, 'is_extra_ball': False}
2024-11-17 14:55:49,584 : INFO : drop_target_bank.upper : All targets are already up. Will not reset bank.
2024-11-17 14:55:49,584 : INFO : drop_target_bank.lower : All targets are already up. Will not reset bank.
2024-11-17 14:55:49,584 : INFO : Mode.base : Started. Priority: 100
2024-11-17 14:55:49,584 : INFO : EventManager : Event: ======'modes_active_modes_changed'====== Args={}
2024-11-17 14:55:49,584 : INFO : EventManager : Event: ======'mode_base_started'====== Args={'queue': <QueuedEvent>, 'player': 1, 'ball': 1, 'balls_remaining': 2, 'is_extra_ball': False}
2024-11-17 14:55:49,585 : INFO : EventManager : Event: ======'balls_in_play'====== Args={'balls': 1}
2024-11-17 14:55:49,585 : INFO : EventManager : Event: ======'ball_started'====== Args={'player': 1, 'ball': 1, 'balls_remaining': 2, 'is_extra_ball': False}
2024-11-17 14:55:49,590 : INFO : EventManager : Event: ======'single_player_ball_started'====== Args={}
2024-11-17 14:55:49,590 : INFO : EventManager : Event: ======'ball_start_target'====== Args={'target': 'playfield'}
2024-11-17 14:55:49,590 : INFO : ball_device.bd_drain : Setting up player-controlled eject. Balls: 1, Target: <playfield.playfield>, player_controlled_eject_event: None
2024-11-17 14:55:49,590 : INFO : ball_device.bd_drain : Adding 1 ball(s) to the eject_queue with target <playfield.playfield>.
2024-11-17 14:55:49,590 : INFO : EventManager : Event: ======'balldevice_balls_available'====== Args={}
2024-11-17 14:55:49,590 : INFO : ball_device.bd_drain : State: waiting_for_target_ready
2024-11-17 14:55:49,590 : INFO : EventManager : Event: ======'balldevice_bd_drain_ball_eject_attempt'====== Args={'balls': 1, 'target': <playfield.playfield>, 'source': <ball_device.bd_drain>, 'mechanical_eject': False, 'num_attempts': 0}
2024-11-17 14:55:49,591 : INFO : ball_device.bd_drain : State: ejecting
2024-11-17 14:55:49,591 : INFO : ball_device.bd_drain : Ejecting ball to <playfield.playfield>
2024-11-17 14:55:49,591 : INFO : EventManager : Event: ======'balldevice_bd_drain_ejecting_ball'====== Args={'balls': 1, 'target': <playfield.playfield>, 'source': <ball_device.bd_drain>, 'mechanical_eject': False, 'num_attempts': 0}
2024-11-17 14:55:49,591 : INFO : EventManager : Event: ======'slide_base_created'====== Args={'_from_bcp': True}
2024-11-17 14:55:49,591 : INFO : EventManager : Event: ======'slide_attract_scroll_inactive'====== Args={'is_removing': True, '_from_bcp': True}
2024-11-17 14:55:49,591 : INFO : EventManager : Event: ======'slide_base_active'====== Args={'original_context': 'base', 'original_calling_context': 'mode_base_started', 'priority': 100.0, 'queue': '<QueuedEvent>', 'player': 1.0, 'ball': 1.0, 'balls_remaining': 2.0, 'is_extra_ball': False, 'cmd': 'slides_play', '_from_bcp': True}
2024-11-17 14:55:49,591 : INFO : EventManager : Event: ======'slide_attract_scroll_removed'====== Args={'_from_bcp': True}
2024-11-17 14:55:49,591 : INFO : ball_device.bd_drain : Wait for ball to leave device
2024-11-17 14:55:49,591 : INFO : coil.c_main_outhole : Pulsing Driver for 60ms (1.0 pulse_power)
2024-11-17 14:55:49,669 : INFO : SwitchController : <<<<<<< 's_main_outhole' inactive >>>>>>>
2024-11-17 14:55:49,670 : INFO : ball_device.bd_drain : State: ball_left
2024-11-17 14:55:49,670 : INFO : ball_device.bd_drain : Ball left
2024-11-17 14:55:49,670 : INFO : ball_device.bd_drain : Wait for confirm with timeout 10.0
2024-11-17 14:55:59,671 : INFO : ball_device.bd_drain : State: failed_confirm
2024-11-17 14:55:59,671 : INFO : ball_device.bd_drain : Got timeout (10.0s) before confirm from <playfield.playfield>
2024-11-17 14:55:59,772 : INFO : ball_device.bd_drain : Confirming eject because target is playfield and ball did not return.
2024-11-17 14:55:59,772 : INFO : ball_device.bd_drain : Eject successful
2024-11-17 14:55:59,772 : INFO : EventManager : Event: ======'balldevice_bd_drain_ball_eject_success'====== Args={'balls': 1, 'target': <playfield.playfield>}
2024-11-17 14:55:59,772 : INFO : EventManager : Event: ======'balldevice_playfield_ball_enter'====== Args={'new_balls': 1, 'unclaimed_balls': 1, 'device': <playfield.playfield>}
2024-11-17 14:55:59,772 : INFO : EventManager : Event: ======'playfield_ball_count_change'====== Args={'balls': 1, 'change': 1}
2024-11-17 14:55:59,772 : INFO : EventManager : Event: ======'balldevice_bd_drain_ball_count_changed'====== Args={'balls': 0}
2024-11-17 14:55:59,772 : INFO : ball_device.bd_drain : State: idle
2024-11-17 14:56:11,333 : INFO : SwitchController : <<<<<<< 's_main_vuk' active >>>>>>>
2024-11-17 14:56:11,334 : INFO : EventManager : Event: ======'machine_var_audits_switches_s_main_vuk'====== Args={'value': 269, 'prev_value': 268, 'change': 1}
2024-11-17 14:56:11,371 : INFO : SwitchController : <<<<<<< 's_main_vuk' inactive >>>>>>>
2024-11-17 14:56:11,372 : INFO : SwitchController : <<<<<<< 's_main_vuk' active >>>>>>>
2024-11-17 14:56:11,372 : INFO : EventManager : Event: ======'machine_var_audits_switches_s_main_vuk'====== Args={'value': 270, 'prev_value': 269, 'change': 1}
2024-11-17 14:56:11,872 : INFO : EventManager : Event: ======'balldevice_bd_main_vuk_ball_count_changed'====== Args={'balls': 1}
2024-11-17 14:56:11,872 : INFO : ball_device.bd_main_vuk : Received unexpected ball
2024-11-17 14:56:11,872 : INFO : EventManager : Event: ======'balldevice_captured_from_playfield'====== Args={'balls': 1}
2024-11-17 14:56:11,872 : INFO : EventManager : Event: ======'sw_playfield_active'====== Args={'balls': 1}
2024-11-17 14:56:11,872 : INFO : EventManager : Event: ======'playfield_ball_count_change'====== Args={'balls': 0, 'change': -1}
2024-11-17 14:56:11,873 : INFO : EventManager : Event: ======'balldevice_bd_main_vuk_ball_enter'====== Args={'new_balls': 1, 'unclaimed_balls': 1, 'new_available_balls': 1, 'device': <ball_device.bd_main_vuk>}
2024-11-17 14:56:11,873 : INFO : ball_device.bd_main_vuk : Ejecting 1 unexpected balls using path deque([<ball_device.bd_main_vuk>, <playfield.playfield>])
2024-11-17 14:56:11,873 : INFO : EventManager : Event: ======'balldevice_balls_available'====== Args={}
2024-11-17 14:56:11,873 : INFO : EventManager : Event: ======'balldevice_balls_available'====== Args={}
2024-11-17 14:56:11,873 : INFO : EventManager : Event: ======'balldevice_bd_main_vuk_ball_entered'====== Args={'new_balls': 1, 'device': <ball_device.bd_main_vuk>}
2024-11-17 14:56:11,873 : INFO : ball_device.bd_main_vuk : State: waiting_for_target_ready
2024-11-17 14:56:11,873 : INFO : EventManager : Event: ======'balldevice_bd_main_vuk_ball_eject_attempt'====== Args={'balls': 1, 'target': <playfield.playfield>, 'source': <ball_device.bd_main_vuk>, 'mechanical_eject': False, 'num_attempts': 0}
2024-11-17 14:56:11,873 : INFO : ball_device.bd_main_vuk : State: ejecting
2024-11-17 14:56:11,873 : INFO : ball_device.bd_main_vuk : Ejecting ball to <playfield.playfield>
2024-11-17 14:56:11,873 : INFO : EventManager : Event: ======'balldevice_bd_main_vuk_ejecting_ball'====== Args={'balls': 1, 'target': <playfield.playfield>, 'source': <ball_device.bd_main_vuk>, 'mechanical_eject': False, 'num_attempts': 0}
2024-11-17 14:56:11,873 : INFO : ball_device.bd_main_vuk : Wait for ball to leave device
2024-11-17 14:56:11,873 : INFO : coil.c_main_vuk : Pulsing Driver for 75ms (1.0 pulse_power)
2024-11-17 14:56:11,902 : INFO : SwitchController : <<<<<<< 's_main_vuk' inactive >>>>>>>
2024-11-17 14:56:11,902 : INFO : ball_device.bd_main_vuk : State: ball_left
2024-11-17 14:56:11,902 : INFO : ball_device.bd_main_vuk : Ball left
2024-11-17 14:56:11,902 : INFO : ball_device.bd_main_vuk : Wait for confirm with timeout 1.0
2024-11-17 14:56:11,926 : WARNING : SwitchController : Received duplicate switch state 0 for switch s_main_vuk from the platform interface. Log Code: Log-SwitchController-1 (https://missionpinball.org/logs)
2024-11-17 14:56:12,320 : INFO : SwitchController : <<<<<<< 's_upper_10pt_center' active >>>>>>>
2024-11-17 14:56:12,320 : INFO : EventManager : Event: ======'playfield_active'====== Args={'source': '10pt'}
2024-11-17 14:56:12,320 : INFO : EventManager : Event: ======'s_upper_10pt_center_active'====== Args={}
2024-11-17 14:56:12,320 : INFO : EventManager : Event: ======'sw_playfield_active'====== Args={}
2024-11-17 14:56:12,320 : INFO : EventManager : Event: ======'machine_var_audits_switches_s_upper_10pt_center'====== Args={'value': 193, 'prev_value': 192, 'change': 1}
2024-11-17 14:56:12,321 : INFO : EventManager : Event: ======'player_shot_10pt'====== Args={'value': 1, 'prev_value': 0, 'change': 1, 'player_num': 1}
2024-11-17 14:56:12,321 : INFO : EventManager : Event: ======'machine_var_audits_shots_10pt'====== Args={'value': 241, 'prev_value': 240, 'change': 1}
2024-11-17 14:56:12,322 : INFO : EventManager : Event: ======'10pt_hit'====== Args={'profile': 'default', 'state': 'unlit', 'advancing': True}
2024-11-17 14:56:12,322 : INFO : EventManager : Event: ======'10pt_default_hit'====== Args={'profile': 'default', 'state': 'unlit', 'advancing': True}
2024-11-17 14:56:12,322 : INFO : EventManager : Event: ======'10pt_default_unlit_hit'====== Args={'profile': 'default', 'state': 'unlit', 'advancing': True}
2024-11-17 14:56:12,322 : INFO : EventManager : Event: ======'10pt_unlit_hit'====== Args={'profile': 'default', 'state': 'unlit', 'advancing': True}
2024-11-17 14:56:12,322 : INFO : EventManager : Event: ======'player_score'====== Args={'value': 30, 'prev_value': 0, 'change': 30, 'player_num': 1, 'source': 'base'}
2024-11-17 14:56:12,323 : INFO : EventManager : Event: ======'playfield_active'====== Args={'source': None}
2024-11-17 14:56:12,323 : INFO : ball_device.bd_main_vuk : Got eject confirm
2024-11-17 14:56:12,323 : INFO : ball_device.bd_main_vuk : Eject successful
2024-11-17 14:56:12,323 : INFO : EventManager : Event: ======'balldevice_bd_main_vuk_ball_eject_success'====== Args={'balls': 1, 'target': <playfield.playfield>}
2024-11-17 14:56:12,323 : INFO : EventManager : Event: ======'balldevice_playfield_ball_enter'====== Args={'new_balls': 1, 'unclaimed_balls': 1, 'device': <playfield.playfield>}
2024-11-17 14:56:12,323 : INFO : EventManager : Event: ======'playfield_ball_count_change'====== Args={'balls': 1, 'change': 1}
2024-11-17 14:56:12,323 : INFO : EventManager : Event: ======'balldevice_bd_main_vuk_ball_count_changed'====== Args={'balls': 0}
2024-11-17 14:56:12,346 : INFO : SwitchController : <<<<<<< 's_upper_10pt_center' inactive >>>>>>>
2024-11-17 14:56:12,402 : INFO : ball_device.bd_main_vuk : State: idle
2024-11-17 14:56:12,670 : INFO : SwitchController : <<<<<<< 's_right_flipper2' active >>>>>>>
2024-11-17 14:56:12,670 : INFO : EventManager : Event: ======'machine_var_audits_switches_s_right_flipper2'====== Args={'value': 389, 'prev_value': 388, 'change': 1}
2024-11-17 14:56:12,848 : INFO : SwitchController : <<<<<<< 's_right_flipper2' inactive >>>>>>>
2024-11-17 14:56:12,964 : INFO : SwitchController : <<<<<<< 's_left_flipper2' active >>>>>>>
2024-11-17 14:56:12,964 : INFO : EventManager : Event: ======'machine_var_audits_switches_s_left_flipper2'====== Args={'value': 441, 'prev_value': 440, 'change': 1}
2024-11-17 14:56:13,144 : INFO : SwitchController : <<<<<<< 's_left_flipper2' inactive >>>>>>>
2024-11-17 14:56:14,102 : INFO : SwitchController : <<<<<<< 's_upper_10pt_center' active >>>>>>>
2024-11-17 14:56:14,102 : INFO : EventManager : Event: ======'s_upper_10pt_center_active'====== Args={}
2024-11-17 14:56:14,102 : INFO : EventManager : Event: ======'sw_playfield_active'====== Args={}
2024-11-17 14:56:14,102 : INFO : EventManager : Event: ======'machine_var_audits_switches_s_upper_10pt_center'====== Args={'value': 194, 'prev_value': 193, 'change': 1}
2024-11-17 14:56:14,103 : INFO : EventManager : Event: ======'machine_var_audits_shots_10pt'====== Args={'value': 242, 'prev_value': 241, 'change': 1}
2024-11-17 14:56:14,103 : INFO : EventManager : Event: ======'10pt_hit'====== Args={'profile': 'default', 'state': 'lit', 'advancing': False}
2024-11-17 14:56:14,103 : INFO : EventManager : Event: ======'10pt_default_hit'====== Args={'profile': 'default', 'state': 'lit', 'advancing': False}
2024-11-17 14:56:14,103 : INFO : EventManager : Event: ======'10pt_default_lit_hit'====== Args={'profile': 'default', 'state': 'lit', 'advancing': False}
2024-11-17 14:56:14,103 : INFO : EventManager : Event: ======'10pt_lit_hit'====== Args={'profile': 'default', 'state': 'lit', 'advancing': False}
2024-11-17 14:56:14,103 : INFO : EventManager : Event: ======'player_score'====== Args={'value': 60, 'prev_value': 30, 'change': 30, 'player_num': 1, 'source': 'base'}
2024-11-17 14:56:14,116 : INFO : SwitchController : <<<<<<< 's_upper_10pt_center' inactive >>>>>>>
2024-11-17 14:56:15,160 : INFO : SwitchController : <<<<<<< 's_right_flipper2' active >>>>>>>
2024-11-17 14:56:15,160 : INFO : EventManager : Event: ======'machine_var_audits_switches_s_right_flipper2'====== Args={'value': 390, 'prev_value': 389, 'change': 1}
2024-11-17 14:56:15,330 : INFO : SwitchController : <<<<<<< 's_right_flipper2' inactive >>>>>>>
2024-11-17 14:56:15,460 : INFO : SwitchController : <<<<<<< 's_left_flipper2' active >>>>>>>
2024-11-17 14:56:15,460 : INFO : EventManager : Event: ======'machine_var_audits_switches_s_left_flipper2'====== Args={'value': 442, 'prev_value': 441, 'change': 1}
2024-11-17 14:56:15,682 : INFO : SwitchController : <<<<<<< 's_left_flipper2' inactive >>>>>>>
2024-11-17 14:56:16,455 : INFO : SwitchController : <<<<<<< 's_upper_2_target' active >>>>>>>
2024-11-17 14:56:16,455 : INFO : EventManager : Event: ======'s_upper_2_target_active'====== Args={}
2024-11-17 14:56:16,455 : INFO : EventManager : Event: ======'sw_playfield_active'====== Args={}
2024-11-17 14:56:16,455 : INFO : EventManager : Event: ======'machine_var_audits_switches_s_upper_2_target'====== Args={'value': 145, 'prev_value': 144, 'change': 1}
2024-11-17 14:56:16,455 : INFO : EventManager : Event: ======'player_shot_upper_2'====== Args={'value': 1, 'prev_value': 0, 'change': 1, 'player_num': 1}
2024-11-17 14:56:16,456 : INFO : EventManager : Event: ======'machine_var_audits_shots_upper_2'====== Args={'value': 59, 'prev_value': 58, 'change': 1}
2024-11-17 14:56:16,456 : INFO : EventManager : Event: ======'upper_2_hit'====== Args={'profile': 'default', 'state': 'unlit', 'advancing': True}
2024-11-17 14:56:16,456 : INFO : EventManager : Event: ======'upper_2_default_hit'====== Args={'profile': 'default', 'state': 'unlit', 'advancing': True}
2024-11-17 14:56:16,456 : INFO : EventManager : Event: ======'upper_2_default_unlit_hit'====== Args={'profile': 'default', 'state': 'unlit', 'advancing': True}
2024-11-17 14:56:16,456 : INFO : EventManager : Event: ======'upper_2_unlit_hit'====== Args={'profile': 'default', 'state': 'unlit', 'advancing': True}
2024-11-17 14:56:16,456 : INFO : EventManager : Event: ======'player_score'====== Args={'value': 560, 'prev_value': 60, 'change': 500, 'player_num': 1, 'source': 'base'}
2024-11-17 14:56:16,480 : INFO : SwitchController : <<<<<<< 's_upper_2_target' inactive >>>>>>>
2024-11-17 14:56:17,231 : INFO : SwitchController : <<<<<<< 's_left_flipper1' active >>>>>>>
2024-11-17 14:56:17,231 : INFO : EventManager : Event: ======'machine_var_audits_switches_s_left_flipper1'====== Args={'value': 407, 'prev_value': 406, 'change': 1}
2024-11-17 14:56:17,267 : WARNING : SwitchController : Received duplicate switch state 0 for switch s_main_outhole from the platform interface. Log Code: Log-SwitchController-1 (https://missionpinball.org/logs)
2024-11-17 14:56:17,427 : INFO : SwitchController : <<<<<<< 's_left_flipper1' inactive >>>>>>>
2024-11-17 14:56:17,647 : INFO : SwitchController : <<<<<<< 's_right_flipper2' active >>>>>>>
2024-11-17 14:56:17,647 : INFO : EventManager : Event: ======'machine_var_audits_switches_s_right_flipper2'====== Args={'value': 391, 'prev_value': 390, 'change': 1}
2024-11-17 14:56:17,817 : INFO : SwitchController : <<<<<<< 's_right_flipper2' inactive >>>>>>>
2024-11-17 14:56:18,771 : INFO : SwitchController : <<<<<<< 's_right_flipper2' active >>>>>>>
2024-11-17 14:56:18,771 : INFO : EventManager : Event: ======'machine_var_audits_switches_s_right_flipper2'====== Args={'value': 392, 'prev_value': 391, 'change': 1}
2024-11-17 14:56:18,961 : INFO : SwitchController : <<<<<<< 's_right_flipper2' inactive >>>>>>>
2024-11-17 14:56:21,825 : INFO : SwitchController : <<<<<<< 's_right_flipper2' active >>>>>>>
2024-11-17 14:56:21,825 : INFO : EventManager : Event: ======'machine_var_audits_switches_s_right_flipper2'====== Args={'value': 393, 'prev_value': 392, 'change': 1}
2024-11-17 14:56:22,015 : INFO : SwitchController : <<<<<<< 's_right_flipper2' inactive >>>>>>>
2024-11-17 14:56:22,039 : WARNING : SwitchController : Received duplicate switch state 0 for switch s_upper_2_target from the platform interface. Log Code: Log-SwitchController-1 (https://missionpinball.org/logs)
2024-11-17 14:56:22,073 : INFO : SwitchController : <<<<<<< 's_upper_1_target' active >>>>>>>
2024-11-17 14:56:22,073 : INFO : EventManager : Event: ======'s_upper_1_target_active'====== Args={}
2024-11-17 14:56:22,073 : INFO : EventManager : Event: ======'sw_playfield_active'====== Args={}
2024-11-17 14:56:22,073 : INFO : EventManager : Event: ======'machine_var_audits_switches_s_upper_1_target'====== Args={'value': 94, 'prev_value': 93, 'change': 1}
2024-11-17 14:56:22,074 : INFO : EventManager : Event: ======'player_shot_upper_1'====== Args={'value': 1, 'prev_value': 0, 'change': 1, 'player_num': 1}
2024-11-17 14:56:22,074 : INFO : EventManager : Event: ======'machine_var_audits_shots_upper_1'====== Args={'value': 33, 'prev_value': 32, 'change': 1}
2024-11-17 14:56:22,074 : INFO : EventManager : Event: ======'upper_1_hit'====== Args={'profile': 'default', 'state': 'unlit', 'advancing': True}
2024-11-17 14:56:22,074 : INFO : EventManager : Event: ======'upper_1_default_hit'====== Args={'profile': 'default', 'state': 'unlit', 'advancing': True}
2024-11-17 14:56:22,074 : INFO : EventManager : Event: ======'upper_1_default_unlit_hit'====== Args={'profile': 'default', 'state': 'unlit', 'advancing': True}
2024-11-17 14:56:22,074 : INFO : EventManager : Event: ======'upper_1_unlit_hit'====== Args={'profile': 'default', 'state': 'unlit', 'advancing': True}
2024-11-17 14:56:22,075 : INFO : EventManager : Event: ======'player_score'====== Args={'value': 1060, 'prev_value': 560, 'change': 500, 'player_num': 1, 'source': 'base'}
2024-11-17 14:56:22,087 : INFO : SwitchController : <<<<<<< 's_upper_1_target' inactive >>>>>>>
2024-11-17 14:56:24,182 : INFO : SwitchController : <<<<<<< 's_right_flipper2' active >>>>>>>
2024-11-17 14:56:24,182 : INFO : EventManager : Event: ======'machine_var_audits_switches_s_right_flipper2'====== Args={'value': 394, 'prev_value': 393, 'change': 1}
2024-11-17 14:56:24,332 : INFO : SwitchController : <<<<<<< 's_right_flipper2' inactive >>>>>>>
2024-11-17 14:56:24,552 : INFO : SwitchController : <<<<<<< 's_upper_1_target' active >>>>>>>
2024-11-17 14:56:24,552 : INFO : EventManager : Event: ======'s_upper_1_target_active'====== Args={}
2024-11-17 14:56:24,552 : INFO : EventManager : Event: ======'sw_playfield_active'====== Args={}
2024-11-17 14:56:24,552 : INFO : EventManager : Event: ======'machine_var_audits_switches_s_upper_1_target'====== Args={'value': 95, 'prev_value': 94, 'change': 1}
2024-11-17 14:56:24,552 : INFO : EventManager : Event: ======'machine_var_audits_shots_upper_1'====== Args={'value': 34, 'prev_value': 33, 'change': 1}
2024-11-17 14:56:24,553 : INFO : EventManager : Event: ======'upper_1_hit'====== Args={'profile': 'default', 'state': 'lit', 'advancing': False}
2024-11-17 14:56:24,553 : INFO : EventManager : Event: ======'upper_1_default_hit'====== Args={'profile': 'default', 'state': 'lit', 'advancing': False}
2024-11-17 14:56:24,553 : INFO : EventManager : Event: ======'upper_1_default_lit_hit'====== Args={'profile': 'default', 'state': 'lit', 'advancing': False}
2024-11-17 14:56:24,553 : INFO : EventManager : Event: ======'upper_1_lit_hit'====== Args={'profile': 'default', 'state': 'lit', 'advancing': False}
2024-11-17 14:56:24,553 : INFO : EventManager : Event: ======'player_score'====== Args={'value': 1560, 'prev_value': 1060, 'change': 500, 'player_num': 1, 'source': 'base'}
2024-11-17 14:56:24,578 : INFO : SwitchController : <<<<<<< 's_upper_1_target' inactive >>>>>>>
2024-11-17 14:56:24,912 : INFO : SwitchController : <<<<<<< 's_upper_pop' active >>>>>>>
2024-11-17 14:56:24,912 : INFO : EventManager : Event: ======'s_upper_pop_active'====== Args={}
2024-11-17 14:56:24,912 : INFO : EventManager : Event: ======'machine_var_audits_switches_s_upper_pop'====== Args={'value': 762, 'prev_value': 761, 'change': 1}
2024-11-17 14:56:24,913 : INFO : EventManager : Event: ======'player_shot_upper_pop'====== Args={'value': 1, 'prev_value': 0, 'change': 1, 'player_num': 1}
2024-11-17 14:56:24,913 : INFO : EventManager : Event: ======'machine_var_audits_shots_upper_pop'====== Args={'value': 530, 'prev_value': 529, 'change': 1}
2024-11-17 14:56:24,913 : INFO : EventManager : Event: ======'upper_pop_hit'====== Args={'profile': 'default', 'state': 'unlit', 'advancing': True}
2024-11-17 14:56:24,913 : INFO : EventManager : Event: ======'upper_pop_default_hit'====== Args={'profile': 'default', 'state': 'unlit', 'advancing': True}
2024-11-17 14:56:24,913 : INFO : EventManager : Event: ======'upper_pop_default_unlit_hit'====== Args={'profile': 'default', 'state': 'unlit', 'advancing': True}
2024-11-17 14:56:24,913 : INFO : EventManager : Event: ======'upper_pop_unlit_hit'====== Args={'profile': 'default', 'state': 'unlit', 'advancing': True}
2024-11-17 14:56:24,913 : INFO : EventManager : Event: ======'player_score'====== Args={'value': 2560, 'prev_value': 1560, 'change': 1000, 'player_num': 1, 'source': 'base'}
2024-11-17 14:56:24,928 : INFO : SwitchController : <<<<<<< 's_upper_pop' inactive >>>>>>>
2024-11-17 14:56:26,124 : INFO : SwitchController : <<<<<<< 's_right_flipper2' active >>>>>>>
2024-11-17 14:56:26,124 : INFO : EventManager : Event: ======'machine_var_audits_switches_s_right_flipper2'====== Args={'value': 395, 'prev_value': 394, 'change': 1}
2024-11-17 14:56:26,294 : INFO : SwitchController : <<<<<<< 's_right_flipper2' inactive >>>>>>>
2024-11-17 14:56:26,328 : INFO : SwitchController : <<<<<<< 's_left_flipper2' active >>>>>>>
2024-11-17 14:56:26,328 : INFO : EventManager : Event: ======'machine_var_audits_switches_s_left_flipper2'====== Args={'value': 443, 'prev_value': 442, 'change': 1}
2024-11-17 14:56:26,508 : INFO : SwitchController : <<<<<<< 's_left_flipper2' inactive >>>>>>>
2024-11-17 14:56:27,016 : INFO : SwitchController : <<<<<<< 's_upper_pop' active >>>>>>>
2024-11-17 14:56:27,016 : INFO : EventManager : Event: ======'s_upper_pop_active'====== Args={}
2024-11-17 14:56:27,016 : INFO : EventManager : Event: ======'machine_var_audits_switches_s_upper_pop'====== Args={'value': 763, 'prev_value': 762, 'change': 1}
2024-11-17 14:56:27,017 : INFO : EventManager : Event: ======'machine_var_audits_shots_upper_pop'====== Args={'value': 531, 'prev_value': 530, 'change': 1}
2024-11-17 14:56:27,017 : INFO : EventManager : Event: ======'upper_pop_hit'====== Args={'profile': 'default', 'state': 'lit', 'advancing': False}
2024-11-17 14:56:27,017 : INFO : EventManager : Event: ======'upper_pop_default_hit'====== Args={'profile': 'default', 'state': 'lit', 'advancing': False}
2024-11-17 14:56:27,017 : INFO : EventManager : Event: ======'upper_pop_default_lit_hit'====== Args={'profile': 'default', 'state': 'lit', 'advancing': False}
2024-11-17 14:56:27,017 : INFO : EventManager : Event: ======'upper_pop_lit_hit'====== Args={'profile': 'default', 'state': 'lit', 'advancing': False}
2024-11-17 14:56:27,017 : INFO : EventManager : Event: ======'player_score'====== Args={'value': 3560, 'prev_value': 2560, 'change': 1000, 'player_num': 1, 'source': 'base'}
2024-11-17 14:56:27,042 : INFO : SwitchController : <<<<<<< 's_upper_pop' inactive >>>>>>>
2024-11-17 14:56:27,232 : INFO : SwitchController : <<<<<<< 's_upper_3_drop' active >>>>>>>
2024-11-17 14:56:27,232 : INFO : EventManager : Event: ======'s_upper_3_drop_active'====== Args={}
2024-11-17 14:56:27,232 : INFO : EventManager : Event: ======'drop_target_u3_drop_down'====== Args={'device': <drop_target.u3_drop>}
2024-11-17 14:56:27,232 : INFO : EventManager : Event: ======'drop_target_bank_upper_mixed'====== Args={'prev_value': <DropTargetBankState.UP: 'up'>, 'down': 1}
2024-11-17 14:56:27,233 : INFO : EventManager : Event: ======'machine_var_audits_switches_s_upper_3_drop'====== Args={'value': 65, 'prev_value': 64, 'change': 1}
2024-11-17 14:56:27,233 : INFO : EventManager : Event: ======'player_shot_upper_3_drop'====== Args={'value': 1, 'prev_value': 0, 'change': 1, 'player_num': 1}
2024-11-17 14:56:27,233 : INFO : EventManager : Event: ======'machine_var_audits_shots_upper_3_drop'====== Args={'value': 55, 'prev_value': 54, 'change': 1}
2024-11-17 14:56:27,234 : INFO : EventManager : Event: ======'upper_3_drop_hit'====== Args={'profile': 'default', 'state': 'unlit', 'advancing': True}
2024-11-17 14:56:27,234 : INFO : EventManager : Event: ======'upper_3_drop_default_hit'====== Args={'profile': 'default', 'state': 'unlit', 'advancing': True}
2024-11-17 14:56:27,234 : INFO : EventManager : Event: ======'upper_3_drop_default_unlit_hit'====== Args={'profile': 'default', 'state': 'unlit', 'advancing': True}
2024-11-17 14:56:27,234 : INFO : EventManager : Event: ======'upper_3_drop_unlit_hit'====== Args={'profile': 'default', 'state': 'unlit', 'advancing': True}
2024-11-17 14:56:27,234 : INFO : EventManager : Event: ======'player_score'====== Args={'value': 6560, 'prev_value': 3560, 'change': 3000, 'player_num': 1, 'source': 'base'}
2024-11-17 14:56:28,250 : INFO : SwitchController : <<<<<<< 's_right_flipper2' active >>>>>>>
2024-11-17 14:56:28,251 : INFO : EventManager : Event: ======'machine_var_audits_switches_s_right_flipper2'====== Args={'value': 396, 'prev_value': 395, 'change': 1}
2024-11-17 14:56:28,503 : INFO : SwitchController : <<<<<<< 's_right_flipper2' inactive >>>>>>>
2024-11-17 14:56:28,527 : INFO : SwitchController : <<<<<<< 's_left_flipper2' active >>>>>>>
2024-11-17 14:56:28,527 : INFO : EventManager : Event: ======'machine_var_audits_switches_s_left_flipper2'====== Args={'value': 444, 'prev_value': 443, 'change': 1}
2024-11-17 14:56:28,697 : INFO : SwitchController : <<<<<<< 's_left_flipper2' inactive >>>>>>>
2024-11-17 14:56:28,897 : INFO : SwitchController : <<<<<<< 's_upper_4_drop' active >>>>>>>
2024-11-17 14:56:28,897 : INFO : EventManager : Event: ======'s_upper_4_drop_active'====== Args={}
2024-11-17 14:56:28,897 : INFO : EventManager : Event: ======'drop_target_u4_drop_down'====== Args={'device': <drop_target.u4_drop>}
2024-11-17 14:56:28,897 : INFO : EventManager : Event: ======'drop_target_bank_upper_mixed'====== Args={'prev_value': <DropTargetBankState.MIXED: 'mixed'>, 'down': 2}
2024-11-17 14:56:28,897 : INFO : EventManager : Event: ======'machine_var_audits_switches_s_upper_4_drop'====== Args={'value': 86, 'prev_value': 85, 'change': 1}
2024-11-17 14:56:28,898 : INFO : EventManager : Event: ======'player_shot_upper_4_drop'====== Args={'value': 1, 'prev_value': 0, 'change': 1, 'player_num': 1}
2024-11-17 14:56:28,898 : INFO : EventManager : Event: ======'machine_var_audits_shots_upper_4_drop'====== Args={'value': 68, 'prev_value': 67, 'change': 1}
2024-11-17 14:56:28,898 : INFO : EventManager : Event: ======'upper_4_drop_hit'====== Args={'profile': 'default', 'state': 'unlit', 'advancing': True}
2024-11-17 14:56:28,898 : INFO : EventManager : Event: ======'upper_4_drop_default_hit'====== Args={'profile': 'default', 'state': 'unlit', 'advancing': True}
2024-11-17 14:56:28,898 : INFO : EventManager : Event: ======'upper_4_drop_default_unlit_hit'====== Args={'profile': 'default', 'state': 'unlit', 'advancing': True}
2024-11-17 14:56:28,898 : INFO : EventManager : Event: ======'upper_4_drop_unlit_hit'====== Args={'profile': 'default', 'state': 'unlit', 'advancing': True}
2024-11-17 14:56:28,898 : INFO : EventManager : Event: ======'player_score'====== Args={'value': 9560, 'prev_value': 6560, 'change': 3000, 'player_num': 1, 'source': 'base'}
2024-11-17 14:56:29,117 : INFO : SwitchController : <<<<<<< 's_upper_pop' active >>>>>>>
2024-11-17 14:56:29,117 : INFO : EventManager : Event: ======'s_upper_pop_active'====== Args={}
2024-11-17 14:56:29,117 : INFO : EventManager : Event: ======'machine_var_audits_switches_s_upper_pop'====== Args={'value': 764, 'prev_value': 763, 'change': 1}
2024-11-17 14:56:29,117 : INFO : EventManager : Event: ======'machine_var_audits_shots_upper_pop'====== Args={'value': 532, 'prev_value': 531, 'change': 1}
2024-11-17 14:56:29,117 : INFO : EventManager : Event: ======'upper_pop_hit'====== Args={'profile': 'default', 'state': 'lit', 'advancing': False}
2024-11-17 14:56:29,118 : INFO : EventManager : Event: ======'upper_pop_default_hit'====== Args={'profile': 'default', 'state': 'lit', 'advancing': False}
2024-11-17 14:56:29,118 : INFO : EventManager : Event: ======'upper_pop_default_lit_hit'====== Args={'profile': 'default', 'state': 'lit', 'advancing': False}
2024-11-17 14:56:29,118 : INFO : EventManager : Event: ======'upper_pop_lit_hit'====== Args={'profile': 'default', 'state': 'lit', 'advancing': False}
2024-11-17 14:56:29,118 : INFO : EventManager : Event: ======'player_score'====== Args={'value': 10560, 'prev_value': 9560, 'change': 1000, 'player_num': 1, 'source': 'base'}
2024-11-17 14:56:29,140 : INFO : SwitchController : <<<<<<< 's_upper_pop' inactive >>>>>>>
2024-11-17 14:56:29,621 : INFO : SwitchController : <<<<<<< 's_left_flipper2' active >>>>>>>
2024-11-17 14:56:29,621 : INFO : EventManager : Event: ======'machine_var_audits_switches_s_left_flipper2'====== Args={'value': 445, 'prev_value': 444, 'change': 1}
2024-11-17 14:56:29,853 : INFO : SwitchController : <<<<<<< 's_left_flipper2' inactive >>>>>>>
2024-11-17 14:56:32,027 : INFO : SwitchController : <<<<<<< 's_right_flipper2' active >>>>>>>
2024-11-17 14:56:32,027 : INFO : EventManager : Event: ======'machine_var_audits_switches_s_right_flipper2'====== Args={'value': 397, 'prev_value': 396, 'change': 1}
2024-11-17 14:56:32,195 : INFO : SwitchController : <<<<<<< 's_right_flipper2' inactive >>>>>>>
2024-11-17 14:56:32,209 : INFO : SwitchController : <<<<<<< 's_upper_1_target' active >>>>>>>
2024-11-17 14:56:32,209 : INFO : EventManager : Event: ======'s_upper_1_target_active'====== Args={}
2024-11-17 14:56:32,209 : INFO : EventManager : Event: ======'sw_playfield_active'====== Args={}
2024-11-17 14:56:32,209 : INFO : EventManager : Event: ======'machine_var_audits_switches_s_upper_1_target'====== Args={'value': 96, 'prev_value': 95, 'change': 1}
2024-11-17 14:56:32,210 : INFO : EventManager : Event: ======'machine_var_audits_shots_upper_1'====== Args={'value': 35, 'prev_value': 34, 'change': 1}
2024-11-17 14:56:32,210 : INFO : EventManager : Event: ======'upper_1_hit'====== Args={'profile': 'default', 'state': 'lit', 'advancing': False}
2024-11-17 14:56:32,210 : INFO : EventManager : Event: ======'upper_1_default_hit'====== Args={'profile': 'default', 'state': 'lit', 'advancing': False}
2024-11-17 14:56:32,210 : INFO : EventManager : Event: ======'upper_1_default_lit_hit'====== Args={'profile': 'default', 'state': 'lit', 'advancing': False}
2024-11-17 14:56:32,210 : INFO : EventManager : Event: ======'upper_1_lit_hit'====== Args={'profile': 'default', 'state': 'lit', 'advancing': False}
2024-11-17 14:56:32,210 : INFO : EventManager : Event: ======'player_score'====== Args={'value': 11060, 'prev_value': 10560, 'change': 500, 'player_num': 1, 'source': 'base'}
2024-11-17 14:56:32,223 : INFO : SwitchController : <<<<<<< 's_upper_1_target' inactive >>>>>>>
2024-11-17 14:56:32,257 : WARNING : SwitchController : Received duplicate switch state 0 for switch s_upper_1_target from the platform interface. Log Code: Log-SwitchController-1 (https://missionpinball.org/logs)
2024-11-17 14:56:32,331 : INFO : SwitchController : <<<<<<< 's_upper_pop' active >>>>>>>
2024-11-17 14:56:32,331 : INFO : EventManager : Event: ======'s_upper_pop_active'====== Args={}
2024-11-17 14:56:32,331 : INFO : EventManager : Event: ======'machine_var_audits_switches_s_upper_pop'====== Args={'value': 765, 'prev_value': 764, 'change': 1}
2024-11-17 14:56:32,332 : INFO : EventManager : Event: ======'machine_var_audits_shots_upper_pop'====== Args={'value': 533, 'prev_value': 532, 'change': 1}
2024-11-17 14:56:32,332 : INFO : EventManager : Event: ======'upper_pop_hit'====== Args={'profile': 'default', 'state': 'lit', 'advancing': False}
2024-11-17 14:56:32,332 : INFO : EventManager : Event: ======'upper_pop_default_hit'====== Args={'profile': 'default', 'state': 'lit', 'advancing': False}
2024-11-17 14:56:32,332 : INFO : EventManager : Event: ======'upper_pop_default_lit_hit'====== Args={'profile': 'default', 'state': 'lit', 'advancing': False}
2024-11-17 14:56:32,332 : INFO : EventManager : Event: ======'upper_pop_lit_hit'====== Args={'profile': 'default', 'state': 'lit', 'advancing': False}
2024-11-17 14:56:32,332 : INFO : EventManager : Event: ======'player_score'====== Args={'value': 12060, 'prev_value': 11060, 'change': 1000, 'player_num': 1, 'source': 'base'}
2024-11-17 14:56:32,355 : INFO : SwitchController : <<<<<<< 's_upper_pop' inactive >>>>>>>
2024-11-17 14:56:32,473 : INFO : SwitchController : <<<<<<< 's_upper_4_target' active >>>>>>>
2024-11-17 14:56:32,473 : INFO : EventManager : Event: ======'s_upper_4_target_active'====== Args={}
2024-11-17 14:56:32,473 : INFO : EventManager : Event: ======'sw_playfield_active'====== Args={}
2024-11-17 14:56:32,473 : INFO : EventManager : Event: ======'machine_var_audits_switches_s_upper_4_target'====== Args={'value': 59, 'prev_value': 58, 'change': 1}
2024-11-17 14:56:32,474 : INFO : EventManager : Event: ======'player_shot_upper_4'====== Args={'value': 1, 'prev_value': 0, 'change': 1, 'player_num': 1}
2024-11-17 14:56:32,474 : INFO : EventManager : Event: ======'machine_var_audits_shots_upper_4'====== Args={'value': 21, 'prev_value': 20, 'change': 1}
2024-11-17 14:56:32,474 : INFO : EventManager : Event: ======'upper_4_hit'====== Args={'profile': 'default', 'state': 'unlit', 'advancing': True}
2024-11-17 14:56:32,474 : INFO : EventManager : Event: ======'upper_4_default_hit'====== Args={'profile': 'default', 'state': 'unlit', 'advancing': True}
2024-11-17 14:56:32,474 : INFO : EventManager : Event: ======'upper_4_default_unlit_hit'====== Args={'profile': 'default', 'state': 'unlit', 'advancing': True}
2024-11-17 14:56:32,474 : INFO : EventManager : Event: ======'upper_4_unlit_hit'====== Args={'profile': 'default', 'state': 'unlit', 'advancing': True}
2024-11-17 14:56:32,474 : INFO : EventManager : Event: ======'player_score'====== Args={'value': 12560, 'prev_value': 12060, 'change': 500, 'player_num': 1, 'source': 'base'}
2024-11-17 14:56:32,487 : INFO : SwitchController : <<<<<<< 's_upper_4_target' inactive >>>>>>>
2024-11-17 14:56:32,665 : INFO : SwitchController : <<<<<<< 's_upper_pop' active >>>>>>>
2024-11-17 14:56:32,665 : INFO : EventManager : Event: ======'s_upper_pop_active'====== Args={}
2024-11-17 14:56:32,665 : INFO : EventManager : Event: ======'machine_var_audits_switches_s_upper_pop'====== Args={'value': 766, 'prev_value': 765, 'change': 1}
2024-11-17 14:56:32,666 : INFO : EventManager : Event: ======'machine_var_audits_shots_upper_pop'====== Args={'value': 534, 'prev_value': 533, 'change': 1}
2024-11-17 14:56:32,666 : INFO : EventManager : Event: ======'upper_pop_hit'====== Args={'profile': 'default', 'state': 'lit', 'advancing': False}
2024-11-17 14:56:32,666 : INFO : EventManager : Event: ======'upper_pop_default_hit'====== Args={'profile': 'default', 'state': 'lit', 'advancing': False}
2024-11-17 14:56:32,666 : INFO : EventManager : Event: ======'upper_pop_default_lit_hit'====== Args={'profile': 'default', 'state': 'lit', 'advancing': False}
2024-11-17 14:56:32,666 : INFO : EventManager : Event: ======'upper_pop_lit_hit'====== Args={'profile': 'default', 'state': 'lit', 'advancing': False}
2024-11-17 14:56:32,666 : INFO : EventManager : Event: ======'player_score'====== Args={'value': 13560, 'prev_value': 12560, 'change': 1000, 'player_num': 1, 'source': 'base'}
2024-11-17 14:56:32,689 : INFO : SwitchController : <<<<<<< 's_upper_pop' inactive >>>>>>>
2024-11-17 14:56:33,129 : INFO : SwitchController : <<<<<<< 's_right_flipper2' active >>>>>>>
2024-11-17 14:56:33,129 : INFO : EventManager : Event: ======'machine_var_audits_switches_s_right_flipper2'====== Args={'value': 398, 'prev_value': 397, 'change': 1}
2024-11-17 14:56:33,331 : INFO : SwitchController : <<<<<<< 's_right_flipper2' inactive >>>>>>>
2024-11-17 14:56:34,159 : INFO : SwitchController : <<<<<<< 's_right_flipper2' active >>>>>>>
2024-11-17 14:56:34,159 : INFO : EventManager : Event: ======'machine_var_audits_switches_s_right_flipper2'====== Args={'value': 399, 'prev_value': 398, 'change': 1}
2024-11-17 14:56:34,349 : INFO : SwitchController : <<<<<<< 's_right_flipper2' inactive >>>>>>>
2024-11-17 14:56:36,548 : INFO : SwitchController : <<<<<<< 's_left_flipper2' active >>>>>>>
2024-11-17 14:56:36,548 : INFO : EventManager : Event: ======'machine_var_audits_switches_s_left_flipper2'====== Args={'value': 446, 'prev_value': 445, 'change': 1}
2024-11-17 14:56:36,728 : INFO : SwitchController : <<<<<<< 's_left_flipper2' inactive >>>>>>>
2024-11-17 14:56:36,752 : INFO : SwitchController : <<<<<<< 's_upper_pop' active >>>>>>>
2024-11-17 14:56:36,752 : INFO : EventManager : Event: ======'s_upper_pop_active'====== Args={}
2024-11-17 14:56:36,752 : INFO : EventManager : Event: ======'machine_var_audits_switches_s_upper_pop'====== Args={'value': 767, 'prev_value': 766, 'change': 1}
2024-11-17 14:56:36,752 : INFO : EventManager : Event: ======'machine_var_audits_shots_upper_pop'====== Args={'value': 535, 'prev_value': 534, 'change': 1}
2024-11-17 14:56:36,752 : INFO : EventManager : Event: ======'upper_pop_hit'====== Args={'profile': 'default', 'state': 'lit', 'advancing': False}
2024-11-17 14:56:36,753 : INFO : EventManager : Event: ======'upper_pop_default_hit'====== Args={'profile': 'default', 'state': 'lit', 'advancing': False}
2024-11-17 14:56:36,753 : INFO : EventManager : Event: ======'upper_pop_default_lit_hit'====== Args={'profile': 'default', 'state': 'lit', 'advancing': False}
2024-11-17 14:56:36,753 : INFO : EventManager : Event: ======'upper_pop_lit_hit'====== Args={'profile': 'default', 'state': 'lit', 'advancing': False}
2024-11-17 14:56:36,753 : INFO : EventManager : Event: ======'player_score'====== Args={'value': 14560, 'prev_value': 13560, 'change': 1000, 'player_num': 1, 'source': 'base'}
2024-11-17 14:56:36,788 : INFO : SwitchController : <<<<<<< 's_upper_pop' inactive >>>>>>>
2024-11-17 14:56:36,894 : INFO : SwitchController : <<<<<<< 's_upper_10pt_left' active >>>>>>>
2024-11-17 14:56:36,894 : INFO : EventManager : Event: ======'s_upper_10pt_left_active'====== Args={}
2024-11-17 14:56:36,894 : INFO : EventManager : Event: ======'sw_playfield_active'====== Args={}
2024-11-17 14:56:36,894 : INFO : EventManager : Event: ======'machine_var_audits_switches_s_upper_10pt_left'====== Args={'value': 125, 'prev_value': 124, 'change': 1}
2024-11-17 14:56:36,894 : INFO : EventManager : Event: ======'machine_var_audits_shots_10pt'====== Args={'value': 243, 'prev_value': 242, 'change': 1}
2024-11-17 14:56:36,895 : INFO : EventManager : Event: ======'10pt_hit'====== Args={'profile': 'default', 'state': 'lit', 'advancing': False}
2024-11-17 14:56:36,895 : INFO : EventManager : Event: ======'10pt_default_hit'====== Args={'profile': 'default', 'state': 'lit', 'advancing': False}
2024-11-17 14:56:36,895 : INFO : EventManager : Event: ======'10pt_default_lit_hit'====== Args={'profile': 'default', 'state': 'lit', 'advancing': False}
2024-11-17 14:56:36,895 : INFO : EventManager : Event: ======'10pt_lit_hit'====== Args={'profile': 'default', 'state': 'lit', 'advancing': False}
2024-11-17 14:56:36,895 : INFO : EventManager : Event: ======'player_score'====== Args={'value': 14590, 'prev_value': 14560, 'change': 30, 'player_num': 1, 'source': 'base'}
2024-11-17 14:56:36,930 : INFO : SwitchController : <<<<<<< 's_upper_10pt_left' inactive >>>>>>>
2024-11-17 14:56:37,934 : INFO : SwitchController : <<<<<<< 's_right_flipper2' active >>>>>>>
2024-11-17 14:56:37,934 : INFO : EventManager : Event: ======'machine_var_audits_switches_s_right_flipper2'====== Args={'value': 400, 'prev_value': 399, 'change': 1}
2024-11-17 14:56:38,062 : INFO : SwitchController : <<<<<<< 's_upper_4_target' active >>>>>>>
2024-11-17 14:56:38,062 : INFO : EventManager : Event: ======'s_upper_4_target_active'====== Args={}
2024-11-17 14:56:38,062 : INFO : EventManager : Event: ======'sw_playfield_active'====== Args={}
2024-11-17 14:56:38,062 : INFO : EventManager : Event: ======'machine_var_audits_switches_s_upper_4_target'====== Args={'value': 60, 'prev_value': 59, 'change': 1}
2024-11-17 14:56:38,063 : INFO : EventManager : Event: ======'machine_var_audits_shots_upper_4'====== Args={'value': 22, 'prev_value': 21, 'change': 1}
2024-11-17 14:56:38,063 : INFO : EventManager : Event: ======'upper_4_hit'====== Args={'profile': 'default', 'state': 'lit', 'advancing': False}
2024-11-17 14:56:38,063 : INFO : EventManager : Event: ======'upper_4_default_hit'====== Args={'profile': 'default', 'state': 'lit', 'advancing': False}
2024-11-17 14:56:38,063 : INFO : EventManager : Event: ======'upper_4_default_lit_hit'====== Args={'profile': 'default', 'state': 'lit', 'advancing': False}
2024-11-17 14:56:38,063 : INFO : EventManager : Event: ======'upper_4_lit_hit'====== Args={'profile': 'default', 'state': 'lit', 'advancing': False}
2024-11-17 14:56:38,063 : INFO : EventManager : Event: ======'player_score'====== Args={'value': 15090, 'prev_value': 14590, 'change': 500, 'player_num': 1, 'source': 'base'}
2024-11-17 14:56:38,076 : INFO : SwitchController : <<<<<<< 's_upper_4_target' inactive >>>>>>>
2024-11-17 14:56:38,132 : INFO : SwitchController : <<<<<<< 's_right_flipper2' inactive >>>>>>>
2024-11-17 14:56:41,965 : INFO : SwitchController : <<<<<<< 's_right_flipper2' active >>>>>>>
2024-11-17 14:56:41,965 : INFO : EventManager : Event: ======'machine_var_audits_switches_s_right_flipper2'====== Args={'value': 401, 'prev_value': 400, 'change': 1}
2024-11-17 14:56:41,965 : INFO : SwitchController : <<<<<<< 's_left_flipper2' active >>>>>>>
2024-11-17 14:56:41,965 : INFO : EventManager : Event: ======'machine_var_audits_switches_s_left_flipper2'====== Args={'value': 447, 'prev_value': 446, 'change': 1}
2024-11-17 14:56:42,185 : INFO : SwitchController : <<<<<<< 's_right_flipper2' inactive >>>>>>>
2024-11-17 14:56:42,185 : INFO : SwitchController : <<<<<<< 's_left_flipper2' inactive >>>>>>>
2024-11-17 14:56:42,755 : INFO : SwitchController : <<<<<<< 's_main_outhole' active >>>>>>>
2024-11-17 14:56:42,755 : INFO : EventManager : Event: ======'machine_var_audits_switches_s_main_outhole'====== Args={'value': 444, 'prev_value': 443, 'change': 1}
2024-11-17 14:56:42,801 : INFO : SwitchController : <<<<<<< 's_main_outhole' inactive >>>>>>>
2024-11-17 14:56:42,815 : INFO : SwitchController : <<<<<<< 's_main_outhole' active >>>>>>>
2024-11-17 14:56:42,815 : INFO : EventManager : Event: ======'machine_var_audits_switches_s_main_outhole'====== Args={'value': 445, 'prev_value': 444, 'change': 1}
2024-11-17 14:56:43,316 : INFO : EventManager : Event: ======'balldevice_bd_drain_ball_count_changed'====== Args={'balls': 1}
2024-11-17 14:56:43,316 : INFO : ball_device.bd_drain : Received unexpected ball
2024-11-17 14:56:43,316 : INFO : EventManager : Event: ======'balldevice_captured_from_playfield'====== Args={'balls': 1}
2024-11-17 14:56:43,316 : INFO : EventManager : Event: ======'sw_playfield_active'====== Args={'balls': 1}
2024-11-17 14:56:43,316 : INFO : EventManager : Event: ======'playfield_ball_count_change'====== Args={'balls': 0, 'change': -1}
2024-11-17 14:56:43,316 : INFO : EventManager : Event: ======'balldevice_bd_drain_ball_enter'====== Args={'new_balls': 1, 'unclaimed_balls': 1, 'new_available_balls': 1, 'device': <ball_device.bd_drain>}
2024-11-17 14:56:43,316 : INFO : EventManager : Event: ======'ball_drain'====== Args={'device': <ball_device.bd_drain>, 'balls': 1}
2024-11-17 14:56:43,316 : INFO : EventManager : Event: ======'ball_will_end'====== Args={}
2024-11-17 14:56:43,316 : INFO : EventManager : Event: ======'balldevice_balls_available'====== Args={}
2024-11-17 14:56:43,316 : INFO : EventManager : Event: ======'balldevice_bd_drain_ball_entered'====== Args={'new_balls': 1, 'device': <ball_device.bd_drain>}
2024-11-17 14:56:43,319 : INFO : EventManager : Event: ======'ball_ending'====== Args={}
2024-11-17 14:56:43,319 : INFO : EventManager : Event: ======'mode_base_will_stop'====== Args={}
2024-11-17 14:56:43,319 : INFO : EventManager : Event: ======'mode_base_stopping'====== Args={}
2024-11-17 14:56:43,319 : INFO : Mode.base : Stopped.
2024-11-17 14:56:43,320 : INFO : EventManager : Event: ======'modes_active_modes_changed'====== Args={}
2024-11-17 14:56:43,320 : INFO : EventManager : Event: ======'mode_base_stopped'====== Args={}
2024-11-17 14:56:43,320 : INFO : EventManager : Event: ======'clear'====== Args={'key': 'base'}
2024-11-17 14:56:43,321 : INFO : EventManager : Event: ======'ball_ended'====== Args={}
2024-11-17 14:56:43,323 : INFO : EventManager : Event: ======'player_turn_will_end'====== Args={'player': <Player 1>, 'number': 1}
2024-11-17 14:56:43,323 : INFO : EventManager : Event: ======'player_turn_ending'====== Args={'player': <Player 1>, 'number': 1}
2024-11-17 14:56:43,323 : INFO : EventManager : Event: ======'player_turn_ended'====== Args={'player': <Player 1>, 'number': 1}
2024-11-17 14:56:43,323 : INFO : EventManager : Event: ======'player_turn_will_start'====== Args={'player': <Player 1>, 'number': 1}
2024-11-17 14:56:43,323 : INFO : EventManager : Event: ======'player_turn_starting'====== Args={'player': <Player 1>, 'number': 1}
2024-11-17 14:56:43,324 : INFO : EventManager : Event: ======'player_ball'====== Args={'value': 2, 'prev_value': 1, 'change': 1, 'player_num': 1}
2024-11-17 14:56:43,324 : INFO : EventManager : Event: ======'player_turn_started'====== Args={'player': <Player 1>, 'number': 1}
2024-11-17 14:56:43,325 : INFO : EventManager : Event: ======'ball_will_start'====== Args={'player': 1, 'ball': 2, 'balls_remaining': 1, 'is_extra_ball': False}
2024-11-17 14:56:43,325 : INFO : EventManager : Event: ======'ball_starting'====== Args={'player': 1, 'ball': 2, 'balls_remaining': 1, 'is_extra_ball': False}
2024-11-17 14:56:43,325 : INFO : EventManager : Event: ======'mode_base_will_start'====== Args={'queue': <QueuedEvent>, 'player': 1, 'ball': 2, 'balls_remaining': 1, 'is_extra_ball': False}
2024-11-17 14:56:43,329 : INFO : EventManager : Event: ======'mode_base_starting'====== Args={'queue': <QueuedEvent>, 'player': 1, 'ball': 2, 'balls_remaining': 1, 'is_extra_ball': False}
2024-11-17 14:56:43,329 : INFO : drop_target_bank.upper : 2 targets are down. Will reset those.
2024-11-17 14:56:43,329 : INFO : coil.c_upper_drop : Pulsing Driver for 75ms (1.0 pulse_power)
2024-11-17 14:56:43,330 : INFO : drop_target_bank.lower : All targets are already up. Will not reset bank.
2024-11-17 14:56:43,330 : INFO : coil.c_upper_drop : Pulsing Driver for 75ms (1.0 pulse_power)
2024-11-17 14:56:43,330 : INFO : Mode.base : Started. Priority: 100
2024-11-17 14:56:43,330 : INFO : EventManager : Event: ======'modes_active_modes_changed'====== Args={}
2024-11-17 14:56:43,330 : INFO : EventManager : Event: ======'mode_base_started'====== Args={'queue': <QueuedEvent>, 'player': 1, 'ball': 2, 'balls_remaining': 1, 'is_extra_ball': False}
2024-11-17 14:56:43,330 : INFO : EventManager : Event: ======'balls_in_play'====== Args={'balls': 1}
2024-11-17 14:56:43,330 : INFO : EventManager : Event: ======'ball_started'====== Args={'player': 1, 'ball': 2, 'balls_remaining': 1, 'is_extra_ball': False}
2024-11-17 14:56:43,335 : INFO : EventManager : Event: ======'single_player_ball_started'====== Args={}
2024-11-17 14:56:43,335 : INFO : EventManager : Event: ======'ball_start_target'====== Args={'target': 'playfield'}
2024-11-17 14:56:43,335 : INFO : ball_device.bd_drain : Setting up player-controlled eject. Balls: 1, Target: <playfield.playfield>, player_controlled_eject_event: None
2024-11-17 14:56:43,335 : INFO : ball_device.bd_drain : Adding 1 ball(s) to the eject_queue with target <playfield.playfield>.
2024-11-17 14:56:43,336 : INFO : EventManager : Event: ======'balldevice_balls_available'====== Args={}
2024-11-17 14:56:43,336 : INFO : ball_device.bd_drain : State: waiting_for_target_ready
2024-11-17 14:56:43,336 : INFO : EventManager : Event: ======'balldevice_bd_drain_ball_eject_attempt'====== Args={'balls': 1, 'target': <playfield.playfield>, 'source': <ball_device.bd_drain>, 'mechanical_eject': False, 'num_attempts': 0}
2024-11-17 14:56:43,336 : INFO : ball_device.bd_drain : State: ejecting
2024-11-17 14:56:43,336 : INFO : ball_device.bd_drain : Ejecting ball to <playfield.playfield>
2024-11-17 14:56:43,336 : INFO : EventManager : Event: ======'balldevice_bd_drain_ejecting_ball'====== Args={'balls': 1, 'target': <playfield.playfield>, 'source': <ball_device.bd_drain>, 'mechanical_eject': False, 'num_attempts': 0}
2024-11-17 14:56:43,336 : INFO : ball_device.bd_drain : Wait for ball to leave device
2024-11-17 14:56:43,339 : INFO : EventManager : Event: ======'slide_base_created'====== Args={'_from_bcp': True}
2024-11-17 14:56:43,340 : INFO : EventManager : Event: ======'slide_base_inactive'====== Args={'is_removing': True, '_from_bcp': True}
2024-11-17 14:56:43,340 : INFO : EventManager : Event: ======'slide_base_active'====== Args={'original_context': 'base', 'original_calling_context': 'mode_base_started', 'priority': 100.0, 'queue': '<QueuedEvent>', 'player': 1.0, 'ball': 2.0, 'balls_remaining': 1.0, 'is_extra_ball': False, 'cmd': 'slides_play', '_from_bcp': True}
2024-11-17 14:56:43,340 : INFO : EventManager : Event: ======'slide_base_removed'====== Args={'_from_bcp': True}
2024-11-17 14:56:43,385 : INFO : SwitchController : <<<<<<< 's_upper_4_drop' inactive (muted) >>>>>>>
2024-11-17 14:56:43,385 : INFO : SwitchController : <<<<<<< 's_upper_3_drop' inactive (muted) >>>>>>>
2024-11-17 14:56:43,415 : INFO : coil.c_upper_drop : Pulsing Driver for 75ms (1.0 pulse_power)
2024-11-17 14:56:43,501 : INFO : coil.c_main_outhole : Pulsing Driver for 60ms (1.0 pulse_power)
2024-11-17 14:56:43,575 : INFO : SwitchController : <<<<<<< 's_main_outhole' inactive >>>>>>>
2024-11-17 14:56:43,575 : INFO : ball_device.bd_drain : State: ball_left
2024-11-17 14:56:43,575 : INFO : ball_device.bd_drain : Ball left
2024-11-17 14:56:43,575 : INFO : ball_device.bd_drain : Wait for confirm with timeout 10.0
2024-11-17 14:56:43,830 : INFO : EventManager : Event: ======'drop_target_u3_drop_up'====== Args={'device': <drop_target.u3_drop>}
2024-11-17 14:56:43,830 : INFO : EventManager : Event: ======'drop_target_u4_drop_up'====== Args={'device': <drop_target.u4_drop>}
2024-11-17 14:56:43,830 : INFO : EventManager : Event: ======'drop_target_bank_upper_up'====== Args={}
2024-11-17 14:56:47,245 : INFO : Machine : Shutting down...
2024-11-17 14:56:47,245 : INFO : EventManager : Event: ======'shutdown'====== Args={}
2024-11-17 14:56:47,246 : INFO : EventManager : Event: ======'mode_game_will_stop'====== Args={}
2024-11-17 14:56:47,246 : INFO : EventManager : Event: ======'mode_game_stopping'====== Args={}
2024-11-17 14:56:47,246 : INFO : EventManager : Event: ======'mode_base_will_stop'====== Args={}
2024-11-17 14:56:47,246 : INFO : EventManager : Event: ======'mode_base_stopping'====== Args={}
2024-11-17 14:56:47,246 : INFO : Mode.base : Stopped.
2024-11-17 14:56:47,246 : INFO : EventManager : Event: ======'modes_active_modes_changed'====== Args={}
2024-11-17 14:56:47,246 : INFO : EventManager : Event: ======'mode_base_stopped'====== Args={}
2024-11-17 14:56:47,246 : INFO : EventManager : Event: ======'clear'====== Args={'key': 'base'}
2024-11-17 14:56:47,247 : INFO : Mode.game : Stopped.
2024-11-17 14:56:47,247 : INFO : EventManager : Event: ======'modes_active_modes_changed'====== Args={}
2024-11-17 14:56:47,247 : INFO : EventManager : Event: ======'mode_game_stopped'====== Args={}
2024-11-17 14:56:47,247 : INFO : EventManager : Event: ======'clear'====== Args={'key': 'game'}
2024-11-17 14:56:47,249 : INFO : root : MPF run loop ended.
