2024-11-21 18:31:12,596 : INFO : root : Loading config.
2024-11-21 18:31:12,624 : INFO : ConfigProcessor : Config spec file cache created: /tmp/config_spec.mpf_cache
2024-11-21 18:31:12,624 : INFO : YamlMultifileConfigLoader : Machine config file #1: config.yaml
2024-11-21 18:31:12,624 : INFO : ConfigProcessor : Loading config from file /home/caw/miniconda3/envs/envp311/lib/python3.11/site-packages/mpf/mpfconfig.yaml.
2024-11-21 18:31:12,630 : INFO : ConfigProcessor : Loading config: /home/caw/miniconda3/envs/envp311/lib/python3.11/site-packages/mpf/mpfconfig.yaml
2024-11-21 18:31:12,631 : INFO : ConfigProcessor : Loading config from file /home/caw/pinball/git/hauntedhouse/config/config.yaml.
2024-11-21 18:31:12,636 : INFO : ConfigProcessor : Loading config: /home/caw/pinball/git/hauntedhouse/config/config.yaml
2024-11-21 18:31:12,637 : INFO : ConfigProcessor : Config file cache created: /tmp/d32a4d6a14face28137ea07568729492.mpf_cache
2024-11-21 18:31:12,696 : INFO : ConfigProcessor : Loading config from file /home/caw/miniconda3/envs/envp311/lib/python3.11/site-packages/mpf/modes/attract/config/attract.yaml.
2024-11-21 18:31:12,696 : INFO : ConfigProcessor : Loading config: /home/caw/miniconda3/envs/envp311/lib/python3.11/site-packages/mpf/modes/attract/config/attract.yaml
2024-11-21 18:31:12,696 : INFO : ConfigProcessor : Loading config from file /home/caw/pinball/git/hauntedhouse/modes/attract/config/attract.yaml.
2024-11-21 18:31:12,697 : INFO : ConfigProcessor : Loading config: /home/caw/pinball/git/hauntedhouse/modes/attract/config/attract.yaml
2024-11-21 18:31:12,697 : INFO : ConfigProcessor : Config file cache created: /tmp/c3cb8e965ed6b9ae398206bf0c025946.mpf_cache
2024-11-21 18:31:12,697 : INFO : ConfigProcessor : Loading config from file /home/caw/miniconda3/envs/envp311/lib/python3.11/site-packages/mpf/modes/game/config/game.yaml.
2024-11-21 18:31:12,698 : INFO : ConfigProcessor : Loading config: /home/caw/miniconda3/envs/envp311/lib/python3.11/site-packages/mpf/modes/game/config/game.yaml
2024-11-21 18:31:12,698 : INFO : ConfigProcessor : Config file cache created: /tmp/03ef85df1864fb5ef5b7e38cbf9eb8a8.mpf_cache
2024-11-21 18:31:12,698 : INFO : ConfigProcessor : Loading config from file /home/caw/pinball/git/hauntedhouse/modes/base/config/base.yaml.
2024-11-21 18:31:12,701 : INFO : ConfigProcessor : Loading config: /home/caw/pinball/git/hauntedhouse/modes/base/config/base.yaml
2024-11-21 18:31:12,701 : INFO : ConfigProcessor : Config file cache created: /tmp/418c9b14ed72887d403c9035fb622579.mpf_cache
2024-11-21 18:31:12,701 : INFO : ConfigProcessor : Loading config from cache: /tmp/c3cb8e965ed6b9ae398206bf0c025946.mpf_cache
2024-11-21 18:31:12,702 : INFO : ConfigProcessor : Loading config from file /home/caw/pinball/git/hauntedhouse/modes/attract/shows/./attract_light_show.yaml.
2024-11-21 18:31:12,702 : INFO : ConfigProcessor : Loading config: /home/caw/pinball/git/hauntedhouse/modes/attract/shows/./attract_light_show.yaml
2024-11-21 18:31:12,702 : INFO : ConfigProcessor : Config file cache created: /tmp/15a3024276cd87dfce1c773b28812b20.mpf_cache
2024-11-21 18:31:12,702 : INFO : Machine : Mission Pinball Framework Core Engine v0.80.0.dev5
2024-11-21 18:31:12,703 : INFO : Machine : Command line arguments: {'no_load_cache': False, 'create_config_cache': True, 'bcp': True, 'configfile': ['config.yaml'], 'force_assets_load': False, 'platform_integration_test': False, 'jsonlogging': False, 'logfile': 'logs/2024-11-21-18-31-12-mpf-caw-System-Product-Name.log', 'pause': False, 'production': False, 'text_ui': True, 'loglevel': 15, 'consoleloglevel': 20, 'force_platform': None, 'syslog_address': None, 'full_logfile_path': '/home/caw/pinball/git/hauntedhouse/logs/2024-11-21-18-31-12-mpf-caw-System-Product-Name.log'}
2024-11-21 18:31:12,703 : INFO : Machine : MPF path: /home/caw/miniconda3/envs/envp311/lib/python3.11/site-packages/mpf
2024-11-21 18:31:12,703 : INFO : Machine : Machine path: /home/caw/pinball/git/hauntedhouse
2024-11-21 18:31:12,703 : INFO : Machine : Platform: linux
2024-11-21 18:31:12,703 : INFO : Machine : Python executable location: /home/caw/miniconda3/envs/envp311/bin/python
2024-11-21 18:31:12,703 : INFO : Machine : Python version: 3.11.10 (64-bit)
2024-11-21 18:31:12,704 : INFO : Machine : Initializing MPF...
2024-11-21 18:31:12,786 : INFO : P-Roc : Connecting to P-ROC
2024-11-21 18:31:13,064 : INFO : P-Roc : Successfully connected to P-ROC/P3-ROC. Firmware Version: 2. Firmware Revision: 6. Hardware Board ID: 1
2024-11-21 18:31:13,065 : WARNING : P-Roc : Consider upgrading the firmware of your P/P3-Roc to at least 2.14. Your version contains known bugs. See: https://missionpinball.org/logs
2024-11-21 18:31:13,072 : INFO : EventManager : Event: ======'machine_var_p_roc_version'====== Args={'value': 2, 'prev_value': None, 'change': True}
2024-11-21 18:31:13,072 : INFO : EventManager : Event: ======'machine_var_p_roc_revision'====== Args={'value': 6, 'prev_value': None, 'change': True}
2024-11-21 18:31:13,072 : INFO : EventManager : Event: ======'machine_var_p_roc_hardware_version'====== Args={'value': 1, 'prev_value': None, 'change': True}
2024-11-21 18:31:13,072 : INFO : EventManager : Event: ======'machine_var_credits_string'====== Args={'value': 'FREE PLAY', 'prev_value': None, 'change': True}
2024-11-21 18:31:13,087 : INFO : EventManager : Event: ======'machine_var_master_volume'====== Args={'value': 0.5, 'prev_value': None, 'change': True}
2024-11-21 18:31:13,087 : INFO : EventManager : Event: ======'machine_var_player1_score'====== Args={'value': 60000, 'prev_value': None, 'change': True}
2024-11-21 18:31:13,087 : INFO : EventManager : Event: ======'machine_var_mpf_version'====== Args={'value': 'Mission Pinball Framework v0.80.0.dev5', 'prev_value': None, 'change': True}
2024-11-21 18:31:13,087 : INFO : EventManager : Event: ======'machine_var_mpf_extended_version'====== Args={'value': 'Mission Pinball Framework v0.80.0.dev5, Config version:6, Show version: 6, BCP version:1.1', 'prev_value': None, 'change': True}
2024-11-21 18:31:13,087 : INFO : EventManager : Event: ======'machine_var_python_version'====== Args={'value': '3.11.10', 'prev_value': None, 'change': True}
2024-11-21 18:31:13,089 : INFO : EventManager : Event: ======'machine_var_platform'====== Args={'value': 'Linux-6.8.0-49-generic-x86_64-with-glibc2.39', 'prev_value': None, 'change': True}
2024-11-21 18:31:13,089 : INFO : EventManager : Event: ======'machine_var_platform_system'====== Args={'value': 'Linux', 'prev_value': None, 'change': True}
2024-11-21 18:31:13,089 : INFO : EventManager : Event: ======'machine_var_platform_release'====== Args={'value': '6.8.0-49-generic', 'prev_value': None, 'change': True}
2024-11-21 18:31:13,089 : INFO : EventManager : Event: ======'machine_var_platform_version'====== Args={'value': '#49-Ubuntu SMP PREEMPT_DYNAMIC Mon Nov  4 02:06:24 UTC 2024', 'prev_value': None, 'change': True}
2024-11-21 18:31:13,089 : INFO : EventManager : Event: ======'machine_var_platform_machine'====== Args={'value': 'x86_64', 'prev_value': None, 'change': True}
2024-11-21 18:31:13,089 : INFO : EventManager : Event: ======'machine_var_log_file_path'====== Args={'value': '/home/caw/pinball/git/hauntedhouse/logs/2024-11-21-18-31-12-mpf-caw-System-Product-Name.log', 'prev_value': None, 'change': True}
2024-11-21 18:31:13,089 : INFO : EventManager : Event: ======'init_phase_1'====== Args={}
2024-11-21 18:31:13,114 : INFO : EventManager : Event: ======'drop_target_bank_upper_up'====== Args={}
2024-11-21 18:31:13,114 : INFO : EventManager : Event: ======'drop_target_bank_lower_up'====== Args={}
2024-11-21 18:31:13,115 : INFO : EventManager : Event: ======'init_phase_2'====== Args={}
2024-11-21 18:31:13,130 : INFO : SwitchController : Found active switch: (39, <Platform.P3-ROC>) <switch.s_main_outhole>
2024-11-21 18:31:13,130 : INFO : SwitchController : Found active switch: (16, <Platform.P3-ROC>) <switch.s_main_lane_center>
2024-11-21 18:31:13,134 : INFO : EventManager : Event: ======'bcp_connection_attempt'====== Args={'name': 'local_display', 'host': 'localhost', 'port': 5050}
2024-11-21 18:31:13,135 : INFO : BCPClientSocket : Connecting BCP to 'local_display' at localhost:5050...
2024-11-21 18:31:13,139 : INFO : BCPClientSocket : Connected BCP to 'local_display' localhost:5050
2024-11-21 18:31:13,139 : INFO : EventManager : Event: ======'bcp_clients_connected'====== Args={}
2024-11-21 18:31:13,140 : INFO : ball_device.bd_drain : BCH: Initial count: 1
2024-11-21 18:31:13,141 : INFO : ball_device.bd_drain : State: idle
2024-11-21 18:31:13,141 : INFO : ball_device.bd_lower_vuk : BCH: Initial count: 0
2024-11-21 18:31:13,141 : INFO : ball_device.bd_lower_vuk : State: idle
2024-11-21 18:31:13,141 : INFO : ball_device.bd_lower_kickout_special : BCH: Initial count: 0
2024-11-21 18:31:13,141 : INFO : ball_device.bd_lower_kickout_special : State: idle
2024-11-21 18:31:13,141 : INFO : ball_device.bd_main_vuk : BCH: Initial count: 0
2024-11-21 18:31:13,141 : INFO : ball_device.bd_main_vuk : State: idle
2024-11-21 18:31:13,142 : INFO : ball_device.bd_main_kickout_right : BCH: Initial count: 0
2024-11-21 18:31:13,142 : INFO : ball_device.bd_main_kickout_right : State: idle
2024-11-21 18:31:13,142 : INFO : ball_device.bd_main_kickout_lane : BCH: Initial count: 1
2024-11-21 18:31:13,142 : INFO : ball_device.bd_main_kickout_lane : State: idle
2024-11-21 18:31:13,149 : INFO : EventManager : Event: ======'init_phase_3'====== Args={}
2024-11-21 18:31:13,151 : INFO : EventManager : Event: ======'init_phase_4'====== Args={}
2024-11-21 18:31:13,151 : INFO : BallController : Initial balls found: 2
2024-11-21 18:31:13,152 : INFO : EventManager : Event: ======'machine_var_audits_events_game_ended'====== Args={'value': 66, 'prev_value': None, 'change': True}
2024-11-21 18:31:13,152 : INFO : EventManager : Event: ======'machine_var_audits_events_game_started'====== Args={'value': 144, 'prev_value': None, 'change': True}
2024-11-21 18:31:13,152 : INFO : EventManager : Event: ======'machine_var_audits_missing_switches_s_left_flipper1'====== Args={'value': 15, 'prev_value': None, 'change': True}
2024-11-21 18:31:13,152 : INFO : EventManager : Event: ======'machine_var_audits_missing_switches_s_left_flipper2'====== Args={'value': 15, 'prev_value': None, 'change': True}
2024-11-21 18:31:13,152 : INFO : EventManager : Event: ======'machine_var_audits_missing_switches_s_lower_10pt_drops'====== Args={'value': 17, 'prev_value': None, 'change': True}
2024-11-21 18:31:13,152 : INFO : EventManager : Event: ======'machine_var_audits_missing_switches_s_lower_10pt_lower'====== Args={'value': 18, 'prev_value': None, 'change': True}
2024-11-21 18:31:13,153 : INFO : EventManager : Event: ======'machine_var_audits_missing_switches_s_lower_10pt_upper'====== Args={'value': 17, 'prev_value': None, 'change': True}
2024-11-21 18:31:13,153 : INFO : EventManager : Event: ======'machine_var_audits_missing_switches_s_lower_1_drop'====== Args={'value': 18, 'prev_value': None, 'change': True}
2024-11-21 18:31:13,153 : INFO : EventManager : Event: ======'machine_var_audits_missing_switches_s_lower_2_drop'====== Args={'value': 17, 'prev_value': None, 'change': True}
2024-11-21 18:31:13,153 : INFO : EventManager : Event: ======'machine_var_audits_missing_switches_s_lower_3_drop'====== Args={'value': 18, 'prev_value': None, 'change': True}
2024-11-21 18:31:13,153 : INFO : EventManager : Event: ======'machine_var_audits_missing_switches_s_lower_4_drop'====== Args={'value': 30, 'prev_value': None, 'change': True}
2024-11-21 18:31:13,153 : INFO : EventManager : Event: ======'machine_var_audits_missing_switches_s_lower_5_drop'====== Args={'value': 18, 'prev_value': None, 'change': True}
2024-11-21 18:31:13,153 : INFO : EventManager : Event: ======'machine_var_audits_missing_switches_s_lower_bonus_left'====== Args={'value': 17, 'prev_value': None, 'change': True}
2024-11-21 18:31:13,153 : INFO : EventManager : Event: ======'machine_var_audits_missing_switches_s_lower_bonus_right'====== Args={'value': 34, 'prev_value': None, 'change': True}
2024-11-21 18:31:13,153 : INFO : EventManager : Event: ======'machine_var_audits_missing_switches_s_lower_kick_target'====== Args={'value': 34, 'prev_value': None, 'change': True}
2024-11-21 18:31:13,153 : INFO : EventManager : Event: ======'machine_var_audits_missing_switches_s_lower_kickout_special'====== Args={'value': 17, 'prev_value': None, 'change': True}
2024-11-21 18:31:13,153 : INFO : EventManager : Event: ======'machine_var_audits_missing_switches_s_lower_pop'====== Args={'value': 17, 'prev_value': None, 'change': True}
2024-11-21 18:31:13,153 : INFO : EventManager : Event: ======'machine_var_audits_missing_switches_s_lower_rollover'====== Args={'value': 14, 'prev_value': None, 'change': True}
2024-11-21 18:31:13,153 : INFO : EventManager : Event: ======'machine_var_audits_missing_switches_s_lower_slingshot'====== Args={'value': 17, 'prev_value': None, 'change': True}
2024-11-21 18:31:13,153 : INFO : EventManager : Event: ======'machine_var_audits_missing_switches_s_lower_vuk'====== Args={'value': 14, 'prev_value': None, 'change': True}
2024-11-21 18:31:13,153 : INFO : EventManager : Event: ======'machine_var_audits_missing_switches_s_main_10pt_left'====== Args={'value': 17, 'prev_value': None, 'change': True}
2024-11-21 18:31:13,153 : INFO : EventManager : Event: ======'machine_var_audits_missing_switches_s_main_1_target'====== Args={'value': 17, 'prev_value': None, 'change': True}
2024-11-21 18:31:13,153 : INFO : EventManager : Event: ======'machine_var_audits_missing_switches_s_main_1_trough'====== Args={'value': 1, 'prev_value': None, 'change': True}
2024-11-21 18:31:13,154 : INFO : EventManager : Event: ======'machine_var_audits_missing_switches_s_main_2_target'====== Args={'value': 17, 'prev_value': None, 'change': True}
2024-11-21 18:31:13,154 : INFO : EventManager : Event: ======'machine_var_audits_missing_switches_s_main_2_trough'====== Args={'value': 14, 'prev_value': None, 'change': True}
2024-11-21 18:31:13,154 : INFO : EventManager : Event: ======'machine_var_audits_missing_switches_s_main_3_target'====== Args={'value': 1, 'prev_value': None, 'change': True}
2024-11-21 18:31:13,154 : INFO : EventManager : Event: ======'machine_var_audits_missing_switches_s_main_4_target'====== Args={'value': 14, 'prev_value': None, 'change': True}
2024-11-21 18:31:13,154 : INFO : EventManager : Event: ======'machine_var_audits_missing_switches_s_main_5_target'====== Args={'value': 15, 'prev_value': None, 'change': True}
2024-11-21 18:31:13,154 : INFO : EventManager : Event: ======'machine_var_audits_missing_switches_s_main_inlane_left'====== Args={'value': 28, 'prev_value': None, 'change': True}
2024-11-21 18:31:13,154 : INFO : EventManager : Event: ======'machine_var_audits_missing_switches_s_main_inlane_right'====== Args={'value': 14, 'prev_value': None, 'change': True}
2024-11-21 18:31:13,154 : INFO : EventManager : Event: ======'machine_var_audits_missing_switches_s_main_kickout_right'====== Args={'value': 14, 'prev_value': None, 'change': True}
2024-11-21 18:31:13,154 : INFO : EventManager : Event: ======'machine_var_audits_missing_switches_s_main_lane_center'====== Args={'value': 12, 'prev_value': None, 'change': True}
2024-11-21 18:31:13,154 : INFO : EventManager : Event: ======'machine_var_audits_missing_switches_s_main_outhole'====== Args={'value': 1, 'prev_value': None, 'change': True}
2024-11-21 18:31:13,154 : INFO : EventManager : Event: ======'machine_var_audits_missing_switches_s_main_outlane_left'====== Args={'value': 34, 'prev_value': None, 'change': True}
2024-11-21 18:31:13,154 : INFO : EventManager : Event: ======'machine_var_audits_missing_switches_s_main_outlane_right'====== Args={'value': 17, 'prev_value': None, 'change': True}
2024-11-21 18:31:13,154 : INFO : EventManager : Event: ======'machine_var_audits_missing_switches_s_main_pop_bottom'====== Args={'value': 15, 'prev_value': None, 'change': True}
2024-11-21 18:31:13,154 : INFO : EventManager : Event: ======'machine_var_audits_missing_switches_s_main_rollunder'====== Args={'value': 14, 'prev_value': None, 'change': True}
2024-11-21 18:31:13,155 : INFO : EventManager : Event: ======'machine_var_audits_missing_switches_s_main_secret_trough'====== Args={'value': 17, 'prev_value': None, 'change': True}
2024-11-21 18:31:13,155 : INFO : EventManager : Event: ======'machine_var_audits_missing_switches_s_main_slingshot'====== Args={'value': 14, 'prev_value': None, 'change': True}
2024-11-21 18:31:13,155 : INFO : EventManager : Event: ======'machine_var_audits_missing_switches_s_main_target_right'====== Args={'value': 17, 'prev_value': None, 'change': True}
2024-11-21 18:31:13,155 : INFO : EventManager : Event: ======'machine_var_audits_missing_switches_s_main_trapdoor_trough'====== Args={'value': 34, 'prev_value': None, 'change': True}
2024-11-21 18:31:13,155 : INFO : EventManager : Event: ======'machine_var_audits_missing_switches_s_main_vuk'====== Args={'value': 13, 'prev_value': None, 'change': True}
2024-11-21 18:31:13,155 : INFO : EventManager : Event: ======'machine_var_audits_missing_switches_s_right_flipper1'====== Args={'value': 14, 'prev_value': None, 'change': True}
2024-11-21 18:31:13,155 : INFO : EventManager : Event: ======'machine_var_audits_missing_switches_s_right_flipper2'====== Args={'value': 14, 'prev_value': None, 'change': True}
2024-11-21 18:31:13,155 : INFO : EventManager : Event: ======'machine_var_audits_missing_switches_s_start'====== Args={'value': 9, 'prev_value': None, 'change': True}
2024-11-21 18:31:13,155 : INFO : EventManager : Event: ======'machine_var_audits_missing_switches_s_upper_10pt_center'====== Args={'value': 13, 'prev_value': None, 'change': True}
2024-11-21 18:31:13,155 : INFO : EventManager : Event: ======'machine_var_audits_missing_switches_s_upper_10pt_left'====== Args={'value': 15, 'prev_value': None, 'change': True}
2024-11-21 18:31:13,155 : INFO : EventManager : Event: ======'machine_var_audits_missing_switches_s_upper_3_target'====== Args={'value': 10, 'prev_value': None, 'change': True}
2024-11-21 18:31:13,155 : INFO : EventManager : Event: ======'machine_var_audits_missing_switches_s_upper_4_target'====== Args={'value': 10, 'prev_value': None, 'change': True}
2024-11-21 18:31:13,155 : INFO : EventManager : Event: ======'machine_var_audits_player_score'====== Args={'value': {'average': 31169, 'top': [211150, 162330, 120480, 114590, 92630, 81180, 78890, 76090, 75800, 75650], 'total': 69}, 'prev_value': None, 'change': True}
2024-11-21 18:31:13,155 : INFO : EventManager : Event: ======'machine_var_audits_shots_10pt'====== Args={'value': 248, 'prev_value': None, 'change': True}
2024-11-21 18:31:13,155 : INFO : EventManager : Event: ======'machine_var_audits_shots_left_inlane'====== Args={'value': 22, 'prev_value': None, 'change': True}
2024-11-21 18:31:13,156 : INFO : EventManager : Event: ======'machine_var_audits_shots_left_outlane'====== Args={'value': 11, 'prev_value': None, 'change': True}
2024-11-21 18:31:13,156 : INFO : EventManager : Event: ======'machine_var_audits_shots_lower_10pt_drops'====== Args={'value': 37, 'prev_value': None, 'change': True}
2024-11-21 18:31:13,156 : INFO : EventManager : Event: ======'machine_var_audits_shots_lower_10pt_lower'====== Args={'value': 12, 'prev_value': None, 'change': True}
2024-11-21 18:31:13,156 : INFO : EventManager : Event: ======'machine_var_audits_shots_lower_10pt_upper'====== Args={'value': 13, 'prev_value': None, 'change': True}
2024-11-21 18:31:13,156 : INFO : EventManager : Event: ======'machine_var_audits_shots_lower_1_drop'====== Args={'value': 44, 'prev_value': None, 'change': True}
2024-11-21 18:31:13,156 : INFO : EventManager : Event: ======'machine_var_audits_shots_lower_2_drop'====== Args={'value': 12, 'prev_value': None, 'change': True}
2024-11-21 18:31:13,156 : INFO : EventManager : Event: ======'machine_var_audits_shots_lower_3_drop'====== Args={'value': 12, 'prev_value': None, 'change': True}
2024-11-21 18:31:13,156 : INFO : EventManager : Event: ======'machine_var_audits_shots_lower_4_drop'====== Args={'value': 16, 'prev_value': None, 'change': True}
2024-11-21 18:31:13,156 : INFO : EventManager : Event: ======'machine_var_audits_shots_lower_5_drop'====== Args={'value': 17, 'prev_value': None, 'change': True}
2024-11-21 18:31:13,156 : INFO : EventManager : Event: ======'machine_var_audits_shots_lower_hole'====== Args={'value': 27, 'prev_value': None, 'change': True}
2024-11-21 18:31:13,156 : INFO : EventManager : Event: ======'machine_var_audits_shots_lower_kick_target'====== Args={'value': 2, 'prev_value': None, 'change': True}
2024-11-21 18:31:13,156 : INFO : EventManager : Event: ======'machine_var_audits_shots_lower_left'====== Args={'value': 11, 'prev_value': None, 'change': True}
2024-11-21 18:31:13,156 : INFO : EventManager : Event: ======'machine_var_audits_shots_lower_left_pop'====== Args={'value': 199, 'prev_value': None, 'change': True}
2024-11-21 18:31:13,156 : INFO : EventManager : Event: ======'machine_var_audits_shots_lower_pop'====== Args={'value': 28, 'prev_value': None, 'change': True}
2024-11-21 18:31:13,157 : INFO : EventManager : Event: ======'machine_var_audits_shots_lower_right'====== Args={'value': 4, 'prev_value': None, 'change': True}
2024-11-21 18:31:13,157 : INFO : EventManager : Event: ======'machine_var_audits_shots_lower_rollover'====== Args={'value': 32, 'prev_value': None, 'change': True}
2024-11-21 18:31:13,157 : INFO : EventManager : Event: ======'machine_var_audits_shots_lower_slingshot'====== Args={'value': 19, 'prev_value': None, 'change': True}
2024-11-21 18:31:13,157 : INFO : EventManager : Event: ======'machine_var_audits_shots_main_1'====== Args={'value': 30, 'prev_value': None, 'change': True}
2024-11-21 18:31:13,157 : INFO : EventManager : Event: ======'machine_var_audits_shots_main_2'====== Args={'value': 33, 'prev_value': None, 'change': True}
2024-11-21 18:31:13,157 : INFO : EventManager : Event: ======'machine_var_audits_shots_main_3'====== Args={'value': 27, 'prev_value': None, 'change': True}
2024-11-21 18:31:13,157 : INFO : EventManager : Event: ======'machine_var_audits_shots_main_4'====== Args={'value': 44, 'prev_value': None, 'change': True}
2024-11-21 18:31:13,157 : INFO : EventManager : Event: ======'machine_var_audits_shots_main_5'====== Args={'value': 24, 'prev_value': None, 'change': True}
2024-11-21 18:31:13,157 : INFO : EventManager : Event: ======'machine_var_audits_shots_main_slingshot'====== Args={'value': 45, 'prev_value': None, 'change': True}
2024-11-21 18:31:13,157 : INFO : EventManager : Event: ======'machine_var_audits_shots_main_trough_1'====== Args={'value': 19, 'prev_value': None, 'change': True}
2024-11-21 18:31:13,158 : INFO : EventManager : Event: ======'machine_var_audits_shots_right_inlane'====== Args={'value': 75, 'prev_value': None, 'change': True}
2024-11-21 18:31:13,158 : INFO : EventManager : Event: ======'machine_var_audits_shots_right_kickout'====== Args={'value': 34, 'prev_value': None, 'change': True}
2024-11-21 18:31:13,158 : INFO : EventManager : Event: ======'machine_var_audits_shots_right_outlane'====== Args={'value': 44, 'prev_value': None, 'change': True}
2024-11-21 18:31:13,158 : INFO : EventManager : Event: ======'machine_var_audits_shots_rollunder'====== Args={'value': 106, 'prev_value': None, 'change': True}
2024-11-21 18:31:13,158 : INFO : EventManager : Event: ======'machine_var_audits_shots_standup_right'====== Args={'value': 91, 'prev_value': None, 'change': True}
2024-11-21 18:31:13,158 : INFO : EventManager : Event: ======'machine_var_audits_shots_upper_1'====== Args={'value': 58, 'prev_value': None, 'change': True}
2024-11-21 18:31:13,158 : INFO : EventManager : Event: ======'machine_var_audits_shots_upper_1_drop'====== Args={'value': 85, 'prev_value': None, 'change': True}
2024-11-21 18:31:13,158 : INFO : EventManager : Event: ======'machine_var_audits_shots_upper_2'====== Args={'value': 73, 'prev_value': None, 'change': True}
2024-11-21 18:31:13,158 : INFO : EventManager : Event: ======'machine_var_audits_shots_upper_2_drop'====== Args={'value': 62, 'prev_value': None, 'change': True}
2024-11-21 18:31:13,158 : INFO : EventManager : Event: ======'machine_var_audits_shots_upper_3'====== Args={'value': 32, 'prev_value': None, 'change': True}
2024-11-21 18:31:13,158 : INFO : EventManager : Event: ======'machine_var_audits_shots_upper_3_drop'====== Args={'value': 81, 'prev_value': None, 'change': True}
2024-11-21 18:31:13,159 : INFO : EventManager : Event: ======'machine_var_audits_shots_upper_4'====== Args={'value': 29, 'prev_value': None, 'change': True}
2024-11-21 18:31:13,159 : INFO : EventManager : Event: ======'machine_var_audits_shots_upper_4_drop'====== Args={'value': 100, 'prev_value': None, 'change': True}
2024-11-21 18:31:13,159 : INFO : EventManager : Event: ======'machine_var_audits_shots_upper_left_pop'====== Args={'value': 106, 'prev_value': None, 'change': True}
2024-11-21 18:31:13,159 : INFO : EventManager : Event: ======'machine_var_audits_shots_upper_pop'====== Args={'value': 560, 'prev_value': None, 'change': True}
2024-11-21 18:31:13,159 : INFO : EventManager : Event: ======'machine_var_audits_switches_s_left_flipper1'====== Args={'value': 420, 'prev_value': None, 'change': True}
2024-11-21 18:31:13,159 : INFO : EventManager : Event: ======'machine_var_audits_switches_s_left_flipper2'====== Args={'value': 469, 'prev_value': None, 'change': True}
2024-11-21 18:31:13,159 : INFO : EventManager : Event: ======'machine_var_audits_switches_s_lower_10pt_UPPER'====== Args={'value': 0, 'prev_value': None, 'change': True}
2024-11-21 18:31:13,159 : INFO : EventManager : Event: ======'machine_var_audits_switches_s_lower_10pt_drops'====== Args={'value': 37, 'prev_value': None, 'change': True}
2024-11-21 18:31:13,159 : INFO : EventManager : Event: ======'machine_var_audits_switches_s_lower_10pt_lower'====== Args={'value': 12, 'prev_value': None, 'change': True}
2024-11-21 18:31:13,159 : INFO : EventManager : Event: ======'machine_var_audits_switches_s_lower_10pt_upper'====== Args={'value': 13, 'prev_value': None, 'change': True}
2024-11-21 18:31:13,160 : INFO : EventManager : Event: ======'machine_var_audits_switches_s_lower_1_drop'====== Args={'value': 399, 'prev_value': None, 'change': True}
2024-11-21 18:31:13,160 : INFO : EventManager : Event: ======'machine_var_audits_switches_s_lower_2_drop'====== Args={'value': 12, 'prev_value': None, 'change': True}
2024-11-21 18:31:13,160 : INFO : EventManager : Event: ======'machine_var_audits_switches_s_lower_3_drop'====== Args={'value': 12, 'prev_value': None, 'change': True}
2024-11-21 18:31:13,160 : INFO : EventManager : Event: ======'machine_var_audits_switches_s_lower_4_drop'====== Args={'value': 16, 'prev_value': None, 'change': True}
2024-11-21 18:31:13,160 : INFO : EventManager : Event: ======'machine_var_audits_switches_s_lower_5_drop'====== Args={'value': 17, 'prev_value': None, 'change': True}
2024-11-21 18:31:13,160 : INFO : EventManager : Event: ======'machine_var_audits_switches_s_lower_bonus_left'====== Args={'value': 11, 'prev_value': None, 'change': True}
2024-11-21 18:31:13,160 : INFO : EventManager : Event: ======'machine_var_audits_switches_s_lower_bonus_right'====== Args={'value': 4, 'prev_value': None, 'change': True}
2024-11-21 18:31:13,160 : INFO : EventManager : Event: ======'machine_var_audits_switches_s_lower_kick_target'====== Args={'value': 2, 'prev_value': None, 'change': True}
2024-11-21 18:31:13,160 : INFO : EventManager : Event: ======'machine_var_audits_switches_s_lower_kickout_special'====== Args={'value': 27, 'prev_value': None, 'change': True}
2024-11-21 18:31:13,160 : INFO : EventManager : Event: ======'machine_var_audits_switches_s_lower_pop'====== Args={'value': 28, 'prev_value': None, 'change': True}
2024-11-21 18:31:13,161 : INFO : EventManager : Event: ======'machine_var_audits_switches_s_lower_rollover'====== Args={'value': 60, 'prev_value': None, 'change': True}
2024-11-21 18:31:13,161 : INFO : EventManager : Event: ======'machine_var_audits_switches_s_lower_slingshot'====== Args={'value': 19, 'prev_value': None, 'change': True}
2024-11-21 18:31:13,161 : INFO : EventManager : Event: ======'machine_var_audits_switches_s_lower_vuk'====== Args={'value': 239, 'prev_value': None, 'change': True}
2024-11-21 18:31:13,161 : INFO : EventManager : Event: ======'machine_var_audits_switches_s_main_10pt_left'====== Args={'value': 33, 'prev_value': None, 'change': True}
2024-11-21 18:31:13,161 : INFO : EventManager : Event: ======'machine_var_audits_switches_s_main_1_target'====== Args={'value': 57, 'prev_value': None, 'change': True}
2024-11-21 18:31:13,161 : INFO : EventManager : Event: ======'machine_var_audits_switches_s_main_1_trough'====== Args={'value': 52, 'prev_value': None, 'change': True}
2024-11-21 18:31:13,161 : INFO : EventManager : Event: ======'machine_var_audits_switches_s_main_2_target'====== Args={'value': 56, 'prev_value': None, 'change': True}
2024-11-21 18:31:13,161 : INFO : EventManager : Event: ======'machine_var_audits_switches_s_main_2_trough'====== Args={'value': 64, 'prev_value': None, 'change': True}
2024-11-21 18:31:13,161 : INFO : EventManager : Event: ======'machine_var_audits_switches_s_main_3_target'====== Args={'value': 27, 'prev_value': None, 'change': True}
2024-11-21 18:31:13,162 : INFO : EventManager : Event: ======'machine_var_audits_switches_s_main_4_target'====== Args={'value': 60, 'prev_value': None, 'change': True}
2024-11-21 18:31:13,162 : INFO : EventManager : Event: ======'machine_var_audits_switches_s_main_5_target'====== Args={'value': 58, 'prev_value': None, 'change': True}
2024-11-21 18:31:13,162 : INFO : EventManager : Event: ======'machine_var_audits_switches_s_main_inlane_left'====== Args={'value': 25, 'prev_value': None, 'change': True}
2024-11-21 18:31:13,162 : INFO : EventManager : Event: ======'machine_var_audits_switches_s_main_inlane_right'====== Args={'value': 80, 'prev_value': None, 'change': True}
2024-11-21 18:31:13,162 : INFO : EventManager : Event: ======'machine_var_audits_switches_s_main_kickout_right'====== Args={'value': 132, 'prev_value': None, 'change': True}
2024-11-21 18:31:13,162 : INFO : EventManager : Event: ======'machine_var_audits_switches_s_main_lane_center'====== Args={'value': 111, 'prev_value': None, 'change': True}
2024-11-21 18:31:13,162 : INFO : EventManager : Event: ======'machine_var_audits_switches_s_main_outhole'====== Args={'value': 469, 'prev_value': None, 'change': True}
2024-11-21 18:31:13,162 : INFO : EventManager : Event: ======'machine_var_audits_switches_s_main_outlane_left'====== Args={'value': 18, 'prev_value': None, 'change': True}
2024-11-21 18:31:13,162 : INFO : EventManager : Event: ======'machine_var_audits_switches_s_main_outlane_right'====== Args={'value': 45, 'prev_value': None, 'change': True}
2024-11-21 18:31:13,163 : INFO : EventManager : Event: ======'machine_var_audits_switches_s_main_pop_bottom'====== Args={'value': 227, 'prev_value': None, 'change': True}
2024-11-21 18:31:13,163 : INFO : EventManager : Event: ======'machine_var_audits_switches_s_main_pop_top'====== Args={'value': 171, 'prev_value': None, 'change': True}
2024-11-21 18:31:13,163 : INFO : EventManager : Event: ======'machine_var_audits_switches_s_main_rollunder'====== Args={'value': 106, 'prev_value': None, 'change': True}
2024-11-21 18:31:13,163 : INFO : EventManager : Event: ======'machine_var_audits_switches_s_main_roundabout_rollunder'====== Args={'value': 52, 'prev_value': None, 'change': True}
2024-11-21 18:31:13,163 : INFO : EventManager : Event: ======'machine_var_audits_switches_s_main_secret_trough'====== Args={'value': 30, 'prev_value': None, 'change': True}
2024-11-21 18:31:13,163 : INFO : EventManager : Event: ======'machine_var_audits_switches_s_main_slingshot'====== Args={'value': 240, 'prev_value': None, 'change': True}
2024-11-21 18:31:13,164 : INFO : EventManager : Event: ======'machine_var_audits_switches_s_main_target_right'====== Args={'value': 144, 'prev_value': None, 'change': True}
2024-11-21 18:31:13,164 : INFO : EventManager : Event: ======'machine_var_audits_switches_s_main_trapdoor_trough'====== Args={'value': 0, 'prev_value': None, 'change': True}
2024-11-21 18:31:13,164 : INFO : EventManager : Event: ======'machine_var_audits_switches_s_main_vuk'====== Args={'value': 281, 'prev_value': None, 'change': True}
2024-11-21 18:31:13,164 : INFO : EventManager : Event: ======'machine_var_audits_switches_s_right_flipper1'====== Args={'value': 367, 'prev_value': None, 'change': True}
2024-11-21 18:31:13,164 : INFO : EventManager : Event: ======'machine_var_audits_switches_s_right_flipper2'====== Args={'value': 419, 'prev_value': None, 'change': True}
2024-11-21 18:31:13,164 : INFO : EventManager : Event: ======'machine_var_audits_switches_s_start'====== Args={'value': 7, 'prev_value': None, 'change': True}
2024-11-21 18:31:13,164 : INFO : EventManager : Event: ======'machine_var_audits_switches_s_upper_10pt_center'====== Args={'value': 198, 'prev_value': None, 'change': True}
2024-11-21 18:31:13,164 : INFO : EventManager : Event: ======'machine_var_audits_switches_s_upper_10pt_left'====== Args={'value': 126, 'prev_value': None, 'change': True}
2024-11-21 18:31:13,165 : INFO : EventManager : Event: ======'machine_var_audits_switches_s_upper_1_drop'====== Args={'value': 93, 'prev_value': None, 'change': True}
2024-11-21 18:31:13,165 : INFO : EventManager : Event: ======'machine_var_audits_switches_s_upper_1_target'====== Args={'value': 120, 'prev_value': None, 'change': True}
2024-11-21 18:31:13,165 : INFO : EventManager : Event: ======'machine_var_audits_switches_s_upper_2_drop'====== Args={'value': 80, 'prev_value': None, 'change': True}
2024-11-21 18:31:13,165 : INFO : EventManager : Event: ======'machine_var_audits_switches_s_upper_2_target'====== Args={'value': 159, 'prev_value': None, 'change': True}
2024-11-21 18:31:13,165 : INFO : EventManager : Event: ======'machine_var_audits_switches_s_upper_3_drop'====== Args={'value': 93, 'prev_value': None, 'change': True}
2024-11-21 18:31:13,165 : INFO : EventManager : Event: ======'machine_var_audits_switches_s_upper_3_target'====== Args={'value': 69, 'prev_value': None, 'change': True}
2024-11-21 18:31:13,165 : INFO : EventManager : Event: ======'machine_var_audits_switches_s_upper_4_drop'====== Args={'value': 120, 'prev_value': None, 'change': True}
2024-11-21 18:31:13,166 : INFO : EventManager : Event: ======'machine_var_audits_switches_s_upper_4_target'====== Args={'value': 67, 'prev_value': None, 'change': True}
2024-11-21 18:31:13,166 : INFO : EventManager : Event: ======'machine_var_audits_switches_s_upper_pop'====== Args={'value': 792, 'prev_value': None, 'change': True}
2024-11-21 18:31:13,166 : INFO : EventManager : Event: ======'init_phase_5'====== Args={}
2024-11-21 18:31:13,169 : INFO : EventManager : Event: ======'init_done'====== Args={}
2024-11-21 18:31:13,169 : INFO : EventManager : Event: ======'machine_reset_phase_1'====== Args={}
2024-11-21 18:31:13,178 : INFO : EventManager : Event: ======'machine_reset_phase_2'====== Args={}
2024-11-21 18:31:13,178 : INFO : EventManager : Event: ======'machine_reset_phase_3'====== Args={}
2024-11-21 18:31:13,178 : INFO : drop_target_bank.upper : All targets are already up. Will not reset bank.
2024-11-21 18:31:13,178 : INFO : drop_target_bank.lower : All targets are already up. Will not reset bank.
2024-11-21 18:31:13,178 : INFO : EventManager : Event: ======'reset_complete'====== Args={}
2024-11-21 18:31:13,178 : INFO : EventManager : Event: ======'mode_attract_will_start'====== Args={}
2024-11-21 18:31:13,179 : INFO : EventManager : Event: ======'mode_attract_starting'====== Args={}
2024-11-21 18:31:13,179 : INFO : Mode.attract : Started. Priority: 10
2024-11-21 18:31:13,179 : INFO : EventManager : Event: ======'modes_active_modes_changed'====== Args={}
2024-11-21 18:31:13,179 : INFO : EventManager : Event: ======'mode_attract_started'====== Args={}
2024-11-21 18:31:13,179 : INFO : EventManager : Event: ======'collecting_balls'====== Args={}
2024-11-21 18:31:13,179 : INFO : ball_device.bd_main_kickout_lane : Adding 1 ball(s) to the eject_queue with target <playfield.playfield>.
2024-11-21 18:31:13,179 : INFO : EventManager : Event: ======'balldevice_balls_available'====== Args={}
2024-11-21 18:31:13,182 : INFO : Machine : Starting the main run loop with active modes: [<Mode.attract>]
2024-11-21 18:31:13,182 : INFO : ball_device.bd_main_kickout_lane : State: waiting_for_target_ready
2024-11-21 18:31:13,182 : INFO : EventManager : Event: ======'balldevice_bd_main_kickout_lane_ball_eject_attempt'====== Args={'balls': 1, 'target': <playfield.playfield>, 'source': <ball_device.bd_main_kickout_lane>, 'mechanical_eject': False, 'num_attempts': 0}
2024-11-21 18:31:13,182 : INFO : ball_device.bd_main_kickout_lane : State: ejecting
2024-11-21 18:31:13,182 : INFO : ball_device.bd_main_kickout_lane : Ejecting ball to <playfield.playfield>
2024-11-21 18:31:13,182 : INFO : EventManager : Event: ======'balldevice_bd_main_kickout_lane_ejecting_ball'====== Args={'balls': 1, 'target': <playfield.playfield>, 'source': <ball_device.bd_main_kickout_lane>, 'mechanical_eject': False, 'num_attempts': 0}
2024-11-21 18:31:13,182 : INFO : ball_device.bd_main_kickout_lane : Wait for ball to leave device
2024-11-21 18:31:13,182 : INFO : coil.c_main_lane_center : Pulsing Driver for 250ms (1.0 pulse_power)
2024-11-21 18:31:13,195 : INFO : SwitchController : <<<<<<< 's_main_lane_center' inactive >>>>>>>
2024-11-21 18:31:13,196 : INFO : ball_device.bd_main_kickout_lane : State: ball_left
2024-11-21 18:31:13,196 : INFO : ball_device.bd_main_kickout_lane : Ball left
2024-11-21 18:31:13,196 : INFO : ball_device.bd_main_kickout_lane : Wait for confirm with timeout 1.0
2024-11-21 18:31:13,227 : INFO : EventManager : Event: ======'slide_attract_scroll_created'====== Args={'_from_bcp': True}
2024-11-21 18:31:13,267 : INFO : EventManager : Event: ======'slide__removed'====== Args={'_from_bcp': True}
2024-11-21 18:31:13,267 : INFO : EventManager : Event: ======'slide_attract_scroll_active'====== Args={'original_context': 'attract', 'original_calling_context': 'mode_attract_started', 'priority': 10.0, 'cmd': 'slides_play', '_from_bcp': True}
2024-11-21 18:31:14,197 : INFO : ball_device.bd_main_kickout_lane : State: failed_confirm
2024-11-21 18:31:14,197 : INFO : ball_device.bd_main_kickout_lane : Got timeout (1.0s) before confirm from <playfield.playfield>
2024-11-21 18:31:14,297 : INFO : ball_device.bd_main_kickout_lane : Confirming eject because target is playfield and ball did not return.
2024-11-21 18:31:14,297 : INFO : ball_device.bd_main_kickout_lane : Eject successful
2024-11-21 18:31:14,297 : INFO : EventManager : Event: ======'balldevice_bd_main_kickout_lane_ball_eject_success'====== Args={'balls': 1, 'target': <playfield.playfield>}
2024-11-21 18:31:14,297 : INFO : EventManager : Event: ======'balldevice_playfield_ball_enter'====== Args={'new_balls': 1, 'unclaimed_balls': 1, 'device': <playfield.playfield>}
2024-11-21 18:31:14,297 : INFO : EventManager : Event: ======'playfield_ball_count_change'====== Args={'balls': 1, 'change': 1}
2024-11-21 18:31:14,297 : INFO : EventManager : Event: ======'balldevice_bd_main_kickout_lane_ball_count_changed'====== Args={'balls': 0}
2024-11-21 18:31:14,298 : INFO : ball_device.bd_main_kickout_lane : State: idle
2024-11-21 18:31:28,380 : INFO : SwitchController : <<<<<<< 's_start' active >>>>>>>
2024-11-21 18:31:28,651 : INFO : SwitchController : <<<<<<< 's_start' inactive >>>>>>>
2024-11-21 18:31:28,651 : INFO : EventManager : Event: ======'request_to_start_game'====== Args={}
2024-11-21 18:31:28,651 : INFO : EventManager : Event: ======'collecting_balls'====== Args={}
2024-11-21 18:31:28,652 : INFO : BallController : Known balls: 2
2024-11-21 18:31:28,652 : INFO : BallController : bd_drain contains 1 balls. Tags ['drain', 'home', 'trough']
2024-11-21 18:31:28,652 : INFO : BallController : bd_lower_vuk contains 0 balls. Tags []
2024-11-21 18:31:28,652 : INFO : BallController : bd_lower_kickout_special contains 0 balls. Tags []
2024-11-21 18:31:28,652 : INFO : BallController : bd_main_vuk contains 0 balls. Tags []
2024-11-21 18:31:28,652 : INFO : BallController : bd_main_kickout_right contains 0 balls. Tags []
2024-11-21 18:31:28,652 : INFO : BallController : bd_main_kickout_lane contains 0 balls. Tags []
2024-11-21 18:31:28,652 : INFO : BallController : playfield contains 1 balls. Tags ['default']
2024-11-21 18:31:28,652 : WARNING : BallController : BallController denies game start. Balls are not in their home positions.
2024-11-21 18:31:32,231 : INFO : SwitchController : <<<<<<< 's_start' active >>>>>>>
2024-11-21 18:31:33,197 : INFO : SwitchController : <<<<<<< 's_start' inactive >>>>>>>
2024-11-21 18:31:33,197 : INFO : EventManager : Event: ======'request_to_start_game'====== Args={}
2024-11-21 18:31:33,197 : INFO : EventManager : Event: ======'collecting_balls'====== Args={}
2024-11-21 18:31:33,198 : INFO : BallController : Known balls: 2
2024-11-21 18:31:33,198 : INFO : BallController : bd_drain contains 1 balls. Tags ['drain', 'home', 'trough']
2024-11-21 18:31:33,198 : INFO : BallController : bd_lower_vuk contains 0 balls. Tags []
2024-11-21 18:31:33,198 : INFO : BallController : bd_lower_kickout_special contains 0 balls. Tags []
2024-11-21 18:31:33,198 : INFO : BallController : bd_main_vuk contains 0 balls. Tags []
2024-11-21 18:31:33,198 : INFO : BallController : bd_main_kickout_right contains 0 balls. Tags []
2024-11-21 18:31:33,198 : INFO : BallController : bd_main_kickout_lane contains 0 balls. Tags []
2024-11-21 18:31:33,198 : INFO : BallController : playfield contains 1 balls. Tags ['default']
2024-11-21 18:31:33,198 : WARNING : BallController : BallController denies game start. Balls are not in their home positions.
2024-11-21 18:31:36,882 : INFO : SwitchController : <<<<<<< 's_right_flipper2' active >>>>>>>
2024-11-21 18:31:37,082 : INFO : SwitchController : <<<<<<< 's_right_flipper2' inactive >>>>>>>
2024-11-21 18:31:37,198 : INFO : SwitchController : <<<<<<< 's_right_flipper1' active >>>>>>>
2024-11-21 18:31:37,274 : INFO : SwitchController : <<<<<<< 's_right_flipper2' active >>>>>>>
2024-11-21 18:31:37,360 : INFO : SwitchController : <<<<<<< 's_right_flipper1' inactive >>>>>>>
2024-11-21 18:31:37,424 : INFO : SwitchController : <<<<<<< 's_right_flipper2' inactive >>>>>>>
2024-11-21 18:31:37,438 : INFO : SwitchController : <<<<<<< 's_right_flipper1' active >>>>>>>
2024-11-21 18:31:37,536 : INFO : SwitchController : <<<<<<< 's_right_flipper2' active >>>>>>>
2024-11-21 18:31:37,580 : INFO : SwitchController : <<<<<<< 's_right_flipper1' inactive >>>>>>>
2024-11-21 18:31:37,656 : INFO : SwitchController : <<<<<<< 's_right_flipper2' inactive >>>>>>>
2024-11-21 18:31:37,680 : INFO : SwitchController : <<<<<<< 's_right_flipper1' active >>>>>>>
2024-11-21 18:31:37,766 : INFO : SwitchController : <<<<<<< 's_right_flipper2' active >>>>>>>
2024-11-21 18:31:37,832 : INFO : SwitchController : <<<<<<< 's_right_flipper1' inactive >>>>>>>
2024-11-21 18:31:37,898 : INFO : SwitchController : <<<<<<< 's_right_flipper2' inactive >>>>>>>
2024-11-21 18:31:38,036 : INFO : SwitchController : <<<<<<< 's_right_flipper1' active >>>>>>>
2024-11-21 18:31:38,112 : INFO : SwitchController : <<<<<<< 's_right_flipper2' active >>>>>>>
2024-11-21 18:31:38,126 : INFO : SwitchController : <<<<<<< 's_left_flipper1' active >>>>>>>
2024-11-21 18:31:38,170 : INFO : SwitchController : <<<<<<< 's_left_flipper2' active >>>>>>>
2024-11-21 18:31:38,184 : INFO : SwitchController : <<<<<<< 's_right_flipper1' inactive >>>>>>>
2024-11-21 18:31:38,280 : INFO : SwitchController : <<<<<<< 's_left_flipper1' inactive >>>>>>>
2024-11-21 18:31:38,294 : INFO : SwitchController : <<<<<<< 's_right_flipper2' inactive >>>>>>>
2024-11-21 18:31:38,308 : INFO : SwitchController : <<<<<<< 's_right_flipper1' active >>>>>>>
2024-11-21 18:31:38,324 : INFO : SwitchController : <<<<<<< 's_left_flipper2' inactive >>>>>>>
2024-11-21 18:31:38,324 : INFO : SwitchController : <<<<<<< 's_left_flipper1' active >>>>>>>
2024-11-21 18:31:38,410 : INFO : SwitchController : <<<<<<< 's_right_flipper2' active >>>>>>>
2024-11-21 18:31:38,444 : INFO : SwitchController : <<<<<<< 's_left_flipper2' active >>>>>>>
2024-11-21 18:31:38,458 : INFO : SwitchController : <<<<<<< 's_right_flipper1' inactive >>>>>>>
2024-11-21 18:31:38,472 : INFO : SwitchController : <<<<<<< 's_left_flipper1' inactive >>>>>>>
2024-11-21 18:31:38,540 : INFO : SwitchController : <<<<<<< 's_right_flipper2' inactive >>>>>>>
2024-11-21 18:31:38,540 : INFO : SwitchController : <<<<<<< 's_left_flipper2' inactive >>>>>>>
2024-11-21 18:31:38,540 : INFO : SwitchController : <<<<<<< 's_left_flipper1' active >>>>>>>
2024-11-21 18:31:38,554 : INFO : SwitchController : <<<<<<< 's_right_flipper1' active >>>>>>>
2024-11-21 18:31:38,608 : INFO : SwitchController : <<<<<<< 's_right_flipper2' active >>>>>>>
2024-11-21 18:31:38,622 : INFO : SwitchController : <<<<<<< 's_left_flipper2' active >>>>>>>
2024-11-21 18:31:38,656 : INFO : SwitchController : <<<<<<< 's_right_flipper1' inactive >>>>>>>
2024-11-21 18:31:38,670 : INFO : SwitchController : <<<<<<< 's_left_flipper1' inactive >>>>>>>
2024-11-21 18:31:38,696 : INFO : SwitchController : <<<<<<< 's_left_flipper2' inactive >>>>>>>
2024-11-21 18:31:38,696 : INFO : SwitchController : <<<<<<< 's_right_flipper2' inactive >>>>>>>
2024-11-21 18:31:45,848 : INFO : SwitchController : <<<<<<< 's_main_outhole' inactive >>>>>>>
2024-11-21 18:31:46,214 : INFO : SwitchController : <<<<<<< 's_main_outhole' active >>>>>>>
2024-11-21 18:31:53,712 : INFO : SwitchController : <<<<<<< 's_start' active >>>>>>>
2024-11-21 18:31:54,496 : INFO : SwitchController : <<<<<<< 's_start' inactive >>>>>>>
2024-11-21 18:31:54,496 : INFO : EventManager : Event: ======'request_to_start_game'====== Args={}
2024-11-21 18:31:54,496 : INFO : EventManager : Event: ======'collecting_balls'====== Args={}
2024-11-21 18:31:54,496 : INFO : BallController : Known balls: 2
2024-11-21 18:31:54,497 : INFO : BallController : bd_drain contains 1 balls. Tags ['drain', 'home', 'trough']
2024-11-21 18:31:54,497 : INFO : BallController : bd_lower_vuk contains 0 balls. Tags []
2024-11-21 18:31:54,497 : INFO : BallController : bd_lower_kickout_special contains 0 balls. Tags []
2024-11-21 18:31:54,497 : INFO : BallController : bd_main_vuk contains 0 balls. Tags []
2024-11-21 18:31:54,497 : INFO : BallController : bd_main_kickout_right contains 0 balls. Tags []
2024-11-21 18:31:54,497 : INFO : BallController : bd_main_kickout_lane contains 0 balls. Tags []
2024-11-21 18:31:54,497 : INFO : BallController : playfield contains 1 balls. Tags ['default']
2024-11-21 18:31:54,497 : WARNING : BallController : BallController denies game start. Balls are not in their home positions.
2024-11-21 18:32:16,721 : INFO : Machine : Shutting down...
2024-11-21 18:32:16,721 : INFO : EventManager : Event: ======'shutdown'====== Args={}
2024-11-21 18:32:16,722 : INFO : root : MPF run loop ended.
