2024-11-20 22:08:37,866 : INFO : root : Loading config.
2024-11-20 22:08:37,869 : INFO : YamlMultifileConfigLoader : Machine config file #1: config.yaml
2024-11-20 22:08:37,869 : INFO : ConfigProcessor : Loading config from cache: /var/folders/lw/36nc9wln17qdc1y8dnh6d85h0000gr/T/a187413b8cf7049e0b91852f54cd1afa.mpf_cache
2024-11-20 22:08:37,924 : INFO : ConfigProcessor : Loading config from cache: /var/folders/lw/36nc9wln17qdc1y8dnh6d85h0000gr/T/2e30198d1c841d95b9b3e69c8a0bb49b.mpf_cache
2024-11-20 22:08:37,925 : INFO : ConfigProcessor : Loading config from cache: /var/folders/lw/36nc9wln17qdc1y8dnh6d85h0000gr/T/40928215bbb65374348eff3d4cd7b8bc.mpf_cache
2024-11-20 22:08:37,925 : WARNING : ConfigProcessor : Config file in cache changed: /Users/C_Alan/pinball/hauntedhouse/modes/base/config/base.yaml
2024-11-20 22:08:37,925 : INFO : ConfigProcessor : Loading config from file /Users/C_Alan/pinball/hauntedhouse/modes/base/config/base.yaml.
2024-11-20 22:08:37,929 : INFO : ConfigProcessor : Loading config: /Users/C_Alan/pinball/hauntedhouse/modes/base/config/base.yaml
2024-11-20 22:08:37,930 : INFO : ConfigProcessor : Config file cache created: /var/folders/lw/36nc9wln17qdc1y8dnh6d85h0000gr/T/167ddff969183ffa73a4682c84ddf638.mpf_cache
2024-11-20 22:08:37,930 : INFO : ConfigProcessor : Loading config from cache: /var/folders/lw/36nc9wln17qdc1y8dnh6d85h0000gr/T/2e30198d1c841d95b9b3e69c8a0bb49b.mpf_cache
2024-11-20 22:08:37,930 : INFO : ConfigProcessor : Loading config from cache: /var/folders/lw/36nc9wln17qdc1y8dnh6d85h0000gr/T/1ab5c5e749213b44f20a4087626085fd.mpf_cache
2024-11-20 22:08:37,931 : INFO : Machine : Mission Pinball Framework Core Engine v0.80.0.dev5
2024-11-20 22:08:37,931 : INFO : Machine : Command line arguments: {'no_load_cache': False, 'create_config_cache': True, 'bcp': True, 'configfile': ['config.yaml'], 'force_assets_load': False, 'platform_integration_test': False, 'jsonlogging': False, 'logfile': 'logs/2024-11-20-22-08-37-mpf-Macpro.local.log', 'pause': False, 'production': False, 'text_ui': True, 'loglevel': 15, 'consoleloglevel': 20, 'force_platform': 'virtual', 'syslog_address': None, 'full_logfile_path': '/Users/C_Alan/pinball/hauntedhouse/logs/2024-11-20-22-08-37-mpf-Macpro.local.log'}
2024-11-20 22:08:37,931 : INFO : Machine : MPF path: /Users/C_Alan/envp311/lib/python3.11/site-packages/mpf
2024-11-20 22:08:37,931 : INFO : Machine : Machine path: /Users/C_Alan/pinball/hauntedhouse
2024-11-20 22:08:37,931 : INFO : Machine : Platform: darwin
2024-11-20 22:08:37,931 : INFO : Machine : Python executable location: /Users/C_Alan/envp311/bin/python3.11
2024-11-20 22:08:37,931 : INFO : Machine : Python version: 3.11.0 (64-bit)
2024-11-20 22:08:37,931 : INFO : Machine : Initializing MPF...
2024-11-20 22:08:37,983 : INFO : EventManager : Event: ======'machine_var_credits_string'====== Args={'value': 'FREE PLAY', 'prev_value': None, 'change': True}
2024-11-20 22:08:37,995 : INFO : EventManager : Event: ======'machine_var_master_volume'====== Args={'value': 0.5, 'prev_value': None, 'change': True}
2024-11-20 22:08:37,995 : INFO : EventManager : Event: ======'machine_var_player1_score'====== Args={'value': 60000, 'prev_value': None, 'change': True}
2024-11-20 22:08:37,996 : INFO : EventManager : Event: ======'machine_var_mpf_version'====== Args={'value': 'Mission Pinball Framework v0.80.0.dev5', 'prev_value': None, 'change': True}
2024-11-20 22:08:37,996 : INFO : EventManager : Event: ======'machine_var_mpf_extended_version'====== Args={'value': 'Mission Pinball Framework v0.80.0.dev5, Config version:6, Show version: 6, BCP version:1.1', 'prev_value': None, 'change': True}
2024-11-20 22:08:37,996 : INFO : EventManager : Event: ======'machine_var_python_version'====== Args={'value': '3.11.0', 'prev_value': None, 'change': True}
2024-11-20 22:08:38,009 : INFO : EventManager : Event: ======'machine_var_platform'====== Args={'value': 'macOS-14.6.1-x86_64-i386-64bit', 'prev_value': None, 'change': True}
2024-11-20 22:08:38,009 : INFO : EventManager : Event: ======'machine_var_platform_system'====== Args={'value': 'Darwin', 'prev_value': None, 'change': True}
2024-11-20 22:08:38,009 : INFO : EventManager : Event: ======'machine_var_platform_release'====== Args={'value': '23.6.0', 'prev_value': None, 'change': True}
2024-11-20 22:08:38,009 : INFO : EventManager : Event: ======'machine_var_platform_version'====== Args={'value': 'Darwin Kernel Version 23.6.0: Mon Jul 29 21:13:00 PDT 2024; root:xnu-10063.141.2~1/RELEASE_X86_64', 'prev_value': None, 'change': True}
2024-11-20 22:08:38,009 : INFO : EventManager : Event: ======'machine_var_platform_machine'====== Args={'value': 'x86_64', 'prev_value': None, 'change': True}
2024-11-20 22:08:38,009 : INFO : EventManager : Event: ======'machine_var_log_file_path'====== Args={'value': '/Users/C_Alan/pinball/hauntedhouse/logs/2024-11-20-22-08-37-mpf-Macpro.local.log', 'prev_value': None, 'change': True}
2024-11-20 22:08:38,009 : INFO : EventManager : Event: ======'init_phase_1'====== Args={}
2024-11-20 22:08:38,047 : INFO : EventManager : Event: ======'drop_target_bank_upper_up'====== Args={}
2024-11-20 22:08:38,048 : INFO : EventManager : Event: ======'drop_target_bank_lower_up'====== Args={}
2024-11-20 22:08:38,048 : INFO : EventManager : Event: ======'init_phase_2'====== Args={}
2024-11-20 22:08:38,053 : INFO : EventManager : Event: ======'bcp_connection_attempt'====== Args={'name': 'local_display', 'host': 'localhost', 'port': 5050}
2024-11-20 22:08:38,054 : INFO : BCPClientSocket : Connecting BCP to 'local_display' at localhost:5050...
2024-11-20 22:08:42,955 : INFO : BCPClientSocket : Connected BCP to 'local_display' localhost:5050
2024-11-20 22:08:42,955 : INFO : EventManager : Event: ======'bcp_clients_connected'====== Args={}
2024-11-20 22:08:42,957 : INFO : ball_device.bd_drain : BCH: Initial count: 0
2024-11-20 22:08:42,957 : INFO : ball_device.bd_drain : State: idle
2024-11-20 22:08:42,958 : INFO : ball_device.bd_lower_vuk : BCH: Initial count: 0
2024-11-20 22:08:42,958 : INFO : ball_device.bd_lower_vuk : State: idle
2024-11-20 22:08:42,958 : INFO : ball_device.bd_lower_kickout_special : BCH: Initial count: 0
2024-11-20 22:08:42,958 : INFO : ball_device.bd_lower_kickout_special : State: idle
2024-11-20 22:08:42,959 : INFO : ball_device.bd_main_vuk : BCH: Initial count: 0
2024-11-20 22:08:42,959 : INFO : ball_device.bd_main_vuk : State: idle
2024-11-20 22:08:42,959 : INFO : ball_device.bd_main_kickout_right : BCH: Initial count: 0
2024-11-20 22:08:42,959 : INFO : ball_device.bd_main_kickout_right : State: idle
2024-11-20 22:08:42,960 : INFO : ball_device.bd_main_kickout_lane : BCH: Initial count: 0
2024-11-20 22:08:42,960 : INFO : ball_device.bd_main_kickout_lane : State: idle
2024-11-20 22:08:42,968 : INFO : EventManager : Event: ======'init_phase_3'====== Args={}
2024-11-20 22:08:42,972 : INFO : EventManager : Event: ======'init_phase_4'====== Args={}
2024-11-20 22:08:42,972 : INFO : BallController : Initial balls found: 0
2024-11-20 22:08:42,973 : INFO : EventManager : Event: ======'machine_var_audits_events_game_ended'====== Args={'value': 66, 'prev_value': None, 'change': True}
2024-11-20 22:08:42,973 : INFO : EventManager : Event: ======'machine_var_audits_events_game_started'====== Args={'value': 143, 'prev_value': None, 'change': True}
2024-11-20 22:08:42,973 : INFO : EventManager : Event: ======'machine_var_audits_missing_switches_s_left_flipper1'====== Args={'value': 14, 'prev_value': None, 'change': True}
2024-11-20 22:08:42,973 : INFO : EventManager : Event: ======'machine_var_audits_missing_switches_s_left_flipper2'====== Args={'value': 14, 'prev_value': None, 'change': True}
2024-11-20 22:08:42,973 : INFO : EventManager : Event: ======'machine_var_audits_missing_switches_s_lower_10pt_drops'====== Args={'value': 16, 'prev_value': None, 'change': True}
2024-11-20 22:08:42,973 : INFO : EventManager : Event: ======'machine_var_audits_missing_switches_s_lower_10pt_lower'====== Args={'value': 17, 'prev_value': None, 'change': True}
2024-11-20 22:08:42,973 : INFO : EventManager : Event: ======'machine_var_audits_missing_switches_s_lower_10pt_upper'====== Args={'value': 16, 'prev_value': None, 'change': True}
2024-11-20 22:08:42,973 : INFO : EventManager : Event: ======'machine_var_audits_missing_switches_s_lower_1_drop'====== Args={'value': 17, 'prev_value': None, 'change': True}
2024-11-20 22:08:42,973 : INFO : EventManager : Event: ======'machine_var_audits_missing_switches_s_lower_2_drop'====== Args={'value': 16, 'prev_value': None, 'change': True}
2024-11-20 22:08:42,973 : INFO : EventManager : Event: ======'machine_var_audits_missing_switches_s_lower_3_drop'====== Args={'value': 17, 'prev_value': None, 'change': True}
2024-11-20 22:08:42,973 : INFO : EventManager : Event: ======'machine_var_audits_missing_switches_s_lower_4_drop'====== Args={'value': 29, 'prev_value': None, 'change': True}
2024-11-20 22:08:42,973 : INFO : EventManager : Event: ======'machine_var_audits_missing_switches_s_lower_5_drop'====== Args={'value': 17, 'prev_value': None, 'change': True}
2024-11-20 22:08:42,973 : INFO : EventManager : Event: ======'machine_var_audits_missing_switches_s_lower_bonus_left'====== Args={'value': 16, 'prev_value': None, 'change': True}
2024-11-20 22:08:42,973 : INFO : EventManager : Event: ======'machine_var_audits_missing_switches_s_lower_bonus_right'====== Args={'value': 33, 'prev_value': None, 'change': True}
2024-11-20 22:08:42,973 : INFO : EventManager : Event: ======'machine_var_audits_missing_switches_s_lower_kick_target'====== Args={'value': 33, 'prev_value': None, 'change': True}
2024-11-20 22:08:42,973 : INFO : EventManager : Event: ======'machine_var_audits_missing_switches_s_lower_kickout_special'====== Args={'value': 16, 'prev_value': None, 'change': True}
2024-11-20 22:08:42,974 : INFO : EventManager : Event: ======'machine_var_audits_missing_switches_s_lower_pop'====== Args={'value': 16, 'prev_value': None, 'change': True}
2024-11-20 22:08:42,974 : INFO : EventManager : Event: ======'machine_var_audits_missing_switches_s_lower_rollover'====== Args={'value': 13, 'prev_value': None, 'change': True}
2024-11-20 22:08:42,974 : INFO : EventManager : Event: ======'machine_var_audits_missing_switches_s_lower_slingshot'====== Args={'value': 16, 'prev_value': None, 'change': True}
2024-11-20 22:08:42,974 : INFO : EventManager : Event: ======'machine_var_audits_missing_switches_s_lower_vuk'====== Args={'value': 13, 'prev_value': None, 'change': True}
2024-11-20 22:08:42,974 : INFO : EventManager : Event: ======'machine_var_audits_missing_switches_s_main_10pt_left'====== Args={'value': 16, 'prev_value': None, 'change': True}
2024-11-20 22:08:42,974 : INFO : EventManager : Event: ======'machine_var_audits_missing_switches_s_main_1_target'====== Args={'value': 16, 'prev_value': None, 'change': True}
2024-11-20 22:08:42,974 : INFO : EventManager : Event: ======'machine_var_audits_missing_switches_s_main_2_target'====== Args={'value': 16, 'prev_value': None, 'change': True}
2024-11-20 22:08:42,974 : INFO : EventManager : Event: ======'machine_var_audits_missing_switches_s_main_2_trough'====== Args={'value': 13, 'prev_value': None, 'change': True}
2024-11-20 22:08:42,974 : INFO : EventManager : Event: ======'machine_var_audits_missing_switches_s_main_4_target'====== Args={'value': 13, 'prev_value': None, 'change': True}
2024-11-20 22:08:42,974 : INFO : EventManager : Event: ======'machine_var_audits_missing_switches_s_main_5_target'====== Args={'value': 14, 'prev_value': None, 'change': True}
2024-11-20 22:08:42,974 : INFO : EventManager : Event: ======'machine_var_audits_missing_switches_s_main_inlane_left'====== Args={'value': 27, 'prev_value': None, 'change': True}
2024-11-20 22:08:42,974 : INFO : EventManager : Event: ======'machine_var_audits_missing_switches_s_main_inlane_right'====== Args={'value': 13, 'prev_value': None, 'change': True}
2024-11-20 22:08:42,974 : INFO : EventManager : Event: ======'machine_var_audits_missing_switches_s_main_kickout_right'====== Args={'value': 13, 'prev_value': None, 'change': True}
2024-11-20 22:08:42,974 : INFO : EventManager : Event: ======'machine_var_audits_missing_switches_s_main_lane_center'====== Args={'value': 11, 'prev_value': None, 'change': True}
2024-11-20 22:08:42,974 : INFO : EventManager : Event: ======'machine_var_audits_missing_switches_s_main_outlane_left'====== Args={'value': 33, 'prev_value': None, 'change': True}
2024-11-20 22:08:42,975 : INFO : EventManager : Event: ======'machine_var_audits_missing_switches_s_main_outlane_right'====== Args={'value': 16, 'prev_value': None, 'change': True}
2024-11-20 22:08:42,975 : INFO : EventManager : Event: ======'machine_var_audits_missing_switches_s_main_pop_bottom'====== Args={'value': 14, 'prev_value': None, 'change': True}
2024-11-20 22:08:42,975 : INFO : EventManager : Event: ======'machine_var_audits_missing_switches_s_main_rollunder'====== Args={'value': 13, 'prev_value': None, 'change': True}
2024-11-20 22:08:42,975 : INFO : EventManager : Event: ======'machine_var_audits_missing_switches_s_main_secret_trough'====== Args={'value': 16, 'prev_value': None, 'change': True}
2024-11-20 22:08:42,975 : INFO : EventManager : Event: ======'machine_var_audits_missing_switches_s_main_slingshot'====== Args={'value': 13, 'prev_value': None, 'change': True}
2024-11-20 22:08:42,975 : INFO : EventManager : Event: ======'machine_var_audits_missing_switches_s_main_target_right'====== Args={'value': 16, 'prev_value': None, 'change': True}
2024-11-20 22:08:42,975 : INFO : EventManager : Event: ======'machine_var_audits_missing_switches_s_main_trapdoor_trough'====== Args={'value': 33, 'prev_value': None, 'change': True}
2024-11-20 22:08:42,975 : INFO : EventManager : Event: ======'machine_var_audits_missing_switches_s_main_vuk'====== Args={'value': 12, 'prev_value': None, 'change': True}
2024-11-20 22:08:42,975 : INFO : EventManager : Event: ======'machine_var_audits_missing_switches_s_right_flipper1'====== Args={'value': 13, 'prev_value': None, 'change': True}
2024-11-20 22:08:42,975 : INFO : EventManager : Event: ======'machine_var_audits_missing_switches_s_right_flipper2'====== Args={'value': 13, 'prev_value': None, 'change': True}
2024-11-20 22:08:42,975 : INFO : EventManager : Event: ======'machine_var_audits_missing_switches_s_start'====== Args={'value': 8, 'prev_value': None, 'change': True}
2024-11-20 22:08:42,975 : INFO : EventManager : Event: ======'machine_var_audits_missing_switches_s_upper_10pt_center'====== Args={'value': 12, 'prev_value': None, 'change': True}
2024-11-20 22:08:42,976 : INFO : EventManager : Event: ======'machine_var_audits_missing_switches_s_upper_10pt_left'====== Args={'value': 14, 'prev_value': None, 'change': True}
2024-11-20 22:08:42,976 : INFO : EventManager : Event: ======'machine_var_audits_missing_switches_s_upper_3_target'====== Args={'value': 9, 'prev_value': None, 'change': True}
2024-11-20 22:08:42,976 : INFO : EventManager : Event: ======'machine_var_audits_missing_switches_s_upper_4_target'====== Args={'value': 9, 'prev_value': None, 'change': True}
2024-11-20 22:08:42,976 : INFO : EventManager : Event: ======'machine_var_audits_player_score'====== Args={'value': {'average': 31169, 'top': [211150, 162330, 120480, 114590, 92630, 81180, 78890, 76090, 75800, 75650], 'total': 69}, 'prev_value': None, 'change': True}
2024-11-20 22:08:42,976 : INFO : EventManager : Event: ======'machine_var_audits_shots_10pt'====== Args={'value': 248, 'prev_value': None, 'change': True}
2024-11-20 22:08:42,976 : INFO : EventManager : Event: ======'machine_var_audits_shots_left_inlane'====== Args={'value': 22, 'prev_value': None, 'change': True}
2024-11-20 22:08:42,976 : INFO : EventManager : Event: ======'machine_var_audits_shots_left_outlane'====== Args={'value': 11, 'prev_value': None, 'change': True}
2024-11-20 22:08:42,976 : INFO : EventManager : Event: ======'machine_var_audits_shots_lower_10pt_drops'====== Args={'value': 37, 'prev_value': None, 'change': True}
2024-11-20 22:08:42,976 : INFO : EventManager : Event: ======'machine_var_audits_shots_lower_10pt_lower'====== Args={'value': 12, 'prev_value': None, 'change': True}
2024-11-20 22:08:42,976 : INFO : EventManager : Event: ======'machine_var_audits_shots_lower_10pt_upper'====== Args={'value': 13, 'prev_value': None, 'change': True}
2024-11-20 22:08:42,976 : INFO : EventManager : Event: ======'machine_var_audits_shots_lower_1_drop'====== Args={'value': 44, 'prev_value': None, 'change': True}
2024-11-20 22:08:42,977 : INFO : EventManager : Event: ======'machine_var_audits_shots_lower_2_drop'====== Args={'value': 12, 'prev_value': None, 'change': True}
2024-11-20 22:08:42,977 : INFO : EventManager : Event: ======'machine_var_audits_shots_lower_3_drop'====== Args={'value': 12, 'prev_value': None, 'change': True}
2024-11-20 22:08:42,977 : INFO : EventManager : Event: ======'machine_var_audits_shots_lower_4_drop'====== Args={'value': 16, 'prev_value': None, 'change': True}
2024-11-20 22:08:42,977 : INFO : EventManager : Event: ======'machine_var_audits_shots_lower_5_drop'====== Args={'value': 17, 'prev_value': None, 'change': True}
2024-11-20 22:08:42,977 : INFO : EventManager : Event: ======'machine_var_audits_shots_lower_hole'====== Args={'value': 27, 'prev_value': None, 'change': True}
2024-11-20 22:08:42,977 : INFO : EventManager : Event: ======'machine_var_audits_shots_lower_kick_target'====== Args={'value': 2, 'prev_value': None, 'change': True}
2024-11-20 22:08:42,977 : INFO : EventManager : Event: ======'machine_var_audits_shots_lower_left'====== Args={'value': 11, 'prev_value': None, 'change': True}
2024-11-20 22:08:42,977 : INFO : EventManager : Event: ======'machine_var_audits_shots_lower_left_pop'====== Args={'value': 199, 'prev_value': None, 'change': True}
2024-11-20 22:08:42,977 : INFO : EventManager : Event: ======'machine_var_audits_shots_lower_pop'====== Args={'value': 28, 'prev_value': None, 'change': True}
2024-11-20 22:08:42,977 : INFO : EventManager : Event: ======'machine_var_audits_shots_lower_right'====== Args={'value': 4, 'prev_value': None, 'change': True}
2024-11-20 22:08:42,978 : INFO : EventManager : Event: ======'machine_var_audits_shots_lower_rollover'====== Args={'value': 32, 'prev_value': None, 'change': True}
2024-11-20 22:08:42,978 : INFO : EventManager : Event: ======'machine_var_audits_shots_lower_slingshot'====== Args={'value': 19, 'prev_value': None, 'change': True}
2024-11-20 22:08:42,978 : INFO : EventManager : Event: ======'machine_var_audits_shots_main_1'====== Args={'value': 30, 'prev_value': None, 'change': True}
2024-11-20 22:08:42,978 : INFO : EventManager : Event: ======'machine_var_audits_shots_main_2'====== Args={'value': 33, 'prev_value': None, 'change': True}
2024-11-20 22:08:42,978 : INFO : EventManager : Event: ======'machine_var_audits_shots_main_3'====== Args={'value': 27, 'prev_value': None, 'change': True}
2024-11-20 22:08:42,978 : INFO : EventManager : Event: ======'machine_var_audits_shots_main_4'====== Args={'value': 44, 'prev_value': None, 'change': True}
2024-11-20 22:08:42,978 : INFO : EventManager : Event: ======'machine_var_audits_shots_main_5'====== Args={'value': 24, 'prev_value': None, 'change': True}
2024-11-20 22:08:42,978 : INFO : EventManager : Event: ======'machine_var_audits_shots_main_slingshot'====== Args={'value': 45, 'prev_value': None, 'change': True}
2024-11-20 22:08:42,979 : INFO : EventManager : Event: ======'machine_var_audits_shots_main_trough_1'====== Args={'value': 19, 'prev_value': None, 'change': True}
2024-11-20 22:08:42,979 : INFO : EventManager : Event: ======'machine_var_audits_shots_right_inlane'====== Args={'value': 75, 'prev_value': None, 'change': True}
2024-11-20 22:08:42,979 : INFO : EventManager : Event: ======'machine_var_audits_shots_right_kickout'====== Args={'value': 34, 'prev_value': None, 'change': True}
2024-11-20 22:08:42,979 : INFO : EventManager : Event: ======'machine_var_audits_shots_right_outlane'====== Args={'value': 44, 'prev_value': None, 'change': True}
2024-11-20 22:08:42,979 : INFO : EventManager : Event: ======'machine_var_audits_shots_rollunder'====== Args={'value': 106, 'prev_value': None, 'change': True}
2024-11-20 22:08:42,979 : INFO : EventManager : Event: ======'machine_var_audits_shots_standup_right'====== Args={'value': 91, 'prev_value': None, 'change': True}
2024-11-20 22:08:42,979 : INFO : EventManager : Event: ======'machine_var_audits_shots_upper_1'====== Args={'value': 55, 'prev_value': None, 'change': True}
2024-11-20 22:08:42,979 : INFO : EventManager : Event: ======'machine_var_audits_shots_upper_1_drop'====== Args={'value': 84, 'prev_value': None, 'change': True}
2024-11-20 22:08:42,980 : INFO : EventManager : Event: ======'machine_var_audits_shots_upper_2'====== Args={'value': 71, 'prev_value': None, 'change': True}
2024-11-20 22:08:42,980 : INFO : EventManager : Event: ======'machine_var_audits_shots_upper_2_drop'====== Args={'value': 61, 'prev_value': None, 'change': True}
2024-11-20 22:08:42,980 : INFO : EventManager : Event: ======'machine_var_audits_shots_upper_3'====== Args={'value': 32, 'prev_value': None, 'change': True}
2024-11-20 22:08:42,980 : INFO : EventManager : Event: ======'machine_var_audits_shots_upper_3_drop'====== Args={'value': 80, 'prev_value': None, 'change': True}
2024-11-20 22:08:42,980 : INFO : EventManager : Event: ======'machine_var_audits_shots_upper_4'====== Args={'value': 29, 'prev_value': None, 'change': True}
2024-11-20 22:08:42,980 : INFO : EventManager : Event: ======'machine_var_audits_shots_upper_4_drop'====== Args={'value': 99, 'prev_value': None, 'change': True}
2024-11-20 22:08:42,980 : INFO : EventManager : Event: ======'machine_var_audits_shots_upper_left_pop'====== Args={'value': 103, 'prev_value': None, 'change': True}
2024-11-20 22:08:42,980 : INFO : EventManager : Event: ======'machine_var_audits_shots_upper_pop'====== Args={'value': 559, 'prev_value': None, 'change': True}
2024-11-20 22:08:42,981 : INFO : EventManager : Event: ======'machine_var_audits_switches_s_left_flipper1'====== Args={'value': 420, 'prev_value': None, 'change': True}
2024-11-20 22:08:42,981 : INFO : EventManager : Event: ======'machine_var_audits_switches_s_left_flipper2'====== Args={'value': 469, 'prev_value': None, 'change': True}
2024-11-20 22:08:42,981 : INFO : EventManager : Event: ======'machine_var_audits_switches_s_lower_10pt_UPPER'====== Args={'value': 0, 'prev_value': None, 'change': True}
2024-11-20 22:08:42,981 : INFO : EventManager : Event: ======'machine_var_audits_switches_s_lower_10pt_drops'====== Args={'value': 37, 'prev_value': None, 'change': True}
2024-11-20 22:08:42,981 : INFO : EventManager : Event: ======'machine_var_audits_switches_s_lower_10pt_lower'====== Args={'value': 12, 'prev_value': None, 'change': True}
2024-11-20 22:08:42,981 : INFO : EventManager : Event: ======'machine_var_audits_switches_s_lower_10pt_upper'====== Args={'value': 13, 'prev_value': None, 'change': True}
2024-11-20 22:08:42,982 : INFO : EventManager : Event: ======'machine_var_audits_switches_s_lower_1_drop'====== Args={'value': 399, 'prev_value': None, 'change': True}
2024-11-20 22:08:42,982 : INFO : EventManager : Event: ======'machine_var_audits_switches_s_lower_2_drop'====== Args={'value': 12, 'prev_value': None, 'change': True}
2024-11-20 22:08:42,982 : INFO : EventManager : Event: ======'machine_var_audits_switches_s_lower_3_drop'====== Args={'value': 12, 'prev_value': None, 'change': True}
2024-11-20 22:08:42,982 : INFO : EventManager : Event: ======'machine_var_audits_switches_s_lower_4_drop'====== Args={'value': 16, 'prev_value': None, 'change': True}
2024-11-20 22:08:42,982 : INFO : EventManager : Event: ======'machine_var_audits_switches_s_lower_5_drop'====== Args={'value': 17, 'prev_value': None, 'change': True}
2024-11-20 22:08:42,983 : INFO : EventManager : Event: ======'machine_var_audits_switches_s_lower_bonus_left'====== Args={'value': 11, 'prev_value': None, 'change': True}
2024-11-20 22:08:42,983 : INFO : EventManager : Event: ======'machine_var_audits_switches_s_lower_bonus_right'====== Args={'value': 4, 'prev_value': None, 'change': True}
2024-11-20 22:08:42,983 : INFO : EventManager : Event: ======'machine_var_audits_switches_s_lower_kick_target'====== Args={'value': 2, 'prev_value': None, 'change': True}
2024-11-20 22:08:42,983 : INFO : EventManager : Event: ======'machine_var_audits_switches_s_lower_kickout_special'====== Args={'value': 27, 'prev_value': None, 'change': True}
2024-11-20 22:08:42,983 : INFO : EventManager : Event: ======'machine_var_audits_switches_s_lower_pop'====== Args={'value': 28, 'prev_value': None, 'change': True}
2024-11-20 22:08:42,983 : INFO : EventManager : Event: ======'machine_var_audits_switches_s_lower_rollover'====== Args={'value': 60, 'prev_value': None, 'change': True}
2024-11-20 22:08:42,983 : INFO : EventManager : Event: ======'machine_var_audits_switches_s_lower_slingshot'====== Args={'value': 19, 'prev_value': None, 'change': True}
2024-11-20 22:08:42,984 : INFO : EventManager : Event: ======'machine_var_audits_switches_s_lower_vuk'====== Args={'value': 239, 'prev_value': None, 'change': True}
2024-11-20 22:08:42,984 : INFO : EventManager : Event: ======'machine_var_audits_switches_s_main_10pt_left'====== Args={'value': 33, 'prev_value': None, 'change': True}
2024-11-20 22:08:42,984 : INFO : EventManager : Event: ======'machine_var_audits_switches_s_main_1_target'====== Args={'value': 57, 'prev_value': None, 'change': True}
2024-11-20 22:08:42,984 : INFO : EventManager : Event: ======'machine_var_audits_switches_s_main_1_trough'====== Args={'value': 52, 'prev_value': None, 'change': True}
2024-11-20 22:08:42,984 : INFO : EventManager : Event: ======'machine_var_audits_switches_s_main_2_target'====== Args={'value': 56, 'prev_value': None, 'change': True}
2024-11-20 22:08:42,985 : INFO : EventManager : Event: ======'machine_var_audits_switches_s_main_2_trough'====== Args={'value': 64, 'prev_value': None, 'change': True}
2024-11-20 22:08:42,985 : INFO : EventManager : Event: ======'machine_var_audits_switches_s_main_3_target'====== Args={'value': 27, 'prev_value': None, 'change': True}
2024-11-20 22:08:42,985 : INFO : EventManager : Event: ======'machine_var_audits_switches_s_main_4_target'====== Args={'value': 60, 'prev_value': None, 'change': True}
2024-11-20 22:08:42,985 : INFO : EventManager : Event: ======'machine_var_audits_switches_s_main_5_target'====== Args={'value': 58, 'prev_value': None, 'change': True}
2024-11-20 22:08:42,985 : INFO : EventManager : Event: ======'machine_var_audits_switches_s_main_inlane_left'====== Args={'value': 25, 'prev_value': None, 'change': True}
2024-11-20 22:08:42,985 : INFO : EventManager : Event: ======'machine_var_audits_switches_s_main_inlane_right'====== Args={'value': 80, 'prev_value': None, 'change': True}
2024-11-20 22:08:42,986 : INFO : EventManager : Event: ======'machine_var_audits_switches_s_main_kickout_right'====== Args={'value': 132, 'prev_value': None, 'change': True}
2024-11-20 22:08:42,986 : INFO : EventManager : Event: ======'machine_var_audits_switches_s_main_lane_center'====== Args={'value': 111, 'prev_value': None, 'change': True}
2024-11-20 22:08:42,986 : INFO : EventManager : Event: ======'machine_var_audits_switches_s_main_outhole'====== Args={'value': 469, 'prev_value': None, 'change': True}
2024-11-20 22:08:42,986 : INFO : EventManager : Event: ======'machine_var_audits_switches_s_main_outlane_left'====== Args={'value': 18, 'prev_value': None, 'change': True}
2024-11-20 22:08:42,986 : INFO : EventManager : Event: ======'machine_var_audits_switches_s_main_outlane_right'====== Args={'value': 45, 'prev_value': None, 'change': True}
2024-11-20 22:08:42,986 : INFO : EventManager : Event: ======'machine_var_audits_switches_s_main_pop_bottom'====== Args={'value': 227, 'prev_value': None, 'change': True}
2024-11-20 22:08:42,986 : INFO : EventManager : Event: ======'machine_var_audits_switches_s_main_pop_top'====== Args={'value': 168, 'prev_value': None, 'change': True}
2024-11-20 22:08:42,987 : INFO : EventManager : Event: ======'machine_var_audits_switches_s_main_rollunder'====== Args={'value': 106, 'prev_value': None, 'change': True}
2024-11-20 22:08:42,987 : INFO : EventManager : Event: ======'machine_var_audits_switches_s_main_roundabout_rollunder'====== Args={'value': 52, 'prev_value': None, 'change': True}
2024-11-20 22:08:42,987 : INFO : EventManager : Event: ======'machine_var_audits_switches_s_main_secret_trough'====== Args={'value': 30, 'prev_value': None, 'change': True}
2024-11-20 22:08:42,987 : INFO : EventManager : Event: ======'machine_var_audits_switches_s_main_slingshot'====== Args={'value': 240, 'prev_value': None, 'change': True}
2024-11-20 22:08:42,987 : INFO : EventManager : Event: ======'machine_var_audits_switches_s_main_target_right'====== Args={'value': 144, 'prev_value': None, 'change': True}
2024-11-20 22:08:42,987 : INFO : EventManager : Event: ======'machine_var_audits_switches_s_main_trapdoor_trough'====== Args={'value': 0, 'prev_value': None, 'change': True}
2024-11-20 22:08:42,988 : INFO : EventManager : Event: ======'machine_var_audits_switches_s_main_vuk'====== Args={'value': 281, 'prev_value': None, 'change': True}
2024-11-20 22:08:42,988 : INFO : EventManager : Event: ======'machine_var_audits_switches_s_right_flipper1'====== Args={'value': 367, 'prev_value': None, 'change': True}
2024-11-20 22:08:42,988 : INFO : EventManager : Event: ======'machine_var_audits_switches_s_right_flipper2'====== Args={'value': 419, 'prev_value': None, 'change': True}
2024-11-20 22:08:42,988 : INFO : EventManager : Event: ======'machine_var_audits_switches_s_start'====== Args={'value': 7, 'prev_value': None, 'change': True}
2024-11-20 22:08:42,988 : INFO : EventManager : Event: ======'machine_var_audits_switches_s_upper_10pt_center'====== Args={'value': 198, 'prev_value': None, 'change': True}
2024-11-20 22:08:42,988 : INFO : EventManager : Event: ======'machine_var_audits_switches_s_upper_10pt_left'====== Args={'value': 126, 'prev_value': None, 'change': True}
2024-11-20 22:08:42,989 : INFO : EventManager : Event: ======'machine_var_audits_switches_s_upper_1_drop'====== Args={'value': 92, 'prev_value': None, 'change': True}
2024-11-20 22:08:42,989 : INFO : EventManager : Event: ======'machine_var_audits_switches_s_upper_1_target'====== Args={'value': 117, 'prev_value': None, 'change': True}
2024-11-20 22:08:42,989 : INFO : EventManager : Event: ======'machine_var_audits_switches_s_upper_2_drop'====== Args={'value': 79, 'prev_value': None, 'change': True}
2024-11-20 22:08:42,989 : INFO : EventManager : Event: ======'machine_var_audits_switches_s_upper_2_target'====== Args={'value': 157, 'prev_value': None, 'change': True}
2024-11-20 22:08:42,989 : INFO : EventManager : Event: ======'machine_var_audits_switches_s_upper_3_drop'====== Args={'value': 92, 'prev_value': None, 'change': True}
2024-11-20 22:08:42,990 : INFO : EventManager : Event: ======'machine_var_audits_switches_s_upper_3_target'====== Args={'value': 69, 'prev_value': None, 'change': True}
2024-11-20 22:08:42,990 : INFO : EventManager : Event: ======'machine_var_audits_switches_s_upper_4_drop'====== Args={'value': 119, 'prev_value': None, 'change': True}
2024-11-20 22:08:42,990 : INFO : EventManager : Event: ======'machine_var_audits_switches_s_upper_4_target'====== Args={'value': 67, 'prev_value': None, 'change': True}
2024-11-20 22:08:42,990 : INFO : EventManager : Event: ======'machine_var_audits_switches_s_upper_pop'====== Args={'value': 791, 'prev_value': None, 'change': True}
2024-11-20 22:08:42,991 : INFO : EventManager : Event: ======'init_phase_5'====== Args={}
2024-11-20 22:08:42,995 : INFO : EventManager : Event: ======'init_done'====== Args={}
2024-11-20 22:08:42,995 : INFO : EventManager : Event: ======'machine_reset_phase_1'====== Args={}
2024-11-20 22:08:43,002 : INFO : EventManager : Event: ======'machine_reset_phase_2'====== Args={}
2024-11-20 22:08:43,002 : INFO : EventManager : Event: ======'machine_reset_phase_3'====== Args={}
2024-11-20 22:08:43,002 : INFO : drop_target_bank.upper : All targets are already up. Will not reset bank.
2024-11-20 22:08:43,002 : INFO : drop_target_bank.lower : All targets are already up. Will not reset bank.
2024-11-20 22:08:43,002 : INFO : EventManager : Event: ======'reset_complete'====== Args={}
2024-11-20 22:08:43,002 : INFO : EventManager : Event: ======'mode_attract_will_start'====== Args={}
2024-11-20 22:08:43,003 : INFO : EventManager : Event: ======'mode_attract_starting'====== Args={}
2024-11-20 22:08:43,003 : INFO : Mode.attract : Started. Priority: 10
2024-11-20 22:08:43,003 : INFO : EventManager : Event: ======'modes_active_modes_changed'====== Args={}
2024-11-20 22:08:43,003 : INFO : EventManager : Event: ======'mode_attract_started'====== Args={}
2024-11-20 22:08:43,004 : INFO : EventManager : Event: ======'collecting_balls_complete'====== Args={}
2024-11-20 22:08:43,004 : INFO : Machine : Starting the main run loop with active modes: [<Mode.attract>]
2024-11-20 22:08:43,051 : INFO : EventManager : Event: ======'slide_attract_scroll_created'====== Args={'_from_bcp': True}
2024-11-20 22:08:43,051 : INFO : EventManager : Event: ======'slide__removed'====== Args={'_from_bcp': True}
2024-11-20 22:08:43,052 : INFO : EventManager : Event: ======'slide_attract_scroll_active'====== Args={'original_context': 'attract', 'original_calling_context': 'mode_attract_started', 'priority': 10.0, 'cmd': 'slides_play', '_from_bcp': True}
2024-11-20 22:08:43,250 : INFO : BcpServer : New client connected.
2024-11-20 22:09:04,433 : INFO : SwitchController : <<<<<<< 's_main_outhole' active >>>>>>>
2024-11-20 22:09:04,933 : INFO : EventManager : Event: ======'balldevice_bd_drain_ball_count_changed'====== Args={'balls': 1}
2024-11-20 22:09:04,934 : INFO : ball_device.bd_drain : Received unexpected ball
2024-11-20 22:09:04,934 : INFO : EventManager : Event: ======'balldevice_captured_from_playfield'====== Args={'balls': 1}
2024-11-20 22:09:04,934 : INFO : EventManager : Event: ======'sw_playfield_active'====== Args={'balls': 1}
2024-11-20 22:09:04,934 : INFO : EventManager : Event: ======'playfield_active'====== Args={'source': None}
2024-11-20 22:09:04,934 : INFO : EventManager : Event: ======'unexpected_ball_on_playfield'====== Args={}
2024-11-20 22:09:04,934 : INFO : EventManager : Event: ======'playfield_ball_count_change'====== Args={'balls': -1, 'change': -1}
2024-11-20 22:09:04,935 : INFO : EventManager : Event: ======'balldevice_playfield_ball_enter'====== Args={'new_balls': 1, 'unclaimed_balls': 1, 'device': <playfield.playfield>}
2024-11-20 22:09:04,935 : INFO : EventManager : Event: ======'playfield_ball_count_change'====== Args={'balls': 0, 'change': 1}
2024-11-20 22:09:04,935 : INFO : BallController : Found a new ball which was captured from playfield. Known balls: 1
2024-11-20 22:09:04,935 : INFO : EventManager : Event: ======'found_new_ball'====== Args={}
2024-11-20 22:09:04,935 : INFO : EventManager : Event: ======'balldevice_bd_drain_ball_enter'====== Args={'new_balls': 1, 'unclaimed_balls': 1, 'new_available_balls': 1, 'device': <ball_device.bd_drain>}
2024-11-20 22:09:04,935 : INFO : EventManager : Event: ======'ball_drain'====== Args={'device': <ball_device.bd_drain>, 'balls': 1}
2024-11-20 22:09:04,936 : INFO : EventManager : Event: ======'balldevice_balls_available'====== Args={}
2024-11-20 22:09:04,936 : INFO : EventManager : Event: ======'balldevice_bd_drain_ball_entered'====== Args={'new_balls': 1, 'device': <ball_device.bd_drain>}
2024-11-20 22:09:07,002 : INFO : SwitchController : <<<<<<< 's_start' active >>>>>>>
2024-11-20 22:09:07,102 : INFO : SwitchController : <<<<<<< 's_start' inactive >>>>>>>
2024-11-20 22:09:07,102 : INFO : EventManager : Event: ======'request_to_start_game'====== Args={}
2024-11-20 22:09:07,103 : INFO : EventManager : Event: ======'game_start'====== Args={'buttons': [], 'hold_time': 0.09999181400053203}
2024-11-20 22:09:07,103 : INFO : EventManager : Event: ======'mode_game_will_start'====== Args={'buttons': [], 'hold_time': 0.09999181400053203}
2024-11-20 22:09:07,104 : INFO : EventManager : Event: ======'mode_game_starting'====== Args={'buttons': [], 'hold_time': 0.09999181400053203}
2024-11-20 22:09:07,104 : INFO : EventManager : Event: ======'mode_attract_will_stop'====== Args={}
2024-11-20 22:09:07,104 : INFO : EventManager : Event: ======'mode_attract_stopping'====== Args={}
2024-11-20 22:09:07,104 : INFO : Mode.attract : Stopped.
2024-11-20 22:09:07,104 : INFO : EventManager : Event: ======'modes_active_modes_changed'====== Args={}
2024-11-20 22:09:07,105 : INFO : EventManager : Event: ======'mode_attract_stopped'====== Args={}
2024-11-20 22:09:07,105 : INFO : EventManager : Event: ======'clear'====== Args={'key': 'attract'}
2024-11-20 22:09:07,105 : INFO : Mode.game : Started. Priority: 20
2024-11-20 22:09:07,105 : INFO : EventManager : Event: ======'modes_active_modes_changed'====== Args={}
2024-11-20 22:09:07,106 : INFO : EventManager : Event: ======'mode_game_started'====== Args={'buttons': [], 'hold_time': 0.09999181400053203}
2024-11-20 22:09:07,106 : INFO : EventManager : Event: ======'game_will_start'====== Args={}
2024-11-20 22:09:07,106 : INFO : EventManager : Event: ======'game_starting'====== Args={'game': <Mode.game>}
2024-11-20 22:09:07,107 : INFO : EventManager : Unordered handler for class <Auditor> on event game_ended with priority 1. Handlers: [RegisteredHandler(callback=<bound method Auditor.disable of <Auditor>>, priority=1, kwargs={}, key=UUID('03e59663-e258-486b-bef1-164966f7524d'), condition=None, blocking_facility=None), RegisteredHandler(callback=<bound method Auditor._save_audits of <Auditor>>, priority=1, kwargs={}, key=UUID('328e6bb4-9cd1-4563-b4f3-b9f8c178ed41'), condition=None, blocking_facility=None)]. The order of those handlers is not defined and they will be executed in random order. This might lead to race conditions and potential bugs.
2024-11-20 22:09:07,107 : INFO : EventManager : Event: ======'player_add_request'====== Args={}
2024-11-20 22:09:07,107 : INFO : EventManager : Event: ======'player_will_add'====== Args={'number': 1}
2024-11-20 22:09:07,107 : INFO : EventManager : Event: ======'player_adding'====== Args={'player': <Player 1>, 'number': 1}
2024-11-20 22:09:07,107 : INFO : EventManager : Event: ======'player_added'====== Args={'player': <Player 1>, 'num': 1}
2024-11-20 22:09:07,107 : INFO : Mode.game : Player added successfully. Total players: 1
2024-11-20 22:09:07,107 : INFO : EventManager : Event: ======'player_index'====== Args={'value': 0, 'prev_value': 0, 'change': 0, 'player_num': 1}
2024-11-20 22:09:07,108 : INFO : EventManager : Event: ======'player_number'====== Args={'value': 1, 'prev_value': 1, 'change': 0, 'player_num': 1}
2024-11-20 22:09:07,108 : INFO : EventManager : Event: ======'player_bonusx'====== Args={'value': 1, 'prev_value': 1, 'change': 0, 'player_num': 1}
2024-11-20 22:09:07,108 : INFO : EventManager : Event: ======'player_score'====== Args={'value': 0, 'prev_value': 0, 'change': 0, 'player_num': 1}
2024-11-20 22:09:07,109 : INFO : EventManager : Event: ======'game_started'====== Args={}
2024-11-20 22:09:07,109 : INFO : EventManager : Event: ======'player_turn_will_start'====== Args={'player': <Player 1>, 'number': 1}
2024-11-20 22:09:07,116 : INFO : EventManager : Event: ======'player_turn_starting'====== Args={'player': <Player 1>, 'number': 1}
2024-11-20 22:09:07,116 : INFO : EventManager : Event: ======'player_ball'====== Args={'value': 1, 'prev_value': 0, 'change': 1, 'player_num': 1}
2024-11-20 22:09:07,117 : INFO : EventManager : Event: ======'player_turn_started'====== Args={'player': <Player 1>, 'number': 1}
2024-11-20 22:09:07,117 : INFO : EventManager : Event: ======'ball_will_start'====== Args={'player': 1, 'ball': 1, 'balls_remaining': 2, 'is_extra_ball': False}
2024-11-20 22:09:07,118 : INFO : EventManager : Event: ======'ball_starting'====== Args={'player': 1, 'ball': 1, 'balls_remaining': 2, 'is_extra_ball': False}
2024-11-20 22:09:07,118 : INFO : EventManager : Event: ======'mode_base_will_start'====== Args={'queue': <QueuedEvent>, 'player': 1, 'ball': 1, 'balls_remaining': 2, 'is_extra_ball': False}
2024-11-20 22:09:07,118 : INFO : EventManager : Event: ======'player_shot_upper_pop_enabled'====== Args={'value': True, 'prev_value': 0, 'change': 1, 'player_num': 1}
2024-11-20 22:09:07,118 : INFO : EventManager : Event: ======'player_shot_lower_left_pop_enabled'====== Args={'value': True, 'prev_value': 0, 'change': 1, 'player_num': 1}
2024-11-20 22:09:07,119 : INFO : EventManager : Event: ======'player_shot_upper_left_pop_enabled'====== Args={'value': True, 'prev_value': 0, 'change': 1, 'player_num': 1}
2024-11-20 22:09:07,119 : INFO : EventManager : Event: ======'player_shot_10pt_enabled'====== Args={'value': True, 'prev_value': 0, 'change': 1, 'player_num': 1}
2024-11-20 22:09:07,120 : INFO : EventManager : Event: ======'player_shot_upper_1_enabled'====== Args={'value': True, 'prev_value': 0, 'change': 1, 'player_num': 1}
2024-11-20 22:09:07,120 : INFO : EventManager : Event: ======'player_shot_upper_2_enabled'====== Args={'value': True, 'prev_value': 0, 'change': 1, 'player_num': 1}
2024-11-20 22:09:07,120 : INFO : EventManager : Event: ======'player_shot_upper_3_enabled'====== Args={'value': True, 'prev_value': 0, 'change': 1, 'player_num': 1}
2024-11-20 22:09:07,121 : INFO : EventManager : Event: ======'player_shot_upper_4_enabled'====== Args={'value': True, 'prev_value': 0, 'change': 1, 'player_num': 1}
2024-11-20 22:09:07,121 : INFO : EventManager : Event: ======'player_shot_upper_1_drop_enabled'====== Args={'value': True, 'prev_value': 0, 'change': 1, 'player_num': 1}
2024-11-20 22:09:07,121 : INFO : EventManager : Event: ======'player_shot_upper_2_drop_enabled'====== Args={'value': True, 'prev_value': 0, 'change': 1, 'player_num': 1}
2024-11-20 22:09:07,121 : INFO : EventManager : Event: ======'player_shot_upper_3_drop_enabled'====== Args={'value': True, 'prev_value': 0, 'change': 1, 'player_num': 1}
2024-11-20 22:09:07,122 : INFO : EventManager : Event: ======'player_shot_upper_4_drop_enabled'====== Args={'value': True, 'prev_value': 0, 'change': 1, 'player_num': 1}
2024-11-20 22:09:07,122 : INFO : EventManager : Event: ======'player_shot_lower_1_drop_enabled'====== Args={'value': True, 'prev_value': 0, 'change': 1, 'player_num': 1}
2024-11-20 22:09:07,122 : INFO : EventManager : Event: ======'player_shot_lower_2_drop_enabled'====== Args={'value': True, 'prev_value': 0, 'change': 1, 'player_num': 1}
2024-11-20 22:09:07,123 : INFO : EventManager : Event: ======'player_shot_lower_3_drop_enabled'====== Args={'value': True, 'prev_value': 0, 'change': 1, 'player_num': 1}
2024-11-20 22:09:07,123 : INFO : EventManager : Event: ======'player_shot_lower_4_drop_enabled'====== Args={'value': True, 'prev_value': 0, 'change': 1, 'player_num': 1}
2024-11-20 22:09:07,123 : INFO : EventManager : Event: ======'player_shot_lower_5_drop_enabled'====== Args={'value': True, 'prev_value': 0, 'change': 1, 'player_num': 1}
2024-11-20 22:09:07,123 : INFO : EventManager : Event: ======'player_shot_lower_hole_enabled'====== Args={'value': True, 'prev_value': 0, 'change': 1, 'player_num': 1}
2024-11-20 22:09:07,124 : INFO : EventManager : Event: ======'player_shot_lower_left_enabled'====== Args={'value': True, 'prev_value': 0, 'change': 1, 'player_num': 1}
2024-11-20 22:09:07,124 : INFO : EventManager : Event: ======'player_shot_lower_right_enabled'====== Args={'value': True, 'prev_value': 0, 'change': 1, 'player_num': 1}
2024-11-20 22:09:07,124 : INFO : EventManager : Event: ======'player_shot_lower_pop_enabled'====== Args={'value': True, 'prev_value': 0, 'change': 1, 'player_num': 1}
2024-11-20 22:09:07,125 : INFO : EventManager : Event: ======'player_shot_lower_10pt_lower_enabled'====== Args={'value': True, 'prev_value': 0, 'change': 1, 'player_num': 1}
2024-11-20 22:09:07,125 : INFO : EventManager : Event: ======'player_shot_lower_10pt_drops_enabled'====== Args={'value': True, 'prev_value': 0, 'change': 1, 'player_num': 1}
2024-11-20 22:09:07,125 : INFO : EventManager : Event: ======'player_shot_lower_10pt_upper_enabled'====== Args={'value': True, 'prev_value': 0, 'change': 1, 'player_num': 1}
2024-11-20 22:09:07,125 : INFO : EventManager : Event: ======'player_shot_lower_slingshot_enabled'====== Args={'value': True, 'prev_value': 0, 'change': 1, 'player_num': 1}
2024-11-20 22:09:07,126 : INFO : EventManager : Event: ======'player_shot_lower_kick_target_enabled'====== Args={'value': True, 'prev_value': 0, 'change': 1, 'player_num': 1}
2024-11-20 22:09:07,126 : INFO : EventManager : Event: ======'player_shot_lower_rollover_enabled'====== Args={'value': True, 'prev_value': 0, 'change': 1, 'player_num': 1}
2024-11-20 22:09:07,126 : INFO : EventManager : Event: ======'player_shot_main_1_enabled'====== Args={'value': True, 'prev_value': 0, 'change': 1, 'player_num': 1}
2024-11-20 22:09:07,126 : INFO : EventManager : Event: ======'player_shot_main_2_enabled'====== Args={'value': True, 'prev_value': 0, 'change': 1, 'player_num': 1}
2024-11-20 22:09:07,127 : INFO : EventManager : Event: ======'player_shot_main_3_enabled'====== Args={'value': True, 'prev_value': 0, 'change': 1, 'player_num': 1}
2024-11-20 22:09:07,127 : INFO : EventManager : Event: ======'player_shot_main_4_enabled'====== Args={'value': True, 'prev_value': 0, 'change': 1, 'player_num': 1}
2024-11-20 22:09:07,128 : INFO : EventManager : Event: ======'player_shot_main_5_enabled'====== Args={'value': True, 'prev_value': 0, 'change': 1, 'player_num': 1}
2024-11-20 22:09:07,128 : INFO : EventManager : Event: ======'player_shot_main_slingshot_enabled'====== Args={'value': True, 'prev_value': 0, 'change': 1, 'player_num': 1}
2024-11-20 22:09:07,128 : INFO : EventManager : Event: ======'player_shot_right_outlane_enabled'====== Args={'value': True, 'prev_value': 0, 'change': 1, 'player_num': 1}
2024-11-20 22:09:07,128 : INFO : EventManager : Event: ======'player_shot_right_inlane_enabled'====== Args={'value': True, 'prev_value': 0, 'change': 1, 'player_num': 1}
2024-11-20 22:09:07,129 : INFO : EventManager : Event: ======'player_shot_left_inlane_enabled'====== Args={'value': True, 'prev_value': 0, 'change': 1, 'player_num': 1}
2024-11-20 22:09:07,129 : INFO : EventManager : Event: ======'player_shot_left_outlane_enabled'====== Args={'value': True, 'prev_value': 0, 'change': 1, 'player_num': 1}
2024-11-20 22:09:07,129 : INFO : EventManager : Event: ======'player_shot_standup_right_enabled'====== Args={'value': True, 'prev_value': 0, 'change': 1, 'player_num': 1}
2024-11-20 22:09:07,130 : INFO : EventManager : Event: ======'player_shot_right_kickout_enabled'====== Args={'value': True, 'prev_value': 0, 'change': 1, 'player_num': 1}
2024-11-20 22:09:07,130 : INFO : EventManager : Event: ======'player_shot_rollunder_enabled'====== Args={'value': True, 'prev_value': 0, 'change': 1, 'player_num': 1}
2024-11-20 22:09:07,130 : INFO : EventManager : Event: ======'player_shot_main_trough_1_enabled'====== Args={'value': True, 'prev_value': 0, 'change': 1, 'player_num': 1}
2024-11-20 22:09:07,133 : INFO : EventManager : Event: ======'mode_base_starting'====== Args={'queue': <QueuedEvent>, 'player': 1, 'ball': 1, 'balls_remaining': 2, 'is_extra_ball': False}
2024-11-20 22:09:07,133 : INFO : drop_target_bank.upper : All targets are already up. Will not reset bank.
2024-11-20 22:09:07,133 : INFO : drop_target_bank.lower : All targets are already up. Will not reset bank.
2024-11-20 22:09:07,133 : INFO : EventManager : Event: ======'balls_in_play'====== Args={'balls': 1}
2024-11-20 22:09:07,134 : INFO : EventManager : Event: ======'ball_started'====== Args={'player': 1, 'ball': 1, 'balls_remaining': 2, 'is_extra_ball': False}
2024-11-20 22:09:07,137 : INFO : EventManager : Event: ======'logicblock_attic_drop_counter_updated'====== Args={'value': 0, 'enabled': True}
2024-11-20 22:09:07,138 : INFO : EventManager : Event: ======'logicblock_attic_drop_counter_updated'====== Args={'value': 0, 'enabled': True}
2024-11-20 22:09:07,138 : INFO : Mode.base : Started. Priority: 100
2024-11-20 22:09:07,138 : INFO : EventManager : Event: ======'modes_active_modes_changed'====== Args={}
2024-11-20 22:09:07,138 : INFO : EventManager : Event: ======'mode_base_started'====== Args={'queue': <QueuedEvent>, 'player': 1, 'ball': 1, 'balls_remaining': 2, 'is_extra_ball': False}
2024-11-20 22:09:07,138 : INFO : EventManager : Event: ======'single_player_ball_started'====== Args={}
2024-11-20 22:09:07,138 : INFO : EventManager : Event: ======'ball_start_target'====== Args={'target': 'playfield'}
2024-11-20 22:09:07,139 : INFO : ball_device.bd_drain : Setting up player-controlled eject. Balls: 1, Target: <playfield.playfield>, player_controlled_eject_event: None
2024-11-20 22:09:07,139 : INFO : ball_device.bd_drain : Adding 1 ball(s) to the eject_queue with target <playfield.playfield>.
2024-11-20 22:09:07,139 : INFO : EventManager : Event: ======'balldevice_balls_available'====== Args={}
2024-11-20 22:09:07,139 : INFO : ball_device.bd_drain : State: waiting_for_target_ready
2024-11-20 22:09:07,139 : INFO : EventManager : Event: ======'balldevice_bd_drain_ball_eject_attempt'====== Args={'balls': 1, 'target': <playfield.playfield>, 'source': <ball_device.bd_drain>, 'mechanical_eject': False, 'num_attempts': 0}
2024-11-20 22:09:07,139 : INFO : ball_device.bd_drain : State: ejecting
2024-11-20 22:09:07,140 : INFO : ball_device.bd_drain : Ejecting ball to <playfield.playfield>
2024-11-20 22:09:07,140 : INFO : EventManager : Event: ======'balldevice_bd_drain_ejecting_ball'====== Args={'balls': 1, 'target': <playfield.playfield>, 'source': <ball_device.bd_drain>, 'mechanical_eject': False, 'num_attempts': 0}
2024-11-20 22:09:07,140 : INFO : ball_device.bd_drain : Wait for ball to leave device
2024-11-20 22:09:07,140 : INFO : coil.c_main_outhole : Pulsing Driver for 60ms (1.0 pulse_power)
2024-11-20 22:09:07,152 : INFO : EventManager : Event: ======'slide_base_created'====== Args={'_from_bcp': True}
2024-11-20 22:09:07,152 : INFO : EventManager : Event: ======'slide_attract_scroll_inactive'====== Args={'is_removing': True, '_from_bcp': True}
2024-11-20 22:09:07,152 : INFO : EventManager : Event: ======'slide_base_active'====== Args={'original_context': 'base', 'original_calling_context': 'mode_base_started', 'priority': 100.0, 'queue': '<QueuedEvent>', 'player': 1.0, 'ball': 1.0, 'balls_remaining': 2.0, 'is_extra_ball': False, 'cmd': 'slides_play', '_from_bcp': True}
2024-11-20 22:09:07,153 : INFO : EventManager : Event: ======'slide_attract_scroll_removed'====== Args={'_from_bcp': True}
2024-11-20 22:09:08,105 : INFO : SwitchController : <<<<<<< 's_main_outhole' inactive >>>>>>>
2024-11-20 22:09:08,106 : INFO : ball_device.bd_drain : State: ball_left
2024-11-20 22:09:08,106 : INFO : ball_device.bd_drain : Ball left
2024-11-20 22:09:08,106 : INFO : ball_device.bd_drain : Wait for confirm with timeout 10.0
2024-11-20 22:09:16,672 : INFO : SwitchController : <<<<<<< 's_main_pop_top' active >>>>>>>
2024-11-20 22:09:16,672 : INFO : EventManager : Event: ======'playfield_active'====== Args={'source': 'upper_left_pop'}
2024-11-20 22:09:16,672 : INFO : EventManager : Event: ======'s_main_pop_top_active'====== Args={}
2024-11-20 22:09:16,672 : INFO : EventManager : Event: ======'playfield_active'====== Args={'source': 'main_pop_top'}
2024-11-20 22:09:16,672 : INFO : EventManager : Event: ======'machine_var_audits_switches_s_main_pop_top'====== Args={'value': 169, 'prev_value': 168, 'change': 1}
2024-11-20 22:09:16,673 : INFO : EventManager : Event: ======'player_shot_upper_left_pop'====== Args={'value': 1, 'prev_value': 0, 'change': 1, 'player_num': 1}
2024-11-20 22:09:16,678 : INFO : EventManager : Event: ======'machine_var_audits_shots_upper_left_pop'====== Args={'value': 104, 'prev_value': 103, 'change': 1}
2024-11-20 22:09:16,678 : INFO : EventManager : Event: ======'upper_left_pop_hit'====== Args={'profile': 'default', 'state': 'unlit', 'advancing': True}
2024-11-20 22:09:16,679 : INFO : EventManager : Event: ======'upper_left_pop_default_hit'====== Args={'profile': 'default', 'state': 'unlit', 'advancing': True}
2024-11-20 22:09:16,679 : INFO : EventManager : Event: ======'upper_left_pop_default_unlit_hit'====== Args={'profile': 'default', 'state': 'unlit', 'advancing': True}
2024-11-20 22:09:16,679 : INFO : EventManager : Event: ======'upper_left_pop_unlit_hit'====== Args={'profile': 'default', 'state': 'unlit', 'advancing': True}
2024-11-20 22:09:16,679 : INFO : EventManager : Event: ======'player_score'====== Args={'value': 1000, 'prev_value': 0, 'change': 1000, 'player_num': 1, 'source': 'base'}
2024-11-20 22:09:16,680 : INFO : ball_device.bd_drain : Got eject confirm
2024-11-20 22:09:16,680 : INFO : ball_device.bd_drain : Eject successful
2024-11-20 22:09:16,680 : INFO : EventManager : Event: ======'balldevice_bd_drain_ball_eject_success'====== Args={'balls': 1, 'target': <playfield.playfield>}
2024-11-20 22:09:16,681 : INFO : EventManager : Event: ======'balldevice_playfield_ball_enter'====== Args={'new_balls': 1, 'unclaimed_balls': 1, 'device': <playfield.playfield>}
2024-11-20 22:09:16,681 : INFO : EventManager : Event: ======'playfield_ball_count_change'====== Args={'balls': 1, 'change': 1}
2024-11-20 22:09:16,681 : INFO : EventManager : Event: ======'balldevice_bd_drain_ball_count_changed'====== Args={'balls': 0}
2024-11-20 22:09:16,681 : INFO : ball_device.bd_drain : State: idle
2024-11-20 22:09:16,754 : INFO : SwitchController : <<<<<<< 's_main_pop_top' inactive >>>>>>>
2024-11-20 22:09:17,105 : INFO : SwitchController : <<<<<<< 's_main_pop_top' active >>>>>>>
2024-11-20 22:09:17,105 : INFO : EventManager : Event: ======'s_main_pop_top_active'====== Args={}
2024-11-20 22:09:17,105 : INFO : EventManager : Event: ======'machine_var_audits_switches_s_main_pop_top'====== Args={'value': 170, 'prev_value': 169, 'change': 1}
2024-11-20 22:09:17,106 : INFO : EventManager : Event: ======'machine_var_audits_shots_upper_left_pop'====== Args={'value': 105, 'prev_value': 104, 'change': 1}
2024-11-20 22:09:17,107 : INFO : EventManager : Event: ======'upper_left_pop_hit'====== Args={'profile': 'default', 'state': 'lit', 'advancing': False}
2024-11-20 22:09:17,107 : INFO : EventManager : Event: ======'upper_left_pop_default_hit'====== Args={'profile': 'default', 'state': 'lit', 'advancing': False}
2024-11-20 22:09:17,107 : INFO : EventManager : Event: ======'upper_left_pop_default_lit_hit'====== Args={'profile': 'default', 'state': 'lit', 'advancing': False}
2024-11-20 22:09:17,107 : INFO : EventManager : Event: ======'upper_left_pop_lit_hit'====== Args={'profile': 'default', 'state': 'lit', 'advancing': False}
2024-11-20 22:09:17,107 : INFO : EventManager : Event: ======'player_score'====== Args={'value': 2000, 'prev_value': 1000, 'change': 1000, 'player_num': 1, 'source': 'base'}
2024-11-20 22:09:17,204 : INFO : SwitchController : <<<<<<< 's_main_pop_top' inactive >>>>>>>
2024-11-20 22:09:17,505 : INFO : SwitchController : <<<<<<< 's_main_pop_top' active >>>>>>>
2024-11-20 22:09:17,505 : INFO : EventManager : Event: ======'s_main_pop_top_active'====== Args={}
2024-11-20 22:09:17,505 : INFO : EventManager : Event: ======'machine_var_audits_switches_s_main_pop_top'====== Args={'value': 171, 'prev_value': 170, 'change': 1}
2024-11-20 22:09:17,506 : INFO : EventManager : Event: ======'machine_var_audits_shots_upper_left_pop'====== Args={'value': 106, 'prev_value': 105, 'change': 1}
2024-11-20 22:09:17,506 : INFO : EventManager : Event: ======'upper_left_pop_hit'====== Args={'profile': 'default', 'state': 'lit', 'advancing': False}
2024-11-20 22:09:17,507 : INFO : EventManager : Event: ======'upper_left_pop_default_hit'====== Args={'profile': 'default', 'state': 'lit', 'advancing': False}
2024-11-20 22:09:17,507 : INFO : EventManager : Event: ======'upper_left_pop_default_lit_hit'====== Args={'profile': 'default', 'state': 'lit', 'advancing': False}
2024-11-20 22:09:17,507 : INFO : EventManager : Event: ======'upper_left_pop_lit_hit'====== Args={'profile': 'default', 'state': 'lit', 'advancing': False}
2024-11-20 22:09:17,507 : INFO : EventManager : Event: ======'player_score'====== Args={'value': 3000, 'prev_value': 2000, 'change': 1000, 'player_num': 1, 'source': 'base'}
2024-11-20 22:09:17,605 : INFO : SwitchController : <<<<<<< 's_main_pop_top' inactive >>>>>>>
2024-11-20 22:09:20,770 : INFO : SwitchController : <<<<<<< 's_upper_1_drop' active >>>>>>>
2024-11-20 22:09:20,770 : INFO : EventManager : Event: ======'s_upper_1_drop_active'====== Args={}
2024-11-20 22:09:20,770 : INFO : EventManager : Event: ======'drop_target_u1_drop_down'====== Args={'device': <drop_target.u1_drop>}
2024-11-20 22:09:20,771 : INFO : EventManager : Event: ======'drop_target_bank_upper_mixed'====== Args={'prev_value': <DropTargetBankState.UP: 'up'>, 'down': 1}
2024-11-20 22:09:20,771 : INFO : EventManager : Event: ======'machine_var_audits_switches_s_upper_1_drop'====== Args={'value': 93, 'prev_value': 92, 'change': 1}
2024-11-20 22:09:20,772 : INFO : EventManager : Event: ======'player_shot_upper_1_drop'====== Args={'value': 1, 'prev_value': 0, 'change': 1, 'player_num': 1}
2024-11-20 22:09:20,776 : INFO : EventManager : Event: ======'machine_var_audits_shots_upper_1_drop'====== Args={'value': 85, 'prev_value': 84, 'change': 1}
2024-11-20 22:09:20,776 : INFO : EventManager : Event: ======'upper_1_drop_hit'====== Args={'profile': 'default', 'state': 'unlit', 'advancing': True}
2024-11-20 22:09:20,776 : INFO : EventManager : Event: ======'upper_1_drop_default_hit'====== Args={'profile': 'default', 'state': 'unlit', 'advancing': True}
2024-11-20 22:09:20,776 : INFO : EventManager : Event: ======'upper_1_drop_default_unlit_hit'====== Args={'profile': 'default', 'state': 'unlit', 'advancing': True}
2024-11-20 22:09:20,777 : INFO : EventManager : Event: ======'upper_1_drop_unlit_hit'====== Args={'profile': 'default', 'state': 'unlit', 'advancing': True}
2024-11-20 22:09:20,777 : INFO : EventManager : Event: ======'player_score'====== Args={'value': 6000, 'prev_value': 3000, 'change': 3000, 'player_num': 1, 'source': 'base'}
2024-11-20 22:09:21,744 : INFO : SwitchController : <<<<<<< 's_upper_2_drop' active >>>>>>>
2024-11-20 22:09:21,745 : INFO : EventManager : Event: ======'s_upper_2_drop_active'====== Args={}
2024-11-20 22:09:21,745 : INFO : EventManager : Event: ======'drop_target_u2_drop_down'====== Args={'device': <drop_target.u2_drop>}
2024-11-20 22:09:21,745 : INFO : EventManager : Event: ======'drop_target_bank_upper_mixed'====== Args={'prev_value': <DropTargetBankState.MIXED: 'mixed'>, 'down': 2}
2024-11-20 22:09:21,746 : INFO : EventManager : Event: ======'machine_var_audits_switches_s_upper_2_drop'====== Args={'value': 80, 'prev_value': 79, 'change': 1}
2024-11-20 22:09:21,746 : INFO : EventManager : Event: ======'player_shot_upper_2_drop'====== Args={'value': 1, 'prev_value': 0, 'change': 1, 'player_num': 1}
2024-11-20 22:09:21,746 : INFO : EventManager : Event: ======'machine_var_audits_shots_upper_2_drop'====== Args={'value': 62, 'prev_value': 61, 'change': 1}
2024-11-20 22:09:21,747 : INFO : EventManager : Event: ======'upper_2_drop_hit'====== Args={'profile': 'default', 'state': 'unlit', 'advancing': True}
2024-11-20 22:09:21,747 : INFO : EventManager : Event: ======'upper_2_drop_default_hit'====== Args={'profile': 'default', 'state': 'unlit', 'advancing': True}
2024-11-20 22:09:21,747 : INFO : EventManager : Event: ======'upper_2_drop_default_unlit_hit'====== Args={'profile': 'default', 'state': 'unlit', 'advancing': True}
2024-11-20 22:09:21,747 : INFO : EventManager : Event: ======'upper_2_drop_unlit_hit'====== Args={'profile': 'default', 'state': 'unlit', 'advancing': True}
2024-11-20 22:09:21,747 : INFO : EventManager : Event: ======'player_score'====== Args={'value': 9000, 'prev_value': 6000, 'change': 3000, 'player_num': 1, 'source': 'base'}
2024-11-20 22:09:22,609 : INFO : SwitchController : <<<<<<< 's_upper_3_drop' active >>>>>>>
2024-11-20 22:09:22,609 : INFO : EventManager : Event: ======'s_upper_3_drop_active'====== Args={}
2024-11-20 22:09:22,609 : INFO : EventManager : Event: ======'drop_target_u3_drop_down'====== Args={'device': <drop_target.u3_drop>}
2024-11-20 22:09:22,610 : INFO : EventManager : Event: ======'drop_target_bank_upper_mixed'====== Args={'prev_value': <DropTargetBankState.MIXED: 'mixed'>, 'down': 3}
2024-11-20 22:09:22,610 : INFO : EventManager : Event: ======'machine_var_audits_switches_s_upper_3_drop'====== Args={'value': 93, 'prev_value': 92, 'change': 1}
2024-11-20 22:09:22,611 : INFO : EventManager : Event: ======'player_shot_upper_3_drop'====== Args={'value': 1, 'prev_value': 0, 'change': 1, 'player_num': 1}
2024-11-20 22:09:22,611 : INFO : EventManager : Event: ======'machine_var_audits_shots_upper_3_drop'====== Args={'value': 81, 'prev_value': 80, 'change': 1}
2024-11-20 22:09:22,612 : INFO : EventManager : Event: ======'upper_3_drop_hit'====== Args={'profile': 'default', 'state': 'unlit', 'advancing': True}
2024-11-20 22:09:22,612 : INFO : EventManager : Event: ======'upper_3_drop_default_hit'====== Args={'profile': 'default', 'state': 'unlit', 'advancing': True}
2024-11-20 22:09:22,612 : INFO : EventManager : Event: ======'upper_3_drop_default_unlit_hit'====== Args={'profile': 'default', 'state': 'unlit', 'advancing': True}
2024-11-20 22:09:22,612 : INFO : EventManager : Event: ======'upper_3_drop_unlit_hit'====== Args={'profile': 'default', 'state': 'unlit', 'advancing': True}
2024-11-20 22:09:22,612 : INFO : EventManager : Event: ======'player_score'====== Args={'value': 12000, 'prev_value': 9000, 'change': 3000, 'player_num': 1, 'source': 'base'}
2024-11-20 22:09:23,473 : INFO : SwitchController : <<<<<<< 's_upper_4_drop' active >>>>>>>
2024-11-20 22:09:23,473 : INFO : EventManager : Event: ======'s_upper_4_drop_active'====== Args={}
2024-11-20 22:09:23,473 : INFO : EventManager : Event: ======'drop_target_u4_drop_down'====== Args={'device': <drop_target.u4_drop>}
2024-11-20 22:09:23,474 : INFO : EventManager : Event: ======'drop_target_bank_upper_down'====== Args={}
2024-11-20 22:09:23,474 : INFO : EventManager : Event: ======'machine_var_audits_switches_s_upper_4_drop'====== Args={'value': 120, 'prev_value': 119, 'change': 1}
2024-11-20 22:09:23,475 : INFO : EventManager : Event: ======'player_shot_upper_4_drop'====== Args={'value': 1, 'prev_value': 0, 'change': 1, 'player_num': 1}
2024-11-20 22:09:23,475 : INFO : EventManager : Event: ======'machine_var_audits_shots_upper_4_drop'====== Args={'value': 100, 'prev_value': 99, 'change': 1}
2024-11-20 22:09:23,476 : INFO : EventManager : Event: ======'upper_4_drop_hit'====== Args={'profile': 'default', 'state': 'unlit', 'advancing': True}
2024-11-20 22:09:23,476 : INFO : EventManager : Event: ======'upper_4_drop_default_hit'====== Args={'profile': 'default', 'state': 'unlit', 'advancing': True}
2024-11-20 22:09:23,476 : INFO : EventManager : Event: ======'upper_4_drop_default_unlit_hit'====== Args={'profile': 'default', 'state': 'unlit', 'advancing': True}
2024-11-20 22:09:23,476 : INFO : EventManager : Event: ======'upper_4_drop_unlit_hit'====== Args={'profile': 'default', 'state': 'unlit', 'advancing': True}
2024-11-20 22:09:23,476 : INFO : EventManager : Event: ======'player_score'====== Args={'value': 15000, 'prev_value': 12000, 'change': 3000, 'player_num': 1, 'source': 'base'}
2024-11-20 22:09:23,478 : INFO : EventManager : Event: ======'logicblock_attic_drop_counter_updated'====== Args={'value': 1, 'enabled': True}
2024-11-20 22:09:23,478 : INFO : EventManager : Event: ======'counter_attic_drop_counter_hit'====== Args={'count': 1, 'hits': 1, 'remaining': 3}
2024-11-20 22:09:23,478 : INFO : EventManager : Event: ======'logicblock_attic_drop_counter_hit'====== Args={'count': 1, 'hits': 1, 'remaining': 3}
2024-11-20 22:09:24,475 : INFO : drop_target_bank.upper : 4 targets are down. Will reset those.
2024-11-20 22:09:24,475 : INFO : coil.c_upper_drop : Pulsing Driver for 75ms (1.0 pulse_power)
2024-11-20 22:09:25,161 : INFO : SwitchController : <<<<<<< 's_upper_1_drop' inactive >>>>>>>
2024-11-20 22:09:25,161 : INFO : EventManager : Event: ======'drop_target_u1_drop_up'====== Args={'device': <drop_target.u1_drop>}
2024-11-20 22:09:25,162 : INFO : EventManager : Event: ======'drop_target_bank_upper_mixed'====== Args={'prev_value': <DropTargetBankState.DOWN: 'down'>, 'down': 3}
2024-11-20 22:09:26,201 : INFO : SwitchController : <<<<<<< 's_upper_2_drop' inactive >>>>>>>
2024-11-20 22:09:26,201 : INFO : EventManager : Event: ======'drop_target_u2_drop_up'====== Args={'device': <drop_target.u2_drop>}
2024-11-20 22:09:26,202 : INFO : EventManager : Event: ======'drop_target_bank_upper_mixed'====== Args={'prev_value': <DropTargetBankState.MIXED: 'mixed'>, 'down': 2}
2024-11-20 22:09:27,505 : INFO : SwitchController : <<<<<<< 's_upper_3_drop' inactive >>>>>>>
2024-11-20 22:09:27,505 : INFO : EventManager : Event: ======'drop_target_u3_drop_up'====== Args={'device': <drop_target.u3_drop>}
2024-11-20 22:09:27,506 : INFO : EventManager : Event: ======'drop_target_bank_upper_mixed'====== Args={'prev_value': <DropTargetBankState.MIXED: 'mixed'>, 'down': 1}
2024-11-20 22:09:28,513 : INFO : SwitchController : <<<<<<< 's_upper_4_drop' inactive >>>>>>>
2024-11-20 22:09:28,513 : INFO : EventManager : Event: ======'drop_target_u4_drop_up'====== Args={'device': <drop_target.u4_drop>}
2024-11-20 22:09:28,514 : INFO : EventManager : Event: ======'drop_target_bank_upper_up'====== Args={}
2024-11-20 22:09:30,075 : INFO : SwitchController : <<<<<<< 's_upper_pop' active >>>>>>>
2024-11-20 22:09:30,075 : INFO : EventManager : Event: ======'s_upper_pop_active'====== Args={}
2024-11-20 22:09:30,076 : INFO : EventManager : Event: ======'machine_var_audits_switches_s_upper_pop'====== Args={'value': 792, 'prev_value': 791, 'change': 1}
2024-11-20 22:09:30,076 : INFO : EventManager : Event: ======'player_shot_upper_pop'====== Args={'value': 1, 'prev_value': 0, 'change': 1, 'player_num': 1}
2024-11-20 22:09:30,081 : INFO : EventManager : Event: ======'machine_var_audits_shots_upper_pop'====== Args={'value': 560, 'prev_value': 559, 'change': 1}
2024-11-20 22:09:30,081 : INFO : EventManager : Event: ======'upper_pop_hit'====== Args={'profile': 'default', 'state': 'unlit', 'advancing': True}
2024-11-20 22:09:30,082 : INFO : EventManager : Event: ======'upper_pop_default_hit'====== Args={'profile': 'default', 'state': 'unlit', 'advancing': True}
2024-11-20 22:09:30,082 : INFO : EventManager : Event: ======'upper_pop_default_unlit_hit'====== Args={'profile': 'default', 'state': 'unlit', 'advancing': True}
2024-11-20 22:09:30,082 : INFO : EventManager : Event: ======'upper_pop_unlit_hit'====== Args={'profile': 'default', 'state': 'unlit', 'advancing': True}
2024-11-20 22:09:30,082 : INFO : EventManager : Event: ======'player_score'====== Args={'value': 16000, 'prev_value': 15000, 'change': 1000, 'player_num': 1, 'source': 'base'}
2024-11-20 22:09:30,150 : INFO : SwitchController : <<<<<<< 's_upper_pop' inactive >>>>>>>
2024-11-20 22:09:32,394 : INFO : SwitchController : <<<<<<< 's_upper_1_target' active >>>>>>>
2024-11-20 22:09:32,394 : INFO : EventManager : Event: ======'s_upper_1_target_active'====== Args={}
2024-11-20 22:09:32,395 : INFO : EventManager : Event: ======'sw_playfield_active'====== Args={}
2024-11-20 22:09:32,395 : INFO : EventManager : Event: ======'machine_var_audits_switches_s_upper_1_target'====== Args={'value': 118, 'prev_value': 117, 'change': 1}
2024-11-20 22:09:32,395 : INFO : EventManager : Event: ======'player_shot_upper_1'====== Args={'value': 1, 'prev_value': 0, 'change': 1, 'player_num': 1}
2024-11-20 22:09:32,400 : INFO : EventManager : Event: ======'machine_var_audits_shots_upper_1'====== Args={'value': 56, 'prev_value': 55, 'change': 1}
2024-11-20 22:09:32,400 : INFO : EventManager : Event: ======'upper_1_hit'====== Args={'profile': 'default', 'state': 'unlit', 'advancing': True}
2024-11-20 22:09:32,400 : INFO : EventManager : Event: ======'upper_1_default_hit'====== Args={'profile': 'default', 'state': 'unlit', 'advancing': True}
2024-11-20 22:09:32,400 : INFO : EventManager : Event: ======'upper_1_default_unlit_hit'====== Args={'profile': 'default', 'state': 'unlit', 'advancing': True}
2024-11-20 22:09:32,401 : INFO : EventManager : Event: ======'upper_1_unlit_hit'====== Args={'profile': 'default', 'state': 'unlit', 'advancing': True}
2024-11-20 22:09:32,401 : INFO : EventManager : Event: ======'player_score'====== Args={'value': 19000, 'prev_value': 16000, 'change': 3000, 'player_num': 1, 'source': 'base'}
2024-11-20 22:09:32,491 : INFO : SwitchController : <<<<<<< 's_upper_1_target' inactive >>>>>>>
2024-11-20 22:09:33,926 : INFO : SwitchController : <<<<<<< 's_upper_1_target' active >>>>>>>
2024-11-20 22:09:33,926 : INFO : EventManager : Event: ======'s_upper_1_target_active'====== Args={}
2024-11-20 22:09:33,926 : INFO : EventManager : Event: ======'sw_playfield_active'====== Args={}
2024-11-20 22:09:33,926 : INFO : EventManager : Event: ======'machine_var_audits_switches_s_upper_1_target'====== Args={'value': 119, 'prev_value': 118, 'change': 1}
2024-11-20 22:09:33,927 : INFO : EventManager : Event: ======'machine_var_audits_shots_upper_1'====== Args={'value': 57, 'prev_value': 56, 'change': 1}
2024-11-20 22:09:33,927 : INFO : EventManager : Event: ======'upper_1_hit'====== Args={'profile': 'default', 'state': 'lit', 'advancing': False}
2024-11-20 22:09:33,927 : INFO : EventManager : Event: ======'upper_1_default_hit'====== Args={'profile': 'default', 'state': 'lit', 'advancing': False}
2024-11-20 22:09:33,927 : INFO : EventManager : Event: ======'upper_1_default_lit_hit'====== Args={'profile': 'default', 'state': 'lit', 'advancing': False}
2024-11-20 22:09:33,928 : INFO : EventManager : Event: ======'upper_1_lit_hit'====== Args={'profile': 'default', 'state': 'lit', 'advancing': False}
2024-11-20 22:09:33,928 : INFO : EventManager : Event: ======'player_score'====== Args={'value': 22000, 'prev_value': 19000, 'change': 3000, 'player_num': 1, 'source': 'base'}
2024-11-20 22:09:34,000 : INFO : SwitchController : <<<<<<< 's_upper_1_target' inactive >>>>>>>
2024-11-20 22:09:40,878 : INFO : SwitchController : <<<<<<< 's_upper_2_target' active >>>>>>>
2024-11-20 22:09:40,878 : INFO : EventManager : Event: ======'s_upper_2_target_active'====== Args={}
2024-11-20 22:09:40,878 : INFO : EventManager : Event: ======'sw_playfield_active'====== Args={}
2024-11-20 22:09:40,878 : INFO : EventManager : Event: ======'machine_var_audits_switches_s_upper_2_target'====== Args={'value': 158, 'prev_value': 157, 'change': 1}
2024-11-20 22:09:40,879 : INFO : EventManager : Event: ======'player_shot_upper_2'====== Args={'value': 1, 'prev_value': 0, 'change': 1, 'player_num': 1}
2024-11-20 22:09:40,884 : INFO : EventManager : Event: ======'machine_var_audits_shots_upper_2'====== Args={'value': 72, 'prev_value': 71, 'change': 1}
2024-11-20 22:09:40,884 : INFO : EventManager : Event: ======'upper_2_hit'====== Args={'profile': 'default', 'state': 'unlit', 'advancing': True}
2024-11-20 22:09:40,884 : INFO : EventManager : Event: ======'upper_2_default_hit'====== Args={'profile': 'default', 'state': 'unlit', 'advancing': True}
2024-11-20 22:09:40,884 : INFO : EventManager : Event: ======'upper_2_default_unlit_hit'====== Args={'profile': 'default', 'state': 'unlit', 'advancing': True}
2024-11-20 22:09:40,884 : INFO : EventManager : Event: ======'upper_2_unlit_hit'====== Args={'profile': 'default', 'state': 'unlit', 'advancing': True}
2024-11-20 22:09:40,885 : INFO : EventManager : Event: ======'player_score'====== Args={'value': 22500, 'prev_value': 22000, 'change': 500, 'player_num': 1, 'source': 'base'}
2024-11-20 22:09:40,977 : INFO : SwitchController : <<<<<<< 's_upper_2_target' inactive >>>>>>>
2024-11-20 22:09:42,461 : INFO : SwitchController : <<<<<<< 's_upper_2_target' active >>>>>>>
2024-11-20 22:09:42,461 : INFO : EventManager : Event: ======'s_upper_2_target_active'====== Args={}
2024-11-20 22:09:42,461 : INFO : EventManager : Event: ======'sw_playfield_active'====== Args={}
2024-11-20 22:09:42,461 : INFO : EventManager : Event: ======'machine_var_audits_switches_s_upper_2_target'====== Args={'value': 159, 'prev_value': 158, 'change': 1}
2024-11-20 22:09:42,462 : INFO : EventManager : Event: ======'machine_var_audits_shots_upper_2'====== Args={'value': 73, 'prev_value': 72, 'change': 1}
2024-11-20 22:09:42,463 : INFO : EventManager : Event: ======'upper_2_hit'====== Args={'profile': 'default', 'state': 'lit', 'advancing': False}
2024-11-20 22:09:42,463 : INFO : EventManager : Event: ======'upper_2_default_hit'====== Args={'profile': 'default', 'state': 'lit', 'advancing': False}
2024-11-20 22:09:42,463 : INFO : EventManager : Event: ======'upper_2_default_lit_hit'====== Args={'profile': 'default', 'state': 'lit', 'advancing': False}
2024-11-20 22:09:42,463 : INFO : EventManager : Event: ======'upper_2_lit_hit'====== Args={'profile': 'default', 'state': 'lit', 'advancing': False}
2024-11-20 22:09:42,463 : INFO : EventManager : Event: ======'player_score'====== Args={'value': 23000, 'prev_value': 22500, 'change': 500, 'player_num': 1, 'source': 'base'}
2024-11-20 22:09:42,528 : INFO : SwitchController : <<<<<<< 's_upper_2_target' inactive >>>>>>>
2024-11-20 22:09:44,332 : INFO : SwitchController : <<<<<<< 's_upper_1_target' active >>>>>>>
2024-11-20 22:09:44,332 : INFO : EventManager : Event: ======'s_upper_1_target_active'====== Args={}
2024-11-20 22:09:44,332 : INFO : EventManager : Event: ======'sw_playfield_active'====== Args={}
2024-11-20 22:09:44,333 : INFO : EventManager : Event: ======'machine_var_audits_switches_s_upper_1_target'====== Args={'value': 120, 'prev_value': 119, 'change': 1}
2024-11-20 22:09:44,333 : INFO : EventManager : Event: ======'machine_var_audits_shots_upper_1'====== Args={'value': 58, 'prev_value': 57, 'change': 1}
2024-11-20 22:09:44,337 : INFO : EventManager : Event: ======'upper_1_hit'====== Args={'profile': 'default', 'state': 'lit', 'advancing': False}
2024-11-20 22:09:44,337 : INFO : EventManager : Event: ======'upper_1_default_hit'====== Args={'profile': 'default', 'state': 'lit', 'advancing': False}
2024-11-20 22:09:44,337 : INFO : EventManager : Event: ======'upper_1_default_lit_hit'====== Args={'profile': 'default', 'state': 'lit', 'advancing': False}
2024-11-20 22:09:44,338 : INFO : EventManager : Event: ======'upper_1_lit_hit'====== Args={'profile': 'default', 'state': 'lit', 'advancing': False}
2024-11-20 22:09:44,338 : INFO : EventManager : Event: ======'player_score'====== Args={'value': 26000, 'prev_value': 23000, 'change': 3000, 'player_num': 1, 'source': 'base'}
2024-11-20 22:09:44,428 : INFO : SwitchController : <<<<<<< 's_upper_1_target' inactive >>>>>>>
2024-11-20 22:10:08,598 : INFO : Machine : Shutting down...
2024-11-20 22:10:08,598 : INFO : EventManager : Event: ======'shutdown'====== Args={}
2024-11-20 22:10:08,599 : INFO : EventManager : Event: ======'mode_game_will_stop'====== Args={}
2024-11-20 22:10:08,599 : INFO : EventManager : Event: ======'mode_game_stopping'====== Args={}
2024-11-20 22:10:08,600 : INFO : EventManager : Event: ======'mode_base_will_stop'====== Args={}
2024-11-20 22:10:08,600 : INFO : EventManager : Event: ======'mode_base_stopping'====== Args={}
2024-11-20 22:10:08,600 : INFO : Mode.base : Stopped.
2024-11-20 22:10:08,600 : INFO : EventManager : Event: ======'modes_active_modes_changed'====== Args={}
2024-11-20 22:10:08,600 : INFO : EventManager : Event: ======'mode_base_stopped'====== Args={}
2024-11-20 22:10:08,600 : INFO : EventManager : Event: ======'clear'====== Args={'key': 'base'}
2024-11-20 22:10:08,601 : INFO : Mode.game : Stopped.
2024-11-20 22:10:08,601 : INFO : EventManager : Event: ======'modes_active_modes_changed'====== Args={}
2024-11-20 22:10:08,601 : INFO : EventManager : Event: ======'mode_game_stopped'====== Args={}
2024-11-20 22:10:08,601 : INFO : EventManager : Event: ======'clear'====== Args={'key': 'game'}
2024-11-20 22:10:08,616 : INFO : root : MPF run loop ended.
