2024-11-30 11:20:47,853 : INFO : root : Loading config.
2024-11-30 11:20:47,855 : INFO : YamlMultifileConfigLoader : Machine config file #1: config.yaml
2024-11-30 11:20:47,855 : INFO : ConfigProcessor : Loading config from cache: /var/folders/lw/36nc9wln17qdc1y8dnh6d85h0000gr/T/a187413b8cf7049e0b91852f54cd1afa.mpf_cache
2024-11-30 11:20:47,891 : WARNING : ConfigProcessor : Config file in cache changed: /Users/C_Alan/pinball/hauntedhouse/modes/attract/config/attract.yaml
2024-11-30 11:20:47,891 : INFO : ConfigProcessor : Loading config from file /Users/C_Alan/envp311/lib/python3.11/site-packages/mpf/modes/attract/config/attract.yaml.
2024-11-30 11:20:47,892 : INFO : ConfigProcessor : Loading config: /Users/C_Alan/envp311/lib/python3.11/site-packages/mpf/modes/attract/config/attract.yaml
2024-11-30 11:20:47,892 : INFO : ConfigProcessor : Loading config from file /Users/C_Alan/pinball/hauntedhouse/modes/attract/config/attract.yaml.
2024-11-30 11:20:47,893 : INFO : ConfigProcessor : Loading config: /Users/C_Alan/pinball/hauntedhouse/modes/attract/config/attract.yaml
2024-11-30 11:20:47,893 : INFO : ConfigProcessor : Config file cache created: /var/folders/lw/36nc9wln17qdc1y8dnh6d85h0000gr/T/2e30198d1c841d95b9b3e69c8a0bb49b.mpf_cache
2024-11-30 11:20:47,894 : INFO : ConfigProcessor : Loading config from cache: /var/folders/lw/36nc9wln17qdc1y8dnh6d85h0000gr/T/40928215bbb65374348eff3d4cd7b8bc.mpf_cache
2024-11-30 11:20:47,894 : INFO : ConfigProcessor : Loading config from cache: /var/folders/lw/36nc9wln17qdc1y8dnh6d85h0000gr/T/167ddff969183ffa73a4682c84ddf638.mpf_cache
2024-11-30 11:20:47,894 : INFO : ConfigProcessor : Loading config from cache: /var/folders/lw/36nc9wln17qdc1y8dnh6d85h0000gr/T/2e30198d1c841d95b9b3e69c8a0bb49b.mpf_cache
2024-11-30 11:20:47,894 : INFO : ConfigProcessor : Loading config from cache: /var/folders/lw/36nc9wln17qdc1y8dnh6d85h0000gr/T/f3e7df0542012602a298ddb9f31df321.mpf_cache
2024-11-30 11:20:47,895 : INFO : ConfigProcessor : Loading config from file /Users/C_Alan/pinball/hauntedhouse/modes/attract/shows/./upper_rotate_show2.yaml.
2024-11-30 11:20:47,899 : INFO : ConfigProcessor : Loading config: /Users/C_Alan/pinball/hauntedhouse/modes/attract/shows/./upper_rotate_show2.yaml
2024-11-30 11:20:47,900 : INFO : ConfigProcessor : Config file cache created: /var/folders/lw/36nc9wln17qdc1y8dnh6d85h0000gr/T/ac27afd8b01174f1412801db135abc1d.mpf_cache
2024-11-30 11:20:47,900 : INFO : ConfigProcessor : Loading config from cache: /var/folders/lw/36nc9wln17qdc1y8dnh6d85h0000gr/T/df2857c909c4a913cc732702f1a197bb.mpf_cache
2024-11-30 11:20:47,900 : INFO : ConfigProcessor : Loading config from cache: /var/folders/lw/36nc9wln17qdc1y8dnh6d85h0000gr/T/1ab5c5e749213b44f20a4087626085fd.mpf_cache
2024-11-30 11:20:47,900 : INFO : Machine : Mission Pinball Framework Core Engine v0.80.0.dev5
2024-11-30 11:20:47,900 : INFO : Machine : Command line arguments: {'no_load_cache': False, 'create_config_cache': True, 'bcp': True, 'configfile': ['config.yaml'], 'force_assets_load': False, 'platform_integration_test': False, 'jsonlogging': False, 'logfile': 'logs/2024-11-30-11-20-47-mpf-Macpro.local.log', 'pause': False, 'production': False, 'text_ui': True, 'loglevel': 15, 'consoleloglevel': 20, 'force_platform': 'virtual', 'syslog_address': None, 'full_logfile_path': '/Users/C_Alan/pinball/hauntedhouse/logs/2024-11-30-11-20-47-mpf-Macpro.local.log'}
2024-11-30 11:20:47,900 : INFO : Machine : MPF path: /Users/C_Alan/envp311/lib/python3.11/site-packages/mpf
2024-11-30 11:20:47,900 : INFO : Machine : Machine path: /Users/C_Alan/pinball/hauntedhouse
2024-11-30 11:20:47,900 : INFO : Machine : Platform: darwin
2024-11-30 11:20:47,900 : INFO : Machine : Python executable location: /Users/C_Alan/envp311/bin/python3.11
2024-11-30 11:20:47,900 : INFO : Machine : Python version: 3.11.0 (64-bit)
2024-11-30 11:20:47,901 : INFO : Machine : Initializing MPF...
2024-11-30 11:20:47,932 : INFO : EventManager : Event: ======'machine_var_credits_string'====== Args={'value': 'FREE PLAY', 'prev_value': None, 'change': True}
2024-11-30 11:20:47,941 : INFO : EventManager : Event: ======'machine_var_master_volume'====== Args={'value': 0.5, 'prev_value': None, 'change': True}
2024-11-30 11:20:47,941 : INFO : EventManager : Event: ======'machine_var_player1_score'====== Args={'value': 14900, 'prev_value': None, 'change': True}
2024-11-30 11:20:47,941 : INFO : EventManager : Event: ======'machine_var_mpf_version'====== Args={'value': 'Mission Pinball Framework v0.80.0.dev5', 'prev_value': None, 'change': True}
2024-11-30 11:20:47,941 : INFO : EventManager : Event: ======'machine_var_mpf_extended_version'====== Args={'value': 'Mission Pinball Framework v0.80.0.dev5, Config version:6, Show version: 6, BCP version:1.1', 'prev_value': None, 'change': True}
2024-11-30 11:20:47,941 : INFO : EventManager : Event: ======'machine_var_python_version'====== Args={'value': '3.11.0', 'prev_value': None, 'change': True}
2024-11-30 11:20:47,955 : INFO : EventManager : Event: ======'machine_var_platform'====== Args={'value': 'macOS-14.6.1-x86_64-i386-64bit', 'prev_value': None, 'change': True}
2024-11-30 11:20:47,955 : INFO : EventManager : Event: ======'machine_var_platform_system'====== Args={'value': 'Darwin', 'prev_value': None, 'change': True}
2024-11-30 11:20:47,955 : INFO : EventManager : Event: ======'machine_var_platform_release'====== Args={'value': '23.6.0', 'prev_value': None, 'change': True}
2024-11-30 11:20:47,956 : INFO : EventManager : Event: ======'machine_var_platform_version'====== Args={'value': 'Darwin Kernel Version 23.6.0: Mon Jul 29 21:13:00 PDT 2024; root:xnu-10063.141.2~1/RELEASE_X86_64', 'prev_value': None, 'change': True}
2024-11-30 11:20:47,956 : INFO : EventManager : Event: ======'machine_var_platform_machine'====== Args={'value': 'x86_64', 'prev_value': None, 'change': True}
2024-11-30 11:20:47,956 : INFO : EventManager : Event: ======'machine_var_log_file_path'====== Args={'value': '/Users/C_Alan/pinball/hauntedhouse/logs/2024-11-30-11-20-47-mpf-Macpro.local.log', 'prev_value': None, 'change': True}
2024-11-30 11:20:47,956 : INFO : EventManager : Event: ======'init_phase_1'====== Args={}
2024-11-30 11:20:47,994 : INFO : EventManager : Event: ======'drop_target_bank_upper_up'====== Args={}
2024-11-30 11:20:47,994 : INFO : EventManager : Event: ======'drop_target_bank_lower_up'====== Args={}
2024-11-30 11:20:47,994 : INFO : EventManager : Event: ======'init_phase_2'====== Args={}
2024-11-30 11:20:48,000 : INFO : EventManager : Event: ======'bcp_connection_attempt'====== Args={'name': 'local_display', 'host': 'localhost', 'port': 5050}
2024-11-30 11:20:48,001 : INFO : BCPClientSocket : Connecting BCP to 'local_display' at localhost:5050...
2024-11-30 11:20:51,972 : INFO : BCPClientSocket : Connected BCP to 'local_display' localhost:5050
2024-11-30 11:20:51,972 : INFO : EventManager : Event: ======'bcp_clients_connected'====== Args={}
2024-11-30 11:20:51,974 : INFO : ball_device.bd_drain : BCH: Initial count: 0
2024-11-30 11:20:51,974 : INFO : ball_device.bd_drain : State: idle
2024-11-30 11:20:51,975 : INFO : ball_device.bd_lower_vuk : BCH: Initial count: 0
2024-11-30 11:20:51,975 : INFO : ball_device.bd_lower_vuk : State: idle
2024-11-30 11:20:51,975 : INFO : ball_device.bd_lower_kickout_special : BCH: Initial count: 0
2024-11-30 11:20:51,975 : INFO : ball_device.bd_lower_kickout_special : State: idle
2024-11-30 11:20:51,976 : INFO : ball_device.bd_main_vuk : BCH: Initial count: 0
2024-11-30 11:20:51,976 : INFO : ball_device.bd_main_vuk : State: idle
2024-11-30 11:20:51,976 : INFO : ball_device.bd_main_kickout_right : BCH: Initial count: 0
2024-11-30 11:20:51,976 : INFO : ball_device.bd_main_kickout_right : State: idle
2024-11-30 11:20:51,977 : INFO : ball_device.bd_main_kickout_lane : BCH: Initial count: 0
2024-11-30 11:20:51,977 : INFO : ball_device.bd_main_kickout_lane : State: idle
2024-11-30 11:20:51,987 : INFO : EventManager : Event: ======'init_phase_3'====== Args={}
2024-11-30 11:20:51,999 : INFO : EventManager : Event: ======'init_phase_4'====== Args={}
2024-11-30 11:20:51,999 : INFO : BallController : Initial balls found: 0
2024-11-30 11:20:52,000 : INFO : EventManager : Event: ======'machine_var_audits_events_game_ended'====== Args={'value': 90, 'prev_value': None, 'change': True}
2024-11-30 11:20:52,000 : INFO : EventManager : Event: ======'machine_var_audits_events_game_started'====== Args={'value': 204, 'prev_value': None, 'change': True}
2024-11-30 11:20:52,000 : INFO : EventManager : Event: ======'machine_var_audits_missing_switches_s_left_flipper1'====== Args={'value': 10, 'prev_value': None, 'change': True}
2024-11-30 11:20:52,000 : INFO : EventManager : Event: ======'machine_var_audits_missing_switches_s_left_flipper2'====== Args={'value': 10, 'prev_value': None, 'change': True}
2024-11-30 11:20:52,000 : INFO : EventManager : Event: ======'machine_var_audits_missing_switches_s_lower_10pt_drops'====== Args={'value': 11, 'prev_value': None, 'change': True}
2024-11-30 11:20:52,000 : INFO : EventManager : Event: ======'machine_var_audits_missing_switches_s_lower_10pt_lower'====== Args={'value': 11, 'prev_value': None, 'change': True}
2024-11-30 11:20:52,000 : INFO : EventManager : Event: ======'machine_var_audits_missing_switches_s_lower_10pt_upper'====== Args={'value': 11, 'prev_value': None, 'change': True}
2024-11-30 11:20:52,001 : INFO : EventManager : Event: ======'machine_var_audits_missing_switches_s_lower_1_drop'====== Args={'value': 11, 'prev_value': None, 'change': True}
2024-11-30 11:20:52,001 : INFO : EventManager : Event: ======'machine_var_audits_missing_switches_s_lower_2_drop'====== Args={'value': 11, 'prev_value': None, 'change': True}
2024-11-30 11:20:52,001 : INFO : EventManager : Event: ======'machine_var_audits_missing_switches_s_lower_3_drop'====== Args={'value': 11, 'prev_value': None, 'change': True}
2024-11-30 11:20:52,001 : INFO : EventManager : Event: ======'machine_var_audits_missing_switches_s_lower_4_drop'====== Args={'value': 11, 'prev_value': None, 'change': True}
2024-11-30 11:20:52,001 : INFO : EventManager : Event: ======'machine_var_audits_missing_switches_s_lower_5_drop'====== Args={'value': 11, 'prev_value': None, 'change': True}
2024-11-30 11:20:52,001 : INFO : EventManager : Event: ======'machine_var_audits_missing_switches_s_lower_bonus_left'====== Args={'value': 11, 'prev_value': None, 'change': True}
2024-11-30 11:20:52,001 : INFO : EventManager : Event: ======'machine_var_audits_missing_switches_s_lower_bonus_right'====== Args={'value': 11, 'prev_value': None, 'change': True}
2024-11-30 11:20:52,001 : INFO : EventManager : Event: ======'machine_var_audits_missing_switches_s_lower_kick_target'====== Args={'value': 12, 'prev_value': None, 'change': True}
2024-11-30 11:20:52,001 : INFO : EventManager : Event: ======'machine_var_audits_missing_switches_s_lower_kickout_special'====== Args={'value': 11, 'prev_value': None, 'change': True}
2024-11-30 11:20:52,001 : INFO : EventManager : Event: ======'machine_var_audits_missing_switches_s_lower_pop'====== Args={'value': 11, 'prev_value': None, 'change': True}
2024-11-30 11:20:52,001 : INFO : EventManager : Event: ======'machine_var_audits_missing_switches_s_lower_rollover'====== Args={'value': 10, 'prev_value': None, 'change': True}
2024-11-30 11:20:52,001 : INFO : EventManager : Event: ======'machine_var_audits_missing_switches_s_lower_slingshot'====== Args={'value': 12, 'prev_value': None, 'change': True}
2024-11-30 11:20:52,001 : INFO : EventManager : Event: ======'machine_var_audits_missing_switches_s_lower_vuk'====== Args={'value': 10, 'prev_value': None, 'change': True}
2024-11-30 11:20:52,001 : INFO : EventManager : Event: ======'machine_var_audits_missing_switches_s_main_10pt_left'====== Args={'value': 11, 'prev_value': None, 'change': True}
2024-11-30 11:20:52,001 : INFO : EventManager : Event: ======'machine_var_audits_missing_switches_s_main_1_target'====== Args={'value': 13, 'prev_value': None, 'change': True}
2024-11-30 11:20:52,001 : INFO : EventManager : Event: ======'machine_var_audits_missing_switches_s_main_1_trough'====== Args={'value': 14, 'prev_value': None, 'change': True}
2024-11-30 11:20:52,001 : INFO : EventManager : Event: ======'machine_var_audits_missing_switches_s_main_2_target'====== Args={'value': 12, 'prev_value': None, 'change': True}
2024-11-30 11:20:52,002 : INFO : EventManager : Event: ======'machine_var_audits_missing_switches_s_main_2_trough'====== Args={'value': 1, 'prev_value': None, 'change': True}
2024-11-30 11:20:52,002 : INFO : EventManager : Event: ======'machine_var_audits_missing_switches_s_main_3_target'====== Args={'value': 10, 'prev_value': None, 'change': True}
2024-11-30 11:20:52,002 : INFO : EventManager : Event: ======'machine_var_audits_missing_switches_s_main_4_target'====== Args={'value': 4, 'prev_value': None, 'change': True}
2024-11-30 11:20:52,002 : INFO : EventManager : Event: ======'machine_var_audits_missing_switches_s_main_5_target'====== Args={'value': 12, 'prev_value': None, 'change': True}
2024-11-30 11:20:52,002 : INFO : EventManager : Event: ======'machine_var_audits_missing_switches_s_main_inlane_left'====== Args={'value': 10, 'prev_value': None, 'change': True}
2024-11-30 11:20:52,002 : INFO : EventManager : Event: ======'machine_var_audits_missing_switches_s_main_inlane_right'====== Args={'value': 10, 'prev_value': None, 'change': True}
2024-11-30 11:20:52,002 : INFO : EventManager : Event: ======'machine_var_audits_missing_switches_s_main_kickout_right'====== Args={'value': 12, 'prev_value': None, 'change': True}
2024-11-30 11:20:52,002 : INFO : EventManager : Event: ======'machine_var_audits_missing_switches_s_main_lane_center'====== Args={'value': 10, 'prev_value': None, 'change': True}
2024-11-30 11:20:52,002 : INFO : EventManager : Event: ======'machine_var_audits_missing_switches_s_main_outlane_left'====== Args={'value': 10, 'prev_value': None, 'change': True}
2024-11-30 11:20:52,002 : INFO : EventManager : Event: ======'machine_var_audits_missing_switches_s_main_outlane_right'====== Args={'value': 10, 'prev_value': None, 'change': True}
2024-11-30 11:20:52,002 : INFO : EventManager : Event: ======'machine_var_audits_missing_switches_s_main_pop_bottom'====== Args={'value': 10, 'prev_value': None, 'change': True}
2024-11-30 11:20:52,002 : INFO : EventManager : Event: ======'machine_var_audits_missing_switches_s_main_pop_top'====== Args={'value': 10, 'prev_value': None, 'change': True}
2024-11-30 11:20:52,002 : INFO : EventManager : Event: ======'machine_var_audits_missing_switches_s_main_rollunder'====== Args={'value': 12, 'prev_value': None, 'change': True}
2024-11-30 11:20:52,003 : INFO : EventManager : Event: ======'machine_var_audits_missing_switches_s_main_secret_trough'====== Args={'value': 11, 'prev_value': None, 'change': True}
2024-11-30 11:20:52,003 : INFO : EventManager : Event: ======'machine_var_audits_missing_switches_s_main_slingshot'====== Args={'value': 10, 'prev_value': None, 'change': True}
2024-11-30 11:20:52,003 : INFO : EventManager : Event: ======'machine_var_audits_missing_switches_s_main_target_right'====== Args={'value': 10, 'prev_value': None, 'change': True}
2024-11-30 11:20:52,003 : INFO : EventManager : Event: ======'machine_var_audits_missing_switches_s_main_vuk'====== Args={'value': 10, 'prev_value': None, 'change': True}
2024-11-30 11:20:52,003 : INFO : EventManager : Event: ======'machine_var_audits_missing_switches_s_right_flipper1'====== Args={'value': 10, 'prev_value': None, 'change': True}
2024-11-30 11:20:52,003 : INFO : EventManager : Event: ======'machine_var_audits_missing_switches_s_right_flipper2'====== Args={'value': 10, 'prev_value': None, 'change': True}
2024-11-30 11:20:52,003 : INFO : EventManager : Event: ======'machine_var_audits_missing_switches_s_start'====== Args={'value': 11, 'prev_value': None, 'change': True}
2024-11-30 11:20:52,003 : INFO : EventManager : Event: ======'machine_var_audits_missing_switches_s_upper_10pt_center'====== Args={'value': 10, 'prev_value': None, 'change': True}
2024-11-30 11:20:52,003 : INFO : EventManager : Event: ======'machine_var_audits_missing_switches_s_upper_10pt_left'====== Args={'value': 12, 'prev_value': None, 'change': True}
2024-11-30 11:20:52,003 : INFO : EventManager : Event: ======'machine_var_audits_missing_switches_s_upper_1_drop'====== Args={'value': 4, 'prev_value': None, 'change': True}
2024-11-30 11:20:52,003 : INFO : EventManager : Event: ======'machine_var_audits_missing_switches_s_upper_1_target'====== Args={'value': 18, 'prev_value': None, 'change': True}
2024-11-30 11:20:52,004 : INFO : EventManager : Event: ======'machine_var_audits_missing_switches_s_upper_2_drop'====== Args={'value': 4, 'prev_value': None, 'change': True}
2024-11-30 11:20:52,004 : INFO : EventManager : Event: ======'machine_var_audits_missing_switches_s_upper_2_target'====== Args={'value': 13, 'prev_value': None, 'change': True}
2024-11-30 11:20:52,004 : INFO : EventManager : Event: ======'machine_var_audits_missing_switches_s_upper_3_drop'====== Args={'value': 4, 'prev_value': None, 'change': True}
2024-11-30 11:20:52,004 : INFO : EventManager : Event: ======'machine_var_audits_missing_switches_s_upper_3_target'====== Args={'value': 27, 'prev_value': None, 'change': True}
2024-11-30 11:20:52,004 : INFO : EventManager : Event: ======'machine_var_audits_missing_switches_s_upper_4_target'====== Args={'value': 1, 'prev_value': None, 'change': True}
2024-11-30 11:20:52,004 : INFO : EventManager : Event: ======'machine_var_audits_missing_switches_s_upper_pop'====== Args={'value': 1, 'prev_value': None, 'change': True}
2024-11-30 11:20:52,004 : INFO : EventManager : Event: ======'machine_var_audits_player_score'====== Args={'value': {'average': 32739, 'top': [211150, 170050, 162330, 120480, 114590, 92630, 88790, 81180, 78890, 77830], 'total': 93}, 'prev_value': None, 'change': True}
2024-11-30 11:20:52,004 : INFO : EventManager : Event: ======'machine_var_audits_shots_10pt'====== Args={'value': 259, 'prev_value': None, 'change': True}
2024-11-30 11:20:52,004 : INFO : EventManager : Event: ======'machine_var_audits_shots_left_inlane'====== Args={'value': 24, 'prev_value': None, 'change': True}
2024-11-30 11:20:52,005 : INFO : EventManager : Event: ======'machine_var_audits_shots_left_outlane'====== Args={'value': 15, 'prev_value': None, 'change': True}
2024-11-30 11:20:52,005 : INFO : EventManager : Event: ======'machine_var_audits_shots_lower_10pt_drops'====== Args={'value': 57, 'prev_value': None, 'change': True}
2024-11-30 11:20:52,005 : INFO : EventManager : Event: ======'machine_var_audits_shots_lower_10pt_lower'====== Args={'value': 21, 'prev_value': None, 'change': True}
2024-11-30 11:20:52,005 : INFO : EventManager : Event: ======'machine_var_audits_shots_lower_10pt_upper'====== Args={'value': 20, 'prev_value': None, 'change': True}
2024-11-30 11:20:52,005 : INFO : EventManager : Event: ======'machine_var_audits_shots_lower_1_drop'====== Args={'value': 52, 'prev_value': None, 'change': True}
2024-11-30 11:20:52,005 : INFO : EventManager : Event: ======'machine_var_audits_shots_lower_2_drop'====== Args={'value': 18, 'prev_value': None, 'change': True}
2024-11-30 11:20:52,005 : INFO : EventManager : Event: ======'machine_var_audits_shots_lower_3_drop'====== Args={'value': 20, 'prev_value': None, 'change': True}
2024-11-30 11:20:52,005 : INFO : EventManager : Event: ======'machine_var_audits_shots_lower_4_drop'====== Args={'value': 25, 'prev_value': None, 'change': True}
2024-11-30 11:20:52,006 : INFO : EventManager : Event: ======'machine_var_audits_shots_lower_5_drop'====== Args={'value': 27, 'prev_value': None, 'change': True}
2024-11-30 11:20:52,006 : INFO : EventManager : Event: ======'machine_var_audits_shots_lower_hole'====== Args={'value': 43, 'prev_value': None, 'change': True}
2024-11-30 11:20:52,006 : INFO : EventManager : Event: ======'machine_var_audits_shots_lower_kick_target'====== Args={'value': 6, 'prev_value': None, 'change': True}
2024-11-30 11:20:52,006 : INFO : EventManager : Event: ======'machine_var_audits_shots_lower_left'====== Args={'value': 21, 'prev_value': None, 'change': True}
2024-11-30 11:20:52,006 : INFO : EventManager : Event: ======'machine_var_audits_shots_lower_left_pop'====== Args={'value': 237, 'prev_value': None, 'change': True}
2024-11-30 11:20:52,006 : INFO : EventManager : Event: ======'machine_var_audits_shots_lower_pop'====== Args={'value': 50, 'prev_value': None, 'change': True}
2024-11-30 11:20:52,006 : INFO : EventManager : Event: ======'machine_var_audits_shots_lower_right'====== Args={'value': 8, 'prev_value': None, 'change': True}
2024-11-30 11:20:52,006 : INFO : EventManager : Event: ======'machine_var_audits_shots_lower_rollover'====== Args={'value': 36, 'prev_value': None, 'change': True}
2024-11-30 11:20:52,007 : INFO : EventManager : Event: ======'machine_var_audits_shots_lower_slingshot'====== Args={'value': 34, 'prev_value': None, 'change': True}
2024-11-30 11:20:52,007 : INFO : EventManager : Event: ======'machine_var_audits_shots_main_1'====== Args={'value': 33, 'prev_value': None, 'change': True}
2024-11-30 11:20:52,007 : INFO : EventManager : Event: ======'machine_var_audits_shots_main_2'====== Args={'value': 35, 'prev_value': None, 'change': True}
2024-11-30 11:20:52,007 : INFO : EventManager : Event: ======'machine_var_audits_shots_main_3'====== Args={'value': 32, 'prev_value': None, 'change': True}
2024-11-30 11:20:52,007 : INFO : EventManager : Event: ======'machine_var_audits_shots_main_4'====== Args={'value': 54, 'prev_value': None, 'change': True}
2024-11-30 11:20:52,007 : INFO : EventManager : Event: ======'machine_var_audits_shots_main_5'====== Args={'value': 28, 'prev_value': None, 'change': True}
2024-11-30 11:20:52,007 : INFO : EventManager : Event: ======'machine_var_audits_shots_main_slingshot'====== Args={'value': 57, 'prev_value': None, 'change': True}
2024-11-30 11:20:52,007 : INFO : EventManager : Event: ======'machine_var_audits_shots_main_trough_1'====== Args={'value': 20, 'prev_value': None, 'change': True}
2024-11-30 11:20:52,007 : INFO : EventManager : Event: ======'machine_var_audits_shots_main_trough_2'====== Args={'value': 3, 'prev_value': None, 'change': True}
2024-11-30 11:20:52,008 : INFO : EventManager : Event: ======'machine_var_audits_shots_right_inlane'====== Args={'value': 83, 'prev_value': None, 'change': True}
2024-11-30 11:20:52,008 : INFO : EventManager : Event: ======'machine_var_audits_shots_right_kickout'====== Args={'value': 37, 'prev_value': None, 'change': True}
2024-11-30 11:20:52,008 : INFO : EventManager : Event: ======'machine_var_audits_shots_right_outlane'====== Args={'value': 47, 'prev_value': None, 'change': True}
2024-11-30 11:20:52,008 : INFO : EventManager : Event: ======'machine_var_audits_shots_rollunder'====== Args={'value': 116, 'prev_value': None, 'change': True}
2024-11-30 11:20:52,008 : INFO : EventManager : Event: ======'machine_var_audits_shots_secret_passage_trough'====== Args={'value': 10, 'prev_value': None, 'change': True}
2024-11-30 11:20:52,008 : INFO : EventManager : Event: ======'machine_var_audits_shots_standup_right'====== Args={'value': 103, 'prev_value': None, 'change': True}
2024-11-30 11:20:52,008 : INFO : EventManager : Event: ======'machine_var_audits_shots_trapdoor_trough'====== Args={'value': 12, 'prev_value': None, 'change': True}
2024-11-30 11:20:52,008 : INFO : EventManager : Event: ======'machine_var_audits_shots_upper_1'====== Args={'value': 100, 'prev_value': None, 'change': True}
2024-11-30 11:20:52,009 : INFO : EventManager : Event: ======'machine_var_audits_shots_upper_1_drop'====== Args={'value': 184, 'prev_value': None, 'change': True}
2024-11-30 11:20:52,009 : INFO : EventManager : Event: ======'machine_var_audits_shots_upper_2'====== Args={'value': 93, 'prev_value': None, 'change': True}
2024-11-30 11:20:52,009 : INFO : EventManager : Event: ======'machine_var_audits_shots_upper_2_drop'====== Args={'value': 81, 'prev_value': None, 'change': True}
2024-11-30 11:20:52,009 : INFO : EventManager : Event: ======'machine_var_audits_shots_upper_3'====== Args={'value': 42, 'prev_value': None, 'change': True}
2024-11-30 11:20:52,009 : INFO : EventManager : Event: ======'machine_var_audits_shots_upper_3_drop'====== Args={'value': 107, 'prev_value': None, 'change': True}
2024-11-30 11:20:52,009 : INFO : EventManager : Event: ======'machine_var_audits_shots_upper_4'====== Args={'value': 46, 'prev_value': None, 'change': True}
2024-11-30 11:20:52,009 : INFO : EventManager : Event: ======'machine_var_audits_shots_upper_4_drop'====== Args={'value': 179, 'prev_value': None, 'change': True}
2024-11-30 11:20:52,010 : INFO : EventManager : Event: ======'machine_var_audits_shots_upper_left_pop'====== Args={'value': 120, 'prev_value': None, 'change': True}
2024-11-30 11:20:52,010 : INFO : EventManager : Event: ======'machine_var_audits_shots_upper_pop'====== Args={'value': 643, 'prev_value': None, 'change': True}
2024-11-30 11:20:52,010 : INFO : EventManager : Event: ======'machine_var_audits_switches_s_left_flipper1'====== Args={'value': 549, 'prev_value': None, 'change': True}
2024-11-30 11:20:52,010 : INFO : EventManager : Event: ======'machine_var_audits_switches_s_left_flipper2'====== Args={'value': 573, 'prev_value': None, 'change': True}
2024-11-30 11:20:52,010 : INFO : EventManager : Event: ======'machine_var_audits_switches_s_lower_10pt_UPPER'====== Args={'value': 0, 'prev_value': None, 'change': True}
2024-11-30 11:20:52,010 : INFO : EventManager : Event: ======'machine_var_audits_switches_s_lower_10pt_drops'====== Args={'value': 57, 'prev_value': None, 'change': True}
2024-11-30 11:20:52,010 : INFO : EventManager : Event: ======'machine_var_audits_switches_s_lower_10pt_lower'====== Args={'value': 21, 'prev_value': None, 'change': True}
2024-11-30 11:20:52,011 : INFO : EventManager : Event: ======'machine_var_audits_switches_s_lower_10pt_upper'====== Args={'value': 20, 'prev_value': None, 'change': True}
2024-11-30 11:20:52,011 : INFO : EventManager : Event: ======'machine_var_audits_switches_s_lower_1_drop'====== Args={'value': 407, 'prev_value': None, 'change': True}
2024-11-30 11:20:52,011 : INFO : EventManager : Event: ======'machine_var_audits_switches_s_lower_2_drop'====== Args={'value': 18, 'prev_value': None, 'change': True}
2024-11-30 11:20:52,011 : INFO : EventManager : Event: ======'machine_var_audits_switches_s_lower_3_drop'====== Args={'value': 20, 'prev_value': None, 'change': True}
2024-11-30 11:20:52,011 : INFO : EventManager : Event: ======'machine_var_audits_switches_s_lower_4_drop'====== Args={'value': 25, 'prev_value': None, 'change': True}
2024-11-30 11:20:52,011 : INFO : EventManager : Event: ======'machine_var_audits_switches_s_lower_5_drop'====== Args={'value': 27, 'prev_value': None, 'change': True}
2024-11-30 11:20:52,012 : INFO : EventManager : Event: ======'machine_var_audits_switches_s_lower_bonus_left'====== Args={'value': 21, 'prev_value': None, 'change': True}
2024-11-30 11:20:52,012 : INFO : EventManager : Event: ======'machine_var_audits_switches_s_lower_bonus_right'====== Args={'value': 8, 'prev_value': None, 'change': True}
2024-11-30 11:20:52,012 : INFO : EventManager : Event: ======'machine_var_audits_switches_s_lower_kick_target'====== Args={'value': 6, 'prev_value': None, 'change': True}
2024-11-30 11:20:52,012 : INFO : EventManager : Event: ======'machine_var_audits_switches_s_lower_kickout_special'====== Args={'value': 43, 'prev_value': None, 'change': True}
2024-11-30 11:20:52,012 : INFO : EventManager : Event: ======'machine_var_audits_switches_s_lower_pop'====== Args={'value': 50, 'prev_value': None, 'change': True}
2024-11-30 11:20:52,012 : INFO : EventManager : Event: ======'machine_var_audits_switches_s_lower_rollover'====== Args={'value': 64, 'prev_value': None, 'change': True}
2024-11-30 11:20:52,012 : INFO : EventManager : Event: ======'machine_var_audits_switches_s_lower_slingshot'====== Args={'value': 34, 'prev_value': None, 'change': True}
2024-11-30 11:20:52,012 : INFO : EventManager : Event: ======'machine_var_audits_switches_s_lower_vuk'====== Args={'value': 264, 'prev_value': None, 'change': True}
2024-11-30 11:20:52,013 : INFO : EventManager : Event: ======'machine_var_audits_switches_s_main_10pt_left'====== Args={'value': 37, 'prev_value': None, 'change': True}
2024-11-30 11:20:52,013 : INFO : EventManager : Event: ======'machine_var_audits_switches_s_main_1_target'====== Args={'value': 60, 'prev_value': None, 'change': True}
2024-11-30 11:20:52,013 : INFO : EventManager : Event: ======'machine_var_audits_switches_s_main_1_trough'====== Args={'value': 53, 'prev_value': None, 'change': True}
2024-11-30 11:20:52,013 : INFO : EventManager : Event: ======'machine_var_audits_switches_s_main_2_target'====== Args={'value': 58, 'prev_value': None, 'change': True}
2024-11-30 11:20:52,013 : INFO : EventManager : Event: ======'machine_var_audits_switches_s_main_2_trough'====== Args={'value': 67, 'prev_value': None, 'change': True}
2024-11-30 11:20:52,013 : INFO : EventManager : Event: ======'machine_var_audits_switches_s_main_3_target'====== Args={'value': 32, 'prev_value': None, 'change': True}
2024-11-30 11:20:52,014 : INFO : EventManager : Event: ======'machine_var_audits_switches_s_main_4_target'====== Args={'value': 70, 'prev_value': None, 'change': True}
2024-11-30 11:20:52,014 : INFO : EventManager : Event: ======'machine_var_audits_switches_s_main_5_target'====== Args={'value': 62, 'prev_value': None, 'change': True}
2024-11-30 11:20:52,014 : INFO : EventManager : Event: ======'machine_var_audits_switches_s_main_inlane_left'====== Args={'value': 27, 'prev_value': None, 'change': True}
2024-11-30 11:20:52,014 : INFO : EventManager : Event: ======'machine_var_audits_switches_s_main_inlane_right'====== Args={'value': 88, 'prev_value': None, 'change': True}
2024-11-30 11:20:52,014 : INFO : EventManager : Event: ======'machine_var_audits_switches_s_main_kickout_right'====== Args={'value': 135, 'prev_value': None, 'change': True}
2024-11-30 11:20:52,014 : INFO : EventManager : Event: ======'machine_var_audits_switches_s_main_lane_center'====== Args={'value': 143, 'prev_value': None, 'change': True}
2024-11-30 11:20:52,015 : INFO : EventManager : Event: ======'machine_var_audits_switches_s_main_outhole'====== Args={'value': 634, 'prev_value': None, 'change': True}
2024-11-30 11:20:52,015 : INFO : EventManager : Event: ======'machine_var_audits_switches_s_main_outlane_left'====== Args={'value': 22, 'prev_value': None, 'change': True}
2024-11-30 11:20:52,015 : INFO : EventManager : Event: ======'machine_var_audits_switches_s_main_outlane_right'====== Args={'value': 48, 'prev_value': None, 'change': True}
2024-11-30 11:20:52,015 : INFO : EventManager : Event: ======'machine_var_audits_switches_s_main_pop_bottom'====== Args={'value': 265, 'prev_value': None, 'change': True}
2024-11-30 11:20:52,015 : INFO : EventManager : Event: ======'machine_var_audits_switches_s_main_pop_top'====== Args={'value': 185, 'prev_value': None, 'change': True}
2024-11-30 11:20:52,016 : INFO : EventManager : Event: ======'machine_var_audits_switches_s_main_rollunder'====== Args={'value': 116, 'prev_value': None, 'change': True}
2024-11-30 11:20:52,016 : INFO : EventManager : Event: ======'machine_var_audits_switches_s_main_roundabout_rollunder'====== Args={'value': 52, 'prev_value': None, 'change': True}
2024-11-30 11:20:52,016 : INFO : EventManager : Event: ======'machine_var_audits_switches_s_main_secret_trough'====== Args={'value': 40, 'prev_value': None, 'change': True}
2024-11-30 11:20:52,016 : INFO : EventManager : Event: ======'machine_var_audits_switches_s_main_slingshot'====== Args={'value': 252, 'prev_value': None, 'change': True}
2024-11-30 11:20:52,017 : INFO : EventManager : Event: ======'machine_var_audits_switches_s_main_target_right'====== Args={'value': 156, 'prev_value': None, 'change': True}
2024-11-30 11:20:52,017 : INFO : EventManager : Event: ======'machine_var_audits_switches_s_main_trapdoor_trough'====== Args={'value': 12, 'prev_value': None, 'change': True}
2024-11-30 11:20:52,017 : INFO : EventManager : Event: ======'machine_var_audits_switches_s_main_vuk'====== Args={'value': 293, 'prev_value': None, 'change': True}
2024-11-30 11:20:52,017 : INFO : EventManager : Event: ======'machine_var_audits_switches_s_right_flipper1'====== Args={'value': 476, 'prev_value': None, 'change': True}
2024-11-30 11:20:52,017 : INFO : EventManager : Event: ======'machine_var_audits_switches_s_right_flipper2'====== Args={'value': 486, 'prev_value': None, 'change': True}
2024-11-30 11:20:52,017 : INFO : EventManager : Event: ======'machine_var_audits_switches_s_start'====== Args={'value': 7, 'prev_value': None, 'change': True}
2024-11-30 11:20:52,018 : INFO : EventManager : Event: ======'machine_var_audits_switches_s_upper_10pt_center'====== Args={'value': 201, 'prev_value': None, 'change': True}
2024-11-30 11:20:52,018 : INFO : EventManager : Event: ======'machine_var_audits_switches_s_upper_10pt_left'====== Args={'value': 127, 'prev_value': None, 'change': True}
2024-11-30 11:20:52,018 : INFO : EventManager : Event: ======'machine_var_audits_switches_s_upper_1_drop'====== Args={'value': 194, 'prev_value': None, 'change': True}
2024-11-30 11:20:52,018 : INFO : EventManager : Event: ======'machine_var_audits_switches_s_upper_1_target'====== Args={'value': 162, 'prev_value': None, 'change': True}
2024-11-30 11:20:52,018 : INFO : EventManager : Event: ======'machine_var_audits_switches_s_upper_2_drop'====== Args={'value': 99, 'prev_value': None, 'change': True}
2024-11-30 11:20:52,019 : INFO : EventManager : Event: ======'machine_var_audits_switches_s_upper_2_target'====== Args={'value': 179, 'prev_value': None, 'change': True}
2024-11-30 11:20:52,019 : INFO : EventManager : Event: ======'machine_var_audits_switches_s_upper_3_drop'====== Args={'value': 119, 'prev_value': None, 'change': True}
2024-11-30 11:20:52,019 : INFO : EventManager : Event: ======'machine_var_audits_switches_s_upper_3_target'====== Args={'value': 79, 'prev_value': None, 'change': True}
2024-11-30 11:20:52,019 : INFO : EventManager : Event: ======'machine_var_audits_switches_s_upper_4_drop'====== Args={'value': 199, 'prev_value': None, 'change': True}
2024-11-30 11:20:52,019 : INFO : EventManager : Event: ======'machine_var_audits_switches_s_upper_4_target'====== Args={'value': 84, 'prev_value': None, 'change': True}
2024-11-30 11:20:52,020 : INFO : EventManager : Event: ======'machine_var_audits_switches_s_upper_pop'====== Args={'value': 876, 'prev_value': None, 'change': True}
2024-11-30 11:20:52,020 : INFO : EventManager : Event: ======'init_phase_5'====== Args={}
2024-11-30 11:20:52,023 : INFO : EventManager : Event: ======'init_done'====== Args={}
2024-11-30 11:20:52,024 : INFO : EventManager : Event: ======'machine_reset_phase_1'====== Args={}
2024-11-30 11:20:52,030 : INFO : EventManager : Event: ======'machine_reset_phase_2'====== Args={}
2024-11-30 11:20:52,030 : INFO : EventManager : Event: ======'machine_reset_phase_3'====== Args={}
2024-11-30 11:20:52,030 : INFO : drop_target_bank.upper : All targets are already up. Will not reset bank.
2024-11-30 11:20:52,030 : INFO : drop_target_bank.lower : All targets are already up. Will not reset bank.
2024-11-30 11:20:52,030 : INFO : EventManager : Event: ======'reset_complete'====== Args={}
2024-11-30 11:20:52,030 : INFO : EventManager : Event: ======'mode_attract_will_start'====== Args={}
2024-11-30 11:20:52,031 : INFO : EventManager : Event: ======'mode_attract_starting'====== Args={}
2024-11-30 11:20:52,031 : INFO : Mode.attract : Started. Priority: 10
2024-11-30 11:20:52,031 : INFO : EventManager : Event: ======'modes_active_modes_changed'====== Args={}
2024-11-30 11:20:52,031 : INFO : EventManager : Event: ======'mode_attract_started'====== Args={}
2024-11-30 11:20:52,032 : INFO : EventManager : Event: ======'collecting_balls_complete'====== Args={}
2024-11-30 11:20:52,032 : INFO : Machine : Starting the main run loop with active modes: [<Mode.attract>]
2024-11-30 11:20:52,087 : INFO : EventManager : Event: ======'slide_attract_scroll_created'====== Args={'_from_bcp': True}
2024-11-30 11:20:52,087 : INFO : EventManager : Event: ======'slide__removed'====== Args={'_from_bcp': True}
2024-11-30 11:20:52,087 : INFO : EventManager : Event: ======'slide_attract_scroll_active'====== Args={'original_context': 'attract', 'original_calling_context': 'mode_attract_started', 'priority': 10.0, 'cmd': 'slides_play', '_from_bcp': True}
2024-11-30 11:20:52,619 : INFO : BcpServer : New client connected.
2024-11-30 11:22:28,702 : INFO : Machine : Shutting down...
2024-11-30 11:22:28,702 : INFO : EventManager : Event: ======'shutdown'====== Args={}
2024-11-30 11:22:28,709 : INFO : root : MPF run loop ended.
