2024-11-27 21:05:55,998 : INFO : root : Loading config.
2024-11-27 21:05:56,000 : INFO : YamlMultifileConfigLoader : Machine config file #1: config.yaml
2024-11-27 21:05:56,000 : WARNING : ConfigProcessor : Config file in cache changed: /home/caw/pinball/git/hauntedhouse/config/config.yaml
2024-11-27 21:05:56,000 : INFO : ConfigProcessor : Loading config from file /home/caw/miniconda3/envs/envp311/lib/python3.11/site-packages/mpf/mpfconfig.yaml.
2024-11-27 21:05:56,007 : INFO : ConfigProcessor : Loading config: /home/caw/miniconda3/envs/envp311/lib/python3.11/site-packages/mpf/mpfconfig.yaml
2024-11-27 21:05:56,007 : INFO : ConfigProcessor : Loading config from file /home/caw/pinball/git/hauntedhouse/config/config.yaml.
2024-11-27 21:05:56,013 : INFO : ConfigProcessor : Loading config: /home/caw/pinball/git/hauntedhouse/config/config.yaml
2024-11-27 21:05:56,014 : INFO : ConfigProcessor : Config file cache created: /tmp/d32a4d6a14face28137ea07568729492.mpf_cache
2024-11-27 21:05:56,037 : INFO : ConfigProcessor : Loading config from cache: /tmp/c3cb8e965ed6b9ae398206bf0c025946.mpf_cache
2024-11-27 21:05:56,037 : INFO : ConfigProcessor : Loading config from cache: /tmp/03ef85df1864fb5ef5b7e38cbf9eb8a8.mpf_cache
2024-11-27 21:05:56,037 : WARNING : ConfigProcessor : Config file in cache changed: /home/caw/pinball/git/hauntedhouse/modes/base/config/base.yaml
2024-11-27 21:05:56,037 : INFO : ConfigProcessor : Loading config from file /home/caw/pinball/git/hauntedhouse/modes/base/config/base.yaml.
2024-11-27 21:05:56,042 : INFO : ConfigProcessor : Loading config: /home/caw/pinball/git/hauntedhouse/modes/base/config/base.yaml
2024-11-27 21:05:56,042 : INFO : ConfigProcessor : Config file cache created: /tmp/418c9b14ed72887d403c9035fb622579.mpf_cache
2024-11-27 21:05:56,042 : INFO : ConfigProcessor : Loading config from cache: /tmp/c3cb8e965ed6b9ae398206bf0c025946.mpf_cache
2024-11-27 21:05:56,042 : INFO : ConfigProcessor : Loading config from cache: /tmp/ab4aa260ae3253e602af90b0c5a2cda3.mpf_cache
2024-11-27 21:05:56,043 : WARNING : ConfigProcessor : Config file in cache changed: /home/caw/pinball/git/hauntedhouse/modes/attract/shows/./attract_light_show.yaml
2024-11-27 21:05:56,043 : INFO : ConfigProcessor : Loading config from file /home/caw/pinball/git/hauntedhouse/modes/attract/shows/./attract_light_show.yaml.
2024-11-27 21:05:56,044 : INFO : ConfigProcessor : Loading config: /home/caw/pinball/git/hauntedhouse/modes/attract/shows/./attract_light_show.yaml
2024-11-27 21:05:56,044 : INFO : ConfigProcessor : Config file cache created: /tmp/15a3024276cd87dfce1c773b28812b20.mpf_cache
2024-11-27 21:05:56,044 : INFO : Machine : Mission Pinball Framework Core Engine v0.80.0.dev5
2024-11-27 21:05:56,044 : INFO : Machine : Command line arguments: {'no_load_cache': False, 'create_config_cache': True, 'bcp': True, 'configfile': ['config.yaml'], 'force_assets_load': False, 'platform_integration_test': False, 'jsonlogging': False, 'logfile': 'logs/2024-11-27-21-05-55-mpf-caw-System-Product-Name.log', 'pause': False, 'production': False, 'text_ui': True, 'loglevel': 15, 'consoleloglevel': 20, 'force_platform': None, 'syslog_address': None, 'full_logfile_path': '/home/caw/pinball/git/hauntedhouse/logs/2024-11-27-21-05-55-mpf-caw-System-Product-Name.log'}
2024-11-27 21:05:56,044 : INFO : Machine : MPF path: /home/caw/miniconda3/envs/envp311/lib/python3.11/site-packages/mpf
2024-11-27 21:05:56,044 : INFO : Machine : Machine path: /home/caw/pinball/git/hauntedhouse
2024-11-27 21:05:56,044 : INFO : Machine : Platform: linux
2024-11-27 21:05:56,044 : INFO : Machine : Python executable location: /home/caw/miniconda3/envs/envp311/bin/python
2024-11-27 21:05:56,044 : INFO : Machine : Python version: 3.11.10 (64-bit)
2024-11-27 21:05:56,045 : INFO : Machine : Initializing MPF...
2024-11-27 21:05:56,073 : INFO : P-Roc : Connecting to P-ROC
2024-11-27 21:05:56,353 : INFO : P-Roc : Successfully connected to P-ROC/P3-ROC. Firmware Version: 2. Firmware Revision: 6. Hardware Board ID: 1
2024-11-27 21:05:56,353 : WARNING : P-Roc : Consider upgrading the firmware of your P/P3-Roc to at least 2.14. Your version contains known bugs. See: https://missionpinball.org/logs
2024-11-27 21:05:56,374 : INFO : EventManager : Event: ======'machine_var_p_roc_version'====== Args={'value': 2, 'prev_value': None, 'change': True}
2024-11-27 21:05:56,374 : INFO : EventManager : Event: ======'machine_var_p_roc_revision'====== Args={'value': 6, 'prev_value': None, 'change': True}
2024-11-27 21:05:56,374 : INFO : EventManager : Event: ======'machine_var_p_roc_hardware_version'====== Args={'value': 1, 'prev_value': None, 'change': True}
2024-11-27 21:05:56,374 : INFO : EventManager : Event: ======'machine_var_credits_string'====== Args={'value': 'FREE PLAY', 'prev_value': None, 'change': True}
2024-11-27 21:05:56,381 : WARNING : YAML File Interface : YAML error found in file /home/caw/pinball/git/hauntedhouse/data/machine_vars.yaml. Line 9, Position 8: while scanning a simple key
  in "/home/caw/pinball/git/hauntedhouse/data/machine_vars.yaml", line 8, column 1
could not find expected ':'
  in "/home/caw/pinball/git/hauntedhouse/data/machine_vars.yaml", line 9, column 8
2024-11-27 21:05:56,382 : INFO : EventManager : Event: ======'machine_var_master_volume'====== Args={'value': 0.5, 'prev_value': None, 'change': True}
2024-11-27 21:05:56,382 : INFO : EventManager : Event: ======'machine_var_mpf_version'====== Args={'value': 'Mission Pinball Framework v0.80.0.dev5', 'prev_value': None, 'change': True}
2024-11-27 21:05:56,382 : INFO : EventManager : Event: ======'machine_var_mpf_extended_version'====== Args={'value': 'Mission Pinball Framework v0.80.0.dev5, Config version:6, Show version: 6, BCP version:1.1', 'prev_value': None, 'change': True}
2024-11-27 21:05:56,382 : INFO : EventManager : Event: ======'machine_var_python_version'====== Args={'value': '3.11.10', 'prev_value': None, 'change': True}
2024-11-27 21:05:56,384 : INFO : EventManager : Event: ======'machine_var_platform'====== Args={'value': 'Linux-6.8.0-49-generic-x86_64-with-glibc2.39', 'prev_value': None, 'change': True}
2024-11-27 21:05:56,384 : INFO : EventManager : Event: ======'machine_var_platform_system'====== Args={'value': 'Linux', 'prev_value': None, 'change': True}
2024-11-27 21:05:56,384 : INFO : EventManager : Event: ======'machine_var_platform_release'====== Args={'value': '6.8.0-49-generic', 'prev_value': None, 'change': True}
2024-11-27 21:05:56,384 : INFO : EventManager : Event: ======'machine_var_platform_version'====== Args={'value': '#49-Ubuntu SMP PREEMPT_DYNAMIC Mon Nov  4 02:06:24 UTC 2024', 'prev_value': None, 'change': True}
2024-11-27 21:05:56,384 : INFO : EventManager : Event: ======'machine_var_platform_machine'====== Args={'value': 'x86_64', 'prev_value': None, 'change': True}
2024-11-27 21:05:56,384 : INFO : EventManager : Event: ======'machine_var_log_file_path'====== Args={'value': '/home/caw/pinball/git/hauntedhouse/logs/2024-11-27-21-05-55-mpf-caw-System-Product-Name.log', 'prev_value': None, 'change': True}
2024-11-27 21:05:56,384 : INFO : EventManager : Event: ======'init_phase_1'====== Args={}
2024-11-27 21:05:56,405 : INFO : EventManager : Event: ======'drop_target_bank_upper_up'====== Args={}
2024-11-27 21:05:56,405 : INFO : EventManager : Event: ======'drop_target_bank_lower_up'====== Args={}
2024-11-27 21:05:56,405 : INFO : EventManager : Event: ======'init_phase_2'====== Args={}
2024-11-27 21:05:56,421 : INFO : SwitchController : Found active switch: (39, <Platform.P3-ROC>) <switch.s_main_outhole>
2024-11-27 21:05:56,426 : INFO : EventManager : Event: ======'bcp_connection_attempt'====== Args={'name': 'local_display', 'host': 'localhost', 'port': 5050}
2024-11-27 21:05:56,427 : INFO : BCPClientSocket : Connecting BCP to 'local_display' at localhost:5050...
2024-11-27 21:05:56,429 : INFO : BCPClientSocket : Connected BCP to 'local_display' localhost:5050
2024-11-27 21:05:56,429 : INFO : EventManager : Event: ======'bcp_clients_connected'====== Args={}
2024-11-27 21:05:56,430 : INFO : ball_device.bd_drain : BCH: Initial count: 1
2024-11-27 21:05:56,430 : INFO : ball_device.bd_drain : State: idle
2024-11-27 21:05:56,430 : INFO : ball_device.bd_lower_vuk : BCH: Initial count: 0
2024-11-27 21:05:56,430 : INFO : ball_device.bd_lower_vuk : State: idle
2024-11-27 21:05:56,431 : INFO : ball_device.bd_lower_kickout_special : BCH: Initial count: 0
2024-11-27 21:05:56,431 : INFO : ball_device.bd_lower_kickout_special : State: idle
2024-11-27 21:05:56,431 : INFO : ball_device.bd_main_vuk : BCH: Initial count: 0
2024-11-27 21:05:56,431 : INFO : ball_device.bd_main_vuk : State: idle
2024-11-27 21:05:56,431 : INFO : ball_device.bd_main_kickout_right : BCH: Initial count: 0
2024-11-27 21:05:56,431 : INFO : ball_device.bd_main_kickout_right : State: idle
2024-11-27 21:05:56,431 : INFO : ball_device.bd_main_kickout_lane : BCH: Initial count: 0
2024-11-27 21:05:56,431 : INFO : ball_device.bd_main_kickout_lane : State: idle
2024-11-27 21:05:56,436 : INFO : EventManager : Event: ======'init_phase_3'====== Args={}
2024-11-27 21:05:56,439 : INFO : EventManager : Event: ======'init_phase_4'====== Args={}
2024-11-27 21:05:56,439 : INFO : BallController : Initial balls found: 1
2024-11-27 21:05:56,439 : INFO : EventManager : Event: ======'machine_var_audits_events_game_ended'====== Args={'value': 89, 'prev_value': None, 'change': True}
2024-11-27 21:05:56,440 : INFO : EventManager : Event: ======'machine_var_audits_events_game_started'====== Args={'value': 196, 'prev_value': None, 'change': True}
2024-11-27 21:05:56,440 : INFO : EventManager : Event: ======'machine_var_audits_missing_switches_s_lower_10pt_lower'====== Args={'value': 3, 'prev_value': None, 'change': True}
2024-11-27 21:05:56,440 : INFO : EventManager : Event: ======'machine_var_audits_missing_switches_s_lower_3_drop'====== Args={'value': 1, 'prev_value': None, 'change': True}
2024-11-27 21:05:56,440 : INFO : EventManager : Event: ======'machine_var_audits_missing_switches_s_lower_5_drop'====== Args={'value': 1, 'prev_value': None, 'change': True}
2024-11-27 21:05:56,440 : INFO : EventManager : Event: ======'machine_var_audits_missing_switches_s_lower_kick_target'====== Args={'value': 1, 'prev_value': None, 'change': True}
2024-11-27 21:05:56,440 : INFO : EventManager : Event: ======'machine_var_audits_missing_switches_s_lower_rollover'====== Args={'value': 2, 'prev_value': None, 'change': True}
2024-11-27 21:05:56,440 : INFO : EventManager : Event: ======'machine_var_audits_missing_switches_s_main_1_target'====== Args={'value': 5, 'prev_value': None, 'change': True}
2024-11-27 21:05:56,440 : INFO : EventManager : Event: ======'machine_var_audits_missing_switches_s_main_1_trough'====== Args={'value': 6, 'prev_value': None, 'change': True}
2024-11-27 21:05:56,440 : INFO : EventManager : Event: ======'machine_var_audits_missing_switches_s_main_2_trough'====== Args={'value': 3, 'prev_value': None, 'change': True}
2024-11-27 21:05:56,440 : INFO : EventManager : Event: ======'machine_var_audits_missing_switches_s_main_5_target'====== Args={'value': 4, 'prev_value': None, 'change': True}
2024-11-27 21:05:56,440 : INFO : EventManager : Event: ======'machine_var_audits_missing_switches_s_main_inlane_left'====== Args={'value': 1, 'prev_value': None, 'change': True}
2024-11-27 21:05:56,440 : INFO : EventManager : Event: ======'machine_var_audits_missing_switches_s_main_kickout_right'====== Args={'value': 1, 'prev_value': None, 'change': True}
2024-11-27 21:05:56,440 : INFO : EventManager : Event: ======'machine_var_audits_missing_switches_s_main_outlane_left'====== Args={'value': 2, 'prev_value': None, 'change': True}
2024-11-27 21:05:56,440 : INFO : EventManager : Event: ======'machine_var_audits_missing_switches_s_main_outlane_right'====== Args={'value': 1, 'prev_value': None, 'change': True}
2024-11-27 21:05:56,440 : INFO : EventManager : Event: ======'machine_var_audits_missing_switches_s_main_rollunder'====== Args={'value': 1, 'prev_value': None, 'change': True}
2024-11-27 21:05:56,440 : INFO : EventManager : Event: ======'machine_var_audits_missing_switches_s_main_trapdoor_trough'====== Args={'value': 9, 'prev_value': None, 'change': True}
2024-11-27 21:05:56,440 : INFO : EventManager : Event: ======'machine_var_audits_missing_switches_s_start'====== Args={'value': 1, 'prev_value': None, 'change': True}
2024-11-27 21:05:56,441 : INFO : EventManager : Event: ======'machine_var_audits_missing_switches_s_upper_10pt_center'====== Args={'value': 2, 'prev_value': None, 'change': True}
2024-11-27 21:05:56,441 : INFO : EventManager : Event: ======'machine_var_audits_missing_switches_s_upper_10pt_left'====== Args={'value': 4, 'prev_value': None, 'change': True}
2024-11-27 21:05:56,441 : INFO : EventManager : Event: ======'machine_var_audits_missing_switches_s_upper_1_drop'====== Args={'value': 10, 'prev_value': None, 'change': True}
2024-11-27 21:05:56,441 : INFO : EventManager : Event: ======'machine_var_audits_missing_switches_s_upper_1_target'====== Args={'value': 1, 'prev_value': None, 'change': True}
2024-11-27 21:05:56,441 : INFO : EventManager : Event: ======'machine_var_audits_missing_switches_s_upper_2_drop'====== Args={'value': 10, 'prev_value': None, 'change': True}
2024-11-27 21:05:56,441 : INFO : EventManager : Event: ======'machine_var_audits_missing_switches_s_upper_2_target'====== Args={'value': 5, 'prev_value': None, 'change': True}
2024-11-27 21:05:56,441 : INFO : EventManager : Event: ======'machine_var_audits_missing_switches_s_upper_3_drop'====== Args={'value': 4, 'prev_value': None, 'change': True}
2024-11-27 21:05:56,441 : INFO : EventManager : Event: ======'machine_var_audits_missing_switches_s_upper_3_target'====== Args={'value': 19, 'prev_value': None, 'change': True}
2024-11-27 21:05:56,441 : INFO : EventManager : Event: ======'machine_var_audits_missing_switches_s_upper_4_drop'====== Args={'value': 1, 'prev_value': None, 'change': True}
2024-11-27 21:05:56,441 : INFO : EventManager : Event: ======'machine_var_audits_missing_switches_s_upper_4_target'====== Args={'value': 25, 'prev_value': None, 'change': True}
2024-11-27 21:05:56,441 : INFO : EventManager : Event: ======'machine_var_audits_missing_switches_s_upper_pop'====== Args={'value': 1, 'prev_value': None, 'change': True}
2024-11-27 21:05:56,441 : INFO : EventManager : Event: ======'machine_var_audits_player_score'====== Args={'value': {'average': 34251, 'top': [211150, 170050, 162330, 120480, 114590, 104010, 92630, 88790, 81180, 78890], 'total': 92}, 'prev_value': None, 'change': True}
2024-11-27 21:05:56,441 : INFO : EventManager : Event: ======'machine_var_audits_shots_10pt'====== Args={'value': 262, 'prev_value': None, 'change': True}
2024-11-27 21:05:56,441 : INFO : EventManager : Event: ======'machine_var_audits_shots_left_inlane'====== Args={'value': 25, 'prev_value': None, 'change': True}
2024-11-27 21:05:56,441 : INFO : EventManager : Event: ======'machine_var_audits_shots_left_outlane'====== Args={'value': 15, 'prev_value': None, 'change': True}
2024-11-27 21:05:56,441 : INFO : EventManager : Event: ======'machine_var_audits_shots_lower_10pt_drops'====== Args={'value': 61, 'prev_value': None, 'change': True}
2024-11-27 21:05:56,441 : INFO : EventManager : Event: ======'machine_var_audits_shots_lower_10pt_lower'====== Args={'value': 21, 'prev_value': None, 'change': True}
2024-11-27 21:05:56,442 : INFO : EventManager : Event: ======'machine_var_audits_shots_lower_10pt_upper'====== Args={'value': 23, 'prev_value': None, 'change': True}
2024-11-27 21:05:56,442 : INFO : EventManager : Event: ======'machine_var_audits_shots_lower_1_drop'====== Args={'value': 53, 'prev_value': None, 'change': True}
2024-11-27 21:05:56,442 : INFO : EventManager : Event: ======'machine_var_audits_shots_lower_2_drop'====== Args={'value': 20, 'prev_value': None, 'change': True}
2024-11-27 21:05:56,442 : INFO : EventManager : Event: ======'machine_var_audits_shots_lower_3_drop'====== Args={'value': 21, 'prev_value': None, 'change': True}
2024-11-27 21:05:56,442 : INFO : EventManager : Event: ======'machine_var_audits_shots_lower_4_drop'====== Args={'value': 27, 'prev_value': None, 'change': True}
2024-11-27 21:05:56,442 : INFO : EventManager : Event: ======'machine_var_audits_shots_lower_5_drop'====== Args={'value': 28, 'prev_value': None, 'change': True}
2024-11-27 21:05:56,442 : INFO : EventManager : Event: ======'machine_var_audits_shots_lower_hole'====== Args={'value': 49, 'prev_value': None, 'change': True}
2024-11-27 21:05:56,442 : INFO : EventManager : Event: ======'machine_var_audits_shots_lower_kick_target'====== Args={'value': 7, 'prev_value': None, 'change': True}
2024-11-27 21:05:56,442 : INFO : EventManager : Event: ======'machine_var_audits_shots_lower_left'====== Args={'value': 23, 'prev_value': None, 'change': True}
2024-11-27 21:05:56,442 : INFO : EventManager : Event: ======'machine_var_audits_shots_lower_left_pop'====== Args={'value': 248, 'prev_value': None, 'change': True}
2024-11-27 21:05:56,442 : INFO : EventManager : Event: ======'machine_var_audits_shots_lower_pop'====== Args={'value': 53, 'prev_value': None, 'change': True}
2024-11-27 21:05:56,442 : INFO : EventManager : Event: ======'machine_var_audits_shots_lower_right'====== Args={'value': 12, 'prev_value': None, 'change': True}
2024-11-27 21:05:56,442 : INFO : EventManager : Event: ======'machine_var_audits_shots_lower_rollover'====== Args={'value': 36, 'prev_value': None, 'change': True}
2024-11-27 21:05:56,442 : INFO : EventManager : Event: ======'machine_var_audits_shots_lower_slingshot'====== Args={'value': 39, 'prev_value': None, 'change': True}
2024-11-27 21:05:56,442 : INFO : EventManager : Event: ======'machine_var_audits_shots_main_1'====== Args={'value': 33, 'prev_value': None, 'change': True}
2024-11-27 21:05:56,442 : INFO : EventManager : Event: ======'machine_var_audits_shots_main_2'====== Args={'value': 37, 'prev_value': None, 'change': True}
2024-11-27 21:05:56,443 : INFO : EventManager : Event: ======'machine_var_audits_shots_main_3'====== Args={'value': 36, 'prev_value': None, 'change': True}
2024-11-27 21:05:56,443 : INFO : EventManager : Event: ======'machine_var_audits_shots_main_4'====== Args={'value': 62, 'prev_value': None, 'change': True}
2024-11-27 21:05:56,443 : INFO : EventManager : Event: ======'machine_var_audits_shots_main_5'====== Args={'value': 28, 'prev_value': None, 'change': True}
2024-11-27 21:05:56,443 : INFO : EventManager : Event: ======'machine_var_audits_shots_main_slingshot'====== Args={'value': 62, 'prev_value': None, 'change': True}
2024-11-27 21:05:56,443 : INFO : EventManager : Event: ======'machine_var_audits_shots_main_trough_1'====== Args={'value': 20, 'prev_value': None, 'change': True}
2024-11-27 21:05:56,443 : INFO : EventManager : Event: ======'machine_var_audits_shots_main_trough_2'====== Args={'value': 2, 'prev_value': None, 'change': True}
2024-11-27 21:05:56,443 : INFO : EventManager : Event: ======'machine_var_audits_shots_right_inlane'====== Args={'value': 86, 'prev_value': None, 'change': True}
2024-11-27 21:05:56,443 : INFO : EventManager : Event: ======'machine_var_audits_shots_right_kickout'====== Args={'value': 38, 'prev_value': None, 'change': True}
2024-11-27 21:05:56,443 : INFO : EventManager : Event: ======'machine_var_audits_shots_right_outlane'====== Args={'value': 48, 'prev_value': None, 'change': True}
2024-11-27 21:05:56,443 : INFO : EventManager : Event: ======'machine_var_audits_shots_rollunder'====== Args={'value': 129, 'prev_value': None, 'change': True}
2024-11-27 21:05:56,443 : INFO : EventManager : Event: ======'machine_var_audits_shots_secret_passage_trough'====== Args={'value': 14, 'prev_value': None, 'change': True}
2024-11-27 21:05:56,443 : INFO : EventManager : Event: ======'machine_var_audits_shots_standup_right'====== Args={'value': 107, 'prev_value': None, 'change': True}
2024-11-27 21:05:56,443 : INFO : EventManager : Event: ======'machine_var_audits_shots_trapdoor_trough'====== Args={'value': 10, 'prev_value': None, 'change': True}
2024-11-27 21:05:56,444 : INFO : EventManager : Event: ======'machine_var_audits_shots_upper_1'====== Args={'value': 101, 'prev_value': None, 'change': True}
2024-11-27 21:05:56,444 : INFO : EventManager : Event: ======'machine_var_audits_shots_upper_1_drop'====== Args={'value': 182, 'prev_value': None, 'change': True}
2024-11-27 21:05:56,444 : INFO : EventManager : Event: ======'machine_var_audits_shots_upper_2'====== Args={'value': 93, 'prev_value': None, 'change': True}
2024-11-27 21:05:56,444 : INFO : EventManager : Event: ======'machine_var_audits_shots_upper_2_drop'====== Args={'value': 81, 'prev_value': None, 'change': True}
2024-11-27 21:05:56,444 : INFO : EventManager : Event: ======'machine_var_audits_shots_upper_3'====== Args={'value': 42, 'prev_value': None, 'change': True}
2024-11-27 21:05:56,444 : INFO : EventManager : Event: ======'machine_var_audits_shots_upper_3_drop'====== Args={'value': 105, 'prev_value': None, 'change': True}
2024-11-27 21:05:56,444 : INFO : EventManager : Event: ======'machine_var_audits_shots_upper_4'====== Args={'value': 43, 'prev_value': None, 'change': True}
2024-11-27 21:05:56,444 : INFO : EventManager : Event: ======'machine_var_audits_shots_upper_4_drop'====== Args={'value': 166, 'prev_value': None, 'change': True}
2024-11-27 21:05:56,444 : INFO : EventManager : Event: ======'machine_var_audits_shots_upper_left_pop'====== Args={'value': 125, 'prev_value': None, 'change': True}
2024-11-27 21:05:56,444 : INFO : EventManager : Event: ======'machine_var_audits_shots_upper_pop'====== Args={'value': 608, 'prev_value': None, 'change': True}
2024-11-27 21:05:56,445 : INFO : EventManager : Event: ======'machine_var_audits_switches_s_left_flipper1'====== Args={'value': 603, 'prev_value': None, 'change': True}
2024-11-27 21:05:56,445 : INFO : EventManager : Event: ======'machine_var_audits_switches_s_left_flipper2'====== Args={'value': 601, 'prev_value': None, 'change': True}
2024-11-27 21:05:56,445 : INFO : EventManager : Event: ======'machine_var_audits_switches_s_lower_10pt_UPPER'====== Args={'value': 0, 'prev_value': None, 'change': True}
2024-11-27 21:05:56,445 : INFO : EventManager : Event: ======'machine_var_audits_switches_s_lower_10pt_drops'====== Args={'value': 61, 'prev_value': None, 'change': True}
2024-11-27 21:05:56,445 : INFO : EventManager : Event: ======'machine_var_audits_switches_s_lower_10pt_lower'====== Args={'value': 21, 'prev_value': None, 'change': True}
2024-11-27 21:05:56,445 : INFO : EventManager : Event: ======'machine_var_audits_switches_s_lower_10pt_upper'====== Args={'value': 23, 'prev_value': None, 'change': True}
2024-11-27 21:05:56,445 : INFO : EventManager : Event: ======'machine_var_audits_switches_s_lower_1_drop'====== Args={'value': 408, 'prev_value': None, 'change': True}
2024-11-27 21:05:56,445 : INFO : EventManager : Event: ======'machine_var_audits_switches_s_lower_2_drop'====== Args={'value': 20, 'prev_value': None, 'change': True}
2024-11-27 21:05:56,445 : INFO : EventManager : Event: ======'machine_var_audits_switches_s_lower_3_drop'====== Args={'value': 21, 'prev_value': None, 'change': True}
2024-11-27 21:05:56,445 : INFO : EventManager : Event: ======'machine_var_audits_switches_s_lower_4_drop'====== Args={'value': 27, 'prev_value': None, 'change': True}
2024-11-27 21:05:56,446 : INFO : EventManager : Event: ======'machine_var_audits_switches_s_lower_5_drop'====== Args={'value': 28, 'prev_value': None, 'change': True}
2024-11-27 21:05:56,446 : INFO : EventManager : Event: ======'machine_var_audits_switches_s_lower_bonus_left'====== Args={'value': 23, 'prev_value': None, 'change': True}
2024-11-27 21:05:56,446 : INFO : EventManager : Event: ======'machine_var_audits_switches_s_lower_bonus_right'====== Args={'value': 12, 'prev_value': None, 'change': True}
2024-11-27 21:05:56,446 : INFO : EventManager : Event: ======'machine_var_audits_switches_s_lower_kick_target'====== Args={'value': 7, 'prev_value': None, 'change': True}
2024-11-27 21:05:56,446 : INFO : EventManager : Event: ======'machine_var_audits_switches_s_lower_kickout_special'====== Args={'value': 49, 'prev_value': None, 'change': True}
2024-11-27 21:05:56,446 : INFO : EventManager : Event: ======'machine_var_audits_switches_s_lower_pop'====== Args={'value': 53, 'prev_value': None, 'change': True}
2024-11-27 21:05:56,446 : INFO : EventManager : Event: ======'machine_var_audits_switches_s_lower_rollover'====== Args={'value': 64, 'prev_value': None, 'change': True}
2024-11-27 21:05:56,446 : INFO : EventManager : Event: ======'machine_var_audits_switches_s_lower_slingshot'====== Args={'value': 39, 'prev_value': None, 'change': True}
2024-11-27 21:05:56,446 : INFO : EventManager : Event: ======'machine_var_audits_switches_s_lower_vuk'====== Args={'value': 270, 'prev_value': None, 'change': True}
2024-11-27 21:05:56,446 : INFO : EventManager : Event: ======'machine_var_audits_switches_s_main_10pt_left'====== Args={'value': 40, 'prev_value': None, 'change': True}
2024-11-27 21:05:56,446 : INFO : EventManager : Event: ======'machine_var_audits_switches_s_main_1_target'====== Args={'value': 60, 'prev_value': None, 'change': True}
2024-11-27 21:05:56,447 : INFO : EventManager : Event: ======'machine_var_audits_switches_s_main_1_trough'====== Args={'value': 53, 'prev_value': None, 'change': True}
2024-11-27 21:05:56,447 : INFO : EventManager : Event: ======'machine_var_audits_switches_s_main_2_target'====== Args={'value': 60, 'prev_value': None, 'change': True}
2024-11-27 21:05:56,447 : INFO : EventManager : Event: ======'machine_var_audits_switches_s_main_2_trough'====== Args={'value': 66, 'prev_value': None, 'change': True}
2024-11-27 21:05:56,447 : INFO : EventManager : Event: ======'machine_var_audits_switches_s_main_3_target'====== Args={'value': 36, 'prev_value': None, 'change': True}
2024-11-27 21:05:56,447 : INFO : EventManager : Event: ======'machine_var_audits_switches_s_main_4_target'====== Args={'value': 78, 'prev_value': None, 'change': True}
2024-11-27 21:05:56,447 : INFO : EventManager : Event: ======'machine_var_audits_switches_s_main_5_target'====== Args={'value': 62, 'prev_value': None, 'change': True}
2024-11-27 21:05:56,447 : INFO : EventManager : Event: ======'machine_var_audits_switches_s_main_inlane_left'====== Args={'value': 28, 'prev_value': None, 'change': True}
2024-11-27 21:05:56,447 : INFO : EventManager : Event: ======'machine_var_audits_switches_s_main_inlane_right'====== Args={'value': 91, 'prev_value': None, 'change': True}
2024-11-27 21:05:56,447 : INFO : EventManager : Event: ======'machine_var_audits_switches_s_main_kickout_right'====== Args={'value': 136, 'prev_value': None, 'change': True}
2024-11-27 21:05:56,448 : INFO : EventManager : Event: ======'machine_var_audits_switches_s_main_lane_center'====== Args={'value': 159, 'prev_value': None, 'change': True}
2024-11-27 21:05:56,448 : INFO : EventManager : Event: ======'machine_var_audits_switches_s_main_outhole'====== Args={'value': 633, 'prev_value': None, 'change': True}
2024-11-27 21:05:56,448 : INFO : EventManager : Event: ======'machine_var_audits_switches_s_main_outlane_left'====== Args={'value': 22, 'prev_value': None, 'change': True}
2024-11-27 21:05:56,448 : INFO : EventManager : Event: ======'machine_var_audits_switches_s_main_outlane_right'====== Args={'value': 49, 'prev_value': None, 'change': True}
2024-11-27 21:05:56,448 : INFO : EventManager : Event: ======'machine_var_audits_switches_s_main_pop_bottom'====== Args={'value': 276, 'prev_value': None, 'change': True}
2024-11-27 21:05:56,448 : INFO : EventManager : Event: ======'machine_var_audits_switches_s_main_pop_top'====== Args={'value': 190, 'prev_value': None, 'change': True}
2024-11-27 21:05:56,449 : INFO : EventManager : Event: ======'machine_var_audits_switches_s_main_rollunder'====== Args={'value': 129, 'prev_value': None, 'change': True}
2024-11-27 21:05:56,449 : INFO : EventManager : Event: ======'machine_var_audits_switches_s_main_roundabout_rollunder'====== Args={'value': 52, 'prev_value': None, 'change': True}
2024-11-27 21:05:56,449 : INFO : EventManager : Event: ======'machine_var_audits_switches_s_main_secret_trough'====== Args={'value': 44, 'prev_value': None, 'change': True}
2024-11-27 21:05:56,449 : INFO : EventManager : Event: ======'machine_var_audits_switches_s_main_slingshot'====== Args={'value': 257, 'prev_value': None, 'change': True}
2024-11-27 21:05:56,449 : INFO : EventManager : Event: ======'machine_var_audits_switches_s_main_target_right'====== Args={'value': 160, 'prev_value': None, 'change': True}
2024-11-27 21:05:56,449 : INFO : EventManager : Event: ======'machine_var_audits_switches_s_main_trapdoor_trough'====== Args={'value': 10, 'prev_value': None, 'change': True}
2024-11-27 21:05:56,449 : INFO : EventManager : Event: ======'machine_var_audits_switches_s_main_vuk'====== Args={'value': 300, 'prev_value': None, 'change': True}
2024-11-27 21:05:56,449 : INFO : EventManager : Event: ======'machine_var_audits_switches_s_right_flipper1'====== Args={'value': 531, 'prev_value': None, 'change': True}
2024-11-27 21:05:56,449 : INFO : EventManager : Event: ======'machine_var_audits_switches_s_right_flipper2'====== Args={'value': 508, 'prev_value': None, 'change': True}
2024-11-27 21:05:56,450 : INFO : EventManager : Event: ======'machine_var_audits_switches_s_start'====== Args={'value': 7, 'prev_value': None, 'change': True}
2024-11-27 21:05:56,450 : INFO : EventManager : Event: ======'machine_var_audits_switches_s_upper_10pt_center'====== Args={'value': 201, 'prev_value': None, 'change': True}
2024-11-27 21:05:56,450 : INFO : EventManager : Event: ======'machine_var_audits_switches_s_upper_10pt_left'====== Args={'value': 127, 'prev_value': None, 'change': True}
2024-11-27 21:05:56,450 : INFO : EventManager : Event: ======'machine_var_audits_switches_s_upper_1_drop'====== Args={'value': 191, 'prev_value': None, 'change': True}
2024-11-27 21:05:56,450 : INFO : EventManager : Event: ======'machine_var_audits_switches_s_upper_1_target'====== Args={'value': 163, 'prev_value': None, 'change': True}
2024-11-27 21:05:56,451 : INFO : EventManager : Event: ======'machine_var_audits_switches_s_upper_2_drop'====== Args={'value': 96, 'prev_value': None, 'change': True}
2024-11-27 21:05:56,451 : INFO : EventManager : Event: ======'machine_var_audits_switches_s_upper_2_target'====== Args={'value': 179, 'prev_value': None, 'change': True}
2024-11-27 21:05:56,451 : INFO : EventManager : Event: ======'machine_var_audits_switches_s_upper_3_drop'====== Args={'value': 119, 'prev_value': None, 'change': True}
2024-11-27 21:05:56,452 : INFO : EventManager : Event: ======'machine_var_audits_switches_s_upper_3_target'====== Args={'value': 79, 'prev_value': None, 'change': True}
2024-11-27 21:05:56,452 : INFO : EventManager : Event: ======'machine_var_audits_switches_s_upper_4_drop'====== Args={'value': 186, 'prev_value': None, 'change': True}
2024-11-27 21:05:56,452 : INFO : EventManager : Event: ======'machine_var_audits_switches_s_upper_4_target'====== Args={'value': 81, 'prev_value': None, 'change': True}
2024-11-27 21:05:56,453 : INFO : EventManager : Event: ======'machine_var_audits_switches_s_upper_pop'====== Args={'value': 840, 'prev_value': None, 'change': True}
2024-11-27 21:05:56,453 : INFO : EventManager : Event: ======'init_phase_5'====== Args={}
2024-11-27 21:05:56,456 : INFO : EventManager : Event: ======'init_done'====== Args={}
2024-11-27 21:05:56,456 : INFO : EventManager : Event: ======'machine_reset_phase_1'====== Args={}
2024-11-27 21:05:56,458 : INFO : EventManager : Event: ======'machine_reset_phase_2'====== Args={}
2024-11-27 21:05:56,458 : INFO : EventManager : Event: ======'machine_reset_phase_3'====== Args={}
2024-11-27 21:05:56,458 : INFO : drop_target_bank.upper : All targets are already up. Will not reset bank.
2024-11-27 21:05:56,458 : INFO : drop_target_bank.lower : All targets are already up. Will not reset bank.
2024-11-27 21:05:56,458 : INFO : EventManager : Event: ======'reset_complete'====== Args={}
2024-11-27 21:05:56,458 : INFO : EventManager : Event: ======'mode_attract_will_start'====== Args={}
2024-11-27 21:05:56,458 : INFO : EventManager : Event: ======'mode_attract_starting'====== Args={}
2024-11-27 21:05:56,458 : INFO : Mode.attract : Started. Priority: 10
2024-11-27 21:05:56,458 : INFO : EventManager : Event: ======'modes_active_modes_changed'====== Args={}
2024-11-27 21:05:56,458 : INFO : EventManager : Event: ======'mode_attract_started'====== Args={}
2024-11-27 21:05:56,459 : INFO : EventManager : Event: ======'collecting_balls_complete'====== Args={}
2024-11-27 21:05:56,462 : INFO : Machine : Starting the main run loop with active modes: [<Mode.attract>]
2024-11-27 21:05:56,516 : INFO : EventManager : Event: ======'slide_attract_scroll_created'====== Args={'_from_bcp': True}
2024-11-27 21:05:56,557 : INFO : EventManager : Event: ======'slide__removed'====== Args={'_from_bcp': True}
2024-11-27 21:05:56,557 : INFO : EventManager : Event: ======'slide_attract_scroll_active'====== Args={'original_context': 'attract', 'original_calling_context': 'mode_attract_started', 'priority': 10.0, 'cmd': 'slides_play', '_from_bcp': True}
2024-11-27 21:07:36,653 : INFO : SwitchController : <<<<<<< 's_start' active >>>>>>>
2024-11-27 21:07:36,905 : INFO : SwitchController : <<<<<<< 's_start' inactive >>>>>>>
2024-11-27 21:07:36,905 : INFO : EventManager : Event: ======'request_to_start_game'====== Args={}
2024-11-27 21:07:36,906 : INFO : EventManager : Event: ======'game_start'====== Args={'buttons': [], 'hold_time': 0.25198491500032105}
2024-11-27 21:07:36,906 : INFO : EventManager : Event: ======'mode_game_will_start'====== Args={'buttons': [], 'hold_time': 0.25198491500032105}
2024-11-27 21:07:36,906 : INFO : EventManager : Event: ======'mode_game_starting'====== Args={'buttons': [], 'hold_time': 0.25198491500032105}
2024-11-27 21:07:36,906 : INFO : EventManager : Event: ======'mode_attract_will_stop'====== Args={}
2024-11-27 21:07:36,906 : INFO : EventManager : Event: ======'mode_attract_stopping'====== Args={}
2024-11-27 21:07:36,906 : INFO : Mode.attract : Stopped.
2024-11-27 21:07:36,906 : INFO : EventManager : Event: ======'modes_active_modes_changed'====== Args={}
2024-11-27 21:07:36,907 : INFO : EventManager : Event: ======'mode_attract_stopped'====== Args={}
2024-11-27 21:07:36,907 : INFO : EventManager : Event: ======'clear'====== Args={'key': 'attract'}
2024-11-27 21:07:36,907 : INFO : Mode.game : Started. Priority: 20
2024-11-27 21:07:36,907 : INFO : EventManager : Event: ======'modes_active_modes_changed'====== Args={}
2024-11-27 21:07:36,907 : INFO : EventManager : Event: ======'mode_game_started'====== Args={'buttons': [], 'hold_time': 0.25198491500032105}
2024-11-27 21:07:36,908 : INFO : EventManager : Event: ======'game_will_start'====== Args={}
2024-11-27 21:07:36,908 : INFO : EventManager : Event: ======'game_starting'====== Args={'game': <Mode.game>}
2024-11-27 21:07:36,908 : INFO : EventManager : Unordered handler for class <Auditor> on event game_ended with priority 1. Handlers: [RegisteredHandler(callback=<bound method Auditor.disable of <Auditor>>, priority=1, kwargs={}, key=UUID('8c2d637a-3e89-48fa-8c33-c41093efe4f9'), condition=None, blocking_facility=None), RegisteredHandler(callback=<bound method Auditor._save_audits of <Auditor>>, priority=1, kwargs={}, key=UUID('b37d723c-9dc2-4f93-a037-8fad52b251e7'), condition=None, blocking_facility=None)]. The order of those handlers is not defined and they will be executed in random order. This might lead to race conditions and potential bugs.
2024-11-27 21:07:36,908 : INFO : EventManager : Event: ======'player_add_request'====== Args={}
2024-11-27 21:07:36,908 : INFO : EventManager : Event: ======'player_will_add'====== Args={'number': 1}
2024-11-27 21:07:36,908 : INFO : EventManager : Event: ======'player_adding'====== Args={'player': <Player 1>, 'number': 1}
2024-11-27 21:07:36,908 : INFO : EventManager : Event: ======'player_added'====== Args={'player': <Player 1>, 'num': 1}
2024-11-27 21:07:36,908 : INFO : Mode.game : Player added successfully. Total players: 1
2024-11-27 21:07:36,908 : INFO : EventManager : Event: ======'player_index'====== Args={'value': 0, 'prev_value': 0, 'change': 0, 'player_num': 1}
2024-11-27 21:07:36,909 : INFO : EventManager : Event: ======'player_number'====== Args={'value': 1, 'prev_value': 1, 'change': 0, 'player_num': 1}
2024-11-27 21:07:36,909 : INFO : EventManager : Event: ======'player_bonus_upper_playfield'====== Args={'value': 0, 'prev_value': 0, 'change': 0, 'player_num': 1}
2024-11-27 21:07:36,909 : INFO : EventManager : Event: ======'player_bonus_lower_playfield'====== Args={'value': 0, 'prev_value': 0, 'change': 0, 'player_num': 1}
2024-11-27 21:07:36,909 : INFO : EventManager : Event: ======'player_bonus_main_playfield'====== Args={'value': 0, 'prev_value': 0, 'change': 0, 'player_num': 1}
2024-11-27 21:07:36,909 : INFO : EventManager : Event: ======'player_attic_double_score'====== Args={'value': 0, 'prev_value': 0, 'change': 0, 'player_num': 1}
2024-11-27 21:07:36,909 : INFO : EventManager : Event: ======'player_main_double_score'====== Args={'value': 0, 'prev_value': 0, 'change': 0, 'player_num': 1}
2024-11-27 21:07:36,909 : INFO : EventManager : Event: ======'player_lower_double_score'====== Args={'value': 0, 'prev_value': 0, 'change': 0, 'player_num': 1}
2024-11-27 21:07:36,909 : INFO : EventManager : Event: ======'player_base_bonus'====== Args={'value': 0, 'prev_value': 0, 'change': 0, 'player_num': 1}
2024-11-27 21:07:36,909 : INFO : EventManager : Event: ======'player_bonus_multiplier'====== Args={'value': 1, 'prev_value': 1, 'change': 0, 'player_num': 1}
2024-11-27 21:07:36,909 : INFO : EventManager : Event: ======'player_score'====== Args={'value': 0, 'prev_value': 0, 'change': 0, 'player_num': 1}
2024-11-27 21:07:36,910 : INFO : EventManager : Event: ======'game_started'====== Args={}
2024-11-27 21:07:36,910 : INFO : EventManager : Event: ======'player_turn_will_start'====== Args={'player': <Player 1>, 'number': 1}
2024-11-27 21:07:36,910 : INFO : EventManager : Event: ======'player_turn_starting'====== Args={'player': <Player 1>, 'number': 1}
2024-11-27 21:07:36,910 : INFO : EventManager : Event: ======'player_ball'====== Args={'value': 1, 'prev_value': 0, 'change': 1, 'player_num': 1}
2024-11-27 21:07:36,911 : INFO : EventManager : Event: ======'player_turn_started'====== Args={'player': <Player 1>, 'number': 1}
2024-11-27 21:07:36,911 : INFO : EventManager : Event: ======'ball_will_start'====== Args={'player': 1, 'ball': 1, 'balls_remaining': 2, 'is_extra_ball': False}
2024-11-27 21:07:36,911 : INFO : EventManager : Event: ======'ball_starting'====== Args={'player': 1, 'ball': 1, 'balls_remaining': 2, 'is_extra_ball': False}
2024-11-27 21:07:36,911 : INFO : EventManager : Event: ======'mode_base_will_start'====== Args={'queue': <QueuedEvent>, 'player': 1, 'ball': 1, 'balls_remaining': 2, 'is_extra_ball': False}
2024-11-27 21:07:36,912 : INFO : EventManager : Event: ======'player_shot_upper_pop_enabled'====== Args={'value': True, 'prev_value': 0, 'change': 1, 'player_num': 1}
2024-11-27 21:07:36,912 : INFO : EventManager : Event: ======'player_shot_lower_left_pop_enabled'====== Args={'value': True, 'prev_value': 0, 'change': 1, 'player_num': 1}
2024-11-27 21:07:36,917 : INFO : EventManager : Event: ======'player_shot_upper_left_pop_enabled'====== Args={'value': True, 'prev_value': 0, 'change': 1, 'player_num': 1}
2024-11-27 21:07:36,918 : INFO : EventManager : Event: ======'player_shot_10pt_enabled'====== Args={'value': True, 'prev_value': 0, 'change': 1, 'player_num': 1}
2024-11-27 21:07:36,919 : INFO : EventManager : Event: ======'player_shot_upper_1_enabled'====== Args={'value': True, 'prev_value': 0, 'change': 1, 'player_num': 1}
2024-11-27 21:07:36,919 : INFO : EventManager : Event: ======'player_shot_upper_2_enabled'====== Args={'value': True, 'prev_value': 0, 'change': 1, 'player_num': 1}
2024-11-27 21:07:36,919 : INFO : EventManager : Event: ======'player_shot_upper_3_enabled'====== Args={'value': True, 'prev_value': 0, 'change': 1, 'player_num': 1}
2024-11-27 21:07:36,919 : INFO : EventManager : Event: ======'player_shot_upper_4_enabled'====== Args={'value': True, 'prev_value': 0, 'change': 1, 'player_num': 1}
2024-11-27 21:07:36,919 : INFO : EventManager : Event: ======'player_shot_upper_1_drop_enabled'====== Args={'value': True, 'prev_value': 0, 'change': 1, 'player_num': 1}
2024-11-27 21:07:36,919 : INFO : EventManager : Event: ======'player_shot_upper_2_drop_enabled'====== Args={'value': True, 'prev_value': 0, 'change': 1, 'player_num': 1}
2024-11-27 21:07:36,920 : INFO : EventManager : Event: ======'player_shot_upper_3_drop_enabled'====== Args={'value': True, 'prev_value': 0, 'change': 1, 'player_num': 1}
2024-11-27 21:07:36,920 : INFO : EventManager : Event: ======'player_shot_upper_4_drop_enabled'====== Args={'value': True, 'prev_value': 0, 'change': 1, 'player_num': 1}
2024-11-27 21:07:36,920 : INFO : EventManager : Event: ======'player_shot_lower_1_drop_enabled'====== Args={'value': True, 'prev_value': 0, 'change': 1, 'player_num': 1}
2024-11-27 21:07:36,920 : INFO : EventManager : Event: ======'player_shot_lower_2_drop_enabled'====== Args={'value': True, 'prev_value': 0, 'change': 1, 'player_num': 1}
2024-11-27 21:07:36,920 : INFO : EventManager : Event: ======'player_shot_lower_3_drop_enabled'====== Args={'value': True, 'prev_value': 0, 'change': 1, 'player_num': 1}
2024-11-27 21:07:36,920 : INFO : EventManager : Event: ======'player_shot_lower_4_drop_enabled'====== Args={'value': True, 'prev_value': 0, 'change': 1, 'player_num': 1}
2024-11-27 21:07:36,920 : INFO : EventManager : Event: ======'player_shot_lower_5_drop_enabled'====== Args={'value': True, 'prev_value': 0, 'change': 1, 'player_num': 1}
2024-11-27 21:07:36,921 : INFO : EventManager : Event: ======'player_shot_lower_hole_enabled'====== Args={'value': True, 'prev_value': 0, 'change': 1, 'player_num': 1}
2024-11-27 21:07:36,921 : INFO : EventManager : Event: ======'player_shot_lower_left_enabled'====== Args={'value': True, 'prev_value': 0, 'change': 1, 'player_num': 1}
2024-11-27 21:07:36,921 : INFO : EventManager : Event: ======'player_shot_lower_right_enabled'====== Args={'value': True, 'prev_value': 0, 'change': 1, 'player_num': 1}
2024-11-27 21:07:36,921 : INFO : EventManager : Event: ======'player_shot_lower_pop_enabled'====== Args={'value': True, 'prev_value': 0, 'change': 1, 'player_num': 1}
2024-11-27 21:07:36,921 : INFO : EventManager : Event: ======'player_shot_lower_10pt_lower_enabled'====== Args={'value': True, 'prev_value': 0, 'change': 1, 'player_num': 1}
2024-11-27 21:07:36,921 : INFO : EventManager : Event: ======'player_shot_lower_10pt_drops_enabled'====== Args={'value': True, 'prev_value': 0, 'change': 1, 'player_num': 1}
2024-11-27 21:07:36,921 : INFO : EventManager : Event: ======'player_shot_lower_10pt_upper_enabled'====== Args={'value': True, 'prev_value': 0, 'change': 1, 'player_num': 1}
2024-11-27 21:07:36,922 : INFO : EventManager : Event: ======'player_shot_lower_slingshot_enabled'====== Args={'value': True, 'prev_value': 0, 'change': 1, 'player_num': 1}
2024-11-27 21:07:36,922 : INFO : EventManager : Event: ======'player_shot_lower_kick_target_enabled'====== Args={'value': True, 'prev_value': 0, 'change': 1, 'player_num': 1}
2024-11-27 21:07:36,922 : INFO : EventManager : Event: ======'player_shot_lower_rollover_enabled'====== Args={'value': True, 'prev_value': 0, 'change': 1, 'player_num': 1}
2024-11-27 21:07:36,922 : INFO : EventManager : Event: ======'player_shot_main_1_enabled'====== Args={'value': True, 'prev_value': 0, 'change': 1, 'player_num': 1}
2024-11-27 21:07:36,922 : INFO : EventManager : Event: ======'player_shot_main_2_enabled'====== Args={'value': True, 'prev_value': 0, 'change': 1, 'player_num': 1}
2024-11-27 21:07:36,922 : INFO : EventManager : Event: ======'player_shot_main_3_enabled'====== Args={'value': True, 'prev_value': 0, 'change': 1, 'player_num': 1}
2024-11-27 21:07:36,922 : INFO : EventManager : Event: ======'player_shot_main_4_enabled'====== Args={'value': True, 'prev_value': 0, 'change': 1, 'player_num': 1}
2024-11-27 21:07:36,922 : INFO : EventManager : Event: ======'player_shot_main_5_enabled'====== Args={'value': True, 'prev_value': 0, 'change': 1, 'player_num': 1}
2024-11-27 21:07:36,923 : INFO : EventManager : Event: ======'player_shot_main_slingshot_enabled'====== Args={'value': True, 'prev_value': 0, 'change': 1, 'player_num': 1}
2024-11-27 21:07:36,923 : INFO : EventManager : Event: ======'player_shot_right_outlane_enabled'====== Args={'value': True, 'prev_value': 0, 'change': 1, 'player_num': 1}
2024-11-27 21:07:36,923 : INFO : EventManager : Event: ======'player_shot_right_inlane_enabled'====== Args={'value': True, 'prev_value': 0, 'change': 1, 'player_num': 1}
2024-11-27 21:07:36,923 : INFO : EventManager : Event: ======'player_shot_left_inlane_enabled'====== Args={'value': True, 'prev_value': 0, 'change': 1, 'player_num': 1}
2024-11-27 21:07:36,923 : INFO : EventManager : Event: ======'player_shot_left_outlane_enabled'====== Args={'value': True, 'prev_value': 0, 'change': 1, 'player_num': 1}
2024-11-27 21:07:36,923 : INFO : EventManager : Event: ======'player_shot_standup_right_enabled'====== Args={'value': True, 'prev_value': 0, 'change': 1, 'player_num': 1}
2024-11-27 21:07:36,923 : INFO : EventManager : Event: ======'player_shot_right_kickout_enabled'====== Args={'value': True, 'prev_value': 0, 'change': 1, 'player_num': 1}
2024-11-27 21:07:36,923 : INFO : EventManager : Event: ======'player_shot_rollunder_enabled'====== Args={'value': True, 'prev_value': 0, 'change': 1, 'player_num': 1}
2024-11-27 21:07:36,923 : INFO : EventManager : Event: ======'player_shot_main_trough_1_enabled'====== Args={'value': True, 'prev_value': 0, 'change': 1, 'player_num': 1}
2024-11-27 21:07:36,923 : INFO : EventManager : Event: ======'player_shot_main_trough_2_enabled'====== Args={'value': True, 'prev_value': 0, 'change': 1, 'player_num': 1}
2024-11-27 21:07:36,924 : INFO : EventManager : Event: ======'player_shot_secret_passage_trough_enabled'====== Args={'value': True, 'prev_value': 0, 'change': 1, 'player_num': 1}
2024-11-27 21:07:36,924 : INFO : EventManager : Event: ======'player_shot_trapdoor_trough_enabled'====== Args={'value': True, 'prev_value': 0, 'change': 1, 'player_num': 1}
2024-11-27 21:07:36,926 : INFO : EventManager : Event: ======'mode_base_starting'====== Args={'queue': <QueuedEvent>, 'player': 1, 'ball': 1, 'balls_remaining': 2, 'is_extra_ball': False}
2024-11-27 21:07:36,926 : INFO : drop_target_bank.upper : All targets are already up. Will not reset bank.
2024-11-27 21:07:36,926 : INFO : drop_target_bank.lower : All targets are already up. Will not reset bank.
2024-11-27 21:07:36,926 : INFO : EventManager : Event: ======'balls_in_play'====== Args={'balls': 1}
2024-11-27 21:07:36,926 : INFO : EventManager : Event: ======'ball_started'====== Args={'player': 1, 'ball': 1, 'balls_remaining': 2, 'is_extra_ball': False}
2024-11-27 21:07:36,931 : INFO : EventManager : Event: ======'logicblock_attic_drop_counter_updated'====== Args={'value': 0, 'enabled': True}
2024-11-27 21:07:36,931 : INFO : EventManager : Event: ======'logicblock_attic_hits_updated'====== Args={'value': 0, 'enabled': True}
2024-11-27 21:07:36,931 : INFO : EventManager : Event: ======'logicblock_attic_drop_counter_updated'====== Args={'value': 0, 'enabled': True}
2024-11-27 21:07:36,931 : INFO : EventManager : Event: ======'logicblock_attic_hits_updated'====== Args={'value': 0, 'enabled': True}
2024-11-27 21:07:36,931 : INFO : Mode.base : Started. Priority: 100
2024-11-27 21:07:36,931 : INFO : EventManager : Event: ======'modes_active_modes_changed'====== Args={}
2024-11-27 21:07:36,931 : INFO : EventManager : Event: ======'mode_base_started'====== Args={'queue': <QueuedEvent>, 'player': 1, 'ball': 1, 'balls_remaining': 2, 'is_extra_ball': False}
2024-11-27 21:07:36,932 : INFO : EventManager : Event: ======'base_bonus_900'====== Args={'queue': <QueuedEvent>, 'player': 1, 'ball': 1, 'balls_remaining': 2, 'is_extra_ball': False}
2024-11-27 21:07:36,933 : INFO : EventManager : Event: ======'player_base_bonus'====== Args={'value': 900, 'prev_value': 0, 'change': 900, 'player_num': 1, 'source': 'base'}
2024-11-27 21:07:36,934 : INFO : EventManager : Event: ======'single_player_ball_started'====== Args={}
2024-11-27 21:07:36,934 : INFO : EventManager : Event: ======'ball_start_target'====== Args={'target': 'playfield'}
2024-11-27 21:07:36,935 : INFO : ball_device.bd_drain : Setting up player-controlled eject. Balls: 1, Target: <playfield.playfield>, player_controlled_eject_event: None
2024-11-27 21:07:36,935 : INFO : ball_device.bd_drain : Adding 1 ball(s) to the eject_queue with target <playfield.playfield>.
2024-11-27 21:07:36,935 : INFO : EventManager : Event: ======'balldevice_balls_available'====== Args={}
2024-11-27 21:07:36,935 : INFO : ball_device.bd_drain : State: waiting_for_target_ready
2024-11-27 21:07:36,935 : INFO : EventManager : Event: ======'balldevice_bd_drain_ball_eject_attempt'====== Args={'balls': 1, 'target': <playfield.playfield>, 'source': <ball_device.bd_drain>, 'mechanical_eject': False, 'num_attempts': 0}
2024-11-27 21:07:36,935 : INFO : ball_device.bd_drain : State: ejecting
2024-11-27 21:07:36,935 : INFO : ball_device.bd_drain : Ejecting ball to <playfield.playfield>
2024-11-27 21:07:36,935 : INFO : EventManager : Event: ======'balldevice_bd_drain_ejecting_ball'====== Args={'balls': 1, 'target': <playfield.playfield>, 'source': <ball_device.bd_drain>, 'mechanical_eject': False, 'num_attempts': 0}
2024-11-27 21:07:36,935 : INFO : ball_device.bd_drain : Wait for ball to leave device
2024-11-27 21:07:36,935 : INFO : coil.c_main_outhole : Pulsing Driver for 60ms (1.0 pulse_power)
2024-11-27 21:07:36,949 : INFO : EventManager : Event: ======'slide_base_created'====== Args={'_from_bcp': True}
2024-11-27 21:07:36,950 : INFO : EventManager : Event: ======'slide_attract_scroll_inactive'====== Args={'is_removing': True, '_from_bcp': True}
2024-11-27 21:07:36,950 : INFO : EventManager : Event: ======'slide_base_active'====== Args={'original_context': 'base', 'original_calling_context': 'mode_base_started', 'priority': 100.0, 'queue': '<QueuedEvent>', 'player': 1.0, 'ball': 1.0, 'balls_remaining': 2.0, 'is_extra_ball': False, 'cmd': 'slides_play', '_from_bcp': True}
2024-11-27 21:07:36,950 : INFO : EventManager : Event: ======'slide_attract_scroll_removed'====== Args={'_from_bcp': True}
2024-11-27 21:07:37,013 : INFO : SwitchController : <<<<<<< 's_main_outhole' inactive >>>>>>>
2024-11-27 21:07:37,014 : INFO : ball_device.bd_drain : State: ball_left
2024-11-27 21:07:37,014 : INFO : ball_device.bd_drain : Ball left
2024-11-27 21:07:37,014 : INFO : ball_device.bd_drain : Wait for confirm with timeout 10.0
2024-11-27 21:07:39,897 : INFO : SwitchController : <<<<<<< 's_right_flipper1' active >>>>>>>
2024-11-27 21:07:39,897 : INFO : EventManager : Event: ======'machine_var_audits_switches_s_right_flipper1'====== Args={'value': 532, 'prev_value': 531, 'change': 1}
2024-11-27 21:07:39,911 : INFO : SwitchController : <<<<<<< 's_left_flipper1' active >>>>>>>
2024-11-27 21:07:39,911 : INFO : EventManager : Event: ======'machine_var_audits_switches_s_left_flipper1'====== Args={'value': 604, 'prev_value': 603, 'change': 1}
2024-11-27 21:07:40,039 : INFO : SwitchController : <<<<<<< 's_right_flipper1' inactive >>>>>>>
2024-11-27 21:07:40,063 : INFO : SwitchController : <<<<<<< 's_left_flipper1' inactive >>>>>>>
2024-11-27 21:07:40,243 : INFO : SwitchController : <<<<<<< 's_right_flipper2' active >>>>>>>
2024-11-27 21:07:40,243 : INFO : EventManager : Event: ======'machine_var_audits_switches_s_right_flipper2'====== Args={'value': 509, 'prev_value': 508, 'change': 1}
2024-11-27 21:07:40,257 : INFO : SwitchController : <<<<<<< 's_left_flipper2' active >>>>>>>
2024-11-27 21:07:40,257 : INFO : EventManager : Event: ======'machine_var_audits_switches_s_left_flipper2'====== Args={'value': 602, 'prev_value': 601, 'change': 1}
2024-11-27 21:07:40,407 : INFO : SwitchController : <<<<<<< 's_right_flipper2' inactive >>>>>>>
2024-11-27 21:07:40,421 : INFO : SwitchController : <<<<<<< 's_left_flipper2' inactive >>>>>>>
2024-11-27 21:07:42,227 : INFO : SwitchController : <<<<<<< 's_left_flipper1' active >>>>>>>
2024-11-27 21:07:42,227 : INFO : EventManager : Event: ======'machine_var_audits_switches_s_left_flipper1'====== Args={'value': 605, 'prev_value': 604, 'change': 1}
2024-11-27 21:07:42,251 : INFO : SwitchController : <<<<<<< 's_right_flipper1' active >>>>>>>
2024-11-27 21:07:42,251 : INFO : EventManager : Event: ======'machine_var_audits_switches_s_right_flipper1'====== Args={'value': 533, 'prev_value': 532, 'change': 1}
2024-11-27 21:07:42,297 : WARNING : SwitchController : Received duplicate switch state 0 for switch s_main_outhole from the platform interface. Log Code: Log-SwitchController-1 (https://missionpinball.org/logs)
2024-11-27 21:07:42,349 : INFO : SwitchController : <<<<<<< 's_left_flipper1' inactive >>>>>>>
2024-11-27 21:07:42,383 : INFO : SwitchController : <<<<<<< 's_right_flipper1' inactive >>>>>>>
2024-11-27 21:07:47,015 : INFO : ball_device.bd_drain : State: failed_confirm
2024-11-27 21:07:47,015 : INFO : ball_device.bd_drain : Got timeout (10.0s) before confirm from <playfield.playfield>
2024-11-27 21:07:47,117 : INFO : ball_device.bd_drain : Confirming eject because target is playfield and ball did not return.
2024-11-27 21:07:47,117 : INFO : ball_device.bd_drain : Eject successful
2024-11-27 21:07:47,118 : INFO : EventManager : Event: ======'balldevice_bd_drain_ball_eject_success'====== Args={'balls': 1, 'target': <playfield.playfield>}
2024-11-27 21:07:47,118 : INFO : EventManager : Event: ======'balldevice_playfield_ball_enter'====== Args={'new_balls': 1, 'unclaimed_balls': 1, 'device': <playfield.playfield>}
2024-11-27 21:07:47,118 : INFO : EventManager : Event: ======'playfield_ball_count_change'====== Args={'balls': 1, 'change': 1}
2024-11-27 21:07:47,118 : INFO : EventManager : Event: ======'balldevice_bd_drain_ball_count_changed'====== Args={'balls': 0}
2024-11-27 21:07:47,118 : INFO : ball_device.bd_drain : State: idle
2024-11-27 21:08:07,313 : INFO : SwitchController : <<<<<<< 's_upper_pop' active >>>>>>>
2024-11-27 21:08:07,313 : INFO : EventManager : Event: ======'s_upper_pop_active'====== Args={}
2024-11-27 21:08:07,313 : INFO : EventManager : Event: ======'machine_var_audits_switches_s_upper_pop'====== Args={'value': 841, 'prev_value': 840, 'change': 1}
2024-11-27 21:08:07,314 : INFO : EventManager : Event: ======'player_shot_upper_pop'====== Args={'value': 1, 'prev_value': 0, 'change': 1, 'player_num': 1}
2024-11-27 21:08:07,314 : INFO : EventManager : Event: ======'machine_var_audits_shots_upper_pop'====== Args={'value': 609, 'prev_value': 608, 'change': 1}
2024-11-27 21:08:07,318 : INFO : EventManager : Event: ======'upper_pop_hit'====== Args={'profile': 'pop_hit', 'state': 'unlit', 'advancing': True}
2024-11-27 21:08:07,319 : INFO : EventManager : Event: ======'upper_pop_pop_hit_hit'====== Args={'profile': 'pop_hit', 'state': 'unlit', 'advancing': True}
2024-11-27 21:08:07,319 : INFO : EventManager : Event: ======'upper_pop_pop_hit_unlit_hit'====== Args={'profile': 'pop_hit', 'state': 'unlit', 'advancing': True}
2024-11-27 21:08:07,319 : INFO : EventManager : Event: ======'upper_pop_unlit_hit'====== Args={'profile': 'pop_hit', 'state': 'unlit', 'advancing': True}
2024-11-27 21:08:07,319 : INFO : EventManager : Event: ======'player_score'====== Args={'value': 1000, 'prev_value': 0, 'change': 1000, 'player_num': 1, 'source': 'base'}
2024-11-27 21:08:07,319 : INFO : EventManager : Event: ======'logicblock_attic_hits_updated'====== Args={'value': 1, 'enabled': True}
2024-11-27 21:08:07,319 : INFO : EventManager : Event: ======'counter_attic_hits_hit'====== Args={'count': 1, 'hits': 1, 'remaining': 10}
2024-11-27 21:08:07,319 : INFO : EventManager : Event: ======'logicblock_attic_hits_hit'====== Args={'count': 1, 'hits': 1, 'remaining': 10}
2024-11-27 21:08:07,389 : INFO : SwitchController : <<<<<<< 's_upper_pop' inactive >>>>>>>
2024-11-27 21:08:07,877 : INFO : SwitchController : <<<<<<< 's_upper_pop' active >>>>>>>
2024-11-27 21:08:07,877 : INFO : EventManager : Event: ======'s_upper_pop_active'====== Args={}
2024-11-27 21:08:07,877 : INFO : EventManager : Event: ======'machine_var_audits_switches_s_upper_pop'====== Args={'value': 842, 'prev_value': 841, 'change': 1}
2024-11-27 21:08:07,878 : INFO : EventManager : Event: ======'player_shot_upper_pop'====== Args={'value': 2, 'prev_value': 1, 'change': 1, 'player_num': 1}
2024-11-27 21:08:07,878 : INFO : EventManager : Event: ======'machine_var_audits_shots_upper_pop'====== Args={'value': 610, 'prev_value': 609, 'change': 1}
2024-11-27 21:08:07,878 : INFO : EventManager : Event: ======'upper_pop_hit'====== Args={'profile': 'pop_hit', 'state': 'flashing', 'advancing': True}
2024-11-27 21:08:07,878 : INFO : EventManager : Event: ======'upper_pop_pop_hit_hit'====== Args={'profile': 'pop_hit', 'state': 'flashing', 'advancing': True}
2024-11-27 21:08:07,878 : INFO : EventManager : Event: ======'upper_pop_pop_hit_flashing_hit'====== Args={'profile': 'pop_hit', 'state': 'flashing', 'advancing': True}
2024-11-27 21:08:07,879 : INFO : EventManager : Event: ======'upper_pop_flashing_hit'====== Args={'profile': 'pop_hit', 'state': 'flashing', 'advancing': True}
2024-11-27 21:08:07,880 : INFO : EventManager : Event: ======'player_score'====== Args={'value': 2000, 'prev_value': 1000, 'change': 1000, 'player_num': 1, 'source': 'base'}
2024-11-27 21:08:07,880 : INFO : EventManager : Event: ======'logicblock_attic_hits_updated'====== Args={'value': 2, 'enabled': True}
2024-11-27 21:08:07,880 : INFO : EventManager : Event: ======'counter_attic_hits_hit'====== Args={'count': 2, 'hits': 2, 'remaining': 9}
2024-11-27 21:08:07,880 : INFO : EventManager : Event: ======'logicblock_attic_hits_hit'====== Args={'count': 2, 'hits': 2, 'remaining': 9}
2024-11-27 21:08:07,913 : WARNING : SwitchController : Received duplicate switch state 1 for switch s_upper_pop from the platform interface. Log Code: Log-SwitchController-1 (https://missionpinball.org/logs)
2024-11-27 21:08:07,925 : INFO : SwitchController : <<<<<<< 's_upper_pop' inactive >>>>>>>
2024-11-27 21:08:08,331 : INFO : SwitchController : <<<<<<< 's_upper_pop' active >>>>>>>
2024-11-27 21:08:08,331 : INFO : EventManager : Event: ======'s_upper_pop_active'====== Args={}
2024-11-27 21:08:08,331 : INFO : EventManager : Event: ======'machine_var_audits_switches_s_upper_pop'====== Args={'value': 843, 'prev_value': 842, 'change': 1}
2024-11-27 21:08:08,332 : INFO : EventManager : Event: ======'player_shot_upper_pop'====== Args={'value': 0, 'prev_value': 2, 'change': -2, 'player_num': 1}
2024-11-27 21:08:08,332 : INFO : EventManager : Event: ======'machine_var_audits_shots_upper_pop'====== Args={'value': 611, 'prev_value': 610, 'change': 1}
2024-11-27 21:08:08,332 : INFO : EventManager : Event: ======'upper_pop_hit'====== Args={'profile': 'pop_hit', 'state': 'lit', 'advancing': True}
2024-11-27 21:08:08,332 : INFO : EventManager : Event: ======'upper_pop_pop_hit_hit'====== Args={'profile': 'pop_hit', 'state': 'lit', 'advancing': True}
2024-11-27 21:08:08,332 : INFO : EventManager : Event: ======'upper_pop_pop_hit_lit_hit'====== Args={'profile': 'pop_hit', 'state': 'lit', 'advancing': True}
2024-11-27 21:08:08,332 : INFO : EventManager : Event: ======'upper_pop_lit_hit'====== Args={'profile': 'pop_hit', 'state': 'lit', 'advancing': True}
2024-11-27 21:08:08,334 : INFO : EventManager : Event: ======'player_score'====== Args={'value': 3000, 'prev_value': 2000, 'change': 1000, 'player_num': 1, 'source': 'base'}
2024-11-27 21:08:08,334 : INFO : EventManager : Event: ======'logicblock_attic_hits_updated'====== Args={'value': 3, 'enabled': True}
2024-11-27 21:08:08,334 : INFO : EventManager : Event: ======'counter_attic_hits_hit'====== Args={'count': 3, 'hits': 3, 'remaining': 8}
2024-11-27 21:08:08,334 : INFO : EventManager : Event: ======'logicblock_attic_hits_hit'====== Args={'count': 3, 'hits': 3, 'remaining': 8}
2024-11-27 21:08:08,357 : WARNING : SwitchController : Received duplicate switch state 1 for switch s_upper_pop from the platform interface. Log Code: Log-SwitchController-1 (https://missionpinball.org/logs)
2024-11-27 21:08:08,411 : INFO : SwitchController : <<<<<<< 's_upper_pop' inactive >>>>>>>
2024-11-27 21:08:09,675 : INFO : SwitchController : <<<<<<< 's_upper_pop' active >>>>>>>
2024-11-27 21:08:09,675 : INFO : EventManager : Event: ======'s_upper_pop_active'====== Args={}
2024-11-27 21:08:09,675 : INFO : EventManager : Event: ======'machine_var_audits_switches_s_upper_pop'====== Args={'value': 844, 'prev_value': 843, 'change': 1}
2024-11-27 21:08:09,675 : INFO : EventManager : Event: ======'player_shot_upper_pop'====== Args={'value': 1, 'prev_value': 0, 'change': 1, 'player_num': 1}
2024-11-27 21:08:09,676 : INFO : EventManager : Event: ======'machine_var_audits_shots_upper_pop'====== Args={'value': 612, 'prev_value': 611, 'change': 1}
2024-11-27 21:08:09,676 : INFO : EventManager : Event: ======'upper_pop_hit'====== Args={'profile': 'pop_hit', 'state': 'unlit', 'advancing': True}
2024-11-27 21:08:09,676 : INFO : EventManager : Event: ======'upper_pop_pop_hit_hit'====== Args={'profile': 'pop_hit', 'state': 'unlit', 'advancing': True}
2024-11-27 21:08:09,676 : INFO : EventManager : Event: ======'upper_pop_pop_hit_unlit_hit'====== Args={'profile': 'pop_hit', 'state': 'unlit', 'advancing': True}
2024-11-27 21:08:09,676 : INFO : EventManager : Event: ======'upper_pop_unlit_hit'====== Args={'profile': 'pop_hit', 'state': 'unlit', 'advancing': True}
2024-11-27 21:08:09,678 : INFO : EventManager : Event: ======'player_score'====== Args={'value': 4000, 'prev_value': 3000, 'change': 1000, 'player_num': 1, 'source': 'base'}
2024-11-27 21:08:09,678 : INFO : EventManager : Event: ======'logicblock_attic_hits_updated'====== Args={'value': 4, 'enabled': True}
2024-11-27 21:08:09,678 : INFO : EventManager : Event: ======'counter_attic_hits_hit'====== Args={'count': 4, 'hits': 4, 'remaining': 7}
2024-11-27 21:08:09,678 : INFO : EventManager : Event: ======'logicblock_attic_hits_hit'====== Args={'count': 4, 'hits': 4, 'remaining': 7}
2024-11-27 21:08:09,699 : WARNING : SwitchController : Received duplicate switch state 1 for switch s_upper_pop from the platform interface. Log Code: Log-SwitchController-1 (https://missionpinball.org/logs)
2024-11-27 21:08:09,763 : INFO : SwitchController : <<<<<<< 's_upper_pop' inactive >>>>>>>
2024-11-27 21:08:12,589 : INFO : SwitchController : <<<<<<< 's_upper_pop' active >>>>>>>
2024-11-27 21:08:12,589 : INFO : EventManager : Event: ======'s_upper_pop_active'====== Args={}
2024-11-27 21:08:12,589 : INFO : EventManager : Event: ======'machine_var_audits_switches_s_upper_pop'====== Args={'value': 845, 'prev_value': 844, 'change': 1}
2024-11-27 21:08:12,590 : INFO : EventManager : Event: ======'player_shot_upper_pop'====== Args={'value': 2, 'prev_value': 1, 'change': 1, 'player_num': 1}
2024-11-27 21:08:12,590 : INFO : EventManager : Event: ======'machine_var_audits_shots_upper_pop'====== Args={'value': 613, 'prev_value': 612, 'change': 1}
2024-11-27 21:08:12,595 : INFO : EventManager : Event: ======'upper_pop_hit'====== Args={'profile': 'pop_hit', 'state': 'flashing', 'advancing': True}
2024-11-27 21:08:12,595 : INFO : EventManager : Event: ======'upper_pop_pop_hit_hit'====== Args={'profile': 'pop_hit', 'state': 'flashing', 'advancing': True}
2024-11-27 21:08:12,595 : INFO : EventManager : Event: ======'upper_pop_pop_hit_flashing_hit'====== Args={'profile': 'pop_hit', 'state': 'flashing', 'advancing': True}
2024-11-27 21:08:12,595 : INFO : EventManager : Event: ======'upper_pop_flashing_hit'====== Args={'profile': 'pop_hit', 'state': 'flashing', 'advancing': True}
2024-11-27 21:08:12,597 : INFO : EventManager : Event: ======'player_score'====== Args={'value': 5000, 'prev_value': 4000, 'change': 1000, 'player_num': 1, 'source': 'base'}
2024-11-27 21:08:12,597 : INFO : EventManager : Event: ======'logicblock_attic_hits_updated'====== Args={'value': 5, 'enabled': True}
2024-11-27 21:08:12,597 : INFO : EventManager : Event: ======'counter_attic_hits_hit'====== Args={'count': 5, 'hits': 5, 'remaining': 6}
2024-11-27 21:08:12,597 : INFO : EventManager : Event: ======'logicblock_attic_hits_hit'====== Args={'count': 5, 'hits': 5, 'remaining': 6}
2024-11-27 21:08:12,655 : INFO : SwitchController : <<<<<<< 's_upper_pop' inactive >>>>>>>
2024-11-27 21:08:14,365 : INFO : SwitchController : <<<<<<< 's_upper_pop' active >>>>>>>
2024-11-27 21:08:14,365 : INFO : EventManager : Event: ======'s_upper_pop_active'====== Args={}
2024-11-27 21:08:14,365 : INFO : EventManager : Event: ======'machine_var_audits_switches_s_upper_pop'====== Args={'value': 846, 'prev_value': 845, 'change': 1}
2024-11-27 21:08:14,365 : INFO : EventManager : Event: ======'player_shot_upper_pop'====== Args={'value': 0, 'prev_value': 2, 'change': -2, 'player_num': 1}
2024-11-27 21:08:14,366 : INFO : EventManager : Event: ======'machine_var_audits_shots_upper_pop'====== Args={'value': 614, 'prev_value': 613, 'change': 1}
2024-11-27 21:08:14,366 : INFO : EventManager : Event: ======'upper_pop_hit'====== Args={'profile': 'pop_hit', 'state': 'lit', 'advancing': True}
2024-11-27 21:08:14,366 : INFO : EventManager : Event: ======'upper_pop_pop_hit_hit'====== Args={'profile': 'pop_hit', 'state': 'lit', 'advancing': True}
2024-11-27 21:08:14,366 : INFO : EventManager : Event: ======'upper_pop_pop_hit_lit_hit'====== Args={'profile': 'pop_hit', 'state': 'lit', 'advancing': True}
2024-11-27 21:08:14,366 : INFO : EventManager : Event: ======'upper_pop_lit_hit'====== Args={'profile': 'pop_hit', 'state': 'lit', 'advancing': True}
2024-11-27 21:08:14,368 : INFO : EventManager : Event: ======'player_score'====== Args={'value': 6000, 'prev_value': 5000, 'change': 1000, 'player_num': 1, 'source': 'base'}
2024-11-27 21:08:14,368 : INFO : EventManager : Event: ======'logicblock_attic_hits_updated'====== Args={'value': 6, 'enabled': True}
2024-11-27 21:08:14,368 : INFO : EventManager : Event: ======'counter_attic_hits_hit'====== Args={'count': 6, 'hits': 6, 'remaining': 5}
2024-11-27 21:08:14,368 : INFO : EventManager : Event: ======'logicblock_attic_hits_hit'====== Args={'count': 6, 'hits': 6, 'remaining': 5}
2024-11-27 21:08:14,443 : INFO : SwitchController : <<<<<<< 's_upper_pop' inactive >>>>>>>
2024-11-27 21:08:18,165 : INFO : SwitchController : <<<<<<< 's_upper_4_drop' active >>>>>>>
2024-11-27 21:08:18,165 : INFO : EventManager : Event: ======'s_upper_4_drop_active'====== Args={}
2024-11-27 21:08:18,165 : INFO : EventManager : Event: ======'drop_target_u4_drop_down'====== Args={'device': <drop_target.u4_drop>}
2024-11-27 21:08:18,165 : INFO : EventManager : Event: ======'drop_target_bank_upper_mixed'====== Args={'prev_value': <DropTargetBankState.UP: 'up'>, 'down': 1}
2024-11-27 21:08:18,165 : INFO : EventManager : Event: ======'machine_var_audits_switches_s_upper_4_drop'====== Args={'value': 187, 'prev_value': 186, 'change': 1}
2024-11-27 21:08:18,166 : INFO : EventManager : Event: ======'player_shot_upper_4_drop'====== Args={'value': 1, 'prev_value': 0, 'change': 1, 'player_num': 1}
2024-11-27 21:08:18,166 : INFO : EventManager : Event: ======'machine_var_audits_shots_upper_4_drop'====== Args={'value': 167, 'prev_value': 166, 'change': 1}
2024-11-27 21:08:18,166 : INFO : EventManager : Event: ======'upper_4_drop_hit'====== Args={'profile': 'default', 'state': 'unlit', 'advancing': True}
2024-11-27 21:08:18,166 : INFO : EventManager : Event: ======'upper_4_drop_default_hit'====== Args={'profile': 'default', 'state': 'unlit', 'advancing': True}
2024-11-27 21:08:18,166 : INFO : EventManager : Event: ======'upper_4_drop_default_unlit_hit'====== Args={'profile': 'default', 'state': 'unlit', 'advancing': True}
2024-11-27 21:08:18,166 : INFO : EventManager : Event: ======'upper_4_drop_unlit_hit'====== Args={'profile': 'default', 'state': 'unlit', 'advancing': True}
2024-11-27 21:08:18,166 : INFO : EventManager : Event: ======'player_score'====== Args={'value': 9000, 'prev_value': 6000, 'change': 3000, 'player_num': 1, 'source': 'base'}
2024-11-27 21:08:18,166 : INFO : EventManager : Event: ======'player_bonus_upper_playfield'====== Args={'value': 1, 'prev_value': 0, 'change': 1, 'player_num': 1, 'source': 'base'}
2024-11-27 21:08:18,166 : INFO : EventManager : Event: ======'logicblock_attic_hits_updated'====== Args={'value': 7, 'enabled': True}
2024-11-27 21:08:18,166 : INFO : EventManager : Event: ======'counter_attic_hits_hit'====== Args={'count': 7, 'hits': 7, 'remaining': 4}
2024-11-27 21:08:18,166 : INFO : EventManager : Event: ======'logicblock_attic_hits_hit'====== Args={'count': 7, 'hits': 7, 'remaining': 4}
2024-11-27 21:08:18,633 : INFO : SwitchController : <<<<<<< 's_upper_3_drop' active >>>>>>>
2024-11-27 21:08:18,633 : INFO : EventManager : Event: ======'s_upper_3_drop_active'====== Args={}
2024-11-27 21:08:18,633 : INFO : EventManager : Event: ======'drop_target_u3_drop_down'====== Args={'device': <drop_target.u3_drop>}
2024-11-27 21:08:18,633 : INFO : EventManager : Event: ======'drop_target_bank_upper_mixed'====== Args={'prev_value': <DropTargetBankState.MIXED: 'mixed'>, 'down': 2}
2024-11-27 21:08:18,633 : INFO : EventManager : Event: ======'machine_var_audits_switches_s_upper_3_drop'====== Args={'value': 120, 'prev_value': 119, 'change': 1}
2024-11-27 21:08:18,634 : INFO : EventManager : Event: ======'player_shot_upper_3_drop'====== Args={'value': 1, 'prev_value': 0, 'change': 1, 'player_num': 1}
2024-11-27 21:08:18,634 : INFO : EventManager : Event: ======'machine_var_audits_shots_upper_3_drop'====== Args={'value': 106, 'prev_value': 105, 'change': 1}
2024-11-27 21:08:18,634 : INFO : EventManager : Event: ======'upper_3_drop_hit'====== Args={'profile': 'default', 'state': 'unlit', 'advancing': True}
2024-11-27 21:08:18,634 : INFO : EventManager : Event: ======'upper_3_drop_default_hit'====== Args={'profile': 'default', 'state': 'unlit', 'advancing': True}
2024-11-27 21:08:18,634 : INFO : EventManager : Event: ======'upper_3_drop_default_unlit_hit'====== Args={'profile': 'default', 'state': 'unlit', 'advancing': True}
2024-11-27 21:08:18,634 : INFO : EventManager : Event: ======'upper_3_drop_unlit_hit'====== Args={'profile': 'default', 'state': 'unlit', 'advancing': True}
2024-11-27 21:08:18,634 : INFO : EventManager : Event: ======'player_score'====== Args={'value': 12000, 'prev_value': 9000, 'change': 3000, 'player_num': 1, 'source': 'base'}
2024-11-27 21:08:18,634 : INFO : EventManager : Event: ======'player_bonus_upper_playfield'====== Args={'value': 2, 'prev_value': 1, 'change': 1, 'player_num': 1, 'source': 'base'}
2024-11-27 21:08:18,635 : INFO : EventManager : Event: ======'logicblock_attic_hits_updated'====== Args={'value': 8, 'enabled': True}
2024-11-27 21:08:18,635 : INFO : EventManager : Event: ======'counter_attic_hits_hit'====== Args={'count': 8, 'hits': 8, 'remaining': 3}
2024-11-27 21:08:18,635 : INFO : EventManager : Event: ======'logicblock_attic_hits_hit'====== Args={'count': 8, 'hits': 8, 'remaining': 3}
2024-11-27 21:08:19,009 : INFO : SwitchController : <<<<<<< 's_upper_2_drop' active >>>>>>>
2024-11-27 21:08:19,009 : INFO : EventManager : Event: ======'s_upper_2_drop_active'====== Args={}
2024-11-27 21:08:19,009 : INFO : EventManager : Event: ======'drop_target_u2_drop_down'====== Args={'device': <drop_target.u2_drop>}
2024-11-27 21:08:19,010 : INFO : EventManager : Event: ======'drop_target_bank_upper_mixed'====== Args={'prev_value': <DropTargetBankState.MIXED: 'mixed'>, 'down': 3}
2024-11-27 21:08:19,010 : INFO : EventManager : Event: ======'machine_var_audits_switches_s_upper_2_drop'====== Args={'value': 97, 'prev_value': 96, 'change': 1}
2024-11-27 21:08:19,010 : INFO : EventManager : Event: ======'player_shot_upper_2_drop'====== Args={'value': 1, 'prev_value': 0, 'change': 1, 'player_num': 1}
2024-11-27 21:08:19,011 : INFO : EventManager : Event: ======'machine_var_audits_shots_upper_2_drop'====== Args={'value': 82, 'prev_value': 81, 'change': 1}
2024-11-27 21:08:19,011 : INFO : EventManager : Event: ======'upper_2_drop_hit'====== Args={'profile': 'default', 'state': 'unlit', 'advancing': True}
2024-11-27 21:08:19,011 : INFO : EventManager : Event: ======'upper_2_drop_default_hit'====== Args={'profile': 'default', 'state': 'unlit', 'advancing': True}
2024-11-27 21:08:19,011 : INFO : EventManager : Event: ======'upper_2_drop_default_unlit_hit'====== Args={'profile': 'default', 'state': 'unlit', 'advancing': True}
2024-11-27 21:08:19,011 : INFO : EventManager : Event: ======'upper_2_drop_unlit_hit'====== Args={'profile': 'default', 'state': 'unlit', 'advancing': True}
2024-11-27 21:08:19,011 : INFO : EventManager : Event: ======'player_score'====== Args={'value': 15000, 'prev_value': 12000, 'change': 3000, 'player_num': 1, 'source': 'base'}
2024-11-27 21:08:19,011 : INFO : EventManager : Event: ======'player_bonus_upper_playfield'====== Args={'value': 3, 'prev_value': 2, 'change': 1, 'player_num': 1, 'source': 'base'}
2024-11-27 21:08:19,011 : INFO : EventManager : Event: ======'logicblock_attic_hits_updated'====== Args={'value': 9, 'enabled': True}
2024-11-27 21:08:19,011 : INFO : EventManager : Event: ======'counter_attic_hits_hit'====== Args={'count': 9, 'hits': 9, 'remaining': 2}
2024-11-27 21:08:19,011 : INFO : EventManager : Event: ======'logicblock_attic_hits_hit'====== Args={'count': 9, 'hits': 9, 'remaining': 2}
2024-11-27 21:08:19,365 : INFO : SwitchController : <<<<<<< 's_upper_1_drop' active >>>>>>>
2024-11-27 21:08:19,365 : INFO : EventManager : Event: ======'s_upper_1_drop_active'====== Args={}
2024-11-27 21:08:19,365 : INFO : EventManager : Event: ======'drop_target_u1_drop_down'====== Args={'device': <drop_target.u1_drop>}
2024-11-27 21:08:19,365 : INFO : EventManager : Event: ======'drop_target_bank_upper_down'====== Args={}
2024-11-27 21:08:19,365 : INFO : EventManager : Event: ======'machine_var_audits_switches_s_upper_1_drop'====== Args={'value': 192, 'prev_value': 191, 'change': 1}
2024-11-27 21:08:19,366 : INFO : EventManager : Event: ======'player_shot_upper_1_drop'====== Args={'value': 1, 'prev_value': 0, 'change': 1, 'player_num': 1}
2024-11-27 21:08:19,366 : INFO : EventManager : Event: ======'machine_var_audits_shots_upper_1_drop'====== Args={'value': 183, 'prev_value': 182, 'change': 1}
2024-11-27 21:08:19,366 : INFO : EventManager : Event: ======'upper_1_drop_hit'====== Args={'profile': 'default', 'state': 'unlit', 'advancing': True}
2024-11-27 21:08:19,366 : INFO : EventManager : Event: ======'upper_1_drop_default_hit'====== Args={'profile': 'default', 'state': 'unlit', 'advancing': True}
2024-11-27 21:08:19,367 : INFO : EventManager : Event: ======'upper_1_drop_default_unlit_hit'====== Args={'profile': 'default', 'state': 'unlit', 'advancing': True}
2024-11-27 21:08:19,367 : INFO : EventManager : Event: ======'upper_1_drop_unlit_hit'====== Args={'profile': 'default', 'state': 'unlit', 'advancing': True}
2024-11-27 21:08:19,367 : INFO : EventManager : Event: ======'player_score'====== Args={'value': 18000, 'prev_value': 15000, 'change': 3000, 'player_num': 1, 'source': 'base'}
2024-11-27 21:08:19,367 : INFO : EventManager : Event: ======'player_bonus_upper_playfield'====== Args={'value': 4, 'prev_value': 3, 'change': 1, 'player_num': 1, 'source': 'base'}
2024-11-27 21:08:19,367 : INFO : EventManager : Event: ======'logicblock_attic_hits_updated'====== Args={'value': 10, 'enabled': True}
2024-11-27 21:08:19,367 : INFO : EventManager : Event: ======'counter_attic_hits_hit'====== Args={'count': 10, 'hits': 10, 'remaining': 1}
2024-11-27 21:08:19,367 : INFO : EventManager : Event: ======'logicblock_attic_hits_hit'====== Args={'count': 10, 'hits': 10, 'remaining': 1}
2024-11-27 21:08:19,370 : INFO : EventManager : Event: ======'logicblock_attic_drop_counter_updated'====== Args={'value': 1, 'enabled': True}
2024-11-27 21:08:19,370 : INFO : EventManager : Event: ======'counter_attic_drop_counter_hit'====== Args={'count': 1, 'hits': 1, 'remaining': 3}
2024-11-27 21:08:19,370 : INFO : EventManager : Event: ======'logicblock_attic_drop_counter_hit'====== Args={'count': 1, 'hits': 1, 'remaining': 3}
2024-11-27 21:08:20,367 : INFO : drop_target_bank.upper : 4 targets are down. Will reset those.
2024-11-27 21:08:20,367 : INFO : coil.c_upper_drop : Pulsing Driver for 75ms (1.0 pulse_power)
2024-11-27 21:08:20,413 : INFO : SwitchController : <<<<<<< 's_upper_1_drop' inactive (muted) >>>>>>>
2024-11-27 21:08:20,413 : INFO : SwitchController : <<<<<<< 's_upper_2_drop' inactive (muted) >>>>>>>
2024-11-27 21:08:20,413 : INFO : SwitchController : <<<<<<< 's_upper_3_drop' inactive (muted) >>>>>>>
2024-11-27 21:08:20,413 : INFO : SwitchController : <<<<<<< 's_upper_4_drop' inactive (muted) >>>>>>>
2024-11-27 21:08:20,868 : INFO : EventManager : Event: ======'drop_target_u1_drop_up'====== Args={'device': <drop_target.u1_drop>}
2024-11-27 21:08:20,868 : INFO : EventManager : Event: ======'drop_target_u2_drop_up'====== Args={'device': <drop_target.u2_drop>}
2024-11-27 21:08:20,868 : INFO : EventManager : Event: ======'drop_target_u3_drop_up'====== Args={'device': <drop_target.u3_drop>}
2024-11-27 21:08:20,868 : INFO : EventManager : Event: ======'drop_target_u4_drop_up'====== Args={'device': <drop_target.u4_drop>}
2024-11-27 21:08:20,868 : INFO : EventManager : Event: ======'drop_target_bank_upper_up'====== Args={}
2024-11-27 21:08:22,019 : INFO : SwitchController : <<<<<<< 's_upper_1_target' active >>>>>>>
2024-11-27 21:08:22,019 : INFO : EventManager : Event: ======'s_upper_1_target_active'====== Args={}
2024-11-27 21:08:22,019 : INFO : EventManager : Event: ======'sw_playfield_active'====== Args={}
2024-11-27 21:08:22,019 : INFO : EventManager : Event: ======'machine_var_audits_switches_s_upper_1_target'====== Args={'value': 164, 'prev_value': 163, 'change': 1}
2024-11-27 21:08:22,020 : INFO : EventManager : Event: ======'player_shot_upper_1'====== Args={'value': 1, 'prev_value': 0, 'change': 1, 'player_num': 1}
2024-11-27 21:08:22,020 : INFO : EventManager : Event: ======'machine_var_audits_shots_upper_1'====== Args={'value': 102, 'prev_value': 101, 'change': 1}
2024-11-27 21:08:22,024 : INFO : EventManager : Event: ======'upper_1_hit'====== Args={'profile': 'default', 'state': 'unlit', 'advancing': True}
2024-11-27 21:08:22,024 : INFO : EventManager : Event: ======'upper_1_default_hit'====== Args={'profile': 'default', 'state': 'unlit', 'advancing': True}
2024-11-27 21:08:22,024 : INFO : EventManager : Event: ======'upper_1_default_unlit_hit'====== Args={'profile': 'default', 'state': 'unlit', 'advancing': True}
2024-11-27 21:08:22,024 : INFO : EventManager : Event: ======'upper_1_unlit_hit'====== Args={'profile': 'default', 'state': 'unlit', 'advancing': True}
2024-11-27 21:08:22,024 : INFO : EventManager : Event: ======'player_score'====== Args={'value': 21000, 'prev_value': 18000, 'change': 3000, 'player_num': 1, 'source': 'base'}
2024-11-27 21:08:22,025 : INFO : EventManager : Event: ======'player_bonus_upper_playfield'====== Args={'value': 5, 'prev_value': 4, 'change': 1, 'player_num': 1, 'source': 'base'}
2024-11-27 21:08:22,025 : INFO : EventManager : Event: ======'logicblock_attic_hits_updated'====== Args={'value': 11, 'enabled': True}
2024-11-27 21:08:22,025 : INFO : EventManager : Event: ======'counter_attic_hits_hit'====== Args={'count': 11, 'hits': 11, 'remaining': 0}
2024-11-27 21:08:22,025 : INFO : EventManager : Event: ======'logicblock_attic_hits_hit'====== Args={'count': 11, 'hits': 11, 'remaining': 0}
2024-11-27 21:08:22,025 : INFO : EventManager : Event: ======'logicblock_attic_hits_complete'====== Args={}
2024-11-27 21:08:22,025 : INFO : EventManager : Event: ======'logicblock_attic_hits_updated'====== Args={'value': 11, 'enabled': False}
2024-11-27 21:08:22,147 : INFO : SwitchController : <<<<<<< 's_upper_1_target' inactive >>>>>>>
2024-11-27 21:08:22,533 : INFO : SwitchController : <<<<<<< 's_upper_1_target' active >>>>>>>
2024-11-27 21:08:22,533 : INFO : EventManager : Event: ======'s_upper_1_target_active'====== Args={}
2024-11-27 21:08:22,533 : INFO : EventManager : Event: ======'sw_playfield_active'====== Args={}
2024-11-27 21:08:22,533 : INFO : EventManager : Event: ======'machine_var_audits_switches_s_upper_1_target'====== Args={'value': 165, 'prev_value': 164, 'change': 1}
2024-11-27 21:08:22,534 : INFO : EventManager : Event: ======'machine_var_audits_shots_upper_1'====== Args={'value': 103, 'prev_value': 102, 'change': 1}
2024-11-27 21:08:22,534 : INFO : EventManager : Event: ======'upper_1_hit'====== Args={'profile': 'default', 'state': 'lit', 'advancing': False}
2024-11-27 21:08:22,534 : INFO : EventManager : Event: ======'upper_1_default_hit'====== Args={'profile': 'default', 'state': 'lit', 'advancing': False}
2024-11-27 21:08:22,534 : INFO : EventManager : Event: ======'upper_1_default_lit_hit'====== Args={'profile': 'default', 'state': 'lit', 'advancing': False}
2024-11-27 21:08:22,534 : INFO : EventManager : Event: ======'upper_1_lit_hit'====== Args={'profile': 'default', 'state': 'lit', 'advancing': False}
2024-11-27 21:08:22,534 : INFO : EventManager : Event: ======'player_score'====== Args={'value': 24000, 'prev_value': 21000, 'change': 3000, 'player_num': 1, 'source': 'base'}
2024-11-27 21:08:22,534 : INFO : EventManager : Event: ======'player_bonus_upper_playfield'====== Args={'value': 6, 'prev_value': 5, 'change': 1, 'player_num': 1, 'source': 'base'}
2024-11-27 21:08:22,599 : INFO : SwitchController : <<<<<<< 's_upper_1_target' inactive >>>>>>>
2024-11-27 21:08:31,254 : INFO : Machine : Shutting down...
2024-11-27 21:08:31,254 : INFO : EventManager : Event: ======'shutdown'====== Args={}
2024-11-27 21:08:31,254 : INFO : EventManager : Event: ======'mode_game_will_stop'====== Args={}
2024-11-27 21:08:31,255 : INFO : EventManager : Event: ======'mode_game_stopping'====== Args={}
2024-11-27 21:08:31,255 : INFO : EventManager : Event: ======'mode_base_will_stop'====== Args={}
2024-11-27 21:08:31,255 : INFO : EventManager : Event: ======'mode_base_stopping'====== Args={}
2024-11-27 21:08:31,255 : INFO : Mode.base : Stopped.
2024-11-27 21:08:31,255 : INFO : EventManager : Event: ======'modes_active_modes_changed'====== Args={}
2024-11-27 21:08:31,255 : INFO : EventManager : Event: ======'mode_base_stopped'====== Args={}
2024-11-27 21:08:31,255 : INFO : EventManager : Event: ======'clear'====== Args={'key': 'base'}
2024-11-27 21:08:31,256 : INFO : Mode.game : Stopped.
2024-11-27 21:08:31,256 : INFO : EventManager : Event: ======'modes_active_modes_changed'====== Args={}
2024-11-27 21:08:31,257 : INFO : EventManager : Event: ======'mode_game_stopped'====== Args={}
2024-11-27 21:08:31,257 : INFO : EventManager : Event: ======'clear'====== Args={'key': 'game'}
2024-11-27 21:08:31,259 : INFO : root : MPF run loop ended.
