2024-11-30 20:59:33,228 : INFO : root : Loading config.
2024-11-30 20:59:33,230 : INFO : YamlMultifileConfigLoader : Machine config file #1: config.yaml
2024-11-30 20:59:33,230 : INFO : ConfigProcessor : Loading config from cache: /var/folders/lw/36nc9wln17qdc1y8dnh6d85h0000gr/T/a187413b8cf7049e0b91852f54cd1afa.mpf_cache
2024-11-30 20:59:33,260 : INFO : ConfigProcessor : Loading config from cache: /var/folders/lw/36nc9wln17qdc1y8dnh6d85h0000gr/T/2e30198d1c841d95b9b3e69c8a0bb49b.mpf_cache
2024-11-30 20:59:33,260 : INFO : ConfigProcessor : Loading config from cache: /var/folders/lw/36nc9wln17qdc1y8dnh6d85h0000gr/T/40928215bbb65374348eff3d4cd7b8bc.mpf_cache
2024-11-30 20:59:33,261 : WARNING : ConfigProcessor : Config file in cache changed: /Users/C_Alan/pinball/hauntedhouse/modes/base/config/base.yaml
2024-11-30 20:59:33,261 : INFO : ConfigProcessor : Loading config from file /Users/C_Alan/pinball/hauntedhouse/modes/base/config/base.yaml.
2024-11-30 20:59:33,267 : INFO : ConfigProcessor : Loading config: /Users/C_Alan/pinball/hauntedhouse/modes/base/config/base.yaml
2024-11-30 20:59:33,268 : INFO : ConfigProcessor : Config file cache created: /var/folders/lw/36nc9wln17qdc1y8dnh6d85h0000gr/T/167ddff969183ffa73a4682c84ddf638.mpf_cache
2024-11-30 20:59:33,268 : INFO : ConfigProcessor : Loading config from cache: /var/folders/lw/36nc9wln17qdc1y8dnh6d85h0000gr/T/2e30198d1c841d95b9b3e69c8a0bb49b.mpf_cache
2024-11-30 20:59:33,268 : INFO : ConfigProcessor : Loading config from cache: /var/folders/lw/36nc9wln17qdc1y8dnh6d85h0000gr/T/f3e7df0542012602a298ddb9f31df321.mpf_cache
2024-11-30 20:59:33,268 : INFO : ConfigProcessor : Loading config from cache: /var/folders/lw/36nc9wln17qdc1y8dnh6d85h0000gr/T/ac27afd8b01174f1412801db135abc1d.mpf_cache
2024-11-30 20:59:33,269 : INFO : ConfigProcessor : Loading config from cache: /var/folders/lw/36nc9wln17qdc1y8dnh6d85h0000gr/T/df2857c909c4a913cc732702f1a197bb.mpf_cache
2024-11-30 20:59:33,269 : INFO : ConfigProcessor : Loading config from cache: /var/folders/lw/36nc9wln17qdc1y8dnh6d85h0000gr/T/1ab5c5e749213b44f20a4087626085fd.mpf_cache
2024-11-30 20:59:33,269 : INFO : ConfigProcessor : Loading config from cache: /var/folders/lw/36nc9wln17qdc1y8dnh6d85h0000gr/T/176bdc82e0948b16c38e3d140ac1de4b.mpf_cache
2024-11-30 20:59:33,269 : INFO : Machine : Mission Pinball Framework Core Engine v0.80.0.dev5
2024-11-30 20:59:33,269 : INFO : Machine : Command line arguments: {'no_load_cache': False, 'create_config_cache': True, 'bcp': True, 'configfile': ['config.yaml'], 'force_assets_load': False, 'platform_integration_test': False, 'jsonlogging': False, 'logfile': 'logs/2024-11-30-20-59-33-mpf-Macpro.local.log', 'pause': False, 'production': False, 'text_ui': True, 'loglevel': 15, 'consoleloglevel': 20, 'force_platform': 'virtual', 'syslog_address': None, 'full_logfile_path': '/Users/C_Alan/pinball/hauntedhouse/logs/2024-11-30-20-59-33-mpf-Macpro.local.log'}
2024-11-30 20:59:33,269 : INFO : Machine : MPF path: /Users/C_Alan/envp311/lib/python3.11/site-packages/mpf
2024-11-30 20:59:33,269 : INFO : Machine : Machine path: /Users/C_Alan/pinball/hauntedhouse
2024-11-30 20:59:33,269 : INFO : Machine : Platform: darwin
2024-11-30 20:59:33,269 : INFO : Machine : Python executable location: /Users/C_Alan/envp311/bin/python3.11
2024-11-30 20:59:33,269 : INFO : Machine : Python version: 3.11.0 (64-bit)
2024-11-30 20:59:33,270 : INFO : Machine : Initializing MPF...
2024-11-30 20:59:33,296 : INFO : EventManager : Event: ======'machine_var_credits_string'====== Args={'value': 'FREE PLAY', 'prev_value': None, 'change': True}
2024-11-30 20:59:33,303 : INFO : EventManager : Event: ======'machine_var_master_volume'====== Args={'value': 0.5, 'prev_value': None, 'change': True}
2024-11-30 20:59:33,303 : INFO : EventManager : Event: ======'machine_var_player1_score'====== Args={'value': 32800, 'prev_value': None, 'change': True}
2024-11-30 20:59:33,303 : INFO : EventManager : Event: ======'machine_var_mpf_version'====== Args={'value': 'Mission Pinball Framework v0.80.0.dev5', 'prev_value': None, 'change': True}
2024-11-30 20:59:33,303 : INFO : EventManager : Event: ======'machine_var_mpf_extended_version'====== Args={'value': 'Mission Pinball Framework v0.80.0.dev5, Config version:6, Show version: 6, BCP version:1.1', 'prev_value': None, 'change': True}
2024-11-30 20:59:33,303 : INFO : EventManager : Event: ======'machine_var_python_version'====== Args={'value': '3.11.0', 'prev_value': None, 'change': True}
2024-11-30 20:59:33,314 : INFO : EventManager : Event: ======'machine_var_platform'====== Args={'value': 'macOS-14.6.1-x86_64-i386-64bit', 'prev_value': None, 'change': True}
2024-11-30 20:59:33,314 : INFO : EventManager : Event: ======'machine_var_platform_system'====== Args={'value': 'Darwin', 'prev_value': None, 'change': True}
2024-11-30 20:59:33,314 : INFO : EventManager : Event: ======'machine_var_platform_release'====== Args={'value': '23.6.0', 'prev_value': None, 'change': True}
2024-11-30 20:59:33,314 : INFO : EventManager : Event: ======'machine_var_platform_version'====== Args={'value': 'Darwin Kernel Version 23.6.0: Mon Jul 29 21:13:00 PDT 2024; root:xnu-10063.141.2~1/RELEASE_X86_64', 'prev_value': None, 'change': True}
2024-11-30 20:59:33,314 : INFO : EventManager : Event: ======'machine_var_platform_machine'====== Args={'value': 'x86_64', 'prev_value': None, 'change': True}
2024-11-30 20:59:33,314 : INFO : EventManager : Event: ======'machine_var_log_file_path'====== Args={'value': '/Users/C_Alan/pinball/hauntedhouse/logs/2024-11-30-20-59-33-mpf-Macpro.local.log', 'prev_value': None, 'change': True}
2024-11-30 20:59:33,314 : INFO : EventManager : Event: ======'init_phase_1'====== Args={}
2024-11-30 20:59:33,350 : INFO : EventManager : Event: ======'drop_target_bank_upper_up'====== Args={}
2024-11-30 20:59:33,350 : INFO : EventManager : Event: ======'drop_target_bank_lower_up'====== Args={}
2024-11-30 20:59:33,351 : INFO : EventManager : Event: ======'init_phase_2'====== Args={}
2024-11-30 20:59:33,356 : INFO : EventManager : Event: ======'bcp_connection_attempt'====== Args={'name': 'local_display', 'host': 'localhost', 'port': 5050}
2024-11-30 20:59:33,357 : INFO : BCPClientSocket : Connecting BCP to 'local_display' at localhost:5050...
2024-11-30 20:59:38,268 : INFO : BCPClientSocket : Connected BCP to 'local_display' localhost:5050
2024-11-30 20:59:38,268 : INFO : EventManager : Event: ======'bcp_clients_connected'====== Args={}
2024-11-30 20:59:38,269 : INFO : ball_device.bd_drain : BCH: Initial count: 0
2024-11-30 20:59:38,270 : INFO : ball_device.bd_drain : State: idle
2024-11-30 20:59:38,270 : INFO : ball_device.bd_lower_vuk : BCH: Initial count: 0
2024-11-30 20:59:38,270 : INFO : ball_device.bd_lower_vuk : State: idle
2024-11-30 20:59:38,271 : INFO : ball_device.bd_lower_kickout_special : BCH: Initial count: 0
2024-11-30 20:59:38,271 : INFO : ball_device.bd_lower_kickout_special : State: idle
2024-11-30 20:59:38,271 : INFO : ball_device.bd_main_vuk : BCH: Initial count: 0
2024-11-30 20:59:38,271 : INFO : ball_device.bd_main_vuk : State: idle
2024-11-30 20:59:38,272 : INFO : ball_device.bd_main_kickout_right : BCH: Initial count: 0
2024-11-30 20:59:38,272 : INFO : ball_device.bd_main_kickout_right : State: idle
2024-11-30 20:59:38,272 : INFO : ball_device.bd_main_kickout_lane : BCH: Initial count: 0
2024-11-30 20:59:38,272 : INFO : ball_device.bd_main_kickout_lane : State: idle
2024-11-30 20:59:38,279 : INFO : EventManager : Event: ======'init_phase_3'====== Args={}
2024-11-30 20:59:38,290 : INFO : EventManager : Event: ======'init_phase_4'====== Args={}
2024-11-30 20:59:38,291 : INFO : BallController : Initial balls found: 0
2024-11-30 20:59:38,292 : INFO : EventManager : Event: ======'machine_var_audits_events_game_ended'====== Args={'value': 91, 'prev_value': None, 'change': True}
2024-11-30 20:59:38,292 : INFO : EventManager : Event: ======'machine_var_audits_events_game_started'====== Args={'value': 212, 'prev_value': None, 'change': True}
2024-11-30 20:59:38,292 : INFO : EventManager : Event: ======'machine_var_audits_missing_switches_s_left_flipper1'====== Args={'value': 18, 'prev_value': None, 'change': True}
2024-11-30 20:59:38,292 : INFO : EventManager : Event: ======'machine_var_audits_missing_switches_s_left_flipper2'====== Args={'value': 18, 'prev_value': None, 'change': True}
2024-11-30 20:59:38,292 : INFO : EventManager : Event: ======'machine_var_audits_missing_switches_s_lower_10pt_drops'====== Args={'value': 19, 'prev_value': None, 'change': True}
2024-11-30 20:59:38,292 : INFO : EventManager : Event: ======'machine_var_audits_missing_switches_s_lower_10pt_lower'====== Args={'value': 19, 'prev_value': None, 'change': True}
2024-11-30 20:59:38,292 : INFO : EventManager : Event: ======'machine_var_audits_missing_switches_s_lower_10pt_upper'====== Args={'value': 19, 'prev_value': None, 'change': True}
2024-11-30 20:59:38,292 : INFO : EventManager : Event: ======'machine_var_audits_missing_switches_s_lower_1_drop'====== Args={'value': 19, 'prev_value': None, 'change': True}
2024-11-30 20:59:38,292 : INFO : EventManager : Event: ======'machine_var_audits_missing_switches_s_lower_2_drop'====== Args={'value': 19, 'prev_value': None, 'change': True}
2024-11-30 20:59:38,292 : INFO : EventManager : Event: ======'machine_var_audits_missing_switches_s_lower_3_drop'====== Args={'value': 19, 'prev_value': None, 'change': True}
2024-11-30 20:59:38,292 : INFO : EventManager : Event: ======'machine_var_audits_missing_switches_s_lower_4_drop'====== Args={'value': 19, 'prev_value': None, 'change': True}
2024-11-30 20:59:38,292 : INFO : EventManager : Event: ======'machine_var_audits_missing_switches_s_lower_5_drop'====== Args={'value': 19, 'prev_value': None, 'change': True}
2024-11-30 20:59:38,292 : INFO : EventManager : Event: ======'machine_var_audits_missing_switches_s_lower_bonus_left'====== Args={'value': 19, 'prev_value': None, 'change': True}
2024-11-30 20:59:38,293 : INFO : EventManager : Event: ======'machine_var_audits_missing_switches_s_lower_bonus_right'====== Args={'value': 19, 'prev_value': None, 'change': True}
2024-11-30 20:59:38,293 : INFO : EventManager : Event: ======'machine_var_audits_missing_switches_s_lower_kick_target'====== Args={'value': 20, 'prev_value': None, 'change': True}
2024-11-30 20:59:38,293 : INFO : EventManager : Event: ======'machine_var_audits_missing_switches_s_lower_kickout_special'====== Args={'value': 19, 'prev_value': None, 'change': True}
2024-11-30 20:59:38,293 : INFO : EventManager : Event: ======'machine_var_audits_missing_switches_s_lower_pop'====== Args={'value': 7, 'prev_value': None, 'change': True}
2024-11-30 20:59:38,293 : INFO : EventManager : Event: ======'machine_var_audits_missing_switches_s_lower_rollover'====== Args={'value': 18, 'prev_value': None, 'change': True}
2024-11-30 20:59:38,293 : INFO : EventManager : Event: ======'machine_var_audits_missing_switches_s_lower_slingshot'====== Args={'value': 20, 'prev_value': None, 'change': True}
2024-11-30 20:59:38,293 : INFO : EventManager : Event: ======'machine_var_audits_missing_switches_s_lower_vuk'====== Args={'value': 18, 'prev_value': None, 'change': True}
2024-11-30 20:59:38,293 : INFO : EventManager : Event: ======'machine_var_audits_missing_switches_s_main_10pt_left'====== Args={'value': 19, 'prev_value': None, 'change': True}
2024-11-30 20:59:38,293 : INFO : EventManager : Event: ======'machine_var_audits_missing_switches_s_main_1_target'====== Args={'value': 21, 'prev_value': None, 'change': True}
2024-11-30 20:59:38,293 : INFO : EventManager : Event: ======'machine_var_audits_missing_switches_s_main_1_trough'====== Args={'value': 2, 'prev_value': None, 'change': True}
2024-11-30 20:59:38,293 : INFO : EventManager : Event: ======'machine_var_audits_missing_switches_s_main_2_target'====== Args={'value': 20, 'prev_value': None, 'change': True}
2024-11-30 20:59:38,293 : INFO : EventManager : Event: ======'machine_var_audits_missing_switches_s_main_3_target'====== Args={'value': 18, 'prev_value': None, 'change': True}
2024-11-30 20:59:38,293 : INFO : EventManager : Event: ======'machine_var_audits_missing_switches_s_main_4_target'====== Args={'value': 7, 'prev_value': None, 'change': True}
2024-11-30 20:59:38,293 : INFO : EventManager : Event: ======'machine_var_audits_missing_switches_s_main_5_target'====== Args={'value': 7, 'prev_value': None, 'change': True}
2024-11-30 20:59:38,293 : INFO : EventManager : Event: ======'machine_var_audits_missing_switches_s_main_inlane_left'====== Args={'value': 18, 'prev_value': None, 'change': True}
2024-11-30 20:59:38,293 : INFO : EventManager : Event: ======'machine_var_audits_missing_switches_s_main_inlane_right'====== Args={'value': 18, 'prev_value': None, 'change': True}
2024-11-30 20:59:38,294 : INFO : EventManager : Event: ======'machine_var_audits_missing_switches_s_main_kickout_right'====== Args={'value': 20, 'prev_value': None, 'change': True}
2024-11-30 20:59:38,294 : INFO : EventManager : Event: ======'machine_var_audits_missing_switches_s_main_lane_center'====== Args={'value': 18, 'prev_value': None, 'change': True}
2024-11-30 20:59:38,294 : INFO : EventManager : Event: ======'machine_var_audits_missing_switches_s_main_outlane_left'====== Args={'value': 18, 'prev_value': None, 'change': True}
2024-11-30 20:59:38,294 : INFO : EventManager : Event: ======'machine_var_audits_missing_switches_s_main_outlane_right'====== Args={'value': 18, 'prev_value': None, 'change': True}
2024-11-30 20:59:38,294 : INFO : EventManager : Event: ======'machine_var_audits_missing_switches_s_main_pop_bottom'====== Args={'value': 18, 'prev_value': None, 'change': True}
2024-11-30 20:59:38,294 : INFO : EventManager : Event: ======'machine_var_audits_missing_switches_s_main_pop_top'====== Args={'value': 18, 'prev_value': None, 'change': True}
2024-11-30 20:59:38,294 : INFO : EventManager : Event: ======'machine_var_audits_missing_switches_s_main_rollunder'====== Args={'value': 20, 'prev_value': None, 'change': True}
2024-11-30 20:59:38,294 : INFO : EventManager : Event: ======'machine_var_audits_missing_switches_s_main_secret_trough'====== Args={'value': 4, 'prev_value': None, 'change': True}
2024-11-30 20:59:38,294 : INFO : EventManager : Event: ======'machine_var_audits_missing_switches_s_main_slingshot'====== Args={'value': 18, 'prev_value': None, 'change': True}
2024-11-30 20:59:38,294 : INFO : EventManager : Event: ======'machine_var_audits_missing_switches_s_main_target_right'====== Args={'value': 18, 'prev_value': None, 'change': True}
2024-11-30 20:59:38,294 : INFO : EventManager : Event: ======'machine_var_audits_missing_switches_s_main_trapdoor_trough'====== Args={'value': 7, 'prev_value': None, 'change': True}
2024-11-30 20:59:38,294 : INFO : EventManager : Event: ======'machine_var_audits_missing_switches_s_main_vuk'====== Args={'value': 18, 'prev_value': None, 'change': True}
2024-11-30 20:59:38,295 : INFO : EventManager : Event: ======'machine_var_audits_missing_switches_s_right_flipper1'====== Args={'value': 18, 'prev_value': None, 'change': True}
2024-11-30 20:59:38,295 : INFO : EventManager : Event: ======'machine_var_audits_missing_switches_s_right_flipper2'====== Args={'value': 18, 'prev_value': None, 'change': True}
2024-11-30 20:59:38,295 : INFO : EventManager : Event: ======'machine_var_audits_missing_switches_s_start'====== Args={'value': 4, 'prev_value': None, 'change': True}
2024-11-30 20:59:38,295 : INFO : EventManager : Event: ======'machine_var_audits_missing_switches_s_upper_10pt_center'====== Args={'value': 18, 'prev_value': None, 'change': True}
2024-11-30 20:59:38,295 : INFO : EventManager : Event: ======'machine_var_audits_missing_switches_s_upper_10pt_left'====== Args={'value': 20, 'prev_value': None, 'change': True}
2024-11-30 20:59:38,295 : INFO : EventManager : Event: ======'machine_var_audits_missing_switches_s_upper_1_drop'====== Args={'value': 1, 'prev_value': None, 'change': True}
2024-11-30 20:59:38,295 : INFO : EventManager : Event: ======'machine_var_audits_missing_switches_s_upper_2_drop'====== Args={'value': 4, 'prev_value': None, 'change': True}
2024-11-30 20:59:38,295 : INFO : EventManager : Event: ======'machine_var_audits_missing_switches_s_upper_2_target'====== Args={'value': 6, 'prev_value': None, 'change': True}
2024-11-30 20:59:38,295 : INFO : EventManager : Event: ======'machine_var_audits_missing_switches_s_upper_3_drop'====== Args={'value': 4, 'prev_value': None, 'change': True}
2024-11-30 20:59:38,295 : INFO : EventManager : Event: ======'machine_var_audits_missing_switches_s_upper_3_target'====== Args={'value': 1, 'prev_value': None, 'change': True}
2024-11-30 20:59:38,295 : INFO : EventManager : Event: ======'machine_var_audits_missing_switches_s_upper_4_drop'====== Args={'value': 3, 'prev_value': None, 'change': True}
2024-11-30 20:59:38,295 : INFO : EventManager : Event: ======'machine_var_audits_missing_switches_s_upper_4_target'====== Args={'value': 9, 'prev_value': None, 'change': True}
2024-11-30 20:59:38,296 : INFO : EventManager : Event: ======'machine_var_audits_missing_switches_s_upper_pop'====== Args={'value': 2, 'prev_value': None, 'change': True}
2024-11-30 20:59:38,296 : INFO : EventManager : Event: ======'machine_var_audits_player_score'====== Args={'value': {'average': 32739, 'top': [211150, 170050, 162330, 120480, 114590, 92630, 88790, 81180, 78890, 77830], 'total': 94}, 'prev_value': None, 'change': True}
2024-11-30 20:59:38,296 : INFO : EventManager : Event: ======'machine_var_audits_shots_10pt'====== Args={'value': 259, 'prev_value': None, 'change': True}
2024-11-30 20:59:38,296 : INFO : EventManager : Event: ======'machine_var_audits_shots_left_inlane'====== Args={'value': 24, 'prev_value': None, 'change': True}
2024-11-30 20:59:38,296 : INFO : EventManager : Event: ======'machine_var_audits_shots_left_outlane'====== Args={'value': 15, 'prev_value': None, 'change': True}
2024-11-30 20:59:38,296 : INFO : EventManager : Event: ======'machine_var_audits_shots_lower_10pt_drops'====== Args={'value': 57, 'prev_value': None, 'change': True}
2024-11-30 20:59:38,296 : INFO : EventManager : Event: ======'machine_var_audits_shots_lower_10pt_lower'====== Args={'value': 21, 'prev_value': None, 'change': True}
2024-11-30 20:59:38,296 : INFO : EventManager : Event: ======'machine_var_audits_shots_lower_10pt_upper'====== Args={'value': 20, 'prev_value': None, 'change': True}
2024-11-30 20:59:38,296 : INFO : EventManager : Event: ======'machine_var_audits_shots_lower_1_drop'====== Args={'value': 52, 'prev_value': None, 'change': True}
2024-11-30 20:59:38,296 : INFO : EventManager : Event: ======'machine_var_audits_shots_lower_2_drop'====== Args={'value': 18, 'prev_value': None, 'change': True}
2024-11-30 20:59:38,297 : INFO : EventManager : Event: ======'machine_var_audits_shots_lower_3_drop'====== Args={'value': 20, 'prev_value': None, 'change': True}
2024-11-30 20:59:38,297 : INFO : EventManager : Event: ======'machine_var_audits_shots_lower_4_drop'====== Args={'value': 25, 'prev_value': None, 'change': True}
2024-11-30 20:59:38,297 : INFO : EventManager : Event: ======'machine_var_audits_shots_lower_5_drop'====== Args={'value': 27, 'prev_value': None, 'change': True}
2024-11-30 20:59:38,297 : INFO : EventManager : Event: ======'machine_var_audits_shots_lower_hole'====== Args={'value': 43, 'prev_value': None, 'change': True}
2024-11-30 20:59:38,297 : INFO : EventManager : Event: ======'machine_var_audits_shots_lower_kick_target'====== Args={'value': 6, 'prev_value': None, 'change': True}
2024-11-30 20:59:38,297 : INFO : EventManager : Event: ======'machine_var_audits_shots_lower_left'====== Args={'value': 21, 'prev_value': None, 'change': True}
2024-11-30 20:59:38,297 : INFO : EventManager : Event: ======'machine_var_audits_shots_lower_left_pop'====== Args={'value': 237, 'prev_value': None, 'change': True}
2024-11-30 20:59:38,297 : INFO : EventManager : Event: ======'machine_var_audits_shots_lower_pop'====== Args={'value': 55, 'prev_value': None, 'change': True}
2024-11-30 20:59:38,297 : INFO : EventManager : Event: ======'machine_var_audits_shots_lower_right'====== Args={'value': 8, 'prev_value': None, 'change': True}
2024-11-30 20:59:38,297 : INFO : EventManager : Event: ======'machine_var_audits_shots_lower_rollover'====== Args={'value': 36, 'prev_value': None, 'change': True}
2024-11-30 20:59:38,298 : INFO : EventManager : Event: ======'machine_var_audits_shots_lower_slingshot'====== Args={'value': 34, 'prev_value': None, 'change': True}
2024-11-30 20:59:38,298 : INFO : EventManager : Event: ======'machine_var_audits_shots_main_1'====== Args={'value': 33, 'prev_value': None, 'change': True}
2024-11-30 20:59:38,298 : INFO : EventManager : Event: ======'machine_var_audits_shots_main_2'====== Args={'value': 35, 'prev_value': None, 'change': True}
2024-11-30 20:59:38,298 : INFO : EventManager : Event: ======'machine_var_audits_shots_main_3'====== Args={'value': 32, 'prev_value': None, 'change': True}
2024-11-30 20:59:38,298 : INFO : EventManager : Event: ======'machine_var_audits_shots_main_4'====== Args={'value': 55, 'prev_value': None, 'change': True}
2024-11-30 20:59:38,298 : INFO : EventManager : Event: ======'machine_var_audits_shots_main_5'====== Args={'value': 29, 'prev_value': None, 'change': True}
2024-11-30 20:59:38,298 : INFO : EventManager : Event: ======'machine_var_audits_shots_main_slingshot'====== Args={'value': 57, 'prev_value': None, 'change': True}
2024-11-30 20:59:38,299 : INFO : EventManager : Event: ======'machine_var_audits_shots_main_trough_1'====== Args={'value': 27, 'prev_value': None, 'change': True}
2024-11-30 20:59:38,299 : INFO : EventManager : Event: ======'machine_var_audits_shots_main_trough_2'====== Args={'value': 36, 'prev_value': None, 'change': True}
2024-11-30 20:59:38,299 : INFO : EventManager : Event: ======'machine_var_audits_shots_right_inlane'====== Args={'value': 83, 'prev_value': None, 'change': True}
2024-11-30 20:59:38,299 : INFO : EventManager : Event: ======'machine_var_audits_shots_right_kickout'====== Args={'value': 37, 'prev_value': None, 'change': True}
2024-11-30 20:59:38,299 : INFO : EventManager : Event: ======'machine_var_audits_shots_right_outlane'====== Args={'value': 47, 'prev_value': None, 'change': True}
2024-11-30 20:59:38,299 : INFO : EventManager : Event: ======'machine_var_audits_shots_rollunder'====== Args={'value': 116, 'prev_value': None, 'change': True}
2024-11-30 20:59:38,299 : INFO : EventManager : Event: ======'machine_var_audits_shots_secret_passage_trough'====== Args={'value': 11, 'prev_value': None, 'change': True}
2024-11-30 20:59:38,299 : INFO : EventManager : Event: ======'machine_var_audits_shots_standup_right'====== Args={'value': 103, 'prev_value': None, 'change': True}
2024-11-30 20:59:38,299 : INFO : EventManager : Event: ======'machine_var_audits_shots_trapdoor_trough'====== Args={'value': 13, 'prev_value': None, 'change': True}
2024-11-30 20:59:38,300 : INFO : EventManager : Event: ======'machine_var_audits_shots_upper_1'====== Args={'value': 109, 'prev_value': None, 'change': True}
2024-11-30 20:59:38,300 : INFO : EventManager : Event: ======'machine_var_audits_shots_upper_1_drop'====== Args={'value': 198, 'prev_value': None, 'change': True}
2024-11-30 20:59:38,300 : INFO : EventManager : Event: ======'machine_var_audits_shots_upper_2'====== Args={'value': 94, 'prev_value': None, 'change': True}
2024-11-30 20:59:38,300 : INFO : EventManager : Event: ======'machine_var_audits_shots_upper_2_drop'====== Args={'value': 85, 'prev_value': None, 'change': True}
2024-11-30 20:59:38,300 : INFO : EventManager : Event: ======'machine_var_audits_shots_upper_3'====== Args={'value': 49, 'prev_value': None, 'change': True}
2024-11-30 20:59:38,300 : INFO : EventManager : Event: ======'machine_var_audits_shots_upper_3_drop'====== Args={'value': 116, 'prev_value': None, 'change': True}
2024-11-30 20:59:38,300 : INFO : EventManager : Event: ======'machine_var_audits_shots_upper_4'====== Args={'value': 46, 'prev_value': None, 'change': True}
2024-11-30 20:59:38,300 : INFO : EventManager : Event: ======'machine_var_audits_shots_upper_4_drop'====== Args={'value': 188, 'prev_value': None, 'change': True}
2024-11-30 20:59:38,301 : INFO : EventManager : Event: ======'machine_var_audits_shots_upper_left_pop'====== Args={'value': 120, 'prev_value': None, 'change': True}
2024-11-30 20:59:38,301 : INFO : EventManager : Event: ======'machine_var_audits_shots_upper_pop'====== Args={'value': 651, 'prev_value': None, 'change': True}
2024-11-30 20:59:38,301 : INFO : EventManager : Event: ======'machine_var_audits_switches_s_left_flipper1'====== Args={'value': 549, 'prev_value': None, 'change': True}
2024-11-30 20:59:38,301 : INFO : EventManager : Event: ======'machine_var_audits_switches_s_left_flipper2'====== Args={'value': 573, 'prev_value': None, 'change': True}
2024-11-30 20:59:38,301 : INFO : EventManager : Event: ======'machine_var_audits_switches_s_lower_10pt_UPPER'====== Args={'value': 0, 'prev_value': None, 'change': True}
2024-11-30 20:59:38,301 : INFO : EventManager : Event: ======'machine_var_audits_switches_s_lower_10pt_drops'====== Args={'value': 57, 'prev_value': None, 'change': True}
2024-11-30 20:59:38,302 : INFO : EventManager : Event: ======'machine_var_audits_switches_s_lower_10pt_lower'====== Args={'value': 21, 'prev_value': None, 'change': True}
2024-11-30 20:59:38,302 : INFO : EventManager : Event: ======'machine_var_audits_switches_s_lower_10pt_upper'====== Args={'value': 20, 'prev_value': None, 'change': True}
2024-11-30 20:59:38,302 : INFO : EventManager : Event: ======'machine_var_audits_switches_s_lower_1_drop'====== Args={'value': 407, 'prev_value': None, 'change': True}
2024-11-30 20:59:38,302 : INFO : EventManager : Event: ======'machine_var_audits_switches_s_lower_2_drop'====== Args={'value': 18, 'prev_value': None, 'change': True}
2024-11-30 20:59:38,302 : INFO : EventManager : Event: ======'machine_var_audits_switches_s_lower_3_drop'====== Args={'value': 20, 'prev_value': None, 'change': True}
2024-11-30 20:59:38,302 : INFO : EventManager : Event: ======'machine_var_audits_switches_s_lower_4_drop'====== Args={'value': 25, 'prev_value': None, 'change': True}
2024-11-30 20:59:38,303 : INFO : EventManager : Event: ======'machine_var_audits_switches_s_lower_5_drop'====== Args={'value': 27, 'prev_value': None, 'change': True}
2024-11-30 20:59:38,303 : INFO : EventManager : Event: ======'machine_var_audits_switches_s_lower_bonus_left'====== Args={'value': 21, 'prev_value': None, 'change': True}
2024-11-30 20:59:38,303 : INFO : EventManager : Event: ======'machine_var_audits_switches_s_lower_bonus_right'====== Args={'value': 8, 'prev_value': None, 'change': True}
2024-11-30 20:59:38,303 : INFO : EventManager : Event: ======'machine_var_audits_switches_s_lower_kick_target'====== Args={'value': 6, 'prev_value': None, 'change': True}
2024-11-30 20:59:38,303 : INFO : EventManager : Event: ======'machine_var_audits_switches_s_lower_kickout_special'====== Args={'value': 43, 'prev_value': None, 'change': True}
2024-11-30 20:59:38,303 : INFO : EventManager : Event: ======'machine_var_audits_switches_s_lower_pop'====== Args={'value': 55, 'prev_value': None, 'change': True}
2024-11-30 20:59:38,303 : INFO : EventManager : Event: ======'machine_var_audits_switches_s_lower_rollover'====== Args={'value': 64, 'prev_value': None, 'change': True}
2024-11-30 20:59:38,304 : INFO : EventManager : Event: ======'machine_var_audits_switches_s_lower_slingshot'====== Args={'value': 34, 'prev_value': None, 'change': True}
2024-11-30 20:59:38,304 : INFO : EventManager : Event: ======'machine_var_audits_switches_s_lower_vuk'====== Args={'value': 264, 'prev_value': None, 'change': True}
2024-11-30 20:59:38,304 : INFO : EventManager : Event: ======'machine_var_audits_switches_s_main_10pt_left'====== Args={'value': 37, 'prev_value': None, 'change': True}
2024-11-30 20:59:38,304 : INFO : EventManager : Event: ======'machine_var_audits_switches_s_main_1_target'====== Args={'value': 60, 'prev_value': None, 'change': True}
2024-11-30 20:59:38,304 : INFO : EventManager : Event: ======'machine_var_audits_switches_s_main_1_trough'====== Args={'value': 60, 'prev_value': None, 'change': True}
2024-11-30 20:59:38,305 : INFO : EventManager : Event: ======'machine_var_audits_switches_s_main_2_target'====== Args={'value': 58, 'prev_value': None, 'change': True}
2024-11-30 20:59:38,305 : INFO : EventManager : Event: ======'machine_var_audits_switches_s_main_2_trough'====== Args={'value': 100, 'prev_value': None, 'change': True}
2024-11-30 20:59:38,305 : INFO : EventManager : Event: ======'machine_var_audits_switches_s_main_3_target'====== Args={'value': 32, 'prev_value': None, 'change': True}
2024-11-30 20:59:38,305 : INFO : EventManager : Event: ======'machine_var_audits_switches_s_main_4_target'====== Args={'value': 71, 'prev_value': None, 'change': True}
2024-11-30 20:59:38,305 : INFO : EventManager : Event: ======'machine_var_audits_switches_s_main_5_target'====== Args={'value': 63, 'prev_value': None, 'change': True}
2024-11-30 20:59:38,305 : INFO : EventManager : Event: ======'machine_var_audits_switches_s_main_inlane_left'====== Args={'value': 27, 'prev_value': None, 'change': True}
2024-11-30 20:59:38,305 : INFO : EventManager : Event: ======'machine_var_audits_switches_s_main_inlane_right'====== Args={'value': 88, 'prev_value': None, 'change': True}
2024-11-30 20:59:38,306 : INFO : EventManager : Event: ======'machine_var_audits_switches_s_main_kickout_right'====== Args={'value': 135, 'prev_value': None, 'change': True}
2024-11-30 20:59:38,306 : INFO : EventManager : Event: ======'machine_var_audits_switches_s_main_lane_center'====== Args={'value': 143, 'prev_value': None, 'change': True}
2024-11-30 20:59:38,306 : INFO : EventManager : Event: ======'machine_var_audits_switches_s_main_outhole'====== Args={'value': 648, 'prev_value': None, 'change': True}
2024-11-30 20:59:38,306 : INFO : EventManager : Event: ======'machine_var_audits_switches_s_main_outlane_left'====== Args={'value': 22, 'prev_value': None, 'change': True}
2024-11-30 20:59:38,306 : INFO : EventManager : Event: ======'machine_var_audits_switches_s_main_outlane_right'====== Args={'value': 48, 'prev_value': None, 'change': True}
2024-11-30 20:59:38,306 : INFO : EventManager : Event: ======'machine_var_audits_switches_s_main_pop_bottom'====== Args={'value': 265, 'prev_value': None, 'change': True}
2024-11-30 20:59:38,307 : INFO : EventManager : Event: ======'machine_var_audits_switches_s_main_pop_top'====== Args={'value': 185, 'prev_value': None, 'change': True}
2024-11-30 20:59:38,307 : INFO : EventManager : Event: ======'machine_var_audits_switches_s_main_rollunder'====== Args={'value': 116, 'prev_value': None, 'change': True}
2024-11-30 20:59:38,307 : INFO : EventManager : Event: ======'machine_var_audits_switches_s_main_roundabout_rollunder'====== Args={'value': 52, 'prev_value': None, 'change': True}
2024-11-30 20:59:38,307 : INFO : EventManager : Event: ======'machine_var_audits_switches_s_main_secret_trough'====== Args={'value': 41, 'prev_value': None, 'change': True}
2024-11-30 20:59:38,307 : INFO : EventManager : Event: ======'machine_var_audits_switches_s_main_slingshot'====== Args={'value': 252, 'prev_value': None, 'change': True}
2024-11-30 20:59:38,307 : INFO : EventManager : Event: ======'machine_var_audits_switches_s_main_target_right'====== Args={'value': 156, 'prev_value': None, 'change': True}
2024-11-30 20:59:38,308 : INFO : EventManager : Event: ======'machine_var_audits_switches_s_main_trapdoor_trough'====== Args={'value': 13, 'prev_value': None, 'change': True}
2024-11-30 20:59:38,308 : INFO : EventManager : Event: ======'machine_var_audits_switches_s_main_vuk'====== Args={'value': 293, 'prev_value': None, 'change': True}
2024-11-30 20:59:38,308 : INFO : EventManager : Event: ======'machine_var_audits_switches_s_right_flipper1'====== Args={'value': 476, 'prev_value': None, 'change': True}
2024-11-30 20:59:38,308 : INFO : EventManager : Event: ======'machine_var_audits_switches_s_right_flipper2'====== Args={'value': 486, 'prev_value': None, 'change': True}
2024-11-30 20:59:38,308 : INFO : EventManager : Event: ======'machine_var_audits_switches_s_start'====== Args={'value': 7, 'prev_value': None, 'change': True}
2024-11-30 20:59:38,308 : INFO : EventManager : Event: ======'machine_var_audits_switches_s_upper_10pt_center'====== Args={'value': 201, 'prev_value': None, 'change': True}
2024-11-30 20:59:38,309 : INFO : EventManager : Event: ======'machine_var_audits_switches_s_upper_10pt_left'====== Args={'value': 127, 'prev_value': None, 'change': True}
2024-11-30 20:59:38,309 : INFO : EventManager : Event: ======'machine_var_audits_switches_s_upper_1_drop'====== Args={'value': 208, 'prev_value': None, 'change': True}
2024-11-30 20:59:38,309 : INFO : EventManager : Event: ======'machine_var_audits_switches_s_upper_1_target'====== Args={'value': 171, 'prev_value': None, 'change': True}
2024-11-30 20:59:38,309 : INFO : EventManager : Event: ======'machine_var_audits_switches_s_upper_2_drop'====== Args={'value': 103, 'prev_value': None, 'change': True}
2024-11-30 20:59:38,309 : INFO : EventManager : Event: ======'machine_var_audits_switches_s_upper_2_target'====== Args={'value': 180, 'prev_value': None, 'change': True}
2024-11-30 20:59:38,309 : INFO : EventManager : Event: ======'machine_var_audits_switches_s_upper_3_drop'====== Args={'value': 129, 'prev_value': None, 'change': True}
2024-11-30 20:59:38,310 : INFO : EventManager : Event: ======'machine_var_audits_switches_s_upper_3_target'====== Args={'value': 86, 'prev_value': None, 'change': True}
2024-11-30 20:59:38,310 : INFO : EventManager : Event: ======'machine_var_audits_switches_s_upper_4_drop'====== Args={'value': 208, 'prev_value': None, 'change': True}
2024-11-30 20:59:38,310 : INFO : EventManager : Event: ======'machine_var_audits_switches_s_upper_4_target'====== Args={'value': 84, 'prev_value': None, 'change': True}
2024-11-30 20:59:38,310 : INFO : EventManager : Event: ======'machine_var_audits_switches_s_upper_pop'====== Args={'value': 884, 'prev_value': None, 'change': True}
2024-11-30 20:59:38,311 : INFO : EventManager : Event: ======'init_phase_5'====== Args={}
2024-11-30 20:59:38,314 : INFO : EventManager : Event: ======'init_done'====== Args={}
2024-11-30 20:59:38,314 : INFO : EventManager : Event: ======'machine_reset_phase_1'====== Args={}
2024-11-30 20:59:38,322 : INFO : EventManager : Event: ======'machine_reset_phase_2'====== Args={}
2024-11-30 20:59:38,322 : INFO : EventManager : Event: ======'machine_reset_phase_3'====== Args={}
2024-11-30 20:59:38,323 : INFO : drop_target_bank.upper : All targets are already up. Will not reset bank.
2024-11-30 20:59:38,323 : INFO : drop_target_bank.lower : All targets are already up. Will not reset bank.
2024-11-30 20:59:38,323 : INFO : EventManager : Event: ======'reset_complete'====== Args={}
2024-11-30 20:59:38,323 : INFO : EventManager : Event: ======'mode_attract_will_start'====== Args={}
2024-11-30 20:59:38,323 : INFO : EventManager : Event: ======'mode_attract_starting'====== Args={}
2024-11-30 20:59:38,323 : INFO : Mode.attract : Started. Priority: 10
2024-11-30 20:59:38,324 : INFO : EventManager : Event: ======'modes_active_modes_changed'====== Args={}
2024-11-30 20:59:38,324 : INFO : EventManager : Event: ======'mode_attract_started'====== Args={}
2024-11-30 20:59:38,324 : INFO : EventManager : Event: ======'collecting_balls_complete'====== Args={}
2024-11-30 20:59:38,324 : INFO : Machine : Starting the main run loop with active modes: [<Mode.attract>]
2024-11-30 20:59:38,374 : INFO : EventManager : Event: ======'slide_attract_scroll_created'====== Args={'_from_bcp': True}
2024-11-30 20:59:38,374 : INFO : EventManager : Event: ======'slide__removed'====== Args={'_from_bcp': True}
2024-11-30 20:59:38,375 : INFO : EventManager : Event: ======'slide_attract_scroll_active'====== Args={'original_context': 'attract', 'original_calling_context': 'mode_attract_started', 'priority': 10.0, 'cmd': 'slides_play', '_from_bcp': True}
2024-11-30 20:59:39,096 : INFO : BcpServer : New client connected.
2024-11-30 20:59:40,688 : INFO : SwitchController : <<<<<<< 's_main_outhole' active >>>>>>>
2024-11-30 20:59:41,189 : INFO : EventManager : Event: ======'balldevice_bd_drain_ball_count_changed'====== Args={'balls': 1}
2024-11-30 20:59:41,189 : INFO : ball_device.bd_drain : Received unexpected ball
2024-11-30 20:59:41,190 : INFO : EventManager : Event: ======'balldevice_captured_from_playfield'====== Args={'balls': 1}
2024-11-30 20:59:41,190 : INFO : EventManager : Event: ======'sw_playfield_active'====== Args={'balls': 1}
2024-11-30 20:59:41,190 : INFO : EventManager : Event: ======'playfield_active'====== Args={'source': None}
2024-11-30 20:59:41,190 : INFO : EventManager : Event: ======'unexpected_ball_on_playfield'====== Args={}
2024-11-30 20:59:41,191 : INFO : EventManager : Event: ======'playfield_ball_count_change'====== Args={'balls': -1, 'change': -1}
2024-11-30 20:59:41,191 : INFO : EventManager : Event: ======'balldevice_playfield_ball_enter'====== Args={'new_balls': 1, 'unclaimed_balls': 1, 'device': <playfield.playfield>}
2024-11-30 20:59:41,191 : INFO : EventManager : Event: ======'playfield_ball_count_change'====== Args={'balls': 0, 'change': 1}
2024-11-30 20:59:41,192 : INFO : BallController : Found a new ball which was captured from playfield. Known balls: 1
2024-11-30 20:59:41,192 : INFO : EventManager : Event: ======'found_new_ball'====== Args={}
2024-11-30 20:59:41,192 : INFO : EventManager : Event: ======'balldevice_bd_drain_ball_enter'====== Args={'new_balls': 1, 'unclaimed_balls': 1, 'new_available_balls': 1, 'device': <ball_device.bd_drain>}
2024-11-30 20:59:41,192 : INFO : EventManager : Event: ======'ball_drain'====== Args={'device': <ball_device.bd_drain>, 'balls': 1}
2024-11-30 20:59:41,192 : INFO : EventManager : Event: ======'balldevice_balls_available'====== Args={}
2024-11-30 20:59:41,193 : INFO : EventManager : Event: ======'balldevice_bd_drain_ball_entered'====== Args={'new_balls': 1, 'device': <ball_device.bd_drain>}
2024-11-30 20:59:41,824 : INFO : SwitchController : <<<<<<< 's_start' active >>>>>>>
2024-11-30 20:59:41,907 : INFO : SwitchController : <<<<<<< 's_start' inactive >>>>>>>
2024-11-30 20:59:41,908 : INFO : EventManager : Event: ======'request_to_start_game'====== Args={}
2024-11-30 20:59:41,908 : INFO : EventManager : Event: ======'game_start'====== Args={'buttons': [], 'hold_time': 0.08336133998818696}
2024-11-30 20:59:41,908 : INFO : EventManager : Event: ======'mode_game_will_start'====== Args={'buttons': [], 'hold_time': 0.08336133998818696}
2024-11-30 20:59:41,909 : INFO : EventManager : Event: ======'mode_game_starting'====== Args={'buttons': [], 'hold_time': 0.08336133998818696}
2024-11-30 20:59:41,909 : INFO : EventManager : Event: ======'mode_attract_will_stop'====== Args={}
2024-11-30 20:59:41,909 : INFO : EventManager : Event: ======'mode_attract_stopping'====== Args={}
2024-11-30 20:59:41,909 : INFO : Mode.attract : Stopped.
2024-11-30 20:59:41,909 : INFO : EventManager : Event: ======'modes_active_modes_changed'====== Args={}
2024-11-30 20:59:41,910 : INFO : EventManager : Event: ======'mode_attract_stopped'====== Args={}
2024-11-30 20:59:41,910 : INFO : EventManager : Event: ======'clear'====== Args={'key': 'attract'}
2024-11-30 20:59:41,910 : INFO : Mode.game : Started. Priority: 20
2024-11-30 20:59:41,910 : INFO : EventManager : Event: ======'modes_active_modes_changed'====== Args={}
2024-11-30 20:59:41,910 : INFO : EventManager : Event: ======'mode_game_started'====== Args={'buttons': [], 'hold_time': 0.08336133998818696}
2024-11-30 20:59:41,911 : INFO : EventManager : Event: ======'game_will_start'====== Args={}
2024-11-30 20:59:41,912 : INFO : EventManager : Event: ======'game_starting'====== Args={'game': <Mode.game>}
2024-11-30 20:59:41,912 : INFO : EventManager : Unordered handler for class <Auditor> on event game_ended with priority 1. Handlers: [RegisteredHandler(callback=<bound method Auditor.disable of <Auditor>>, priority=1, kwargs={}, key=UUID('555092ab-d32c-4bb7-afa5-af3732c85f48'), condition=None, blocking_facility=None), RegisteredHandler(callback=<bound method Auditor._save_audits of <Auditor>>, priority=1, kwargs={}, key=UUID('4e9f8438-0bf1-40c9-a805-dcf84e5a3b66'), condition=None, blocking_facility=None)]. The order of those handlers is not defined and they will be executed in random order. This might lead to race conditions and potential bugs.
2024-11-30 20:59:41,912 : INFO : EventManager : Event: ======'player_add_request'====== Args={}
2024-11-30 20:59:41,912 : INFO : EventManager : Event: ======'player_will_add'====== Args={'number': 1}
2024-11-30 20:59:41,913 : INFO : EventManager : Event: ======'player_adding'====== Args={'player': <Player 1>, 'number': 1}
2024-11-30 20:59:41,913 : INFO : EventManager : Event: ======'player_added'====== Args={'player': <Player 1>, 'num': 1}
2024-11-30 20:59:41,913 : INFO : Mode.game : Player added successfully. Total players: 1
2024-11-30 20:59:41,913 : INFO : EventManager : Event: ======'player_index'====== Args={'value': 0, 'prev_value': 0, 'change': 0, 'player_num': 1}
2024-11-30 20:59:41,913 : INFO : EventManager : Event: ======'player_number'====== Args={'value': 1, 'prev_value': 1, 'change': 0, 'player_num': 1}
2024-11-30 20:59:41,913 : INFO : EventManager : Event: ======'player_bonus_upper_playfield'====== Args={'value': 0, 'prev_value': 0, 'change': 0, 'player_num': 1}
2024-11-30 20:59:41,914 : INFO : EventManager : Event: ======'player_bonus_lower_playfield'====== Args={'value': 0, 'prev_value': 0, 'change': 0, 'player_num': 1}
2024-11-30 20:59:41,914 : INFO : EventManager : Event: ======'player_bonus_main_playfield'====== Args={'value': 0, 'prev_value': 0, 'change': 0, 'player_num': 1}
2024-11-30 20:59:41,914 : INFO : EventManager : Event: ======'player_attic_double_score'====== Args={'value': 0, 'prev_value': 0, 'change': 0, 'player_num': 1}
2024-11-30 20:59:41,914 : INFO : EventManager : Event: ======'player_main_double_score'====== Args={'value': 0, 'prev_value': 0, 'change': 0, 'player_num': 1}
2024-11-30 20:59:41,914 : INFO : EventManager : Event: ======'player_lower_double_score'====== Args={'value': 0, 'prev_value': 0, 'change': 0, 'player_num': 1}
2024-11-30 20:59:41,914 : INFO : EventManager : Event: ======'player_base_bonus'====== Args={'value': 0, 'prev_value': 0, 'change': 0, 'player_num': 1}
2024-11-30 20:59:41,915 : INFO : EventManager : Event: ======'player_bonus_multiplier'====== Args={'value': 1, 'prev_value': 1, 'change': 0, 'player_num': 1}
2024-11-30 20:59:41,915 : INFO : EventManager : Event: ======'player_score'====== Args={'value': 0, 'prev_value': 0, 'change': 0, 'player_num': 1}
2024-11-30 20:59:41,918 : INFO : EventManager : Event: ======'game_started'====== Args={}
2024-11-30 20:59:41,918 : INFO : EventManager : Event: ======'player_turn_will_start'====== Args={'player': <Player 1>, 'number': 1}
2024-11-30 20:59:41,925 : INFO : EventManager : Event: ======'player_turn_starting'====== Args={'player': <Player 1>, 'number': 1}
2024-11-30 20:59:41,925 : INFO : EventManager : Event: ======'player_ball'====== Args={'value': 1, 'prev_value': 0, 'change': 1, 'player_num': 1}
2024-11-30 20:59:41,925 : INFO : EventManager : Event: ======'player_turn_started'====== Args={'player': <Player 1>, 'number': 1}
2024-11-30 20:59:41,926 : INFO : EventManager : Event: ======'ball_will_start'====== Args={'player': 1, 'ball': 1, 'balls_remaining': 2, 'is_extra_ball': False}
2024-11-30 20:59:41,926 : INFO : EventManager : Event: ======'ball_starting'====== Args={'player': 1, 'ball': 1, 'balls_remaining': 2, 'is_extra_ball': False}
2024-11-30 20:59:41,926 : INFO : EventManager : Event: ======'mode_base_will_start'====== Args={'queue': <QueuedEvent>, 'player': 1, 'ball': 1, 'balls_remaining': 2, 'is_extra_ball': False}
2024-11-30 20:59:41,927 : INFO : EventManager : Event: ======'player_shot_upper_pop_enabled'====== Args={'value': True, 'prev_value': 0, 'change': 1, 'player_num': 1}
2024-11-30 20:59:41,927 : INFO : EventManager : Event: ======'player_shot_lower_left_pop_enabled'====== Args={'value': True, 'prev_value': 0, 'change': 1, 'player_num': 1}
2024-11-30 20:59:41,927 : INFO : EventManager : Event: ======'player_shot_upper_left_pop_enabled'====== Args={'value': True, 'prev_value': 0, 'change': 1, 'player_num': 1}
2024-11-30 20:59:41,928 : INFO : EventManager : Event: ======'player_shot_10pt_enabled'====== Args={'value': True, 'prev_value': 0, 'change': 1, 'player_num': 1}
2024-11-30 20:59:41,928 : INFO : EventManager : Event: ======'player_shot_upper_1_enabled'====== Args={'value': True, 'prev_value': 0, 'change': 1, 'player_num': 1}
2024-11-30 20:59:41,928 : INFO : EventManager : Event: ======'player_shot_upper_2_enabled'====== Args={'value': True, 'prev_value': 0, 'change': 1, 'player_num': 1}
2024-11-30 20:59:41,929 : INFO : EventManager : Event: ======'player_shot_upper_3_enabled'====== Args={'value': True, 'prev_value': 0, 'change': 1, 'player_num': 1}
2024-11-30 20:59:41,929 : INFO : EventManager : Event: ======'player_shot_upper_4_enabled'====== Args={'value': True, 'prev_value': 0, 'change': 1, 'player_num': 1}
2024-11-30 20:59:41,930 : INFO : EventManager : Event: ======'player_shot_upper_1_drop_enabled'====== Args={'value': True, 'prev_value': 0, 'change': 1, 'player_num': 1}
2024-11-30 20:59:41,930 : INFO : EventManager : Event: ======'player_shot_upper_2_drop_enabled'====== Args={'value': True, 'prev_value': 0, 'change': 1, 'player_num': 1}
2024-11-30 20:59:41,930 : INFO : EventManager : Event: ======'player_shot_upper_3_drop_enabled'====== Args={'value': True, 'prev_value': 0, 'change': 1, 'player_num': 1}
2024-11-30 20:59:41,930 : INFO : EventManager : Event: ======'player_shot_upper_4_drop_enabled'====== Args={'value': True, 'prev_value': 0, 'change': 1, 'player_num': 1}
2024-11-30 20:59:41,931 : INFO : EventManager : Event: ======'player_shot_lower_1_drop_enabled'====== Args={'value': True, 'prev_value': 0, 'change': 1, 'player_num': 1}
2024-11-30 20:59:41,931 : INFO : EventManager : Event: ======'player_shot_lower_2_drop_enabled'====== Args={'value': True, 'prev_value': 0, 'change': 1, 'player_num': 1}
2024-11-30 20:59:41,931 : INFO : EventManager : Event: ======'player_shot_lower_3_drop_enabled'====== Args={'value': True, 'prev_value': 0, 'change': 1, 'player_num': 1}
2024-11-30 20:59:41,932 : INFO : EventManager : Event: ======'player_shot_lower_4_drop_enabled'====== Args={'value': True, 'prev_value': 0, 'change': 1, 'player_num': 1}
2024-11-30 20:59:41,932 : INFO : EventManager : Event: ======'player_shot_lower_5_drop_enabled'====== Args={'value': True, 'prev_value': 0, 'change': 1, 'player_num': 1}
2024-11-30 20:59:41,932 : INFO : EventManager : Event: ======'player_shot_lower_hole_enabled'====== Args={'value': True, 'prev_value': 0, 'change': 1, 'player_num': 1}
2024-11-30 20:59:41,933 : INFO : EventManager : Event: ======'player_shot_lower_left_enabled'====== Args={'value': True, 'prev_value': 0, 'change': 1, 'player_num': 1}
2024-11-30 20:59:41,933 : INFO : EventManager : Event: ======'player_shot_lower_right_enabled'====== Args={'value': True, 'prev_value': 0, 'change': 1, 'player_num': 1}
2024-11-30 20:59:41,933 : INFO : EventManager : Event: ======'player_shot_lower_pop_enabled'====== Args={'value': True, 'prev_value': 0, 'change': 1, 'player_num': 1}
2024-11-30 20:59:41,933 : INFO : EventManager : Event: ======'player_shot_lower_10pt_lower_enabled'====== Args={'value': True, 'prev_value': 0, 'change': 1, 'player_num': 1}
2024-11-30 20:59:41,934 : INFO : EventManager : Event: ======'player_shot_lower_10pt_drops_enabled'====== Args={'value': True, 'prev_value': 0, 'change': 1, 'player_num': 1}
2024-11-30 20:59:41,934 : INFO : EventManager : Event: ======'player_shot_lower_10pt_upper_enabled'====== Args={'value': True, 'prev_value': 0, 'change': 1, 'player_num': 1}
2024-11-30 20:59:41,934 : INFO : EventManager : Event: ======'player_shot_lower_slingshot_enabled'====== Args={'value': True, 'prev_value': 0, 'change': 1, 'player_num': 1}
2024-11-30 20:59:41,935 : INFO : EventManager : Event: ======'player_shot_lower_kick_target_enabled'====== Args={'value': True, 'prev_value': 0, 'change': 1, 'player_num': 1}
2024-11-30 20:59:41,935 : INFO : EventManager : Event: ======'player_shot_lower_rollover_enabled'====== Args={'value': True, 'prev_value': 0, 'change': 1, 'player_num': 1}
2024-11-30 20:59:41,935 : INFO : EventManager : Event: ======'player_shot_main_1_enabled'====== Args={'value': True, 'prev_value': 0, 'change': 1, 'player_num': 1}
2024-11-30 20:59:41,936 : INFO : EventManager : Event: ======'player_shot_main_2_enabled'====== Args={'value': True, 'prev_value': 0, 'change': 1, 'player_num': 1}
2024-11-30 20:59:41,936 : INFO : EventManager : Event: ======'player_shot_main_3_enabled'====== Args={'value': True, 'prev_value': 0, 'change': 1, 'player_num': 1}
2024-11-30 20:59:41,937 : INFO : EventManager : Event: ======'player_shot_main_4_enabled'====== Args={'value': True, 'prev_value': 0, 'change': 1, 'player_num': 1}
2024-11-30 20:59:41,937 : INFO : EventManager : Event: ======'player_shot_main_5_enabled'====== Args={'value': True, 'prev_value': 0, 'change': 1, 'player_num': 1}
2024-11-30 20:59:41,937 : INFO : EventManager : Event: ======'player_shot_main_slingshot_enabled'====== Args={'value': True, 'prev_value': 0, 'change': 1, 'player_num': 1}
2024-11-30 20:59:41,938 : INFO : EventManager : Event: ======'player_shot_right_outlane_enabled'====== Args={'value': True, 'prev_value': 0, 'change': 1, 'player_num': 1}
2024-11-30 20:59:41,938 : INFO : EventManager : Event: ======'player_shot_right_inlane_enabled'====== Args={'value': True, 'prev_value': 0, 'change': 1, 'player_num': 1}
2024-11-30 20:59:41,938 : INFO : EventManager : Event: ======'player_shot_left_inlane_enabled'====== Args={'value': True, 'prev_value': 0, 'change': 1, 'player_num': 1}
2024-11-30 20:59:41,939 : INFO : EventManager : Event: ======'player_shot_left_outlane_enabled'====== Args={'value': True, 'prev_value': 0, 'change': 1, 'player_num': 1}
2024-11-30 20:59:41,939 : INFO : EventManager : Event: ======'player_shot_standup_right_enabled'====== Args={'value': True, 'prev_value': 0, 'change': 1, 'player_num': 1}
2024-11-30 20:59:41,939 : INFO : EventManager : Event: ======'player_shot_right_kickout_enabled'====== Args={'value': True, 'prev_value': 0, 'change': 1, 'player_num': 1}
2024-11-30 20:59:41,939 : INFO : EventManager : Event: ======'player_shot_rollunder_enabled'====== Args={'value': True, 'prev_value': 0, 'change': 1, 'player_num': 1}
2024-11-30 20:59:41,940 : INFO : EventManager : Event: ======'player_shot_main_trough_1_enabled'====== Args={'value': True, 'prev_value': 0, 'change': 1, 'player_num': 1}
2024-11-30 20:59:41,940 : INFO : EventManager : Event: ======'player_shot_main_trough_2_enabled'====== Args={'value': True, 'prev_value': 0, 'change': 1, 'player_num': 1}
2024-11-30 20:59:41,940 : INFO : EventManager : Event: ======'player_shot_secret_passage_trough_enabled'====== Args={'value': True, 'prev_value': 0, 'change': 1, 'player_num': 1}
2024-11-30 20:59:41,941 : INFO : EventManager : Event: ======'player_shot_trapdoor_trough_enabled'====== Args={'value': True, 'prev_value': 0, 'change': 1, 'player_num': 1}
2024-11-30 20:59:41,945 : INFO : EventManager : Event: ======'mode_base_starting'====== Args={'queue': <QueuedEvent>, 'player': 1, 'ball': 1, 'balls_remaining': 2, 'is_extra_ball': False}
2024-11-30 20:59:41,945 : INFO : drop_target_bank.upper : All targets are already up. Will not reset bank.
2024-11-30 20:59:41,945 : INFO : drop_target_bank.lower : All targets are already up. Will not reset bank.
2024-11-30 20:59:41,945 : INFO : EventManager : Event: ======'balls_in_play'====== Args={'balls': 1}
2024-11-30 20:59:41,945 : INFO : EventManager : Event: ======'ball_started'====== Args={'player': 1, 'ball': 1, 'balls_remaining': 2, 'is_extra_ball': False}
2024-11-30 20:59:41,949 : INFO : EventManager : Event: ======'logicblock_attic_drop_counter_updated'====== Args={'value': 0, 'enabled': True}
2024-11-30 20:59:41,950 : INFO : EventManager : Event: ======'logicblock_attic_hits_updated'====== Args={'value': 0, 'enabled': True}
2024-11-30 20:59:41,950 : INFO : EventManager : Event: ======'logicblock_cellar_hits_updated'====== Args={'value': 0, 'enabled': True}
2024-11-30 20:59:41,950 : INFO : EventManager : Event: ======'logicblock_attic_drop_counter_updated'====== Args={'value': 0, 'enabled': True}
2024-11-30 20:59:41,950 : INFO : EventManager : Event: ======'logicblock_attic_hits_updated'====== Args={'value': 0, 'enabled': True}
2024-11-30 20:59:41,950 : INFO : EventManager : Event: ======'logicblock_cellar_hits_updated'====== Args={'value': 0, 'enabled': True}
2024-11-30 20:59:41,950 : INFO : Mode.base : Started. Priority: 100
2024-11-30 20:59:41,950 : INFO : EventManager : Event: ======'modes_active_modes_changed'====== Args={}
2024-11-30 20:59:41,950 : INFO : EventManager : Event: ======'mode_base_started'====== Args={'queue': <QueuedEvent>, 'player': 1, 'ball': 1, 'balls_remaining': 2, 'is_extra_ball': False}
2024-11-30 20:59:41,951 : INFO : EventManager : Event: ======'base_bonus_400'====== Args={'queue': <QueuedEvent>, 'player': 1, 'ball': 1, 'balls_remaining': 2, 'is_extra_ball': False}
2024-11-30 20:59:41,951 : INFO : EventManager : Event: ======'player_base_bonus'====== Args={'value': 400, 'prev_value': 0, 'change': 400, 'player_num': 1, 'source': 'base'}
2024-11-30 20:59:41,954 : INFO : EventManager : Event: ======'single_player_ball_started'====== Args={}
2024-11-30 20:59:41,954 : INFO : EventManager : Event: ======'ball_start_target'====== Args={'target': 'playfield'}
2024-11-30 20:59:41,954 : INFO : ball_device.bd_drain : Setting up player-controlled eject. Balls: 1, Target: <playfield.playfield>, player_controlled_eject_event: None
2024-11-30 20:59:41,954 : INFO : ball_device.bd_drain : Adding 1 ball(s) to the eject_queue with target <playfield.playfield>.
2024-11-30 20:59:41,955 : INFO : EventManager : Event: ======'balldevice_balls_available'====== Args={}
2024-11-30 20:59:41,955 : INFO : ball_device.bd_drain : State: waiting_for_target_ready
2024-11-30 20:59:41,955 : INFO : EventManager : Event: ======'balldevice_bd_drain_ball_eject_attempt'====== Args={'balls': 1, 'target': <playfield.playfield>, 'source': <ball_device.bd_drain>, 'mechanical_eject': False, 'num_attempts': 0}
2024-11-30 20:59:41,955 : INFO : ball_device.bd_drain : State: ejecting
2024-11-30 20:59:41,955 : INFO : ball_device.bd_drain : Ejecting ball to <playfield.playfield>
2024-11-30 20:59:41,956 : INFO : EventManager : Event: ======'balldevice_bd_drain_ejecting_ball'====== Args={'balls': 1, 'target': <playfield.playfield>, 'source': <ball_device.bd_drain>, 'mechanical_eject': False, 'num_attempts': 0}
2024-11-30 20:59:41,956 : INFO : ball_device.bd_drain : Wait for ball to leave device
2024-11-30 20:59:41,956 : INFO : coil.c_main_outhole : Pulsing Driver for 60ms (1.0 pulse_power)
2024-11-30 20:59:41,972 : INFO : EventManager : Event: ======'slide_base_created'====== Args={'_from_bcp': True}
2024-11-30 20:59:41,973 : INFO : EventManager : Event: ======'slide_attract_scroll_inactive'====== Args={'is_removing': True, '_from_bcp': True}
2024-11-30 20:59:41,973 : INFO : EventManager : Event: ======'slide_base_active'====== Args={'original_context': 'base', 'original_calling_context': 'mode_base_started', 'priority': 100.0, 'queue': '<QueuedEvent>', 'player': 1.0, 'ball': 1.0, 'balls_remaining': 2.0, 'is_extra_ball': False, 'cmd': 'slides_play', '_from_bcp': True}
2024-11-30 20:59:41,973 : INFO : EventManager : Event: ======'slide_attract_scroll_removed'====== Args={'_from_bcp': True}
2024-11-30 20:59:43,055 : INFO : SwitchController : <<<<<<< 's_main_outhole' inactive >>>>>>>
2024-11-30 20:59:43,055 : INFO : ball_device.bd_drain : State: ball_left
2024-11-30 20:59:43,056 : INFO : ball_device.bd_drain : Ball left
2024-11-30 20:59:43,056 : INFO : ball_device.bd_drain : Wait for confirm with timeout 10.0
2024-11-30 20:59:49,895 : INFO : SwitchController : <<<<<<< 's_upper_4_drop' active >>>>>>>
2024-11-30 20:59:49,895 : INFO : EventManager : Event: ======'playfield_active'====== Args={'source': 'upper_4_drop'}
2024-11-30 20:59:49,896 : INFO : EventManager : Event: ======'s_upper_4_drop_active'====== Args={}
2024-11-30 20:59:49,896 : INFO : EventManager : Event: ======'playfield_active'====== Args={'source': 'u4_drop'}
2024-11-30 20:59:49,896 : INFO : EventManager : Event: ======'drop_target_u4_drop_down'====== Args={'device': <drop_target.u4_drop>}
2024-11-30 20:59:49,896 : INFO : EventManager : Event: ======'drop_target_bank_upper_mixed'====== Args={'prev_value': <DropTargetBankState.UP: 'up'>, 'down': 1}
2024-11-30 20:59:49,897 : INFO : EventManager : Event: ======'machine_var_audits_switches_s_upper_4_drop'====== Args={'value': 209, 'prev_value': 208, 'change': 1}
2024-11-30 20:59:49,897 : INFO : EventManager : Event: ======'player_shot_upper_4_drop'====== Args={'value': 1, 'prev_value': 0, 'change': 1, 'player_num': 1}
2024-11-30 20:59:49,901 : INFO : EventManager : Event: ======'machine_var_audits_shots_upper_4_drop'====== Args={'value': 189, 'prev_value': 188, 'change': 1}
2024-11-30 20:59:49,902 : INFO : EventManager : Event: ======'upper_4_drop_hit'====== Args={'profile': 'default', 'state': 'unlit', 'advancing': True}
2024-11-30 20:59:49,902 : INFO : EventManager : Event: ======'upper_4_drop_default_hit'====== Args={'profile': 'default', 'state': 'unlit', 'advancing': True}
2024-11-30 20:59:49,902 : INFO : EventManager : Event: ======'upper_4_drop_default_unlit_hit'====== Args={'profile': 'default', 'state': 'unlit', 'advancing': True}
2024-11-30 20:59:49,902 : INFO : EventManager : Event: ======'upper_4_drop_unlit_hit'====== Args={'profile': 'default', 'state': 'unlit', 'advancing': True}
2024-11-30 20:59:49,902 : INFO : EventManager : Event: ======'player_score'====== Args={'value': 3000, 'prev_value': 0, 'change': 3000, 'player_num': 1, 'source': 'base'}
2024-11-30 20:59:49,903 : INFO : EventManager : Event: ======'player_bonus_upper_playfield'====== Args={'value': 1, 'prev_value': 0, 'change': 1, 'player_num': 1, 'source': 'base'}
2024-11-30 20:59:49,903 : INFO : EventManager : Event: ======'logicblock_attic_hits_updated'====== Args={'value': 1, 'enabled': True}
2024-11-30 20:59:49,903 : INFO : EventManager : Event: ======'counter_attic_hits_hit'====== Args={'count': 1, 'hits': 1, 'remaining': 10}
2024-11-30 20:59:49,903 : INFO : EventManager : Event: ======'logicblock_attic_hits_hit'====== Args={'count': 1, 'hits': 1, 'remaining': 10}
2024-11-30 20:59:49,906 : INFO : ball_device.bd_drain : Got eject confirm
2024-11-30 20:59:49,907 : INFO : ball_device.bd_drain : Eject successful
2024-11-30 20:59:49,907 : INFO : EventManager : Event: ======'balldevice_bd_drain_ball_eject_success'====== Args={'balls': 1, 'target': <playfield.playfield>}
2024-11-30 20:59:49,907 : INFO : EventManager : Event: ======'balldevice_playfield_ball_enter'====== Args={'new_balls': 1, 'unclaimed_balls': 1, 'device': <playfield.playfield>}
2024-11-30 20:59:49,907 : INFO : EventManager : Event: ======'playfield_ball_count_change'====== Args={'balls': 1, 'change': 1}
2024-11-30 20:59:49,910 : INFO : EventManager : Event: ======'balldevice_bd_drain_ball_count_changed'====== Args={'balls': 0}
2024-11-30 20:59:49,910 : INFO : ball_device.bd_drain : State: idle
2024-11-30 20:59:49,975 : INFO : SwitchController : <<<<<<< 's_upper_4_drop' inactive >>>>>>>
2024-11-30 20:59:49,975 : INFO : EventManager : Event: ======'drop_target_u4_drop_up'====== Args={'device': <drop_target.u4_drop>}
2024-11-30 20:59:49,976 : INFO : EventManager : Event: ======'drop_target_bank_upper_up'====== Args={}
2024-11-30 20:59:50,394 : INFO : SwitchController : <<<<<<< 's_upper_4_drop' active >>>>>>>
2024-11-30 20:59:50,395 : INFO : EventManager : Event: ======'s_upper_4_drop_active'====== Args={}
2024-11-30 20:59:50,395 : INFO : EventManager : Event: ======'drop_target_u4_drop_down'====== Args={'device': <drop_target.u4_drop>}
2024-11-30 20:59:50,395 : INFO : EventManager : Event: ======'drop_target_bank_upper_mixed'====== Args={'prev_value': <DropTargetBankState.UP: 'up'>, 'down': 1}
2024-11-30 20:59:50,396 : INFO : EventManager : Event: ======'machine_var_audits_switches_s_upper_4_drop'====== Args={'value': 210, 'prev_value': 209, 'change': 1}
2024-11-30 20:59:50,396 : INFO : EventManager : Event: ======'machine_var_audits_shots_upper_4_drop'====== Args={'value': 190, 'prev_value': 189, 'change': 1}
2024-11-30 20:59:50,397 : INFO : EventManager : Event: ======'upper_4_drop_hit'====== Args={'profile': 'default', 'state': 'lit', 'advancing': False}
2024-11-30 20:59:50,397 : INFO : EventManager : Event: ======'upper_4_drop_default_hit'====== Args={'profile': 'default', 'state': 'lit', 'advancing': False}
2024-11-30 20:59:50,397 : INFO : EventManager : Event: ======'upper_4_drop_default_lit_hit'====== Args={'profile': 'default', 'state': 'lit', 'advancing': False}
2024-11-30 20:59:50,397 : INFO : EventManager : Event: ======'upper_4_drop_lit_hit'====== Args={'profile': 'default', 'state': 'lit', 'advancing': False}
2024-11-30 20:59:50,397 : INFO : EventManager : Event: ======'player_score'====== Args={'value': 6000, 'prev_value': 3000, 'change': 3000, 'player_num': 1, 'source': 'base'}
2024-11-30 20:59:50,398 : INFO : EventManager : Event: ======'player_bonus_upper_playfield'====== Args={'value': 2, 'prev_value': 1, 'change': 1, 'player_num': 1, 'source': 'base'}
2024-11-30 20:59:50,398 : INFO : EventManager : Event: ======'logicblock_attic_hits_updated'====== Args={'value': 2, 'enabled': True}
2024-11-30 20:59:50,398 : INFO : EventManager : Event: ======'counter_attic_hits_hit'====== Args={'count': 2, 'hits': 2, 'remaining': 9}
2024-11-30 20:59:50,398 : INFO : EventManager : Event: ======'logicblock_attic_hits_hit'====== Args={'count': 2, 'hits': 2, 'remaining': 9}
2024-11-30 20:59:50,493 : INFO : SwitchController : <<<<<<< 's_upper_4_drop' inactive >>>>>>>
2024-11-30 20:59:50,493 : INFO : EventManager : Event: ======'drop_target_u4_drop_up'====== Args={'device': <drop_target.u4_drop>}
2024-11-30 20:59:50,494 : INFO : EventManager : Event: ======'drop_target_bank_upper_up'====== Args={}
2024-11-30 20:59:50,760 : INFO : SwitchController : <<<<<<< 's_upper_4_drop' active >>>>>>>
2024-11-30 20:59:50,760 : INFO : EventManager : Event: ======'s_upper_4_drop_active'====== Args={}
2024-11-30 20:59:50,760 : INFO : EventManager : Event: ======'drop_target_u4_drop_down'====== Args={'device': <drop_target.u4_drop>}
2024-11-30 20:59:50,761 : INFO : EventManager : Event: ======'drop_target_bank_upper_mixed'====== Args={'prev_value': <DropTargetBankState.UP: 'up'>, 'down': 1}
2024-11-30 20:59:50,761 : INFO : EventManager : Event: ======'machine_var_audits_switches_s_upper_4_drop'====== Args={'value': 211, 'prev_value': 210, 'change': 1}
2024-11-30 20:59:50,762 : INFO : EventManager : Event: ======'machine_var_audits_shots_upper_4_drop'====== Args={'value': 191, 'prev_value': 190, 'change': 1}
2024-11-30 20:59:50,762 : INFO : EventManager : Event: ======'upper_4_drop_hit'====== Args={'profile': 'default', 'state': 'lit', 'advancing': False}
2024-11-30 20:59:50,762 : INFO : EventManager : Event: ======'upper_4_drop_default_hit'====== Args={'profile': 'default', 'state': 'lit', 'advancing': False}
2024-11-30 20:59:50,763 : INFO : EventManager : Event: ======'upper_4_drop_default_lit_hit'====== Args={'profile': 'default', 'state': 'lit', 'advancing': False}
2024-11-30 20:59:50,763 : INFO : EventManager : Event: ======'upper_4_drop_lit_hit'====== Args={'profile': 'default', 'state': 'lit', 'advancing': False}
2024-11-30 20:59:50,763 : INFO : EventManager : Event: ======'player_score'====== Args={'value': 9000, 'prev_value': 6000, 'change': 3000, 'player_num': 1, 'source': 'base'}
2024-11-30 20:59:50,763 : INFO : EventManager : Event: ======'player_bonus_upper_playfield'====== Args={'value': 3, 'prev_value': 2, 'change': 1, 'player_num': 1, 'source': 'base'}
2024-11-30 20:59:50,763 : INFO : EventManager : Event: ======'logicblock_attic_hits_updated'====== Args={'value': 3, 'enabled': True}
2024-11-30 20:59:50,763 : INFO : EventManager : Event: ======'counter_attic_hits_hit'====== Args={'count': 3, 'hits': 3, 'remaining': 8}
2024-11-30 20:59:50,764 : INFO : EventManager : Event: ======'logicblock_attic_hits_hit'====== Args={'count': 3, 'hits': 3, 'remaining': 8}
2024-11-30 20:59:50,859 : INFO : SwitchController : <<<<<<< 's_upper_4_drop' inactive >>>>>>>
2024-11-30 20:59:50,859 : INFO : EventManager : Event: ======'drop_target_u4_drop_up'====== Args={'device': <drop_target.u4_drop>}
2024-11-30 20:59:50,860 : INFO : EventManager : Event: ======'drop_target_bank_upper_up'====== Args={}
2024-11-30 20:59:52,110 : INFO : SwitchController : <<<<<<< 's_main_2_trough' active >>>>>>>
2024-11-30 20:59:52,110 : INFO : EventManager : Event: ======'s_main_2_trough_active'====== Args={}
2024-11-30 20:59:52,111 : INFO : EventManager : Event: ======'sw_playfield_active'====== Args={}
2024-11-30 20:59:52,111 : INFO : EventManager : Event: ======'machine_var_audits_switches_s_main_2_trough'====== Args={'value': 101, 'prev_value': 100, 'change': 1}
2024-11-30 20:59:52,112 : INFO : EventManager : Event: ======'player_shot_main_trough_2'====== Args={'value': 1, 'prev_value': 0, 'change': 1, 'player_num': 1}
2024-11-30 20:59:52,116 : INFO : EventManager : Event: ======'machine_var_audits_shots_main_trough_2'====== Args={'value': 37, 'prev_value': 36, 'change': 1}
2024-11-30 20:59:52,117 : INFO : EventManager : Event: ======'main_trough_2_hit'====== Args={'profile': 'default', 'state': 'unlit', 'advancing': True}
2024-11-30 20:59:52,117 : INFO : EventManager : Event: ======'main_trough_2_default_hit'====== Args={'profile': 'default', 'state': 'unlit', 'advancing': True}
2024-11-30 20:59:52,117 : INFO : EventManager : Event: ======'main_trough_2_default_unlit_hit'====== Args={'profile': 'default', 'state': 'unlit', 'advancing': True}
2024-11-30 20:59:52,117 : INFO : EventManager : Event: ======'main_trough_2_unlit_hit'====== Args={'profile': 'default', 'state': 'unlit', 'advancing': True}
2024-11-30 20:59:52,117 : INFO : EventManager : Event: ======'player_bonus_multiplier'====== Args={'value': 2, 'prev_value': 1, 'change': 1, 'player_num': 1, 'source': 'base'}
2024-11-30 20:59:52,193 : INFO : SwitchController : <<<<<<< 's_main_2_trough' inactive >>>>>>>
2024-11-30 20:59:55,011 : INFO : SwitchController : <<<<<<< 's_main_outhole' active >>>>>>>
2024-11-30 20:59:55,011 : INFO : EventManager : Event: ======'machine_var_audits_switches_s_main_outhole'====== Args={'value': 649, 'prev_value': 648, 'change': 1}
2024-11-30 20:59:55,512 : INFO : EventManager : Event: ======'balldevice_bd_drain_ball_count_changed'====== Args={'balls': 1}
2024-11-30 20:59:55,512 : INFO : ball_device.bd_drain : Received unexpected ball
2024-11-30 20:59:55,512 : INFO : EventManager : Event: ======'balldevice_captured_from_playfield'====== Args={'balls': 1}
2024-11-30 20:59:55,513 : INFO : EventManager : Event: ======'sw_playfield_active'====== Args={'balls': 1}
2024-11-30 20:59:55,513 : INFO : EventManager : Event: ======'playfield_ball_count_change'====== Args={'balls': 0, 'change': -1}
2024-11-30 20:59:55,514 : INFO : EventManager : Event: ======'balldevice_bd_drain_ball_enter'====== Args={'new_balls': 1, 'unclaimed_balls': 1, 'new_available_balls': 1, 'device': <ball_device.bd_drain>}
2024-11-30 20:59:55,514 : INFO : EventManager : Event: ======'ball_drain'====== Args={'device': <ball_device.bd_drain>, 'balls': 1}
2024-11-30 20:59:55,515 : INFO : EventManager : Event: ======'ball_will_end'====== Args={}
2024-11-30 20:59:55,515 : INFO : EventManager : Event: ======'balldevice_balls_available'====== Args={}
2024-11-30 20:59:55,515 : INFO : EventManager : Event: ======'balldevice_bd_drain_ball_entered'====== Args={'new_balls': 1, 'device': <ball_device.bd_drain>}
2024-11-30 20:59:55,517 : INFO : EventManager : Event: ======'ball_ending'====== Args={}
2024-11-30 20:59:55,517 : INFO : EventManager : Event: ======'mode_bonus_will_start'====== Args={'queue': <QueuedEvent>}
2024-11-30 20:59:55,517 : INFO : EventManager : Event: ======'mode_bonus_starting'====== Args={'queue': <QueuedEvent>}
2024-11-30 20:59:55,518 : INFO : Mode.bonus : Started. Priority: 500
2024-11-30 20:59:55,518 : INFO : EventManager : Event: ======'modes_active_modes_changed'====== Args={}
2024-11-30 20:59:55,518 : INFO : EventManager : Event: ======'mode_bonus_started'====== Args={'queue': <QueuedEvent>}
2024-11-30 20:59:55,518 : INFO : EventManager : Event: ======'bonus_start'====== Args={}
2024-11-30 20:59:55,550 : INFO : EventManager : Event: ======'slide_bonus_created'====== Args={'_from_bcp': True}
2024-11-30 20:59:55,550 : INFO : EventManager : Event: ======'slide_base_inactive'====== Args={'is_removing': False, '_from_bcp': True}
2024-11-30 20:59:55,550 : INFO : EventManager : Event: ======'slide_bonus_active'====== Args={'original_context': 'bonus', 'original_calling_context': 'mode_bonus_started', 'priority': 500.0, 'queue': '<QueuedEvent>', 'cmd': 'slides_play', '_from_bcp': True}
2024-11-30 20:59:56,519 : INFO : Mode.bonus : Bonus Entry 'attic_bonus': score: 1200 player_score_entry: None=1
2024-11-30 20:59:56,520 : INFO : EventManager : Event: ======'bonus_entry'====== Args={'entry': 'attic_bonus', 'score': 1200, 'text': 'Attic Bonus Scores', 'bonus_score': 1200, 'hits': 1}
2024-11-30 20:59:57,521 : INFO : Mode.bonus : Skipping bonus entry 'main_bonus' because its value is 0
2024-11-30 20:59:57,521 : INFO : Mode.bonus : Bonus Entry 'cellar_bonus': score: 0 player_score_entry: None=1
2024-11-30 20:59:57,521 : INFO : EventManager : Event: ======'bonus_entry'====== Args={'entry': 'cellar_bonus', 'score': 0, 'text': 'Cellar Bonus Score', 'bonus_score': 1200, 'hits': 1}
2024-11-30 20:59:58,522 : INFO : EventManager : Event: ======'bonus_entry'====== Args={'entry': 'subtotal', 'text': 'Subtotal', 'score': 1200}
2024-11-30 20:59:59,523 : INFO : EventManager : Event: ======'bonus_entry'====== Args={'entry': 'multiplier', 'text': 'Multiplier', 'score': 2}
2024-11-30 21:00:00,524 : INFO : EventManager : Event: ======'player_score'====== Args={'value': 11400, 'prev_value': 9000, 'change': 2400, 'player_num': 1, 'source': 'bonus'}
2024-11-30 21:00:00,524 : INFO : EventManager : Event: ======'bonus_entry'====== Args={'entry': 'total', 'text': 'Total Bonus', 'score': 2400}
2024-11-30 21:00:01,525 : INFO : EventManager : Event: ======'player_bonus_multiplier'====== Args={'value': 1, 'prev_value': 2, 'change': -1, 'player_num': 1}
2024-11-30 21:00:01,525 : INFO : EventManager : Event: ======'mode_bonus_will_stop'====== Args={}
2024-11-30 21:00:01,526 : INFO : EventManager : Event: ======'mode_bonus_stopping'====== Args={}
2024-11-30 21:00:01,528 : INFO : EventManager : Event: ======'player_base_bonus'====== Args={'value': 0, 'prev_value': 400, 'change': -400, 'player_num': 1, 'source': 'bonus'}
2024-11-30 21:00:01,528 : INFO : EventManager : Event: ======'player_bonus_upper_playfield'====== Args={'value': 0, 'prev_value': 3, 'change': -3, 'player_num': 1, 'source': 'bonus'}
2024-11-30 21:00:01,531 : INFO : Mode.bonus : Stopped.
2024-11-30 21:00:01,531 : INFO : EventManager : Event: ======'modes_active_modes_changed'====== Args={}
2024-11-30 21:00:01,532 : INFO : EventManager : Event: ======'mode_bonus_stopped'====== Args={}
2024-11-30 21:00:01,532 : INFO : EventManager : Event: ======'clear'====== Args={'key': 'bonus'}
2024-11-30 21:00:01,532 : INFO : EventManager : Event: ======'mode_base_will_stop'====== Args={}
2024-11-30 21:00:01,532 : INFO : EventManager : Event: ======'mode_base_stopping'====== Args={}
2024-11-30 21:00:01,533 : INFO : Mode.base : Stopped.
2024-11-30 21:00:01,533 : INFO : EventManager : Event: ======'modes_active_modes_changed'====== Args={}
2024-11-30 21:00:01,533 : INFO : EventManager : Event: ======'mode_base_stopped'====== Args={}
2024-11-30 21:00:01,533 : INFO : EventManager : Event: ======'clear'====== Args={'key': 'base'}
2024-11-30 21:00:01,535 : INFO : EventManager : Event: ======'ball_ended'====== Args={}
2024-11-30 21:00:01,537 : INFO : EventManager : Event: ======'player_turn_will_end'====== Args={'player': <Player 1>, 'number': 1}
2024-11-30 21:00:01,543 : INFO : EventManager : Event: ======'player_turn_ending'====== Args={'player': <Player 1>, 'number': 1}
2024-11-30 21:00:01,544 : INFO : EventManager : Event: ======'slide_bonus_inactive'====== Args={'is_removing': True, '_from_bcp': True}
2024-11-30 21:00:01,544 : INFO : EventManager : Event: ======'slide_base_active'====== Args={'_from_bcp': True}
2024-11-30 21:00:01,544 : INFO : EventManager : Event: ======'slide_bonus_removed'====== Args={'_from_bcp': True}
2024-11-30 21:00:01,544 : INFO : EventManager : Event: ======'player_turn_ended'====== Args={'player': <Player 1>, 'number': 1}
2024-11-30 21:00:01,544 : INFO : EventManager : Event: ======'player_turn_will_start'====== Args={'player': <Player 1>, 'number': 1}
2024-11-30 21:00:01,545 : INFO : EventManager : Event: ======'player_turn_starting'====== Args={'player': <Player 1>, 'number': 1}
2024-11-30 21:00:01,545 : INFO : EventManager : Event: ======'player_ball'====== Args={'value': 2, 'prev_value': 1, 'change': 1, 'player_num': 1}
2024-11-30 21:00:01,545 : INFO : EventManager : Event: ======'player_turn_started'====== Args={'player': <Player 1>, 'number': 1}
2024-11-30 21:00:01,547 : INFO : EventManager : Event: ======'ball_will_start'====== Args={'player': 1, 'ball': 2, 'balls_remaining': 1, 'is_extra_ball': False}
2024-11-30 21:00:01,547 : INFO : EventManager : Event: ======'ball_starting'====== Args={'player': 1, 'ball': 2, 'balls_remaining': 1, 'is_extra_ball': False}
2024-11-30 21:00:01,547 : INFO : EventManager : Event: ======'mode_base_will_start'====== Args={'queue': <QueuedEvent>, 'player': 1, 'ball': 2, 'balls_remaining': 1, 'is_extra_ball': False}
2024-11-30 21:00:01,554 : INFO : EventManager : Event: ======'mode_base_starting'====== Args={'queue': <QueuedEvent>, 'player': 1, 'ball': 2, 'balls_remaining': 1, 'is_extra_ball': False}
2024-11-30 21:00:01,554 : INFO : drop_target_bank.upper : All targets are already up. Will not reset bank.
2024-11-30 21:00:01,555 : INFO : drop_target_bank.lower : All targets are already up. Will not reset bank.
2024-11-30 21:00:01,555 : INFO : EventManager : Event: ======'balls_in_play'====== Args={'balls': 1}
2024-11-30 21:00:01,555 : INFO : EventManager : Event: ======'ball_started'====== Args={'player': 1, 'ball': 2, 'balls_remaining': 1, 'is_extra_ball': False}
2024-11-30 21:00:01,555 : INFO : EventManager : Event: ======'logicblock_attic_drop_counter_updated'====== Args={'value': 0, 'enabled': True}
2024-11-30 21:00:01,555 : INFO : EventManager : Event: ======'logicblock_attic_hits_updated'====== Args={'value': 0, 'enabled': True}
2024-11-30 21:00:01,556 : INFO : EventManager : Event: ======'logicblock_cellar_hits_updated'====== Args={'value': 0, 'enabled': True}
2024-11-30 21:00:01,556 : INFO : EventManager : Event: ======'logicblock_attic_drop_counter_updated'====== Args={'value': 0, 'enabled': True}
2024-11-30 21:00:01,556 : INFO : EventManager : Event: ======'logicblock_attic_hits_updated'====== Args={'value': 0, 'enabled': True}
2024-11-30 21:00:01,556 : INFO : EventManager : Event: ======'logicblock_cellar_hits_updated'====== Args={'value': 0, 'enabled': True}
2024-11-30 21:00:01,556 : INFO : Mode.base : Started. Priority: 100
2024-11-30 21:00:01,556 : INFO : EventManager : Event: ======'modes_active_modes_changed'====== Args={}
2024-11-30 21:00:01,556 : INFO : EventManager : Event: ======'mode_base_started'====== Args={'queue': <QueuedEvent>, 'player': 1, 'ball': 2, 'balls_remaining': 1, 'is_extra_ball': False}
2024-11-30 21:00:01,559 : INFO : EventManager : Event: ======'base_bonus_900'====== Args={'queue': <QueuedEvent>, 'player': 1, 'ball': 2, 'balls_remaining': 1, 'is_extra_ball': False}
2024-11-30 21:00:01,559 : INFO : EventManager : Event: ======'player_base_bonus'====== Args={'value': 900, 'prev_value': 0, 'change': 900, 'player_num': 1, 'source': 'base'}
2024-11-30 21:00:01,561 : INFO : EventManager : Event: ======'single_player_ball_started'====== Args={}
2024-11-30 21:00:01,564 : INFO : EventManager : Event: ======'ball_start_target'====== Args={'target': 'playfield'}
2024-11-30 21:00:01,565 : INFO : ball_device.bd_drain : Setting up player-controlled eject. Balls: 1, Target: <playfield.playfield>, player_controlled_eject_event: None
2024-11-30 21:00:01,565 : INFO : ball_device.bd_drain : Adding 1 ball(s) to the eject_queue with target <playfield.playfield>.
2024-11-30 21:00:01,565 : INFO : EventManager : Event: ======'balldevice_balls_available'====== Args={}
2024-11-30 21:00:01,565 : INFO : ball_device.bd_drain : State: waiting_for_target_ready
2024-11-30 21:00:01,565 : INFO : EventManager : Event: ======'balldevice_bd_drain_ball_eject_attempt'====== Args={'balls': 1, 'target': <playfield.playfield>, 'source': <ball_device.bd_drain>, 'mechanical_eject': False, 'num_attempts': 0}
2024-11-30 21:00:01,566 : INFO : ball_device.bd_drain : State: ejecting
2024-11-30 21:00:01,566 : INFO : ball_device.bd_drain : Ejecting ball to <playfield.playfield>
2024-11-30 21:00:01,566 : INFO : EventManager : Event: ======'balldevice_bd_drain_ejecting_ball'====== Args={'balls': 1, 'target': <playfield.playfield>, 'source': <ball_device.bd_drain>, 'mechanical_eject': False, 'num_attempts': 0}
2024-11-30 21:00:01,566 : INFO : ball_device.bd_drain : Wait for ball to leave device
2024-11-30 21:00:01,567 : INFO : coil.c_main_outhole : Pulsing Driver for 60ms (1.0 pulse_power)
2024-11-30 21:00:01,579 : INFO : EventManager : Event: ======'slide_base_created'====== Args={'_from_bcp': True}
2024-11-30 21:00:01,579 : INFO : EventManager : Event: ======'slide_base_inactive'====== Args={'is_removing': True, '_from_bcp': True}
2024-11-30 21:00:01,579 : INFO : EventManager : Event: ======'slide_base_active'====== Args={'original_context': 'base', 'original_calling_context': 'mode_base_started', 'priority': 100.0, 'queue': '<QueuedEvent>', 'player': 1.0, 'ball': 2.0, 'balls_remaining': 1.0, 'is_extra_ball': False, 'cmd': 'slides_play', '_from_bcp': True}
2024-11-30 21:00:01,579 : INFO : EventManager : Event: ======'slide_base_removed'====== Args={'_from_bcp': True}
2024-11-30 21:00:02,615 : INFO : SwitchController : <<<<<<< 's_main_outhole' inactive >>>>>>>
2024-11-30 21:00:02,615 : INFO : ball_device.bd_drain : State: ball_left
2024-11-30 21:00:02,616 : INFO : ball_device.bd_drain : Ball left
2024-11-30 21:00:02,616 : INFO : ball_device.bd_drain : Wait for confirm with timeout 10.0
2024-11-30 21:00:12,617 : INFO : ball_device.bd_drain : State: failed_confirm
2024-11-30 21:00:12,617 : INFO : ball_device.bd_drain : Got timeout (10.0s) before confirm from <playfield.playfield>
2024-11-30 21:00:12,717 : INFO : ball_device.bd_drain : Confirming eject because target is playfield and ball did not return.
2024-11-30 21:00:12,718 : INFO : ball_device.bd_drain : Eject successful
2024-11-30 21:00:12,718 : INFO : EventManager : Event: ======'balldevice_bd_drain_ball_eject_success'====== Args={'balls': 1, 'target': <playfield.playfield>}
2024-11-30 21:00:12,718 : INFO : EventManager : Event: ======'balldevice_playfield_ball_enter'====== Args={'new_balls': 1, 'unclaimed_balls': 1, 'device': <playfield.playfield>}
2024-11-30 21:00:12,718 : INFO : EventManager : Event: ======'playfield_ball_count_change'====== Args={'balls': 1, 'change': 1}
2024-11-30 21:00:12,719 : INFO : EventManager : Event: ======'balldevice_bd_drain_ball_count_changed'====== Args={'balls': 0}
2024-11-30 21:00:12,719 : INFO : ball_device.bd_drain : State: idle
2024-11-30 21:00:16,392 : INFO : Machine : Shutting down...
2024-11-30 21:00:16,392 : INFO : EventManager : Event: ======'shutdown'====== Args={}
2024-11-30 21:00:16,393 : INFO : EventManager : Event: ======'mode_game_will_stop'====== Args={}
2024-11-30 21:00:16,393 : INFO : EventManager : Event: ======'mode_game_stopping'====== Args={}
2024-11-30 21:00:16,394 : INFO : EventManager : Event: ======'mode_base_will_stop'====== Args={}
2024-11-30 21:00:16,394 : INFO : EventManager : Event: ======'mode_base_stopping'====== Args={}
2024-11-30 21:00:16,394 : INFO : Mode.base : Stopped.
2024-11-30 21:00:16,394 : INFO : EventManager : Event: ======'modes_active_modes_changed'====== Args={}
2024-11-30 21:00:16,394 : INFO : EventManager : Event: ======'mode_base_stopped'====== Args={}
2024-11-30 21:00:16,394 : INFO : EventManager : Event: ======'clear'====== Args={'key': 'base'}
2024-11-30 21:00:16,396 : INFO : Mode.game : Stopped.
2024-11-30 21:00:16,396 : INFO : EventManager : Event: ======'modes_active_modes_changed'====== Args={}
2024-11-30 21:00:16,396 : INFO : EventManager : Event: ======'mode_game_stopped'====== Args={}
2024-11-30 21:00:16,396 : INFO : EventManager : Event: ======'clear'====== Args={'key': 'game'}
2024-11-30 21:00:16,397 : INFO : root : MPF run loop ended.
