2024-12-01 16:58:34,846 : INFO : root : Loading config.
2024-12-01 16:58:34,848 : INFO : YamlMultifileConfigLoader : Machine config file #1: config.yaml
2024-12-01 16:58:34,849 : INFO : ConfigProcessor : Loading config from cache: /var/folders/lw/36nc9wln17qdc1y8dnh6d85h0000gr/T/a187413b8cf7049e0b91852f54cd1afa.mpf_cache
2024-12-01 16:58:34,878 : INFO : ConfigProcessor : Loading config from cache: /var/folders/lw/36nc9wln17qdc1y8dnh6d85h0000gr/T/2e30198d1c841d95b9b3e69c8a0bb49b.mpf_cache
2024-12-01 16:58:34,878 : INFO : ConfigProcessor : Loading config from cache: /var/folders/lw/36nc9wln17qdc1y8dnh6d85h0000gr/T/40928215bbb65374348eff3d4cd7b8bc.mpf_cache
2024-12-01 16:58:34,879 : WARNING : ConfigProcessor : Config file in cache changed: /Users/C_Alan/pinball/hauntedhouse/modes/base/config/base.yaml
2024-12-01 16:58:34,879 : INFO : ConfigProcessor : Loading config from file /Users/C_Alan/pinball/hauntedhouse/modes/base/config/base.yaml.
2024-12-01 16:58:34,885 : INFO : ConfigProcessor : Loading config: /Users/C_Alan/pinball/hauntedhouse/modes/base/config/base.yaml
2024-12-01 16:58:34,886 : INFO : ConfigProcessor : Config file cache created: /var/folders/lw/36nc9wln17qdc1y8dnh6d85h0000gr/T/167ddff969183ffa73a4682c84ddf638.mpf_cache
2024-12-01 16:58:34,886 : INFO : ConfigProcessor : Loading config from cache: /var/folders/lw/36nc9wln17qdc1y8dnh6d85h0000gr/T/2e30198d1c841d95b9b3e69c8a0bb49b.mpf_cache
2024-12-01 16:58:34,886 : INFO : ConfigProcessor : Loading config from cache: /var/folders/lw/36nc9wln17qdc1y8dnh6d85h0000gr/T/f3e7df0542012602a298ddb9f31df321.mpf_cache
2024-12-01 16:58:34,887 : INFO : ConfigProcessor : Loading config from cache: /var/folders/lw/36nc9wln17qdc1y8dnh6d85h0000gr/T/ac27afd8b01174f1412801db135abc1d.mpf_cache
2024-12-01 16:58:34,887 : INFO : ConfigProcessor : Loading config from cache: /var/folders/lw/36nc9wln17qdc1y8dnh6d85h0000gr/T/df2857c909c4a913cc732702f1a197bb.mpf_cache
2024-12-01 16:58:34,887 : INFO : ConfigProcessor : Loading config from cache: /var/folders/lw/36nc9wln17qdc1y8dnh6d85h0000gr/T/1ab5c5e749213b44f20a4087626085fd.mpf_cache
2024-12-01 16:58:34,887 : INFO : ConfigProcessor : Loading config from cache: /var/folders/lw/36nc9wln17qdc1y8dnh6d85h0000gr/T/176bdc82e0948b16c38e3d140ac1de4b.mpf_cache
2024-12-01 16:58:34,888 : INFO : Machine : Mission Pinball Framework Core Engine v0.80.0.dev5
2024-12-01 16:58:34,888 : INFO : Machine : Command line arguments: {'no_load_cache': False, 'create_config_cache': True, 'bcp': True, 'configfile': ['config.yaml'], 'force_assets_load': False, 'platform_integration_test': False, 'jsonlogging': False, 'logfile': 'logs/2024-12-01-16-58-34-mpf-Macpro.local.log', 'pause': False, 'production': False, 'text_ui': True, 'loglevel': 15, 'consoleloglevel': 20, 'force_platform': 'virtual', 'syslog_address': None, 'full_logfile_path': '/Users/C_Alan/pinball/hauntedhouse/logs/2024-12-01-16-58-34-mpf-Macpro.local.log'}
2024-12-01 16:58:34,888 : INFO : Machine : MPF path: /Users/C_Alan/envp311/lib/python3.11/site-packages/mpf
2024-12-01 16:58:34,888 : INFO : Machine : Machine path: /Users/C_Alan/pinball/hauntedhouse
2024-12-01 16:58:34,888 : INFO : Machine : Platform: darwin
2024-12-01 16:58:34,888 : INFO : Machine : Python executable location: /Users/C_Alan/envp311/bin/python3.11
2024-12-01 16:58:34,888 : INFO : Machine : Python version: 3.11.0 (64-bit)
2024-12-01 16:58:34,888 : INFO : Machine : Initializing MPF...
2024-12-01 16:58:34,914 : INFO : EventManager : Event: ======'machine_var_credits_string'====== Args={'value': 'FREE PLAY', 'prev_value': None, 'change': True}
2024-12-01 16:58:34,921 : INFO : EventManager : Event: ======'machine_var_master_volume'====== Args={'value': 0.5, 'prev_value': None, 'change': True}
2024-12-01 16:58:34,921 : INFO : EventManager : Event: ======'machine_var_player1_score'====== Args={'value': 32800, 'prev_value': None, 'change': True}
2024-12-01 16:58:34,921 : INFO : EventManager : Event: ======'machine_var_mpf_version'====== Args={'value': 'Mission Pinball Framework v0.80.0.dev5', 'prev_value': None, 'change': True}
2024-12-01 16:58:34,922 : INFO : EventManager : Event: ======'machine_var_mpf_extended_version'====== Args={'value': 'Mission Pinball Framework v0.80.0.dev5, Config version:6, Show version: 6, BCP version:1.1', 'prev_value': None, 'change': True}
2024-12-01 16:58:34,922 : INFO : EventManager : Event: ======'machine_var_python_version'====== Args={'value': '3.11.0', 'prev_value': None, 'change': True}
2024-12-01 16:58:34,932 : INFO : EventManager : Event: ======'machine_var_platform'====== Args={'value': 'macOS-14.6.1-x86_64-i386-64bit', 'prev_value': None, 'change': True}
2024-12-01 16:58:34,932 : INFO : EventManager : Event: ======'machine_var_platform_system'====== Args={'value': 'Darwin', 'prev_value': None, 'change': True}
2024-12-01 16:58:34,932 : INFO : EventManager : Event: ======'machine_var_platform_release'====== Args={'value': '23.6.0', 'prev_value': None, 'change': True}
2024-12-01 16:58:34,932 : INFO : EventManager : Event: ======'machine_var_platform_version'====== Args={'value': 'Darwin Kernel Version 23.6.0: Mon Jul 29 21:13:00 PDT 2024; root:xnu-10063.141.2~1/RELEASE_X86_64', 'prev_value': None, 'change': True}
2024-12-01 16:58:34,932 : INFO : EventManager : Event: ======'machine_var_platform_machine'====== Args={'value': 'x86_64', 'prev_value': None, 'change': True}
2024-12-01 16:58:34,932 : INFO : EventManager : Event: ======'machine_var_log_file_path'====== Args={'value': '/Users/C_Alan/pinball/hauntedhouse/logs/2024-12-01-16-58-34-mpf-Macpro.local.log', 'prev_value': None, 'change': True}
2024-12-01 16:58:34,932 : INFO : EventManager : Event: ======'init_phase_1'====== Args={}
2024-12-01 16:58:34,969 : INFO : EventManager : Event: ======'drop_target_bank_upper_up'====== Args={}
2024-12-01 16:58:34,969 : INFO : EventManager : Event: ======'drop_target_bank_lower_up'====== Args={}
2024-12-01 16:58:34,970 : INFO : EventManager : Event: ======'init_phase_2'====== Args={}
2024-12-01 16:58:34,976 : INFO : EventManager : Event: ======'bcp_connection_attempt'====== Args={'name': 'local_display', 'host': 'localhost', 'port': 5050}
2024-12-01 16:58:34,977 : INFO : BCPClientSocket : Connecting BCP to 'local_display' at localhost:5050...
2024-12-01 16:58:39,581 : INFO : BCPClientSocket : Connected BCP to 'local_display' localhost:5050
2024-12-01 16:58:39,581 : INFO : EventManager : Event: ======'bcp_clients_connected'====== Args={}
2024-12-01 16:58:39,583 : INFO : ball_device.bd_drain : BCH: Initial count: 0
2024-12-01 16:58:39,583 : INFO : ball_device.bd_drain : State: idle
2024-12-01 16:58:39,584 : INFO : ball_device.bd_lower_vuk : BCH: Initial count: 0
2024-12-01 16:58:39,584 : INFO : ball_device.bd_lower_vuk : State: idle
2024-12-01 16:58:39,584 : INFO : ball_device.bd_lower_kickout_special : BCH: Initial count: 0
2024-12-01 16:58:39,584 : INFO : ball_device.bd_lower_kickout_special : State: idle
2024-12-01 16:58:39,585 : INFO : ball_device.bd_main_vuk : BCH: Initial count: 0
2024-12-01 16:58:39,585 : INFO : ball_device.bd_main_vuk : State: idle
2024-12-01 16:58:39,585 : INFO : ball_device.bd_main_kickout_right : BCH: Initial count: 0
2024-12-01 16:58:39,585 : INFO : ball_device.bd_main_kickout_right : State: idle
2024-12-01 16:58:39,586 : INFO : ball_device.bd_main_kickout_lane : BCH: Initial count: 0
2024-12-01 16:58:39,586 : INFO : ball_device.bd_main_kickout_lane : State: idle
2024-12-01 16:58:39,592 : INFO : EventManager : Event: ======'init_phase_3'====== Args={}
2024-12-01 16:58:39,600 : INFO : EventManager : Event: ======'init_phase_4'====== Args={}
2024-12-01 16:58:39,602 : INFO : BallController : Initial balls found: 0
2024-12-01 16:58:39,602 : INFO : EventManager : Event: ======'machine_var_audits_events_game_ended'====== Args={'value': 91, 'prev_value': None, 'change': True}
2024-12-01 16:58:39,603 : INFO : EventManager : Event: ======'machine_var_audits_events_game_started'====== Args={'value': 220, 'prev_value': None, 'change': True}
2024-12-01 16:58:39,603 : INFO : EventManager : Event: ======'machine_var_audits_missing_switches_s_left_flipper1'====== Args={'value': 26, 'prev_value': None, 'change': True}
2024-12-01 16:58:39,603 : INFO : EventManager : Event: ======'machine_var_audits_missing_switches_s_left_flipper2'====== Args={'value': 26, 'prev_value': None, 'change': True}
2024-12-01 16:58:39,603 : INFO : EventManager : Event: ======'machine_var_audits_missing_switches_s_lower_10pt_drops'====== Args={'value': 27, 'prev_value': None, 'change': True}
2024-12-01 16:58:39,603 : INFO : EventManager : Event: ======'machine_var_audits_missing_switches_s_lower_10pt_lower'====== Args={'value': 27, 'prev_value': None, 'change': True}
2024-12-01 16:58:39,603 : INFO : EventManager : Event: ======'machine_var_audits_missing_switches_s_lower_10pt_upper'====== Args={'value': 27, 'prev_value': None, 'change': True}
2024-12-01 16:58:39,603 : INFO : EventManager : Event: ======'machine_var_audits_missing_switches_s_lower_1_drop'====== Args={'value': 27, 'prev_value': None, 'change': True}
2024-12-01 16:58:39,603 : INFO : EventManager : Event: ======'machine_var_audits_missing_switches_s_lower_2_drop'====== Args={'value': 27, 'prev_value': None, 'change': True}
2024-12-01 16:58:39,603 : INFO : EventManager : Event: ======'machine_var_audits_missing_switches_s_lower_3_drop'====== Args={'value': 27, 'prev_value': None, 'change': True}
2024-12-01 16:58:39,603 : INFO : EventManager : Event: ======'machine_var_audits_missing_switches_s_lower_4_drop'====== Args={'value': 27, 'prev_value': None, 'change': True}
2024-12-01 16:58:39,603 : INFO : EventManager : Event: ======'machine_var_audits_missing_switches_s_lower_5_drop'====== Args={'value': 27, 'prev_value': None, 'change': True}
2024-12-01 16:58:39,603 : INFO : EventManager : Event: ======'machine_var_audits_missing_switches_s_lower_bonus_left'====== Args={'value': 27, 'prev_value': None, 'change': True}
2024-12-01 16:58:39,603 : INFO : EventManager : Event: ======'machine_var_audits_missing_switches_s_lower_bonus_right'====== Args={'value': 27, 'prev_value': None, 'change': True}
2024-12-01 16:58:39,603 : INFO : EventManager : Event: ======'machine_var_audits_missing_switches_s_lower_kick_target'====== Args={'value': 28, 'prev_value': None, 'change': True}
2024-12-01 16:58:39,603 : INFO : EventManager : Event: ======'machine_var_audits_missing_switches_s_lower_kickout_special'====== Args={'value': 27, 'prev_value': None, 'change': True}
2024-12-01 16:58:39,603 : INFO : EventManager : Event: ======'machine_var_audits_missing_switches_s_lower_pop'====== Args={'value': 1, 'prev_value': None, 'change': True}
2024-12-01 16:58:39,604 : INFO : EventManager : Event: ======'machine_var_audits_missing_switches_s_lower_rollover'====== Args={'value': 26, 'prev_value': None, 'change': True}
2024-12-01 16:58:39,604 : INFO : EventManager : Event: ======'machine_var_audits_missing_switches_s_lower_slingshot'====== Args={'value': 28, 'prev_value': None, 'change': True}
2024-12-01 16:58:39,604 : INFO : EventManager : Event: ======'machine_var_audits_missing_switches_s_lower_vuk'====== Args={'value': 26, 'prev_value': None, 'change': True}
2024-12-01 16:58:39,604 : INFO : EventManager : Event: ======'machine_var_audits_missing_switches_s_main_10pt_left'====== Args={'value': 27, 'prev_value': None, 'change': True}
2024-12-01 16:58:39,604 : INFO : EventManager : Event: ======'machine_var_audits_missing_switches_s_main_1_target'====== Args={'value': 29, 'prev_value': None, 'change': True}
2024-12-01 16:58:39,604 : INFO : EventManager : Event: ======'machine_var_audits_missing_switches_s_main_1_trough'====== Args={'value': 10, 'prev_value': None, 'change': True}
2024-12-01 16:58:39,604 : INFO : EventManager : Event: ======'machine_var_audits_missing_switches_s_main_2_target'====== Args={'value': 28, 'prev_value': None, 'change': True}
2024-12-01 16:58:39,604 : INFO : EventManager : Event: ======'machine_var_audits_missing_switches_s_main_3_target'====== Args={'value': 26, 'prev_value': None, 'change': True}
2024-12-01 16:58:39,604 : INFO : EventManager : Event: ======'machine_var_audits_missing_switches_s_main_4_target'====== Args={'value': 15, 'prev_value': None, 'change': True}
2024-12-01 16:58:39,604 : INFO : EventManager : Event: ======'machine_var_audits_missing_switches_s_main_5_target'====== Args={'value': 15, 'prev_value': None, 'change': True}
2024-12-01 16:58:39,604 : INFO : EventManager : Event: ======'machine_var_audits_missing_switches_s_main_inlane_right'====== Args={'value': 26, 'prev_value': None, 'change': True}
2024-12-01 16:58:39,604 : INFO : EventManager : Event: ======'machine_var_audits_missing_switches_s_main_kickout_right'====== Args={'value': 1, 'prev_value': None, 'change': True}
2024-12-01 16:58:39,604 : INFO : EventManager : Event: ======'machine_var_audits_missing_switches_s_main_lane_center'====== Args={'value': 26, 'prev_value': None, 'change': True}
2024-12-01 16:58:39,604 : INFO : EventManager : Event: ======'machine_var_audits_missing_switches_s_main_outlane_left'====== Args={'value': 26, 'prev_value': None, 'change': True}
2024-12-01 16:58:39,604 : INFO : EventManager : Event: ======'machine_var_audits_missing_switches_s_main_outlane_right'====== Args={'value': 26, 'prev_value': None, 'change': True}
2024-12-01 16:58:39,605 : INFO : EventManager : Event: ======'machine_var_audits_missing_switches_s_main_pop_bottom'====== Args={'value': 1, 'prev_value': None, 'change': True}
2024-12-01 16:58:39,605 : INFO : EventManager : Event: ======'machine_var_audits_missing_switches_s_main_pop_top'====== Args={'value': 26, 'prev_value': None, 'change': True}
2024-12-01 16:58:39,605 : INFO : EventManager : Event: ======'machine_var_audits_missing_switches_s_main_rollunder'====== Args={'value': 1, 'prev_value': None, 'change': True}
2024-12-01 16:58:39,605 : INFO : EventManager : Event: ======'machine_var_audits_missing_switches_s_main_secret_trough'====== Args={'value': 6, 'prev_value': None, 'change': True}
2024-12-01 16:58:39,605 : INFO : EventManager : Event: ======'machine_var_audits_missing_switches_s_main_slingshot'====== Args={'value': 26, 'prev_value': None, 'change': True}
2024-12-01 16:58:39,605 : INFO : EventManager : Event: ======'machine_var_audits_missing_switches_s_main_target_right'====== Args={'value': 26, 'prev_value': None, 'change': True}
2024-12-01 16:58:39,605 : INFO : EventManager : Event: ======'machine_var_audits_missing_switches_s_main_trapdoor_trough'====== Args={'value': 15, 'prev_value': None, 'change': True}
2024-12-01 16:58:39,605 : INFO : EventManager : Event: ======'machine_var_audits_missing_switches_s_main_vuk'====== Args={'value': 26, 'prev_value': None, 'change': True}
2024-12-01 16:58:39,605 : INFO : EventManager : Event: ======'machine_var_audits_missing_switches_s_right_flipper1'====== Args={'value': 26, 'prev_value': None, 'change': True}
2024-12-01 16:58:39,605 : INFO : EventManager : Event: ======'machine_var_audits_missing_switches_s_right_flipper2'====== Args={'value': 26, 'prev_value': None, 'change': True}
2024-12-01 16:58:39,605 : INFO : EventManager : Event: ======'machine_var_audits_missing_switches_s_start'====== Args={'value': 12, 'prev_value': None, 'change': True}
2024-12-01 16:58:39,605 : INFO : EventManager : Event: ======'machine_var_audits_missing_switches_s_upper_10pt_center'====== Args={'value': 26, 'prev_value': None, 'change': True}
2024-12-01 16:58:39,605 : INFO : EventManager : Event: ======'machine_var_audits_missing_switches_s_upper_10pt_left'====== Args={'value': 28, 'prev_value': None, 'change': True}
2024-12-01 16:58:39,606 : INFO : EventManager : Event: ======'machine_var_audits_missing_switches_s_upper_1_drop'====== Args={'value': 9, 'prev_value': None, 'change': True}
2024-12-01 16:58:39,606 : INFO : EventManager : Event: ======'machine_var_audits_missing_switches_s_upper_1_target'====== Args={'value': 8, 'prev_value': None, 'change': True}
2024-12-01 16:58:39,606 : INFO : EventManager : Event: ======'machine_var_audits_missing_switches_s_upper_2_drop'====== Args={'value': 12, 'prev_value': None, 'change': True}
2024-12-01 16:58:39,606 : INFO : EventManager : Event: ======'machine_var_audits_missing_switches_s_upper_2_target'====== Args={'value': 14, 'prev_value': None, 'change': True}
2024-12-01 16:58:39,606 : INFO : EventManager : Event: ======'machine_var_audits_missing_switches_s_upper_3_drop'====== Args={'value': 12, 'prev_value': None, 'change': True}
2024-12-01 16:58:39,606 : INFO : EventManager : Event: ======'machine_var_audits_missing_switches_s_upper_3_target'====== Args={'value': 9, 'prev_value': None, 'change': True}
2024-12-01 16:58:39,606 : INFO : EventManager : Event: ======'machine_var_audits_missing_switches_s_upper_4_drop'====== Args={'value': 5, 'prev_value': None, 'change': True}
2024-12-01 16:58:39,606 : INFO : EventManager : Event: ======'machine_var_audits_missing_switches_s_upper_4_target'====== Args={'value': 17, 'prev_value': None, 'change': True}
2024-12-01 16:58:39,606 : INFO : EventManager : Event: ======'machine_var_audits_player_score'====== Args={'value': {'average': 32739, 'top': [211150, 170050, 162330, 120480, 114590, 92630, 88790, 81180, 78890, 77830], 'total': 94}, 'prev_value': None, 'change': True}
2024-12-01 16:58:39,606 : INFO : EventManager : Event: ======'machine_var_audits_shots_10pt'====== Args={'value': 259, 'prev_value': None, 'change': True}
2024-12-01 16:58:39,606 : INFO : EventManager : Event: ======'machine_var_audits_shots_left_inlane'====== Args={'value': 32, 'prev_value': None, 'change': True}
2024-12-01 16:58:39,607 : INFO : EventManager : Event: ======'machine_var_audits_shots_left_outlane'====== Args={'value': 15, 'prev_value': None, 'change': True}
2024-12-01 16:58:39,607 : INFO : EventManager : Event: ======'machine_var_audits_shots_lower_10pt_drops'====== Args={'value': 57, 'prev_value': None, 'change': True}
2024-12-01 16:58:39,607 : INFO : EventManager : Event: ======'machine_var_audits_shots_lower_10pt_lower'====== Args={'value': 21, 'prev_value': None, 'change': True}
2024-12-01 16:58:39,607 : INFO : EventManager : Event: ======'machine_var_audits_shots_lower_10pt_upper'====== Args={'value': 20, 'prev_value': None, 'change': True}
2024-12-01 16:58:39,607 : INFO : EventManager : Event: ======'machine_var_audits_shots_lower_1_drop'====== Args={'value': 52, 'prev_value': None, 'change': True}
2024-12-01 16:58:39,607 : INFO : EventManager : Event: ======'machine_var_audits_shots_lower_2_drop'====== Args={'value': 18, 'prev_value': None, 'change': True}
2024-12-01 16:58:39,607 : INFO : EventManager : Event: ======'machine_var_audits_shots_lower_3_drop'====== Args={'value': 20, 'prev_value': None, 'change': True}
2024-12-01 16:58:39,607 : INFO : EventManager : Event: ======'machine_var_audits_shots_lower_4_drop'====== Args={'value': 25, 'prev_value': None, 'change': True}
2024-12-01 16:58:39,607 : INFO : EventManager : Event: ======'machine_var_audits_shots_lower_5_drop'====== Args={'value': 27, 'prev_value': None, 'change': True}
2024-12-01 16:58:39,607 : INFO : EventManager : Event: ======'machine_var_audits_shots_lower_hole'====== Args={'value': 43, 'prev_value': None, 'change': True}
2024-12-01 16:58:39,607 : INFO : EventManager : Event: ======'machine_var_audits_shots_lower_kick_target'====== Args={'value': 6, 'prev_value': None, 'change': True}
2024-12-01 16:58:39,608 : INFO : EventManager : Event: ======'machine_var_audits_shots_lower_left'====== Args={'value': 21, 'prev_value': None, 'change': True}
2024-12-01 16:58:39,608 : INFO : EventManager : Event: ======'machine_var_audits_shots_lower_left_pop'====== Args={'value': 240, 'prev_value': None, 'change': True}
2024-12-01 16:58:39,608 : INFO : EventManager : Event: ======'machine_var_audits_shots_lower_pop'====== Args={'value': 60, 'prev_value': None, 'change': True}
2024-12-01 16:58:39,608 : INFO : EventManager : Event: ======'machine_var_audits_shots_lower_right'====== Args={'value': 8, 'prev_value': None, 'change': True}
2024-12-01 16:58:39,609 : INFO : EventManager : Event: ======'machine_var_audits_shots_lower_rollover'====== Args={'value': 36, 'prev_value': None, 'change': True}
2024-12-01 16:58:39,609 : INFO : EventManager : Event: ======'machine_var_audits_shots_lower_slingshot'====== Args={'value': 34, 'prev_value': None, 'change': True}
2024-12-01 16:58:39,609 : INFO : EventManager : Event: ======'machine_var_audits_shots_main_1'====== Args={'value': 33, 'prev_value': None, 'change': True}
2024-12-01 16:58:39,609 : INFO : EventManager : Event: ======'machine_var_audits_shots_main_2'====== Args={'value': 35, 'prev_value': None, 'change': True}
2024-12-01 16:58:39,609 : INFO : EventManager : Event: ======'machine_var_audits_shots_main_3'====== Args={'value': 32, 'prev_value': None, 'change': True}
2024-12-01 16:58:39,610 : INFO : EventManager : Event: ======'machine_var_audits_shots_main_4'====== Args={'value': 55, 'prev_value': None, 'change': True}
2024-12-01 16:58:39,610 : INFO : EventManager : Event: ======'machine_var_audits_shots_main_5'====== Args={'value': 29, 'prev_value': None, 'change': True}
2024-12-01 16:58:39,610 : INFO : EventManager : Event: ======'machine_var_audits_shots_main_slingshot'====== Args={'value': 57, 'prev_value': None, 'change': True}
2024-12-01 16:58:39,610 : INFO : EventManager : Event: ======'machine_var_audits_shots_main_trough_1'====== Args={'value': 27, 'prev_value': None, 'change': True}
2024-12-01 16:58:39,610 : INFO : EventManager : Event: ======'machine_var_audits_shots_main_trough_2'====== Args={'value': 39, 'prev_value': None, 'change': True}
2024-12-01 16:58:39,610 : INFO : EventManager : Event: ======'machine_var_audits_shots_right_inlane'====== Args={'value': 83, 'prev_value': None, 'change': True}
2024-12-01 16:58:39,610 : INFO : EventManager : Event: ======'machine_var_audits_shots_right_kickout'====== Args={'value': 38, 'prev_value': None, 'change': True}
2024-12-01 16:58:39,610 : INFO : EventManager : Event: ======'machine_var_audits_shots_right_outlane'====== Args={'value': 47, 'prev_value': None, 'change': True}
2024-12-01 16:58:39,610 : INFO : EventManager : Event: ======'machine_var_audits_shots_rollunder'====== Args={'value': 117, 'prev_value': None, 'change': True}
2024-12-01 16:58:39,611 : INFO : EventManager : Event: ======'machine_var_audits_shots_secret_passage_trough'====== Args={'value': 12, 'prev_value': None, 'change': True}
2024-12-01 16:58:39,611 : INFO : EventManager : Event: ======'machine_var_audits_shots_standup_right'====== Args={'value': 103, 'prev_value': None, 'change': True}
2024-12-01 16:58:39,611 : INFO : EventManager : Event: ======'machine_var_audits_shots_trapdoor_trough'====== Args={'value': 13, 'prev_value': None, 'change': True}
2024-12-01 16:58:39,611 : INFO : EventManager : Event: ======'machine_var_audits_shots_upper_1'====== Args={'value': 109, 'prev_value': None, 'change': True}
2024-12-01 16:58:39,611 : INFO : EventManager : Event: ======'machine_var_audits_shots_upper_1_drop'====== Args={'value': 198, 'prev_value': None, 'change': True}
2024-12-01 16:58:39,611 : INFO : EventManager : Event: ======'machine_var_audits_shots_upper_2'====== Args={'value': 94, 'prev_value': None, 'change': True}
2024-12-01 16:58:39,611 : INFO : EventManager : Event: ======'machine_var_audits_shots_upper_2_drop'====== Args={'value': 85, 'prev_value': None, 'change': True}
2024-12-01 16:58:39,611 : INFO : EventManager : Event: ======'machine_var_audits_shots_upper_3'====== Args={'value': 49, 'prev_value': None, 'change': True}
2024-12-01 16:58:39,612 : INFO : EventManager : Event: ======'machine_var_audits_shots_upper_3_drop'====== Args={'value': 116, 'prev_value': None, 'change': True}
2024-12-01 16:58:39,612 : INFO : EventManager : Event: ======'machine_var_audits_shots_upper_4'====== Args={'value': 46, 'prev_value': None, 'change': True}
2024-12-01 16:58:39,612 : INFO : EventManager : Event: ======'machine_var_audits_shots_upper_4_drop'====== Args={'value': 192, 'prev_value': None, 'change': True}
2024-12-01 16:58:39,612 : INFO : EventManager : Event: ======'machine_var_audits_shots_upper_left_pop'====== Args={'value': 120, 'prev_value': None, 'change': True}
2024-12-01 16:58:39,612 : INFO : EventManager : Event: ======'machine_var_audits_shots_upper_pop'====== Args={'value': 676, 'prev_value': None, 'change': True}
2024-12-01 16:58:39,612 : INFO : EventManager : Event: ======'machine_var_audits_switches_s_left_flipper1'====== Args={'value': 549, 'prev_value': None, 'change': True}
2024-12-01 16:58:39,612 : INFO : EventManager : Event: ======'machine_var_audits_switches_s_left_flipper2'====== Args={'value': 573, 'prev_value': None, 'change': True}
2024-12-01 16:58:39,612 : INFO : EventManager : Event: ======'machine_var_audits_switches_s_lower_10pt_UPPER'====== Args={'value': 0, 'prev_value': None, 'change': True}
2024-12-01 16:58:39,613 : INFO : EventManager : Event: ======'machine_var_audits_switches_s_lower_10pt_drops'====== Args={'value': 57, 'prev_value': None, 'change': True}
2024-12-01 16:58:39,613 : INFO : EventManager : Event: ======'machine_var_audits_switches_s_lower_10pt_lower'====== Args={'value': 21, 'prev_value': None, 'change': True}
2024-12-01 16:58:39,613 : INFO : EventManager : Event: ======'machine_var_audits_switches_s_lower_10pt_upper'====== Args={'value': 20, 'prev_value': None, 'change': True}
2024-12-01 16:58:39,613 : INFO : EventManager : Event: ======'machine_var_audits_switches_s_lower_1_drop'====== Args={'value': 407, 'prev_value': None, 'change': True}
2024-12-01 16:58:39,613 : INFO : EventManager : Event: ======'machine_var_audits_switches_s_lower_2_drop'====== Args={'value': 18, 'prev_value': None, 'change': True}
2024-12-01 16:58:39,613 : INFO : EventManager : Event: ======'machine_var_audits_switches_s_lower_3_drop'====== Args={'value': 20, 'prev_value': None, 'change': True}
2024-12-01 16:58:39,613 : INFO : EventManager : Event: ======'machine_var_audits_switches_s_lower_4_drop'====== Args={'value': 25, 'prev_value': None, 'change': True}
2024-12-01 16:58:39,614 : INFO : EventManager : Event: ======'machine_var_audits_switches_s_lower_5_drop'====== Args={'value': 27, 'prev_value': None, 'change': True}
2024-12-01 16:58:39,614 : INFO : EventManager : Event: ======'machine_var_audits_switches_s_lower_bonus_left'====== Args={'value': 21, 'prev_value': None, 'change': True}
2024-12-01 16:58:39,614 : INFO : EventManager : Event: ======'machine_var_audits_switches_s_lower_bonus_right'====== Args={'value': 8, 'prev_value': None, 'change': True}
2024-12-01 16:58:39,614 : INFO : EventManager : Event: ======'machine_var_audits_switches_s_lower_kick_target'====== Args={'value': 6, 'prev_value': None, 'change': True}
2024-12-01 16:58:39,614 : INFO : EventManager : Event: ======'machine_var_audits_switches_s_lower_kickout_special'====== Args={'value': 43, 'prev_value': None, 'change': True}
2024-12-01 16:58:39,614 : INFO : EventManager : Event: ======'machine_var_audits_switches_s_lower_pop'====== Args={'value': 60, 'prev_value': None, 'change': True}
2024-12-01 16:58:39,614 : INFO : EventManager : Event: ======'machine_var_audits_switches_s_lower_rollover'====== Args={'value': 64, 'prev_value': None, 'change': True}
2024-12-01 16:58:39,615 : INFO : EventManager : Event: ======'machine_var_audits_switches_s_lower_slingshot'====== Args={'value': 34, 'prev_value': None, 'change': True}
2024-12-01 16:58:39,615 : INFO : EventManager : Event: ======'machine_var_audits_switches_s_lower_vuk'====== Args={'value': 264, 'prev_value': None, 'change': True}
2024-12-01 16:58:39,615 : INFO : EventManager : Event: ======'machine_var_audits_switches_s_main_10pt_left'====== Args={'value': 37, 'prev_value': None, 'change': True}
2024-12-01 16:58:39,615 : INFO : EventManager : Event: ======'machine_var_audits_switches_s_main_1_target'====== Args={'value': 60, 'prev_value': None, 'change': True}
2024-12-01 16:58:39,615 : INFO : EventManager : Event: ======'machine_var_audits_switches_s_main_1_trough'====== Args={'value': 60, 'prev_value': None, 'change': True}
2024-12-01 16:58:39,615 : INFO : EventManager : Event: ======'machine_var_audits_switches_s_main_2_target'====== Args={'value': 58, 'prev_value': None, 'change': True}
2024-12-01 16:58:39,616 : INFO : EventManager : Event: ======'machine_var_audits_switches_s_main_2_trough'====== Args={'value': 103, 'prev_value': None, 'change': True}
2024-12-01 16:58:39,616 : INFO : EventManager : Event: ======'machine_var_audits_switches_s_main_3_target'====== Args={'value': 32, 'prev_value': None, 'change': True}
2024-12-01 16:58:39,616 : INFO : EventManager : Event: ======'machine_var_audits_switches_s_main_4_target'====== Args={'value': 71, 'prev_value': None, 'change': True}
2024-12-01 16:58:39,616 : INFO : EventManager : Event: ======'machine_var_audits_switches_s_main_5_target'====== Args={'value': 63, 'prev_value': None, 'change': True}
2024-12-01 16:58:39,616 : INFO : EventManager : Event: ======'machine_var_audits_switches_s_main_inlane_left'====== Args={'value': 37, 'prev_value': None, 'change': True}
2024-12-01 16:58:39,616 : INFO : EventManager : Event: ======'machine_var_audits_switches_s_main_inlane_right'====== Args={'value': 88, 'prev_value': None, 'change': True}
2024-12-01 16:58:39,617 : INFO : EventManager : Event: ======'machine_var_audits_switches_s_main_kickout_right'====== Args={'value': 136, 'prev_value': None, 'change': True}
2024-12-01 16:58:39,617 : INFO : EventManager : Event: ======'machine_var_audits_switches_s_main_lane_center'====== Args={'value': 143, 'prev_value': None, 'change': True}
2024-12-01 16:58:39,617 : INFO : EventManager : Event: ======'machine_var_audits_switches_s_main_outhole'====== Args={'value': 657, 'prev_value': None, 'change': True}
2024-12-01 16:58:39,617 : INFO : EventManager : Event: ======'machine_var_audits_switches_s_main_outlane_left'====== Args={'value': 22, 'prev_value': None, 'change': True}
2024-12-01 16:58:39,617 : INFO : EventManager : Event: ======'machine_var_audits_switches_s_main_outlane_right'====== Args={'value': 48, 'prev_value': None, 'change': True}
2024-12-01 16:58:39,617 : INFO : EventManager : Event: ======'machine_var_audits_switches_s_main_pop_bottom'====== Args={'value': 268, 'prev_value': None, 'change': True}
2024-12-01 16:58:39,617 : INFO : EventManager : Event: ======'machine_var_audits_switches_s_main_pop_top'====== Args={'value': 185, 'prev_value': None, 'change': True}
2024-12-01 16:58:39,618 : INFO : EventManager : Event: ======'machine_var_audits_switches_s_main_rollunder'====== Args={'value': 117, 'prev_value': None, 'change': True}
2024-12-01 16:58:39,618 : INFO : EventManager : Event: ======'machine_var_audits_switches_s_main_roundabout_rollunder'====== Args={'value': 52, 'prev_value': None, 'change': True}
2024-12-01 16:58:39,618 : INFO : EventManager : Event: ======'machine_var_audits_switches_s_main_secret_trough'====== Args={'value': 42, 'prev_value': None, 'change': True}
2024-12-01 16:58:39,618 : INFO : EventManager : Event: ======'machine_var_audits_switches_s_main_slingshot'====== Args={'value': 252, 'prev_value': None, 'change': True}
2024-12-01 16:58:39,618 : INFO : EventManager : Event: ======'machine_var_audits_switches_s_main_target_right'====== Args={'value': 156, 'prev_value': None, 'change': True}
2024-12-01 16:58:39,619 : INFO : EventManager : Event: ======'machine_var_audits_switches_s_main_trapdoor_trough'====== Args={'value': 13, 'prev_value': None, 'change': True}
2024-12-01 16:58:39,619 : INFO : EventManager : Event: ======'machine_var_audits_switches_s_main_vuk'====== Args={'value': 293, 'prev_value': None, 'change': True}
2024-12-01 16:58:39,619 : INFO : EventManager : Event: ======'machine_var_audits_switches_s_right_flipper1'====== Args={'value': 476, 'prev_value': None, 'change': True}
2024-12-01 16:58:39,619 : INFO : EventManager : Event: ======'machine_var_audits_switches_s_right_flipper2'====== Args={'value': 486, 'prev_value': None, 'change': True}
2024-12-01 16:58:39,619 : INFO : EventManager : Event: ======'machine_var_audits_switches_s_start'====== Args={'value': 7, 'prev_value': None, 'change': True}
2024-12-01 16:58:39,619 : INFO : EventManager : Event: ======'machine_var_audits_switches_s_upper_10pt_center'====== Args={'value': 201, 'prev_value': None, 'change': True}
2024-12-01 16:58:39,620 : INFO : EventManager : Event: ======'machine_var_audits_switches_s_upper_10pt_left'====== Args={'value': 127, 'prev_value': None, 'change': True}
2024-12-01 16:58:39,620 : INFO : EventManager : Event: ======'machine_var_audits_switches_s_upper_1_drop'====== Args={'value': 208, 'prev_value': None, 'change': True}
2024-12-01 16:58:39,620 : INFO : EventManager : Event: ======'machine_var_audits_switches_s_upper_1_target'====== Args={'value': 171, 'prev_value': None, 'change': True}
2024-12-01 16:58:39,620 : INFO : EventManager : Event: ======'machine_var_audits_switches_s_upper_2_drop'====== Args={'value': 103, 'prev_value': None, 'change': True}
2024-12-01 16:58:39,620 : INFO : EventManager : Event: ======'machine_var_audits_switches_s_upper_2_target'====== Args={'value': 180, 'prev_value': None, 'change': True}
2024-12-01 16:58:39,621 : INFO : EventManager : Event: ======'machine_var_audits_switches_s_upper_3_drop'====== Args={'value': 129, 'prev_value': None, 'change': True}
2024-12-01 16:58:39,621 : INFO : EventManager : Event: ======'machine_var_audits_switches_s_upper_3_target'====== Args={'value': 86, 'prev_value': None, 'change': True}
2024-12-01 16:58:39,621 : INFO : EventManager : Event: ======'machine_var_audits_switches_s_upper_4_drop'====== Args={'value': 212, 'prev_value': None, 'change': True}
2024-12-01 16:58:39,621 : INFO : EventManager : Event: ======'machine_var_audits_switches_s_upper_4_target'====== Args={'value': 84, 'prev_value': None, 'change': True}
2024-12-01 16:58:39,621 : INFO : EventManager : Event: ======'machine_var_audits_switches_s_upper_pop'====== Args={'value': 909, 'prev_value': None, 'change': True}
2024-12-01 16:58:39,622 : INFO : EventManager : Event: ======'init_phase_5'====== Args={}
2024-12-01 16:58:39,626 : INFO : EventManager : Event: ======'init_done'====== Args={}
2024-12-01 16:58:39,626 : INFO : EventManager : Event: ======'machine_reset_phase_1'====== Args={}
2024-12-01 16:58:39,636 : INFO : EventManager : Event: ======'machine_reset_phase_2'====== Args={}
2024-12-01 16:58:39,637 : INFO : EventManager : Event: ======'machine_reset_phase_3'====== Args={}
2024-12-01 16:58:39,637 : INFO : drop_target_bank.upper : All targets are already up. Will not reset bank.
2024-12-01 16:58:39,637 : INFO : drop_target_bank.lower : All targets are already up. Will not reset bank.
2024-12-01 16:58:39,637 : INFO : EventManager : Event: ======'diverter_trapdoor_diverter_deactivating'====== Args={}
2024-12-01 16:58:39,637 : INFO : coil.c_main_trapdoor : Disabling Driver
2024-12-01 16:58:39,637 : INFO : coil.c_main_trapdoor_hold : Disabling Driver
2024-12-01 16:58:39,637 : INFO : EventManager : Event: ======'reset_complete'====== Args={}
2024-12-01 16:58:39,637 : INFO : EventManager : Event: ======'mode_attract_will_start'====== Args={}
2024-12-01 16:58:39,638 : INFO : EventManager : Event: ======'mode_attract_starting'====== Args={}
2024-12-01 16:58:39,638 : INFO : Mode.attract : Started. Priority: 10
2024-12-01 16:58:39,638 : INFO : EventManager : Event: ======'modes_active_modes_changed'====== Args={}
2024-12-01 16:58:39,638 : INFO : EventManager : Event: ======'mode_attract_started'====== Args={}
2024-12-01 16:58:39,638 : INFO : EventManager : Event: ======'collecting_balls_complete'====== Args={}
2024-12-01 16:58:39,638 : INFO : Machine : Starting the main run loop with active modes: [<Mode.attract>]
2024-12-01 16:58:39,696 : INFO : EventManager : Event: ======'slide_attract_scroll_created'====== Args={'_from_bcp': True}
2024-12-01 16:58:39,697 : INFO : EventManager : Event: ======'slide__removed'====== Args={'_from_bcp': True}
2024-12-01 16:58:39,697 : INFO : EventManager : Event: ======'slide_attract_scroll_active'====== Args={'original_context': 'attract', 'original_calling_context': 'mode_attract_started', 'priority': 10.0, 'cmd': 'slides_play', '_from_bcp': True}
2024-12-01 16:58:40,010 : INFO : BcpServer : New client connected.
2024-12-01 16:58:43,498 : INFO : SwitchController : <<<<<<< 's_main_outhole' active >>>>>>>
2024-12-01 16:58:43,999 : INFO : EventManager : Event: ======'balldevice_bd_drain_ball_count_changed'====== Args={'balls': 1}
2024-12-01 16:58:43,999 : INFO : ball_device.bd_drain : Received unexpected ball
2024-12-01 16:58:43,999 : INFO : EventManager : Event: ======'balldevice_captured_from_playfield'====== Args={'balls': 1}
2024-12-01 16:58:44,000 : INFO : EventManager : Event: ======'sw_playfield_active'====== Args={'balls': 1}
2024-12-01 16:58:44,000 : INFO : EventManager : Event: ======'playfield_active'====== Args={'source': None}
2024-12-01 16:58:44,001 : INFO : EventManager : Event: ======'unexpected_ball_on_playfield'====== Args={}
2024-12-01 16:58:44,001 : INFO : EventManager : Event: ======'playfield_ball_count_change'====== Args={'balls': -1, 'change': -1}
2024-12-01 16:58:44,001 : INFO : EventManager : Event: ======'balldevice_playfield_ball_enter'====== Args={'new_balls': 1, 'unclaimed_balls': 1, 'device': <playfield.playfield>}
2024-12-01 16:58:44,002 : INFO : EventManager : Event: ======'playfield_ball_count_change'====== Args={'balls': 0, 'change': 1}
2024-12-01 16:58:44,002 : INFO : BallController : Found a new ball which was captured from playfield. Known balls: 1
2024-12-01 16:58:44,002 : INFO : EventManager : Event: ======'found_new_ball'====== Args={}
2024-12-01 16:58:44,002 : INFO : EventManager : Event: ======'balldevice_bd_drain_ball_enter'====== Args={'new_balls': 1, 'unclaimed_balls': 1, 'new_available_balls': 1, 'device': <ball_device.bd_drain>}
2024-12-01 16:58:44,002 : INFO : EventManager : Event: ======'ball_drain'====== Args={'device': <ball_device.bd_drain>, 'balls': 1}
2024-12-01 16:58:44,003 : INFO : EventManager : Event: ======'balldevice_balls_available'====== Args={}
2024-12-01 16:58:44,003 : INFO : EventManager : Event: ======'balldevice_bd_drain_ball_entered'====== Args={'new_balls': 1, 'device': <ball_device.bd_drain>}
2024-12-01 16:58:44,581 : INFO : SwitchController : <<<<<<< 's_start' active >>>>>>>
2024-12-01 16:58:44,665 : INFO : SwitchController : <<<<<<< 's_start' inactive >>>>>>>
2024-12-01 16:58:44,665 : INFO : EventManager : Event: ======'request_to_start_game'====== Args={}
2024-12-01 16:58:44,665 : INFO : EventManager : Event: ======'game_start'====== Args={'buttons': [], 'hold_time': 0.08380873594433069}
2024-12-01 16:58:44,665 : INFO : EventManager : Event: ======'mode_game_will_start'====== Args={'buttons': [], 'hold_time': 0.08380873594433069}
2024-12-01 16:58:44,666 : INFO : EventManager : Event: ======'mode_game_starting'====== Args={'buttons': [], 'hold_time': 0.08380873594433069}
2024-12-01 16:58:44,666 : INFO : EventManager : Event: ======'mode_attract_will_stop'====== Args={}
2024-12-01 16:58:44,666 : INFO : EventManager : Event: ======'mode_attract_stopping'====== Args={}
2024-12-01 16:58:44,666 : INFO : Mode.attract : Stopped.
2024-12-01 16:58:44,666 : INFO : EventManager : Event: ======'modes_active_modes_changed'====== Args={}
2024-12-01 16:58:44,667 : INFO : EventManager : Event: ======'mode_attract_stopped'====== Args={}
2024-12-01 16:58:44,667 : INFO : EventManager : Event: ======'clear'====== Args={'key': 'attract'}
2024-12-01 16:58:44,667 : INFO : Mode.game : Started. Priority: 20
2024-12-01 16:58:44,667 : INFO : EventManager : Event: ======'modes_active_modes_changed'====== Args={}
2024-12-01 16:58:44,667 : INFO : EventManager : Event: ======'mode_game_started'====== Args={'buttons': [], 'hold_time': 0.08380873594433069}
2024-12-01 16:58:44,668 : INFO : EventManager : Event: ======'game_will_start'====== Args={}
2024-12-01 16:58:44,668 : INFO : EventManager : Event: ======'game_starting'====== Args={'game': <Mode.game>}
2024-12-01 16:58:44,669 : INFO : EventManager : Unordered handler for class <Auditor> on event game_ended with priority 1. Handlers: [RegisteredHandler(callback=<bound method Auditor.disable of <Auditor>>, priority=1, kwargs={}, key=UUID('fe2edb5f-c5e8-4658-b01b-f63c68aba316'), condition=None, blocking_facility=None), RegisteredHandler(callback=<bound method Auditor._save_audits of <Auditor>>, priority=1, kwargs={}, key=UUID('1dc0f7f3-51ed-4452-a396-19cf7ad37a74'), condition=None, blocking_facility=None)]. The order of those handlers is not defined and they will be executed in random order. This might lead to race conditions and potential bugs.
2024-12-01 16:58:44,669 : INFO : EventManager : Event: ======'player_add_request'====== Args={}
2024-12-01 16:58:44,669 : INFO : EventManager : Event: ======'player_will_add'====== Args={'number': 1}
2024-12-01 16:58:44,669 : INFO : EventManager : Event: ======'player_adding'====== Args={'player': <Player 1>, 'number': 1}
2024-12-01 16:58:44,669 : INFO : EventManager : Event: ======'player_added'====== Args={'player': <Player 1>, 'num': 1}
2024-12-01 16:58:44,669 : INFO : Mode.game : Player added successfully. Total players: 1
2024-12-01 16:58:44,669 : INFO : EventManager : Event: ======'player_index'====== Args={'value': 0, 'prev_value': 0, 'change': 0, 'player_num': 1}
2024-12-01 16:58:44,670 : INFO : EventManager : Event: ======'player_number'====== Args={'value': 1, 'prev_value': 1, 'change': 0, 'player_num': 1}
2024-12-01 16:58:44,670 : INFO : EventManager : Event: ======'player_bonus_upper_playfield'====== Args={'value': 0, 'prev_value': 0, 'change': 0, 'player_num': 1}
2024-12-01 16:58:44,670 : INFO : EventManager : Event: ======'player_bonus_lower_playfield'====== Args={'value': 0, 'prev_value': 0, 'change': 0, 'player_num': 1}
2024-12-01 16:58:44,670 : INFO : EventManager : Event: ======'player_bonus_main_playfield'====== Args={'value': 0, 'prev_value': 0, 'change': 0, 'player_num': 1}
2024-12-01 16:58:44,670 : INFO : EventManager : Event: ======'player_attic_double_score'====== Args={'value': 0, 'prev_value': 0, 'change': 0, 'player_num': 1}
2024-12-01 16:58:44,671 : INFO : EventManager : Event: ======'player_main_double_score'====== Args={'value': 0, 'prev_value': 0, 'change': 0, 'player_num': 1}
2024-12-01 16:58:44,671 : INFO : EventManager : Event: ======'player_lower_double_score'====== Args={'value': 0, 'prev_value': 0, 'change': 0, 'player_num': 1}
2024-12-01 16:58:44,671 : INFO : EventManager : Event: ======'player_base_bonus'====== Args={'value': 0, 'prev_value': 0, 'change': 0, 'player_num': 1}
2024-12-01 16:58:44,671 : INFO : EventManager : Event: ======'player_bonus_multiplier'====== Args={'value': 1, 'prev_value': 1, 'change': 0, 'player_num': 1}
2024-12-01 16:58:44,671 : INFO : EventManager : Event: ======'player_score'====== Args={'value': 0, 'prev_value': 0, 'change': 0, 'player_num': 1}
2024-12-01 16:58:44,674 : INFO : EventManager : Event: ======'game_started'====== Args={}
2024-12-01 16:58:44,675 : INFO : EventManager : Event: ======'player_turn_will_start'====== Args={'player': <Player 1>, 'number': 1}
2024-12-01 16:58:44,682 : INFO : EventManager : Event: ======'player_turn_starting'====== Args={'player': <Player 1>, 'number': 1}
2024-12-01 16:58:44,682 : INFO : EventManager : Event: ======'player_ball'====== Args={'value': 1, 'prev_value': 0, 'change': 1, 'player_num': 1}
2024-12-01 16:58:44,682 : INFO : EventManager : Event: ======'player_turn_started'====== Args={'player': <Player 1>, 'number': 1}
2024-12-01 16:58:44,683 : INFO : EventManager : Event: ======'ball_will_start'====== Args={'player': 1, 'ball': 1, 'balls_remaining': 2, 'is_extra_ball': False}
2024-12-01 16:58:44,683 : INFO : EventManager : Event: ======'ball_starting'====== Args={'player': 1, 'ball': 1, 'balls_remaining': 2, 'is_extra_ball': False}
2024-12-01 16:58:44,683 : INFO : EventManager : Event: ======'mode_base_will_start'====== Args={'queue': <QueuedEvent>, 'player': 1, 'ball': 1, 'balls_remaining': 2, 'is_extra_ball': False}
2024-12-01 16:58:44,684 : INFO : EventManager : Event: ======'player_shot_upper_pop_enabled'====== Args={'value': True, 'prev_value': 0, 'change': 1, 'player_num': 1}
2024-12-01 16:58:44,684 : INFO : EventManager : Event: ======'player_shot_lower_left_pop_enabled'====== Args={'value': True, 'prev_value': 0, 'change': 1, 'player_num': 1}
2024-12-01 16:58:44,684 : INFO : EventManager : Event: ======'player_shot_upper_left_pop_enabled'====== Args={'value': True, 'prev_value': 0, 'change': 1, 'player_num': 1}
2024-12-01 16:58:44,685 : INFO : EventManager : Event: ======'player_shot_10pt_enabled'====== Args={'value': True, 'prev_value': 0, 'change': 1, 'player_num': 1}
2024-12-01 16:58:44,685 : INFO : EventManager : Event: ======'player_shot_upper_1_enabled'====== Args={'value': True, 'prev_value': 0, 'change': 1, 'player_num': 1}
2024-12-01 16:58:44,685 : INFO : EventManager : Event: ======'player_shot_upper_2_enabled'====== Args={'value': True, 'prev_value': 0, 'change': 1, 'player_num': 1}
2024-12-01 16:58:44,686 : INFO : EventManager : Event: ======'player_shot_upper_3_enabled'====== Args={'value': True, 'prev_value': 0, 'change': 1, 'player_num': 1}
2024-12-01 16:58:44,686 : INFO : EventManager : Event: ======'player_shot_upper_4_enabled'====== Args={'value': True, 'prev_value': 0, 'change': 1, 'player_num': 1}
2024-12-01 16:58:44,686 : INFO : EventManager : Event: ======'player_shot_upper_1_drop_enabled'====== Args={'value': True, 'prev_value': 0, 'change': 1, 'player_num': 1}
2024-12-01 16:58:44,687 : INFO : EventManager : Event: ======'player_shot_upper_2_drop_enabled'====== Args={'value': True, 'prev_value': 0, 'change': 1, 'player_num': 1}
2024-12-01 16:58:44,687 : INFO : EventManager : Event: ======'player_shot_upper_3_drop_enabled'====== Args={'value': True, 'prev_value': 0, 'change': 1, 'player_num': 1}
2024-12-01 16:58:44,687 : INFO : EventManager : Event: ======'player_shot_upper_4_drop_enabled'====== Args={'value': True, 'prev_value': 0, 'change': 1, 'player_num': 1}
2024-12-01 16:58:44,687 : INFO : EventManager : Event: ======'player_shot_lower_1_drop_enabled'====== Args={'value': True, 'prev_value': 0, 'change': 1, 'player_num': 1}
2024-12-01 16:58:44,688 : INFO : EventManager : Event: ======'player_shot_lower_2_drop_enabled'====== Args={'value': True, 'prev_value': 0, 'change': 1, 'player_num': 1}
2024-12-01 16:58:44,688 : INFO : EventManager : Event: ======'player_shot_lower_3_drop_enabled'====== Args={'value': True, 'prev_value': 0, 'change': 1, 'player_num': 1}
2024-12-01 16:58:44,688 : INFO : EventManager : Event: ======'player_shot_lower_4_drop_enabled'====== Args={'value': True, 'prev_value': 0, 'change': 1, 'player_num': 1}
2024-12-01 16:58:44,688 : INFO : EventManager : Event: ======'player_shot_lower_5_drop_enabled'====== Args={'value': True, 'prev_value': 0, 'change': 1, 'player_num': 1}
2024-12-01 16:58:44,689 : INFO : EventManager : Event: ======'player_shot_lower_hole_enabled'====== Args={'value': True, 'prev_value': 0, 'change': 1, 'player_num': 1}
2024-12-01 16:58:44,689 : INFO : EventManager : Event: ======'player_shot_lower_left_enabled'====== Args={'value': True, 'prev_value': 0, 'change': 1, 'player_num': 1}
2024-12-01 16:58:44,689 : INFO : EventManager : Event: ======'player_shot_lower_right_enabled'====== Args={'value': True, 'prev_value': 0, 'change': 1, 'player_num': 1}
2024-12-01 16:58:44,690 : INFO : EventManager : Event: ======'player_shot_lower_pop_enabled'====== Args={'value': True, 'prev_value': 0, 'change': 1, 'player_num': 1}
2024-12-01 16:58:44,690 : INFO : EventManager : Event: ======'player_shot_lower_10pt_lower_enabled'====== Args={'value': True, 'prev_value': 0, 'change': 1, 'player_num': 1}
2024-12-01 16:58:44,690 : INFO : EventManager : Event: ======'player_shot_lower_10pt_drops_enabled'====== Args={'value': True, 'prev_value': 0, 'change': 1, 'player_num': 1}
2024-12-01 16:58:44,690 : INFO : EventManager : Event: ======'player_shot_lower_10pt_upper_enabled'====== Args={'value': True, 'prev_value': 0, 'change': 1, 'player_num': 1}
2024-12-01 16:58:44,691 : INFO : EventManager : Event: ======'player_shot_lower_slingshot_enabled'====== Args={'value': True, 'prev_value': 0, 'change': 1, 'player_num': 1}
2024-12-01 16:58:44,691 : INFO : EventManager : Event: ======'player_shot_lower_kick_target_enabled'====== Args={'value': True, 'prev_value': 0, 'change': 1, 'player_num': 1}
2024-12-01 16:58:44,691 : INFO : EventManager : Event: ======'player_shot_lower_rollover_enabled'====== Args={'value': True, 'prev_value': 0, 'change': 1, 'player_num': 1}
2024-12-01 16:58:44,691 : INFO : EventManager : Event: ======'player_shot_main_1_enabled'====== Args={'value': True, 'prev_value': 0, 'change': 1, 'player_num': 1}
2024-12-01 16:58:44,692 : INFO : EventManager : Event: ======'player_shot_main_2_enabled'====== Args={'value': True, 'prev_value': 0, 'change': 1, 'player_num': 1}
2024-12-01 16:58:44,692 : INFO : EventManager : Event: ======'player_shot_main_3_enabled'====== Args={'value': True, 'prev_value': 0, 'change': 1, 'player_num': 1}
2024-12-01 16:58:44,693 : INFO : EventManager : Event: ======'player_shot_main_4_enabled'====== Args={'value': True, 'prev_value': 0, 'change': 1, 'player_num': 1}
2024-12-01 16:58:44,693 : INFO : EventManager : Event: ======'player_shot_main_5_enabled'====== Args={'value': True, 'prev_value': 0, 'change': 1, 'player_num': 1}
2024-12-01 16:58:44,693 : INFO : EventManager : Event: ======'player_shot_main_slingshot_enabled'====== Args={'value': True, 'prev_value': 0, 'change': 1, 'player_num': 1}
2024-12-01 16:58:44,694 : INFO : EventManager : Event: ======'player_shot_right_outlane_enabled'====== Args={'value': True, 'prev_value': 0, 'change': 1, 'player_num': 1}
2024-12-01 16:58:44,694 : INFO : EventManager : Event: ======'player_shot_right_inlane_enabled'====== Args={'value': True, 'prev_value': 0, 'change': 1, 'player_num': 1}
2024-12-01 16:58:44,694 : INFO : EventManager : Event: ======'player_shot_left_inlane_enabled'====== Args={'value': True, 'prev_value': 0, 'change': 1, 'player_num': 1}
2024-12-01 16:58:44,695 : INFO : EventManager : Event: ======'player_shot_left_outlane_enabled'====== Args={'value': True, 'prev_value': 0, 'change': 1, 'player_num': 1}
2024-12-01 16:58:44,695 : INFO : EventManager : Event: ======'player_shot_standup_right_enabled'====== Args={'value': True, 'prev_value': 0, 'change': 1, 'player_num': 1}
2024-12-01 16:58:44,695 : INFO : EventManager : Event: ======'player_shot_right_kickout_enabled'====== Args={'value': True, 'prev_value': 0, 'change': 1, 'player_num': 1}
2024-12-01 16:58:44,695 : INFO : EventManager : Event: ======'player_shot_rollunder_enabled'====== Args={'value': True, 'prev_value': 0, 'change': 1, 'player_num': 1}
2024-12-01 16:58:44,696 : INFO : EventManager : Event: ======'player_shot_main_trough_1_enabled'====== Args={'value': True, 'prev_value': 0, 'change': 1, 'player_num': 1}
2024-12-01 16:58:44,696 : INFO : EventManager : Event: ======'player_shot_main_trough_2_enabled'====== Args={'value': True, 'prev_value': 0, 'change': 1, 'player_num': 1}
2024-12-01 16:58:44,696 : INFO : EventManager : Event: ======'player_shot_secret_passage_trough_enabled'====== Args={'value': True, 'prev_value': 0, 'change': 1, 'player_num': 1}
2024-12-01 16:58:44,696 : INFO : EventManager : Event: ======'player_shot_trapdoor_trough_enabled'====== Args={'value': True, 'prev_value': 0, 'change': 1, 'player_num': 1}
2024-12-01 16:58:44,697 : INFO : EventManager : Event: ======'player_shot_main_vuk_enabled'====== Args={'value': True, 'prev_value': 0, 'change': 1, 'player_num': 1}
2024-12-01 16:58:44,701 : INFO : EventManager : Event: ======'mode_base_starting'====== Args={'queue': <QueuedEvent>, 'player': 1, 'ball': 1, 'balls_remaining': 2, 'is_extra_ball': False}
2024-12-01 16:58:44,701 : INFO : drop_target_bank.upper : All targets are already up. Will not reset bank.
2024-12-01 16:58:44,701 : INFO : drop_target_bank.lower : All targets are already up. Will not reset bank.
2024-12-01 16:58:44,701 : INFO : EventManager : Event: ======'balls_in_play'====== Args={'balls': 1}
2024-12-01 16:58:44,702 : INFO : EventManager : Event: ======'ball_started'====== Args={'player': 1, 'ball': 1, 'balls_remaining': 2, 'is_extra_ball': False}
2024-12-01 16:58:44,704 : INFO : EventManager : Event: ======'diverter_trapdoor_diverter_enabling'====== Args={'auto': False}
2024-12-01 16:58:44,705 : INFO : EventManager : Event: ======'logicblock_attic_drop_counter_updated'====== Args={'value': 0, 'enabled': True}
2024-12-01 16:58:44,706 : INFO : EventManager : Event: ======'logicblock_attic_hits_updated'====== Args={'value': 0, 'enabled': True}
2024-12-01 16:58:44,706 : INFO : EventManager : Event: ======'logicblock_cellar_hits_updated'====== Args={'value': 0, 'enabled': True}
2024-12-01 16:58:44,706 : INFO : EventManager : Event: ======'logicblock_attic_drop_counter_updated'====== Args={'value': 0, 'enabled': True}
2024-12-01 16:58:44,706 : INFO : EventManager : Event: ======'logicblock_attic_hits_updated'====== Args={'value': 0, 'enabled': True}
2024-12-01 16:58:44,706 : INFO : EventManager : Event: ======'logicblock_cellar_hits_updated'====== Args={'value': 0, 'enabled': True}
2024-12-01 16:58:44,706 : INFO : Mode.base : Started. Priority: 100
2024-12-01 16:58:44,706 : INFO : EventManager : Event: ======'modes_active_modes_changed'====== Args={}
2024-12-01 16:58:44,706 : INFO : EventManager : Event: ======'mode_base_started'====== Args={'queue': <QueuedEvent>, 'player': 1, 'ball': 1, 'balls_remaining': 2, 'is_extra_ball': False}
2024-12-01 16:58:44,707 : INFO : EventManager : Event: ======'base_bonus_700'====== Args={'queue': <QueuedEvent>, 'player': 1, 'ball': 1, 'balls_remaining': 2, 'is_extra_ball': False}
2024-12-01 16:58:44,707 : INFO : EventManager : Event: ======'player_base_bonus'====== Args={'value': 700, 'prev_value': 0, 'change': 700, 'player_num': 1, 'source': 'base'}
2024-12-01 16:58:44,709 : INFO : EventManager : Event: ======'single_player_ball_started'====== Args={}
2024-12-01 16:58:44,710 : INFO : EventManager : Event: ======'ball_start_target'====== Args={'target': 'playfield'}
2024-12-01 16:58:44,710 : INFO : ball_device.bd_drain : Setting up player-controlled eject. Balls: 1, Target: <playfield.playfield>, player_controlled_eject_event: None
2024-12-01 16:58:44,710 : INFO : ball_device.bd_drain : Adding 1 ball(s) to the eject_queue with target <playfield.playfield>.
2024-12-01 16:58:44,710 : INFO : EventManager : Event: ======'balldevice_balls_available'====== Args={}
2024-12-01 16:58:44,711 : INFO : ball_device.bd_drain : State: waiting_for_target_ready
2024-12-01 16:58:44,711 : INFO : EventManager : Event: ======'balldevice_bd_drain_ball_eject_attempt'====== Args={'balls': 1, 'target': <playfield.playfield>, 'source': <ball_device.bd_drain>, 'mechanical_eject': False, 'num_attempts': 0}
2024-12-01 16:58:44,711 : INFO : ball_device.bd_drain : State: ejecting
2024-12-01 16:58:44,711 : INFO : ball_device.bd_drain : Ejecting ball to <playfield.playfield>
2024-12-01 16:58:44,711 : INFO : EventManager : Event: ======'balldevice_bd_drain_ejecting_ball'====== Args={'balls': 1, 'target': <playfield.playfield>, 'source': <ball_device.bd_drain>, 'mechanical_eject': False, 'num_attempts': 0}
2024-12-01 16:58:44,712 : INFO : ball_device.bd_drain : Wait for ball to leave device
2024-12-01 16:58:44,712 : INFO : coil.c_main_outhole : Pulsing Driver for 60ms (1.0 pulse_power)
2024-12-01 16:58:44,729 : INFO : EventManager : Event: ======'slide_base_created'====== Args={'_from_bcp': True}
2024-12-01 16:58:44,729 : INFO : EventManager : Event: ======'slide_attract_scroll_inactive'====== Args={'is_removing': True, '_from_bcp': True}
2024-12-01 16:58:44,730 : INFO : EventManager : Event: ======'slide_base_active'====== Args={'original_context': 'base', 'original_calling_context': 'mode_base_started', 'priority': 100.0, 'queue': '<QueuedEvent>', 'player': 1.0, 'ball': 1.0, 'balls_remaining': 2.0, 'is_extra_ball': False, 'cmd': 'slides_play', '_from_bcp': True}
2024-12-01 16:58:44,730 : INFO : EventManager : Event: ======'slide_attract_scroll_removed'====== Args={'_from_bcp': True}
2024-12-01 16:58:45,393 : INFO : SwitchController : <<<<<<< 's_main_outhole' inactive >>>>>>>
2024-12-01 16:58:45,394 : INFO : ball_device.bd_drain : State: ball_left
2024-12-01 16:58:45,394 : INFO : ball_device.bd_drain : Ball left
2024-12-01 16:58:45,394 : INFO : ball_device.bd_drain : Wait for confirm with timeout 10.0
2024-12-01 16:58:46,999 : INFO : SwitchController : <<<<<<< 's_upper_pop' active >>>>>>>
2024-12-01 16:58:46,999 : INFO : EventManager : Event: ======'playfield_active'====== Args={'source': 'upper_pop'}
2024-12-01 16:58:46,999 : INFO : EventManager : Event: ======'s_upper_pop_active'====== Args={}
2024-12-01 16:58:47,000 : INFO : EventManager : Event: ======'playfield_active'====== Args={'source': 'upper_pop'}
2024-12-01 16:58:47,000 : INFO : EventManager : Event: ======'machine_var_audits_switches_s_upper_pop'====== Args={'value': 910, 'prev_value': 909, 'change': 1}
2024-12-01 16:58:47,001 : INFO : EventManager : Event: ======'player_shot_upper_pop'====== Args={'value': 1, 'prev_value': 0, 'change': 1, 'player_num': 1}
2024-12-01 16:58:47,005 : INFO : EventManager : Event: ======'machine_var_audits_shots_upper_pop'====== Args={'value': 677, 'prev_value': 676, 'change': 1}
2024-12-01 16:58:47,006 : INFO : EventManager : Event: ======'upper_pop_hit'====== Args={'profile': 'pop_hit', 'state': 'unlit', 'advancing': True}
2024-12-01 16:58:47,006 : INFO : EventManager : Event: ======'upper_pop_pop_hit_hit'====== Args={'profile': 'pop_hit', 'state': 'unlit', 'advancing': True}
2024-12-01 16:58:47,006 : INFO : EventManager : Event: ======'upper_pop_pop_hit_unlit_hit'====== Args={'profile': 'pop_hit', 'state': 'unlit', 'advancing': True}
2024-12-01 16:58:47,006 : INFO : EventManager : Event: ======'upper_pop_unlit_hit'====== Args={'profile': 'pop_hit', 'state': 'unlit', 'advancing': True}
2024-12-01 16:58:47,006 : INFO : EventManager : Event: ======'player_score'====== Args={'value': 1000, 'prev_value': 0, 'change': 1000, 'player_num': 1, 'source': 'base'}
2024-12-01 16:58:47,006 : INFO : EventManager : Event: ======'logicblock_attic_hits_updated'====== Args={'value': 1, 'enabled': True}
2024-12-01 16:58:47,007 : INFO : EventManager : Event: ======'counter_attic_hits_hit'====== Args={'count': 1, 'hits': 1, 'remaining': 10}
2024-12-01 16:58:47,007 : INFO : EventManager : Event: ======'logicblock_attic_hits_hit'====== Args={'count': 1, 'hits': 1, 'remaining': 10}
2024-12-01 16:58:47,008 : INFO : ball_device.bd_drain : Got eject confirm
2024-12-01 16:58:47,008 : INFO : ball_device.bd_drain : Eject successful
2024-12-01 16:58:47,009 : INFO : EventManager : Event: ======'balldevice_bd_drain_ball_eject_success'====== Args={'balls': 1, 'target': <playfield.playfield>}
2024-12-01 16:58:47,009 : INFO : EventManager : Event: ======'balldevice_playfield_ball_enter'====== Args={'new_balls': 1, 'unclaimed_balls': 1, 'device': <playfield.playfield>}
2024-12-01 16:58:47,009 : INFO : EventManager : Event: ======'playfield_ball_count_change'====== Args={'balls': 1, 'change': 1}
2024-12-01 16:58:47,009 : INFO : EventManager : Event: ======'balldevice_bd_drain_ball_count_changed'====== Args={'balls': 0}
2024-12-01 16:58:47,009 : INFO : ball_device.bd_drain : State: idle
2024-12-01 16:58:47,098 : INFO : SwitchController : <<<<<<< 's_upper_pop' inactive >>>>>>>
2024-12-01 16:58:50,350 : INFO : SwitchController : <<<<<<< 's_upper_pop' active >>>>>>>
2024-12-01 16:58:50,350 : INFO : EventManager : Event: ======'s_upper_pop_active'====== Args={}
2024-12-01 16:58:50,350 : INFO : EventManager : Event: ======'machine_var_audits_switches_s_upper_pop'====== Args={'value': 911, 'prev_value': 910, 'change': 1}
2024-12-01 16:58:50,351 : INFO : EventManager : Event: ======'player_shot_upper_pop'====== Args={'value': 2, 'prev_value': 1, 'change': 1, 'player_num': 1}
2024-12-01 16:58:50,356 : INFO : EventManager : Event: ======'machine_var_audits_shots_upper_pop'====== Args={'value': 678, 'prev_value': 677, 'change': 1}
2024-12-01 16:58:50,356 : INFO : EventManager : Event: ======'upper_pop_hit'====== Args={'profile': 'pop_hit', 'state': 'flashing', 'advancing': True}
2024-12-01 16:58:50,357 : INFO : EventManager : Event: ======'upper_pop_pop_hit_hit'====== Args={'profile': 'pop_hit', 'state': 'flashing', 'advancing': True}
2024-12-01 16:58:50,357 : INFO : EventManager : Event: ======'upper_pop_pop_hit_flashing_hit'====== Args={'profile': 'pop_hit', 'state': 'flashing', 'advancing': True}
2024-12-01 16:58:50,357 : INFO : EventManager : Event: ======'upper_pop_flashing_hit'====== Args={'profile': 'pop_hit', 'state': 'flashing', 'advancing': True}
2024-12-01 16:58:50,358 : INFO : EventManager : Event: ======'player_score'====== Args={'value': 2000, 'prev_value': 1000, 'change': 1000, 'player_num': 1, 'source': 'base'}
2024-12-01 16:58:50,359 : INFO : EventManager : Event: ======'logicblock_attic_hits_updated'====== Args={'value': 2, 'enabled': True}
2024-12-01 16:58:50,359 : INFO : EventManager : Event: ======'counter_attic_hits_hit'====== Args={'count': 2, 'hits': 2, 'remaining': 9}
2024-12-01 16:58:50,359 : INFO : EventManager : Event: ======'logicblock_attic_hits_hit'====== Args={'count': 2, 'hits': 2, 'remaining': 9}
2024-12-01 16:58:50,437 : INFO : SwitchController : <<<<<<< 's_upper_pop' inactive >>>>>>>
2024-12-01 16:58:51,483 : INFO : SwitchController : <<<<<<< 's_upper_pop' active >>>>>>>
2024-12-01 16:58:51,483 : INFO : EventManager : Event: ======'s_upper_pop_active'====== Args={}
2024-12-01 16:58:51,483 : INFO : EventManager : Event: ======'machine_var_audits_switches_s_upper_pop'====== Args={'value': 912, 'prev_value': 911, 'change': 1}
2024-12-01 16:58:51,484 : INFO : EventManager : Event: ======'player_shot_upper_pop'====== Args={'value': 0, 'prev_value': 2, 'change': -2, 'player_num': 1}
2024-12-01 16:58:51,485 : INFO : EventManager : Event: ======'machine_var_audits_shots_upper_pop'====== Args={'value': 679, 'prev_value': 678, 'change': 1}
2024-12-01 16:58:51,485 : INFO : EventManager : Event: ======'upper_pop_hit'====== Args={'profile': 'pop_hit', 'state': 'lit', 'advancing': True}
2024-12-01 16:58:51,485 : INFO : EventManager : Event: ======'upper_pop_pop_hit_hit'====== Args={'profile': 'pop_hit', 'state': 'lit', 'advancing': True}
2024-12-01 16:58:51,485 : INFO : EventManager : Event: ======'upper_pop_pop_hit_lit_hit'====== Args={'profile': 'pop_hit', 'state': 'lit', 'advancing': True}
2024-12-01 16:58:51,486 : INFO : EventManager : Event: ======'upper_pop_lit_hit'====== Args={'profile': 'pop_hit', 'state': 'lit', 'advancing': True}
2024-12-01 16:58:51,487 : INFO : EventManager : Event: ======'player_score'====== Args={'value': 3000, 'prev_value': 2000, 'change': 1000, 'player_num': 1, 'source': 'base'}
2024-12-01 16:58:51,488 : INFO : EventManager : Event: ======'logicblock_attic_hits_updated'====== Args={'value': 3, 'enabled': True}
2024-12-01 16:58:51,488 : INFO : EventManager : Event: ======'counter_attic_hits_hit'====== Args={'count': 3, 'hits': 3, 'remaining': 8}
2024-12-01 16:58:51,488 : INFO : EventManager : Event: ======'logicblock_attic_hits_hit'====== Args={'count': 3, 'hits': 3, 'remaining': 8}
2024-12-01 16:58:51,552 : INFO : SwitchController : <<<<<<< 's_upper_pop' inactive >>>>>>>
2024-12-01 16:58:52,266 : INFO : SwitchController : <<<<<<< 's_upper_pop' active >>>>>>>
2024-12-01 16:58:52,266 : INFO : EventManager : Event: ======'s_upper_pop_active'====== Args={}
2024-12-01 16:58:52,266 : INFO : EventManager : Event: ======'machine_var_audits_switches_s_upper_pop'====== Args={'value': 913, 'prev_value': 912, 'change': 1}
2024-12-01 16:58:52,267 : INFO : EventManager : Event: ======'player_shot_upper_pop'====== Args={'value': 1, 'prev_value': 0, 'change': 1, 'player_num': 1}
2024-12-01 16:58:52,267 : INFO : EventManager : Event: ======'machine_var_audits_shots_upper_pop'====== Args={'value': 680, 'prev_value': 679, 'change': 1}
2024-12-01 16:58:52,268 : INFO : EventManager : Event: ======'upper_pop_hit'====== Args={'profile': 'pop_hit', 'state': 'unlit', 'advancing': True}
2024-12-01 16:58:52,268 : INFO : EventManager : Event: ======'upper_pop_pop_hit_hit'====== Args={'profile': 'pop_hit', 'state': 'unlit', 'advancing': True}
2024-12-01 16:58:52,268 : INFO : EventManager : Event: ======'upper_pop_pop_hit_unlit_hit'====== Args={'profile': 'pop_hit', 'state': 'unlit', 'advancing': True}
2024-12-01 16:58:52,268 : INFO : EventManager : Event: ======'upper_pop_unlit_hit'====== Args={'profile': 'pop_hit', 'state': 'unlit', 'advancing': True}
2024-12-01 16:58:52,270 : INFO : EventManager : Event: ======'player_score'====== Args={'value': 4000, 'prev_value': 3000, 'change': 1000, 'player_num': 1, 'source': 'base'}
2024-12-01 16:58:52,270 : INFO : EventManager : Event: ======'logicblock_attic_hits_updated'====== Args={'value': 4, 'enabled': True}
2024-12-01 16:58:52,270 : INFO : EventManager : Event: ======'counter_attic_hits_hit'====== Args={'count': 4, 'hits': 4, 'remaining': 7}
2024-12-01 16:58:52,270 : INFO : EventManager : Event: ======'logicblock_attic_hits_hit'====== Args={'count': 4, 'hits': 4, 'remaining': 7}
2024-12-01 16:58:52,345 : INFO : SwitchController : <<<<<<< 's_upper_pop' inactive >>>>>>>
2024-12-01 16:58:53,233 : INFO : SwitchController : <<<<<<< 's_upper_pop' active >>>>>>>
2024-12-01 16:58:53,233 : INFO : EventManager : Event: ======'s_upper_pop_active'====== Args={}
2024-12-01 16:58:53,234 : INFO : EventManager : Event: ======'machine_var_audits_switches_s_upper_pop'====== Args={'value': 914, 'prev_value': 913, 'change': 1}
2024-12-01 16:58:53,234 : INFO : EventManager : Event: ======'player_shot_upper_pop'====== Args={'value': 2, 'prev_value': 1, 'change': 1, 'player_num': 1}
2024-12-01 16:58:53,235 : INFO : EventManager : Event: ======'machine_var_audits_shots_upper_pop'====== Args={'value': 681, 'prev_value': 680, 'change': 1}
2024-12-01 16:58:53,235 : INFO : EventManager : Event: ======'upper_pop_hit'====== Args={'profile': 'pop_hit', 'state': 'flashing', 'advancing': True}
2024-12-01 16:58:53,235 : INFO : EventManager : Event: ======'upper_pop_pop_hit_hit'====== Args={'profile': 'pop_hit', 'state': 'flashing', 'advancing': True}
2024-12-01 16:58:53,235 : INFO : EventManager : Event: ======'upper_pop_pop_hit_flashing_hit'====== Args={'profile': 'pop_hit', 'state': 'flashing', 'advancing': True}
2024-12-01 16:58:53,236 : INFO : EventManager : Event: ======'upper_pop_flashing_hit'====== Args={'profile': 'pop_hit', 'state': 'flashing', 'advancing': True}
2024-12-01 16:58:53,237 : INFO : EventManager : Event: ======'player_score'====== Args={'value': 5000, 'prev_value': 4000, 'change': 1000, 'player_num': 1, 'source': 'base'}
2024-12-01 16:58:53,238 : INFO : EventManager : Event: ======'logicblock_attic_hits_updated'====== Args={'value': 5, 'enabled': True}
2024-12-01 16:58:53,238 : INFO : EventManager : Event: ======'counter_attic_hits_hit'====== Args={'count': 5, 'hits': 5, 'remaining': 6}
2024-12-01 16:58:53,238 : INFO : EventManager : Event: ======'logicblock_attic_hits_hit'====== Args={'count': 5, 'hits': 5, 'remaining': 6}
2024-12-01 16:58:53,351 : INFO : SwitchController : <<<<<<< 's_upper_pop' inactive >>>>>>>
2024-12-01 16:58:54,000 : INFO : SwitchController : <<<<<<< 's_upper_pop' active >>>>>>>
2024-12-01 16:58:54,000 : INFO : EventManager : Event: ======'s_upper_pop_active'====== Args={}
2024-12-01 16:58:54,000 : INFO : EventManager : Event: ======'machine_var_audits_switches_s_upper_pop'====== Args={'value': 915, 'prev_value': 914, 'change': 1}
2024-12-01 16:58:54,001 : INFO : EventManager : Event: ======'player_shot_upper_pop'====== Args={'value': 0, 'prev_value': 2, 'change': -2, 'player_num': 1}
2024-12-01 16:58:54,001 : INFO : EventManager : Event: ======'machine_var_audits_shots_upper_pop'====== Args={'value': 682, 'prev_value': 681, 'change': 1}
2024-12-01 16:58:54,002 : INFO : EventManager : Event: ======'upper_pop_hit'====== Args={'profile': 'pop_hit', 'state': 'lit', 'advancing': True}
2024-12-01 16:58:54,002 : INFO : EventManager : Event: ======'upper_pop_pop_hit_hit'====== Args={'profile': 'pop_hit', 'state': 'lit', 'advancing': True}
2024-12-01 16:58:54,002 : INFO : EventManager : Event: ======'upper_pop_pop_hit_lit_hit'====== Args={'profile': 'pop_hit', 'state': 'lit', 'advancing': True}
2024-12-01 16:58:54,002 : INFO : EventManager : Event: ======'upper_pop_lit_hit'====== Args={'profile': 'pop_hit', 'state': 'lit', 'advancing': True}
2024-12-01 16:58:54,004 : INFO : EventManager : Event: ======'player_score'====== Args={'value': 6000, 'prev_value': 5000, 'change': 1000, 'player_num': 1, 'source': 'base'}
2024-12-01 16:58:54,004 : INFO : EventManager : Event: ======'logicblock_attic_hits_updated'====== Args={'value': 6, 'enabled': True}
2024-12-01 16:58:54,004 : INFO : EventManager : Event: ======'counter_attic_hits_hit'====== Args={'count': 6, 'hits': 6, 'remaining': 5}
2024-12-01 16:58:54,004 : INFO : EventManager : Event: ======'logicblock_attic_hits_hit'====== Args={'count': 6, 'hits': 6, 'remaining': 5}
2024-12-01 16:58:54,100 : INFO : SwitchController : <<<<<<< 's_upper_pop' inactive >>>>>>>
2024-12-01 16:58:54,750 : INFO : SwitchController : <<<<<<< 's_upper_pop' active >>>>>>>
2024-12-01 16:58:54,750 : INFO : EventManager : Event: ======'s_upper_pop_active'====== Args={}
2024-12-01 16:58:54,750 : INFO : EventManager : Event: ======'machine_var_audits_switches_s_upper_pop'====== Args={'value': 916, 'prev_value': 915, 'change': 1}
2024-12-01 16:58:54,751 : INFO : EventManager : Event: ======'player_shot_upper_pop'====== Args={'value': 1, 'prev_value': 0, 'change': 1, 'player_num': 1}
2024-12-01 16:58:54,751 : INFO : EventManager : Event: ======'machine_var_audits_shots_upper_pop'====== Args={'value': 683, 'prev_value': 682, 'change': 1}
2024-12-01 16:58:54,752 : INFO : EventManager : Event: ======'upper_pop_hit'====== Args={'profile': 'pop_hit', 'state': 'unlit', 'advancing': True}
2024-12-01 16:58:54,752 : INFO : EventManager : Event: ======'upper_pop_pop_hit_hit'====== Args={'profile': 'pop_hit', 'state': 'unlit', 'advancing': True}
2024-12-01 16:58:54,752 : INFO : EventManager : Event: ======'upper_pop_pop_hit_unlit_hit'====== Args={'profile': 'pop_hit', 'state': 'unlit', 'advancing': True}
2024-12-01 16:58:54,752 : INFO : EventManager : Event: ======'upper_pop_unlit_hit'====== Args={'profile': 'pop_hit', 'state': 'unlit', 'advancing': True}
2024-12-01 16:58:54,754 : INFO : EventManager : Event: ======'player_score'====== Args={'value': 7000, 'prev_value': 6000, 'change': 1000, 'player_num': 1, 'source': 'base'}
2024-12-01 16:58:54,754 : INFO : EventManager : Event: ======'logicblock_attic_hits_updated'====== Args={'value': 7, 'enabled': True}
2024-12-01 16:58:54,754 : INFO : EventManager : Event: ======'counter_attic_hits_hit'====== Args={'count': 7, 'hits': 7, 'remaining': 4}
2024-12-01 16:58:54,754 : INFO : EventManager : Event: ======'logicblock_attic_hits_hit'====== Args={'count': 7, 'hits': 7, 'remaining': 4}
2024-12-01 16:58:54,828 : INFO : SwitchController : <<<<<<< 's_upper_pop' inactive >>>>>>>
2024-12-01 16:58:55,768 : INFO : SwitchController : <<<<<<< 's_upper_pop' active >>>>>>>
2024-12-01 16:58:55,768 : INFO : EventManager : Event: ======'s_upper_pop_active'====== Args={}
2024-12-01 16:58:55,768 : INFO : EventManager : Event: ======'machine_var_audits_switches_s_upper_pop'====== Args={'value': 917, 'prev_value': 916, 'change': 1}
2024-12-01 16:58:55,769 : INFO : EventManager : Event: ======'player_shot_upper_pop'====== Args={'value': 2, 'prev_value': 1, 'change': 1, 'player_num': 1}
2024-12-01 16:58:55,769 : INFO : EventManager : Event: ======'machine_var_audits_shots_upper_pop'====== Args={'value': 684, 'prev_value': 683, 'change': 1}
2024-12-01 16:58:55,770 : INFO : EventManager : Event: ======'upper_pop_hit'====== Args={'profile': 'pop_hit', 'state': 'flashing', 'advancing': True}
2024-12-01 16:58:55,770 : INFO : EventManager : Event: ======'upper_pop_pop_hit_hit'====== Args={'profile': 'pop_hit', 'state': 'flashing', 'advancing': True}
2024-12-01 16:58:55,770 : INFO : EventManager : Event: ======'upper_pop_pop_hit_flashing_hit'====== Args={'profile': 'pop_hit', 'state': 'flashing', 'advancing': True}
2024-12-01 16:58:55,770 : INFO : EventManager : Event: ======'upper_pop_flashing_hit'====== Args={'profile': 'pop_hit', 'state': 'flashing', 'advancing': True}
2024-12-01 16:58:55,772 : INFO : EventManager : Event: ======'player_score'====== Args={'value': 8000, 'prev_value': 7000, 'change': 1000, 'player_num': 1, 'source': 'base'}
2024-12-01 16:58:55,772 : INFO : EventManager : Event: ======'logicblock_attic_hits_updated'====== Args={'value': 8, 'enabled': True}
2024-12-01 16:58:55,772 : INFO : EventManager : Event: ======'counter_attic_hits_hit'====== Args={'count': 8, 'hits': 8, 'remaining': 3}
2024-12-01 16:58:55,773 : INFO : EventManager : Event: ======'logicblock_attic_hits_hit'====== Args={'count': 8, 'hits': 8, 'remaining': 3}
2024-12-01 16:58:55,851 : INFO : SwitchController : <<<<<<< 's_upper_pop' inactive >>>>>>>
2024-12-01 16:58:56,601 : INFO : SwitchController : <<<<<<< 's_upper_pop' active >>>>>>>
2024-12-01 16:58:56,601 : INFO : EventManager : Event: ======'s_upper_pop_active'====== Args={}
2024-12-01 16:58:56,602 : INFO : EventManager : Event: ======'machine_var_audits_switches_s_upper_pop'====== Args={'value': 918, 'prev_value': 917, 'change': 1}
2024-12-01 16:58:56,602 : INFO : EventManager : Event: ======'player_shot_upper_pop'====== Args={'value': 0, 'prev_value': 2, 'change': -2, 'player_num': 1}
2024-12-01 16:58:56,603 : INFO : EventManager : Event: ======'machine_var_audits_shots_upper_pop'====== Args={'value': 685, 'prev_value': 684, 'change': 1}
2024-12-01 16:58:56,603 : INFO : EventManager : Event: ======'upper_pop_hit'====== Args={'profile': 'pop_hit', 'state': 'lit', 'advancing': True}
2024-12-01 16:58:56,604 : INFO : EventManager : Event: ======'upper_pop_pop_hit_hit'====== Args={'profile': 'pop_hit', 'state': 'lit', 'advancing': True}
2024-12-01 16:58:56,604 : INFO : EventManager : Event: ======'upper_pop_pop_hit_lit_hit'====== Args={'profile': 'pop_hit', 'state': 'lit', 'advancing': True}
2024-12-01 16:58:56,604 : INFO : EventManager : Event: ======'upper_pop_lit_hit'====== Args={'profile': 'pop_hit', 'state': 'lit', 'advancing': True}
2024-12-01 16:58:56,606 : INFO : EventManager : Event: ======'player_score'====== Args={'value': 9000, 'prev_value': 8000, 'change': 1000, 'player_num': 1, 'source': 'base'}
2024-12-01 16:58:56,606 : INFO : EventManager : Event: ======'logicblock_attic_hits_updated'====== Args={'value': 9, 'enabled': True}
2024-12-01 16:58:56,606 : INFO : EventManager : Event: ======'counter_attic_hits_hit'====== Args={'count': 9, 'hits': 9, 'remaining': 2}
2024-12-01 16:58:56,606 : INFO : EventManager : Event: ======'logicblock_attic_hits_hit'====== Args={'count': 9, 'hits': 9, 'remaining': 2}
2024-12-01 16:58:56,677 : INFO : SwitchController : <<<<<<< 's_upper_pop' inactive >>>>>>>
2024-12-01 16:59:03,085 : INFO : SwitchController : <<<<<<< 's_main_4_target' active >>>>>>>
2024-12-01 16:59:03,086 : INFO : EventManager : Event: ======'s_main_4_target_active'====== Args={}
2024-12-01 16:59:03,086 : INFO : EventManager : Event: ======'sw_playfield_active'====== Args={}
2024-12-01 16:59:03,086 : INFO : EventManager : Event: ======'machine_var_audits_switches_s_main_4_target'====== Args={'value': 72, 'prev_value': 71, 'change': 1}
2024-12-01 16:59:03,087 : INFO : EventManager : Event: ======'player_shot_main_4'====== Args={'value': 1, 'prev_value': 0, 'change': 1, 'player_num': 1}
2024-12-01 16:59:03,091 : INFO : EventManager : Event: ======'machine_var_audits_shots_main_4'====== Args={'value': 56, 'prev_value': 55, 'change': 1}
2024-12-01 16:59:03,091 : INFO : EventManager : Event: ======'main_4_hit'====== Args={'profile': 'default', 'state': 'unlit', 'advancing': True}
2024-12-01 16:59:03,091 : INFO : EventManager : Event: ======'main_4_default_hit'====== Args={'profile': 'default', 'state': 'unlit', 'advancing': True}
2024-12-01 16:59:03,091 : INFO : EventManager : Event: ======'main_4_default_unlit_hit'====== Args={'profile': 'default', 'state': 'unlit', 'advancing': True}
2024-12-01 16:59:03,091 : INFO : EventManager : Event: ======'main_4_unlit_hit'====== Args={'profile': 'default', 'state': 'unlit', 'advancing': True}
2024-12-01 16:59:03,092 : INFO : EventManager : Event: ======'player_score'====== Args={'value': 9500, 'prev_value': 9000, 'change': 500, 'player_num': 1, 'source': 'base'}
2024-12-01 16:59:03,200 : INFO : SwitchController : <<<<<<< 's_main_4_target' inactive >>>>>>>
2024-12-01 16:59:04,119 : INFO : SwitchController : <<<<<<< 's_main_3_target' active >>>>>>>
2024-12-01 16:59:04,120 : INFO : EventManager : Event: ======'s_main_3_target_active'====== Args={}
2024-12-01 16:59:04,120 : INFO : EventManager : Event: ======'sw_playfield_active'====== Args={}
2024-12-01 16:59:04,120 : INFO : EventManager : Event: ======'machine_var_audits_switches_s_main_3_target'====== Args={'value': 33, 'prev_value': 32, 'change': 1}
2024-12-01 16:59:04,121 : INFO : EventManager : Event: ======'player_shot_main_3'====== Args={'value': 1, 'prev_value': 0, 'change': 1, 'player_num': 1}
2024-12-01 16:59:04,121 : INFO : EventManager : Event: ======'machine_var_audits_shots_main_3'====== Args={'value': 33, 'prev_value': 32, 'change': 1}
2024-12-01 16:59:04,122 : INFO : EventManager : Event: ======'main_3_hit'====== Args={'profile': 'default', 'state': 'unlit', 'advancing': True}
2024-12-01 16:59:04,122 : INFO : EventManager : Event: ======'main_3_default_hit'====== Args={'profile': 'default', 'state': 'unlit', 'advancing': True}
2024-12-01 16:59:04,122 : INFO : EventManager : Event: ======'main_3_default_unlit_hit'====== Args={'profile': 'default', 'state': 'unlit', 'advancing': True}
2024-12-01 16:59:04,122 : INFO : EventManager : Event: ======'main_3_unlit_hit'====== Args={'profile': 'default', 'state': 'unlit', 'advancing': True}
2024-12-01 16:59:04,122 : INFO : EventManager : Event: ======'player_score'====== Args={'value': 10000, 'prev_value': 9500, 'change': 500, 'player_num': 1, 'source': 'base'}
2024-12-01 16:59:04,232 : INFO : SwitchController : <<<<<<< 's_main_3_target' inactive >>>>>>>
2024-12-01 16:59:05,303 : INFO : SwitchController : <<<<<<< 's_main_5_target' active >>>>>>>
2024-12-01 16:59:05,303 : INFO : EventManager : Event: ======'s_main_5_target_active'====== Args={}
2024-12-01 16:59:05,303 : INFO : EventManager : Event: ======'machine_var_audits_switches_s_main_5_target'====== Args={'value': 64, 'prev_value': 63, 'change': 1}
2024-12-01 16:59:05,304 : INFO : EventManager : Event: ======'player_shot_main_5'====== Args={'value': 1, 'prev_value': 0, 'change': 1, 'player_num': 1}
2024-12-01 16:59:05,304 : INFO : EventManager : Event: ======'machine_var_audits_shots_main_5'====== Args={'value': 30, 'prev_value': 29, 'change': 1}
2024-12-01 16:59:05,305 : INFO : EventManager : Event: ======'main_5_hit'====== Args={'profile': 'default', 'state': 'unlit', 'advancing': True}
2024-12-01 16:59:05,305 : INFO : EventManager : Event: ======'main_5_default_hit'====== Args={'profile': 'default', 'state': 'unlit', 'advancing': True}
2024-12-01 16:59:05,305 : INFO : EventManager : Event: ======'main_5_default_unlit_hit'====== Args={'profile': 'default', 'state': 'unlit', 'advancing': True}
2024-12-01 16:59:05,305 : INFO : EventManager : Event: ======'main_5_unlit_hit'====== Args={'profile': 'default', 'state': 'unlit', 'advancing': True}
2024-12-01 16:59:05,306 : INFO : EventManager : Event: ======'player_score'====== Args={'value': 10500, 'prev_value': 10000, 'change': 500, 'player_num': 1, 'source': 'base'}
2024-12-01 16:59:05,403 : INFO : SwitchController : <<<<<<< 's_main_5_target' inactive >>>>>>>
2024-12-01 16:59:09,224 : INFO : SwitchController : <<<<<<< 's_main_inlane_left' active >>>>>>>
2024-12-01 16:59:09,224 : INFO : EventManager : Event: ======'s_main_inlane_left_active'====== Args={}
2024-12-01 16:59:09,224 : INFO : EventManager : Event: ======'sw_playfield_active'====== Args={}
2024-12-01 16:59:09,224 : INFO : EventManager : Event: ======'diverter_trapdoor_diverter_activating'====== Args={}
2024-12-01 16:59:09,224 : INFO : coil.c_main_trapdoor : Pulsing Driver for 75ms (1.0 pulse_power)
2024-12-01 16:59:09,224 : INFO : coil.c_main_trapdoor_hold : Enabling Driver with power 1.0 (pulse_ms 50ms and pulse_power 1.0)
2024-12-01 16:59:09,224 : INFO : EventManager : Event: ======'machine_var_audits_switches_s_main_inlane_left'====== Args={'value': 38, 'prev_value': 37, 'change': 1}
2024-12-01 16:59:09,225 : INFO : EventManager : Event: ======'player_shot_left_inlane'====== Args={'value': 1, 'prev_value': 0, 'change': 1, 'player_num': 1}
2024-12-01 16:59:09,230 : INFO : EventManager : Event: ======'machine_var_audits_shots_left_inlane'====== Args={'value': 33, 'prev_value': 32, 'change': 1}
2024-12-01 16:59:09,230 : INFO : EventManager : Event: ======'left_inlane_hit'====== Args={'profile': 'trapdoor_profile', 'state': 'unlit', 'advancing': True}
2024-12-01 16:59:09,230 : INFO : EventManager : Event: ======'left_inlane_trapdoor_profile_hit'====== Args={'profile': 'trapdoor_profile', 'state': 'unlit', 'advancing': True}
2024-12-01 16:59:09,230 : INFO : EventManager : Event: ======'left_inlane_trapdoor_profile_unlit_hit'====== Args={'profile': 'trapdoor_profile', 'state': 'unlit', 'advancing': True}
2024-12-01 16:59:09,231 : INFO : EventManager : Event: ======'left_inlane_unlit_hit'====== Args={'profile': 'trapdoor_profile', 'state': 'unlit', 'advancing': True}
2024-12-01 16:59:09,231 : INFO : EventManager : Event: ======'player_score'====== Args={'value': 15500, 'prev_value': 10500, 'change': 5000, 'player_num': 1, 'source': 'base'}
2024-12-01 16:59:09,348 : INFO : SwitchController : <<<<<<< 's_main_inlane_left' inactive >>>>>>>
2024-12-01 16:59:17,224 : INFO : EventManager : Event: ======'diverter_trapdoor_diverter_deactivating'====== Args={}
2024-12-01 16:59:17,225 : INFO : coil.c_main_trapdoor : Disabling Driver
2024-12-01 16:59:17,225 : INFO : coil.c_main_trapdoor_hold : Disabling Driver
2024-12-01 16:59:17,225 : INFO : EventManager : Event: ======'player_shot_left_inlane'====== Args={'value': 0, 'prev_value': 1, 'change': -1, 'player_num': 1}
2024-12-01 16:59:21,072 : INFO : SwitchController : <<<<<<< 's_main_outhole' active >>>>>>>
2024-12-01 16:59:21,072 : INFO : EventManager : Event: ======'machine_var_audits_switches_s_main_outhole'====== Args={'value': 658, 'prev_value': 657, 'change': 1}
2024-12-01 16:59:21,573 : INFO : EventManager : Event: ======'balldevice_bd_drain_ball_count_changed'====== Args={'balls': 1}
2024-12-01 16:59:21,573 : INFO : ball_device.bd_drain : Received unexpected ball
2024-12-01 16:59:21,573 : INFO : EventManager : Event: ======'balldevice_captured_from_playfield'====== Args={'balls': 1}
2024-12-01 16:59:21,574 : INFO : EventManager : Event: ======'sw_playfield_active'====== Args={'balls': 1}
2024-12-01 16:59:21,574 : INFO : EventManager : Event: ======'playfield_ball_count_change'====== Args={'balls': 0, 'change': -1}
2024-12-01 16:59:21,575 : INFO : EventManager : Event: ======'balldevice_bd_drain_ball_enter'====== Args={'new_balls': 1, 'unclaimed_balls': 1, 'new_available_balls': 1, 'device': <ball_device.bd_drain>}
2024-12-01 16:59:21,575 : INFO : EventManager : Event: ======'ball_drain'====== Args={'device': <ball_device.bd_drain>, 'balls': 1}
2024-12-01 16:59:21,576 : INFO : EventManager : Event: ======'ball_will_end'====== Args={}
2024-12-01 16:59:21,576 : INFO : EventManager : Event: ======'balldevice_balls_available'====== Args={}
2024-12-01 16:59:21,576 : INFO : EventManager : Event: ======'balldevice_bd_drain_ball_entered'====== Args={'new_balls': 1, 'device': <ball_device.bd_drain>}
2024-12-01 16:59:21,577 : INFO : EventManager : Event: ======'ball_ending'====== Args={}
2024-12-01 16:59:21,578 : INFO : EventManager : Event: ======'mode_bonus_will_start'====== Args={'queue': <QueuedEvent>}
2024-12-01 16:59:21,578 : INFO : EventManager : Event: ======'mode_bonus_starting'====== Args={'queue': <QueuedEvent>}
2024-12-01 16:59:21,578 : INFO : Mode.bonus : Started. Priority: 500
2024-12-01 16:59:21,578 : INFO : EventManager : Event: ======'modes_active_modes_changed'====== Args={}
2024-12-01 16:59:21,579 : INFO : EventManager : Event: ======'mode_bonus_started'====== Args={'queue': <QueuedEvent>}
2024-12-01 16:59:21,579 : INFO : EventManager : Event: ======'bonus_start'====== Args={}
2024-12-01 16:59:21,595 : INFO : EventManager : Event: ======'slide_bonus_created'====== Args={'_from_bcp': True}
2024-12-01 16:59:21,595 : INFO : EventManager : Event: ======'slide_base_inactive'====== Args={'is_removing': False, '_from_bcp': True}
2024-12-01 16:59:21,596 : INFO : EventManager : Event: ======'slide_bonus_active'====== Args={'original_context': 'bonus', 'original_calling_context': 'mode_bonus_started', 'priority': 500.0, 'queue': '<QueuedEvent>', 'cmd': 'slides_play', '_from_bcp': True}
2024-12-01 16:59:22,579 : INFO : Mode.bonus : Bonus Entry 'attic_bonus': score: 0 player_score_entry: None=1
2024-12-01 16:59:22,579 : INFO : EventManager : Event: ======'bonus_entry'====== Args={'entry': 'attic_bonus', 'score': 0, 'text': 'Attic Bonus Scores', 'bonus_score': 0, 'hits': 1}
2024-12-01 16:59:23,581 : INFO : Mode.bonus : Skipping bonus entry 'main_bonus' because its value is 0
2024-12-01 16:59:23,581 : INFO : Mode.bonus : Bonus Entry 'cellar_bonus': score: 0 player_score_entry: None=1
2024-12-01 16:59:23,581 : INFO : EventManager : Event: ======'bonus_entry'====== Args={'entry': 'cellar_bonus', 'score': 0, 'text': 'Cellar Bonus Score', 'bonus_score': 0, 'hits': 1}
2024-12-01 16:59:24,582 : INFO : EventManager : Event: ======'bonus_entry'====== Args={'entry': 'total', 'text': 'Total Bonus', 'score': 0}
2024-12-01 16:59:25,583 : INFO : EventManager : Event: ======'mode_bonus_will_stop'====== Args={}
2024-12-01 16:59:25,584 : INFO : EventManager : Event: ======'mode_bonus_stopping'====== Args={}
2024-12-01 16:59:25,584 : INFO : EventManager : Event: ======'player_base_bonus'====== Args={'value': 0, 'prev_value': 700, 'change': -700, 'player_num': 1, 'source': 'bonus'}
2024-12-01 16:59:25,588 : INFO : Mode.bonus : Stopped.
2024-12-01 16:59:25,588 : INFO : EventManager : Event: ======'modes_active_modes_changed'====== Args={}
2024-12-01 16:59:25,588 : INFO : EventManager : Event: ======'mode_bonus_stopped'====== Args={}
2024-12-01 16:59:25,588 : INFO : EventManager : Event: ======'clear'====== Args={'key': 'bonus'}
2024-12-01 16:59:25,588 : INFO : EventManager : Event: ======'mode_base_will_stop'====== Args={}
2024-12-01 16:59:25,589 : INFO : EventManager : Event: ======'mode_base_stopping'====== Args={}
2024-12-01 16:59:25,589 : INFO : Mode.base : Stopped.
2024-12-01 16:59:25,589 : INFO : EventManager : Event: ======'modes_active_modes_changed'====== Args={}
2024-12-01 16:59:25,589 : INFO : EventManager : Event: ======'mode_base_stopped'====== Args={}
2024-12-01 16:59:25,590 : INFO : EventManager : Event: ======'clear'====== Args={'key': 'base'}
2024-12-01 16:59:25,591 : INFO : EventManager : Event: ======'ball_ended'====== Args={}
2024-12-01 16:59:25,593 : INFO : EventManager : Event: ======'diverter_trapdoor_diverter_disabling'====== Args={'auto': False}
2024-12-01 16:59:25,593 : INFO : EventManager : Event: ======'player_turn_will_end'====== Args={'player': <Player 1>, 'number': 1}
2024-12-01 16:59:25,597 : INFO : EventManager : Event: ======'player_turn_ending'====== Args={'player': <Player 1>, 'number': 1}
2024-12-01 16:59:25,600 : INFO : EventManager : Event: ======'player_turn_ended'====== Args={'player': <Player 1>, 'number': 1}
2024-12-01 16:59:25,600 : INFO : EventManager : Event: ======'player_turn_will_start'====== Args={'player': <Player 1>, 'number': 1}
2024-12-01 16:59:25,600 : INFO : EventManager : Event: ======'player_turn_starting'====== Args={'player': <Player 1>, 'number': 1}
2024-12-01 16:59:25,600 : INFO : EventManager : Event: ======'player_ball'====== Args={'value': 2, 'prev_value': 1, 'change': 1, 'player_num': 1}
2024-12-01 16:59:25,601 : INFO : EventManager : Event: ======'player_turn_started'====== Args={'player': <Player 1>, 'number': 1}
2024-12-01 16:59:25,603 : INFO : EventManager : Event: ======'ball_will_start'====== Args={'player': 1, 'ball': 2, 'balls_remaining': 1, 'is_extra_ball': False}
2024-12-01 16:59:25,603 : INFO : EventManager : Event: ======'ball_starting'====== Args={'player': 1, 'ball': 2, 'balls_remaining': 1, 'is_extra_ball': False}
2024-12-01 16:59:25,603 : INFO : EventManager : Event: ======'mode_base_will_start'====== Args={'queue': <QueuedEvent>, 'player': 1, 'ball': 2, 'balls_remaining': 1, 'is_extra_ball': False}
2024-12-01 16:59:25,611 : INFO : EventManager : Event: ======'mode_base_starting'====== Args={'queue': <QueuedEvent>, 'player': 1, 'ball': 2, 'balls_remaining': 1, 'is_extra_ball': False}
2024-12-01 16:59:25,611 : INFO : drop_target_bank.upper : All targets are already up. Will not reset bank.
2024-12-01 16:59:25,611 : INFO : drop_target_bank.lower : All targets are already up. Will not reset bank.
2024-12-01 16:59:25,611 : INFO : EventManager : Event: ======'balls_in_play'====== Args={'balls': 1}
2024-12-01 16:59:25,611 : INFO : EventManager : Event: ======'ball_started'====== Args={'player': 1, 'ball': 2, 'balls_remaining': 1, 'is_extra_ball': False}
2024-12-01 16:59:25,612 : INFO : EventManager : Event: ======'logicblock_attic_drop_counter_updated'====== Args={'value': 0, 'enabled': True}
2024-12-01 16:59:25,612 : INFO : EventManager : Event: ======'logicblock_attic_hits_updated'====== Args={'value': 0, 'enabled': True}
2024-12-01 16:59:25,612 : INFO : EventManager : Event: ======'logicblock_cellar_hits_updated'====== Args={'value': 0, 'enabled': True}
2024-12-01 16:59:25,613 : INFO : EventManager : Event: ======'logicblock_attic_drop_counter_updated'====== Args={'value': 0, 'enabled': True}
2024-12-01 16:59:25,613 : INFO : EventManager : Event: ======'logicblock_attic_hits_updated'====== Args={'value': 0, 'enabled': True}
2024-12-01 16:59:25,613 : INFO : EventManager : Event: ======'logicblock_cellar_hits_updated'====== Args={'value': 0, 'enabled': True}
2024-12-01 16:59:25,613 : INFO : Mode.base : Started. Priority: 100
2024-12-01 16:59:25,613 : INFO : EventManager : Event: ======'modes_active_modes_changed'====== Args={}
2024-12-01 16:59:25,613 : INFO : EventManager : Event: ======'mode_base_started'====== Args={'queue': <QueuedEvent>, 'player': 1, 'ball': 2, 'balls_remaining': 1, 'is_extra_ball': False}
2024-12-01 16:59:25,614 : INFO : EventManager : Event: ======'diverter_trapdoor_diverter_enabling'====== Args={'auto': False}
2024-12-01 16:59:25,615 : INFO : EventManager : Event: ======'base_bonus_400'====== Args={'queue': <QueuedEvent>, 'player': 1, 'ball': 2, 'balls_remaining': 1, 'is_extra_ball': False}
2024-12-01 16:59:25,615 : INFO : EventManager : Event: ======'player_base_bonus'====== Args={'value': 400, 'prev_value': 0, 'change': 400, 'player_num': 1, 'source': 'base'}
2024-12-01 16:59:25,617 : INFO : EventManager : Event: ======'slide_bonus_inactive'====== Args={'is_removing': True, '_from_bcp': True}
2024-12-01 16:59:25,617 : INFO : EventManager : Event: ======'slide_base_active'====== Args={'_from_bcp': True}
2024-12-01 16:59:25,618 : INFO : EventManager : Event: ======'slide_bonus_removed'====== Args={'_from_bcp': True}
2024-12-01 16:59:25,618 : INFO : EventManager : Event: ======'single_player_ball_started'====== Args={}
2024-12-01 16:59:25,620 : INFO : EventManager : Event: ======'ball_start_target'====== Args={'target': 'playfield'}
2024-12-01 16:59:25,621 : INFO : ball_device.bd_drain : Setting up player-controlled eject. Balls: 1, Target: <playfield.playfield>, player_controlled_eject_event: None
2024-12-01 16:59:25,621 : INFO : ball_device.bd_drain : Adding 1 ball(s) to the eject_queue with target <playfield.playfield>.
2024-12-01 16:59:25,622 : INFO : EventManager : Event: ======'balldevice_balls_available'====== Args={}
2024-12-01 16:59:25,622 : INFO : EventManager : Event: ======'slide_base_created'====== Args={'_from_bcp': True}
2024-12-01 16:59:25,622 : INFO : EventManager : Event: ======'slide_base_inactive'====== Args={'is_removing': True, '_from_bcp': True}
2024-12-01 16:59:25,622 : INFO : EventManager : Event: ======'slide_base_active'====== Args={'original_context': 'base', 'original_calling_context': 'mode_base_started', 'priority': 100.0, 'queue': '<QueuedEvent>', 'player': 1.0, 'ball': 2.0, 'balls_remaining': 1.0, 'is_extra_ball': False, 'cmd': 'slides_play', '_from_bcp': True}
2024-12-01 16:59:25,623 : INFO : EventManager : Event: ======'slide_base_removed'====== Args={'_from_bcp': True}
2024-12-01 16:59:25,623 : INFO : ball_device.bd_drain : State: waiting_for_target_ready
2024-12-01 16:59:25,623 : INFO : EventManager : Event: ======'balldevice_bd_drain_ball_eject_attempt'====== Args={'balls': 1, 'target': <playfield.playfield>, 'source': <ball_device.bd_drain>, 'mechanical_eject': False, 'num_attempts': 0}
2024-12-01 16:59:25,623 : INFO : ball_device.bd_drain : State: ejecting
2024-12-01 16:59:25,623 : INFO : ball_device.bd_drain : Ejecting ball to <playfield.playfield>
2024-12-01 16:59:25,623 : INFO : EventManager : Event: ======'balldevice_bd_drain_ejecting_ball'====== Args={'balls': 1, 'target': <playfield.playfield>, 'source': <ball_device.bd_drain>, 'mechanical_eject': False, 'num_attempts': 0}
2024-12-01 16:59:25,624 : INFO : ball_device.bd_drain : Wait for ball to leave device
2024-12-01 16:59:25,624 : INFO : coil.c_main_outhole : Pulsing Driver for 60ms (1.0 pulse_power)
2024-12-01 16:59:30,995 : INFO : Machine : Shutting down...
2024-12-01 16:59:30,995 : INFO : EventManager : Event: ======'shutdown'====== Args={}
2024-12-01 16:59:30,996 : INFO : EventManager : Event: ======'mode_game_will_stop'====== Args={}
2024-12-01 16:59:30,996 : INFO : EventManager : Event: ======'mode_game_stopping'====== Args={}
2024-12-01 16:59:30,996 : INFO : EventManager : Event: ======'mode_base_will_stop'====== Args={}
2024-12-01 16:59:30,996 : INFO : EventManager : Event: ======'mode_base_stopping'====== Args={}
2024-12-01 16:59:30,997 : INFO : Mode.base : Stopped.
2024-12-01 16:59:30,997 : INFO : EventManager : Event: ======'modes_active_modes_changed'====== Args={}
2024-12-01 16:59:30,997 : INFO : EventManager : Event: ======'mode_base_stopped'====== Args={}
2024-12-01 16:59:30,997 : INFO : EventManager : Event: ======'clear'====== Args={'key': 'base'}
2024-12-01 16:59:30,999 : INFO : Mode.game : Stopped.
2024-12-01 16:59:30,999 : INFO : EventManager : Event: ======'modes_active_modes_changed'====== Args={}
2024-12-01 16:59:30,999 : INFO : EventManager : Event: ======'mode_game_stopped'====== Args={}
2024-12-01 16:59:30,999 : INFO : EventManager : Event: ======'clear'====== Args={'key': 'game'}
2024-12-01 16:59:31,007 : INFO : root : MPF run loop ended.
