2024-11-17 21:00:31,103 : INFO : root : Loading config.
2024-11-17 21:00:31,105 : INFO : YamlMultifileConfigLoader : Machine config file #1: config.yaml
2024-11-17 21:00:31,105 : INFO : ConfigProcessor : Loading config from cache: /tmp/248da7825a7099821037453685569d45.mpf_cache
2024-11-17 21:00:31,128 : INFO : ConfigProcessor : Loading config from cache: /tmp/95514865456cf95aac1ab02b2b9c91d4.mpf_cache
2024-11-17 21:00:31,129 : INFO : ConfigProcessor : Loading config from cache: /tmp/03ef85df1864fb5ef5b7e38cbf9eb8a8.mpf_cache
2024-11-17 21:00:31,129 : INFO : ConfigProcessor : Loading config from cache: /tmp/6dcc9600f5dbf9a99f5346cc5ca34ea9.mpf_cache
2024-11-17 21:00:31,129 : INFO : ConfigProcessor : Loading config from cache: /tmp/95514865456cf95aac1ab02b2b9c91d4.mpf_cache
2024-11-17 21:00:31,129 : WARNING : ConfigProcessor : Config file in cache changed: /home/caw/pinball/hauntedhouse/modes/attract/shows/./attract_light_show.yaml
2024-11-17 21:00:31,129 : INFO : ConfigProcessor : Loading config from file /home/caw/pinball/hauntedhouse/modes/attract/shows/./attract_light_show.yaml.
2024-11-17 21:00:31,131 : INFO : ConfigProcessor : Loading config: /home/caw/pinball/hauntedhouse/modes/attract/shows/./attract_light_show.yaml
2024-11-17 21:00:31,131 : INFO : ConfigProcessor : Config file cache created: /tmp/2e5ac6493c6686883ff244e5da957f67.mpf_cache
2024-11-17 21:00:31,131 : INFO : Machine : Mission Pinball Framework Core Engine v0.80.0.dev5
2024-11-17 21:00:31,131 : INFO : Machine : Command line arguments: {'no_load_cache': False, 'create_config_cache': True, 'bcp': False, 'configfile': ['config.yaml'], 'force_assets_load': False, 'platform_integration_test': False, 'jsonlogging': False, 'logfile': 'logs/2024-11-17-21-00-31-mpf-caw-System-Product-Name.log', 'pause': False, 'production': False, 'text_ui': True, 'loglevel': 15, 'consoleloglevel': 20, 'force_platform': None, 'syslog_address': None, 'full_logfile_path': '/home/caw/pinball/hauntedhouse/logs/2024-11-17-21-00-31-mpf-caw-System-Product-Name.log'}
2024-11-17 21:00:31,131 : INFO : Machine : MPF path: /home/caw/miniconda3/envs/envp311/lib/python3.11/site-packages/mpf
2024-11-17 21:00:31,131 : INFO : Machine : Machine path: /home/caw/pinball/hauntedhouse
2024-11-17 21:00:31,131 : INFO : Machine : Platform: linux
2024-11-17 21:00:31,131 : INFO : Machine : Python executable location: /home/caw/miniconda3/envs/envp311/bin/python
2024-11-17 21:00:31,131 : INFO : Machine : Python version: 3.11.10 (64-bit)
2024-11-17 21:00:31,132 : INFO : Machine : Initializing MPF...
2024-11-17 21:00:31,157 : INFO : P-Roc : Connecting to P-ROC
2024-11-17 21:00:31,233 : INFO : P-Roc : Successfully connected to P-ROC/P3-ROC. Firmware Version: 2. Firmware Revision: 6. Hardware Board ID: 1
2024-11-17 21:00:31,233 : WARNING : P-Roc : Consider upgrading the firmware of your P/P3-Roc to at least 2.14. Your version contains known bugs. See: https://missionpinball.org/logs
2024-11-17 21:00:31,240 : INFO : EventManager : Event: ======'machine_var_p_roc_version'====== Args={'value': 2, 'prev_value': None, 'change': True}
2024-11-17 21:00:31,240 : INFO : EventManager : Event: ======'machine_var_p_roc_revision'====== Args={'value': 6, 'prev_value': None, 'change': True}
2024-11-17 21:00:31,240 : INFO : EventManager : Event: ======'machine_var_p_roc_hardware_version'====== Args={'value': 1, 'prev_value': None, 'change': True}
2024-11-17 21:00:31,241 : INFO : EventManager : Event: ======'machine_var_credits_string'====== Args={'value': 'FREE PLAY', 'prev_value': None, 'change': True}
2024-11-17 21:00:31,262 : INFO : EventManager : Event: ======'machine_var_master_volume'====== Args={'value': 0.5, 'prev_value': None, 'change': True}
2024-11-17 21:00:31,262 : INFO : EventManager : Event: ======'machine_var_player1_score'====== Args={'value': 81180, 'prev_value': None, 'change': True}
2024-11-17 21:00:31,262 : INFO : EventManager : Event: ======'machine_var_mpf_version'====== Args={'value': 'Mission Pinball Framework v0.80.0.dev5', 'prev_value': None, 'change': True}
2024-11-17 21:00:31,263 : INFO : EventManager : Event: ======'machine_var_mpf_extended_version'====== Args={'value': 'Mission Pinball Framework v0.80.0.dev5, Config version:6, Show version: 6, BCP version:1.1', 'prev_value': None, 'change': True}
2024-11-17 21:00:31,263 : INFO : EventManager : Event: ======'machine_var_python_version'====== Args={'value': '3.11.10', 'prev_value': None, 'change': True}
2024-11-17 21:00:31,264 : INFO : EventManager : Event: ======'machine_var_platform'====== Args={'value': 'Linux-6.8.0-48-generic-x86_64-with-glibc2.39', 'prev_value': None, 'change': True}
2024-11-17 21:00:31,264 : INFO : EventManager : Event: ======'machine_var_platform_system'====== Args={'value': 'Linux', 'prev_value': None, 'change': True}
2024-11-17 21:00:31,264 : INFO : EventManager : Event: ======'machine_var_platform_release'====== Args={'value': '6.8.0-48-generic', 'prev_value': None, 'change': True}
2024-11-17 21:00:31,264 : INFO : EventManager : Event: ======'machine_var_platform_version'====== Args={'value': '#48-Ubuntu SMP PREEMPT_DYNAMIC Fri Sep 27 14:04:52 UTC 2024', 'prev_value': None, 'change': True}
2024-11-17 21:00:31,264 : INFO : EventManager : Event: ======'machine_var_platform_machine'====== Args={'value': 'x86_64', 'prev_value': None, 'change': True}
2024-11-17 21:00:31,264 : INFO : EventManager : Event: ======'machine_var_log_file_path'====== Args={'value': '/home/caw/pinball/hauntedhouse/logs/2024-11-17-21-00-31-mpf-caw-System-Product-Name.log', 'prev_value': None, 'change': True}
2024-11-17 21:00:31,264 : INFO : EventManager : Event: ======'init_phase_1'====== Args={}
2024-11-17 21:00:31,284 : INFO : EventManager : Event: ======'drop_target_bank_upper_up'====== Args={}
2024-11-17 21:00:31,284 : INFO : EventManager : Event: ======'drop_target_bank_lower_up'====== Args={}
2024-11-17 21:00:31,285 : INFO : EventManager : Event: ======'init_phase_2'====== Args={}
2024-11-17 21:00:31,304 : INFO : ball_device.bd_drain : BCH: Initial count: 0
2024-11-17 21:00:31,304 : INFO : ball_device.bd_drain : State: idle
2024-11-17 21:00:31,304 : INFO : ball_device.bd_lower_vuk : BCH: Initial count: 0
2024-11-17 21:00:31,305 : INFO : ball_device.bd_lower_vuk : State: idle
2024-11-17 21:00:31,305 : INFO : ball_device.bd_lower_kickout_special : BCH: Initial count: 0
2024-11-17 21:00:31,305 : INFO : ball_device.bd_lower_kickout_special : State: idle
2024-11-17 21:00:31,305 : INFO : ball_device.bd_main_vuk : BCH: Initial count: 0
2024-11-17 21:00:31,305 : INFO : ball_device.bd_main_vuk : State: idle
2024-11-17 21:00:31,305 : INFO : ball_device.bd_main_kickout_right : BCH: Initial count: 0
2024-11-17 21:00:31,305 : INFO : ball_device.bd_main_kickout_right : State: idle
2024-11-17 21:00:31,305 : INFO : ball_device.bd_main_kickout_lane : BCH: Initial count: 0
2024-11-17 21:00:31,305 : INFO : ball_device.bd_main_kickout_lane : State: idle
2024-11-17 21:00:31,310 : INFO : EventManager : Event: ======'init_phase_3'====== Args={}
2024-11-17 21:00:31,311 : INFO : EventManager : Event: ======'init_phase_4'====== Args={}
2024-11-17 21:00:31,311 : INFO : BallController : Initial balls found: 0
2024-11-17 21:00:31,312 : INFO : EventManager : Event: ======'machine_var_audits_events_game_ended'====== Args={'value': 65, 'prev_value': None, 'change': True}
2024-11-17 21:00:31,312 : INFO : EventManager : Event: ======'machine_var_audits_events_game_started'====== Args={'value': 129, 'prev_value': None, 'change': True}
2024-11-17 21:00:31,312 : INFO : EventManager : Event: ======'machine_var_audits_missing_switches_s_lower_10pt_drops'====== Args={'value': 2, 'prev_value': None, 'change': True}
2024-11-17 21:00:31,312 : INFO : EventManager : Event: ======'machine_var_audits_missing_switches_s_lower_10pt_lower'====== Args={'value': 3, 'prev_value': None, 'change': True}
2024-11-17 21:00:31,312 : INFO : EventManager : Event: ======'machine_var_audits_missing_switches_s_lower_10pt_upper'====== Args={'value': 2, 'prev_value': None, 'change': True}
2024-11-17 21:00:31,312 : INFO : EventManager : Event: ======'machine_var_audits_missing_switches_s_lower_1_drop'====== Args={'value': 3, 'prev_value': None, 'change': True}
2024-11-17 21:00:31,312 : INFO : EventManager : Event: ======'machine_var_audits_missing_switches_s_lower_2_drop'====== Args={'value': 2, 'prev_value': None, 'change': True}
2024-11-17 21:00:31,312 : INFO : EventManager : Event: ======'machine_var_audits_missing_switches_s_lower_3_drop'====== Args={'value': 3, 'prev_value': None, 'change': True}
2024-11-17 21:00:31,312 : INFO : EventManager : Event: ======'machine_var_audits_missing_switches_s_lower_4_drop'====== Args={'value': 15, 'prev_value': None, 'change': True}
2024-11-17 21:00:31,312 : INFO : EventManager : Event: ======'machine_var_audits_missing_switches_s_lower_5_drop'====== Args={'value': 3, 'prev_value': None, 'change': True}
2024-11-17 21:00:31,312 : INFO : EventManager : Event: ======'machine_var_audits_missing_switches_s_lower_bonus_left'====== Args={'value': 2, 'prev_value': None, 'change': True}
2024-11-17 21:00:31,312 : INFO : EventManager : Event: ======'machine_var_audits_missing_switches_s_lower_bonus_right'====== Args={'value': 19, 'prev_value': None, 'change': True}
2024-11-17 21:00:31,312 : INFO : EventManager : Event: ======'machine_var_audits_missing_switches_s_lower_kick_target'====== Args={'value': 19, 'prev_value': None, 'change': True}
2024-11-17 21:00:31,312 : INFO : EventManager : Event: ======'machine_var_audits_missing_switches_s_lower_kickout_special'====== Args={'value': 2, 'prev_value': None, 'change': True}
2024-11-17 21:00:31,312 : INFO : EventManager : Event: ======'machine_var_audits_missing_switches_s_lower_pop'====== Args={'value': 2, 'prev_value': None, 'change': True}
2024-11-17 21:00:31,313 : INFO : EventManager : Event: ======'machine_var_audits_missing_switches_s_lower_slingshot'====== Args={'value': 2, 'prev_value': None, 'change': True}
2024-11-17 21:00:31,313 : INFO : EventManager : Event: ======'machine_var_audits_missing_switches_s_main_10pt_left'====== Args={'value': 2, 'prev_value': None, 'change': True}
2024-11-17 21:00:31,313 : INFO : EventManager : Event: ======'machine_var_audits_missing_switches_s_main_1_target'====== Args={'value': 2, 'prev_value': None, 'change': True}
2024-11-17 21:00:31,313 : INFO : EventManager : Event: ======'machine_var_audits_missing_switches_s_main_1_trough'====== Args={'value': 2, 'prev_value': None, 'change': True}
2024-11-17 21:00:31,313 : INFO : EventManager : Event: ======'machine_var_audits_missing_switches_s_main_2_target'====== Args={'value': 2, 'prev_value': None, 'change': True}
2024-11-17 21:00:31,313 : INFO : EventManager : Event: ======'machine_var_audits_missing_switches_s_main_3_target'====== Args={'value': 2, 'prev_value': None, 'change': True}
2024-11-17 21:00:31,313 : INFO : EventManager : Event: ======'machine_var_audits_missing_switches_s_main_4_target'====== Args={'value': 2, 'prev_value': None, 'change': True}
2024-11-17 21:00:31,313 : INFO : EventManager : Event: ======'machine_var_audits_missing_switches_s_main_inlane_left'====== Args={'value': 13, 'prev_value': None, 'change': True}
2024-11-17 21:00:31,313 : INFO : EventManager : Event: ======'machine_var_audits_missing_switches_s_main_kickout_right'====== Args={'value': 3, 'prev_value': None, 'change': True}
2024-11-17 21:00:31,313 : INFO : EventManager : Event: ======'machine_var_audits_missing_switches_s_main_outlane_left'====== Args={'value': 19, 'prev_value': None, 'change': True}
2024-11-17 21:00:31,313 : INFO : EventManager : Event: ======'machine_var_audits_missing_switches_s_main_outlane_right'====== Args={'value': 2, 'prev_value': None, 'change': True}
2024-11-17 21:00:31,313 : INFO : EventManager : Event: ======'machine_var_audits_missing_switches_s_main_rollunder'====== Args={'value': 2, 'prev_value': None, 'change': True}
2024-11-17 21:00:31,313 : INFO : EventManager : Event: ======'machine_var_audits_missing_switches_s_main_secret_trough'====== Args={'value': 2, 'prev_value': None, 'change': True}
2024-11-17 21:00:31,313 : INFO : EventManager : Event: ======'machine_var_audits_missing_switches_s_main_target_right'====== Args={'value': 2, 'prev_value': None, 'change': True}
2024-11-17 21:00:31,313 : INFO : EventManager : Event: ======'machine_var_audits_missing_switches_s_main_trapdoor_trough'====== Args={'value': 19, 'prev_value': None, 'change': True}
2024-11-17 21:00:31,313 : INFO : EventManager : Event: ======'machine_var_audits_missing_switches_s_start'====== Args={'value': 3, 'prev_value': None, 'change': True}
2024-11-17 21:00:31,313 : INFO : EventManager : Event: ======'machine_var_audits_missing_switches_s_upper_1_target'====== Args={'value': 1, 'prev_value': None, 'change': True}
2024-11-17 21:00:31,313 : INFO : EventManager : Event: ======'machine_var_audits_missing_switches_s_upper_3_target'====== Args={'value': 2, 'prev_value': None, 'change': True}
2024-11-17 21:00:31,314 : INFO : EventManager : Event: ======'machine_var_audits_missing_switches_s_upper_4_target'====== Args={'value': 1, 'prev_value': None, 'change': True}
2024-11-17 21:00:31,314 : INFO : EventManager : Event: ======'machine_var_audits_player_score'====== Args={'value': {'average': 30746, 'top': [211150, 162330, 120480, 114590, 92630, 81180, 78890, 76090, 75800, 75650], 'total': 68}, 'prev_value': None, 'change': True}
2024-11-17 21:00:31,314 : INFO : EventManager : Event: ======'machine_var_audits_shots_10pt'====== Args={'value': 247, 'prev_value': None, 'change': True}
2024-11-17 21:00:31,314 : INFO : EventManager : Event: ======'machine_var_audits_shots_left_inlane'====== Args={'value': 22, 'prev_value': None, 'change': True}
2024-11-17 21:00:31,314 : INFO : EventManager : Event: ======'machine_var_audits_shots_left_outlane'====== Args={'value': 11, 'prev_value': None, 'change': True}
2024-11-17 21:00:31,314 : INFO : EventManager : Event: ======'machine_var_audits_shots_lower_10pt_drops'====== Args={'value': 37, 'prev_value': None, 'change': True}
2024-11-17 21:00:31,314 : INFO : EventManager : Event: ======'machine_var_audits_shots_lower_10pt_lower'====== Args={'value': 12, 'prev_value': None, 'change': True}
2024-11-17 21:00:31,314 : INFO : EventManager : Event: ======'machine_var_audits_shots_lower_10pt_upper'====== Args={'value': 13, 'prev_value': None, 'change': True}
2024-11-17 21:00:31,314 : INFO : EventManager : Event: ======'machine_var_audits_shots_lower_1_drop'====== Args={'value': 44, 'prev_value': None, 'change': True}
2024-11-17 21:00:31,314 : INFO : EventManager : Event: ======'machine_var_audits_shots_lower_2_drop'====== Args={'value': 12, 'prev_value': None, 'change': True}
2024-11-17 21:00:31,314 : INFO : EventManager : Event: ======'machine_var_audits_shots_lower_3_drop'====== Args={'value': 12, 'prev_value': None, 'change': True}
2024-11-17 21:00:31,314 : INFO : EventManager : Event: ======'machine_var_audits_shots_lower_4_drop'====== Args={'value': 16, 'prev_value': None, 'change': True}
2024-11-17 21:00:31,314 : INFO : EventManager : Event: ======'machine_var_audits_shots_lower_5_drop'====== Args={'value': 17, 'prev_value': None, 'change': True}
2024-11-17 21:00:31,314 : INFO : EventManager : Event: ======'machine_var_audits_shots_lower_hole'====== Args={'value': 27, 'prev_value': None, 'change': True}
2024-11-17 21:00:31,315 : INFO : EventManager : Event: ======'machine_var_audits_shots_lower_kick_target'====== Args={'value': 2, 'prev_value': None, 'change': True}
2024-11-17 21:00:31,315 : INFO : EventManager : Event: ======'machine_var_audits_shots_lower_left'====== Args={'value': 11, 'prev_value': None, 'change': True}
2024-11-17 21:00:31,315 : INFO : EventManager : Event: ======'machine_var_audits_shots_lower_left_pop'====== Args={'value': 199, 'prev_value': None, 'change': True}
2024-11-17 21:00:31,315 : INFO : EventManager : Event: ======'machine_var_audits_shots_lower_pop'====== Args={'value': 28, 'prev_value': None, 'change': True}
2024-11-17 21:00:31,315 : INFO : EventManager : Event: ======'machine_var_audits_shots_lower_right'====== Args={'value': 4, 'prev_value': None, 'change': True}
2024-11-17 21:00:31,315 : INFO : EventManager : Event: ======'machine_var_audits_shots_lower_rollover'====== Args={'value': 31, 'prev_value': None, 'change': True}
2024-11-17 21:00:31,315 : INFO : EventManager : Event: ======'machine_var_audits_shots_lower_slingshot'====== Args={'value': 19, 'prev_value': None, 'change': True}
2024-11-17 21:00:31,315 : INFO : EventManager : Event: ======'machine_var_audits_shots_main_1'====== Args={'value': 30, 'prev_value': None, 'change': True}
2024-11-17 21:00:31,315 : INFO : EventManager : Event: ======'machine_var_audits_shots_main_2'====== Args={'value': 33, 'prev_value': None, 'change': True}
2024-11-17 21:00:31,315 : INFO : EventManager : Event: ======'machine_var_audits_shots_main_3'====== Args={'value': 26, 'prev_value': None, 'change': True}
2024-11-17 21:00:31,315 : INFO : EventManager : Event: ======'machine_var_audits_shots_main_4'====== Args={'value': 38, 'prev_value': None, 'change': True}
2024-11-17 21:00:31,315 : INFO : EventManager : Event: ======'machine_var_audits_shots_main_5'====== Args={'value': 24, 'prev_value': None, 'change': True}
2024-11-17 21:00:31,315 : INFO : EventManager : Event: ======'machine_var_audits_shots_main_slingshot'====== Args={'value': 44, 'prev_value': None, 'change': True}
2024-11-17 21:00:31,315 : INFO : EventManager : Event: ======'machine_var_audits_shots_main_trough_1'====== Args={'value': 16, 'prev_value': None, 'change': True}
2024-11-17 21:00:31,316 : INFO : EventManager : Event: ======'machine_var_audits_shots_right_inlane'====== Args={'value': 74, 'prev_value': None, 'change': True}
2024-11-17 21:00:31,316 : INFO : EventManager : Event: ======'machine_var_audits_shots_right_kickout'====== Args={'value': 33, 'prev_value': None, 'change': True}
2024-11-17 21:00:31,316 : INFO : EventManager : Event: ======'machine_var_audits_shots_right_outlane'====== Args={'value': 44, 'prev_value': None, 'change': True}
2024-11-17 21:00:31,316 : INFO : EventManager : Event: ======'machine_var_audits_shots_rollunder'====== Args={'value': 105, 'prev_value': None, 'change': True}
2024-11-17 21:00:31,316 : INFO : EventManager : Event: ======'machine_var_audits_shots_standup_right'====== Args={'value': 91, 'prev_value': None, 'change': True}
2024-11-17 21:00:31,316 : INFO : EventManager : Event: ======'machine_var_audits_shots_upper_1'====== Args={'value': 35, 'prev_value': None, 'change': True}
2024-11-17 21:00:31,316 : INFO : EventManager : Event: ======'machine_var_audits_shots_upper_1_drop'====== Args={'value': 51, 'prev_value': None, 'change': True}
2024-11-17 21:00:31,316 : INFO : EventManager : Event: ======'machine_var_audits_shots_upper_2'====== Args={'value': 63, 'prev_value': None, 'change': True}
2024-11-17 21:00:31,316 : INFO : EventManager : Event: ======'machine_var_audits_shots_upper_2_drop'====== Args={'value': 39, 'prev_value': None, 'change': True}
2024-11-17 21:00:31,316 : INFO : EventManager : Event: ======'machine_var_audits_shots_upper_3'====== Args={'value': 25, 'prev_value': None, 'change': True}
2024-11-17 21:00:31,316 : INFO : EventManager : Event: ======'machine_var_audits_shots_upper_3_drop'====== Args={'value': 57, 'prev_value': None, 'change': True}
2024-11-17 21:00:31,316 : INFO : EventManager : Event: ======'machine_var_audits_shots_upper_4'====== Args={'value': 22, 'prev_value': None, 'change': True}
2024-11-17 21:00:31,317 : INFO : EventManager : Event: ======'machine_var_audits_shots_upper_4_drop'====== Args={'value': 70, 'prev_value': None, 'change': True}
2024-11-17 21:00:31,317 : INFO : EventManager : Event: ======'machine_var_audits_shots_upper_left_pop'====== Args={'value': 67, 'prev_value': None, 'change': True}
2024-11-17 21:00:31,317 : INFO : EventManager : Event: ======'machine_var_audits_shots_upper_pop'====== Args={'value': 544, 'prev_value': None, 'change': True}
2024-11-17 21:00:31,317 : INFO : EventManager : Event: ======'machine_var_audits_switches_s_left_flipper1'====== Args={'value': 420, 'prev_value': None, 'change': True}
2024-11-17 21:00:31,317 : INFO : EventManager : Event: ======'machine_var_audits_switches_s_left_flipper2'====== Args={'value': 469, 'prev_value': None, 'change': True}
2024-11-17 21:00:31,317 : INFO : EventManager : Event: ======'machine_var_audits_switches_s_lower_10pt_UPPER'====== Args={'value': 0, 'prev_value': None, 'change': True}
2024-11-17 21:00:31,317 : INFO : EventManager : Event: ======'machine_var_audits_switches_s_lower_10pt_drops'====== Args={'value': 37, 'prev_value': None, 'change': True}
2024-11-17 21:00:31,317 : INFO : EventManager : Event: ======'machine_var_audits_switches_s_lower_10pt_lower'====== Args={'value': 12, 'prev_value': None, 'change': True}
2024-11-17 21:00:31,318 : INFO : EventManager : Event: ======'machine_var_audits_switches_s_lower_10pt_upper'====== Args={'value': 13, 'prev_value': None, 'change': True}
2024-11-17 21:00:31,318 : INFO : EventManager : Event: ======'machine_var_audits_switches_s_lower_1_drop'====== Args={'value': 399, 'prev_value': None, 'change': True}
2024-11-17 21:00:31,318 : INFO : EventManager : Event: ======'machine_var_audits_switches_s_lower_2_drop'====== Args={'value': 12, 'prev_value': None, 'change': True}
2024-11-17 21:00:31,318 : INFO : EventManager : Event: ======'machine_var_audits_switches_s_lower_3_drop'====== Args={'value': 12, 'prev_value': None, 'change': True}
2024-11-17 21:00:31,318 : INFO : EventManager : Event: ======'machine_var_audits_switches_s_lower_4_drop'====== Args={'value': 16, 'prev_value': None, 'change': True}
2024-11-17 21:00:31,318 : INFO : EventManager : Event: ======'machine_var_audits_switches_s_lower_5_drop'====== Args={'value': 17, 'prev_value': None, 'change': True}
2024-11-17 21:00:31,318 : INFO : EventManager : Event: ======'machine_var_audits_switches_s_lower_bonus_left'====== Args={'value': 11, 'prev_value': None, 'change': True}
2024-11-17 21:00:31,318 : INFO : EventManager : Event: ======'machine_var_audits_switches_s_lower_bonus_right'====== Args={'value': 4, 'prev_value': None, 'change': True}
2024-11-17 21:00:31,318 : INFO : EventManager : Event: ======'machine_var_audits_switches_s_lower_kick_target'====== Args={'value': 2, 'prev_value': None, 'change': True}
2024-11-17 21:00:31,318 : INFO : EventManager : Event: ======'machine_var_audits_switches_s_lower_kickout_special'====== Args={'value': 27, 'prev_value': None, 'change': True}
2024-11-17 21:00:31,318 : INFO : EventManager : Event: ======'machine_var_audits_switches_s_lower_pop'====== Args={'value': 28, 'prev_value': None, 'change': True}
2024-11-17 21:00:31,319 : INFO : EventManager : Event: ======'machine_var_audits_switches_s_lower_rollover'====== Args={'value': 59, 'prev_value': None, 'change': True}
2024-11-17 21:00:31,319 : INFO : EventManager : Event: ======'machine_var_audits_switches_s_lower_slingshot'====== Args={'value': 19, 'prev_value': None, 'change': True}
2024-11-17 21:00:31,319 : INFO : EventManager : Event: ======'machine_var_audits_switches_s_lower_vuk'====== Args={'value': 236, 'prev_value': None, 'change': True}
2024-11-17 21:00:31,319 : INFO : EventManager : Event: ======'machine_var_audits_switches_s_main_10pt_left'====== Args={'value': 33, 'prev_value': None, 'change': True}
2024-11-17 21:00:31,319 : INFO : EventManager : Event: ======'machine_var_audits_switches_s_main_1_target'====== Args={'value': 57, 'prev_value': None, 'change': True}
2024-11-17 21:00:31,319 : INFO : EventManager : Event: ======'machine_var_audits_switches_s_main_1_trough'====== Args={'value': 49, 'prev_value': None, 'change': True}
2024-11-17 21:00:31,319 : INFO : EventManager : Event: ======'machine_var_audits_switches_s_main_2_target'====== Args={'value': 56, 'prev_value': None, 'change': True}
2024-11-17 21:00:31,319 : INFO : EventManager : Event: ======'machine_var_audits_switches_s_main_2_trough'====== Args={'value': 63, 'prev_value': None, 'change': True}
2024-11-17 21:00:31,319 : INFO : EventManager : Event: ======'machine_var_audits_switches_s_main_3_target'====== Args={'value': 26, 'prev_value': None, 'change': True}
2024-11-17 21:00:31,319 : INFO : EventManager : Event: ======'machine_var_audits_switches_s_main_4_target'====== Args={'value': 54, 'prev_value': None, 'change': True}
2024-11-17 21:00:31,320 : INFO : EventManager : Event: ======'machine_var_audits_switches_s_main_5_target'====== Args={'value': 58, 'prev_value': None, 'change': True}
2024-11-17 21:00:31,320 : INFO : EventManager : Event: ======'machine_var_audits_switches_s_main_inlane_left'====== Args={'value': 25, 'prev_value': None, 'change': True}
2024-11-17 21:00:31,320 : INFO : EventManager : Event: ======'machine_var_audits_switches_s_main_inlane_right'====== Args={'value': 79, 'prev_value': None, 'change': True}
2024-11-17 21:00:31,320 : INFO : EventManager : Event: ======'machine_var_audits_switches_s_main_kickout_right'====== Args={'value': 131, 'prev_value': None, 'change': True}
2024-11-17 21:00:31,320 : INFO : EventManager : Event: ======'machine_var_audits_switches_s_main_lane_center'====== Args={'value': 106, 'prev_value': None, 'change': True}
2024-11-17 21:00:31,320 : INFO : EventManager : Event: ======'machine_var_audits_switches_s_main_outhole'====== Args={'value': 448, 'prev_value': None, 'change': True}
2024-11-17 21:00:31,320 : INFO : EventManager : Event: ======'machine_var_audits_switches_s_main_outlane_left'====== Args={'value': 18, 'prev_value': None, 'change': True}
2024-11-17 21:00:31,320 : INFO : EventManager : Event: ======'machine_var_audits_switches_s_main_outlane_right'====== Args={'value': 45, 'prev_value': None, 'change': True}
2024-11-17 21:00:31,320 : INFO : EventManager : Event: ======'machine_var_audits_switches_s_main_pop_bottom'====== Args={'value': 227, 'prev_value': None, 'change': True}
2024-11-17 21:00:31,321 : INFO : EventManager : Event: ======'machine_var_audits_switches_s_main_pop_top'====== Args={'value': 132, 'prev_value': None, 'change': True}
2024-11-17 21:00:31,321 : INFO : EventManager : Event: ======'machine_var_audits_switches_s_main_rollunder'====== Args={'value': 105, 'prev_value': None, 'change': True}
2024-11-17 21:00:31,321 : INFO : EventManager : Event: ======'machine_var_audits_switches_s_main_roundabout_rollunder'====== Args={'value': 52, 'prev_value': None, 'change': True}
2024-11-17 21:00:31,321 : INFO : EventManager : Event: ======'machine_var_audits_switches_s_main_secret_trough'====== Args={'value': 30, 'prev_value': None, 'change': True}
2024-11-17 21:00:31,321 : INFO : EventManager : Event: ======'machine_var_audits_switches_s_main_slingshot'====== Args={'value': 239, 'prev_value': None, 'change': True}
2024-11-17 21:00:31,321 : INFO : EventManager : Event: ======'machine_var_audits_switches_s_main_target_right'====== Args={'value': 144, 'prev_value': None, 'change': True}
2024-11-17 21:00:31,321 : INFO : EventManager : Event: ======'machine_var_audits_switches_s_main_trapdoor_trough'====== Args={'value': 0, 'prev_value': None, 'change': True}
2024-11-17 21:00:31,321 : INFO : EventManager : Event: ======'machine_var_audits_switches_s_main_vuk'====== Args={'value': 275, 'prev_value': None, 'change': True}
2024-11-17 21:00:31,321 : INFO : EventManager : Event: ======'machine_var_audits_switches_s_right_flipper1'====== Args={'value': 361, 'prev_value': None, 'change': True}
2024-11-17 21:00:31,322 : INFO : EventManager : Event: ======'machine_var_audits_switches_s_right_flipper2'====== Args={'value': 415, 'prev_value': None, 'change': True}
2024-11-17 21:00:31,322 : INFO : EventManager : Event: ======'machine_var_audits_switches_s_start'====== Args={'value': 7, 'prev_value': None, 'change': True}
2024-11-17 21:00:31,322 : INFO : EventManager : Event: ======'machine_var_audits_switches_s_upper_10pt_center'====== Args={'value': 197, 'prev_value': None, 'change': True}
2024-11-17 21:00:31,322 : INFO : EventManager : Event: ======'machine_var_audits_switches_s_upper_10pt_left'====== Args={'value': 126, 'prev_value': None, 'change': True}
2024-11-17 21:00:31,322 : INFO : EventManager : Event: ======'machine_var_audits_switches_s_upper_1_drop'====== Args={'value': 59, 'prev_value': None, 'change': True}
2024-11-17 21:00:31,322 : INFO : EventManager : Event: ======'machine_var_audits_switches_s_upper_1_target'====== Args={'value': 96, 'prev_value': None, 'change': True}
2024-11-17 21:00:31,322 : INFO : EventManager : Event: ======'machine_var_audits_switches_s_upper_2_drop'====== Args={'value': 56, 'prev_value': None, 'change': True}
2024-11-17 21:00:31,323 : INFO : EventManager : Event: ======'machine_var_audits_switches_s_upper_2_target'====== Args={'value': 149, 'prev_value': None, 'change': True}
2024-11-17 21:00:31,323 : INFO : EventManager : Event: ======'machine_var_audits_switches_s_upper_3_drop'====== Args={'value': 67, 'prev_value': None, 'change': True}
2024-11-17 21:00:31,323 : INFO : EventManager : Event: ======'machine_var_audits_switches_s_upper_3_target'====== Args={'value': 62, 'prev_value': None, 'change': True}
2024-11-17 21:00:31,323 : INFO : EventManager : Event: ======'machine_var_audits_switches_s_upper_4_drop'====== Args={'value': 88, 'prev_value': None, 'change': True}
2024-11-17 21:00:31,323 : INFO : EventManager : Event: ======'machine_var_audits_switches_s_upper_4_target'====== Args={'value': 60, 'prev_value': None, 'change': True}
2024-11-17 21:00:31,323 : INFO : EventManager : Event: ======'machine_var_audits_switches_s_upper_pop'====== Args={'value': 776, 'prev_value': None, 'change': True}
2024-11-17 21:00:31,323 : INFO : EventManager : Event: ======'init_phase_5'====== Args={}
2024-11-17 21:00:31,326 : INFO : EventManager : Event: ======'init_done'====== Args={}
2024-11-17 21:00:31,326 : INFO : EventManager : Event: ======'machine_reset_phase_1'====== Args={}
2024-11-17 21:00:31,326 : INFO : EventManager : Event: ======'machine_reset_phase_2'====== Args={}
2024-11-17 21:00:31,326 : INFO : EventManager : Event: ======'machine_reset_phase_3'====== Args={}
2024-11-17 21:00:31,326 : INFO : drop_target_bank.upper : All targets are already up. Will not reset bank.
2024-11-17 21:00:31,327 : INFO : drop_target_bank.lower : All targets are already up. Will not reset bank.
2024-11-17 21:00:31,327 : INFO : EventManager : Event: ======'reset_complete'====== Args={}
2024-11-17 21:00:31,327 : INFO : EventManager : Event: ======'mode_attract_will_start'====== Args={}
2024-11-17 21:00:31,327 : INFO : EventManager : Event: ======'mode_attract_starting'====== Args={}
2024-11-17 21:00:31,327 : INFO : Mode.attract : Started. Priority: 10
2024-11-17 21:00:31,327 : INFO : EventManager : Event: ======'modes_active_modes_changed'====== Args={}
2024-11-17 21:00:31,327 : INFO : EventManager : Event: ======'mode_attract_started'====== Args={}
2024-11-17 21:00:31,327 : INFO : EventManager : Event: ======'collecting_balls_complete'====== Args={}
2024-11-17 21:00:31,327 : INFO : Machine : Starting the main run loop with active modes: [<Mode.attract>]
2024-11-17 21:00:31,823 : INFO : BcpServer : New client connected.
2024-11-17 21:01:19,280 : INFO : Machine : Shutting down...
2024-11-17 21:01:19,280 : INFO : EventManager : Event: ======'shutdown'====== Args={}
2024-11-17 21:01:19,291 : INFO : root : MPF run loop ended.
