2024-11-19 19:20:02,215 : INFO : root : Loading config.
2024-11-19 19:20:02,243 : INFO : ConfigProcessor : Config spec file cache created: /tmp/config_spec.mpf_cache
2024-11-19 19:20:02,243 : INFO : YamlMultifileConfigLoader : Machine config file #1: config.yaml
2024-11-19 19:20:02,243 : INFO : ConfigProcessor : Loading config from file /home/caw/miniconda3/envs/envp311/lib/python3.11/site-packages/mpf/mpfconfig.yaml.
2024-11-19 19:20:02,249 : INFO : ConfigProcessor : Loading config: /home/caw/miniconda3/envs/envp311/lib/python3.11/site-packages/mpf/mpfconfig.yaml
2024-11-19 19:20:02,249 : INFO : ConfigProcessor : Loading config from file /home/caw/pinball/hauntedhouse/config/config.yaml.
2024-11-19 19:20:02,255 : INFO : ConfigProcessor : Loading config: /home/caw/pinball/hauntedhouse/config/config.yaml
2024-11-19 19:20:02,256 : INFO : ConfigProcessor : Config file cache created: /tmp/248da7825a7099821037453685569d45.mpf_cache
2024-11-19 19:20:02,320 : INFO : ConfigProcessor : Loading config from file /home/caw/miniconda3/envs/envp311/lib/python3.11/site-packages/mpf/modes/attract/config/attract.yaml.
2024-11-19 19:20:02,321 : INFO : ConfigProcessor : Loading config: /home/caw/miniconda3/envs/envp311/lib/python3.11/site-packages/mpf/modes/attract/config/attract.yaml
2024-11-19 19:20:02,321 : INFO : ConfigProcessor : Loading config from file /home/caw/pinball/hauntedhouse/modes/attract/config/attract.yaml.
2024-11-19 19:20:02,321 : INFO : ConfigProcessor : Loading config: /home/caw/pinball/hauntedhouse/modes/attract/config/attract.yaml
2024-11-19 19:20:02,321 : INFO : ConfigProcessor : Config file cache created: /tmp/95514865456cf95aac1ab02b2b9c91d4.mpf_cache
2024-11-19 19:20:02,322 : INFO : ConfigProcessor : Loading config from file /home/caw/miniconda3/envs/envp311/lib/python3.11/site-packages/mpf/modes/game/config/game.yaml.
2024-11-19 19:20:02,323 : INFO : ConfigProcessor : Loading config: /home/caw/miniconda3/envs/envp311/lib/python3.11/site-packages/mpf/modes/game/config/game.yaml
2024-11-19 19:20:02,323 : INFO : ConfigProcessor : Config file cache created: /tmp/03ef85df1864fb5ef5b7e38cbf9eb8a8.mpf_cache
2024-11-19 19:20:02,323 : INFO : ConfigProcessor : Loading config from file /home/caw/pinball/hauntedhouse/modes/base/config/base.yaml.
2024-11-19 19:20:02,325 : INFO : ConfigProcessor : Loading config: /home/caw/pinball/hauntedhouse/modes/base/config/base.yaml
2024-11-19 19:20:02,326 : INFO : ConfigProcessor : Config file cache created: /tmp/6dcc9600f5dbf9a99f5346cc5ca34ea9.mpf_cache
2024-11-19 19:20:02,326 : INFO : ConfigProcessor : Loading config from cache: /tmp/95514865456cf95aac1ab02b2b9c91d4.mpf_cache
2024-11-19 19:20:02,326 : INFO : ConfigProcessor : Loading config from file /home/caw/pinball/hauntedhouse/modes/attract/shows/./attract_light_show.yaml.
2024-11-19 19:20:02,327 : INFO : ConfigProcessor : Loading config: /home/caw/pinball/hauntedhouse/modes/attract/shows/./attract_light_show.yaml
2024-11-19 19:20:02,327 : INFO : ConfigProcessor : Config file cache created: /tmp/2e5ac6493c6686883ff244e5da957f67.mpf_cache
2024-11-19 19:20:02,327 : INFO : Machine : Mission Pinball Framework Core Engine v0.80.0.dev5
2024-11-19 19:20:02,327 : INFO : Machine : Command line arguments: {'no_load_cache': False, 'create_config_cache': True, 'bcp': True, 'configfile': ['config.yaml'], 'force_assets_load': False, 'platform_integration_test': False, 'jsonlogging': False, 'logfile': 'logs/2024-11-19-19-20-02-mpf-caw-System-Product-Name.log', 'pause': False, 'production': False, 'text_ui': True, 'loglevel': 15, 'consoleloglevel': 20, 'force_platform': 'virtual', 'syslog_address': None, 'full_logfile_path': '/home/caw/pinball/hauntedhouse/logs/2024-11-19-19-20-02-mpf-caw-System-Product-Name.log'}
2024-11-19 19:20:02,327 : INFO : Machine : MPF path: /home/caw/miniconda3/envs/envp311/lib/python3.11/site-packages/mpf
2024-11-19 19:20:02,327 : INFO : Machine : Machine path: /home/caw/pinball/hauntedhouse
2024-11-19 19:20:02,327 : INFO : Machine : Platform: linux
2024-11-19 19:20:02,327 : INFO : Machine : Python executable location: /home/caw/miniconda3/envs/envp311/bin/python
2024-11-19 19:20:02,327 : INFO : Machine : Python version: 3.11.10 (64-bit)
2024-11-19 19:20:02,328 : INFO : Machine : Initializing MPF...
2024-11-19 19:20:02,393 : INFO : EventManager : Event: ======'machine_var_credits_string'====== Args={'value': 'FREE PLAY', 'prev_value': None, 'change': True}
2024-11-19 19:20:02,406 : INFO : EventManager : Event: ======'machine_var_master_volume'====== Args={'value': 0.5, 'prev_value': None, 'change': True}
2024-11-19 19:20:02,406 : INFO : EventManager : Event: ======'machine_var_player1_score'====== Args={'value': 81180, 'prev_value': None, 'change': True}
2024-11-19 19:20:02,406 : INFO : EventManager : Event: ======'machine_var_mpf_version'====== Args={'value': 'Mission Pinball Framework v0.80.0.dev5', 'prev_value': None, 'change': True}
2024-11-19 19:20:02,406 : INFO : EventManager : Event: ======'machine_var_mpf_extended_version'====== Args={'value': 'Mission Pinball Framework v0.80.0.dev5, Config version:6, Show version: 6, BCP version:1.1', 'prev_value': None, 'change': True}
2024-11-19 19:20:02,406 : INFO : EventManager : Event: ======'machine_var_python_version'====== Args={'value': '3.11.10', 'prev_value': None, 'change': True}
2024-11-19 19:20:02,408 : INFO : EventManager : Event: ======'machine_var_platform'====== Args={'value': 'Linux-6.8.0-48-generic-x86_64-with-glibc2.39', 'prev_value': None, 'change': True}
2024-11-19 19:20:02,408 : INFO : EventManager : Event: ======'machine_var_platform_system'====== Args={'value': 'Linux', 'prev_value': None, 'change': True}
2024-11-19 19:20:02,408 : INFO : EventManager : Event: ======'machine_var_platform_release'====== Args={'value': '6.8.0-48-generic', 'prev_value': None, 'change': True}
2024-11-19 19:20:02,408 : INFO : EventManager : Event: ======'machine_var_platform_version'====== Args={'value': '#48-Ubuntu SMP PREEMPT_DYNAMIC Fri Sep 27 14:04:52 UTC 2024', 'prev_value': None, 'change': True}
2024-11-19 19:20:02,408 : INFO : EventManager : Event: ======'machine_var_platform_machine'====== Args={'value': 'x86_64', 'prev_value': None, 'change': True}
2024-11-19 19:20:02,408 : INFO : EventManager : Event: ======'machine_var_log_file_path'====== Args={'value': '/home/caw/pinball/hauntedhouse/logs/2024-11-19-19-20-02-mpf-caw-System-Product-Name.log', 'prev_value': None, 'change': True}
2024-11-19 19:20:02,408 : INFO : EventManager : Event: ======'init_phase_1'====== Args={}
2024-11-19 19:20:02,430 : INFO : EventManager : Event: ======'drop_target_bank_upper_up'====== Args={}
2024-11-19 19:20:02,430 : INFO : EventManager : Event: ======'drop_target_bank_lower_up'====== Args={}
2024-11-19 19:20:02,430 : INFO : EventManager : Event: ======'init_phase_2'====== Args={}
2024-11-19 19:20:02,434 : INFO : EventManager : Event: ======'bcp_connection_attempt'====== Args={'name': 'local_display', 'host': 'localhost', 'port': 5050}
2024-11-19 19:20:02,435 : INFO : BCPClientSocket : Connecting BCP to 'local_display' at localhost:5050...
2024-11-19 19:20:06,055 : INFO : Machine : Starting the main run loop with active modes: []
2024-11-19 19:20:06,055 : WARNING : Machine : Attract mode is not active, game will not be playable. Please check your attract mode configuration.
2024-11-19 19:20:06,055 : INFO : Machine : Shutting down...
2024-11-19 19:20:06,055 : INFO : EventManager : Event: ======'shutdown'====== Args={}
2024-11-19 19:20:07,056 : INFO : root : MPF run loop ended.
