2024-12-01 16:45:21,679 : INFO : root : Loading config.
2024-12-01 16:45:21,681 : INFO : YamlMultifileConfigLoader : Machine config file #1: config.yaml
2024-12-01 16:45:21,681 : INFO : ConfigProcessor : Loading config from cache: /var/folders/lw/36nc9wln17qdc1y8dnh6d85h0000gr/T/a187413b8cf7049e0b91852f54cd1afa.mpf_cache
2024-12-01 16:45:21,711 : INFO : ConfigProcessor : Loading config from cache: /var/folders/lw/36nc9wln17qdc1y8dnh6d85h0000gr/T/2e30198d1c841d95b9b3e69c8a0bb49b.mpf_cache
2024-12-01 16:45:21,711 : INFO : ConfigProcessor : Loading config from cache: /var/folders/lw/36nc9wln17qdc1y8dnh6d85h0000gr/T/40928215bbb65374348eff3d4cd7b8bc.mpf_cache
2024-12-01 16:45:21,711 : WARNING : ConfigProcessor : Config file in cache changed: /Users/C_Alan/pinball/hauntedhouse/modes/base/config/base.yaml
2024-12-01 16:45:21,711 : INFO : ConfigProcessor : Loading config from file /Users/C_Alan/pinball/hauntedhouse/modes/base/config/base.yaml.
2024-12-01 16:45:21,718 : INFO : ConfigProcessor : Loading config: /Users/C_Alan/pinball/hauntedhouse/modes/base/config/base.yaml
2024-12-01 16:45:21,719 : INFO : ConfigProcessor : Config file cache created: /var/folders/lw/36nc9wln17qdc1y8dnh6d85h0000gr/T/167ddff969183ffa73a4682c84ddf638.mpf_cache
2024-12-01 16:45:21,719 : INFO : ConfigProcessor : Loading config from cache: /var/folders/lw/36nc9wln17qdc1y8dnh6d85h0000gr/T/2e30198d1c841d95b9b3e69c8a0bb49b.mpf_cache
2024-12-01 16:45:21,719 : INFO : ConfigProcessor : Loading config from cache: /var/folders/lw/36nc9wln17qdc1y8dnh6d85h0000gr/T/f3e7df0542012602a298ddb9f31df321.mpf_cache
2024-12-01 16:45:21,719 : INFO : ConfigProcessor : Loading config from cache: /var/folders/lw/36nc9wln17qdc1y8dnh6d85h0000gr/T/ac27afd8b01174f1412801db135abc1d.mpf_cache
2024-12-01 16:45:21,720 : INFO : ConfigProcessor : Loading config from cache: /var/folders/lw/36nc9wln17qdc1y8dnh6d85h0000gr/T/df2857c909c4a913cc732702f1a197bb.mpf_cache
2024-12-01 16:45:21,720 : INFO : ConfigProcessor : Loading config from cache: /var/folders/lw/36nc9wln17qdc1y8dnh6d85h0000gr/T/1ab5c5e749213b44f20a4087626085fd.mpf_cache
2024-12-01 16:45:21,720 : INFO : ConfigProcessor : Loading config from cache: /var/folders/lw/36nc9wln17qdc1y8dnh6d85h0000gr/T/176bdc82e0948b16c38e3d140ac1de4b.mpf_cache
2024-12-01 16:45:21,720 : INFO : Machine : Mission Pinball Framework Core Engine v0.80.0.dev5
2024-12-01 16:45:21,720 : INFO : Machine : Command line arguments: {'no_load_cache': False, 'create_config_cache': True, 'bcp': True, 'configfile': ['config.yaml'], 'force_assets_load': False, 'platform_integration_test': False, 'jsonlogging': False, 'logfile': 'logs/2024-12-01-16-45-21-mpf-Macpro.local.log', 'pause': False, 'production': False, 'text_ui': True, 'loglevel': 15, 'consoleloglevel': 20, 'force_platform': 'virtual', 'syslog_address': None, 'full_logfile_path': '/Users/C_Alan/pinball/hauntedhouse/logs/2024-12-01-16-45-21-mpf-Macpro.local.log'}
2024-12-01 16:45:21,720 : INFO : Machine : MPF path: /Users/C_Alan/envp311/lib/python3.11/site-packages/mpf
2024-12-01 16:45:21,720 : INFO : Machine : Machine path: /Users/C_Alan/pinball/hauntedhouse
2024-12-01 16:45:21,720 : INFO : Machine : Platform: darwin
2024-12-01 16:45:21,720 : INFO : Machine : Python executable location: /Users/C_Alan/envp311/bin/python3.11
2024-12-01 16:45:21,721 : INFO : Machine : Python version: 3.11.0 (64-bit)
2024-12-01 16:45:21,721 : INFO : Machine : Initializing MPF...
2024-12-01 16:45:21,747 : INFO : EventManager : Event: ======'machine_var_credits_string'====== Args={'value': 'FREE PLAY', 'prev_value': None, 'change': True}
2024-12-01 16:45:21,755 : INFO : EventManager : Event: ======'machine_var_master_volume'====== Args={'value': 0.5, 'prev_value': None, 'change': True}
2024-12-01 16:45:21,755 : INFO : EventManager : Event: ======'machine_var_player1_score'====== Args={'value': 32800, 'prev_value': None, 'change': True}
2024-12-01 16:45:21,755 : INFO : EventManager : Event: ======'machine_var_mpf_version'====== Args={'value': 'Mission Pinball Framework v0.80.0.dev5', 'prev_value': None, 'change': True}
2024-12-01 16:45:21,755 : INFO : EventManager : Event: ======'machine_var_mpf_extended_version'====== Args={'value': 'Mission Pinball Framework v0.80.0.dev5, Config version:6, Show version: 6, BCP version:1.1', 'prev_value': None, 'change': True}
2024-12-01 16:45:21,755 : INFO : EventManager : Event: ======'machine_var_python_version'====== Args={'value': '3.11.0', 'prev_value': None, 'change': True}
2024-12-01 16:45:21,766 : INFO : EventManager : Event: ======'machine_var_platform'====== Args={'value': 'macOS-14.6.1-x86_64-i386-64bit', 'prev_value': None, 'change': True}
2024-12-01 16:45:21,766 : INFO : EventManager : Event: ======'machine_var_platform_system'====== Args={'value': 'Darwin', 'prev_value': None, 'change': True}
2024-12-01 16:45:21,766 : INFO : EventManager : Event: ======'machine_var_platform_release'====== Args={'value': '23.6.0', 'prev_value': None, 'change': True}
2024-12-01 16:45:21,766 : INFO : EventManager : Event: ======'machine_var_platform_version'====== Args={'value': 'Darwin Kernel Version 23.6.0: Mon Jul 29 21:13:00 PDT 2024; root:xnu-10063.141.2~1/RELEASE_X86_64', 'prev_value': None, 'change': True}
2024-12-01 16:45:21,766 : INFO : EventManager : Event: ======'machine_var_platform_machine'====== Args={'value': 'x86_64', 'prev_value': None, 'change': True}
2024-12-01 16:45:21,766 : INFO : EventManager : Event: ======'machine_var_log_file_path'====== Args={'value': '/Users/C_Alan/pinball/hauntedhouse/logs/2024-12-01-16-45-21-mpf-Macpro.local.log', 'prev_value': None, 'change': True}
2024-12-01 16:45:21,766 : INFO : EventManager : Event: ======'init_phase_1'====== Args={}
2024-12-01 16:45:21,803 : INFO : EventManager : Event: ======'drop_target_bank_upper_up'====== Args={}
2024-12-01 16:45:21,803 : INFO : EventManager : Event: ======'drop_target_bank_lower_up'====== Args={}
2024-12-01 16:45:21,803 : INFO : EventManager : Event: ======'init_phase_2'====== Args={}
2024-12-01 16:45:21,809 : INFO : EventManager : Event: ======'bcp_connection_attempt'====== Args={'name': 'local_display', 'host': 'localhost', 'port': 5050}
2024-12-01 16:45:21,810 : INFO : BCPClientSocket : Connecting BCP to 'local_display' at localhost:5050...
2024-12-01 16:45:27,026 : INFO : BCPClientSocket : Connected BCP to 'local_display' localhost:5050
2024-12-01 16:45:27,027 : INFO : EventManager : Event: ======'bcp_clients_connected'====== Args={}
2024-12-01 16:45:27,028 : INFO : ball_device.bd_drain : BCH: Initial count: 0
2024-12-01 16:45:27,028 : INFO : ball_device.bd_drain : State: idle
2024-12-01 16:45:27,028 : INFO : ball_device.bd_lower_vuk : BCH: Initial count: 0
2024-12-01 16:45:27,028 : INFO : ball_device.bd_lower_vuk : State: idle
2024-12-01 16:45:27,029 : INFO : ball_device.bd_lower_kickout_special : BCH: Initial count: 0
2024-12-01 16:45:27,029 : INFO : ball_device.bd_lower_kickout_special : State: idle
2024-12-01 16:45:27,029 : INFO : ball_device.bd_main_vuk : BCH: Initial count: 0
2024-12-01 16:45:27,029 : INFO : ball_device.bd_main_vuk : State: idle
2024-12-01 16:45:27,030 : INFO : ball_device.bd_main_kickout_right : BCH: Initial count: 0
2024-12-01 16:45:27,030 : INFO : ball_device.bd_main_kickout_right : State: idle
2024-12-01 16:45:27,031 : INFO : ball_device.bd_main_kickout_lane : BCH: Initial count: 0
2024-12-01 16:45:27,031 : INFO : ball_device.bd_main_kickout_lane : State: idle
2024-12-01 16:45:27,039 : INFO : EventManager : Event: ======'init_phase_3'====== Args={}
2024-12-01 16:45:27,050 : INFO : EventManager : Event: ======'init_phase_4'====== Args={}
2024-12-01 16:45:27,050 : INFO : BallController : Initial balls found: 0
2024-12-01 16:45:27,051 : INFO : EventManager : Event: ======'machine_var_audits_events_game_ended'====== Args={'value': 91, 'prev_value': None, 'change': True}
2024-12-01 16:45:27,051 : INFO : EventManager : Event: ======'machine_var_audits_events_game_started'====== Args={'value': 217, 'prev_value': None, 'change': True}
2024-12-01 16:45:27,051 : INFO : EventManager : Event: ======'machine_var_audits_missing_switches_s_left_flipper1'====== Args={'value': 23, 'prev_value': None, 'change': True}
2024-12-01 16:45:27,052 : INFO : EventManager : Event: ======'machine_var_audits_missing_switches_s_left_flipper2'====== Args={'value': 23, 'prev_value': None, 'change': True}
2024-12-01 16:45:27,052 : INFO : EventManager : Event: ======'machine_var_audits_missing_switches_s_lower_10pt_drops'====== Args={'value': 24, 'prev_value': None, 'change': True}
2024-12-01 16:45:27,052 : INFO : EventManager : Event: ======'machine_var_audits_missing_switches_s_lower_10pt_lower'====== Args={'value': 24, 'prev_value': None, 'change': True}
2024-12-01 16:45:27,052 : INFO : EventManager : Event: ======'machine_var_audits_missing_switches_s_lower_10pt_upper'====== Args={'value': 24, 'prev_value': None, 'change': True}
2024-12-01 16:45:27,052 : INFO : EventManager : Event: ======'machine_var_audits_missing_switches_s_lower_1_drop'====== Args={'value': 24, 'prev_value': None, 'change': True}
2024-12-01 16:45:27,052 : INFO : EventManager : Event: ======'machine_var_audits_missing_switches_s_lower_2_drop'====== Args={'value': 24, 'prev_value': None, 'change': True}
2024-12-01 16:45:27,052 : INFO : EventManager : Event: ======'machine_var_audits_missing_switches_s_lower_3_drop'====== Args={'value': 24, 'prev_value': None, 'change': True}
2024-12-01 16:45:27,052 : INFO : EventManager : Event: ======'machine_var_audits_missing_switches_s_lower_4_drop'====== Args={'value': 24, 'prev_value': None, 'change': True}
2024-12-01 16:45:27,052 : INFO : EventManager : Event: ======'machine_var_audits_missing_switches_s_lower_5_drop'====== Args={'value': 24, 'prev_value': None, 'change': True}
2024-12-01 16:45:27,052 : INFO : EventManager : Event: ======'machine_var_audits_missing_switches_s_lower_bonus_left'====== Args={'value': 24, 'prev_value': None, 'change': True}
2024-12-01 16:45:27,052 : INFO : EventManager : Event: ======'machine_var_audits_missing_switches_s_lower_bonus_right'====== Args={'value': 24, 'prev_value': None, 'change': True}
2024-12-01 16:45:27,052 : INFO : EventManager : Event: ======'machine_var_audits_missing_switches_s_lower_kick_target'====== Args={'value': 25, 'prev_value': None, 'change': True}
2024-12-01 16:45:27,052 : INFO : EventManager : Event: ======'machine_var_audits_missing_switches_s_lower_kickout_special'====== Args={'value': 24, 'prev_value': None, 'change': True}
2024-12-01 16:45:27,052 : INFO : EventManager : Event: ======'machine_var_audits_missing_switches_s_lower_pop'====== Args={'value': 12, 'prev_value': None, 'change': True}
2024-12-01 16:45:27,053 : INFO : EventManager : Event: ======'machine_var_audits_missing_switches_s_lower_rollover'====== Args={'value': 23, 'prev_value': None, 'change': True}
2024-12-01 16:45:27,053 : INFO : EventManager : Event: ======'machine_var_audits_missing_switches_s_lower_slingshot'====== Args={'value': 25, 'prev_value': None, 'change': True}
2024-12-01 16:45:27,053 : INFO : EventManager : Event: ======'machine_var_audits_missing_switches_s_lower_vuk'====== Args={'value': 23, 'prev_value': None, 'change': True}
2024-12-01 16:45:27,053 : INFO : EventManager : Event: ======'machine_var_audits_missing_switches_s_main_10pt_left'====== Args={'value': 24, 'prev_value': None, 'change': True}
2024-12-01 16:45:27,053 : INFO : EventManager : Event: ======'machine_var_audits_missing_switches_s_main_1_target'====== Args={'value': 26, 'prev_value': None, 'change': True}
2024-12-01 16:45:27,053 : INFO : EventManager : Event: ======'machine_var_audits_missing_switches_s_main_1_trough'====== Args={'value': 7, 'prev_value': None, 'change': True}
2024-12-01 16:45:27,053 : INFO : EventManager : Event: ======'machine_var_audits_missing_switches_s_main_2_target'====== Args={'value': 25, 'prev_value': None, 'change': True}
2024-12-01 16:45:27,053 : INFO : EventManager : Event: ======'machine_var_audits_missing_switches_s_main_2_trough'====== Args={'value': 2, 'prev_value': None, 'change': True}
2024-12-01 16:45:27,053 : INFO : EventManager : Event: ======'machine_var_audits_missing_switches_s_main_3_target'====== Args={'value': 23, 'prev_value': None, 'change': True}
2024-12-01 16:45:27,054 : INFO : EventManager : Event: ======'machine_var_audits_missing_switches_s_main_4_target'====== Args={'value': 12, 'prev_value': None, 'change': True}
2024-12-01 16:45:27,054 : INFO : EventManager : Event: ======'machine_var_audits_missing_switches_s_main_5_target'====== Args={'value': 12, 'prev_value': None, 'change': True}
2024-12-01 16:45:27,054 : INFO : EventManager : Event: ======'machine_var_audits_missing_switches_s_main_inlane_right'====== Args={'value': 23, 'prev_value': None, 'change': True}
2024-12-01 16:45:27,054 : INFO : EventManager : Event: ======'machine_var_audits_missing_switches_s_main_kickout_right'====== Args={'value': 25, 'prev_value': None, 'change': True}
2024-12-01 16:45:27,054 : INFO : EventManager : Event: ======'machine_var_audits_missing_switches_s_main_lane_center'====== Args={'value': 23, 'prev_value': None, 'change': True}
2024-12-01 16:45:27,054 : INFO : EventManager : Event: ======'machine_var_audits_missing_switches_s_main_outhole'====== Args={'value': 3, 'prev_value': None, 'change': True}
2024-12-01 16:45:27,054 : INFO : EventManager : Event: ======'machine_var_audits_missing_switches_s_main_outlane_left'====== Args={'value': 23, 'prev_value': None, 'change': True}
2024-12-01 16:45:27,054 : INFO : EventManager : Event: ======'machine_var_audits_missing_switches_s_main_outlane_right'====== Args={'value': 23, 'prev_value': None, 'change': True}
2024-12-01 16:45:27,055 : INFO : EventManager : Event: ======'machine_var_audits_missing_switches_s_main_pop_bottom'====== Args={'value': 23, 'prev_value': None, 'change': True}
2024-12-01 16:45:27,055 : INFO : EventManager : Event: ======'machine_var_audits_missing_switches_s_main_pop_top'====== Args={'value': 23, 'prev_value': None, 'change': True}
2024-12-01 16:45:27,055 : INFO : EventManager : Event: ======'machine_var_audits_missing_switches_s_main_rollunder'====== Args={'value': 25, 'prev_value': None, 'change': True}
2024-12-01 16:45:27,055 : INFO : EventManager : Event: ======'machine_var_audits_missing_switches_s_main_secret_trough'====== Args={'value': 3, 'prev_value': None, 'change': True}
2024-12-01 16:45:27,055 : INFO : EventManager : Event: ======'machine_var_audits_missing_switches_s_main_slingshot'====== Args={'value': 23, 'prev_value': None, 'change': True}
2024-12-01 16:45:27,055 : INFO : EventManager : Event: ======'machine_var_audits_missing_switches_s_main_target_right'====== Args={'value': 23, 'prev_value': None, 'change': True}
2024-12-01 16:45:27,055 : INFO : EventManager : Event: ======'machine_var_audits_missing_switches_s_main_trapdoor_trough'====== Args={'value': 12, 'prev_value': None, 'change': True}
2024-12-01 16:45:27,055 : INFO : EventManager : Event: ======'machine_var_audits_missing_switches_s_main_vuk'====== Args={'value': 23, 'prev_value': None, 'change': True}
2024-12-01 16:45:27,055 : INFO : EventManager : Event: ======'machine_var_audits_missing_switches_s_right_flipper1'====== Args={'value': 23, 'prev_value': None, 'change': True}
2024-12-01 16:45:27,055 : INFO : EventManager : Event: ======'machine_var_audits_missing_switches_s_right_flipper2'====== Args={'value': 23, 'prev_value': None, 'change': True}
2024-12-01 16:45:27,056 : INFO : EventManager : Event: ======'machine_var_audits_missing_switches_s_start'====== Args={'value': 9, 'prev_value': None, 'change': True}
2024-12-01 16:45:27,056 : INFO : EventManager : Event: ======'machine_var_audits_missing_switches_s_upper_10pt_center'====== Args={'value': 23, 'prev_value': None, 'change': True}
2024-12-01 16:45:27,056 : INFO : EventManager : Event: ======'machine_var_audits_missing_switches_s_upper_10pt_left'====== Args={'value': 25, 'prev_value': None, 'change': True}
2024-12-01 16:45:27,056 : INFO : EventManager : Event: ======'machine_var_audits_missing_switches_s_upper_1_drop'====== Args={'value': 6, 'prev_value': None, 'change': True}
2024-12-01 16:45:27,056 : INFO : EventManager : Event: ======'machine_var_audits_missing_switches_s_upper_1_target'====== Args={'value': 5, 'prev_value': None, 'change': True}
2024-12-01 16:45:27,056 : INFO : EventManager : Event: ======'machine_var_audits_missing_switches_s_upper_2_drop'====== Args={'value': 9, 'prev_value': None, 'change': True}
2024-12-01 16:45:27,056 : INFO : EventManager : Event: ======'machine_var_audits_missing_switches_s_upper_2_target'====== Args={'value': 11, 'prev_value': None, 'change': True}
2024-12-01 16:45:27,056 : INFO : EventManager : Event: ======'machine_var_audits_missing_switches_s_upper_3_drop'====== Args={'value': 9, 'prev_value': None, 'change': True}
2024-12-01 16:45:27,057 : INFO : EventManager : Event: ======'machine_var_audits_missing_switches_s_upper_3_target'====== Args={'value': 6, 'prev_value': None, 'change': True}
2024-12-01 16:45:27,057 : INFO : EventManager : Event: ======'machine_var_audits_missing_switches_s_upper_4_drop'====== Args={'value': 2, 'prev_value': None, 'change': True}
2024-12-01 16:45:27,057 : INFO : EventManager : Event: ======'machine_var_audits_missing_switches_s_upper_4_target'====== Args={'value': 14, 'prev_value': None, 'change': True}
2024-12-01 16:45:27,057 : INFO : EventManager : Event: ======'machine_var_audits_player_score'====== Args={'value': {'average': 32739, 'top': [211150, 170050, 162330, 120480, 114590, 92630, 88790, 81180, 78890, 77830], 'total': 94}, 'prev_value': None, 'change': True}
2024-12-01 16:45:27,057 : INFO : EventManager : Event: ======'machine_var_audits_shots_10pt'====== Args={'value': 259, 'prev_value': None, 'change': True}
2024-12-01 16:45:27,057 : INFO : EventManager : Event: ======'machine_var_audits_shots_left_inlane'====== Args={'value': 26, 'prev_value': None, 'change': True}
2024-12-01 16:45:27,057 : INFO : EventManager : Event: ======'machine_var_audits_shots_left_outlane'====== Args={'value': 15, 'prev_value': None, 'change': True}
2024-12-01 16:45:27,057 : INFO : EventManager : Event: ======'machine_var_audits_shots_lower_10pt_drops'====== Args={'value': 57, 'prev_value': None, 'change': True}
2024-12-01 16:45:27,058 : INFO : EventManager : Event: ======'machine_var_audits_shots_lower_10pt_lower'====== Args={'value': 21, 'prev_value': None, 'change': True}
2024-12-01 16:45:27,058 : INFO : EventManager : Event: ======'machine_var_audits_shots_lower_10pt_upper'====== Args={'value': 20, 'prev_value': None, 'change': True}
2024-12-01 16:45:27,058 : INFO : EventManager : Event: ======'machine_var_audits_shots_lower_1_drop'====== Args={'value': 52, 'prev_value': None, 'change': True}
2024-12-01 16:45:27,058 : INFO : EventManager : Event: ======'machine_var_audits_shots_lower_2_drop'====== Args={'value': 18, 'prev_value': None, 'change': True}
2024-12-01 16:45:27,058 : INFO : EventManager : Event: ======'machine_var_audits_shots_lower_3_drop'====== Args={'value': 20, 'prev_value': None, 'change': True}
2024-12-01 16:45:27,058 : INFO : EventManager : Event: ======'machine_var_audits_shots_lower_4_drop'====== Args={'value': 25, 'prev_value': None, 'change': True}
2024-12-01 16:45:27,058 : INFO : EventManager : Event: ======'machine_var_audits_shots_lower_5_drop'====== Args={'value': 27, 'prev_value': None, 'change': True}
2024-12-01 16:45:27,058 : INFO : EventManager : Event: ======'machine_var_audits_shots_lower_hole'====== Args={'value': 43, 'prev_value': None, 'change': True}
2024-12-01 16:45:27,058 : INFO : EventManager : Event: ======'machine_var_audits_shots_lower_kick_target'====== Args={'value': 6, 'prev_value': None, 'change': True}
2024-12-01 16:45:27,059 : INFO : EventManager : Event: ======'machine_var_audits_shots_lower_left'====== Args={'value': 21, 'prev_value': None, 'change': True}
2024-12-01 16:45:27,059 : INFO : EventManager : Event: ======'machine_var_audits_shots_lower_left_pop'====== Args={'value': 237, 'prev_value': None, 'change': True}
2024-12-01 16:45:27,059 : INFO : EventManager : Event: ======'machine_var_audits_shots_lower_pop'====== Args={'value': 55, 'prev_value': None, 'change': True}
2024-12-01 16:45:27,059 : INFO : EventManager : Event: ======'machine_var_audits_shots_lower_right'====== Args={'value': 8, 'prev_value': None, 'change': True}
2024-12-01 16:45:27,059 : INFO : EventManager : Event: ======'machine_var_audits_shots_lower_rollover'====== Args={'value': 36, 'prev_value': None, 'change': True}
2024-12-01 16:45:27,059 : INFO : EventManager : Event: ======'machine_var_audits_shots_lower_slingshot'====== Args={'value': 34, 'prev_value': None, 'change': True}
2024-12-01 16:45:27,059 : INFO : EventManager : Event: ======'machine_var_audits_shots_main_1'====== Args={'value': 33, 'prev_value': None, 'change': True}
2024-12-01 16:45:27,059 : INFO : EventManager : Event: ======'machine_var_audits_shots_main_2'====== Args={'value': 35, 'prev_value': None, 'change': True}
2024-12-01 16:45:27,059 : INFO : EventManager : Event: ======'machine_var_audits_shots_main_3'====== Args={'value': 32, 'prev_value': None, 'change': True}
2024-12-01 16:45:27,060 : INFO : EventManager : Event: ======'machine_var_audits_shots_main_4'====== Args={'value': 55, 'prev_value': None, 'change': True}
2024-12-01 16:45:27,060 : INFO : EventManager : Event: ======'machine_var_audits_shots_main_5'====== Args={'value': 29, 'prev_value': None, 'change': True}
2024-12-01 16:45:27,060 : INFO : EventManager : Event: ======'machine_var_audits_shots_main_slingshot'====== Args={'value': 57, 'prev_value': None, 'change': True}
2024-12-01 16:45:27,060 : INFO : EventManager : Event: ======'machine_var_audits_shots_main_trough_1'====== Args={'value': 27, 'prev_value': None, 'change': True}
2024-12-01 16:45:27,060 : INFO : EventManager : Event: ======'machine_var_audits_shots_main_trough_2'====== Args={'value': 38, 'prev_value': None, 'change': True}
2024-12-01 16:45:27,060 : INFO : EventManager : Event: ======'machine_var_audits_shots_right_inlane'====== Args={'value': 83, 'prev_value': None, 'change': True}
2024-12-01 16:45:27,060 : INFO : EventManager : Event: ======'machine_var_audits_shots_right_kickout'====== Args={'value': 37, 'prev_value': None, 'change': True}
2024-12-01 16:45:27,060 : INFO : EventManager : Event: ======'machine_var_audits_shots_right_outlane'====== Args={'value': 47, 'prev_value': None, 'change': True}
2024-12-01 16:45:27,061 : INFO : EventManager : Event: ======'machine_var_audits_shots_rollunder'====== Args={'value': 116, 'prev_value': None, 'change': True}
2024-12-01 16:45:27,061 : INFO : EventManager : Event: ======'machine_var_audits_shots_secret_passage_trough'====== Args={'value': 12, 'prev_value': None, 'change': True}
2024-12-01 16:45:27,061 : INFO : EventManager : Event: ======'machine_var_audits_shots_standup_right'====== Args={'value': 103, 'prev_value': None, 'change': True}
2024-12-01 16:45:27,061 : INFO : EventManager : Event: ======'machine_var_audits_shots_trapdoor_trough'====== Args={'value': 13, 'prev_value': None, 'change': True}
2024-12-01 16:45:27,061 : INFO : EventManager : Event: ======'machine_var_audits_shots_upper_1'====== Args={'value': 109, 'prev_value': None, 'change': True}
2024-12-01 16:45:27,061 : INFO : EventManager : Event: ======'machine_var_audits_shots_upper_1_drop'====== Args={'value': 198, 'prev_value': None, 'change': True}
2024-12-01 16:45:27,061 : INFO : EventManager : Event: ======'machine_var_audits_shots_upper_2'====== Args={'value': 94, 'prev_value': None, 'change': True}
2024-12-01 16:45:27,061 : INFO : EventManager : Event: ======'machine_var_audits_shots_upper_2_drop'====== Args={'value': 85, 'prev_value': None, 'change': True}
2024-12-01 16:45:27,062 : INFO : EventManager : Event: ======'machine_var_audits_shots_upper_3'====== Args={'value': 49, 'prev_value': None, 'change': True}
2024-12-01 16:45:27,062 : INFO : EventManager : Event: ======'machine_var_audits_shots_upper_3_drop'====== Args={'value': 116, 'prev_value': None, 'change': True}
2024-12-01 16:45:27,062 : INFO : EventManager : Event: ======'machine_var_audits_shots_upper_4'====== Args={'value': 46, 'prev_value': None, 'change': True}
2024-12-01 16:45:27,062 : INFO : EventManager : Event: ======'machine_var_audits_shots_upper_4_drop'====== Args={'value': 192, 'prev_value': None, 'change': True}
2024-12-01 16:45:27,062 : INFO : EventManager : Event: ======'machine_var_audits_shots_upper_left_pop'====== Args={'value': 120, 'prev_value': None, 'change': True}
2024-12-01 16:45:27,062 : INFO : EventManager : Event: ======'machine_var_audits_shots_upper_pop'====== Args={'value': 664, 'prev_value': None, 'change': True}
2024-12-01 16:45:27,062 : INFO : EventManager : Event: ======'machine_var_audits_switches_s_left_flipper1'====== Args={'value': 549, 'prev_value': None, 'change': True}
2024-12-01 16:45:27,063 : INFO : EventManager : Event: ======'machine_var_audits_switches_s_left_flipper2'====== Args={'value': 573, 'prev_value': None, 'change': True}
2024-12-01 16:45:27,063 : INFO : EventManager : Event: ======'machine_var_audits_switches_s_lower_10pt_UPPER'====== Args={'value': 0, 'prev_value': None, 'change': True}
2024-12-01 16:45:27,063 : INFO : EventManager : Event: ======'machine_var_audits_switches_s_lower_10pt_drops'====== Args={'value': 57, 'prev_value': None, 'change': True}
2024-12-01 16:45:27,063 : INFO : EventManager : Event: ======'machine_var_audits_switches_s_lower_10pt_lower'====== Args={'value': 21, 'prev_value': None, 'change': True}
2024-12-01 16:45:27,063 : INFO : EventManager : Event: ======'machine_var_audits_switches_s_lower_10pt_upper'====== Args={'value': 20, 'prev_value': None, 'change': True}
2024-12-01 16:45:27,063 : INFO : EventManager : Event: ======'machine_var_audits_switches_s_lower_1_drop'====== Args={'value': 407, 'prev_value': None, 'change': True}
2024-12-01 16:45:27,063 : INFO : EventManager : Event: ======'machine_var_audits_switches_s_lower_2_drop'====== Args={'value': 18, 'prev_value': None, 'change': True}
2024-12-01 16:45:27,064 : INFO : EventManager : Event: ======'machine_var_audits_switches_s_lower_3_drop'====== Args={'value': 20, 'prev_value': None, 'change': True}
2024-12-01 16:45:27,064 : INFO : EventManager : Event: ======'machine_var_audits_switches_s_lower_4_drop'====== Args={'value': 25, 'prev_value': None, 'change': True}
2024-12-01 16:45:27,064 : INFO : EventManager : Event: ======'machine_var_audits_switches_s_lower_5_drop'====== Args={'value': 27, 'prev_value': None, 'change': True}
2024-12-01 16:45:27,064 : INFO : EventManager : Event: ======'machine_var_audits_switches_s_lower_bonus_left'====== Args={'value': 21, 'prev_value': None, 'change': True}
2024-12-01 16:45:27,064 : INFO : EventManager : Event: ======'machine_var_audits_switches_s_lower_bonus_right'====== Args={'value': 8, 'prev_value': None, 'change': True}
2024-12-01 16:45:27,064 : INFO : EventManager : Event: ======'machine_var_audits_switches_s_lower_kick_target'====== Args={'value': 6, 'prev_value': None, 'change': True}
2024-12-01 16:45:27,064 : INFO : EventManager : Event: ======'machine_var_audits_switches_s_lower_kickout_special'====== Args={'value': 43, 'prev_value': None, 'change': True}
2024-12-01 16:45:27,065 : INFO : EventManager : Event: ======'machine_var_audits_switches_s_lower_pop'====== Args={'value': 55, 'prev_value': None, 'change': True}
2024-12-01 16:45:27,065 : INFO : EventManager : Event: ======'machine_var_audits_switches_s_lower_rollover'====== Args={'value': 64, 'prev_value': None, 'change': True}
2024-12-01 16:45:27,065 : INFO : EventManager : Event: ======'machine_var_audits_switches_s_lower_slingshot'====== Args={'value': 34, 'prev_value': None, 'change': True}
2024-12-01 16:45:27,065 : INFO : EventManager : Event: ======'machine_var_audits_switches_s_lower_vuk'====== Args={'value': 264, 'prev_value': None, 'change': True}
2024-12-01 16:45:27,065 : INFO : EventManager : Event: ======'machine_var_audits_switches_s_main_10pt_left'====== Args={'value': 37, 'prev_value': None, 'change': True}
2024-12-01 16:45:27,065 : INFO : EventManager : Event: ======'machine_var_audits_switches_s_main_1_target'====== Args={'value': 60, 'prev_value': None, 'change': True}
2024-12-01 16:45:27,065 : INFO : EventManager : Event: ======'machine_var_audits_switches_s_main_1_trough'====== Args={'value': 60, 'prev_value': None, 'change': True}
2024-12-01 16:45:27,066 : INFO : EventManager : Event: ======'machine_var_audits_switches_s_main_2_target'====== Args={'value': 58, 'prev_value': None, 'change': True}
2024-12-01 16:45:27,066 : INFO : EventManager : Event: ======'machine_var_audits_switches_s_main_2_trough'====== Args={'value': 102, 'prev_value': None, 'change': True}
2024-12-01 16:45:27,066 : INFO : EventManager : Event: ======'machine_var_audits_switches_s_main_3_target'====== Args={'value': 32, 'prev_value': None, 'change': True}
2024-12-01 16:45:27,066 : INFO : EventManager : Event: ======'machine_var_audits_switches_s_main_4_target'====== Args={'value': 71, 'prev_value': None, 'change': True}
2024-12-01 16:45:27,066 : INFO : EventManager : Event: ======'machine_var_audits_switches_s_main_5_target'====== Args={'value': 63, 'prev_value': None, 'change': True}
2024-12-01 16:45:27,066 : INFO : EventManager : Event: ======'machine_var_audits_switches_s_main_inlane_left'====== Args={'value': 31, 'prev_value': None, 'change': True}
2024-12-01 16:45:27,067 : INFO : EventManager : Event: ======'machine_var_audits_switches_s_main_inlane_right'====== Args={'value': 88, 'prev_value': None, 'change': True}
2024-12-01 16:45:27,067 : INFO : EventManager : Event: ======'machine_var_audits_switches_s_main_kickout_right'====== Args={'value': 135, 'prev_value': None, 'change': True}
2024-12-01 16:45:27,067 : INFO : EventManager : Event: ======'machine_var_audits_switches_s_main_lane_center'====== Args={'value': 143, 'prev_value': None, 'change': True}
2024-12-01 16:45:27,067 : INFO : EventManager : Event: ======'machine_var_audits_switches_s_main_outhole'====== Args={'value': 651, 'prev_value': None, 'change': True}
2024-12-01 16:45:27,067 : INFO : EventManager : Event: ======'machine_var_audits_switches_s_main_outlane_left'====== Args={'value': 22, 'prev_value': None, 'change': True}
2024-12-01 16:45:27,068 : INFO : EventManager : Event: ======'machine_var_audits_switches_s_main_outlane_right'====== Args={'value': 48, 'prev_value': None, 'change': True}
2024-12-01 16:45:27,068 : INFO : EventManager : Event: ======'machine_var_audits_switches_s_main_pop_bottom'====== Args={'value': 265, 'prev_value': None, 'change': True}
2024-12-01 16:45:27,068 : INFO : EventManager : Event: ======'machine_var_audits_switches_s_main_pop_top'====== Args={'value': 185, 'prev_value': None, 'change': True}
2024-12-01 16:45:27,068 : INFO : EventManager : Event: ======'machine_var_audits_switches_s_main_rollunder'====== Args={'value': 116, 'prev_value': None, 'change': True}
2024-12-01 16:45:27,068 : INFO : EventManager : Event: ======'machine_var_audits_switches_s_main_roundabout_rollunder'====== Args={'value': 52, 'prev_value': None, 'change': True}
2024-12-01 16:45:27,068 : INFO : EventManager : Event: ======'machine_var_audits_switches_s_main_secret_trough'====== Args={'value': 42, 'prev_value': None, 'change': True}
2024-12-01 16:45:27,069 : INFO : EventManager : Event: ======'machine_var_audits_switches_s_main_slingshot'====== Args={'value': 252, 'prev_value': None, 'change': True}
2024-12-01 16:45:27,069 : INFO : EventManager : Event: ======'machine_var_audits_switches_s_main_target_right'====== Args={'value': 156, 'prev_value': None, 'change': True}
2024-12-01 16:45:27,069 : INFO : EventManager : Event: ======'machine_var_audits_switches_s_main_trapdoor_trough'====== Args={'value': 13, 'prev_value': None, 'change': True}
2024-12-01 16:45:27,069 : INFO : EventManager : Event: ======'machine_var_audits_switches_s_main_vuk'====== Args={'value': 293, 'prev_value': None, 'change': True}
2024-12-01 16:45:27,069 : INFO : EventManager : Event: ======'machine_var_audits_switches_s_right_flipper1'====== Args={'value': 476, 'prev_value': None, 'change': True}
2024-12-01 16:45:27,069 : INFO : EventManager : Event: ======'machine_var_audits_switches_s_right_flipper2'====== Args={'value': 486, 'prev_value': None, 'change': True}
2024-12-01 16:45:27,070 : INFO : EventManager : Event: ======'machine_var_audits_switches_s_start'====== Args={'value': 7, 'prev_value': None, 'change': True}
2024-12-01 16:45:27,070 : INFO : EventManager : Event: ======'machine_var_audits_switches_s_upper_10pt_center'====== Args={'value': 201, 'prev_value': None, 'change': True}
2024-12-01 16:45:27,070 : INFO : EventManager : Event: ======'machine_var_audits_switches_s_upper_10pt_left'====== Args={'value': 127, 'prev_value': None, 'change': True}
2024-12-01 16:45:27,070 : INFO : EventManager : Event: ======'machine_var_audits_switches_s_upper_1_drop'====== Args={'value': 208, 'prev_value': None, 'change': True}
2024-12-01 16:45:27,070 : INFO : EventManager : Event: ======'machine_var_audits_switches_s_upper_1_target'====== Args={'value': 171, 'prev_value': None, 'change': True}
2024-12-01 16:45:27,070 : INFO : EventManager : Event: ======'machine_var_audits_switches_s_upper_2_drop'====== Args={'value': 103, 'prev_value': None, 'change': True}
2024-12-01 16:45:27,071 : INFO : EventManager : Event: ======'machine_var_audits_switches_s_upper_2_target'====== Args={'value': 180, 'prev_value': None, 'change': True}
2024-12-01 16:45:27,071 : INFO : EventManager : Event: ======'machine_var_audits_switches_s_upper_3_drop'====== Args={'value': 129, 'prev_value': None, 'change': True}
2024-12-01 16:45:27,071 : INFO : EventManager : Event: ======'machine_var_audits_switches_s_upper_3_target'====== Args={'value': 86, 'prev_value': None, 'change': True}
2024-12-01 16:45:27,071 : INFO : EventManager : Event: ======'machine_var_audits_switches_s_upper_4_drop'====== Args={'value': 212, 'prev_value': None, 'change': True}
2024-12-01 16:45:27,071 : INFO : EventManager : Event: ======'machine_var_audits_switches_s_upper_4_target'====== Args={'value': 84, 'prev_value': None, 'change': True}
2024-12-01 16:45:27,072 : INFO : EventManager : Event: ======'machine_var_audits_switches_s_upper_pop'====== Args={'value': 897, 'prev_value': None, 'change': True}
2024-12-01 16:45:27,072 : INFO : EventManager : Event: ======'init_phase_5'====== Args={}
2024-12-01 16:45:27,075 : INFO : EventManager : Event: ======'init_done'====== Args={}
2024-12-01 16:45:27,076 : INFO : EventManager : Event: ======'machine_reset_phase_1'====== Args={}
2024-12-01 16:45:27,081 : INFO : EventManager : Event: ======'machine_reset_phase_2'====== Args={}
2024-12-01 16:45:27,081 : INFO : EventManager : Event: ======'machine_reset_phase_3'====== Args={}
2024-12-01 16:45:27,082 : INFO : drop_target_bank.upper : All targets are already up. Will not reset bank.
2024-12-01 16:45:27,082 : INFO : drop_target_bank.lower : All targets are already up. Will not reset bank.
2024-12-01 16:45:27,082 : INFO : EventManager : Event: ======'diverter_trapdoor_diverter_deactivating'====== Args={}
2024-12-01 16:45:27,082 : INFO : coil.c_main_trapdoor : Disabling Driver
2024-12-01 16:45:27,082 : INFO : coil.c_main_trapdoor_hold : Disabling Driver
2024-12-01 16:45:27,082 : INFO : EventManager : Event: ======'reset_complete'====== Args={}
2024-12-01 16:45:27,082 : INFO : EventManager : Event: ======'mode_attract_will_start'====== Args={}
2024-12-01 16:45:27,082 : INFO : EventManager : Event: ======'mode_attract_starting'====== Args={}
2024-12-01 16:45:27,082 : INFO : Mode.attract : Started. Priority: 10
2024-12-01 16:45:27,082 : INFO : EventManager : Event: ======'modes_active_modes_changed'====== Args={}
2024-12-01 16:45:27,083 : INFO : EventManager : Event: ======'mode_attract_started'====== Args={}
2024-12-01 16:45:27,083 : INFO : EventManager : Event: ======'collecting_balls_complete'====== Args={}
2024-12-01 16:45:27,083 : INFO : Machine : Starting the main run loop with active modes: [<Mode.attract>]
2024-12-01 16:45:27,143 : INFO : EventManager : Event: ======'slide_attract_scroll_created'====== Args={'_from_bcp': True}
2024-12-01 16:45:27,143 : INFO : EventManager : Event: ======'slide__removed'====== Args={'_from_bcp': True}
2024-12-01 16:45:27,143 : INFO : EventManager : Event: ======'slide_attract_scroll_active'====== Args={'original_context': 'attract', 'original_calling_context': 'mode_attract_started', 'priority': 10.0, 'cmd': 'slides_play', '_from_bcp': True}
2024-12-01 16:45:27,498 : INFO : BcpServer : New client connected.
2024-12-01 16:45:41,805 : INFO : SwitchController : <<<<<<< 's_main_outhole' active >>>>>>>
2024-12-01 16:45:42,306 : INFO : EventManager : Event: ======'balldevice_bd_drain_ball_count_changed'====== Args={'balls': 1}
2024-12-01 16:45:42,306 : INFO : ball_device.bd_drain : Received unexpected ball
2024-12-01 16:45:42,306 : INFO : EventManager : Event: ======'balldevice_captured_from_playfield'====== Args={'balls': 1}
2024-12-01 16:45:42,307 : INFO : EventManager : Event: ======'sw_playfield_active'====== Args={'balls': 1}
2024-12-01 16:45:42,307 : INFO : EventManager : Event: ======'playfield_active'====== Args={'source': None}
2024-12-01 16:45:42,307 : INFO : EventManager : Event: ======'unexpected_ball_on_playfield'====== Args={}
2024-12-01 16:45:42,308 : INFO : EventManager : Event: ======'playfield_ball_count_change'====== Args={'balls': -1, 'change': -1}
2024-12-01 16:45:42,308 : INFO : EventManager : Event: ======'balldevice_playfield_ball_enter'====== Args={'new_balls': 1, 'unclaimed_balls': 1, 'device': <playfield.playfield>}
2024-12-01 16:45:42,308 : INFO : EventManager : Event: ======'playfield_ball_count_change'====== Args={'balls': 0, 'change': 1}
2024-12-01 16:45:42,309 : INFO : BallController : Found a new ball which was captured from playfield. Known balls: 1
2024-12-01 16:45:42,309 : INFO : EventManager : Event: ======'found_new_ball'====== Args={}
2024-12-01 16:45:42,309 : INFO : EventManager : Event: ======'balldevice_bd_drain_ball_enter'====== Args={'new_balls': 1, 'unclaimed_balls': 1, 'new_available_balls': 1, 'device': <ball_device.bd_drain>}
2024-12-01 16:45:42,309 : INFO : EventManager : Event: ======'ball_drain'====== Args={'device': <ball_device.bd_drain>, 'balls': 1}
2024-12-01 16:45:42,309 : INFO : EventManager : Event: ======'balldevice_balls_available'====== Args={}
2024-12-01 16:45:42,309 : INFO : EventManager : Event: ======'balldevice_bd_drain_ball_entered'====== Args={'new_balls': 1, 'device': <ball_device.bd_drain>}
2024-12-01 16:45:44,031 : INFO : SwitchController : <<<<<<< 's_start' active >>>>>>>
2024-12-01 16:45:44,096 : INFO : SwitchController : <<<<<<< 's_start' inactive >>>>>>>
2024-12-01 16:45:44,096 : INFO : EventManager : Event: ======'request_to_start_game'====== Args={}
2024-12-01 16:45:44,096 : INFO : EventManager : Event: ======'game_start'====== Args={'buttons': [], 'hold_time': 0.06484334892593324}
2024-12-01 16:45:44,096 : INFO : EventManager : Event: ======'mode_game_will_start'====== Args={'buttons': [], 'hold_time': 0.06484334892593324}
2024-12-01 16:45:44,097 : INFO : EventManager : Event: ======'mode_game_starting'====== Args={'buttons': [], 'hold_time': 0.06484334892593324}
2024-12-01 16:45:44,097 : INFO : EventManager : Event: ======'mode_attract_will_stop'====== Args={}
2024-12-01 16:45:44,097 : INFO : EventManager : Event: ======'mode_attract_stopping'====== Args={}
2024-12-01 16:45:44,097 : INFO : Mode.attract : Stopped.
2024-12-01 16:45:44,097 : INFO : EventManager : Event: ======'modes_active_modes_changed'====== Args={}
2024-12-01 16:45:44,098 : INFO : EventManager : Event: ======'mode_attract_stopped'====== Args={}
2024-12-01 16:45:44,098 : INFO : EventManager : Event: ======'clear'====== Args={'key': 'attract'}
2024-12-01 16:45:44,098 : INFO : Mode.game : Started. Priority: 20
2024-12-01 16:45:44,098 : INFO : EventManager : Event: ======'modes_active_modes_changed'====== Args={}
2024-12-01 16:45:44,098 : INFO : EventManager : Event: ======'mode_game_started'====== Args={'buttons': [], 'hold_time': 0.06484334892593324}
2024-12-01 16:45:44,098 : INFO : EventManager : Event: ======'game_will_start'====== Args={}
2024-12-01 16:45:44,099 : INFO : EventManager : Event: ======'game_starting'====== Args={'game': <Mode.game>}
2024-12-01 16:45:44,099 : INFO : EventManager : Unordered handler for class <Auditor> on event game_ended with priority 1. Handlers: [RegisteredHandler(callback=<bound method Auditor.disable of <Auditor>>, priority=1, kwargs={}, key=UUID('6c372913-78a4-4475-b46d-4c1221c2654f'), condition=None, blocking_facility=None), RegisteredHandler(callback=<bound method Auditor._save_audits of <Auditor>>, priority=1, kwargs={}, key=UUID('50ae5628-25a2-4e71-97d1-7e9241740add'), condition=None, blocking_facility=None)]. The order of those handlers is not defined and they will be executed in random order. This might lead to race conditions and potential bugs.
2024-12-01 16:45:44,099 : INFO : EventManager : Event: ======'player_add_request'====== Args={}
2024-12-01 16:45:44,099 : INFO : EventManager : Event: ======'player_will_add'====== Args={'number': 1}
2024-12-01 16:45:44,100 : INFO : EventManager : Event: ======'player_adding'====== Args={'player': <Player 1>, 'number': 1}
2024-12-01 16:45:44,100 : INFO : EventManager : Event: ======'player_added'====== Args={'player': <Player 1>, 'num': 1}
2024-12-01 16:45:44,100 : INFO : Mode.game : Player added successfully. Total players: 1
2024-12-01 16:45:44,100 : INFO : EventManager : Event: ======'player_index'====== Args={'value': 0, 'prev_value': 0, 'change': 0, 'player_num': 1}
2024-12-01 16:45:44,100 : INFO : EventManager : Event: ======'player_number'====== Args={'value': 1, 'prev_value': 1, 'change': 0, 'player_num': 1}
2024-12-01 16:45:44,101 : INFO : EventManager : Event: ======'player_bonus_upper_playfield'====== Args={'value': 0, 'prev_value': 0, 'change': 0, 'player_num': 1}
2024-12-01 16:45:44,101 : INFO : EventManager : Event: ======'player_bonus_lower_playfield'====== Args={'value': 0, 'prev_value': 0, 'change': 0, 'player_num': 1}
2024-12-01 16:45:44,101 : INFO : EventManager : Event: ======'player_bonus_main_playfield'====== Args={'value': 0, 'prev_value': 0, 'change': 0, 'player_num': 1}
2024-12-01 16:45:44,101 : INFO : EventManager : Event: ======'player_attic_double_score'====== Args={'value': 0, 'prev_value': 0, 'change': 0, 'player_num': 1}
2024-12-01 16:45:44,101 : INFO : EventManager : Event: ======'player_main_double_score'====== Args={'value': 0, 'prev_value': 0, 'change': 0, 'player_num': 1}
2024-12-01 16:45:44,101 : INFO : EventManager : Event: ======'player_lower_double_score'====== Args={'value': 0, 'prev_value': 0, 'change': 0, 'player_num': 1}
2024-12-01 16:45:44,102 : INFO : EventManager : Event: ======'player_base_bonus'====== Args={'value': 0, 'prev_value': 0, 'change': 0, 'player_num': 1}
2024-12-01 16:45:44,102 : INFO : EventManager : Event: ======'player_bonus_multiplier'====== Args={'value': 1, 'prev_value': 1, 'change': 0, 'player_num': 1}
2024-12-01 16:45:44,102 : INFO : EventManager : Event: ======'player_score'====== Args={'value': 0, 'prev_value': 0, 'change': 0, 'player_num': 1}
2024-12-01 16:45:44,105 : INFO : EventManager : Event: ======'game_started'====== Args={}
2024-12-01 16:45:44,105 : INFO : EventManager : Event: ======'player_turn_will_start'====== Args={'player': <Player 1>, 'number': 1}
2024-12-01 16:45:44,112 : INFO : EventManager : Event: ======'player_turn_starting'====== Args={'player': <Player 1>, 'number': 1}
2024-12-01 16:45:44,113 : INFO : EventManager : Event: ======'player_ball'====== Args={'value': 1, 'prev_value': 0, 'change': 1, 'player_num': 1}
2024-12-01 16:45:44,113 : INFO : EventManager : Event: ======'player_turn_started'====== Args={'player': <Player 1>, 'number': 1}
2024-12-01 16:45:44,114 : INFO : EventManager : Event: ======'ball_will_start'====== Args={'player': 1, 'ball': 1, 'balls_remaining': 2, 'is_extra_ball': False}
2024-12-01 16:45:44,114 : INFO : EventManager : Event: ======'ball_starting'====== Args={'player': 1, 'ball': 1, 'balls_remaining': 2, 'is_extra_ball': False}
2024-12-01 16:45:44,114 : INFO : EventManager : Event: ======'mode_base_will_start'====== Args={'queue': <QueuedEvent>, 'player': 1, 'ball': 1, 'balls_remaining': 2, 'is_extra_ball': False}
2024-12-01 16:45:44,114 : INFO : EventManager : Event: ======'player_shot_upper_pop_enabled'====== Args={'value': True, 'prev_value': 0, 'change': 1, 'player_num': 1}
2024-12-01 16:45:44,115 : INFO : EventManager : Event: ======'player_shot_lower_left_pop_enabled'====== Args={'value': True, 'prev_value': 0, 'change': 1, 'player_num': 1}
2024-12-01 16:45:44,115 : INFO : EventManager : Event: ======'player_shot_upper_left_pop_enabled'====== Args={'value': True, 'prev_value': 0, 'change': 1, 'player_num': 1}
2024-12-01 16:45:44,115 : INFO : EventManager : Event: ======'player_shot_10pt_enabled'====== Args={'value': True, 'prev_value': 0, 'change': 1, 'player_num': 1}
2024-12-01 16:45:44,116 : INFO : EventManager : Event: ======'player_shot_upper_1_enabled'====== Args={'value': True, 'prev_value': 0, 'change': 1, 'player_num': 1}
2024-12-01 16:45:44,116 : INFO : EventManager : Event: ======'player_shot_upper_2_enabled'====== Args={'value': True, 'prev_value': 0, 'change': 1, 'player_num': 1}
2024-12-01 16:45:44,116 : INFO : EventManager : Event: ======'player_shot_upper_3_enabled'====== Args={'value': True, 'prev_value': 0, 'change': 1, 'player_num': 1}
2024-12-01 16:45:44,117 : INFO : EventManager : Event: ======'player_shot_upper_4_enabled'====== Args={'value': True, 'prev_value': 0, 'change': 1, 'player_num': 1}
2024-12-01 16:45:44,117 : INFO : EventManager : Event: ======'player_shot_upper_1_drop_enabled'====== Args={'value': True, 'prev_value': 0, 'change': 1, 'player_num': 1}
2024-12-01 16:45:44,117 : INFO : EventManager : Event: ======'player_shot_upper_2_drop_enabled'====== Args={'value': True, 'prev_value': 0, 'change': 1, 'player_num': 1}
2024-12-01 16:45:44,118 : INFO : EventManager : Event: ======'player_shot_upper_3_drop_enabled'====== Args={'value': True, 'prev_value': 0, 'change': 1, 'player_num': 1}
2024-12-01 16:45:44,118 : INFO : EventManager : Event: ======'player_shot_upper_4_drop_enabled'====== Args={'value': True, 'prev_value': 0, 'change': 1, 'player_num': 1}
2024-12-01 16:45:44,118 : INFO : EventManager : Event: ======'player_shot_lower_1_drop_enabled'====== Args={'value': True, 'prev_value': 0, 'change': 1, 'player_num': 1}
2024-12-01 16:45:44,118 : INFO : EventManager : Event: ======'player_shot_lower_2_drop_enabled'====== Args={'value': True, 'prev_value': 0, 'change': 1, 'player_num': 1}
2024-12-01 16:45:44,119 : INFO : EventManager : Event: ======'player_shot_lower_3_drop_enabled'====== Args={'value': True, 'prev_value': 0, 'change': 1, 'player_num': 1}
2024-12-01 16:45:44,119 : INFO : EventManager : Event: ======'player_shot_lower_4_drop_enabled'====== Args={'value': True, 'prev_value': 0, 'change': 1, 'player_num': 1}
2024-12-01 16:45:44,119 : INFO : EventManager : Event: ======'player_shot_lower_5_drop_enabled'====== Args={'value': True, 'prev_value': 0, 'change': 1, 'player_num': 1}
2024-12-01 16:45:44,120 : INFO : EventManager : Event: ======'player_shot_lower_hole_enabled'====== Args={'value': True, 'prev_value': 0, 'change': 1, 'player_num': 1}
2024-12-01 16:45:44,120 : INFO : EventManager : Event: ======'player_shot_lower_left_enabled'====== Args={'value': True, 'prev_value': 0, 'change': 1, 'player_num': 1}
2024-12-01 16:45:44,120 : INFO : EventManager : Event: ======'player_shot_lower_right_enabled'====== Args={'value': True, 'prev_value': 0, 'change': 1, 'player_num': 1}
2024-12-01 16:45:44,120 : INFO : EventManager : Event: ======'player_shot_lower_pop_enabled'====== Args={'value': True, 'prev_value': 0, 'change': 1, 'player_num': 1}
2024-12-01 16:45:44,121 : INFO : EventManager : Event: ======'player_shot_lower_10pt_lower_enabled'====== Args={'value': True, 'prev_value': 0, 'change': 1, 'player_num': 1}
2024-12-01 16:45:44,121 : INFO : EventManager : Event: ======'player_shot_lower_10pt_drops_enabled'====== Args={'value': True, 'prev_value': 0, 'change': 1, 'player_num': 1}
2024-12-01 16:45:44,121 : INFO : EventManager : Event: ======'player_shot_lower_10pt_upper_enabled'====== Args={'value': True, 'prev_value': 0, 'change': 1, 'player_num': 1}
2024-12-01 16:45:44,121 : INFO : EventManager : Event: ======'player_shot_lower_slingshot_enabled'====== Args={'value': True, 'prev_value': 0, 'change': 1, 'player_num': 1}
2024-12-01 16:45:44,122 : INFO : EventManager : Event: ======'player_shot_lower_kick_target_enabled'====== Args={'value': True, 'prev_value': 0, 'change': 1, 'player_num': 1}
2024-12-01 16:45:44,122 : INFO : EventManager : Event: ======'player_shot_lower_rollover_enabled'====== Args={'value': True, 'prev_value': 0, 'change': 1, 'player_num': 1}
2024-12-01 16:45:44,122 : INFO : EventManager : Event: ======'player_shot_main_1_enabled'====== Args={'value': True, 'prev_value': 0, 'change': 1, 'player_num': 1}
2024-12-01 16:45:44,123 : INFO : EventManager : Event: ======'player_shot_main_2_enabled'====== Args={'value': True, 'prev_value': 0, 'change': 1, 'player_num': 1}
2024-12-01 16:45:44,123 : INFO : EventManager : Event: ======'player_shot_main_3_enabled'====== Args={'value': True, 'prev_value': 0, 'change': 1, 'player_num': 1}
2024-12-01 16:45:44,123 : INFO : EventManager : Event: ======'player_shot_main_4_enabled'====== Args={'value': True, 'prev_value': 0, 'change': 1, 'player_num': 1}
2024-12-01 16:45:44,124 : INFO : EventManager : Event: ======'player_shot_main_5_enabled'====== Args={'value': True, 'prev_value': 0, 'change': 1, 'player_num': 1}
2024-12-01 16:45:44,124 : INFO : EventManager : Event: ======'player_shot_main_slingshot_enabled'====== Args={'value': True, 'prev_value': 0, 'change': 1, 'player_num': 1}
2024-12-01 16:45:44,124 : INFO : EventManager : Event: ======'player_shot_right_outlane_enabled'====== Args={'value': True, 'prev_value': 0, 'change': 1, 'player_num': 1}
2024-12-01 16:45:44,125 : INFO : EventManager : Event: ======'player_shot_right_inlane_enabled'====== Args={'value': True, 'prev_value': 0, 'change': 1, 'player_num': 1}
2024-12-01 16:45:44,125 : INFO : EventManager : Event: ======'player_shot_left_inlane_enabled'====== Args={'value': True, 'prev_value': 0, 'change': 1, 'player_num': 1}
2024-12-01 16:45:44,126 : INFO : EventManager : Event: ======'player_shot_left_outlane_enabled'====== Args={'value': True, 'prev_value': 0, 'change': 1, 'player_num': 1}
2024-12-01 16:45:44,126 : INFO : EventManager : Event: ======'player_shot_standup_right_enabled'====== Args={'value': True, 'prev_value': 0, 'change': 1, 'player_num': 1}
2024-12-01 16:45:44,127 : INFO : EventManager : Event: ======'player_shot_right_kickout_enabled'====== Args={'value': True, 'prev_value': 0, 'change': 1, 'player_num': 1}
2024-12-01 16:45:44,127 : INFO : EventManager : Event: ======'player_shot_rollunder_enabled'====== Args={'value': True, 'prev_value': 0, 'change': 1, 'player_num': 1}
2024-12-01 16:45:44,127 : INFO : EventManager : Event: ======'player_shot_main_trough_1_enabled'====== Args={'value': True, 'prev_value': 0, 'change': 1, 'player_num': 1}
2024-12-01 16:45:44,128 : INFO : EventManager : Event: ======'player_shot_main_trough_2_enabled'====== Args={'value': True, 'prev_value': 0, 'change': 1, 'player_num': 1}
2024-12-01 16:45:44,128 : INFO : EventManager : Event: ======'player_shot_secret_passage_trough_enabled'====== Args={'value': True, 'prev_value': 0, 'change': 1, 'player_num': 1}
2024-12-01 16:45:44,128 : INFO : EventManager : Event: ======'player_shot_trapdoor_trough_enabled'====== Args={'value': True, 'prev_value': 0, 'change': 1, 'player_num': 1}
2024-12-01 16:45:44,128 : INFO : EventManager : Event: ======'player_shot_main_vuk_enabled'====== Args={'value': True, 'prev_value': 0, 'change': 1, 'player_num': 1}
2024-12-01 16:45:44,133 : INFO : EventManager : Event: ======'mode_base_starting'====== Args={'queue': <QueuedEvent>, 'player': 1, 'ball': 1, 'balls_remaining': 2, 'is_extra_ball': False}
2024-12-01 16:45:44,133 : INFO : drop_target_bank.upper : All targets are already up. Will not reset bank.
2024-12-01 16:45:44,133 : INFO : drop_target_bank.lower : All targets are already up. Will not reset bank.
2024-12-01 16:45:44,133 : INFO : EventManager : Event: ======'balls_in_play'====== Args={'balls': 1}
2024-12-01 16:45:44,133 : INFO : EventManager : Event: ======'ball_started'====== Args={'player': 1, 'ball': 1, 'balls_remaining': 2, 'is_extra_ball': False}
2024-12-01 16:45:44,136 : INFO : EventManager : Event: ======'diverter_trapdoor_diverter_enabling'====== Args={'auto': False}
2024-12-01 16:45:44,137 : INFO : EventManager : Event: ======'logicblock_attic_drop_counter_updated'====== Args={'value': 0, 'enabled': True}
2024-12-01 16:45:44,138 : INFO : EventManager : Event: ======'logicblock_attic_hits_updated'====== Args={'value': 0, 'enabled': True}
2024-12-01 16:45:44,138 : INFO : EventManager : Event: ======'logicblock_cellar_hits_updated'====== Args={'value': 0, 'enabled': True}
2024-12-01 16:45:44,138 : INFO : EventManager : Event: ======'logicblock_attic_drop_counter_updated'====== Args={'value': 0, 'enabled': True}
2024-12-01 16:45:44,138 : INFO : EventManager : Event: ======'logicblock_attic_hits_updated'====== Args={'value': 0, 'enabled': True}
2024-12-01 16:45:44,138 : INFO : EventManager : Event: ======'logicblock_cellar_hits_updated'====== Args={'value': 0, 'enabled': True}
2024-12-01 16:45:44,138 : INFO : Mode.base : Started. Priority: 100
2024-12-01 16:45:44,138 : INFO : EventManager : Event: ======'modes_active_modes_changed'====== Args={}
2024-12-01 16:45:44,139 : INFO : EventManager : Event: ======'mode_base_started'====== Args={'queue': <QueuedEvent>, 'player': 1, 'ball': 1, 'balls_remaining': 2, 'is_extra_ball': False}
2024-12-01 16:45:44,139 : INFO : EventManager : Event: ======'base_bonus_400'====== Args={'queue': <QueuedEvent>, 'player': 1, 'ball': 1, 'balls_remaining': 2, 'is_extra_ball': False}
2024-12-01 16:45:44,139 : INFO : EventManager : Event: ======'player_base_bonus'====== Args={'value': 400, 'prev_value': 0, 'change': 400, 'player_num': 1, 'source': 'base'}
2024-12-01 16:45:44,141 : INFO : EventManager : Event: ======'single_player_ball_started'====== Args={}
2024-12-01 16:45:44,142 : INFO : EventManager : Event: ======'ball_start_target'====== Args={'target': 'playfield'}
2024-12-01 16:45:44,142 : INFO : ball_device.bd_drain : Setting up player-controlled eject. Balls: 1, Target: <playfield.playfield>, player_controlled_eject_event: None
2024-12-01 16:45:44,142 : INFO : ball_device.bd_drain : Adding 1 ball(s) to the eject_queue with target <playfield.playfield>.
2024-12-01 16:45:44,143 : INFO : EventManager : Event: ======'balldevice_balls_available'====== Args={}
2024-12-01 16:45:44,143 : INFO : ball_device.bd_drain : State: waiting_for_target_ready
2024-12-01 16:45:44,143 : INFO : EventManager : Event: ======'balldevice_bd_drain_ball_eject_attempt'====== Args={'balls': 1, 'target': <playfield.playfield>, 'source': <ball_device.bd_drain>, 'mechanical_eject': False, 'num_attempts': 0}
2024-12-01 16:45:44,144 : INFO : ball_device.bd_drain : State: ejecting
2024-12-01 16:45:44,144 : INFO : ball_device.bd_drain : Ejecting ball to <playfield.playfield>
2024-12-01 16:45:44,144 : INFO : EventManager : Event: ======'balldevice_bd_drain_ejecting_ball'====== Args={'balls': 1, 'target': <playfield.playfield>, 'source': <ball_device.bd_drain>, 'mechanical_eject': False, 'num_attempts': 0}
2024-12-01 16:45:44,144 : INFO : ball_device.bd_drain : Wait for ball to leave device
2024-12-01 16:45:44,144 : INFO : coil.c_main_outhole : Pulsing Driver for 60ms (1.0 pulse_power)
2024-12-01 16:45:44,162 : INFO : EventManager : Event: ======'slide_base_created'====== Args={'_from_bcp': True}
2024-12-01 16:45:44,162 : INFO : EventManager : Event: ======'slide_attract_scroll_inactive'====== Args={'is_removing': True, '_from_bcp': True}
2024-12-01 16:45:44,162 : INFO : EventManager : Event: ======'slide_base_active'====== Args={'original_context': 'base', 'original_calling_context': 'mode_base_started', 'priority': 100.0, 'queue': '<QueuedEvent>', 'player': 1.0, 'ball': 1.0, 'balls_remaining': 2.0, 'is_extra_ball': False, 'cmd': 'slides_play', '_from_bcp': True}
2024-12-01 16:45:44,163 : INFO : EventManager : Event: ======'slide_attract_scroll_removed'====== Args={'_from_bcp': True}
2024-12-01 16:45:44,884 : INFO : SwitchController : <<<<<<< 's_main_outhole' inactive >>>>>>>
2024-12-01 16:45:44,885 : INFO : ball_device.bd_drain : State: ball_left
2024-12-01 16:45:44,885 : INFO : ball_device.bd_drain : Ball left
2024-12-01 16:45:44,885 : INFO : ball_device.bd_drain : Wait for confirm with timeout 10.0
2024-12-01 16:45:46,814 : INFO : SwitchController : <<<<<<< 's_upper_pop' active >>>>>>>
2024-12-01 16:45:46,814 : INFO : EventManager : Event: ======'playfield_active'====== Args={'source': 'upper_pop'}
2024-12-01 16:45:46,814 : INFO : EventManager : Event: ======'s_upper_pop_active'====== Args={}
2024-12-01 16:45:46,814 : INFO : EventManager : Event: ======'playfield_active'====== Args={'source': 'upper_pop'}
2024-12-01 16:45:46,815 : INFO : EventManager : Event: ======'machine_var_audits_switches_s_upper_pop'====== Args={'value': 898, 'prev_value': 897, 'change': 1}
2024-12-01 16:45:46,815 : INFO : EventManager : Event: ======'player_shot_upper_pop'====== Args={'value': 1, 'prev_value': 0, 'change': 1, 'player_num': 1}
2024-12-01 16:45:46,819 : INFO : EventManager : Event: ======'machine_var_audits_shots_upper_pop'====== Args={'value': 665, 'prev_value': 664, 'change': 1}
2024-12-01 16:45:46,820 : INFO : EventManager : Event: ======'upper_pop_hit'====== Args={'profile': 'pop_hit', 'state': 'unlit', 'advancing': True}
2024-12-01 16:45:46,820 : INFO : EventManager : Event: ======'upper_pop_pop_hit_hit'====== Args={'profile': 'pop_hit', 'state': 'unlit', 'advancing': True}
2024-12-01 16:45:46,820 : INFO : EventManager : Event: ======'upper_pop_pop_hit_unlit_hit'====== Args={'profile': 'pop_hit', 'state': 'unlit', 'advancing': True}
2024-12-01 16:45:46,820 : INFO : EventManager : Event: ======'upper_pop_unlit_hit'====== Args={'profile': 'pop_hit', 'state': 'unlit', 'advancing': True}
2024-12-01 16:45:46,820 : INFO : EventManager : Event: ======'player_score'====== Args={'value': 1000, 'prev_value': 0, 'change': 1000, 'player_num': 1, 'source': 'base'}
2024-12-01 16:45:46,821 : INFO : EventManager : Event: ======'logicblock_attic_hits_updated'====== Args={'value': 1, 'enabled': True}
2024-12-01 16:45:46,821 : INFO : EventManager : Event: ======'counter_attic_hits_hit'====== Args={'count': 1, 'hits': 1, 'remaining': 10}
2024-12-01 16:45:46,821 : INFO : EventManager : Event: ======'logicblock_attic_hits_hit'====== Args={'count': 1, 'hits': 1, 'remaining': 10}
2024-12-01 16:45:46,822 : INFO : ball_device.bd_drain : Got eject confirm
2024-12-01 16:45:46,822 : INFO : ball_device.bd_drain : Eject successful
2024-12-01 16:45:46,822 : INFO : EventManager : Event: ======'balldevice_bd_drain_ball_eject_success'====== Args={'balls': 1, 'target': <playfield.playfield>}
2024-12-01 16:45:46,823 : INFO : EventManager : Event: ======'balldevice_playfield_ball_enter'====== Args={'new_balls': 1, 'unclaimed_balls': 1, 'device': <playfield.playfield>}
2024-12-01 16:45:46,823 : INFO : EventManager : Event: ======'playfield_ball_count_change'====== Args={'balls': 1, 'change': 1}
2024-12-01 16:45:46,823 : INFO : EventManager : Event: ======'balldevice_bd_drain_ball_count_changed'====== Args={'balls': 0}
2024-12-01 16:45:46,823 : INFO : ball_device.bd_drain : State: idle
2024-12-01 16:45:46,897 : INFO : SwitchController : <<<<<<< 's_upper_pop' inactive >>>>>>>
2024-12-01 16:45:47,364 : INFO : SwitchController : <<<<<<< 's_upper_pop' active >>>>>>>
2024-12-01 16:45:47,364 : INFO : EventManager : Event: ======'s_upper_pop_active'====== Args={}
2024-12-01 16:45:47,365 : INFO : EventManager : Event: ======'machine_var_audits_switches_s_upper_pop'====== Args={'value': 899, 'prev_value': 898, 'change': 1}
2024-12-01 16:45:47,365 : INFO : EventManager : Event: ======'player_shot_upper_pop'====== Args={'value': 2, 'prev_value': 1, 'change': 1, 'player_num': 1}
2024-12-01 16:45:47,366 : INFO : EventManager : Event: ======'machine_var_audits_shots_upper_pop'====== Args={'value': 666, 'prev_value': 665, 'change': 1}
2024-12-01 16:45:47,366 : INFO : EventManager : Event: ======'upper_pop_hit'====== Args={'profile': 'pop_hit', 'state': 'flashing', 'advancing': True}
2024-12-01 16:45:47,367 : INFO : EventManager : Event: ======'upper_pop_pop_hit_hit'====== Args={'profile': 'pop_hit', 'state': 'flashing', 'advancing': True}
2024-12-01 16:45:47,367 : INFO : EventManager : Event: ======'upper_pop_pop_hit_flashing_hit'====== Args={'profile': 'pop_hit', 'state': 'flashing', 'advancing': True}
2024-12-01 16:45:47,367 : INFO : EventManager : Event: ======'upper_pop_flashing_hit'====== Args={'profile': 'pop_hit', 'state': 'flashing', 'advancing': True}
2024-12-01 16:45:47,369 : INFO : EventManager : Event: ======'player_score'====== Args={'value': 2000, 'prev_value': 1000, 'change': 1000, 'player_num': 1, 'source': 'base'}
2024-12-01 16:45:47,369 : INFO : EventManager : Event: ======'logicblock_attic_hits_updated'====== Args={'value': 2, 'enabled': True}
2024-12-01 16:45:47,369 : INFO : EventManager : Event: ======'counter_attic_hits_hit'====== Args={'count': 2, 'hits': 2, 'remaining': 9}
2024-12-01 16:45:47,369 : INFO : EventManager : Event: ======'logicblock_attic_hits_hit'====== Args={'count': 2, 'hits': 2, 'remaining': 9}
2024-12-01 16:45:47,431 : INFO : SwitchController : <<<<<<< 's_upper_pop' inactive >>>>>>>
2024-12-01 16:45:50,865 : INFO : SwitchController : <<<<<<< 's_main_inlane_left' active >>>>>>>
2024-12-01 16:45:50,865 : INFO : EventManager : Event: ======'s_main_inlane_left_active'====== Args={}
2024-12-01 16:45:50,866 : INFO : EventManager : Event: ======'sw_playfield_active'====== Args={}
2024-12-01 16:45:50,866 : INFO : EventManager : Event: ======'diverter_trapdoor_diverter_activating'====== Args={}
2024-12-01 16:45:50,866 : INFO : coil.c_main_trapdoor : Pulsing Driver for 75ms (1.0 pulse_power)
2024-12-01 16:45:50,866 : INFO : coil.c_main_trapdoor_hold : Enabling Driver with power 1.0 (pulse_ms 50ms and pulse_power 1.0)
2024-12-01 16:45:50,866 : INFO : EventManager : Event: ======'machine_var_audits_switches_s_main_inlane_left'====== Args={'value': 32, 'prev_value': 31, 'change': 1}
2024-12-01 16:45:50,867 : INFO : EventManager : Event: ======'player_shot_left_inlane'====== Args={'value': 1, 'prev_value': 0, 'change': 1, 'player_num': 1}
2024-12-01 16:45:50,872 : INFO : EventManager : Event: ======'machine_var_audits_shots_left_inlane'====== Args={'value': 27, 'prev_value': 26, 'change': 1}
2024-12-01 16:45:50,872 : INFO : EventManager : Event: ======'left_inlane_hit'====== Args={'profile': 'trapdoor_profile', 'state': 'unlit', 'advancing': True}
2024-12-01 16:45:50,872 : INFO : EventManager : Event: ======'left_inlane_trapdoor_profile_hit'====== Args={'profile': 'trapdoor_profile', 'state': 'unlit', 'advancing': True}
2024-12-01 16:45:50,872 : INFO : EventManager : Event: ======'left_inlane_trapdoor_profile_unlit_hit'====== Args={'profile': 'trapdoor_profile', 'state': 'unlit', 'advancing': True}
2024-12-01 16:45:50,872 : INFO : EventManager : Event: ======'left_inlane_unlit_hit'====== Args={'profile': 'trapdoor_profile', 'state': 'unlit', 'advancing': True}
2024-12-01 16:45:50,872 : INFO : EventManager : Event: ======'player_score'====== Args={'value': 7000, 'prev_value': 2000, 'change': 5000, 'player_num': 1, 'source': 'base'}
2024-12-01 16:45:50,949 : INFO : SwitchController : <<<<<<< 's_main_inlane_left' inactive >>>>>>>
2024-12-01 16:45:58,867 : INFO : EventManager : Event: ======'diverter_trapdoor_diverter_deactivating'====== Args={}
2024-12-01 16:45:58,868 : INFO : coil.c_main_trapdoor : Disabling Driver
2024-12-01 16:45:58,868 : INFO : coil.c_main_trapdoor_hold : Disabling Driver
2024-12-01 16:45:58,868 : INFO : EventManager : Event: ======'player_shot_left_inlane'====== Args={'value': 0, 'prev_value': 1, 'change': -1, 'player_num': 1}
2024-12-01 16:46:30,007 : INFO : SwitchController : <<<<<<< 's_main_inlane_left' active >>>>>>>
2024-12-01 16:46:30,007 : INFO : EventManager : Event: ======'s_main_inlane_left_active'====== Args={}
2024-12-01 16:46:30,007 : INFO : EventManager : Event: ======'sw_playfield_active'====== Args={}
2024-12-01 16:46:30,007 : INFO : EventManager : Event: ======'diverter_trapdoor_diverter_activating'====== Args={}
2024-12-01 16:46:30,008 : INFO : coil.c_main_trapdoor : Pulsing Driver for 75ms (1.0 pulse_power)
2024-12-01 16:46:30,008 : INFO : coil.c_main_trapdoor_hold : Enabling Driver with power 1.0 (pulse_ms 50ms and pulse_power 1.0)
2024-12-01 16:46:30,008 : INFO : EventManager : Event: ======'machine_var_audits_switches_s_main_inlane_left'====== Args={'value': 33, 'prev_value': 32, 'change': 1}
2024-12-01 16:46:30,008 : INFO : EventManager : Event: ======'player_shot_left_inlane'====== Args={'value': 1, 'prev_value': 0, 'change': 1, 'player_num': 1}
2024-12-01 16:46:30,013 : INFO : EventManager : Event: ======'machine_var_audits_shots_left_inlane'====== Args={'value': 28, 'prev_value': 27, 'change': 1}
2024-12-01 16:46:30,013 : INFO : EventManager : Event: ======'left_inlane_hit'====== Args={'profile': 'trapdoor_profile', 'state': 'unlit', 'advancing': True}
2024-12-01 16:46:30,013 : INFO : EventManager : Event: ======'left_inlane_trapdoor_profile_hit'====== Args={'profile': 'trapdoor_profile', 'state': 'unlit', 'advancing': True}
2024-12-01 16:46:30,013 : INFO : EventManager : Event: ======'left_inlane_trapdoor_profile_unlit_hit'====== Args={'profile': 'trapdoor_profile', 'state': 'unlit', 'advancing': True}
2024-12-01 16:46:30,014 : INFO : EventManager : Event: ======'left_inlane_unlit_hit'====== Args={'profile': 'trapdoor_profile', 'state': 'unlit', 'advancing': True}
2024-12-01 16:46:30,015 : INFO : EventManager : Event: ======'player_score'====== Args={'value': 12000, 'prev_value': 7000, 'change': 5000, 'player_num': 1, 'source': 'base'}
2024-12-01 16:46:30,108 : INFO : SwitchController : <<<<<<< 's_main_inlane_left' inactive >>>>>>>
2024-12-01 16:46:38,008 : INFO : EventManager : Event: ======'diverter_trapdoor_diverter_deactivating'====== Args={}
2024-12-01 16:46:38,008 : INFO : coil.c_main_trapdoor : Disabling Driver
2024-12-01 16:46:38,008 : INFO : coil.c_main_trapdoor_hold : Disabling Driver
2024-12-01 16:46:38,008 : INFO : EventManager : Event: ======'player_shot_left_inlane'====== Args={'value': 0, 'prev_value': 1, 'change': -1, 'player_num': 1}
2024-12-01 16:46:38,714 : INFO : SwitchController : <<<<<<< 's_main_outhole' active >>>>>>>
2024-12-01 16:46:38,714 : INFO : EventManager : Event: ======'machine_var_audits_switches_s_main_outhole'====== Args={'value': 652, 'prev_value': 651, 'change': 1}
2024-12-01 16:46:39,215 : INFO : EventManager : Event: ======'balldevice_bd_drain_ball_count_changed'====== Args={'balls': 1}
2024-12-01 16:46:39,215 : INFO : ball_device.bd_drain : Received unexpected ball
2024-12-01 16:46:39,215 : INFO : EventManager : Event: ======'balldevice_captured_from_playfield'====== Args={'balls': 1}
2024-12-01 16:46:39,216 : INFO : EventManager : Event: ======'sw_playfield_active'====== Args={'balls': 1}
2024-12-01 16:46:39,216 : INFO : EventManager : Event: ======'playfield_ball_count_change'====== Args={'balls': 0, 'change': -1}
2024-12-01 16:46:39,217 : INFO : EventManager : Event: ======'balldevice_bd_drain_ball_enter'====== Args={'new_balls': 1, 'unclaimed_balls': 1, 'new_available_balls': 1, 'device': <ball_device.bd_drain>}
2024-12-01 16:46:39,217 : INFO : EventManager : Event: ======'ball_drain'====== Args={'device': <ball_device.bd_drain>, 'balls': 1}
2024-12-01 16:46:39,217 : INFO : EventManager : Event: ======'ball_will_end'====== Args={}
2024-12-01 16:46:39,218 : INFO : EventManager : Event: ======'balldevice_balls_available'====== Args={}
2024-12-01 16:46:39,218 : INFO : EventManager : Event: ======'balldevice_bd_drain_ball_entered'====== Args={'new_balls': 1, 'device': <ball_device.bd_drain>}
2024-12-01 16:46:39,219 : INFO : EventManager : Event: ======'ball_ending'====== Args={}
2024-12-01 16:46:39,220 : INFO : EventManager : Event: ======'mode_bonus_will_start'====== Args={'queue': <QueuedEvent>}
2024-12-01 16:46:39,220 : INFO : EventManager : Event: ======'mode_bonus_starting'====== Args={'queue': <QueuedEvent>}
2024-12-01 16:46:39,220 : INFO : Mode.bonus : Started. Priority: 500
2024-12-01 16:46:39,220 : INFO : EventManager : Event: ======'modes_active_modes_changed'====== Args={}
2024-12-01 16:46:39,220 : INFO : EventManager : Event: ======'mode_bonus_started'====== Args={'queue': <QueuedEvent>}
2024-12-01 16:46:39,221 : INFO : EventManager : Event: ======'bonus_start'====== Args={}
2024-12-01 16:46:39,248 : INFO : EventManager : Event: ======'slide_bonus_created'====== Args={'_from_bcp': True}
2024-12-01 16:46:39,248 : INFO : EventManager : Event: ======'slide_base_inactive'====== Args={'is_removing': False, '_from_bcp': True}
2024-12-01 16:46:39,249 : INFO : EventManager : Event: ======'slide_bonus_active'====== Args={'original_context': 'bonus', 'original_calling_context': 'mode_bonus_started', 'priority': 500.0, 'queue': '<QueuedEvent>', 'cmd': 'slides_play', '_from_bcp': True}
2024-12-01 16:46:40,221 : INFO : Mode.bonus : Bonus Entry 'attic_bonus': score: 0 player_score_entry: None=1
2024-12-01 16:46:40,222 : INFO : EventManager : Event: ======'bonus_entry'====== Args={'entry': 'attic_bonus', 'score': 0, 'text': 'Attic Bonus Scores', 'bonus_score': 0, 'hits': 1}
2024-12-01 16:46:41,222 : INFO : Mode.bonus : Skipping bonus entry 'main_bonus' because its value is 0
2024-12-01 16:46:41,222 : INFO : Mode.bonus : Bonus Entry 'cellar_bonus': score: 0 player_score_entry: None=1
2024-12-01 16:46:41,222 : INFO : EventManager : Event: ======'bonus_entry'====== Args={'entry': 'cellar_bonus', 'score': 0, 'text': 'Cellar Bonus Score', 'bonus_score': 0, 'hits': 1}
2024-12-01 16:46:41,927 : INFO : SwitchController : <<<<<<< 's_main_outhole' inactive >>>>>>>
2024-12-01 16:46:42,223 : INFO : EventManager : Event: ======'bonus_entry'====== Args={'entry': 'total', 'text': 'Total Bonus', 'score': 0}
2024-12-01 16:46:43,224 : INFO : EventManager : Event: ======'mode_bonus_will_stop'====== Args={}
2024-12-01 16:46:43,224 : INFO : EventManager : Event: ======'mode_bonus_stopping'====== Args={}
2024-12-01 16:46:43,225 : INFO : EventManager : Event: ======'player_base_bonus'====== Args={'value': 0, 'prev_value': 400, 'change': -400, 'player_num': 1, 'source': 'bonus'}
2024-12-01 16:46:43,227 : INFO : Mode.bonus : Stopped.
2024-12-01 16:46:43,227 : INFO : EventManager : Event: ======'modes_active_modes_changed'====== Args={}
2024-12-01 16:46:43,227 : INFO : EventManager : Event: ======'mode_bonus_stopped'====== Args={}
2024-12-01 16:46:43,227 : INFO : EventManager : Event: ======'clear'====== Args={'key': 'bonus'}
2024-12-01 16:46:43,228 : INFO : EventManager : Event: ======'mode_base_will_stop'====== Args={}
2024-12-01 16:46:43,228 : INFO : EventManager : Event: ======'mode_base_stopping'====== Args={}
2024-12-01 16:46:43,228 : INFO : Mode.base : Stopped.
2024-12-01 16:46:43,228 : INFO : EventManager : Event: ======'modes_active_modes_changed'====== Args={}
2024-12-01 16:46:43,229 : INFO : EventManager : Event: ======'mode_base_stopped'====== Args={}
2024-12-01 16:46:43,229 : INFO : EventManager : Event: ======'clear'====== Args={'key': 'base'}
2024-12-01 16:46:43,230 : INFO : EventManager : Event: ======'ball_ended'====== Args={}
2024-12-01 16:46:43,232 : INFO : EventManager : Event: ======'diverter_trapdoor_diverter_disabling'====== Args={'auto': False}
2024-12-01 16:46:43,232 : INFO : EventManager : Event: ======'player_turn_will_end'====== Args={'player': <Player 1>, 'number': 1}
2024-12-01 16:46:43,236 : INFO : EventManager : Event: ======'player_turn_ending'====== Args={'player': <Player 1>, 'number': 1}
2024-12-01 16:46:43,236 : INFO : EventManager : Event: ======'player_turn_ended'====== Args={'player': <Player 1>, 'number': 1}
2024-12-01 16:46:43,237 : INFO : EventManager : Event: ======'player_turn_will_start'====== Args={'player': <Player 1>, 'number': 1}
2024-12-01 16:46:43,237 : INFO : EventManager : Event: ======'player_turn_starting'====== Args={'player': <Player 1>, 'number': 1}
2024-12-01 16:46:43,239 : INFO : EventManager : Event: ======'player_ball'====== Args={'value': 2, 'prev_value': 1, 'change': 1, 'player_num': 1}
2024-12-01 16:46:43,240 : INFO : EventManager : Event: ======'player_turn_started'====== Args={'player': <Player 1>, 'number': 1}
2024-12-01 16:46:43,242 : INFO : EventManager : Event: ======'ball_will_start'====== Args={'player': 1, 'ball': 2, 'balls_remaining': 1, 'is_extra_ball': False}
2024-12-01 16:46:43,242 : INFO : EventManager : Event: ======'slide_bonus_inactive'====== Args={'is_removing': True, '_from_bcp': True}
2024-12-01 16:46:43,243 : INFO : EventManager : Event: ======'slide_base_active'====== Args={'_from_bcp': True}
2024-12-01 16:46:43,243 : INFO : EventManager : Event: ======'slide_bonus_removed'====== Args={'_from_bcp': True}
2024-12-01 16:46:43,243 : INFO : EventManager : Event: ======'ball_starting'====== Args={'player': 1, 'ball': 2, 'balls_remaining': 1, 'is_extra_ball': False}
2024-12-01 16:46:43,243 : INFO : EventManager : Event: ======'mode_base_will_start'====== Args={'queue': <QueuedEvent>, 'player': 1, 'ball': 2, 'balls_remaining': 1, 'is_extra_ball': False}
2024-12-01 16:46:43,250 : INFO : EventManager : Event: ======'mode_base_starting'====== Args={'queue': <QueuedEvent>, 'player': 1, 'ball': 2, 'balls_remaining': 1, 'is_extra_ball': False}
2024-12-01 16:46:43,251 : INFO : drop_target_bank.upper : All targets are already up. Will not reset bank.
2024-12-01 16:46:43,251 : INFO : drop_target_bank.lower : All targets are already up. Will not reset bank.
2024-12-01 16:46:43,251 : INFO : EventManager : Event: ======'balls_in_play'====== Args={'balls': 1}
2024-12-01 16:46:43,251 : INFO : EventManager : Event: ======'ball_started'====== Args={'player': 1, 'ball': 2, 'balls_remaining': 1, 'is_extra_ball': False}
2024-12-01 16:46:43,251 : INFO : EventManager : Event: ======'logicblock_attic_drop_counter_updated'====== Args={'value': 0, 'enabled': True}
2024-12-01 16:46:43,252 : INFO : EventManager : Event: ======'logicblock_attic_hits_updated'====== Args={'value': 0, 'enabled': True}
2024-12-01 16:46:43,252 : INFO : EventManager : Event: ======'logicblock_cellar_hits_updated'====== Args={'value': 0, 'enabled': True}
2024-12-01 16:46:43,252 : INFO : EventManager : Event: ======'logicblock_attic_drop_counter_updated'====== Args={'value': 0, 'enabled': True}
2024-12-01 16:46:43,252 : INFO : EventManager : Event: ======'logicblock_attic_hits_updated'====== Args={'value': 0, 'enabled': True}
2024-12-01 16:46:43,252 : INFO : EventManager : Event: ======'logicblock_cellar_hits_updated'====== Args={'value': 0, 'enabled': True}
2024-12-01 16:46:43,252 : INFO : Mode.base : Started. Priority: 100
2024-12-01 16:46:43,253 : INFO : EventManager : Event: ======'modes_active_modes_changed'====== Args={}
2024-12-01 16:46:43,253 : INFO : EventManager : Event: ======'mode_base_started'====== Args={'queue': <QueuedEvent>, 'player': 1, 'ball': 2, 'balls_remaining': 1, 'is_extra_ball': False}
2024-12-01 16:46:43,253 : INFO : EventManager : Event: ======'diverter_trapdoor_diverter_enabling'====== Args={'auto': False}
2024-12-01 16:46:43,255 : INFO : EventManager : Event: ======'base_bonus_900'====== Args={'queue': <QueuedEvent>, 'player': 1, 'ball': 2, 'balls_remaining': 1, 'is_extra_ball': False}
2024-12-01 16:46:43,255 : INFO : EventManager : Event: ======'player_base_bonus'====== Args={'value': 900, 'prev_value': 0, 'change': 900, 'player_num': 1, 'source': 'base'}
2024-12-01 16:46:43,257 : INFO : EventManager : Event: ======'single_player_ball_started'====== Args={}
2024-12-01 16:46:43,260 : INFO : EventManager : Event: ======'ball_start_target'====== Args={'target': 'playfield'}
2024-12-01 16:46:43,260 : INFO : ball_device.bd_drain : Setting up player-controlled eject. Balls: 1, Target: <playfield.playfield>, player_controlled_eject_event: None
2024-12-01 16:46:43,260 : INFO : ball_device.bd_drain : Adding 1 ball(s) to the eject_queue with target <playfield.playfield>.
2024-12-01 16:46:43,260 : INFO : EventManager : Event: ======'balldevice_balls_available'====== Args={}
2024-12-01 16:46:43,275 : INFO : EventManager : Event: ======'slide_base_created'====== Args={'_from_bcp': True}
2024-12-01 16:46:43,275 : INFO : EventManager : Event: ======'slide_base_inactive'====== Args={'is_removing': True, '_from_bcp': True}
2024-12-01 16:46:43,275 : INFO : EventManager : Event: ======'slide_base_active'====== Args={'original_context': 'base', 'original_calling_context': 'mode_base_started', 'priority': 100.0, 'queue': '<QueuedEvent>', 'player': 1.0, 'ball': 2.0, 'balls_remaining': 1.0, 'is_extra_ball': False, 'cmd': 'slides_play', '_from_bcp': True}
2024-12-01 16:46:43,276 : INFO : EventManager : Event: ======'slide_base_removed'====== Args={'_from_bcp': True}
2024-12-01 16:46:47,429 : INFO : EventManager : Event: ======'balldevice_bd_drain_ball_count_changed'====== Args={'balls': 0}
2024-12-01 16:46:47,429 : WARNING : ball_device.bd_drain : Ball disappeared while idle. This should not normally happen.
2024-12-01 16:46:47,430 : INFO : EventManager : Event: ======'balldevice_playfield_ball_enter'====== Args={'new_balls': 1, 'unclaimed_balls': 1, 'device': <playfield.playfield>}
2024-12-01 16:46:47,430 : INFO : EventManager : Event: ======'playfield_ball_count_change'====== Args={'balls': 1, 'change': 1}
2024-12-01 16:46:47,430 : INFO : ball_device.bd_drain : 1 ball(s) missing from device. Mechanical eject? False
2024-12-01 16:46:47,430 : INFO : EventManager : Event: ======'balldevice_bd_drain_ball_missing'====== Args={'balls': 1}
2024-12-01 16:46:47,431 : INFO : EventManager : Event: ======'balldevice_ball_missing'====== Args={'balls': 1, 'name': 'bd_drain'}
2024-12-01 16:46:47,431 : INFO : ball_device.bd_drain : State: waiting_for_ball
2024-12-01 16:46:51,537 : INFO : Machine : Shutting down...
2024-12-01 16:46:51,537 : INFO : EventManager : Event: ======'shutdown'====== Args={}
2024-12-01 16:46:51,539 : INFO : EventManager : Event: ======'mode_game_will_stop'====== Args={}
2024-12-01 16:46:51,539 : INFO : EventManager : Event: ======'mode_game_stopping'====== Args={}
2024-12-01 16:46:51,540 : INFO : EventManager : Event: ======'mode_base_will_stop'====== Args={}
2024-12-01 16:46:51,540 : INFO : EventManager : Event: ======'mode_base_stopping'====== Args={}
2024-12-01 16:46:51,540 : INFO : Mode.base : Stopped.
2024-12-01 16:46:51,540 : INFO : EventManager : Event: ======'modes_active_modes_changed'====== Args={}
2024-12-01 16:46:51,541 : INFO : EventManager : Event: ======'mode_base_stopped'====== Args={}
2024-12-01 16:46:51,541 : INFO : EventManager : Event: ======'clear'====== Args={'key': 'base'}
2024-12-01 16:46:51,542 : INFO : Mode.game : Stopped.
2024-12-01 16:46:51,542 : INFO : EventManager : Event: ======'modes_active_modes_changed'====== Args={}
2024-12-01 16:46:51,542 : INFO : EventManager : Event: ======'mode_game_stopped'====== Args={}
2024-12-01 16:46:51,542 : INFO : EventManager : Event: ======'clear'====== Args={'key': 'game'}
2024-12-01 16:46:51,544 : INFO : root : MPF run loop ended.
