2024-11-20 21:17:53,699 : INFO : root : Loading config.
2024-11-20 21:17:53,702 : INFO : YamlMultifileConfigLoader : Machine config file #1: config.yaml
2024-11-20 21:17:53,702 : INFO : ConfigProcessor : Loading config from cache: /var/folders/lw/36nc9wln17qdc1y8dnh6d85h0000gr/T/a187413b8cf7049e0b91852f54cd1afa.mpf_cache
2024-11-20 21:17:53,735 : INFO : ConfigProcessor : Loading config from cache: /var/folders/lw/36nc9wln17qdc1y8dnh6d85h0000gr/T/2e30198d1c841d95b9b3e69c8a0bb49b.mpf_cache
2024-11-20 21:17:53,736 : INFO : ConfigProcessor : Loading config from cache: /var/folders/lw/36nc9wln17qdc1y8dnh6d85h0000gr/T/40928215bbb65374348eff3d4cd7b8bc.mpf_cache
2024-11-20 21:17:53,736 : WARNING : ConfigProcessor : Config file in cache changed: /Users/C_Alan/pinball/hauntedhouse/modes/base/config/base.yaml
2024-11-20 21:17:53,736 : INFO : ConfigProcessor : Loading config from file /Users/C_Alan/pinball/hauntedhouse/modes/base/config/base.yaml.
2024-11-20 21:17:53,740 : INFO : ConfigProcessor : Loading config: /Users/C_Alan/pinball/hauntedhouse/modes/base/config/base.yaml
2024-11-20 21:17:53,741 : INFO : ConfigProcessor : Config file cache created: /var/folders/lw/36nc9wln17qdc1y8dnh6d85h0000gr/T/167ddff969183ffa73a4682c84ddf638.mpf_cache
2024-11-20 21:17:53,741 : INFO : ConfigProcessor : Loading config from cache: /var/folders/lw/36nc9wln17qdc1y8dnh6d85h0000gr/T/2e30198d1c841d95b9b3e69c8a0bb49b.mpf_cache
2024-11-20 21:17:53,741 : INFO : ConfigProcessor : Loading config from cache: /var/folders/lw/36nc9wln17qdc1y8dnh6d85h0000gr/T/1ab5c5e749213b44f20a4087626085fd.mpf_cache
2024-11-20 21:17:53,742 : INFO : Machine : Mission Pinball Framework Core Engine v0.80.0.dev5
2024-11-20 21:17:53,742 : INFO : Machine : Command line arguments: {'no_load_cache': False, 'create_config_cache': True, 'bcp': True, 'configfile': ['config.yaml'], 'force_assets_load': False, 'platform_integration_test': False, 'jsonlogging': False, 'logfile': 'logs/2024-11-20-21-17-53-mpf-Macpro.local.log', 'pause': False, 'production': False, 'text_ui': True, 'loglevel': 15, 'consoleloglevel': 20, 'force_platform': 'virtual', 'syslog_address': None, 'full_logfile_path': '/Users/C_Alan/pinball/hauntedhouse/logs/2024-11-20-21-17-53-mpf-Macpro.local.log'}
2024-11-20 21:17:53,742 : INFO : Machine : MPF path: /Users/C_Alan/envp311/lib/python3.11/site-packages/mpf
2024-11-20 21:17:53,742 : INFO : Machine : Machine path: /Users/C_Alan/pinball/hauntedhouse
2024-11-20 21:17:53,742 : INFO : Machine : Platform: darwin
2024-11-20 21:17:53,742 : INFO : Machine : Python executable location: /Users/C_Alan/envp311/bin/python3.11
2024-11-20 21:17:53,742 : INFO : Machine : Python version: 3.11.0 (64-bit)
2024-11-20 21:17:53,742 : INFO : Machine : Initializing MPF...
2024-11-20 21:17:53,775 : INFO : EventManager : Event: ======'machine_var_credits_string'====== Args={'value': 'FREE PLAY', 'prev_value': None, 'change': True}
2024-11-20 21:17:53,783 : INFO : EventManager : Event: ======'machine_var_master_volume'====== Args={'value': 0.5, 'prev_value': None, 'change': True}
2024-11-20 21:17:53,783 : INFO : EventManager : Event: ======'machine_var_player1_score'====== Args={'value': 60000, 'prev_value': None, 'change': True}
2024-11-20 21:17:53,783 : INFO : EventManager : Event: ======'machine_var_mpf_version'====== Args={'value': 'Mission Pinball Framework v0.80.0.dev5', 'prev_value': None, 'change': True}
2024-11-20 21:17:53,783 : INFO : EventManager : Event: ======'machine_var_mpf_extended_version'====== Args={'value': 'Mission Pinball Framework v0.80.0.dev5, Config version:6, Show version: 6, BCP version:1.1', 'prev_value': None, 'change': True}
2024-11-20 21:17:53,783 : INFO : EventManager : Event: ======'machine_var_python_version'====== Args={'value': '3.11.0', 'prev_value': None, 'change': True}
2024-11-20 21:17:53,797 : INFO : EventManager : Event: ======'machine_var_platform'====== Args={'value': 'macOS-14.6.1-x86_64-i386-64bit', 'prev_value': None, 'change': True}
2024-11-20 21:17:53,797 : INFO : EventManager : Event: ======'machine_var_platform_system'====== Args={'value': 'Darwin', 'prev_value': None, 'change': True}
2024-11-20 21:17:53,797 : INFO : EventManager : Event: ======'machine_var_platform_release'====== Args={'value': '23.6.0', 'prev_value': None, 'change': True}
2024-11-20 21:17:53,797 : INFO : EventManager : Event: ======'machine_var_platform_version'====== Args={'value': 'Darwin Kernel Version 23.6.0: Mon Jul 29 21:13:00 PDT 2024; root:xnu-10063.141.2~1/RELEASE_X86_64', 'prev_value': None, 'change': True}
2024-11-20 21:17:53,797 : INFO : EventManager : Event: ======'machine_var_platform_machine'====== Args={'value': 'x86_64', 'prev_value': None, 'change': True}
2024-11-20 21:17:53,797 : INFO : EventManager : Event: ======'machine_var_log_file_path'====== Args={'value': '/Users/C_Alan/pinball/hauntedhouse/logs/2024-11-20-21-17-53-mpf-Macpro.local.log', 'prev_value': None, 'change': True}
2024-11-20 21:17:53,797 : INFO : EventManager : Event: ======'init_phase_1'====== Args={}
2024-11-20 21:17:53,832 : INFO : EventManager : Event: ======'drop_target_bank_upper_up'====== Args={}
2024-11-20 21:17:53,832 : INFO : EventManager : Event: ======'drop_target_bank_lower_up'====== Args={}
2024-11-20 21:17:53,833 : INFO : EventManager : Event: ======'init_phase_2'====== Args={}
2024-11-20 21:17:53,837 : INFO : EventManager : Event: ======'bcp_connection_attempt'====== Args={'name': 'local_display', 'host': 'localhost', 'port': 5050}
2024-11-20 21:17:53,838 : INFO : BCPClientSocket : Connecting BCP to 'local_display' at localhost:5050...
2024-11-20 21:17:59,868 : INFO : BCPClientSocket : Connected BCP to 'local_display' localhost:5050
2024-11-20 21:17:59,868 : INFO : EventManager : Event: ======'bcp_clients_connected'====== Args={}
2024-11-20 21:17:59,869 : INFO : ball_device.bd_drain : BCH: Initial count: 0
2024-11-20 21:17:59,870 : INFO : ball_device.bd_drain : State: idle
2024-11-20 21:17:59,870 : INFO : ball_device.bd_lower_vuk : BCH: Initial count: 0
2024-11-20 21:17:59,870 : INFO : ball_device.bd_lower_vuk : State: idle
2024-11-20 21:17:59,870 : INFO : ball_device.bd_lower_kickout_special : BCH: Initial count: 0
2024-11-20 21:17:59,871 : INFO : ball_device.bd_lower_kickout_special : State: idle
2024-11-20 21:17:59,871 : INFO : ball_device.bd_main_vuk : BCH: Initial count: 0
2024-11-20 21:17:59,871 : INFO : ball_device.bd_main_vuk : State: idle
2024-11-20 21:17:59,871 : INFO : ball_device.bd_main_kickout_right : BCH: Initial count: 0
2024-11-20 21:17:59,872 : INFO : ball_device.bd_main_kickout_right : State: idle
2024-11-20 21:17:59,872 : INFO : ball_device.bd_main_kickout_lane : BCH: Initial count: 0
2024-11-20 21:17:59,872 : INFO : ball_device.bd_main_kickout_lane : State: idle
2024-11-20 21:17:59,881 : INFO : EventManager : Event: ======'init_phase_3'====== Args={}
2024-11-20 21:17:59,884 : INFO : EventManager : Event: ======'init_phase_4'====== Args={}
2024-11-20 21:17:59,884 : INFO : BallController : Initial balls found: 0
2024-11-20 21:17:59,885 : INFO : EventManager : Event: ======'machine_var_audits_events_game_ended'====== Args={'value': 66, 'prev_value': None, 'change': True}
2024-11-20 21:17:59,885 : INFO : EventManager : Event: ======'machine_var_audits_events_game_started'====== Args={'value': 140, 'prev_value': None, 'change': True}
2024-11-20 21:17:59,885 : INFO : EventManager : Event: ======'machine_var_audits_missing_switches_s_left_flipper1'====== Args={'value': 11, 'prev_value': None, 'change': True}
2024-11-20 21:17:59,885 : INFO : EventManager : Event: ======'machine_var_audits_missing_switches_s_left_flipper2'====== Args={'value': 11, 'prev_value': None, 'change': True}
2024-11-20 21:17:59,885 : INFO : EventManager : Event: ======'machine_var_audits_missing_switches_s_lower_10pt_drops'====== Args={'value': 13, 'prev_value': None, 'change': True}
2024-11-20 21:17:59,885 : INFO : EventManager : Event: ======'machine_var_audits_missing_switches_s_lower_10pt_lower'====== Args={'value': 14, 'prev_value': None, 'change': True}
2024-11-20 21:17:59,885 : INFO : EventManager : Event: ======'machine_var_audits_missing_switches_s_lower_10pt_upper'====== Args={'value': 13, 'prev_value': None, 'change': True}
2024-11-20 21:17:59,885 : INFO : EventManager : Event: ======'machine_var_audits_missing_switches_s_lower_1_drop'====== Args={'value': 14, 'prev_value': None, 'change': True}
2024-11-20 21:17:59,885 : INFO : EventManager : Event: ======'machine_var_audits_missing_switches_s_lower_2_drop'====== Args={'value': 13, 'prev_value': None, 'change': True}
2024-11-20 21:17:59,885 : INFO : EventManager : Event: ======'machine_var_audits_missing_switches_s_lower_3_drop'====== Args={'value': 14, 'prev_value': None, 'change': True}
2024-11-20 21:17:59,885 : INFO : EventManager : Event: ======'machine_var_audits_missing_switches_s_lower_4_drop'====== Args={'value': 26, 'prev_value': None, 'change': True}
2024-11-20 21:17:59,885 : INFO : EventManager : Event: ======'machine_var_audits_missing_switches_s_lower_5_drop'====== Args={'value': 14, 'prev_value': None, 'change': True}
2024-11-20 21:17:59,885 : INFO : EventManager : Event: ======'machine_var_audits_missing_switches_s_lower_bonus_left'====== Args={'value': 13, 'prev_value': None, 'change': True}
2024-11-20 21:17:59,886 : INFO : EventManager : Event: ======'machine_var_audits_missing_switches_s_lower_bonus_right'====== Args={'value': 30, 'prev_value': None, 'change': True}
2024-11-20 21:17:59,886 : INFO : EventManager : Event: ======'machine_var_audits_missing_switches_s_lower_kick_target'====== Args={'value': 30, 'prev_value': None, 'change': True}
2024-11-20 21:17:59,886 : INFO : EventManager : Event: ======'machine_var_audits_missing_switches_s_lower_kickout_special'====== Args={'value': 13, 'prev_value': None, 'change': True}
2024-11-20 21:17:59,886 : INFO : EventManager : Event: ======'machine_var_audits_missing_switches_s_lower_pop'====== Args={'value': 13, 'prev_value': None, 'change': True}
2024-11-20 21:17:59,886 : INFO : EventManager : Event: ======'machine_var_audits_missing_switches_s_lower_rollover'====== Args={'value': 10, 'prev_value': None, 'change': True}
2024-11-20 21:17:59,886 : INFO : EventManager : Event: ======'machine_var_audits_missing_switches_s_lower_slingshot'====== Args={'value': 13, 'prev_value': None, 'change': True}
2024-11-20 21:17:59,886 : INFO : EventManager : Event: ======'machine_var_audits_missing_switches_s_lower_vuk'====== Args={'value': 10, 'prev_value': None, 'change': True}
2024-11-20 21:17:59,886 : INFO : EventManager : Event: ======'machine_var_audits_missing_switches_s_main_10pt_left'====== Args={'value': 13, 'prev_value': None, 'change': True}
2024-11-20 21:17:59,886 : INFO : EventManager : Event: ======'machine_var_audits_missing_switches_s_main_1_target'====== Args={'value': 13, 'prev_value': None, 'change': True}
2024-11-20 21:17:59,886 : INFO : EventManager : Event: ======'machine_var_audits_missing_switches_s_main_1_trough'====== Args={'value': 8, 'prev_value': None, 'change': True}
2024-11-20 21:17:59,886 : INFO : EventManager : Event: ======'machine_var_audits_missing_switches_s_main_2_target'====== Args={'value': 13, 'prev_value': None, 'change': True}
2024-11-20 21:17:59,886 : INFO : EventManager : Event: ======'machine_var_audits_missing_switches_s_main_2_trough'====== Args={'value': 10, 'prev_value': None, 'change': True}
2024-11-20 21:17:59,886 : INFO : EventManager : Event: ======'machine_var_audits_missing_switches_s_main_3_target'====== Args={'value': 13, 'prev_value': None, 'change': True}
2024-11-20 21:17:59,886 : INFO : EventManager : Event: ======'machine_var_audits_missing_switches_s_main_4_target'====== Args={'value': 10, 'prev_value': None, 'change': True}
2024-11-20 21:17:59,887 : INFO : EventManager : Event: ======'machine_var_audits_missing_switches_s_main_5_target'====== Args={'value': 11, 'prev_value': None, 'change': True}
2024-11-20 21:17:59,887 : INFO : EventManager : Event: ======'machine_var_audits_missing_switches_s_main_inlane_left'====== Args={'value': 24, 'prev_value': None, 'change': True}
2024-11-20 21:17:59,887 : INFO : EventManager : Event: ======'machine_var_audits_missing_switches_s_main_inlane_right'====== Args={'value': 10, 'prev_value': None, 'change': True}
2024-11-20 21:17:59,887 : INFO : EventManager : Event: ======'machine_var_audits_missing_switches_s_main_kickout_right'====== Args={'value': 10, 'prev_value': None, 'change': True}
2024-11-20 21:17:59,887 : INFO : EventManager : Event: ======'machine_var_audits_missing_switches_s_main_lane_center'====== Args={'value': 8, 'prev_value': None, 'change': True}
2024-11-20 21:17:59,887 : INFO : EventManager : Event: ======'machine_var_audits_missing_switches_s_main_outlane_left'====== Args={'value': 30, 'prev_value': None, 'change': True}
2024-11-20 21:17:59,887 : INFO : EventManager : Event: ======'machine_var_audits_missing_switches_s_main_outlane_right'====== Args={'value': 13, 'prev_value': None, 'change': True}
2024-11-20 21:17:59,887 : INFO : EventManager : Event: ======'machine_var_audits_missing_switches_s_main_pop_bottom'====== Args={'value': 11, 'prev_value': None, 'change': True}
2024-11-20 21:17:59,887 : INFO : EventManager : Event: ======'machine_var_audits_missing_switches_s_main_rollunder'====== Args={'value': 10, 'prev_value': None, 'change': True}
2024-11-20 21:17:59,887 : INFO : EventManager : Event: ======'machine_var_audits_missing_switches_s_main_secret_trough'====== Args={'value': 13, 'prev_value': None, 'change': True}
2024-11-20 21:17:59,887 : INFO : EventManager : Event: ======'machine_var_audits_missing_switches_s_main_slingshot'====== Args={'value': 10, 'prev_value': None, 'change': True}
2024-11-20 21:17:59,887 : INFO : EventManager : Event: ======'machine_var_audits_missing_switches_s_main_target_right'====== Args={'value': 13, 'prev_value': None, 'change': True}
2024-11-20 21:17:59,887 : INFO : EventManager : Event: ======'machine_var_audits_missing_switches_s_main_trapdoor_trough'====== Args={'value': 30, 'prev_value': None, 'change': True}
2024-11-20 21:17:59,887 : INFO : EventManager : Event: ======'machine_var_audits_missing_switches_s_main_vuk'====== Args={'value': 9, 'prev_value': None, 'change': True}
2024-11-20 21:17:59,888 : INFO : EventManager : Event: ======'machine_var_audits_missing_switches_s_right_flipper1'====== Args={'value': 10, 'prev_value': None, 'change': True}
2024-11-20 21:17:59,888 : INFO : EventManager : Event: ======'machine_var_audits_missing_switches_s_right_flipper2'====== Args={'value': 10, 'prev_value': None, 'change': True}
2024-11-20 21:17:59,888 : INFO : EventManager : Event: ======'machine_var_audits_missing_switches_s_start'====== Args={'value': 5, 'prev_value': None, 'change': True}
2024-11-20 21:17:59,888 : INFO : EventManager : Event: ======'machine_var_audits_missing_switches_s_upper_10pt_center'====== Args={'value': 9, 'prev_value': None, 'change': True}
2024-11-20 21:17:59,888 : INFO : EventManager : Event: ======'machine_var_audits_missing_switches_s_upper_10pt_left'====== Args={'value': 11, 'prev_value': None, 'change': True}
2024-11-20 21:17:59,888 : INFO : EventManager : Event: ======'machine_var_audits_missing_switches_s_upper_1_target'====== Args={'value': 6, 'prev_value': None, 'change': True}
2024-11-20 21:17:59,888 : INFO : EventManager : Event: ======'machine_var_audits_missing_switches_s_upper_2_target'====== Args={'value': 6, 'prev_value': None, 'change': True}
2024-11-20 21:17:59,888 : INFO : EventManager : Event: ======'machine_var_audits_missing_switches_s_upper_3_target'====== Args={'value': 6, 'prev_value': None, 'change': True}
2024-11-20 21:17:59,888 : INFO : EventManager : Event: ======'machine_var_audits_missing_switches_s_upper_4_target'====== Args={'value': 6, 'prev_value': None, 'change': True}
2024-11-20 21:17:59,888 : INFO : EventManager : Event: ======'machine_var_audits_player_score'====== Args={'value': {'average': 31169, 'top': [211150, 162330, 120480, 114590, 92630, 81180, 78890, 76090, 75800, 75650], 'total': 69}, 'prev_value': None, 'change': True}
2024-11-20 21:17:59,888 : INFO : EventManager : Event: ======'machine_var_audits_shots_10pt'====== Args={'value': 248, 'prev_value': None, 'change': True}
2024-11-20 21:17:59,888 : INFO : EventManager : Event: ======'machine_var_audits_shots_left_inlane'====== Args={'value': 22, 'prev_value': None, 'change': True}
2024-11-20 21:17:59,889 : INFO : EventManager : Event: ======'machine_var_audits_shots_left_outlane'====== Args={'value': 11, 'prev_value': None, 'change': True}
2024-11-20 21:17:59,889 : INFO : EventManager : Event: ======'machine_var_audits_shots_lower_10pt_drops'====== Args={'value': 37, 'prev_value': None, 'change': True}
2024-11-20 21:17:59,889 : INFO : EventManager : Event: ======'machine_var_audits_shots_lower_10pt_lower'====== Args={'value': 12, 'prev_value': None, 'change': True}
2024-11-20 21:17:59,889 : INFO : EventManager : Event: ======'machine_var_audits_shots_lower_10pt_upper'====== Args={'value': 13, 'prev_value': None, 'change': True}
2024-11-20 21:17:59,889 : INFO : EventManager : Event: ======'machine_var_audits_shots_lower_1_drop'====== Args={'value': 44, 'prev_value': None, 'change': True}
2024-11-20 21:17:59,889 : INFO : EventManager : Event: ======'machine_var_audits_shots_lower_2_drop'====== Args={'value': 12, 'prev_value': None, 'change': True}
2024-11-20 21:17:59,889 : INFO : EventManager : Event: ======'machine_var_audits_shots_lower_3_drop'====== Args={'value': 12, 'prev_value': None, 'change': True}
2024-11-20 21:17:59,889 : INFO : EventManager : Event: ======'machine_var_audits_shots_lower_4_drop'====== Args={'value': 16, 'prev_value': None, 'change': True}
2024-11-20 21:17:59,889 : INFO : EventManager : Event: ======'machine_var_audits_shots_lower_5_drop'====== Args={'value': 17, 'prev_value': None, 'change': True}
2024-11-20 21:17:59,889 : INFO : EventManager : Event: ======'machine_var_audits_shots_lower_hole'====== Args={'value': 27, 'prev_value': None, 'change': True}
2024-11-20 21:17:59,889 : INFO : EventManager : Event: ======'machine_var_audits_shots_lower_kick_target'====== Args={'value': 2, 'prev_value': None, 'change': True}
2024-11-20 21:17:59,890 : INFO : EventManager : Event: ======'machine_var_audits_shots_lower_left'====== Args={'value': 11, 'prev_value': None, 'change': True}
2024-11-20 21:17:59,890 : INFO : EventManager : Event: ======'machine_var_audits_shots_lower_left_pop'====== Args={'value': 199, 'prev_value': None, 'change': True}
2024-11-20 21:17:59,890 : INFO : EventManager : Event: ======'machine_var_audits_shots_lower_pop'====== Args={'value': 28, 'prev_value': None, 'change': True}
2024-11-20 21:17:59,890 : INFO : EventManager : Event: ======'machine_var_audits_shots_lower_right'====== Args={'value': 4, 'prev_value': None, 'change': True}
2024-11-20 21:17:59,890 : INFO : EventManager : Event: ======'machine_var_audits_shots_lower_rollover'====== Args={'value': 32, 'prev_value': None, 'change': True}
2024-11-20 21:17:59,890 : INFO : EventManager : Event: ======'machine_var_audits_shots_lower_slingshot'====== Args={'value': 19, 'prev_value': None, 'change': True}
2024-11-20 21:17:59,890 : INFO : EventManager : Event: ======'machine_var_audits_shots_main_1'====== Args={'value': 30, 'prev_value': None, 'change': True}
2024-11-20 21:17:59,890 : INFO : EventManager : Event: ======'machine_var_audits_shots_main_2'====== Args={'value': 33, 'prev_value': None, 'change': True}
2024-11-20 21:17:59,891 : INFO : EventManager : Event: ======'machine_var_audits_shots_main_3'====== Args={'value': 26, 'prev_value': None, 'change': True}
2024-11-20 21:17:59,891 : INFO : EventManager : Event: ======'machine_var_audits_shots_main_4'====== Args={'value': 44, 'prev_value': None, 'change': True}
2024-11-20 21:17:59,891 : INFO : EventManager : Event: ======'machine_var_audits_shots_main_5'====== Args={'value': 24, 'prev_value': None, 'change': True}
2024-11-20 21:17:59,891 : INFO : EventManager : Event: ======'machine_var_audits_shots_main_slingshot'====== Args={'value': 45, 'prev_value': None, 'change': True}
2024-11-20 21:17:59,891 : INFO : EventManager : Event: ======'machine_var_audits_shots_main_trough_1'====== Args={'value': 17, 'prev_value': None, 'change': True}
2024-11-20 21:17:59,891 : INFO : EventManager : Event: ======'machine_var_audits_shots_right_inlane'====== Args={'value': 75, 'prev_value': None, 'change': True}
2024-11-20 21:17:59,891 : INFO : EventManager : Event: ======'machine_var_audits_shots_right_kickout'====== Args={'value': 34, 'prev_value': None, 'change': True}
2024-11-20 21:17:59,891 : INFO : EventManager : Event: ======'machine_var_audits_shots_right_outlane'====== Args={'value': 44, 'prev_value': None, 'change': True}
2024-11-20 21:17:59,891 : INFO : EventManager : Event: ======'machine_var_audits_shots_rollunder'====== Args={'value': 106, 'prev_value': None, 'change': True}
2024-11-20 21:17:59,892 : INFO : EventManager : Event: ======'machine_var_audits_shots_standup_right'====== Args={'value': 91, 'prev_value': None, 'change': True}
2024-11-20 21:17:59,892 : INFO : EventManager : Event: ======'machine_var_audits_shots_upper_1'====== Args={'value': 43, 'prev_value': None, 'change': True}
2024-11-20 21:17:59,892 : INFO : EventManager : Event: ======'machine_var_audits_shots_upper_1_drop'====== Args={'value': 74, 'prev_value': None, 'change': True}
2024-11-20 21:17:59,892 : INFO : EventManager : Event: ======'machine_var_audits_shots_upper_2'====== Args={'value': 70, 'prev_value': None, 'change': True}
2024-11-20 21:17:59,892 : INFO : EventManager : Event: ======'machine_var_audits_shots_upper_2_drop'====== Args={'value': 55, 'prev_value': None, 'change': True}
2024-11-20 21:17:59,892 : INFO : EventManager : Event: ======'machine_var_audits_shots_upper_3'====== Args={'value': 32, 'prev_value': None, 'change': True}
2024-11-20 21:17:59,892 : INFO : EventManager : Event: ======'machine_var_audits_shots_upper_3_drop'====== Args={'value': 74, 'prev_value': None, 'change': True}
2024-11-20 21:17:59,892 : INFO : EventManager : Event: ======'machine_var_audits_shots_upper_4'====== Args={'value': 29, 'prev_value': None, 'change': True}
2024-11-20 21:17:59,893 : INFO : EventManager : Event: ======'machine_var_audits_shots_upper_4_drop'====== Args={'value': 91, 'prev_value': None, 'change': True}
2024-11-20 21:17:59,893 : INFO : EventManager : Event: ======'machine_var_audits_shots_upper_left_pop'====== Args={'value': 93, 'prev_value': None, 'change': True}
2024-11-20 21:17:59,893 : INFO : EventManager : Event: ======'machine_var_audits_shots_upper_pop'====== Args={'value': 553, 'prev_value': None, 'change': True}
2024-11-20 21:17:59,893 : INFO : EventManager : Event: ======'machine_var_audits_switches_s_left_flipper1'====== Args={'value': 420, 'prev_value': None, 'change': True}
2024-11-20 21:17:59,893 : INFO : EventManager : Event: ======'machine_var_audits_switches_s_left_flipper2'====== Args={'value': 469, 'prev_value': None, 'change': True}
2024-11-20 21:17:59,893 : INFO : EventManager : Event: ======'machine_var_audits_switches_s_lower_10pt_UPPER'====== Args={'value': 0, 'prev_value': None, 'change': True}
2024-11-20 21:17:59,893 : INFO : EventManager : Event: ======'machine_var_audits_switches_s_lower_10pt_drops'====== Args={'value': 37, 'prev_value': None, 'change': True}
2024-11-20 21:17:59,894 : INFO : EventManager : Event: ======'machine_var_audits_switches_s_lower_10pt_lower'====== Args={'value': 12, 'prev_value': None, 'change': True}
2024-11-20 21:17:59,894 : INFO : EventManager : Event: ======'machine_var_audits_switches_s_lower_10pt_upper'====== Args={'value': 13, 'prev_value': None, 'change': True}
2024-11-20 21:17:59,894 : INFO : EventManager : Event: ======'machine_var_audits_switches_s_lower_1_drop'====== Args={'value': 399, 'prev_value': None, 'change': True}
2024-11-20 21:17:59,894 : INFO : EventManager : Event: ======'machine_var_audits_switches_s_lower_2_drop'====== Args={'value': 12, 'prev_value': None, 'change': True}
2024-11-20 21:17:59,894 : INFO : EventManager : Event: ======'machine_var_audits_switches_s_lower_3_drop'====== Args={'value': 12, 'prev_value': None, 'change': True}
2024-11-20 21:17:59,894 : INFO : EventManager : Event: ======'machine_var_audits_switches_s_lower_4_drop'====== Args={'value': 16, 'prev_value': None, 'change': True}
2024-11-20 21:17:59,895 : INFO : EventManager : Event: ======'machine_var_audits_switches_s_lower_5_drop'====== Args={'value': 17, 'prev_value': None, 'change': True}
2024-11-20 21:17:59,895 : INFO : EventManager : Event: ======'machine_var_audits_switches_s_lower_bonus_left'====== Args={'value': 11, 'prev_value': None, 'change': True}
2024-11-20 21:17:59,895 : INFO : EventManager : Event: ======'machine_var_audits_switches_s_lower_bonus_right'====== Args={'value': 4, 'prev_value': None, 'change': True}
2024-11-20 21:17:59,895 : INFO : EventManager : Event: ======'machine_var_audits_switches_s_lower_kick_target'====== Args={'value': 2, 'prev_value': None, 'change': True}
2024-11-20 21:17:59,895 : INFO : EventManager : Event: ======'machine_var_audits_switches_s_lower_kickout_special'====== Args={'value': 27, 'prev_value': None, 'change': True}
2024-11-20 21:17:59,895 : INFO : EventManager : Event: ======'machine_var_audits_switches_s_lower_pop'====== Args={'value': 28, 'prev_value': None, 'change': True}
2024-11-20 21:17:59,896 : INFO : EventManager : Event: ======'machine_var_audits_switches_s_lower_rollover'====== Args={'value': 60, 'prev_value': None, 'change': True}
2024-11-20 21:17:59,896 : INFO : EventManager : Event: ======'machine_var_audits_switches_s_lower_slingshot'====== Args={'value': 19, 'prev_value': None, 'change': True}
2024-11-20 21:17:59,896 : INFO : EventManager : Event: ======'machine_var_audits_switches_s_lower_vuk'====== Args={'value': 239, 'prev_value': None, 'change': True}
2024-11-20 21:17:59,896 : INFO : EventManager : Event: ======'machine_var_audits_switches_s_main_10pt_left'====== Args={'value': 33, 'prev_value': None, 'change': True}
2024-11-20 21:17:59,896 : INFO : EventManager : Event: ======'machine_var_audits_switches_s_main_1_target'====== Args={'value': 57, 'prev_value': None, 'change': True}
2024-11-20 21:17:59,896 : INFO : EventManager : Event: ======'machine_var_audits_switches_s_main_1_trough'====== Args={'value': 50, 'prev_value': None, 'change': True}
2024-11-20 21:17:59,896 : INFO : EventManager : Event: ======'machine_var_audits_switches_s_main_2_target'====== Args={'value': 56, 'prev_value': None, 'change': True}
2024-11-20 21:17:59,896 : INFO : EventManager : Event: ======'machine_var_audits_switches_s_main_2_trough'====== Args={'value': 64, 'prev_value': None, 'change': True}
2024-11-20 21:17:59,897 : INFO : EventManager : Event: ======'machine_var_audits_switches_s_main_3_target'====== Args={'value': 26, 'prev_value': None, 'change': True}
2024-11-20 21:17:59,897 : INFO : EventManager : Event: ======'machine_var_audits_switches_s_main_4_target'====== Args={'value': 60, 'prev_value': None, 'change': True}
2024-11-20 21:17:59,897 : INFO : EventManager : Event: ======'machine_var_audits_switches_s_main_5_target'====== Args={'value': 58, 'prev_value': None, 'change': True}
2024-11-20 21:17:59,897 : INFO : EventManager : Event: ======'machine_var_audits_switches_s_main_inlane_left'====== Args={'value': 25, 'prev_value': None, 'change': True}
2024-11-20 21:17:59,897 : INFO : EventManager : Event: ======'machine_var_audits_switches_s_main_inlane_right'====== Args={'value': 80, 'prev_value': None, 'change': True}
2024-11-20 21:17:59,898 : INFO : EventManager : Event: ======'machine_var_audits_switches_s_main_kickout_right'====== Args={'value': 132, 'prev_value': None, 'change': True}
2024-11-20 21:17:59,898 : INFO : EventManager : Event: ======'machine_var_audits_switches_s_main_lane_center'====== Args={'value': 111, 'prev_value': None, 'change': True}
2024-11-20 21:17:59,898 : INFO : EventManager : Event: ======'machine_var_audits_switches_s_main_outhole'====== Args={'value': 468, 'prev_value': None, 'change': True}
2024-11-20 21:17:59,898 : INFO : EventManager : Event: ======'machine_var_audits_switches_s_main_outlane_left'====== Args={'value': 18, 'prev_value': None, 'change': True}
2024-11-20 21:17:59,898 : INFO : EventManager : Event: ======'machine_var_audits_switches_s_main_outlane_right'====== Args={'value': 45, 'prev_value': None, 'change': True}
2024-11-20 21:17:59,898 : INFO : EventManager : Event: ======'machine_var_audits_switches_s_main_pop_bottom'====== Args={'value': 227, 'prev_value': None, 'change': True}
2024-11-20 21:17:59,899 : INFO : EventManager : Event: ======'machine_var_audits_switches_s_main_pop_top'====== Args={'value': 158, 'prev_value': None, 'change': True}
2024-11-20 21:17:59,899 : INFO : EventManager : Event: ======'machine_var_audits_switches_s_main_rollunder'====== Args={'value': 106, 'prev_value': None, 'change': True}
2024-11-20 21:17:59,899 : INFO : EventManager : Event: ======'machine_var_audits_switches_s_main_roundabout_rollunder'====== Args={'value': 52, 'prev_value': None, 'change': True}
2024-11-20 21:17:59,899 : INFO : EventManager : Event: ======'machine_var_audits_switches_s_main_secret_trough'====== Args={'value': 30, 'prev_value': None, 'change': True}
2024-11-20 21:17:59,899 : INFO : EventManager : Event: ======'machine_var_audits_switches_s_main_slingshot'====== Args={'value': 240, 'prev_value': None, 'change': True}
2024-11-20 21:17:59,899 : INFO : EventManager : Event: ======'machine_var_audits_switches_s_main_target_right'====== Args={'value': 144, 'prev_value': None, 'change': True}
2024-11-20 21:17:59,899 : INFO : EventManager : Event: ======'machine_var_audits_switches_s_main_trapdoor_trough'====== Args={'value': 0, 'prev_value': None, 'change': True}
2024-11-20 21:17:59,900 : INFO : EventManager : Event: ======'machine_var_audits_switches_s_main_vuk'====== Args={'value': 281, 'prev_value': None, 'change': True}
2024-11-20 21:17:59,900 : INFO : EventManager : Event: ======'machine_var_audits_switches_s_right_flipper1'====== Args={'value': 367, 'prev_value': None, 'change': True}
2024-11-20 21:17:59,900 : INFO : EventManager : Event: ======'machine_var_audits_switches_s_right_flipper2'====== Args={'value': 419, 'prev_value': None, 'change': True}
2024-11-20 21:17:59,900 : INFO : EventManager : Event: ======'machine_var_audits_switches_s_start'====== Args={'value': 7, 'prev_value': None, 'change': True}
2024-11-20 21:17:59,900 : INFO : EventManager : Event: ======'machine_var_audits_switches_s_upper_10pt_center'====== Args={'value': 198, 'prev_value': None, 'change': True}
2024-11-20 21:17:59,900 : INFO : EventManager : Event: ======'machine_var_audits_switches_s_upper_10pt_left'====== Args={'value': 126, 'prev_value': None, 'change': True}
2024-11-20 21:17:59,901 : INFO : EventManager : Event: ======'machine_var_audits_switches_s_upper_1_drop'====== Args={'value': 82, 'prev_value': None, 'change': True}
2024-11-20 21:17:59,901 : INFO : EventManager : Event: ======'machine_var_audits_switches_s_upper_1_target'====== Args={'value': 104, 'prev_value': None, 'change': True}
2024-11-20 21:17:59,901 : INFO : EventManager : Event: ======'machine_var_audits_switches_s_upper_2_drop'====== Args={'value': 72, 'prev_value': None, 'change': True}
2024-11-20 21:17:59,901 : INFO : EventManager : Event: ======'machine_var_audits_switches_s_upper_2_target'====== Args={'value': 156, 'prev_value': None, 'change': True}
2024-11-20 21:17:59,901 : INFO : EventManager : Event: ======'machine_var_audits_switches_s_upper_3_drop'====== Args={'value': 84, 'prev_value': None, 'change': True}
2024-11-20 21:17:59,901 : INFO : EventManager : Event: ======'machine_var_audits_switches_s_upper_3_target'====== Args={'value': 69, 'prev_value': None, 'change': True}
2024-11-20 21:17:59,902 : INFO : EventManager : Event: ======'machine_var_audits_switches_s_upper_4_drop'====== Args={'value': 109, 'prev_value': None, 'change': True}
2024-11-20 21:17:59,902 : INFO : EventManager : Event: ======'machine_var_audits_switches_s_upper_4_target'====== Args={'value': 67, 'prev_value': None, 'change': True}
2024-11-20 21:17:59,902 : INFO : EventManager : Event: ======'machine_var_audits_switches_s_upper_pop'====== Args={'value': 785, 'prev_value': None, 'change': True}
2024-11-20 21:17:59,902 : INFO : EventManager : Event: ======'init_phase_5'====== Args={}
2024-11-20 21:17:59,906 : INFO : EventManager : Event: ======'init_done'====== Args={}
2024-11-20 21:17:59,906 : INFO : EventManager : Event: ======'machine_reset_phase_1'====== Args={}
2024-11-20 21:17:59,912 : INFO : EventManager : Event: ======'machine_reset_phase_2'====== Args={}
2024-11-20 21:17:59,912 : INFO : EventManager : Event: ======'machine_reset_phase_3'====== Args={}
2024-11-20 21:17:59,912 : INFO : drop_target_bank.upper : All targets are already up. Will not reset bank.
2024-11-20 21:17:59,912 : INFO : drop_target_bank.lower : All targets are already up. Will not reset bank.
2024-11-20 21:17:59,912 : INFO : EventManager : Event: ======'reset_complete'====== Args={}
2024-11-20 21:17:59,912 : INFO : EventManager : Event: ======'mode_attract_will_start'====== Args={}
2024-11-20 21:17:59,913 : INFO : EventManager : Event: ======'mode_attract_starting'====== Args={}
2024-11-20 21:17:59,913 : INFO : Mode.attract : Started. Priority: 10
2024-11-20 21:17:59,913 : INFO : EventManager : Event: ======'modes_active_modes_changed'====== Args={}
2024-11-20 21:17:59,913 : INFO : EventManager : Event: ======'mode_attract_started'====== Args={}
2024-11-20 21:17:59,913 : INFO : EventManager : Event: ======'collecting_balls_complete'====== Args={}
2024-11-20 21:17:59,914 : INFO : Machine : Starting the main run loop with active modes: [<Mode.attract>]
2024-11-20 21:17:59,967 : INFO : EventManager : Event: ======'slide_attract_scroll_created'====== Args={'_from_bcp': True}
2024-11-20 21:17:59,967 : INFO : EventManager : Event: ======'slide__removed'====== Args={'_from_bcp': True}
2024-11-20 21:17:59,967 : INFO : EventManager : Event: ======'slide_attract_scroll_active'====== Args={'original_context': 'attract', 'original_calling_context': 'mode_attract_started', 'priority': 10.0, 'cmd': 'slides_play', '_from_bcp': True}
2024-11-20 21:18:00,102 : INFO : BcpServer : New client connected.
2024-11-20 21:18:08,742 : INFO : SwitchController : <<<<<<< 's_main_outhole' active >>>>>>>
2024-11-20 21:18:09,243 : INFO : EventManager : Event: ======'balldevice_bd_drain_ball_count_changed'====== Args={'balls': 1}
2024-11-20 21:18:09,243 : INFO : ball_device.bd_drain : Received unexpected ball
2024-11-20 21:18:09,243 : INFO : EventManager : Event: ======'balldevice_captured_from_playfield'====== Args={'balls': 1}
2024-11-20 21:18:09,244 : INFO : EventManager : Event: ======'sw_playfield_active'====== Args={'balls': 1}
2024-11-20 21:18:09,244 : INFO : EventManager : Event: ======'playfield_active'====== Args={'source': None}
2024-11-20 21:18:09,244 : INFO : EventManager : Event: ======'unexpected_ball_on_playfield'====== Args={}
2024-11-20 21:18:09,245 : INFO : EventManager : Event: ======'playfield_ball_count_change'====== Args={'balls': -1, 'change': -1}
2024-11-20 21:18:09,245 : INFO : EventManager : Event: ======'balldevice_playfield_ball_enter'====== Args={'new_balls': 1, 'unclaimed_balls': 1, 'device': <playfield.playfield>}
2024-11-20 21:18:09,245 : INFO : EventManager : Event: ======'playfield_ball_count_change'====== Args={'balls': 0, 'change': 1}
2024-11-20 21:18:09,246 : INFO : BallController : Found a new ball which was captured from playfield. Known balls: 1
2024-11-20 21:18:09,246 : INFO : EventManager : Event: ======'found_new_ball'====== Args={}
2024-11-20 21:18:09,246 : INFO : EventManager : Event: ======'balldevice_bd_drain_ball_enter'====== Args={'new_balls': 1, 'unclaimed_balls': 1, 'new_available_balls': 1, 'device': <ball_device.bd_drain>}
2024-11-20 21:18:09,246 : INFO : EventManager : Event: ======'ball_drain'====== Args={'device': <ball_device.bd_drain>, 'balls': 1}
2024-11-20 21:18:09,247 : INFO : EventManager : Event: ======'balldevice_balls_available'====== Args={}
2024-11-20 21:18:09,247 : INFO : EventManager : Event: ======'balldevice_bd_drain_ball_entered'====== Args={'new_balls': 1, 'device': <ball_device.bd_drain>}
2024-11-20 21:18:22,900 : INFO : SwitchController : <<<<<<< 's_start' active >>>>>>>
2024-11-20 21:18:22,988 : INFO : SwitchController : <<<<<<< 's_start' inactive >>>>>>>
2024-11-20 21:18:22,988 : INFO : EventManager : Event: ======'request_to_start_game'====== Args={}
2024-11-20 21:18:22,988 : INFO : EventManager : Event: ======'game_start'====== Args={'buttons': [], 'hold_time': 0.08787911012768745}
2024-11-20 21:18:22,989 : INFO : EventManager : Event: ======'mode_game_will_start'====== Args={'buttons': [], 'hold_time': 0.08787911012768745}
2024-11-20 21:18:22,989 : INFO : EventManager : Event: ======'mode_game_starting'====== Args={'buttons': [], 'hold_time': 0.08787911012768745}
2024-11-20 21:18:22,989 : INFO : EventManager : Event: ======'mode_attract_will_stop'====== Args={}
2024-11-20 21:18:22,990 : INFO : EventManager : Event: ======'mode_attract_stopping'====== Args={}
2024-11-20 21:18:22,990 : INFO : Mode.attract : Stopped.
2024-11-20 21:18:22,990 : INFO : EventManager : Event: ======'modes_active_modes_changed'====== Args={}
2024-11-20 21:18:22,990 : INFO : EventManager : Event: ======'mode_attract_stopped'====== Args={}
2024-11-20 21:18:22,990 : INFO : EventManager : Event: ======'clear'====== Args={'key': 'attract'}
2024-11-20 21:18:22,991 : INFO : Mode.game : Started. Priority: 20
2024-11-20 21:18:22,991 : INFO : EventManager : Event: ======'modes_active_modes_changed'====== Args={}
2024-11-20 21:18:22,991 : INFO : EventManager : Event: ======'mode_game_started'====== Args={'buttons': [], 'hold_time': 0.08787911012768745}
2024-11-20 21:18:22,991 : INFO : EventManager : Event: ======'game_will_start'====== Args={}
2024-11-20 21:18:22,992 : INFO : EventManager : Event: ======'game_starting'====== Args={'game': <Mode.game>}
2024-11-20 21:18:22,992 : INFO : EventManager : Unordered handler for class <Auditor> on event game_ended with priority 1. Handlers: [RegisteredHandler(callback=<bound method Auditor.disable of <Auditor>>, priority=1, kwargs={}, key=UUID('a1363b46-3d6d-4a3e-a191-829e3a43475b'), condition=None, blocking_facility=None), RegisteredHandler(callback=<bound method Auditor._save_audits of <Auditor>>, priority=1, kwargs={}, key=UUID('b0a2df21-7456-41cf-9c51-0f68e83fabc1'), condition=None, blocking_facility=None)]. The order of those handlers is not defined and they will be executed in random order. This might lead to race conditions and potential bugs.
2024-11-20 21:18:22,992 : INFO : EventManager : Event: ======'player_add_request'====== Args={}
2024-11-20 21:18:22,992 : INFO : EventManager : Event: ======'player_will_add'====== Args={'number': 1}
2024-11-20 21:18:22,993 : INFO : EventManager : Event: ======'player_adding'====== Args={'player': <Player 1>, 'number': 1}
2024-11-20 21:18:22,993 : INFO : EventManager : Event: ======'player_added'====== Args={'player': <Player 1>, 'num': 1}
2024-11-20 21:18:22,993 : INFO : Mode.game : Player added successfully. Total players: 1
2024-11-20 21:18:22,993 : INFO : EventManager : Event: ======'player_index'====== Args={'value': 0, 'prev_value': 0, 'change': 0, 'player_num': 1}
2024-11-20 21:18:22,993 : INFO : EventManager : Event: ======'player_number'====== Args={'value': 1, 'prev_value': 1, 'change': 0, 'player_num': 1}
2024-11-20 21:18:22,993 : INFO : EventManager : Event: ======'player_bonusx'====== Args={'value': 1, 'prev_value': 1, 'change': 0, 'player_num': 1}
2024-11-20 21:18:22,994 : INFO : EventManager : Event: ======'player_score'====== Args={'value': 0, 'prev_value': 0, 'change': 0, 'player_num': 1}
2024-11-20 21:18:22,994 : INFO : EventManager : Event: ======'game_started'====== Args={}
2024-11-20 21:18:22,994 : INFO : EventManager : Event: ======'player_turn_will_start'====== Args={'player': <Player 1>, 'number': 1}
2024-11-20 21:18:22,995 : INFO : EventManager : Event: ======'player_turn_starting'====== Args={'player': <Player 1>, 'number': 1}
2024-11-20 21:18:23,001 : INFO : EventManager : Event: ======'player_ball'====== Args={'value': 1, 'prev_value': 0, 'change': 1, 'player_num': 1}
2024-11-20 21:18:23,001 : INFO : EventManager : Event: ======'player_turn_started'====== Args={'player': <Player 1>, 'number': 1}
2024-11-20 21:18:23,002 : INFO : EventManager : Event: ======'ball_will_start'====== Args={'player': 1, 'ball': 1, 'balls_remaining': 2, 'is_extra_ball': False}
2024-11-20 21:18:23,002 : INFO : EventManager : Event: ======'ball_starting'====== Args={'player': 1, 'ball': 1, 'balls_remaining': 2, 'is_extra_ball': False}
2024-11-20 21:18:23,002 : INFO : EventManager : Event: ======'mode_base_will_start'====== Args={'queue': <QueuedEvent>, 'player': 1, 'ball': 1, 'balls_remaining': 2, 'is_extra_ball': False}
2024-11-20 21:18:23,003 : INFO : EventManager : Event: ======'player_shot_upper_pop_enabled'====== Args={'value': True, 'prev_value': 0, 'change': 1, 'player_num': 1}
2024-11-20 21:18:23,003 : INFO : EventManager : Event: ======'player_shot_lower_left_pop_enabled'====== Args={'value': True, 'prev_value': 0, 'change': 1, 'player_num': 1}
2024-11-20 21:18:23,003 : INFO : EventManager : Event: ======'player_shot_upper_left_pop_enabled'====== Args={'value': True, 'prev_value': 0, 'change': 1, 'player_num': 1}
2024-11-20 21:18:23,004 : INFO : EventManager : Event: ======'player_shot_10pt_enabled'====== Args={'value': True, 'prev_value': 0, 'change': 1, 'player_num': 1}
2024-11-20 21:18:23,004 : INFO : EventManager : Event: ======'player_shot_upper_1_enabled'====== Args={'value': True, 'prev_value': 0, 'change': 1, 'player_num': 1}
2024-11-20 21:18:23,004 : INFO : EventManager : Event: ======'player_shot_upper_2_enabled'====== Args={'value': True, 'prev_value': 0, 'change': 1, 'player_num': 1}
2024-11-20 21:18:23,005 : INFO : EventManager : Event: ======'player_shot_upper_3_enabled'====== Args={'value': True, 'prev_value': 0, 'change': 1, 'player_num': 1}
2024-11-20 21:18:23,005 : INFO : EventManager : Event: ======'player_shot_upper_4_enabled'====== Args={'value': True, 'prev_value': 0, 'change': 1, 'player_num': 1}
2024-11-20 21:18:23,005 : INFO : EventManager : Event: ======'player_shot_upper_1_drop_enabled'====== Args={'value': True, 'prev_value': 0, 'change': 1, 'player_num': 1}
2024-11-20 21:18:23,006 : INFO : EventManager : Event: ======'player_shot_upper_2_drop_enabled'====== Args={'value': True, 'prev_value': 0, 'change': 1, 'player_num': 1}
2024-11-20 21:18:23,006 : INFO : EventManager : Event: ======'player_shot_upper_3_drop_enabled'====== Args={'value': True, 'prev_value': 0, 'change': 1, 'player_num': 1}
2024-11-20 21:18:23,006 : INFO : EventManager : Event: ======'player_shot_upper_4_drop_enabled'====== Args={'value': True, 'prev_value': 0, 'change': 1, 'player_num': 1}
2024-11-20 21:18:23,007 : INFO : EventManager : Event: ======'player_shot_lower_1_drop_enabled'====== Args={'value': True, 'prev_value': 0, 'change': 1, 'player_num': 1}
2024-11-20 21:18:23,007 : INFO : EventManager : Event: ======'player_shot_lower_2_drop_enabled'====== Args={'value': True, 'prev_value': 0, 'change': 1, 'player_num': 1}
2024-11-20 21:18:23,007 : INFO : EventManager : Event: ======'player_shot_lower_3_drop_enabled'====== Args={'value': True, 'prev_value': 0, 'change': 1, 'player_num': 1}
2024-11-20 21:18:23,007 : INFO : EventManager : Event: ======'player_shot_lower_4_drop_enabled'====== Args={'value': True, 'prev_value': 0, 'change': 1, 'player_num': 1}
2024-11-20 21:18:23,008 : INFO : EventManager : Event: ======'player_shot_lower_5_drop_enabled'====== Args={'value': True, 'prev_value': 0, 'change': 1, 'player_num': 1}
2024-11-20 21:18:23,008 : INFO : EventManager : Event: ======'player_shot_lower_hole_enabled'====== Args={'value': True, 'prev_value': 0, 'change': 1, 'player_num': 1}
2024-11-20 21:18:23,008 : INFO : EventManager : Event: ======'player_shot_lower_left_enabled'====== Args={'value': True, 'prev_value': 0, 'change': 1, 'player_num': 1}
2024-11-20 21:18:23,009 : INFO : EventManager : Event: ======'player_shot_lower_right_enabled'====== Args={'value': True, 'prev_value': 0, 'change': 1, 'player_num': 1}
2024-11-20 21:18:23,009 : INFO : EventManager : Event: ======'player_shot_lower_pop_enabled'====== Args={'value': True, 'prev_value': 0, 'change': 1, 'player_num': 1}
2024-11-20 21:18:23,009 : INFO : EventManager : Event: ======'player_shot_lower_10pt_lower_enabled'====== Args={'value': True, 'prev_value': 0, 'change': 1, 'player_num': 1}
2024-11-20 21:18:23,009 : INFO : EventManager : Event: ======'player_shot_lower_10pt_drops_enabled'====== Args={'value': True, 'prev_value': 0, 'change': 1, 'player_num': 1}
2024-11-20 21:18:23,010 : INFO : EventManager : Event: ======'player_shot_lower_10pt_upper_enabled'====== Args={'value': True, 'prev_value': 0, 'change': 1, 'player_num': 1}
2024-11-20 21:18:23,010 : INFO : EventManager : Event: ======'player_shot_lower_slingshot_enabled'====== Args={'value': True, 'prev_value': 0, 'change': 1, 'player_num': 1}
2024-11-20 21:18:23,010 : INFO : EventManager : Event: ======'player_shot_lower_kick_target_enabled'====== Args={'value': True, 'prev_value': 0, 'change': 1, 'player_num': 1}
2024-11-20 21:18:23,011 : INFO : EventManager : Event: ======'player_shot_lower_rollover_enabled'====== Args={'value': True, 'prev_value': 0, 'change': 1, 'player_num': 1}
2024-11-20 21:18:23,011 : INFO : EventManager : Event: ======'player_shot_main_1_enabled'====== Args={'value': True, 'prev_value': 0, 'change': 1, 'player_num': 1}
2024-11-20 21:18:23,011 : INFO : EventManager : Event: ======'player_shot_main_2_enabled'====== Args={'value': True, 'prev_value': 0, 'change': 1, 'player_num': 1}
2024-11-20 21:18:23,011 : INFO : EventManager : Event: ======'player_shot_main_3_enabled'====== Args={'value': True, 'prev_value': 0, 'change': 1, 'player_num': 1}
2024-11-20 21:18:23,012 : INFO : EventManager : Event: ======'player_shot_main_4_enabled'====== Args={'value': True, 'prev_value': 0, 'change': 1, 'player_num': 1}
2024-11-20 21:18:23,012 : INFO : EventManager : Event: ======'player_shot_main_5_enabled'====== Args={'value': True, 'prev_value': 0, 'change': 1, 'player_num': 1}
2024-11-20 21:18:23,013 : INFO : EventManager : Event: ======'player_shot_main_slingshot_enabled'====== Args={'value': True, 'prev_value': 0, 'change': 1, 'player_num': 1}
2024-11-20 21:18:23,013 : INFO : EventManager : Event: ======'player_shot_right_outlane_enabled'====== Args={'value': True, 'prev_value': 0, 'change': 1, 'player_num': 1}
2024-11-20 21:18:23,014 : INFO : EventManager : Event: ======'player_shot_right_inlane_enabled'====== Args={'value': True, 'prev_value': 0, 'change': 1, 'player_num': 1}
2024-11-20 21:18:23,014 : INFO : EventManager : Event: ======'player_shot_left_inlane_enabled'====== Args={'value': True, 'prev_value': 0, 'change': 1, 'player_num': 1}
2024-11-20 21:18:23,014 : INFO : EventManager : Event: ======'player_shot_left_outlane_enabled'====== Args={'value': True, 'prev_value': 0, 'change': 1, 'player_num': 1}
2024-11-20 21:18:23,014 : INFO : EventManager : Event: ======'player_shot_standup_right_enabled'====== Args={'value': True, 'prev_value': 0, 'change': 1, 'player_num': 1}
2024-11-20 21:18:23,015 : INFO : EventManager : Event: ======'player_shot_right_kickout_enabled'====== Args={'value': True, 'prev_value': 0, 'change': 1, 'player_num': 1}
2024-11-20 21:18:23,015 : INFO : EventManager : Event: ======'player_shot_rollunder_enabled'====== Args={'value': True, 'prev_value': 0, 'change': 1, 'player_num': 1}
2024-11-20 21:18:23,015 : INFO : EventManager : Event: ======'player_shot_main_trough_1_enabled'====== Args={'value': True, 'prev_value': 0, 'change': 1, 'player_num': 1}
2024-11-20 21:18:23,018 : INFO : EventManager : Event: ======'mode_base_starting'====== Args={'queue': <QueuedEvent>, 'player': 1, 'ball': 1, 'balls_remaining': 2, 'is_extra_ball': False}
2024-11-20 21:18:23,019 : INFO : drop_target_bank.upper : All targets are already up. Will not reset bank.
2024-11-20 21:18:23,019 : INFO : drop_target_bank.lower : All targets are already up. Will not reset bank.
2024-11-20 21:18:23,019 : INFO : EventManager : Event: ======'balls_in_play'====== Args={'balls': 1}
2024-11-20 21:18:23,019 : INFO : EventManager : Event: ======'ball_started'====== Args={'player': 1, 'ball': 1, 'balls_remaining': 2, 'is_extra_ball': False}
2024-11-20 21:18:23,023 : INFO : EventManager : Event: ======'logicblock_attic_drop_counter_updated'====== Args={'value': 0, 'enabled': True}
2024-11-20 21:18:23,023 : INFO : EventManager : Event: ======'logicblock_attic_drop_counter_updated'====== Args={'value': 0, 'enabled': True}
2024-11-20 21:18:23,023 : INFO : Mode.base : Started. Priority: 100
2024-11-20 21:18:23,023 : INFO : EventManager : Event: ======'modes_active_modes_changed'====== Args={}
2024-11-20 21:18:23,023 : INFO : EventManager : Event: ======'mode_base_started'====== Args={'queue': <QueuedEvent>, 'player': 1, 'ball': 1, 'balls_remaining': 2, 'is_extra_ball': False}
2024-11-20 21:18:23,023 : INFO : EventManager : Event: ======'single_player_ball_started'====== Args={}
2024-11-20 21:18:23,024 : INFO : EventManager : Event: ======'ball_start_target'====== Args={'target': 'playfield'}
2024-11-20 21:18:23,024 : INFO : ball_device.bd_drain : Setting up player-controlled eject. Balls: 1, Target: <playfield.playfield>, player_controlled_eject_event: None
2024-11-20 21:18:23,024 : INFO : ball_device.bd_drain : Adding 1 ball(s) to the eject_queue with target <playfield.playfield>.
2024-11-20 21:18:23,024 : INFO : EventManager : Event: ======'balldevice_balls_available'====== Args={}
2024-11-20 21:18:23,025 : INFO : ball_device.bd_drain : State: waiting_for_target_ready
2024-11-20 21:18:23,025 : INFO : EventManager : Event: ======'balldevice_bd_drain_ball_eject_attempt'====== Args={'balls': 1, 'target': <playfield.playfield>, 'source': <ball_device.bd_drain>, 'mechanical_eject': False, 'num_attempts': 0}
2024-11-20 21:18:23,025 : INFO : ball_device.bd_drain : State: ejecting
2024-11-20 21:18:23,025 : INFO : ball_device.bd_drain : Ejecting ball to <playfield.playfield>
2024-11-20 21:18:23,025 : INFO : EventManager : Event: ======'balldevice_bd_drain_ejecting_ball'====== Args={'balls': 1, 'target': <playfield.playfield>, 'source': <ball_device.bd_drain>, 'mechanical_eject': False, 'num_attempts': 0}
2024-11-20 21:18:23,026 : INFO : ball_device.bd_drain : Wait for ball to leave device
2024-11-20 21:18:23,026 : INFO : coil.c_main_outhole : Pulsing Driver for 60ms (1.0 pulse_power)
2024-11-20 21:18:23,036 : INFO : EventManager : Event: ======'slide_base_created'====== Args={'_from_bcp': True}
2024-11-20 21:18:23,036 : INFO : EventManager : Event: ======'slide_attract_scroll_inactive'====== Args={'is_removing': True, '_from_bcp': True}
2024-11-20 21:18:23,036 : INFO : EventManager : Event: ======'slide_base_active'====== Args={'original_context': 'base', 'original_calling_context': 'mode_base_started', 'priority': 100.0, 'queue': '<QueuedEvent>', 'player': 1.0, 'ball': 1.0, 'balls_remaining': 2.0, 'is_extra_ball': False, 'cmd': 'slides_play', '_from_bcp': True}
2024-11-20 21:18:23,037 : INFO : EventManager : Event: ======'slide_attract_scroll_removed'====== Args={'_from_bcp': True}
2024-11-20 21:18:24,021 : INFO : SwitchController : <<<<<<< 's_main_outhole' inactive >>>>>>>
2024-11-20 21:18:24,021 : INFO : ball_device.bd_drain : State: ball_left
2024-11-20 21:18:24,021 : INFO : ball_device.bd_drain : Ball left
2024-11-20 21:18:24,021 : INFO : ball_device.bd_drain : Wait for confirm with timeout 10.0
2024-11-20 21:18:25,822 : INFO : SwitchController : <<<<<<< 's_main_pop_top' active >>>>>>>
2024-11-20 21:18:25,822 : INFO : EventManager : Event: ======'playfield_active'====== Args={'source': 'upper_left_pop'}
2024-11-20 21:18:25,822 : INFO : EventManager : Event: ======'s_main_pop_top_active'====== Args={}
2024-11-20 21:18:25,822 : INFO : EventManager : Event: ======'playfield_active'====== Args={'source': 'main_pop_top'}
2024-11-20 21:18:25,822 : INFO : EventManager : Event: ======'machine_var_audits_switches_s_main_pop_top'====== Args={'value': 159, 'prev_value': 158, 'change': 1}
2024-11-20 21:18:25,823 : INFO : EventManager : Event: ======'player_shot_upper_left_pop'====== Args={'value': 1, 'prev_value': 0, 'change': 1, 'player_num': 1}
2024-11-20 21:18:25,827 : INFO : EventManager : Event: ======'machine_var_audits_shots_upper_left_pop'====== Args={'value': 94, 'prev_value': 93, 'change': 1}
2024-11-20 21:18:25,827 : INFO : EventManager : Event: ======'upper_left_pop_hit'====== Args={'profile': 'default', 'state': 'unlit', 'advancing': True}
2024-11-20 21:18:25,828 : INFO : EventManager : Event: ======'upper_left_pop_default_hit'====== Args={'profile': 'default', 'state': 'unlit', 'advancing': True}
2024-11-20 21:18:25,828 : INFO : EventManager : Event: ======'upper_left_pop_default_unlit_hit'====== Args={'profile': 'default', 'state': 'unlit', 'advancing': True}
2024-11-20 21:18:25,828 : INFO : EventManager : Event: ======'upper_left_pop_unlit_hit'====== Args={'profile': 'default', 'state': 'unlit', 'advancing': True}
2024-11-20 21:18:25,828 : INFO : EventManager : Event: ======'player_score'====== Args={'value': 1000, 'prev_value': 0, 'change': 1000, 'player_num': 1, 'source': 'base'}
2024-11-20 21:18:25,829 : INFO : ball_device.bd_drain : Got eject confirm
2024-11-20 21:18:25,829 : INFO : ball_device.bd_drain : Eject successful
2024-11-20 21:18:25,829 : INFO : EventManager : Event: ======'balldevice_bd_drain_ball_eject_success'====== Args={'balls': 1, 'target': <playfield.playfield>}
2024-11-20 21:18:25,830 : INFO : EventManager : Event: ======'balldevice_playfield_ball_enter'====== Args={'new_balls': 1, 'unclaimed_balls': 1, 'device': <playfield.playfield>}
2024-11-20 21:18:25,830 : INFO : EventManager : Event: ======'playfield_ball_count_change'====== Args={'balls': 1, 'change': 1}
2024-11-20 21:18:25,830 : INFO : EventManager : Event: ======'balldevice_bd_drain_ball_count_changed'====== Args={'balls': 0}
2024-11-20 21:18:25,830 : INFO : ball_device.bd_drain : State: idle
2024-11-20 21:18:25,921 : INFO : SwitchController : <<<<<<< 's_main_pop_top' inactive >>>>>>>
2024-11-20 21:18:26,288 : INFO : SwitchController : <<<<<<< 's_main_pop_top' active >>>>>>>
2024-11-20 21:18:26,289 : INFO : EventManager : Event: ======'s_main_pop_top_active'====== Args={}
2024-11-20 21:18:26,289 : INFO : EventManager : Event: ======'machine_var_audits_switches_s_main_pop_top'====== Args={'value': 160, 'prev_value': 159, 'change': 1}
2024-11-20 21:18:26,290 : INFO : EventManager : Event: ======'machine_var_audits_shots_upper_left_pop'====== Args={'value': 95, 'prev_value': 94, 'change': 1}
2024-11-20 21:18:26,290 : INFO : EventManager : Event: ======'upper_left_pop_hit'====== Args={'profile': 'default', 'state': 'lit', 'advancing': False}
2024-11-20 21:18:26,290 : INFO : EventManager : Event: ======'upper_left_pop_default_hit'====== Args={'profile': 'default', 'state': 'lit', 'advancing': False}
2024-11-20 21:18:26,290 : INFO : EventManager : Event: ======'upper_left_pop_default_lit_hit'====== Args={'profile': 'default', 'state': 'lit', 'advancing': False}
2024-11-20 21:18:26,290 : INFO : EventManager : Event: ======'upper_left_pop_lit_hit'====== Args={'profile': 'default', 'state': 'lit', 'advancing': False}
2024-11-20 21:18:26,291 : INFO : EventManager : Event: ======'player_score'====== Args={'value': 2000, 'prev_value': 1000, 'change': 1000, 'player_num': 1, 'source': 'base'}
2024-11-20 21:18:26,412 : INFO : SwitchController : <<<<<<< 's_main_pop_top' inactive >>>>>>>
2024-11-20 21:18:26,772 : INFO : SwitchController : <<<<<<< 's_main_pop_top' active >>>>>>>
2024-11-20 21:18:26,772 : INFO : EventManager : Event: ======'s_main_pop_top_active'====== Args={}
2024-11-20 21:18:26,772 : INFO : EventManager : Event: ======'machine_var_audits_switches_s_main_pop_top'====== Args={'value': 161, 'prev_value': 160, 'change': 1}
2024-11-20 21:18:26,773 : INFO : EventManager : Event: ======'machine_var_audits_shots_upper_left_pop'====== Args={'value': 96, 'prev_value': 95, 'change': 1}
2024-11-20 21:18:26,773 : INFO : EventManager : Event: ======'upper_left_pop_hit'====== Args={'profile': 'default', 'state': 'lit', 'advancing': False}
2024-11-20 21:18:26,773 : INFO : EventManager : Event: ======'upper_left_pop_default_hit'====== Args={'profile': 'default', 'state': 'lit', 'advancing': False}
2024-11-20 21:18:26,773 : INFO : EventManager : Event: ======'upper_left_pop_default_lit_hit'====== Args={'profile': 'default', 'state': 'lit', 'advancing': False}
2024-11-20 21:18:26,774 : INFO : EventManager : Event: ======'upper_left_pop_lit_hit'====== Args={'profile': 'default', 'state': 'lit', 'advancing': False}
2024-11-20 21:18:26,774 : INFO : EventManager : Event: ======'player_score'====== Args={'value': 3000, 'prev_value': 2000, 'change': 1000, 'player_num': 1, 'source': 'base'}
2024-11-20 21:18:26,855 : INFO : SwitchController : <<<<<<< 's_main_pop_top' inactive >>>>>>>
2024-11-20 21:18:29,877 : INFO : SwitchController : <<<<<<< 's_upper_1_drop' active >>>>>>>
2024-11-20 21:18:29,877 : INFO : EventManager : Event: ======'s_upper_1_drop_active'====== Args={}
2024-11-20 21:18:29,877 : INFO : EventManager : Event: ======'drop_target_u1_drop_down'====== Args={'device': <drop_target.u1_drop>}
2024-11-20 21:18:29,878 : INFO : EventManager : Event: ======'drop_target_bank_upper_mixed'====== Args={'prev_value': <DropTargetBankState.UP: 'up'>, 'down': 1}
2024-11-20 21:18:29,878 : INFO : EventManager : Event: ======'machine_var_audits_switches_s_upper_1_drop'====== Args={'value': 83, 'prev_value': 82, 'change': 1}
2024-11-20 21:18:29,879 : INFO : EventManager : Event: ======'player_shot_upper_1_drop'====== Args={'value': 1, 'prev_value': 0, 'change': 1, 'player_num': 1}
2024-11-20 21:18:29,883 : INFO : EventManager : Event: ======'machine_var_audits_shots_upper_1_drop'====== Args={'value': 75, 'prev_value': 74, 'change': 1}
2024-11-20 21:18:29,883 : INFO : EventManager : Event: ======'upper_1_drop_hit'====== Args={'profile': 'default', 'state': 'unlit', 'advancing': True}
2024-11-20 21:18:29,883 : INFO : EventManager : Event: ======'upper_1_drop_default_hit'====== Args={'profile': 'default', 'state': 'unlit', 'advancing': True}
2024-11-20 21:18:29,884 : INFO : EventManager : Event: ======'upper_1_drop_default_unlit_hit'====== Args={'profile': 'default', 'state': 'unlit', 'advancing': True}
2024-11-20 21:18:29,884 : INFO : EventManager : Event: ======'upper_1_drop_unlit_hit'====== Args={'profile': 'default', 'state': 'unlit', 'advancing': True}
2024-11-20 21:18:29,884 : INFO : EventManager : Event: ======'player_score'====== Args={'value': 6000, 'prev_value': 3000, 'change': 3000, 'player_num': 1, 'source': 'base'}
2024-11-20 21:18:30,933 : INFO : SwitchController : <<<<<<< 's_upper_2_drop' active >>>>>>>
2024-11-20 21:18:30,933 : INFO : EventManager : Event: ======'s_upper_2_drop_active'====== Args={}
2024-11-20 21:18:30,933 : INFO : EventManager : Event: ======'drop_target_u2_drop_down'====== Args={'device': <drop_target.u2_drop>}
2024-11-20 21:18:30,934 : INFO : EventManager : Event: ======'drop_target_bank_upper_mixed'====== Args={'prev_value': <DropTargetBankState.MIXED: 'mixed'>, 'down': 2}
2024-11-20 21:18:30,934 : INFO : EventManager : Event: ======'machine_var_audits_switches_s_upper_2_drop'====== Args={'value': 73, 'prev_value': 72, 'change': 1}
2024-11-20 21:18:30,935 : INFO : EventManager : Event: ======'player_shot_upper_2_drop'====== Args={'value': 1, 'prev_value': 0, 'change': 1, 'player_num': 1}
2024-11-20 21:18:30,935 : INFO : EventManager : Event: ======'machine_var_audits_shots_upper_2_drop'====== Args={'value': 56, 'prev_value': 55, 'change': 1}
2024-11-20 21:18:30,936 : INFO : EventManager : Event: ======'upper_2_drop_hit'====== Args={'profile': 'default', 'state': 'unlit', 'advancing': True}
2024-11-20 21:18:30,936 : INFO : EventManager : Event: ======'upper_2_drop_default_hit'====== Args={'profile': 'default', 'state': 'unlit', 'advancing': True}
2024-11-20 21:18:30,936 : INFO : EventManager : Event: ======'upper_2_drop_default_unlit_hit'====== Args={'profile': 'default', 'state': 'unlit', 'advancing': True}
2024-11-20 21:18:30,936 : INFO : EventManager : Event: ======'upper_2_drop_unlit_hit'====== Args={'profile': 'default', 'state': 'unlit', 'advancing': True}
2024-11-20 21:18:30,936 : INFO : EventManager : Event: ======'player_score'====== Args={'value': 9000, 'prev_value': 6000, 'change': 3000, 'player_num': 1, 'source': 'base'}
2024-11-20 21:18:31,876 : INFO : SwitchController : <<<<<<< 's_upper_3_drop' active >>>>>>>
2024-11-20 21:18:31,876 : INFO : EventManager : Event: ======'s_upper_3_drop_active'====== Args={}
2024-11-20 21:18:31,877 : INFO : EventManager : Event: ======'drop_target_u3_drop_down'====== Args={'device': <drop_target.u3_drop>}
2024-11-20 21:18:31,877 : INFO : EventManager : Event: ======'drop_target_bank_upper_mixed'====== Args={'prev_value': <DropTargetBankState.MIXED: 'mixed'>, 'down': 3}
2024-11-20 21:18:31,877 : INFO : EventManager : Event: ======'machine_var_audits_switches_s_upper_3_drop'====== Args={'value': 85, 'prev_value': 84, 'change': 1}
2024-11-20 21:18:31,878 : INFO : EventManager : Event: ======'player_shot_upper_3_drop'====== Args={'value': 1, 'prev_value': 0, 'change': 1, 'player_num': 1}
2024-11-20 21:18:31,878 : INFO : EventManager : Event: ======'machine_var_audits_shots_upper_3_drop'====== Args={'value': 75, 'prev_value': 74, 'change': 1}
2024-11-20 21:18:31,878 : INFO : EventManager : Event: ======'upper_3_drop_hit'====== Args={'profile': 'default', 'state': 'unlit', 'advancing': True}
2024-11-20 21:18:31,879 : INFO : EventManager : Event: ======'upper_3_drop_default_hit'====== Args={'profile': 'default', 'state': 'unlit', 'advancing': True}
2024-11-20 21:18:31,879 : INFO : EventManager : Event: ======'upper_3_drop_default_unlit_hit'====== Args={'profile': 'default', 'state': 'unlit', 'advancing': True}
2024-11-20 21:18:31,879 : INFO : EventManager : Event: ======'upper_3_drop_unlit_hit'====== Args={'profile': 'default', 'state': 'unlit', 'advancing': True}
2024-11-20 21:18:31,879 : INFO : EventManager : Event: ======'player_score'====== Args={'value': 12000, 'prev_value': 9000, 'change': 3000, 'player_num': 1, 'source': 'base'}
2024-11-20 21:18:33,225 : INFO : SwitchController : <<<<<<< 's_upper_4_drop' active >>>>>>>
2024-11-20 21:18:33,225 : INFO : EventManager : Event: ======'s_upper_4_drop_active'====== Args={}
2024-11-20 21:18:33,225 : INFO : EventManager : Event: ======'drop_target_u4_drop_down'====== Args={'device': <drop_target.u4_drop>}
2024-11-20 21:18:33,225 : INFO : EventManager : Event: ======'drop_target_bank_upper_down'====== Args={}
2024-11-20 21:18:33,226 : INFO : EventManager : Event: ======'machine_var_audits_switches_s_upper_4_drop'====== Args={'value': 110, 'prev_value': 109, 'change': 1}
2024-11-20 21:18:33,227 : INFO : EventManager : Event: ======'player_shot_upper_4_drop'====== Args={'value': 1, 'prev_value': 0, 'change': 1, 'player_num': 1}
2024-11-20 21:18:33,231 : INFO : EventManager : Event: ======'machine_var_audits_shots_upper_4_drop'====== Args={'value': 92, 'prev_value': 91, 'change': 1}
2024-11-20 21:18:33,231 : INFO : EventManager : Event: ======'upper_4_drop_hit'====== Args={'profile': 'default', 'state': 'unlit', 'advancing': True}
2024-11-20 21:18:33,231 : INFO : EventManager : Event: ======'upper_4_drop_default_hit'====== Args={'profile': 'default', 'state': 'unlit', 'advancing': True}
2024-11-20 21:18:33,231 : INFO : EventManager : Event: ======'upper_4_drop_default_unlit_hit'====== Args={'profile': 'default', 'state': 'unlit', 'advancing': True}
2024-11-20 21:18:33,231 : INFO : EventManager : Event: ======'upper_4_drop_unlit_hit'====== Args={'profile': 'default', 'state': 'unlit', 'advancing': True}
2024-11-20 21:18:33,232 : INFO : EventManager : Event: ======'player_score'====== Args={'value': 15000, 'prev_value': 12000, 'change': 3000, 'player_num': 1, 'source': 'base'}
2024-11-20 21:18:33,233 : INFO : EventManager : Event: ======'logicblock_attic_drop_counter_updated'====== Args={'value': 1, 'enabled': True}
2024-11-20 21:18:33,233 : INFO : EventManager : Event: ======'counter_attic_drop_counter_hit'====== Args={'count': 1, 'hits': 1, 'remaining': 3}
2024-11-20 21:18:33,233 : INFO : EventManager : Event: ======'logicblock_attic_drop_counter_hit'====== Args={'count': 1, 'hits': 1, 'remaining': 3}
2024-11-20 21:18:34,226 : INFO : drop_target_bank.upper : 4 targets are down. Will reset those.
2024-11-20 21:18:34,226 : INFO : coil.c_upper_drop : Pulsing Driver for 75ms (1.0 pulse_power)
2024-11-20 21:18:36,108 : INFO : SwitchController : <<<<<<< 's_upper_4_drop' inactive >>>>>>>
2024-11-20 21:18:36,108 : INFO : EventManager : Event: ======'drop_target_u4_drop_up'====== Args={'device': <drop_target.u4_drop>}
2024-11-20 21:18:36,109 : INFO : EventManager : Event: ======'drop_target_bank_upper_mixed'====== Args={'prev_value': <DropTargetBankState.DOWN: 'down'>, 'down': 3}
2024-11-20 21:18:36,181 : INFO : SwitchController : <<<<<<< 's_upper_4_drop' active >>>>>>>
2024-11-20 21:18:36,181 : INFO : EventManager : Event: ======'s_upper_4_drop_active'====== Args={}
2024-11-20 21:18:36,181 : INFO : EventManager : Event: ======'drop_target_u4_drop_down'====== Args={'device': <drop_target.u4_drop>}
2024-11-20 21:18:36,181 : INFO : EventManager : Event: ======'drop_target_bank_upper_down'====== Args={}
2024-11-20 21:18:36,182 : INFO : EventManager : Event: ======'machine_var_audits_switches_s_upper_4_drop'====== Args={'value': 111, 'prev_value': 110, 'change': 1}
2024-11-20 21:18:36,182 : INFO : EventManager : Event: ======'machine_var_audits_shots_upper_4_drop'====== Args={'value': 93, 'prev_value': 92, 'change': 1}
2024-11-20 21:18:36,186 : INFO : EventManager : Event: ======'upper_4_drop_hit'====== Args={'profile': 'default', 'state': 'lit', 'advancing': False}
2024-11-20 21:18:36,186 : INFO : EventManager : Event: ======'upper_4_drop_default_hit'====== Args={'profile': 'default', 'state': 'lit', 'advancing': False}
2024-11-20 21:18:36,186 : INFO : EventManager : Event: ======'upper_4_drop_default_lit_hit'====== Args={'profile': 'default', 'state': 'lit', 'advancing': False}
2024-11-20 21:18:36,187 : INFO : EventManager : Event: ======'upper_4_drop_lit_hit'====== Args={'profile': 'default', 'state': 'lit', 'advancing': False}
2024-11-20 21:18:36,187 : INFO : EventManager : Event: ======'player_score'====== Args={'value': 18000, 'prev_value': 15000, 'change': 3000, 'player_num': 1, 'source': 'base'}
2024-11-20 21:18:36,189 : INFO : EventManager : Event: ======'logicblock_attic_drop_counter_updated'====== Args={'value': 2, 'enabled': True}
2024-11-20 21:18:36,189 : INFO : EventManager : Event: ======'counter_attic_drop_counter_hit'====== Args={'count': 2, 'hits': 2, 'remaining': 2}
2024-11-20 21:18:36,189 : INFO : EventManager : Event: ======'logicblock_attic_drop_counter_hit'====== Args={'count': 2, 'hits': 2, 'remaining': 2}
2024-11-20 21:18:37,108 : INFO : SwitchController : <<<<<<< 's_upper_4_drop' inactive >>>>>>>
2024-11-20 21:18:37,108 : INFO : EventManager : Event: ======'drop_target_u4_drop_up'====== Args={'device': <drop_target.u4_drop>}
2024-11-20 21:18:37,109 : INFO : EventManager : Event: ======'drop_target_bank_upper_mixed'====== Args={'prev_value': <DropTargetBankState.DOWN: 'down'>, 'down': 3}
2024-11-20 21:18:37,182 : INFO : drop_target_bank.upper : 3 targets are down. Will reset those.
2024-11-20 21:18:37,183 : INFO : coil.c_upper_drop : Pulsing Driver for 75ms (1.0 pulse_power)
2024-11-20 21:18:37,224 : INFO : SwitchController : <<<<<<< 's_upper_4_drop' active (muted) >>>>>>>
2024-11-20 21:18:37,224 : INFO : EventManager : Event: ======'machine_var_audits_switches_s_upper_4_drop'====== Args={'value': 112, 'prev_value': 111, 'change': 1}
2024-11-20 21:18:37,608 : INFO : SwitchController : <<<<<<< 's_upper_3_drop' inactive (muted) >>>>>>>
2024-11-20 21:18:37,674 : INFO : SwitchController : <<<<<<< 's_upper_3_drop' active (muted) >>>>>>>
2024-11-20 21:18:37,674 : INFO : EventManager : Event: ======'machine_var_audits_switches_s_upper_3_drop'====== Args={'value': 86, 'prev_value': 85, 'change': 1}
2024-11-20 21:18:37,684 : INFO : EventManager : Event: ======'drop_target_u4_drop_down'====== Args={'device': <drop_target.u4_drop>}
2024-11-20 21:18:37,685 : INFO : EventManager : Event: ======'drop_target_bank_upper_down'====== Args={}
2024-11-20 21:18:37,686 : INFO : EventManager : Event: ======'logicblock_attic_drop_counter_updated'====== Args={'value': 3, 'enabled': True}
2024-11-20 21:18:37,686 : INFO : EventManager : Event: ======'counter_attic_drop_counter_hit'====== Args={'count': 3, 'hits': 3, 'remaining': 1}
2024-11-20 21:18:37,686 : INFO : EventManager : Event: ======'logicblock_attic_drop_counter_hit'====== Args={'count': 3, 'hits': 3, 'remaining': 1}
2024-11-20 21:18:38,409 : INFO : SwitchController : <<<<<<< 's_upper_4_drop' inactive >>>>>>>
2024-11-20 21:18:38,409 : INFO : EventManager : Event: ======'drop_target_u4_drop_up'====== Args={'device': <drop_target.u4_drop>}
2024-11-20 21:18:38,410 : INFO : EventManager : Event: ======'drop_target_bank_upper_mixed'====== Args={'prev_value': <DropTargetBankState.DOWN: 'down'>, 'down': 3}
2024-11-20 21:18:38,542 : INFO : SwitchController : <<<<<<< 's_upper_4_drop' active >>>>>>>
2024-11-20 21:18:38,542 : INFO : EventManager : Event: ======'s_upper_4_drop_active'====== Args={}
2024-11-20 21:18:38,543 : INFO : EventManager : Event: ======'drop_target_u4_drop_down'====== Args={'device': <drop_target.u4_drop>}
2024-11-20 21:18:38,543 : INFO : EventManager : Event: ======'drop_target_bank_upper_down'====== Args={}
2024-11-20 21:18:38,544 : INFO : EventManager : Event: ======'machine_var_audits_switches_s_upper_4_drop'====== Args={'value': 113, 'prev_value': 112, 'change': 1}
2024-11-20 21:18:38,544 : INFO : EventManager : Event: ======'machine_var_audits_shots_upper_4_drop'====== Args={'value': 94, 'prev_value': 93, 'change': 1}
2024-11-20 21:18:38,545 : INFO : EventManager : Event: ======'upper_4_drop_hit'====== Args={'profile': 'default', 'state': 'lit', 'advancing': False}
2024-11-20 21:18:38,545 : INFO : EventManager : Event: ======'upper_4_drop_default_hit'====== Args={'profile': 'default', 'state': 'lit', 'advancing': False}
2024-11-20 21:18:38,545 : INFO : EventManager : Event: ======'upper_4_drop_default_lit_hit'====== Args={'profile': 'default', 'state': 'lit', 'advancing': False}
2024-11-20 21:18:38,545 : INFO : EventManager : Event: ======'upper_4_drop_lit_hit'====== Args={'profile': 'default', 'state': 'lit', 'advancing': False}
2024-11-20 21:18:38,545 : INFO : EventManager : Event: ======'player_score'====== Args={'value': 21000, 'prev_value': 18000, 'change': 3000, 'player_num': 1, 'source': 'base'}
2024-11-20 21:18:38,547 : INFO : EventManager : Event: ======'logicblock_attic_drop_counter_updated'====== Args={'value': 4, 'enabled': True}
2024-11-20 21:18:38,547 : INFO : EventManager : Event: ======'counter_attic_drop_counter_hit'====== Args={'count': 4, 'hits': 4, 'remaining': 0}
2024-11-20 21:18:38,547 : INFO : EventManager : Event: ======'logicblock_attic_drop_counter_hit'====== Args={'count': 4, 'hits': 4, 'remaining': 0}
2024-11-20 21:18:38,547 : INFO : EventManager : Event: ======'logicblock_attic_drop_counter_complete'====== Args={}
2024-11-20 21:18:38,548 : INFO : EventManager : Event: ======'logicblock_attic_drop_counter_updated'====== Args={'value': 4, 'enabled': False}
2024-11-20 21:18:38,685 : INFO : drop_target_bank.upper : 4 targets are down. Will reset those.
2024-11-20 21:18:38,686 : INFO : coil.c_upper_drop : Pulsing Driver for 75ms (1.0 pulse_power)
2024-11-20 21:18:39,242 : INFO : SwitchController : <<<<<<< 's_upper_3_drop' inactive >>>>>>>
2024-11-20 21:18:39,242 : INFO : EventManager : Event: ======'drop_target_u3_drop_up'====== Args={'device': <drop_target.u3_drop>}
2024-11-20 21:18:39,243 : INFO : EventManager : Event: ======'drop_target_bank_upper_mixed'====== Args={'prev_value': <DropTargetBankState.DOWN: 'down'>, 'down': 3}
2024-11-20 21:18:39,459 : INFO : SwitchController : <<<<<<< 's_upper_3_drop' active >>>>>>>
2024-11-20 21:18:39,459 : INFO : EventManager : Event: ======'s_upper_3_drop_active'====== Args={}
2024-11-20 21:18:39,459 : INFO : EventManager : Event: ======'drop_target_u3_drop_down'====== Args={'device': <drop_target.u3_drop>}
2024-11-20 21:18:39,460 : INFO : EventManager : Event: ======'drop_target_bank_upper_down'====== Args={}
2024-11-20 21:18:39,460 : INFO : EventManager : Event: ======'machine_var_audits_switches_s_upper_3_drop'====== Args={'value': 87, 'prev_value': 86, 'change': 1}
2024-11-20 21:18:39,461 : INFO : EventManager : Event: ======'machine_var_audits_shots_upper_3_drop'====== Args={'value': 76, 'prev_value': 75, 'change': 1}
2024-11-20 21:18:39,461 : INFO : EventManager : Event: ======'upper_3_drop_hit'====== Args={'profile': 'default', 'state': 'lit', 'advancing': False}
2024-11-20 21:18:39,462 : INFO : EventManager : Event: ======'upper_3_drop_default_hit'====== Args={'profile': 'default', 'state': 'lit', 'advancing': False}
2024-11-20 21:18:39,462 : INFO : EventManager : Event: ======'upper_3_drop_default_lit_hit'====== Args={'profile': 'default', 'state': 'lit', 'advancing': False}
2024-11-20 21:18:39,462 : INFO : EventManager : Event: ======'upper_3_drop_lit_hit'====== Args={'profile': 'default', 'state': 'lit', 'advancing': False}
2024-11-20 21:18:39,462 : INFO : EventManager : Event: ======'player_score'====== Args={'value': 24000, 'prev_value': 21000, 'change': 3000, 'player_num': 1, 'source': 'base'}
2024-11-20 21:18:39,543 : INFO : drop_target_bank.upper : 4 targets are down. Will reset those.
2024-11-20 21:18:39,544 : INFO : coil.c_upper_drop : Pulsing Driver for 75ms (1.0 pulse_power)
2024-11-20 21:18:39,943 : INFO : SwitchController : <<<<<<< 's_upper_4_drop' inactive (muted) >>>>>>>
2024-11-20 21:18:40,045 : INFO : EventManager : Event: ======'drop_target_u4_drop_up'====== Args={'device': <drop_target.u4_drop>}
2024-11-20 21:18:40,046 : INFO : EventManager : Event: ======'drop_target_bank_upper_mixed'====== Args={'prev_value': <DropTargetBankState.DOWN: 'down'>, 'down': 3}
2024-11-20 21:18:40,126 : INFO : SwitchController : <<<<<<< 's_upper_4_drop' active >>>>>>>
2024-11-20 21:18:40,127 : INFO : EventManager : Event: ======'s_upper_4_drop_active'====== Args={}
2024-11-20 21:18:40,127 : INFO : EventManager : Event: ======'drop_target_u4_drop_down'====== Args={'device': <drop_target.u4_drop>}
2024-11-20 21:18:40,127 : INFO : EventManager : Event: ======'drop_target_bank_upper_down'====== Args={}
2024-11-20 21:18:40,128 : INFO : EventManager : Event: ======'machine_var_audits_switches_s_upper_4_drop'====== Args={'value': 114, 'prev_value': 113, 'change': 1}
2024-11-20 21:18:40,128 : INFO : EventManager : Event: ======'machine_var_audits_shots_upper_4_drop'====== Args={'value': 95, 'prev_value': 94, 'change': 1}
2024-11-20 21:18:40,128 : INFO : EventManager : Event: ======'upper_4_drop_hit'====== Args={'profile': 'default', 'state': 'lit', 'advancing': False}
2024-11-20 21:18:40,128 : INFO : EventManager : Event: ======'upper_4_drop_default_hit'====== Args={'profile': 'default', 'state': 'lit', 'advancing': False}
2024-11-20 21:18:40,129 : INFO : EventManager : Event: ======'upper_4_drop_default_lit_hit'====== Args={'profile': 'default', 'state': 'lit', 'advancing': False}
2024-11-20 21:18:40,129 : INFO : EventManager : Event: ======'upper_4_drop_lit_hit'====== Args={'profile': 'default', 'state': 'lit', 'advancing': False}
2024-11-20 21:18:40,129 : INFO : EventManager : Event: ======'player_score'====== Args={'value': 27000, 'prev_value': 24000, 'change': 3000, 'player_num': 1, 'source': 'base'}
2024-11-20 21:18:40,409 : INFO : SwitchController : <<<<<<< 's_upper_4_drop' inactive >>>>>>>
2024-11-20 21:18:40,409 : INFO : EventManager : Event: ======'drop_target_u4_drop_up'====== Args={'device': <drop_target.u4_drop>}
2024-11-20 21:18:40,410 : INFO : EventManager : Event: ======'drop_target_bank_upper_mixed'====== Args={'prev_value': <DropTargetBankState.DOWN: 'down'>, 'down': 3}
2024-11-20 21:18:40,461 : INFO : drop_target_bank.upper : 3 targets are down. Will reset those.
2024-11-20 21:18:40,461 : INFO : coil.c_upper_drop : Pulsing Driver for 75ms (1.0 pulse_power)
2024-11-20 21:18:40,559 : INFO : SwitchController : <<<<<<< 's_upper_4_drop' active (muted) >>>>>>>
2024-11-20 21:18:40,559 : INFO : EventManager : Event: ======'machine_var_audits_switches_s_upper_4_drop'====== Args={'value': 115, 'prev_value': 114, 'change': 1}
2024-11-20 21:18:40,963 : INFO : EventManager : Event: ======'drop_target_u4_drop_down'====== Args={'device': <drop_target.u4_drop>}
2024-11-20 21:18:40,964 : INFO : EventManager : Event: ======'drop_target_bank_upper_down'====== Args={}
2024-11-20 21:18:41,128 : INFO : drop_target_bank.upper : 4 targets are down. Will reset those.
2024-11-20 21:18:41,128 : INFO : coil.c_upper_drop : Pulsing Driver for 75ms (1.0 pulse_power)
2024-11-20 21:18:41,409 : INFO : SwitchController : <<<<<<< 's_upper_3_drop' inactive (muted) >>>>>>>
2024-11-20 21:18:41,559 : INFO : SwitchController : <<<<<<< 's_upper_3_drop' active (muted) >>>>>>>
2024-11-20 21:18:41,559 : INFO : EventManager : Event: ======'machine_var_audits_switches_s_upper_3_drop'====== Args={'value': 88, 'prev_value': 87, 'change': 1}
2024-11-20 21:18:41,965 : INFO : drop_target_bank.upper : 4 targets are down. Will reset those.
2024-11-20 21:18:41,965 : INFO : coil.c_upper_drop : Pulsing Driver for 75ms (1.0 pulse_power)
2024-11-20 21:18:42,009 : INFO : SwitchController : <<<<<<< 's_upper_2_drop' inactive (muted) >>>>>>>
2024-11-20 21:18:42,109 : INFO : SwitchController : <<<<<<< 's_upper_2_drop' active (muted) >>>>>>>
2024-11-20 21:18:42,109 : INFO : EventManager : Event: ======'machine_var_audits_switches_s_upper_2_drop'====== Args={'value': 74, 'prev_value': 73, 'change': 1}
2024-11-20 21:18:42,609 : INFO : SwitchController : <<<<<<< 's_upper_1_drop' inactive >>>>>>>
2024-11-20 21:18:42,609 : INFO : EventManager : Event: ======'drop_target_u1_drop_up'====== Args={'device': <drop_target.u1_drop>}
2024-11-20 21:18:42,610 : INFO : EventManager : Event: ======'drop_target_bank_upper_mixed'====== Args={'prev_value': <DropTargetBankState.DOWN: 'down'>, 'down': 3}
2024-11-20 21:18:42,942 : INFO : SwitchController : <<<<<<< 's_upper_1_drop' active >>>>>>>
2024-11-20 21:18:42,943 : INFO : EventManager : Event: ======'s_upper_1_drop_active'====== Args={}
2024-11-20 21:18:42,943 : INFO : EventManager : Event: ======'drop_target_u1_drop_down'====== Args={'device': <drop_target.u1_drop>}
2024-11-20 21:18:42,944 : INFO : EventManager : Event: ======'drop_target_bank_upper_down'====== Args={}
2024-11-20 21:18:42,944 : INFO : EventManager : Event: ======'machine_var_audits_switches_s_upper_1_drop'====== Args={'value': 84, 'prev_value': 83, 'change': 1}
2024-11-20 21:18:42,945 : INFO : EventManager : Event: ======'machine_var_audits_shots_upper_1_drop'====== Args={'value': 76, 'prev_value': 75, 'change': 1}
2024-11-20 21:18:42,945 : INFO : EventManager : Event: ======'upper_1_drop_hit'====== Args={'profile': 'default', 'state': 'lit', 'advancing': False}
2024-11-20 21:18:42,945 : INFO : EventManager : Event: ======'upper_1_drop_default_hit'====== Args={'profile': 'default', 'state': 'lit', 'advancing': False}
2024-11-20 21:18:42,945 : INFO : EventManager : Event: ======'upper_1_drop_default_lit_hit'====== Args={'profile': 'default', 'state': 'lit', 'advancing': False}
2024-11-20 21:18:42,946 : INFO : EventManager : Event: ======'upper_1_drop_lit_hit'====== Args={'profile': 'default', 'state': 'lit', 'advancing': False}
2024-11-20 21:18:42,946 : INFO : EventManager : Event: ======'player_score'====== Args={'value': 30000, 'prev_value': 27000, 'change': 3000, 'player_num': 1, 'source': 'base'}
2024-11-20 21:18:43,945 : INFO : drop_target_bank.upper : 4 targets are down. Will reset those.
2024-11-20 21:18:43,945 : INFO : coil.c_upper_drop : Pulsing Driver for 75ms (1.0 pulse_power)
2024-11-20 21:18:44,364 : INFO : SwitchController : <<<<<<< 's_upper_1_drop' inactive (muted) >>>>>>>
2024-11-20 21:18:44,446 : INFO : EventManager : Event: ======'drop_target_u1_drop_up'====== Args={'device': <drop_target.u1_drop>}
2024-11-20 21:18:44,447 : INFO : EventManager : Event: ======'drop_target_bank_upper_mixed'====== Args={'prev_value': <DropTargetBankState.DOWN: 'down'>, 'down': 3}
2024-11-20 21:18:45,377 : INFO : SwitchController : <<<<<<< 's_upper_2_drop' inactive >>>>>>>
2024-11-20 21:18:45,377 : INFO : EventManager : Event: ======'drop_target_u2_drop_up'====== Args={'device': <drop_target.u2_drop>}
2024-11-20 21:18:45,378 : INFO : EventManager : Event: ======'drop_target_bank_upper_mixed'====== Args={'prev_value': <DropTargetBankState.MIXED: 'mixed'>, 'down': 2}
2024-11-20 21:18:45,577 : INFO : SwitchController : <<<<<<< 's_upper_2_drop' active >>>>>>>
2024-11-20 21:18:45,577 : INFO : EventManager : Event: ======'s_upper_2_drop_active'====== Args={}
2024-11-20 21:18:45,577 : INFO : EventManager : Event: ======'drop_target_u2_drop_down'====== Args={'device': <drop_target.u2_drop>}
2024-11-20 21:18:45,578 : INFO : EventManager : Event: ======'drop_target_bank_upper_mixed'====== Args={'prev_value': <DropTargetBankState.MIXED: 'mixed'>, 'down': 3}
2024-11-20 21:18:45,578 : INFO : EventManager : Event: ======'machine_var_audits_switches_s_upper_2_drop'====== Args={'value': 75, 'prev_value': 74, 'change': 1}
2024-11-20 21:18:45,579 : INFO : EventManager : Event: ======'machine_var_audits_shots_upper_2_drop'====== Args={'value': 57, 'prev_value': 56, 'change': 1}
2024-11-20 21:18:45,579 : INFO : EventManager : Event: ======'upper_2_drop_hit'====== Args={'profile': 'default', 'state': 'lit', 'advancing': False}
2024-11-20 21:18:45,583 : INFO : EventManager : Event: ======'upper_2_drop_default_hit'====== Args={'profile': 'default', 'state': 'lit', 'advancing': False}
2024-11-20 21:18:45,583 : INFO : EventManager : Event: ======'upper_2_drop_default_lit_hit'====== Args={'profile': 'default', 'state': 'lit', 'advancing': False}
2024-11-20 21:18:45,584 : INFO : EventManager : Event: ======'upper_2_drop_lit_hit'====== Args={'profile': 'default', 'state': 'lit', 'advancing': False}
2024-11-20 21:18:45,584 : INFO : EventManager : Event: ======'player_score'====== Args={'value': 33000, 'prev_value': 30000, 'change': 3000, 'player_num': 1, 'source': 'base'}
2024-11-20 21:18:46,308 : INFO : SwitchController : <<<<<<< 's_upper_2_drop' inactive >>>>>>>
2024-11-20 21:18:46,308 : INFO : EventManager : Event: ======'drop_target_u2_drop_up'====== Args={'device': <drop_target.u2_drop>}
2024-11-20 21:18:46,309 : INFO : EventManager : Event: ======'drop_target_bank_upper_mixed'====== Args={'prev_value': <DropTargetBankState.MIXED: 'mixed'>, 'down': 2}
2024-11-20 21:18:47,156 : INFO : SwitchController : <<<<<<< 's_upper_3_drop' inactive >>>>>>>
2024-11-20 21:18:47,156 : INFO : EventManager : Event: ======'drop_target_u3_drop_up'====== Args={'device': <drop_target.u3_drop>}
2024-11-20 21:18:47,157 : INFO : EventManager : Event: ======'drop_target_bank_upper_mixed'====== Args={'prev_value': <DropTargetBankState.MIXED: 'mixed'>, 'down': 1}
2024-11-20 21:18:47,964 : INFO : SwitchController : <<<<<<< 's_upper_4_drop' inactive >>>>>>>
2024-11-20 21:18:47,964 : INFO : EventManager : Event: ======'drop_target_u4_drop_up'====== Args={'device': <drop_target.u4_drop>}
2024-11-20 21:18:47,965 : INFO : EventManager : Event: ======'drop_target_bank_upper_up'====== Args={}
2024-11-20 21:18:57,363 : INFO : SwitchController : <<<<<<< 's_upper_1_target' active >>>>>>>
2024-11-20 21:18:57,363 : INFO : EventManager : Event: ======'s_upper_1_target_active'====== Args={}
2024-11-20 21:18:57,363 : INFO : EventManager : Event: ======'sw_playfield_active'====== Args={}
2024-11-20 21:18:57,363 : INFO : EventManager : Event: ======'machine_var_audits_switches_s_upper_1_target'====== Args={'value': 105, 'prev_value': 104, 'change': 1}
2024-11-20 21:18:57,364 : INFO : EventManager : Event: ======'player_shot_upper_1'====== Args={'value': 1, 'prev_value': 0, 'change': 1, 'player_num': 1}
2024-11-20 21:18:57,364 : INFO : EventManager : Event: ======'machine_var_audits_shots_upper_1'====== Args={'value': 44, 'prev_value': 43, 'change': 1}
2024-11-20 21:18:57,364 : INFO : EventManager : Event: ======'upper_1_hit'====== Args={'profile': 'default', 'state': 'unlit', 'advancing': True}
2024-11-20 21:18:57,365 : INFO : EventManager : Event: ======'upper_1_default_hit'====== Args={'profile': 'default', 'state': 'unlit', 'advancing': True}
2024-11-20 21:18:57,368 : INFO : EventManager : Event: ======'upper_1_default_unlit_hit'====== Args={'profile': 'default', 'state': 'unlit', 'advancing': True}
2024-11-20 21:18:57,368 : INFO : EventManager : Event: ======'upper_1_unlit_hit'====== Args={'profile': 'default', 'state': 'unlit', 'advancing': True}
2024-11-20 21:18:57,369 : INFO : EventManager : Event: ======'player_score'====== Args={'value': 33500, 'prev_value': 33000, 'change': 500, 'player_num': 1, 'source': 'base'}
2024-11-20 21:18:57,496 : INFO : SwitchController : <<<<<<< 's_upper_1_target' inactive >>>>>>>
2024-11-20 21:18:59,764 : INFO : SwitchController : <<<<<<< 's_upper_1_target' active >>>>>>>
2024-11-20 21:18:59,764 : INFO : EventManager : Event: ======'s_upper_1_target_active'====== Args={}
2024-11-20 21:18:59,765 : INFO : EventManager : Event: ======'sw_playfield_active'====== Args={}
2024-11-20 21:18:59,765 : INFO : EventManager : Event: ======'machine_var_audits_switches_s_upper_1_target'====== Args={'value': 106, 'prev_value': 105, 'change': 1}
2024-11-20 21:18:59,766 : INFO : EventManager : Event: ======'machine_var_audits_shots_upper_1'====== Args={'value': 45, 'prev_value': 44, 'change': 1}
2024-11-20 21:18:59,770 : INFO : EventManager : Event: ======'upper_1_hit'====== Args={'profile': 'default', 'state': 'lit', 'advancing': False}
2024-11-20 21:18:59,770 : INFO : EventManager : Event: ======'upper_1_default_hit'====== Args={'profile': 'default', 'state': 'lit', 'advancing': False}
2024-11-20 21:18:59,770 : INFO : EventManager : Event: ======'upper_1_default_lit_hit'====== Args={'profile': 'default', 'state': 'lit', 'advancing': False}
2024-11-20 21:18:59,770 : INFO : EventManager : Event: ======'upper_1_lit_hit'====== Args={'profile': 'default', 'state': 'lit', 'advancing': False}
2024-11-20 21:18:59,771 : INFO : EventManager : Event: ======'player_score'====== Args={'value': 34000, 'prev_value': 33500, 'change': 500, 'player_num': 1, 'source': 'base'}
2024-11-20 21:18:59,880 : INFO : SwitchController : <<<<<<< 's_upper_1_target' inactive >>>>>>>
2024-11-20 21:19:02,248 : INFO : SwitchController : <<<<<<< 's_upper_1_target' active >>>>>>>
2024-11-20 21:19:02,248 : INFO : EventManager : Event: ======'s_upper_1_target_active'====== Args={}
2024-11-20 21:19:02,248 : INFO : EventManager : Event: ======'sw_playfield_active'====== Args={}
2024-11-20 21:19:02,248 : INFO : EventManager : Event: ======'machine_var_audits_switches_s_upper_1_target'====== Args={'value': 107, 'prev_value': 106, 'change': 1}
2024-11-20 21:19:02,249 : INFO : EventManager : Event: ======'machine_var_audits_shots_upper_1'====== Args={'value': 46, 'prev_value': 45, 'change': 1}
2024-11-20 21:19:02,253 : INFO : EventManager : Event: ======'upper_1_hit'====== Args={'profile': 'default', 'state': 'lit', 'advancing': False}
2024-11-20 21:19:02,254 : INFO : EventManager : Event: ======'upper_1_default_hit'====== Args={'profile': 'default', 'state': 'lit', 'advancing': False}
2024-11-20 21:19:02,254 : INFO : EventManager : Event: ======'upper_1_default_lit_hit'====== Args={'profile': 'default', 'state': 'lit', 'advancing': False}
2024-11-20 21:19:02,254 : INFO : EventManager : Event: ======'upper_1_lit_hit'====== Args={'profile': 'default', 'state': 'lit', 'advancing': False}
2024-11-20 21:19:02,254 : INFO : EventManager : Event: ======'player_score'====== Args={'value': 34500, 'prev_value': 34000, 'change': 500, 'player_num': 1, 'source': 'base'}
2024-11-20 21:19:02,380 : INFO : SwitchController : <<<<<<< 's_upper_1_target' inactive >>>>>>>
2024-11-20 21:19:39,415 : INFO : Machine : Shutting down...
2024-11-20 21:19:39,416 : INFO : EventManager : Event: ======'shutdown'====== Args={}
2024-11-20 21:19:39,418 : INFO : EventManager : Event: ======'mode_game_will_stop'====== Args={}
2024-11-20 21:19:39,418 : INFO : EventManager : Event: ======'mode_game_stopping'====== Args={}
2024-11-20 21:19:39,419 : INFO : EventManager : Event: ======'mode_base_will_stop'====== Args={}
2024-11-20 21:19:39,419 : INFO : EventManager : Event: ======'mode_base_stopping'====== Args={}
2024-11-20 21:19:39,419 : INFO : Mode.base : Stopped.
2024-11-20 21:19:39,419 : INFO : EventManager : Event: ======'modes_active_modes_changed'====== Args={}
2024-11-20 21:19:39,419 : INFO : EventManager : Event: ======'mode_base_stopped'====== Args={}
2024-11-20 21:19:39,419 : INFO : EventManager : Event: ======'clear'====== Args={'key': 'base'}
2024-11-20 21:19:39,421 : INFO : Mode.game : Stopped.
2024-11-20 21:19:39,421 : INFO : EventManager : Event: ======'modes_active_modes_changed'====== Args={}
2024-11-20 21:19:39,421 : INFO : EventManager : Event: ======'mode_game_stopped'====== Args={}
2024-11-20 21:19:39,421 : INFO : EventManager : Event: ======'clear'====== Args={'key': 'game'}
2024-11-20 21:19:39,422 : INFO : root : MPF run loop ended.
