2024-12-01 20:16:35,694 : INFO : root : Loading config.
2024-12-01 20:16:35,696 : INFO : YamlMultifileConfigLoader : Machine config file #1: config.yaml
2024-12-01 20:16:35,696 : INFO : ConfigProcessor : Loading config from cache: /var/folders/lw/36nc9wln17qdc1y8dnh6d85h0000gr/T/a187413b8cf7049e0b91852f54cd1afa.mpf_cache
2024-12-01 20:16:35,727 : WARNING : ConfigProcessor : Config file in cache changed: /Users/C_Alan/pinball/hauntedhouse/modes/attract/config/attract.yaml
2024-12-01 20:16:35,727 : INFO : ConfigProcessor : Loading config from file /Users/C_Alan/envp311/lib/python3.11/site-packages/mpf/modes/attract/config/attract.yaml.
2024-12-01 20:16:35,728 : INFO : ConfigProcessor : Loading config: /Users/C_Alan/envp311/lib/python3.11/site-packages/mpf/modes/attract/config/attract.yaml
2024-12-01 20:16:35,728 : INFO : ConfigProcessor : Loading config from file /Users/C_Alan/pinball/hauntedhouse/modes/attract/config/attract.yaml.
2024-12-01 20:16:35,728 : INFO : ConfigProcessor : Loading config: /Users/C_Alan/pinball/hauntedhouse/modes/attract/config/attract.yaml
2024-12-01 20:16:35,729 : INFO : ConfigProcessor : Config file cache created: /var/folders/lw/36nc9wln17qdc1y8dnh6d85h0000gr/T/2e30198d1c841d95b9b3e69c8a0bb49b.mpf_cache
2024-12-01 20:16:35,729 : INFO : ConfigProcessor : Loading config from cache: /var/folders/lw/36nc9wln17qdc1y8dnh6d85h0000gr/T/40928215bbb65374348eff3d4cd7b8bc.mpf_cache
2024-12-01 20:16:35,729 : INFO : ConfigProcessor : Loading config from cache: /var/folders/lw/36nc9wln17qdc1y8dnh6d85h0000gr/T/167ddff969183ffa73a4682c84ddf638.mpf_cache
2024-12-01 20:16:35,729 : INFO : ConfigProcessor : Loading config from cache: /var/folders/lw/36nc9wln17qdc1y8dnh6d85h0000gr/T/2e30198d1c841d95b9b3e69c8a0bb49b.mpf_cache
2024-12-01 20:16:35,730 : INFO : ConfigProcessor : Loading config from cache: /var/folders/lw/36nc9wln17qdc1y8dnh6d85h0000gr/T/f3e7df0542012602a298ddb9f31df321.mpf_cache
2024-12-01 20:16:35,730 : INFO : ConfigProcessor : Loading config from cache: /var/folders/lw/36nc9wln17qdc1y8dnh6d85h0000gr/T/ac27afd8b01174f1412801db135abc1d.mpf_cache
2024-12-01 20:16:35,730 : INFO : ConfigProcessor : Loading config from cache: /var/folders/lw/36nc9wln17qdc1y8dnh6d85h0000gr/T/df2857c909c4a913cc732702f1a197bb.mpf_cache
2024-12-01 20:16:35,730 : INFO : ConfigProcessor : Loading config from cache: /var/folders/lw/36nc9wln17qdc1y8dnh6d85h0000gr/T/1ab5c5e749213b44f20a4087626085fd.mpf_cache
2024-12-01 20:16:35,731 : INFO : ConfigProcessor : Loading config from cache: /var/folders/lw/36nc9wln17qdc1y8dnh6d85h0000gr/T/176bdc82e0948b16c38e3d140ac1de4b.mpf_cache
2024-12-01 20:16:35,731 : INFO : Machine : Mission Pinball Framework Core Engine v0.80.0.dev5
2024-12-01 20:16:35,731 : INFO : Machine : Command line arguments: {'no_load_cache': False, 'create_config_cache': True, 'bcp': True, 'configfile': ['config.yaml'], 'force_assets_load': False, 'platform_integration_test': False, 'jsonlogging': False, 'logfile': 'logs/2024-12-01-20-16-35-mpf-Macpro.local.log', 'pause': False, 'production': False, 'text_ui': True, 'loglevel': 15, 'consoleloglevel': 20, 'force_platform': 'virtual', 'syslog_address': None, 'full_logfile_path': '/Users/C_Alan/pinball/hauntedhouse/logs/2024-12-01-20-16-35-mpf-Macpro.local.log'}
2024-12-01 20:16:35,731 : INFO : Machine : MPF path: /Users/C_Alan/envp311/lib/python3.11/site-packages/mpf
2024-12-01 20:16:35,731 : INFO : Machine : Machine path: /Users/C_Alan/pinball/hauntedhouse
2024-12-01 20:16:35,731 : INFO : Machine : Platform: darwin
2024-12-01 20:16:35,731 : INFO : Machine : Python executable location: /Users/C_Alan/envp311/bin/python3.11
2024-12-01 20:16:35,731 : INFO : Machine : Python version: 3.11.0 (64-bit)
2024-12-01 20:16:35,732 : INFO : Machine : Initializing MPF...
2024-12-01 20:16:35,758 : INFO : EventManager : Event: ======'machine_var_credits_string'====== Args={'value': 'FREE PLAY', 'prev_value': None, 'change': True}
2024-12-01 20:16:35,766 : INFO : EventManager : Event: ======'machine_var_master_volume'====== Args={'value': 0.5, 'prev_value': None, 'change': True}
2024-12-01 20:16:35,766 : INFO : EventManager : Event: ======'machine_var_player1_score'====== Args={'value': 19600, 'prev_value': None, 'change': True}
2024-12-01 20:16:35,766 : INFO : EventManager : Event: ======'machine_var_mpf_version'====== Args={'value': 'Mission Pinball Framework v0.80.0.dev5', 'prev_value': None, 'change': True}
2024-12-01 20:16:35,766 : INFO : EventManager : Event: ======'machine_var_mpf_extended_version'====== Args={'value': 'Mission Pinball Framework v0.80.0.dev5, Config version:6, Show version: 6, BCP version:1.1', 'prev_value': None, 'change': True}
2024-12-01 20:16:35,766 : INFO : EventManager : Event: ======'machine_var_python_version'====== Args={'value': '3.11.0', 'prev_value': None, 'change': True}
2024-12-01 20:16:35,776 : INFO : EventManager : Event: ======'machine_var_platform'====== Args={'value': 'macOS-14.6.1-x86_64-i386-64bit', 'prev_value': None, 'change': True}
2024-12-01 20:16:35,777 : INFO : EventManager : Event: ======'machine_var_platform_system'====== Args={'value': 'Darwin', 'prev_value': None, 'change': True}
2024-12-01 20:16:35,777 : INFO : EventManager : Event: ======'machine_var_platform_release'====== Args={'value': '23.6.0', 'prev_value': None, 'change': True}
2024-12-01 20:16:35,777 : INFO : EventManager : Event: ======'machine_var_platform_version'====== Args={'value': 'Darwin Kernel Version 23.6.0: Mon Jul 29 21:13:00 PDT 2024; root:xnu-10063.141.2~1/RELEASE_X86_64', 'prev_value': None, 'change': True}
2024-12-01 20:16:35,777 : INFO : EventManager : Event: ======'machine_var_platform_machine'====== Args={'value': 'x86_64', 'prev_value': None, 'change': True}
2024-12-01 20:16:35,777 : INFO : EventManager : Event: ======'machine_var_log_file_path'====== Args={'value': '/Users/C_Alan/pinball/hauntedhouse/logs/2024-12-01-20-16-35-mpf-Macpro.local.log', 'prev_value': None, 'change': True}
2024-12-01 20:16:35,777 : INFO : EventManager : Event: ======'init_phase_1'====== Args={}
2024-12-01 20:16:35,815 : INFO : EventManager : Event: ======'drop_target_bank_upper_up'====== Args={}
2024-12-01 20:16:35,815 : INFO : EventManager : Event: ======'drop_target_bank_lower_up'====== Args={}
2024-12-01 20:16:35,815 : INFO : EventManager : Event: ======'init_phase_2'====== Args={}
2024-12-01 20:16:35,821 : INFO : EventManager : Event: ======'bcp_connection_attempt'====== Args={'name': 'local_display', 'host': 'localhost', 'port': 5050}
2024-12-01 20:16:35,822 : INFO : BCPClientSocket : Connecting BCP to 'local_display' at localhost:5050...
2024-12-01 20:16:41,339 : INFO : BCPClientSocket : Connected BCP to 'local_display' localhost:5050
2024-12-01 20:16:41,339 : INFO : EventManager : Event: ======'bcp_clients_connected'====== Args={}
2024-12-01 20:16:41,341 : INFO : ball_device.bd_drain : BCH: Initial count: 0
2024-12-01 20:16:41,342 : INFO : ball_device.bd_drain : State: idle
2024-12-01 20:16:41,342 : INFO : ball_device.bd_lower_vuk : BCH: Initial count: 0
2024-12-01 20:16:41,342 : INFO : ball_device.bd_lower_vuk : State: idle
2024-12-01 20:16:41,342 : INFO : ball_device.bd_lower_kickout_special : BCH: Initial count: 0
2024-12-01 20:16:41,343 : INFO : ball_device.bd_lower_kickout_special : State: idle
2024-12-01 20:16:41,343 : INFO : ball_device.bd_main_vuk : BCH: Initial count: 0
2024-12-01 20:16:41,343 : INFO : ball_device.bd_main_vuk : State: idle
2024-12-01 20:16:41,343 : INFO : ball_device.bd_main_kickout_right : BCH: Initial count: 0
2024-12-01 20:16:41,344 : INFO : ball_device.bd_main_kickout_right : State: idle
2024-12-01 20:16:41,344 : INFO : ball_device.bd_main_kickout_lane : BCH: Initial count: 0
2024-12-01 20:16:41,344 : INFO : ball_device.bd_main_kickout_lane : State: idle
2024-12-01 20:16:41,350 : INFO : EventManager : Event: ======'init_phase_3'====== Args={}
2024-12-01 20:16:41,359 : INFO : EventManager : Event: ======'init_phase_4'====== Args={}
2024-12-01 20:16:41,360 : INFO : BallController : Initial balls found: 0
2024-12-01 20:16:41,361 : INFO : EventManager : Event: ======'machine_var_audits_events_game_ended'====== Args={'value': 92, 'prev_value': None, 'change': True}
2024-12-01 20:16:41,361 : INFO : EventManager : Event: ======'machine_var_audits_events_game_started'====== Args={'value': 223, 'prev_value': None, 'change': True}
2024-12-01 20:16:41,361 : INFO : EventManager : Event: ======'machine_var_audits_missing_switches_s_left_flipper1'====== Args={'value': 29, 'prev_value': None, 'change': True}
2024-12-01 20:16:41,361 : INFO : EventManager : Event: ======'machine_var_audits_missing_switches_s_left_flipper2'====== Args={'value': 29, 'prev_value': None, 'change': True}
2024-12-01 20:16:41,361 : INFO : EventManager : Event: ======'machine_var_audits_missing_switches_s_lower_10pt_drops'====== Args={'value': 30, 'prev_value': None, 'change': True}
2024-12-01 20:16:41,361 : INFO : EventManager : Event: ======'machine_var_audits_missing_switches_s_lower_10pt_lower'====== Args={'value': 30, 'prev_value': None, 'change': True}
2024-12-01 20:16:41,361 : INFO : EventManager : Event: ======'machine_var_audits_missing_switches_s_lower_10pt_upper'====== Args={'value': 30, 'prev_value': None, 'change': True}
2024-12-01 20:16:41,361 : INFO : EventManager : Event: ======'machine_var_audits_missing_switches_s_lower_1_drop'====== Args={'value': 30, 'prev_value': None, 'change': True}
2024-12-01 20:16:41,361 : INFO : EventManager : Event: ======'machine_var_audits_missing_switches_s_lower_2_drop'====== Args={'value': 30, 'prev_value': None, 'change': True}
2024-12-01 20:16:41,362 : INFO : EventManager : Event: ======'machine_var_audits_missing_switches_s_lower_3_drop'====== Args={'value': 30, 'prev_value': None, 'change': True}
2024-12-01 20:16:41,362 : INFO : EventManager : Event: ======'machine_var_audits_missing_switches_s_lower_4_drop'====== Args={'value': 30, 'prev_value': None, 'change': True}
2024-12-01 20:16:41,362 : INFO : EventManager : Event: ======'machine_var_audits_missing_switches_s_lower_5_drop'====== Args={'value': 30, 'prev_value': None, 'change': True}
2024-12-01 20:16:41,362 : INFO : EventManager : Event: ======'machine_var_audits_missing_switches_s_lower_bonus_left'====== Args={'value': 30, 'prev_value': None, 'change': True}
2024-12-01 20:16:41,362 : INFO : EventManager : Event: ======'machine_var_audits_missing_switches_s_lower_bonus_right'====== Args={'value': 1, 'prev_value': None, 'change': True}
2024-12-01 20:16:41,362 : INFO : EventManager : Event: ======'machine_var_audits_missing_switches_s_lower_kickout_special'====== Args={'value': 30, 'prev_value': None, 'change': True}
2024-12-01 20:16:41,362 : INFO : EventManager : Event: ======'machine_var_audits_missing_switches_s_lower_rollover'====== Args={'value': 29, 'prev_value': None, 'change': True}
2024-12-01 20:16:41,362 : INFO : EventManager : Event: ======'machine_var_audits_missing_switches_s_lower_slingshot'====== Args={'value': 31, 'prev_value': None, 'change': True}
2024-12-01 20:16:41,362 : INFO : EventManager : Event: ======'machine_var_audits_missing_switches_s_lower_vuk'====== Args={'value': 1, 'prev_value': None, 'change': True}
2024-12-01 20:16:41,362 : INFO : EventManager : Event: ======'machine_var_audits_missing_switches_s_main_10pt_left'====== Args={'value': 30, 'prev_value': None, 'change': True}
2024-12-01 20:16:41,362 : INFO : EventManager : Event: ======'machine_var_audits_missing_switches_s_main_1_target'====== Args={'value': 32, 'prev_value': None, 'change': True}
2024-12-01 20:16:41,362 : INFO : EventManager : Event: ======'machine_var_audits_missing_switches_s_main_1_trough'====== Args={'value': 13, 'prev_value': None, 'change': True}
2024-12-01 20:16:41,362 : INFO : EventManager : Event: ======'machine_var_audits_missing_switches_s_main_2_target'====== Args={'value': 31, 'prev_value': None, 'change': True}
2024-12-01 20:16:41,362 : INFO : EventManager : Event: ======'machine_var_audits_missing_switches_s_main_2_trough'====== Args={'value': 3, 'prev_value': None, 'change': True}
2024-12-01 20:16:41,362 : INFO : EventManager : Event: ======'machine_var_audits_missing_switches_s_main_3_target'====== Args={'value': 2, 'prev_value': None, 'change': True}
2024-12-01 20:16:41,363 : INFO : EventManager : Event: ======'machine_var_audits_missing_switches_s_main_5_target'====== Args={'value': 2, 'prev_value': None, 'change': True}
2024-12-01 20:16:41,363 : INFO : EventManager : Event: ======'machine_var_audits_missing_switches_s_main_inlane_left'====== Args={'value': 1, 'prev_value': None, 'change': True}
2024-12-01 20:16:41,363 : INFO : EventManager : Event: ======'machine_var_audits_missing_switches_s_main_inlane_right'====== Args={'value': 29, 'prev_value': None, 'change': True}
2024-12-01 20:16:41,363 : INFO : EventManager : Event: ======'machine_var_audits_missing_switches_s_main_lane_center'====== Args={'value': 29, 'prev_value': None, 'change': True}
2024-12-01 20:16:41,363 : INFO : EventManager : Event: ======'machine_var_audits_missing_switches_s_main_outlane_left'====== Args={'value': 29, 'prev_value': None, 'change': True}
2024-12-01 20:16:41,363 : INFO : EventManager : Event: ======'machine_var_audits_missing_switches_s_main_outlane_right'====== Args={'value': 1, 'prev_value': None, 'change': True}
2024-12-01 20:16:41,363 : INFO : EventManager : Event: ======'machine_var_audits_missing_switches_s_main_target_right'====== Args={'value': 1, 'prev_value': None, 'change': True}
2024-12-01 20:16:41,363 : INFO : EventManager : Event: ======'machine_var_audits_missing_switches_s_main_trapdoor_trough'====== Args={'value': 18, 'prev_value': None, 'change': True}
2024-12-01 20:16:41,363 : INFO : EventManager : Event: ======'machine_var_audits_missing_switches_s_main_vuk'====== Args={'value': 29, 'prev_value': None, 'change': True}
2024-12-01 20:16:41,363 : INFO : EventManager : Event: ======'machine_var_audits_missing_switches_s_right_flipper1'====== Args={'value': 29, 'prev_value': None, 'change': True}
2024-12-01 20:16:41,363 : INFO : EventManager : Event: ======'machine_var_audits_missing_switches_s_right_flipper2'====== Args={'value': 29, 'prev_value': None, 'change': True}
2024-12-01 20:16:41,363 : INFO : EventManager : Event: ======'machine_var_audits_missing_switches_s_start'====== Args={'value': 1, 'prev_value': None, 'change': True}
2024-12-01 20:16:41,363 : INFO : EventManager : Event: ======'machine_var_audits_missing_switches_s_upper_10pt_center'====== Args={'value': 29, 'prev_value': None, 'change': True}
2024-12-01 20:16:41,363 : INFO : EventManager : Event: ======'machine_var_audits_missing_switches_s_upper_10pt_left'====== Args={'value': 31, 'prev_value': None, 'change': True}
2024-12-01 20:16:41,364 : INFO : EventManager : Event: ======'machine_var_audits_missing_switches_s_upper_1_drop'====== Args={'value': 12, 'prev_value': None, 'change': True}
2024-12-01 20:16:41,364 : INFO : EventManager : Event: ======'machine_var_audits_missing_switches_s_upper_1_target'====== Args={'value': 11, 'prev_value': None, 'change': True}
2024-12-01 20:16:41,364 : INFO : EventManager : Event: ======'machine_var_audits_missing_switches_s_upper_2_drop'====== Args={'value': 15, 'prev_value': None, 'change': True}
2024-12-01 20:16:41,364 : INFO : EventManager : Event: ======'machine_var_audits_missing_switches_s_upper_2_target'====== Args={'value': 17, 'prev_value': None, 'change': True}
2024-12-01 20:16:41,364 : INFO : EventManager : Event: ======'machine_var_audits_missing_switches_s_upper_3_drop'====== Args={'value': 15, 'prev_value': None, 'change': True}
2024-12-01 20:16:41,364 : INFO : EventManager : Event: ======'machine_var_audits_missing_switches_s_upper_3_target'====== Args={'value': 12, 'prev_value': None, 'change': True}
2024-12-01 20:16:41,364 : INFO : EventManager : Event: ======'machine_var_audits_missing_switches_s_upper_4_drop'====== Args={'value': 8, 'prev_value': None, 'change': True}
2024-12-01 20:16:41,364 : INFO : EventManager : Event: ======'machine_var_audits_missing_switches_s_upper_4_target'====== Args={'value': 20, 'prev_value': None, 'change': True}
2024-12-01 20:16:41,364 : INFO : EventManager : Event: ======'machine_var_audits_player_score'====== Args={'value': {'average': 32600, 'top': [211150, 170050, 162330, 120480, 114590, 92630, 88790, 81180, 78890, 77830], 'total': 95}, 'prev_value': None, 'change': True}
2024-12-01 20:16:41,364 : INFO : EventManager : Event: ======'machine_var_audits_shots_10pt'====== Args={'value': 259, 'prev_value': None, 'change': True}
2024-12-01 20:16:41,364 : INFO : EventManager : Event: ======'machine_var_audits_shots_left_inlane'====== Args={'value': 34, 'prev_value': None, 'change': True}
2024-12-01 20:16:41,364 : INFO : EventManager : Event: ======'machine_var_audits_shots_left_outlane'====== Args={'value': 15, 'prev_value': None, 'change': True}
2024-12-01 20:16:41,365 : INFO : EventManager : Event: ======'machine_var_audits_shots_lower_10pt_drops'====== Args={'value': 57, 'prev_value': None, 'change': True}
2024-12-01 20:16:41,365 : INFO : EventManager : Event: ======'machine_var_audits_shots_lower_10pt_lower'====== Args={'value': 21, 'prev_value': None, 'change': True}
2024-12-01 20:16:41,365 : INFO : EventManager : Event: ======'machine_var_audits_shots_lower_10pt_upper'====== Args={'value': 20, 'prev_value': None, 'change': True}
2024-12-01 20:16:41,365 : INFO : EventManager : Event: ======'machine_var_audits_shots_lower_1_drop'====== Args={'value': 52, 'prev_value': None, 'change': True}
2024-12-01 20:16:41,365 : INFO : EventManager : Event: ======'machine_var_audits_shots_lower_2_drop'====== Args={'value': 18, 'prev_value': None, 'change': True}
2024-12-01 20:16:41,365 : INFO : EventManager : Event: ======'machine_var_audits_shots_lower_3_drop'====== Args={'value': 20, 'prev_value': None, 'change': True}
2024-12-01 20:16:41,365 : INFO : EventManager : Event: ======'machine_var_audits_shots_lower_4_drop'====== Args={'value': 25, 'prev_value': None, 'change': True}
2024-12-01 20:16:41,365 : INFO : EventManager : Event: ======'machine_var_audits_shots_lower_5_drop'====== Args={'value': 27, 'prev_value': None, 'change': True}
2024-12-01 20:16:41,365 : INFO : EventManager : Event: ======'machine_var_audits_shots_lower_hole'====== Args={'value': 43, 'prev_value': None, 'change': True}
2024-12-01 20:16:41,365 : INFO : EventManager : Event: ======'machine_var_audits_shots_lower_kick_target'====== Args={'value': 14, 'prev_value': None, 'change': True}
2024-12-01 20:16:41,366 : INFO : EventManager : Event: ======'machine_var_audits_shots_lower_left'====== Args={'value': 21, 'prev_value': None, 'change': True}
2024-12-01 20:16:41,366 : INFO : EventManager : Event: ======'machine_var_audits_shots_lower_left_pop'====== Args={'value': 245, 'prev_value': None, 'change': True}
2024-12-01 20:16:41,366 : INFO : EventManager : Event: ======'machine_var_audits_shots_lower_pop'====== Args={'value': 60, 'prev_value': None, 'change': True}
2024-12-01 20:16:41,366 : INFO : EventManager : Event: ======'machine_var_audits_shots_lower_right'====== Args={'value': 9, 'prev_value': None, 'change': True}
2024-12-01 20:16:41,366 : INFO : EventManager : Event: ======'machine_var_audits_shots_lower_rollover'====== Args={'value': 36, 'prev_value': None, 'change': True}
2024-12-01 20:16:41,366 : INFO : EventManager : Event: ======'machine_var_audits_shots_lower_slingshot'====== Args={'value': 34, 'prev_value': None, 'change': True}
2024-12-01 20:16:41,366 : INFO : EventManager : Event: ======'machine_var_audits_shots_main_1'====== Args={'value': 33, 'prev_value': None, 'change': True}
2024-12-01 20:16:41,366 : INFO : EventManager : Event: ======'machine_var_audits_shots_main_2'====== Args={'value': 35, 'prev_value': None, 'change': True}
2024-12-01 20:16:41,366 : INFO : EventManager : Event: ======'machine_var_audits_shots_main_3'====== Args={'value': 33, 'prev_value': None, 'change': True}
2024-12-01 20:16:41,366 : INFO : EventManager : Event: ======'machine_var_audits_shots_main_4'====== Args={'value': 58, 'prev_value': None, 'change': True}
2024-12-01 20:16:41,367 : INFO : EventManager : Event: ======'machine_var_audits_shots_main_5'====== Args={'value': 30, 'prev_value': None, 'change': True}
2024-12-01 20:16:41,367 : INFO : EventManager : Event: ======'machine_var_audits_shots_main_slingshot'====== Args={'value': 57, 'prev_value': None, 'change': True}
2024-12-01 20:16:41,367 : INFO : EventManager : Event: ======'machine_var_audits_shots_main_trough_1'====== Args={'value': 27, 'prev_value': None, 'change': True}
2024-12-01 20:16:41,367 : INFO : EventManager : Event: ======'machine_var_audits_shots_main_trough_2'====== Args={'value': 39, 'prev_value': None, 'change': True}
2024-12-01 20:16:41,367 : INFO : EventManager : Event: ======'machine_var_audits_shots_right_inlane'====== Args={'value': 83, 'prev_value': None, 'change': True}
2024-12-01 20:16:41,367 : INFO : EventManager : Event: ======'machine_var_audits_shots_right_kickout'====== Args={'value': 40, 'prev_value': None, 'change': True}
2024-12-01 20:16:41,367 : INFO : EventManager : Event: ======'machine_var_audits_shots_right_outlane'====== Args={'value': 48, 'prev_value': None, 'change': True}
2024-12-01 20:16:41,368 : INFO : EventManager : Event: ======'machine_var_audits_shots_rollunder'====== Args={'value': 121, 'prev_value': None, 'change': True}
2024-12-01 20:16:41,368 : INFO : EventManager : Event: ======'machine_var_audits_shots_secret_passage_trough'====== Args={'value': 14, 'prev_value': None, 'change': True}
2024-12-01 20:16:41,368 : INFO : EventManager : Event: ======'machine_var_audits_shots_standup_right'====== Args={'value': 104, 'prev_value': None, 'change': True}
2024-12-01 20:16:41,368 : INFO : EventManager : Event: ======'machine_var_audits_shots_trapdoor_trough'====== Args={'value': 13, 'prev_value': None, 'change': True}
2024-12-01 20:16:41,368 : INFO : EventManager : Event: ======'machine_var_audits_shots_upper_1'====== Args={'value': 109, 'prev_value': None, 'change': True}
2024-12-01 20:16:41,368 : INFO : EventManager : Event: ======'machine_var_audits_shots_upper_1_drop'====== Args={'value': 198, 'prev_value': None, 'change': True}
2024-12-01 20:16:41,368 : INFO : EventManager : Event: ======'machine_var_audits_shots_upper_2'====== Args={'value': 94, 'prev_value': None, 'change': True}
2024-12-01 20:16:41,368 : INFO : EventManager : Event: ======'machine_var_audits_shots_upper_2_drop'====== Args={'value': 85, 'prev_value': None, 'change': True}
2024-12-01 20:16:41,369 : INFO : EventManager : Event: ======'machine_var_audits_shots_upper_3'====== Args={'value': 49, 'prev_value': None, 'change': True}
2024-12-01 20:16:41,369 : INFO : EventManager : Event: ======'machine_var_audits_shots_upper_3_drop'====== Args={'value': 116, 'prev_value': None, 'change': True}
2024-12-01 20:16:41,369 : INFO : EventManager : Event: ======'machine_var_audits_shots_upper_4'====== Args={'value': 46, 'prev_value': None, 'change': True}
2024-12-01 20:16:41,369 : INFO : EventManager : Event: ======'machine_var_audits_shots_upper_4_drop'====== Args={'value': 192, 'prev_value': None, 'change': True}
2024-12-01 20:16:41,369 : INFO : EventManager : Event: ======'machine_var_audits_shots_upper_left_pop'====== Args={'value': 123, 'prev_value': None, 'change': True}
2024-12-01 20:16:41,369 : INFO : EventManager : Event: ======'machine_var_audits_shots_upper_pop'====== Args={'value': 695, 'prev_value': None, 'change': True}
2024-12-01 20:16:41,369 : INFO : EventManager : Event: ======'machine_var_audits_switches_s_left_flipper1'====== Args={'value': 549, 'prev_value': None, 'change': True}
2024-12-01 20:16:41,369 : INFO : EventManager : Event: ======'machine_var_audits_switches_s_left_flipper2'====== Args={'value': 573, 'prev_value': None, 'change': True}
2024-12-01 20:16:41,370 : INFO : EventManager : Event: ======'machine_var_audits_switches_s_lower_10pt_UPPER'====== Args={'value': 0, 'prev_value': None, 'change': True}
2024-12-01 20:16:41,370 : INFO : EventManager : Event: ======'machine_var_audits_switches_s_lower_10pt_drops'====== Args={'value': 57, 'prev_value': None, 'change': True}
2024-12-01 20:16:41,370 : INFO : EventManager : Event: ======'machine_var_audits_switches_s_lower_10pt_lower'====== Args={'value': 21, 'prev_value': None, 'change': True}
2024-12-01 20:16:41,370 : INFO : EventManager : Event: ======'machine_var_audits_switches_s_lower_10pt_upper'====== Args={'value': 20, 'prev_value': None, 'change': True}
2024-12-01 20:16:41,370 : INFO : EventManager : Event: ======'machine_var_audits_switches_s_lower_1_drop'====== Args={'value': 407, 'prev_value': None, 'change': True}
2024-12-01 20:16:41,370 : INFO : EventManager : Event: ======'machine_var_audits_switches_s_lower_2_drop'====== Args={'value': 18, 'prev_value': None, 'change': True}
2024-12-01 20:16:41,370 : INFO : EventManager : Event: ======'machine_var_audits_switches_s_lower_3_drop'====== Args={'value': 20, 'prev_value': None, 'change': True}
2024-12-01 20:16:41,371 : INFO : EventManager : Event: ======'machine_var_audits_switches_s_lower_4_drop'====== Args={'value': 25, 'prev_value': None, 'change': True}
2024-12-01 20:16:41,371 : INFO : EventManager : Event: ======'machine_var_audits_switches_s_lower_5_drop'====== Args={'value': 27, 'prev_value': None, 'change': True}
2024-12-01 20:16:41,371 : INFO : EventManager : Event: ======'machine_var_audits_switches_s_lower_bonus_left'====== Args={'value': 21, 'prev_value': None, 'change': True}
2024-12-01 20:16:41,371 : INFO : EventManager : Event: ======'machine_var_audits_switches_s_lower_bonus_right'====== Args={'value': 9, 'prev_value': None, 'change': True}
2024-12-01 20:16:41,371 : INFO : EventManager : Event: ======'machine_var_audits_switches_s_lower_kick_target'====== Args={'value': 14, 'prev_value': None, 'change': True}
2024-12-01 20:16:41,371 : INFO : EventManager : Event: ======'machine_var_audits_switches_s_lower_kickout_special'====== Args={'value': 43, 'prev_value': None, 'change': True}
2024-12-01 20:16:41,371 : INFO : EventManager : Event: ======'machine_var_audits_switches_s_lower_pop'====== Args={'value': 61, 'prev_value': None, 'change': True}
2024-12-01 20:16:41,371 : INFO : EventManager : Event: ======'machine_var_audits_switches_s_lower_rollover'====== Args={'value': 64, 'prev_value': None, 'change': True}
2024-12-01 20:16:41,372 : INFO : EventManager : Event: ======'machine_var_audits_switches_s_lower_slingshot'====== Args={'value': 34, 'prev_value': None, 'change': True}
2024-12-01 20:16:41,372 : INFO : EventManager : Event: ======'machine_var_audits_switches_s_lower_vuk'====== Args={'value': 267, 'prev_value': None, 'change': True}
2024-12-01 20:16:41,372 : INFO : EventManager : Event: ======'machine_var_audits_switches_s_main_10pt_left'====== Args={'value': 37, 'prev_value': None, 'change': True}
2024-12-01 20:16:41,372 : INFO : EventManager : Event: ======'machine_var_audits_switches_s_main_1_target'====== Args={'value': 60, 'prev_value': None, 'change': True}
2024-12-01 20:16:41,372 : INFO : EventManager : Event: ======'machine_var_audits_switches_s_main_1_trough'====== Args={'value': 60, 'prev_value': None, 'change': True}
2024-12-01 20:16:41,372 : INFO : EventManager : Event: ======'machine_var_audits_switches_s_main_2_target'====== Args={'value': 58, 'prev_value': None, 'change': True}
2024-12-01 20:16:41,373 : INFO : EventManager : Event: ======'machine_var_audits_switches_s_main_2_trough'====== Args={'value': 103, 'prev_value': None, 'change': True}
2024-12-01 20:16:41,373 : INFO : EventManager : Event: ======'machine_var_audits_switches_s_main_3_target'====== Args={'value': 33, 'prev_value': None, 'change': True}
2024-12-01 20:16:41,373 : INFO : EventManager : Event: ======'machine_var_audits_switches_s_main_4_target'====== Args={'value': 74, 'prev_value': None, 'change': True}
2024-12-01 20:16:41,373 : INFO : EventManager : Event: ======'machine_var_audits_switches_s_main_5_target'====== Args={'value': 64, 'prev_value': None, 'change': True}
2024-12-01 20:16:41,373 : INFO : EventManager : Event: ======'machine_var_audits_switches_s_main_inlane_left'====== Args={'value': 39, 'prev_value': None, 'change': True}
2024-12-01 20:16:41,373 : INFO : EventManager : Event: ======'machine_var_audits_switches_s_main_inlane_right'====== Args={'value': 88, 'prev_value': None, 'change': True}
2024-12-01 20:16:41,374 : INFO : EventManager : Event: ======'machine_var_audits_switches_s_main_kickout_right'====== Args={'value': 138, 'prev_value': None, 'change': True}
2024-12-01 20:16:41,374 : INFO : EventManager : Event: ======'machine_var_audits_switches_s_main_lane_center'====== Args={'value': 143, 'prev_value': None, 'change': True}
2024-12-01 20:16:41,374 : INFO : EventManager : Event: ======'machine_var_audits_switches_s_main_outhole'====== Args={'value': 668, 'prev_value': None, 'change': True}
2024-12-01 20:16:41,375 : INFO : EventManager : Event: ======'machine_var_audits_switches_s_main_outlane_left'====== Args={'value': 22, 'prev_value': None, 'change': True}
2024-12-01 20:16:41,375 : INFO : EventManager : Event: ======'machine_var_audits_switches_s_main_outlane_right'====== Args={'value': 49, 'prev_value': None, 'change': True}
2024-12-01 20:16:41,375 : INFO : EventManager : Event: ======'machine_var_audits_switches_s_main_pop_bottom'====== Args={'value': 273, 'prev_value': None, 'change': True}
2024-12-01 20:16:41,375 : INFO : EventManager : Event: ======'machine_var_audits_switches_s_main_pop_top'====== Args={'value': 188, 'prev_value': None, 'change': True}
2024-12-01 20:16:41,375 : INFO : EventManager : Event: ======'machine_var_audits_switches_s_main_rollunder'====== Args={'value': 121, 'prev_value': None, 'change': True}
2024-12-01 20:16:41,375 : INFO : EventManager : Event: ======'machine_var_audits_switches_s_main_roundabout_rollunder'====== Args={'value': 52, 'prev_value': None, 'change': True}
2024-12-01 20:16:41,376 : INFO : EventManager : Event: ======'machine_var_audits_switches_s_main_secret_trough'====== Args={'value': 44, 'prev_value': None, 'change': True}
2024-12-01 20:16:41,376 : INFO : EventManager : Event: ======'machine_var_audits_switches_s_main_slingshot'====== Args={'value': 254, 'prev_value': None, 'change': True}
2024-12-01 20:16:41,376 : INFO : EventManager : Event: ======'machine_var_audits_switches_s_main_target_right'====== Args={'value': 157, 'prev_value': None, 'change': True}
2024-12-01 20:16:41,376 : INFO : EventManager : Event: ======'machine_var_audits_switches_s_main_trapdoor_trough'====== Args={'value': 13, 'prev_value': None, 'change': True}
2024-12-01 20:16:41,376 : INFO : EventManager : Event: ======'machine_var_audits_switches_s_main_vuk'====== Args={'value': 293, 'prev_value': None, 'change': True}
2024-12-01 20:16:41,376 : INFO : EventManager : Event: ======'machine_var_audits_switches_s_right_flipper1'====== Args={'value': 476, 'prev_value': None, 'change': True}
2024-12-01 20:16:41,377 : INFO : EventManager : Event: ======'machine_var_audits_switches_s_right_flipper2'====== Args={'value': 486, 'prev_value': None, 'change': True}
2024-12-01 20:16:41,377 : INFO : EventManager : Event: ======'machine_var_audits_switches_s_start'====== Args={'value': 9, 'prev_value': None, 'change': True}
2024-12-01 20:16:41,377 : INFO : EventManager : Event: ======'machine_var_audits_switches_s_upper_10pt_center'====== Args={'value': 201, 'prev_value': None, 'change': True}
2024-12-01 20:16:41,377 : INFO : EventManager : Event: ======'machine_var_audits_switches_s_upper_10pt_left'====== Args={'value': 127, 'prev_value': None, 'change': True}
2024-12-01 20:16:41,377 : INFO : EventManager : Event: ======'machine_var_audits_switches_s_upper_1_drop'====== Args={'value': 208, 'prev_value': None, 'change': True}
2024-12-01 20:16:41,377 : INFO : EventManager : Event: ======'machine_var_audits_switches_s_upper_1_target'====== Args={'value': 171, 'prev_value': None, 'change': True}
2024-12-01 20:16:41,378 : INFO : EventManager : Event: ======'machine_var_audits_switches_s_upper_2_drop'====== Args={'value': 103, 'prev_value': None, 'change': True}
2024-12-01 20:16:41,378 : INFO : EventManager : Event: ======'machine_var_audits_switches_s_upper_2_target'====== Args={'value': 180, 'prev_value': None, 'change': True}
2024-12-01 20:16:41,378 : INFO : EventManager : Event: ======'machine_var_audits_switches_s_upper_3_drop'====== Args={'value': 129, 'prev_value': None, 'change': True}
2024-12-01 20:16:41,378 : INFO : EventManager : Event: ======'machine_var_audits_switches_s_upper_3_target'====== Args={'value': 86, 'prev_value': None, 'change': True}
2024-12-01 20:16:41,378 : INFO : EventManager : Event: ======'machine_var_audits_switches_s_upper_4_drop'====== Args={'value': 212, 'prev_value': None, 'change': True}
2024-12-01 20:16:41,378 : INFO : EventManager : Event: ======'machine_var_audits_switches_s_upper_4_target'====== Args={'value': 84, 'prev_value': None, 'change': True}
2024-12-01 20:16:41,379 : INFO : EventManager : Event: ======'machine_var_audits_switches_s_upper_pop'====== Args={'value': 931, 'prev_value': None, 'change': True}
2024-12-01 20:16:41,379 : INFO : EventManager : Event: ======'init_phase_5'====== Args={}
2024-12-01 20:16:41,383 : INFO : EventManager : Event: ======'init_done'====== Args={}
2024-12-01 20:16:41,383 : INFO : EventManager : Event: ======'machine_reset_phase_1'====== Args={}
2024-12-01 20:16:41,389 : INFO : EventManager : Event: ======'machine_reset_phase_2'====== Args={}
2024-12-01 20:16:41,389 : INFO : EventManager : Event: ======'machine_reset_phase_3'====== Args={}
2024-12-01 20:16:41,390 : INFO : drop_target_bank.upper : All targets are already up. Will not reset bank.
2024-12-01 20:16:41,390 : INFO : drop_target_bank.lower : All targets are already up. Will not reset bank.
2024-12-01 20:16:41,390 : INFO : EventManager : Event: ======'diverter_trapdoor_diverter_deactivating'====== Args={}
2024-12-01 20:16:41,390 : INFO : coil.c_main_trapdoor : Disabling Driver
2024-12-01 20:16:41,390 : INFO : coil.c_main_trapdoor_hold : Disabling Driver
2024-12-01 20:16:41,390 : INFO : EventManager : Event: ======'reset_complete'====== Args={}
2024-12-01 20:16:41,390 : INFO : EventManager : Event: ======'mode_attract_will_start'====== Args={}
2024-12-01 20:16:41,391 : INFO : EventManager : Event: ======'mode_attract_starting'====== Args={}
2024-12-01 20:16:41,391 : INFO : Mode.attract : Started. Priority: 50
2024-12-01 20:16:41,391 : INFO : EventManager : Event: ======'modes_active_modes_changed'====== Args={}
2024-12-01 20:16:41,391 : INFO : EventManager : Event: ======'mode_attract_started'====== Args={}
2024-12-01 20:16:41,392 : INFO : EventManager : Event: ======'collecting_balls_complete'====== Args={}
2024-12-01 20:16:41,392 : INFO : Machine : Starting the main run loop with active modes: [<Mode.attract>]
2024-12-01 20:16:41,445 : INFO : EventManager : Event: ======'slide_attract_scroll_created'====== Args={'_from_bcp': True}
2024-12-01 20:16:41,445 : INFO : EventManager : Event: ======'slide__removed'====== Args={'_from_bcp': True}
2024-12-01 20:16:41,446 : INFO : EventManager : Event: ======'slide_attract_scroll_active'====== Args={'original_context': 'attract', 'original_calling_context': 'mode_attract_started', 'priority': 50.0, 'cmd': 'slides_play', '_from_bcp': True}
2024-12-01 20:16:41,881 : INFO : BcpServer : New client connected.
2024-12-01 20:16:44,765 : INFO : SwitchController : <<<<<<< 's_right_flipper1' active >>>>>>>
2024-12-01 20:16:44,765 : INFO : EventManager : Event: ======'s_right_flipper1_active'====== Args={}
2024-12-01 20:16:44,778 : INFO : EventManager : Event: ======'slide_last_score_created'====== Args={'_from_bcp': True}
2024-12-01 20:16:44,778 : INFO : EventManager : Event: ======'slide_attract_scroll_inactive'====== Args={'is_removing': False, '_from_bcp': True}
2024-12-01 20:16:44,778 : INFO : EventManager : Event: ======'slide_last_score_active'====== Args={'original_context': 'attract', 'original_calling_context': 's_right_flipper1_active', 'priority': 50.0, 'cmd': 'slides_play', '_from_bcp': True}
2024-12-01 20:16:49,776 : INFO : EventManager : Event: ======'slide_last_score_inactive'====== Args={'is_removing': True, '_from_bcp': True}
2024-12-01 20:16:49,776 : INFO : EventManager : Event: ======'slide_attract_scroll_active'====== Args={'_from_bcp': True}
2024-12-01 20:16:49,777 : INFO : EventManager : Event: ======'slide_last_score_removed'====== Args={'_from_bcp': True}
2024-12-01 20:16:50,746 : INFO : SwitchController : <<<<<<< 's_right_flipper1' inactive >>>>>>>
2024-12-01 20:16:50,846 : INFO : SwitchController : <<<<<<< 's_right_flipper1' active >>>>>>>
2024-12-01 20:16:50,846 : INFO : EventManager : Event: ======'s_right_flipper1_active'====== Args={}
2024-12-01 20:16:50,860 : INFO : EventManager : Event: ======'slide_last_score_created'====== Args={'_from_bcp': True}
2024-12-01 20:16:50,860 : INFO : EventManager : Event: ======'slide_attract_scroll_inactive'====== Args={'is_removing': False, '_from_bcp': True}
2024-12-01 20:16:50,860 : INFO : EventManager : Event: ======'slide_last_score_active'====== Args={'original_context': 'attract', 'original_calling_context': 's_right_flipper1_active', 'priority': 50.0, 'cmd': 'slides_play', '_from_bcp': True}
2024-12-01 20:16:55,861 : INFO : EventManager : Event: ======'slide_last_score_inactive'====== Args={'is_removing': True, '_from_bcp': True}
2024-12-01 20:16:55,861 : INFO : EventManager : Event: ======'slide_attract_scroll_active'====== Args={'_from_bcp': True}
2024-12-01 20:16:55,861 : INFO : EventManager : Event: ======'slide_last_score_removed'====== Args={'_from_bcp': True}
2024-12-01 20:16:57,075 : INFO : SwitchController : <<<<<<< 's_right_flipper1' inactive >>>>>>>
2024-12-01 20:17:05,315 : INFO : SwitchController : <<<<<<< 's_right_flipper1' active >>>>>>>
2024-12-01 20:17:05,315 : INFO : EventManager : Event: ======'s_right_flipper1_active'====== Args={}
2024-12-01 20:17:05,330 : INFO : EventManager : Event: ======'slide_last_score_created'====== Args={'_from_bcp': True}
2024-12-01 20:17:05,330 : INFO : EventManager : Event: ======'slide_attract_scroll_inactive'====== Args={'is_removing': False, '_from_bcp': True}
2024-12-01 20:17:05,331 : INFO : EventManager : Event: ======'slide_last_score_active'====== Args={'original_context': 'attract', 'original_calling_context': 's_right_flipper1_active', 'priority': 50.0, 'cmd': 'slides_play', '_from_bcp': True}
2024-12-01 20:17:09,367 : INFO : SwitchController : <<<<<<< 's_right_flipper1' inactive >>>>>>>
2024-12-01 20:17:10,331 : INFO : EventManager : Event: ======'slide_last_score_inactive'====== Args={'is_removing': True, '_from_bcp': True}
2024-12-01 20:17:10,332 : INFO : EventManager : Event: ======'slide_attract_scroll_active'====== Args={'_from_bcp': True}
2024-12-01 20:17:10,332 : INFO : EventManager : Event: ======'slide_last_score_removed'====== Args={'_from_bcp': True}
2024-12-01 20:17:20,319 : INFO : Machine : Shutting down...
2024-12-01 20:17:20,319 : INFO : EventManager : Event: ======'shutdown'====== Args={}
2024-12-01 20:17:20,332 : INFO : root : MPF run loop ended.
