2024-11-05 19:59:30,966 : INFO : root : Loading config.
2024-11-05 19:59:30,968 : INFO : YamlMultifileConfigLoader : Machine config file #1: config.yaml
2024-11-05 19:59:30,968 : INFO : ConfigProcessor : Loading config from cache: /tmp/248da7825a7099821037453685569d45.mpf_cache
2024-11-05 19:59:30,991 : INFO : ConfigProcessor : Loading config from cache: /tmp/95514865456cf95aac1ab02b2b9c91d4.mpf_cache
2024-11-05 19:59:30,992 : INFO : ConfigProcessor : Loading config from cache: /tmp/03ef85df1864fb5ef5b7e38cbf9eb8a8.mpf_cache
2024-11-05 19:59:30,992 : INFO : ConfigProcessor : Loading config from cache: /tmp/6dcc9600f5dbf9a99f5346cc5ca34ea9.mpf_cache
2024-11-05 19:59:30,992 : INFO : ConfigProcessor : Loading config from cache: /tmp/95514865456cf95aac1ab02b2b9c91d4.mpf_cache
2024-11-05 19:59:30,993 : INFO : ConfigProcessor : Loading config from cache: /tmp/2e5ac6493c6686883ff244e5da957f67.mpf_cache
2024-11-05 19:59:30,993 : INFO : Machine : Mission Pinball Framework Core Engine v0.80.0.dev5
2024-11-05 19:59:30,993 : INFO : Machine : Command line arguments: {'no_load_cache': False, 'create_config_cache': True, 'bcp': True, 'configfile': ['config.yaml'], 'force_assets_load': False, 'platform_integration_test': False, 'jsonlogging': False, 'logfile': 'logs/2024-11-05-19-59-30-mpf-caw-System-Product-Name.log', 'pause': False, 'production': False, 'text_ui': True, 'loglevel': 15, 'consoleloglevel': 20, 'force_platform': 'virtual', 'syslog_address': None, 'full_logfile_path': '/home/caw/pinball/hauntedhouse/logs/2024-11-05-19-59-30-mpf-caw-System-Product-Name.log'}
2024-11-05 19:59:30,993 : INFO : Machine : MPF path: /home/caw/miniconda3/envs/envp311/lib/python3.11/site-packages/mpf
2024-11-05 19:59:30,993 : INFO : Machine : Machine path: /home/caw/pinball/hauntedhouse
2024-11-05 19:59:30,993 : INFO : Machine : Platform: linux
2024-11-05 19:59:30,993 : INFO : Machine : Python executable location: /home/caw/miniconda3/envs/envp311/bin/python
2024-11-05 19:59:30,993 : INFO : Machine : Python version: 3.11.10 (64-bit)
2024-11-05 19:59:30,993 : INFO : Machine : Initializing MPF...
2024-11-05 19:59:31,016 : INFO : EventManager : Event: ======'machine_var_credits_string'====== Args={'value': 'FREE PLAY', 'prev_value': None, 'change': True}
2024-11-05 19:59:31,021 : INFO : EventManager : Event: ======'machine_var_master_volume'====== Args={'value': 0.5, 'prev_value': None, 'change': True}
2024-11-05 19:59:31,021 : INFO : EventManager : Event: ======'machine_var_player1_score'====== Args={'value': 16000, 'prev_value': None, 'change': True}
2024-11-05 19:59:31,021 : INFO : EventManager : Event: ======'machine_var_mpf_version'====== Args={'value': 'Mission Pinball Framework v0.80.0.dev5', 'prev_value': None, 'change': True}
2024-11-05 19:59:31,022 : INFO : EventManager : Event: ======'machine_var_mpf_extended_version'====== Args={'value': 'Mission Pinball Framework v0.80.0.dev5, Config version:6, Show version: 6, BCP version:1.1', 'prev_value': None, 'change': True}
2024-11-05 19:59:31,022 : INFO : EventManager : Event: ======'machine_var_python_version'====== Args={'value': '3.11.10', 'prev_value': None, 'change': True}
2024-11-05 19:59:31,023 : INFO : EventManager : Event: ======'machine_var_platform'====== Args={'value': 'Linux-6.8.0-48-generic-x86_64-with-glibc2.39', 'prev_value': None, 'change': True}
2024-11-05 19:59:31,023 : INFO : EventManager : Event: ======'machine_var_platform_system'====== Args={'value': 'Linux', 'prev_value': None, 'change': True}
2024-11-05 19:59:31,023 : INFO : EventManager : Event: ======'machine_var_platform_release'====== Args={'value': '6.8.0-48-generic', 'prev_value': None, 'change': True}
2024-11-05 19:59:31,023 : INFO : EventManager : Event: ======'machine_var_platform_version'====== Args={'value': '#48-Ubuntu SMP PREEMPT_DYNAMIC Fri Sep 27 14:04:52 UTC 2024', 'prev_value': None, 'change': True}
2024-11-05 19:59:31,023 : INFO : EventManager : Event: ======'machine_var_platform_machine'====== Args={'value': 'x86_64', 'prev_value': None, 'change': True}
2024-11-05 19:59:31,023 : INFO : EventManager : Event: ======'machine_var_log_file_path'====== Args={'value': '/home/caw/pinball/hauntedhouse/logs/2024-11-05-19-59-30-mpf-caw-System-Product-Name.log', 'prev_value': None, 'change': True}
2024-11-05 19:59:31,023 : INFO : EventManager : Event: ======'init_phase_1'====== Args={}
2024-11-05 19:59:31,040 : INFO : EventManager : Event: ======'drop_target_bank_upper_up'====== Args={}
2024-11-05 19:59:31,040 : INFO : EventManager : Event: ======'drop_target_bank_lower_up'====== Args={}
2024-11-05 19:59:31,040 : INFO : EventManager : Event: ======'init_phase_2'====== Args={}
2024-11-05 19:59:31,044 : INFO : EventManager : Event: ======'bcp_connection_attempt'====== Args={'name': 'local_display', 'host': 'localhost', 'port': 5050}
2024-11-05 19:59:31,045 : INFO : BCPClientSocket : Connecting BCP to 'local_display' at localhost:5050...
2024-11-05 19:59:34,275 : INFO : BCPClientSocket : Connected BCP to 'local_display' localhost:5050
2024-11-05 19:59:34,275 : INFO : EventManager : Event: ======'bcp_clients_connected'====== Args={}
2024-11-05 19:59:34,276 : INFO : ball_device.bd_drain : BCH: Initial count: 0
2024-11-05 19:59:34,276 : INFO : ball_device.bd_drain : State: idle
2024-11-05 19:59:34,276 : INFO : ball_device.bd_lower_vuk : BCH: Initial count: 0
2024-11-05 19:59:34,276 : INFO : ball_device.bd_lower_vuk : State: idle
2024-11-05 19:59:34,277 : INFO : ball_device.bd_lower_kickout_special : BCH: Initial count: 0
2024-11-05 19:59:34,277 : INFO : ball_device.bd_lower_kickout_special : State: idle
2024-11-05 19:59:34,277 : INFO : ball_device.bd_main_vuk : BCH: Initial count: 0
2024-11-05 19:59:34,277 : INFO : ball_device.bd_main_vuk : State: idle
2024-11-05 19:59:34,277 : INFO : ball_device.bd_main_kickout_right : BCH: Initial count: 0
2024-11-05 19:59:34,277 : INFO : ball_device.bd_main_kickout_right : State: idle
2024-11-05 19:59:34,277 : INFO : ball_device.bd_main_kickout_lane : BCH: Initial count: 0
2024-11-05 19:59:34,277 : INFO : ball_device.bd_main_kickout_lane : State: idle
2024-11-05 19:59:34,283 : INFO : EventManager : Event: ======'init_phase_3'====== Args={}
2024-11-05 19:59:34,284 : INFO : EventManager : Event: ======'init_phase_4'====== Args={}
2024-11-05 19:59:34,284 : INFO : BallController : Initial balls found: 0
2024-11-05 19:59:34,284 : INFO : EventManager : Event: ======'machine_var_audits_events_game_ended'====== Args={'value': 60, 'prev_value': None, 'change': True}
2024-11-05 19:59:34,285 : INFO : EventManager : Event: ======'machine_var_audits_events_game_started'====== Args={'value': 117, 'prev_value': None, 'change': True}
2024-11-05 19:59:34,285 : INFO : EventManager : Event: ======'machine_var_audits_missing_switches_s_left_flipper1'====== Args={'value': 7, 'prev_value': None, 'change': True}
2024-11-05 19:59:34,285 : INFO : EventManager : Event: ======'machine_var_audits_missing_switches_s_left_flipper2'====== Args={'value': 7, 'prev_value': None, 'change': True}
2024-11-05 19:59:34,285 : INFO : EventManager : Event: ======'machine_var_audits_missing_switches_s_lower_10pt_drops'====== Args={'value': 7, 'prev_value': None, 'change': True}
2024-11-05 19:59:34,285 : INFO : EventManager : Event: ======'machine_var_audits_missing_switches_s_lower_10pt_lower'====== Args={'value': 7, 'prev_value': None, 'change': True}
2024-11-05 19:59:34,285 : INFO : EventManager : Event: ======'machine_var_audits_missing_switches_s_lower_10pt_upper'====== Args={'value': 7, 'prev_value': None, 'change': True}
2024-11-05 19:59:34,285 : INFO : EventManager : Event: ======'machine_var_audits_missing_switches_s_lower_1_drop'====== Args={'value': 2, 'prev_value': None, 'change': True}
2024-11-05 19:59:34,285 : INFO : EventManager : Event: ======'machine_var_audits_missing_switches_s_lower_2_drop'====== Args={'value': 2, 'prev_value': None, 'change': True}
2024-11-05 19:59:34,285 : INFO : EventManager : Event: ======'machine_var_audits_missing_switches_s_lower_3_drop'====== Args={'value': 3, 'prev_value': None, 'change': True}
2024-11-05 19:59:34,285 : INFO : EventManager : Event: ======'machine_var_audits_missing_switches_s_lower_4_drop'====== Args={'value': 3, 'prev_value': None, 'change': True}
2024-11-05 19:59:34,285 : INFO : EventManager : Event: ======'machine_var_audits_missing_switches_s_lower_5_drop'====== Args={'value': 3, 'prev_value': None, 'change': True}
2024-11-05 19:59:34,285 : INFO : EventManager : Event: ======'machine_var_audits_missing_switches_s_lower_bonus_left'====== Args={'value': 7, 'prev_value': None, 'change': True}
2024-11-05 19:59:34,285 : INFO : EventManager : Event: ======'machine_var_audits_missing_switches_s_lower_bonus_right'====== Args={'value': 7, 'prev_value': None, 'change': True}
2024-11-05 19:59:34,285 : INFO : EventManager : Event: ======'machine_var_audits_missing_switches_s_lower_kick_target'====== Args={'value': 7, 'prev_value': None, 'change': True}
2024-11-05 19:59:34,285 : INFO : EventManager : Event: ======'machine_var_audits_missing_switches_s_lower_kickout_special'====== Args={'value': 2, 'prev_value': None, 'change': True}
2024-11-05 19:59:34,285 : INFO : EventManager : Event: ======'machine_var_audits_missing_switches_s_lower_pop'====== Args={'value': 7, 'prev_value': None, 'change': True}
2024-11-05 19:59:34,285 : INFO : EventManager : Event: ======'machine_var_audits_missing_switches_s_lower_rollover'====== Args={'value': 7, 'prev_value': None, 'change': True}
2024-11-05 19:59:34,285 : INFO : EventManager : Event: ======'machine_var_audits_missing_switches_s_lower_slingshot'====== Args={'value': 7, 'prev_value': None, 'change': True}
2024-11-05 19:59:34,285 : INFO : EventManager : Event: ======'machine_var_audits_missing_switches_s_lower_vuk'====== Args={'value': 7, 'prev_value': None, 'change': True}
2024-11-05 19:59:34,285 : INFO : EventManager : Event: ======'machine_var_audits_missing_switches_s_main_10pt_left'====== Args={'value': 7, 'prev_value': None, 'change': True}
2024-11-05 19:59:34,285 : INFO : EventManager : Event: ======'machine_var_audits_missing_switches_s_main_1_target'====== Args={'value': 7, 'prev_value': None, 'change': True}
2024-11-05 19:59:34,286 : INFO : EventManager : Event: ======'machine_var_audits_missing_switches_s_main_1_trough'====== Args={'value': 7, 'prev_value': None, 'change': True}
2024-11-05 19:59:34,286 : INFO : EventManager : Event: ======'machine_var_audits_missing_switches_s_main_2_target'====== Args={'value': 7, 'prev_value': None, 'change': True}
2024-11-05 19:59:34,286 : INFO : EventManager : Event: ======'machine_var_audits_missing_switches_s_main_2_trough'====== Args={'value': 7, 'prev_value': None, 'change': True}
2024-11-05 19:59:34,286 : INFO : EventManager : Event: ======'machine_var_audits_missing_switches_s_main_3_target'====== Args={'value': 3, 'prev_value': None, 'change': True}
2024-11-05 19:59:34,286 : INFO : EventManager : Event: ======'machine_var_audits_missing_switches_s_main_4_target'====== Args={'value': 3, 'prev_value': None, 'change': True}
2024-11-05 19:59:34,286 : INFO : EventManager : Event: ======'machine_var_audits_missing_switches_s_main_5_target'====== Args={'value': 7, 'prev_value': None, 'change': True}
2024-11-05 19:59:34,286 : INFO : EventManager : Event: ======'machine_var_audits_missing_switches_s_main_inlane_left'====== Args={'value': 1, 'prev_value': None, 'change': True}
2024-11-05 19:59:34,286 : INFO : EventManager : Event: ======'machine_var_audits_missing_switches_s_main_inlane_right'====== Args={'value': 7, 'prev_value': None, 'change': True}
2024-11-05 19:59:34,286 : INFO : EventManager : Event: ======'machine_var_audits_missing_switches_s_main_kickout_right'====== Args={'value': 7, 'prev_value': None, 'change': True}
2024-11-05 19:59:34,286 : INFO : EventManager : Event: ======'machine_var_audits_missing_switches_s_main_lane_center'====== Args={'value': 7, 'prev_value': None, 'change': True}
2024-11-05 19:59:34,286 : INFO : EventManager : Event: ======'machine_var_audits_missing_switches_s_main_outhole'====== Args={'value': 1, 'prev_value': None, 'change': True}
2024-11-05 19:59:34,286 : INFO : EventManager : Event: ======'machine_var_audits_missing_switches_s_main_outlane_left'====== Args={'value': 7, 'prev_value': None, 'change': True}
2024-11-05 19:59:34,286 : INFO : EventManager : Event: ======'machine_var_audits_missing_switches_s_main_outlane_right'====== Args={'value': 7, 'prev_value': None, 'change': True}
2024-11-05 19:59:34,286 : INFO : EventManager : Event: ======'machine_var_audits_missing_switches_s_main_pop_top'====== Args={'value': 7, 'prev_value': None, 'change': True}
2024-11-05 19:59:34,286 : INFO : EventManager : Event: ======'machine_var_audits_missing_switches_s_main_rollunder'====== Args={'value': 7, 'prev_value': None, 'change': True}
2024-11-05 19:59:34,286 : INFO : EventManager : Event: ======'machine_var_audits_missing_switches_s_main_secret_trough'====== Args={'value': 7, 'prev_value': None, 'change': True}
2024-11-05 19:59:34,287 : INFO : EventManager : Event: ======'machine_var_audits_missing_switches_s_main_slingshot'====== Args={'value': 7, 'prev_value': None, 'change': True}
2024-11-05 19:59:34,287 : INFO : EventManager : Event: ======'machine_var_audits_missing_switches_s_main_target_right'====== Args={'value': 7, 'prev_value': None, 'change': True}
2024-11-05 19:59:34,287 : INFO : EventManager : Event: ======'machine_var_audits_missing_switches_s_main_trapdoor_trough'====== Args={'value': 7, 'prev_value': None, 'change': True}
2024-11-05 19:59:34,287 : INFO : EventManager : Event: ======'machine_var_audits_missing_switches_s_main_vuk'====== Args={'value': 7, 'prev_value': None, 'change': True}
2024-11-05 19:59:34,287 : INFO : EventManager : Event: ======'machine_var_audits_missing_switches_s_right_flipper1'====== Args={'value': 7, 'prev_value': None, 'change': True}
2024-11-05 19:59:34,287 : INFO : EventManager : Event: ======'machine_var_audits_missing_switches_s_right_flipper2'====== Args={'value': 7, 'prev_value': None, 'change': True}
2024-11-05 19:59:34,287 : INFO : EventManager : Event: ======'machine_var_audits_missing_switches_s_start'====== Args={'value': 1, 'prev_value': None, 'change': True}
2024-11-05 19:59:34,287 : INFO : EventManager : Event: ======'machine_var_audits_missing_switches_s_upper_10pt_center'====== Args={'value': 7, 'prev_value': None, 'change': True}
2024-11-05 19:59:34,287 : INFO : EventManager : Event: ======'machine_var_audits_missing_switches_s_upper_10pt_left'====== Args={'value': 7, 'prev_value': None, 'change': True}
2024-11-05 19:59:34,287 : INFO : EventManager : Event: ======'machine_var_audits_missing_switches_s_upper_1_drop'====== Args={'value': 7, 'prev_value': None, 'change': True}
2024-11-05 19:59:34,287 : INFO : EventManager : Event: ======'machine_var_audits_missing_switches_s_upper_1_target'====== Args={'value': 3, 'prev_value': None, 'change': True}
2024-11-05 19:59:34,287 : INFO : EventManager : Event: ======'machine_var_audits_missing_switches_s_upper_2_drop'====== Args={'value': 7, 'prev_value': None, 'change': True}
2024-11-05 19:59:34,287 : INFO : EventManager : Event: ======'machine_var_audits_missing_switches_s_upper_2_target'====== Args={'value': 3, 'prev_value': None, 'change': True}
2024-11-05 19:59:34,287 : INFO : EventManager : Event: ======'machine_var_audits_missing_switches_s_upper_3_drop'====== Args={'value': 7, 'prev_value': None, 'change': True}
2024-11-05 19:59:34,287 : INFO : EventManager : Event: ======'machine_var_audits_missing_switches_s_upper_3_target'====== Args={'value': 3, 'prev_value': None, 'change': True}
2024-11-05 19:59:34,288 : INFO : EventManager : Event: ======'machine_var_audits_missing_switches_s_upper_4_drop'====== Args={'value': 7, 'prev_value': None, 'change': True}
2024-11-05 19:59:34,288 : INFO : EventManager : Event: ======'machine_var_audits_missing_switches_s_upper_4_target'====== Args={'value': 3, 'prev_value': None, 'change': True}
2024-11-05 19:59:34,288 : INFO : EventManager : Event: ======'machine_var_audits_missing_switches_s_upper_pop'====== Args={'value': 7, 'prev_value': None, 'change': True}
2024-11-05 19:59:34,288 : INFO : EventManager : Event: ======'machine_var_audits_player_score'====== Args={'value': {'average': 30487, 'top': [211150, 162330, 120480, 114590, 92630, 78890, 76090, 75800, 75650, 71920], 'total': 63}, 'prev_value': None, 'change': True}
2024-11-05 19:59:34,288 : INFO : EventManager : Event: ======'machine_var_audits_shots_10pt'====== Args={'value': 216, 'prev_value': None, 'change': True}
2024-11-05 19:59:34,288 : INFO : EventManager : Event: ======'machine_var_audits_shots_left_inlane'====== Args={'value': 22, 'prev_value': None, 'change': True}
2024-11-05 19:59:34,288 : INFO : EventManager : Event: ======'machine_var_audits_shots_left_outlane'====== Args={'value': 11, 'prev_value': None, 'change': True}
2024-11-05 19:59:34,288 : INFO : EventManager : Event: ======'machine_var_audits_shots_lower_10pt_drops'====== Args={'value': 34, 'prev_value': None, 'change': True}
2024-11-05 19:59:34,288 : INFO : EventManager : Event: ======'machine_var_audits_shots_lower_10pt_lower'====== Args={'value': 11, 'prev_value': None, 'change': True}
2024-11-05 19:59:34,288 : INFO : EventManager : Event: ======'machine_var_audits_shots_lower_10pt_upper'====== Args={'value': 12, 'prev_value': None, 'change': True}
2024-11-05 19:59:34,288 : INFO : EventManager : Event: ======'machine_var_audits_shots_lower_1_drop'====== Args={'value': 43, 'prev_value': None, 'change': True}
2024-11-05 19:59:34,288 : INFO : EventManager : Event: ======'machine_var_audits_shots_lower_2_drop'====== Args={'value': 10, 'prev_value': None, 'change': True}
2024-11-05 19:59:34,288 : INFO : EventManager : Event: ======'machine_var_audits_shots_lower_3_drop'====== Args={'value': 11, 'prev_value': None, 'change': True}
2024-11-05 19:59:34,289 : INFO : EventManager : Event: ======'machine_var_audits_shots_lower_4_drop'====== Args={'value': 16, 'prev_value': None, 'change': True}
2024-11-05 19:59:34,289 : INFO : EventManager : Event: ======'machine_var_audits_shots_lower_5_drop'====== Args={'value': 15, 'prev_value': None, 'change': True}
2024-11-05 19:59:34,289 : INFO : EventManager : Event: ======'machine_var_audits_shots_lower_hole'====== Args={'value': 17, 'prev_value': None, 'change': True}
2024-11-05 19:59:34,289 : INFO : EventManager : Event: ======'machine_var_audits_shots_lower_kick_target'====== Args={'value': 2, 'prev_value': None, 'change': True}
2024-11-05 19:59:34,289 : INFO : EventManager : Event: ======'machine_var_audits_shots_lower_left'====== Args={'value': 7, 'prev_value': None, 'change': True}
2024-11-05 19:59:34,289 : INFO : EventManager : Event: ======'machine_var_audits_shots_lower_left_pop'====== Args={'value': 167, 'prev_value': None, 'change': True}
2024-11-05 19:59:34,289 : INFO : EventManager : Event: ======'machine_var_audits_shots_lower_pop'====== Args={'value': 27, 'prev_value': None, 'change': True}
2024-11-05 19:59:34,289 : INFO : EventManager : Event: ======'machine_var_audits_shots_lower_right'====== Args={'value': 4, 'prev_value': None, 'change': True}
2024-11-05 19:59:34,289 : INFO : EventManager : Event: ======'machine_var_audits_shots_lower_rollover'====== Args={'value': 27, 'prev_value': None, 'change': True}
2024-11-05 19:59:34,289 : INFO : EventManager : Event: ======'machine_var_audits_shots_lower_slingshot'====== Args={'value': 17, 'prev_value': None, 'change': True}
2024-11-05 19:59:34,289 : INFO : EventManager : Event: ======'machine_var_audits_shots_main_1'====== Args={'value': 25, 'prev_value': None, 'change': True}
2024-11-05 19:59:34,290 : INFO : EventManager : Event: ======'machine_var_audits_shots_main_2'====== Args={'value': 27, 'prev_value': None, 'change': True}
2024-11-05 19:59:34,290 : INFO : EventManager : Event: ======'machine_var_audits_shots_main_3'====== Args={'value': 25, 'prev_value': None, 'change': True}
2024-11-05 19:59:34,290 : INFO : EventManager : Event: ======'machine_var_audits_shots_main_4'====== Args={'value': 27, 'prev_value': None, 'change': True}
2024-11-05 19:59:34,290 : INFO : EventManager : Event: ======'machine_var_audits_shots_main_5'====== Args={'value': 18, 'prev_value': None, 'change': True}
2024-11-05 19:59:34,290 : INFO : EventManager : Event: ======'machine_var_audits_shots_main_slingshot'====== Args={'value': 33, 'prev_value': None, 'change': True}
2024-11-05 19:59:34,290 : INFO : EventManager : Event: ======'machine_var_audits_shots_right_inlane'====== Args={'value': 68, 'prev_value': None, 'change': True}
2024-11-05 19:59:34,290 : INFO : EventManager : Event: ======'machine_var_audits_shots_right_kickout'====== Args={'value': 32, 'prev_value': None, 'change': True}
2024-11-05 19:59:34,290 : INFO : EventManager : Event: ======'machine_var_audits_shots_right_outlane'====== Args={'value': 43, 'prev_value': None, 'change': True}
2024-11-05 19:59:34,291 : INFO : EventManager : Event: ======'machine_var_audits_shots_rollunder'====== Args={'value': 87, 'prev_value': None, 'change': True}
2024-11-05 19:59:34,291 : INFO : EventManager : Event: ======'machine_var_audits_shots_standup_right'====== Args={'value': 88, 'prev_value': None, 'change': True}
2024-11-05 19:59:34,291 : INFO : EventManager : Event: ======'machine_var_audits_shots_upper_1'====== Args={'value': 31, 'prev_value': None, 'change': True}
2024-11-05 19:59:34,291 : INFO : EventManager : Event: ======'machine_var_audits_shots_upper_1_drop'====== Args={'value': 49, 'prev_value': None, 'change': True}
2024-11-05 19:59:34,291 : INFO : EventManager : Event: ======'machine_var_audits_shots_upper_2'====== Args={'value': 58, 'prev_value': None, 'change': True}
2024-11-05 19:59:34,291 : INFO : EventManager : Event: ======'machine_var_audits_shots_upper_2_drop'====== Args={'value': 35, 'prev_value': None, 'change': True}
2024-11-05 19:59:34,291 : INFO : EventManager : Event: ======'machine_var_audits_shots_upper_3'====== Args={'value': 24, 'prev_value': None, 'change': True}
2024-11-05 19:59:34,291 : INFO : EventManager : Event: ======'machine_var_audits_shots_upper_3_drop'====== Args={'value': 53, 'prev_value': None, 'change': True}
2024-11-05 19:59:34,291 : INFO : EventManager : Event: ======'machine_var_audits_shots_upper_4'====== Args={'value': 20, 'prev_value': None, 'change': True}
2024-11-05 19:59:34,291 : INFO : EventManager : Event: ======'machine_var_audits_shots_upper_4_drop'====== Args={'value': 66, 'prev_value': None, 'change': True}
2024-11-05 19:59:34,292 : INFO : EventManager : Event: ======'machine_var_audits_shots_upper_left_pop'====== Args={'value': 51, 'prev_value': None, 'change': True}
2024-11-05 19:59:34,292 : INFO : EventManager : Event: ======'machine_var_audits_shots_upper_pop'====== Args={'value': 524, 'prev_value': None, 'change': True}
2024-11-05 19:59:34,292 : INFO : EventManager : Event: ======'machine_var_audits_switches_s_left_flipper1'====== Args={'value': 328, 'prev_value': None, 'change': True}
2024-11-05 19:59:34,292 : INFO : EventManager : Event: ======'machine_var_audits_switches_s_left_flipper2'====== Args={'value': 389, 'prev_value': None, 'change': True}
2024-11-05 19:59:34,292 : INFO : EventManager : Event: ======'machine_var_audits_switches_s_lower_10pt_UPPER'====== Args={'value': 0, 'prev_value': None, 'change': True}
2024-11-05 19:59:34,292 : INFO : EventManager : Event: ======'machine_var_audits_switches_s_lower_10pt_drops'====== Args={'value': 34, 'prev_value': None, 'change': True}
2024-11-05 19:59:34,292 : INFO : EventManager : Event: ======'machine_var_audits_switches_s_lower_10pt_lower'====== Args={'value': 11, 'prev_value': None, 'change': True}
2024-11-05 19:59:34,292 : INFO : EventManager : Event: ======'machine_var_audits_switches_s_lower_10pt_upper'====== Args={'value': 12, 'prev_value': None, 'change': True}
2024-11-05 19:59:34,292 : INFO : EventManager : Event: ======'machine_var_audits_switches_s_lower_1_drop'====== Args={'value': 398, 'prev_value': None, 'change': True}
2024-11-05 19:59:34,292 : INFO : EventManager : Event: ======'machine_var_audits_switches_s_lower_2_drop'====== Args={'value': 10, 'prev_value': None, 'change': True}
2024-11-05 19:59:34,293 : INFO : EventManager : Event: ======'machine_var_audits_switches_s_lower_3_drop'====== Args={'value': 11, 'prev_value': None, 'change': True}
2024-11-05 19:59:34,293 : INFO : EventManager : Event: ======'machine_var_audits_switches_s_lower_4_drop'====== Args={'value': 16, 'prev_value': None, 'change': True}
2024-11-05 19:59:34,293 : INFO : EventManager : Event: ======'machine_var_audits_switches_s_lower_5_drop'====== Args={'value': 15, 'prev_value': None, 'change': True}
2024-11-05 19:59:34,293 : INFO : EventManager : Event: ======'machine_var_audits_switches_s_lower_bonus_left'====== Args={'value': 7, 'prev_value': None, 'change': True}
2024-11-05 19:59:34,293 : INFO : EventManager : Event: ======'machine_var_audits_switches_s_lower_bonus_right'====== Args={'value': 4, 'prev_value': None, 'change': True}
2024-11-05 19:59:34,293 : INFO : EventManager : Event: ======'machine_var_audits_switches_s_lower_kick_target'====== Args={'value': 2, 'prev_value': None, 'change': True}
2024-11-05 19:59:34,293 : INFO : EventManager : Event: ======'machine_var_audits_switches_s_lower_kickout_special'====== Args={'value': 17, 'prev_value': None, 'change': True}
2024-11-05 19:59:34,293 : INFO : EventManager : Event: ======'machine_var_audits_switches_s_lower_pop'====== Args={'value': 27, 'prev_value': None, 'change': True}
2024-11-05 19:59:34,293 : INFO : EventManager : Event: ======'machine_var_audits_switches_s_lower_rollover'====== Args={'value': 55, 'prev_value': None, 'change': True}
2024-11-05 19:59:34,294 : INFO : EventManager : Event: ======'machine_var_audits_switches_s_lower_slingshot'====== Args={'value': 17, 'prev_value': None, 'change': True}
2024-11-05 19:59:34,294 : INFO : EventManager : Event: ======'machine_var_audits_switches_s_lower_vuk'====== Args={'value': 220, 'prev_value': None, 'change': True}
2024-11-05 19:59:34,294 : INFO : EventManager : Event: ======'machine_var_audits_switches_s_main_10pt_left'====== Args={'value': 21, 'prev_value': None, 'change': True}
2024-11-05 19:59:34,294 : INFO : EventManager : Event: ======'machine_var_audits_switches_s_main_1_target'====== Args={'value': 52, 'prev_value': None, 'change': True}
2024-11-05 19:59:34,294 : INFO : EventManager : Event: ======'machine_var_audits_switches_s_main_1_trough'====== Args={'value': 33, 'prev_value': None, 'change': True}
2024-11-05 19:59:34,294 : INFO : EventManager : Event: ======'machine_var_audits_switches_s_main_2_target'====== Args={'value': 50, 'prev_value': None, 'change': True}
2024-11-05 19:59:34,294 : INFO : EventManager : Event: ======'machine_var_audits_switches_s_main_2_trough'====== Args={'value': 59, 'prev_value': None, 'change': True}
2024-11-05 19:59:34,294 : INFO : EventManager : Event: ======'machine_var_audits_switches_s_main_3_target'====== Args={'value': 25, 'prev_value': None, 'change': True}
2024-11-05 19:59:34,295 : INFO : EventManager : Event: ======'machine_var_audits_switches_s_main_4_target'====== Args={'value': 43, 'prev_value': None, 'change': True}
2024-11-05 19:59:34,295 : INFO : EventManager : Event: ======'machine_var_audits_switches_s_main_5_target'====== Args={'value': 52, 'prev_value': None, 'change': True}
2024-11-05 19:59:34,295 : INFO : EventManager : Event: ======'machine_var_audits_switches_s_main_inlane_left'====== Args={'value': 25, 'prev_value': None, 'change': True}
2024-11-05 19:59:34,295 : INFO : EventManager : Event: ======'machine_var_audits_switches_s_main_inlane_right'====== Args={'value': 73, 'prev_value': None, 'change': True}
2024-11-05 19:59:34,295 : INFO : EventManager : Event: ======'machine_var_audits_switches_s_main_kickout_right'====== Args={'value': 130, 'prev_value': None, 'change': True}
2024-11-05 19:59:34,295 : INFO : EventManager : Event: ======'machine_var_audits_switches_s_main_lane_center'====== Args={'value': 95, 'prev_value': None, 'change': True}
2024-11-05 19:59:34,296 : INFO : EventManager : Event: ======'machine_var_audits_switches_s_main_outhole'====== Args={'value': 408, 'prev_value': None, 'change': True}
2024-11-05 19:59:34,296 : INFO : EventManager : Event: ======'machine_var_audits_switches_s_main_outlane_left'====== Args={'value': 18, 'prev_value': None, 'change': True}
2024-11-05 19:59:34,296 : INFO : EventManager : Event: ======'machine_var_audits_switches_s_main_outlane_right'====== Args={'value': 44, 'prev_value': None, 'change': True}
2024-11-05 19:59:34,296 : INFO : EventManager : Event: ======'machine_var_audits_switches_s_main_pop_bottom'====== Args={'value': 195, 'prev_value': None, 'change': True}
2024-11-05 19:59:34,296 : INFO : EventManager : Event: ======'machine_var_audits_switches_s_main_pop_top'====== Args={'value': 116, 'prev_value': None, 'change': True}
2024-11-05 19:59:34,296 : INFO : EventManager : Event: ======'machine_var_audits_switches_s_main_rollunder'====== Args={'value': 87, 'prev_value': None, 'change': True}
2024-11-05 19:59:34,296 : INFO : EventManager : Event: ======'machine_var_audits_switches_s_main_roundabout_rollunder'====== Args={'value': 52, 'prev_value': None, 'change': True}
2024-11-05 19:59:34,296 : INFO : EventManager : Event: ======'machine_var_audits_switches_s_main_secret_trough'====== Args={'value': 28, 'prev_value': None, 'change': True}
2024-11-05 19:59:34,297 : INFO : EventManager : Event: ======'machine_var_audits_switches_s_main_slingshot'====== Args={'value': 228, 'prev_value': None, 'change': True}
2024-11-05 19:59:34,297 : INFO : EventManager : Event: ======'machine_var_audits_switches_s_main_target_right'====== Args={'value': 141, 'prev_value': None, 'change': True}
2024-11-05 19:59:34,297 : INFO : EventManager : Event: ======'machine_var_audits_switches_s_main_trapdoor_trough'====== Args={'value': 0, 'prev_value': None, 'change': True}
2024-11-05 19:59:34,297 : INFO : EventManager : Event: ======'machine_var_audits_switches_s_main_vuk'====== Args={'value': 257, 'prev_value': None, 'change': True}
2024-11-05 19:59:34,297 : INFO : EventManager : Event: ======'machine_var_audits_switches_s_right_flipper1'====== Args={'value': 296, 'prev_value': None, 'change': True}
2024-11-05 19:59:34,297 : INFO : EventManager : Event: ======'machine_var_audits_switches_s_right_flipper2'====== Args={'value': 349, 'prev_value': None, 'change': True}
2024-11-05 19:59:34,297 : INFO : EventManager : Event: ======'machine_var_audits_switches_s_start'====== Args={'value': 7, 'prev_value': None, 'change': True}
2024-11-05 19:59:34,297 : INFO : EventManager : Event: ======'machine_var_audits_switches_s_upper_10pt_center'====== Args={'value': 185, 'prev_value': None, 'change': True}
2024-11-05 19:59:34,298 : INFO : EventManager : Event: ======'machine_var_audits_switches_s_upper_10pt_left'====== Args={'value': 119, 'prev_value': None, 'change': True}
2024-11-05 19:59:34,298 : INFO : EventManager : Event: ======'machine_var_audits_switches_s_upper_1_drop'====== Args={'value': 57, 'prev_value': None, 'change': True}
2024-11-05 19:59:34,298 : INFO : EventManager : Event: ======'machine_var_audits_switches_s_upper_1_target'====== Args={'value': 92, 'prev_value': None, 'change': True}
2024-11-05 19:59:34,298 : INFO : EventManager : Event: ======'machine_var_audits_switches_s_upper_2_drop'====== Args={'value': 52, 'prev_value': None, 'change': True}
2024-11-05 19:59:34,298 : INFO : EventManager : Event: ======'machine_var_audits_switches_s_upper_2_target'====== Args={'value': 144, 'prev_value': None, 'change': True}
2024-11-05 19:59:34,298 : INFO : EventManager : Event: ======'machine_var_audits_switches_s_upper_3_drop'====== Args={'value': 63, 'prev_value': None, 'change': True}
2024-11-05 19:59:34,298 : INFO : EventManager : Event: ======'machine_var_audits_switches_s_upper_3_target'====== Args={'value': 61, 'prev_value': None, 'change': True}
2024-11-05 19:59:34,299 : INFO : EventManager : Event: ======'machine_var_audits_switches_s_upper_4_drop'====== Args={'value': 84, 'prev_value': None, 'change': True}
2024-11-05 19:59:34,299 : INFO : EventManager : Event: ======'machine_var_audits_switches_s_upper_4_target'====== Args={'value': 58, 'prev_value': None, 'change': True}
2024-11-05 19:59:34,299 : INFO : EventManager : Event: ======'machine_var_audits_switches_s_upper_pop'====== Args={'value': 756, 'prev_value': None, 'change': True}
2024-11-05 19:59:34,299 : INFO : EventManager : Event: ======'init_phase_5'====== Args={}
2024-11-05 19:59:34,302 : INFO : EventManager : Event: ======'init_done'====== Args={}
2024-11-05 19:59:34,302 : INFO : EventManager : Event: ======'machine_reset_phase_1'====== Args={}
2024-11-05 19:59:34,307 : INFO : EventManager : Event: ======'machine_reset_phase_2'====== Args={}
2024-11-05 19:59:34,307 : INFO : EventManager : Event: ======'machine_reset_phase_3'====== Args={}
2024-11-05 19:59:34,307 : INFO : drop_target_bank.upper : All targets are already up. Will not reset bank.
2024-11-05 19:59:34,307 : INFO : drop_target_bank.lower : All targets are already up. Will not reset bank.
2024-11-05 19:59:34,307 : INFO : EventManager : Event: ======'reset_complete'====== Args={}
2024-11-05 19:59:34,307 : INFO : EventManager : Event: ======'mode_attract_will_start'====== Args={}
2024-11-05 19:59:34,307 : INFO : EventManager : Event: ======'mode_attract_starting'====== Args={}
2024-11-05 19:59:34,307 : INFO : Mode.attract : Started. Priority: 10
2024-11-05 19:59:34,308 : INFO : EventManager : Event: ======'modes_active_modes_changed'====== Args={}
2024-11-05 19:59:34,308 : INFO : EventManager : Event: ======'mode_attract_started'====== Args={}
2024-11-05 19:59:34,308 : INFO : EventManager : Event: ======'collecting_balls_complete'====== Args={}
2024-11-05 19:59:34,310 : INFO : Machine : Starting the main run loop with active modes: [<Mode.attract>]
2024-11-05 19:59:34,327 : INFO : EventManager : Event: ======'slide_attract_created'====== Args={'_from_bcp': True}
2024-11-05 19:59:34,362 : INFO : BcpServer : New client connected.
2024-11-05 19:59:34,367 : INFO : EventManager : Event: ======'slide__removed'====== Args={'_from_bcp': True}
2024-11-05 19:59:34,368 : INFO : EventManager : Event: ======'slide_attract_active'====== Args={'original_context': 'attract', 'original_calling_context': 'mode_attract_started', 'priority': 10.0, 'cmd': 'slides_play', '_from_bcp': True}
2024-11-05 19:59:39,359 : INFO : SwitchController : <<<<<<< 's_main_outhole' active >>>>>>>
2024-11-05 19:59:39,860 : INFO : EventManager : Event: ======'balldevice_bd_drain_ball_count_changed'====== Args={'balls': 1}
2024-11-05 19:59:39,860 : INFO : ball_device.bd_drain : Received unexpected ball
2024-11-05 19:59:39,860 : INFO : EventManager : Event: ======'balldevice_captured_from_playfield'====== Args={'balls': 1}
2024-11-05 19:59:39,860 : INFO : EventManager : Event: ======'sw_playfield_active'====== Args={'balls': 1}
2024-11-05 19:59:39,861 : INFO : EventManager : Event: ======'playfield_active'====== Args={'source': None}
2024-11-05 19:59:39,861 : INFO : EventManager : Event: ======'unexpected_ball_on_playfield'====== Args={}
2024-11-05 19:59:39,861 : INFO : EventManager : Event: ======'playfield_ball_count_change'====== Args={'balls': -1, 'change': -1}
2024-11-05 19:59:39,861 : INFO : EventManager : Event: ======'balldevice_playfield_ball_enter'====== Args={'new_balls': 1, 'unclaimed_balls': 1, 'device': <playfield.playfield>}
2024-11-05 19:59:39,862 : INFO : EventManager : Event: ======'playfield_ball_count_change'====== Args={'balls': 0, 'change': 1}
2024-11-05 19:59:39,862 : INFO : BallController : Found a new ball which was captured from playfield. Known balls: 1
2024-11-05 19:59:39,862 : INFO : EventManager : Event: ======'found_new_ball'====== Args={}
2024-11-05 19:59:39,862 : INFO : EventManager : Event: ======'balldevice_bd_drain_ball_enter'====== Args={'new_balls': 1, 'unclaimed_balls': 1, 'new_available_balls': 1, 'device': <ball_device.bd_drain>}
2024-11-05 19:59:39,862 : INFO : EventManager : Event: ======'ball_drain'====== Args={'device': <ball_device.bd_drain>, 'balls': 1}
2024-11-05 19:59:39,862 : INFO : EventManager : Event: ======'balldevice_balls_available'====== Args={}
2024-11-05 19:59:39,862 : INFO : EventManager : Event: ======'balldevice_bd_drain_ball_entered'====== Args={'new_balls': 1, 'device': <ball_device.bd_drain>}
2024-11-05 19:59:40,855 : INFO : SwitchController : <<<<<<< 's_start' active >>>>>>>
2024-11-05 19:59:40,951 : INFO : SwitchController : <<<<<<< 's_start' inactive >>>>>>>
2024-11-05 19:59:40,951 : INFO : EventManager : Event: ======'request_to_start_game'====== Args={}
2024-11-05 19:59:40,952 : INFO : EventManager : Event: ======'game_start'====== Args={'buttons': [], 'hold_time': 0.09603778500058979}
2024-11-05 19:59:40,952 : INFO : EventManager : Event: ======'mode_game_will_start'====== Args={'buttons': [], 'hold_time': 0.09603778500058979}
2024-11-05 19:59:40,953 : INFO : EventManager : Event: ======'mode_game_starting'====== Args={'buttons': [], 'hold_time': 0.09603778500058979}
2024-11-05 19:59:40,953 : INFO : EventManager : Event: ======'mode_attract_will_stop'====== Args={}
2024-11-05 19:59:40,953 : INFO : EventManager : Event: ======'mode_attract_stopping'====== Args={}
2024-11-05 19:59:40,953 : INFO : Mode.attract : Stopped.
2024-11-05 19:59:40,953 : INFO : EventManager : Event: ======'modes_active_modes_changed'====== Args={}
2024-11-05 19:59:40,953 : INFO : EventManager : Event: ======'mode_attract_stopped'====== Args={}
2024-11-05 19:59:40,953 : INFO : EventManager : Event: ======'clear'====== Args={'key': 'attract'}
2024-11-05 19:59:40,954 : INFO : Mode.game : Started. Priority: 20
2024-11-05 19:59:40,954 : INFO : EventManager : Event: ======'modes_active_modes_changed'====== Args={}
2024-11-05 19:59:40,954 : INFO : EventManager : Event: ======'mode_game_started'====== Args={'buttons': [], 'hold_time': 0.09603778500058979}
2024-11-05 19:59:40,954 : INFO : EventManager : Event: ======'game_will_start'====== Args={}
2024-11-05 19:59:40,955 : INFO : EventManager : Event: ======'game_starting'====== Args={'game': <Mode.game>}
2024-11-05 19:59:40,955 : INFO : EventManager : Unordered handler for class <Auditor> on event game_ended with priority 1. Handlers: [RegisteredHandler(callback=<bound method Auditor.disable of <Auditor>>, priority=1, kwargs={}, key=UUID('b4cbba89-f625-4ffe-a89a-3a053a9f5fae'), condition=None, blocking_facility=None), RegisteredHandler(callback=<bound method Auditor._save_audits of <Auditor>>, priority=1, kwargs={}, key=UUID('78cefa4e-33f0-4a0e-93dc-5685a22b12f0'), condition=None, blocking_facility=None)]. The order of those handlers is not defined and they will be executed in random order. This might lead to race conditions and potential bugs.
2024-11-05 19:59:40,955 : INFO : EventManager : Event: ======'player_add_request'====== Args={}
2024-11-05 19:59:40,955 : INFO : EventManager : Event: ======'player_will_add'====== Args={'number': 1}
2024-11-05 19:59:40,955 : INFO : EventManager : Event: ======'player_adding'====== Args={'player': <Player 1>, 'number': 1}
2024-11-05 19:59:40,955 : INFO : EventManager : Event: ======'player_added'====== Args={'player': <Player 1>, 'num': 1}
2024-11-05 19:59:40,956 : INFO : Mode.game : Player added successfully. Total players: 1
2024-11-05 19:59:40,956 : INFO : EventManager : Event: ======'player_index'====== Args={'value': 0, 'prev_value': 0, 'change': 0, 'player_num': 1}
2024-11-05 19:59:40,956 : INFO : EventManager : Event: ======'player_number'====== Args={'value': 1, 'prev_value': 1, 'change': 0, 'player_num': 1}
2024-11-05 19:59:40,956 : INFO : EventManager : Event: ======'player_score'====== Args={'value': 0, 'prev_value': 0, 'change': 0, 'player_num': 1}
2024-11-05 19:59:40,956 : INFO : EventManager : Event: ======'game_started'====== Args={}
2024-11-05 19:59:40,956 : INFO : EventManager : Event: ======'player_turn_will_start'====== Args={'player': <Player 1>, 'number': 1}
2024-11-05 19:59:40,957 : INFO : EventManager : Event: ======'player_turn_starting'====== Args={'player': <Player 1>, 'number': 1}
2024-11-05 19:59:40,957 : INFO : EventManager : Event: ======'player_ball'====== Args={'value': 1, 'prev_value': 0, 'change': 1, 'player_num': 1}
2024-11-05 19:59:40,957 : INFO : EventManager : Event: ======'player_turn_started'====== Args={'player': <Player 1>, 'number': 1}
2024-11-05 19:59:40,957 : INFO : EventManager : Event: ======'ball_will_start'====== Args={'player': 1, 'ball': 1, 'balls_remaining': 2, 'is_extra_ball': False}
2024-11-05 19:59:40,957 : INFO : EventManager : Event: ======'ball_starting'====== Args={'player': 1, 'ball': 1, 'balls_remaining': 2, 'is_extra_ball': False}
2024-11-05 19:59:40,958 : INFO : EventManager : Event: ======'mode_base_will_start'====== Args={'queue': <QueuedEvent>, 'player': 1, 'ball': 1, 'balls_remaining': 2, 'is_extra_ball': False}
2024-11-05 19:59:40,958 : INFO : EventManager : Event: ======'player_shot_upper_pop_enabled'====== Args={'value': True, 'prev_value': 0, 'change': 1, 'player_num': 1}
2024-11-05 19:59:40,962 : INFO : EventManager : Event: ======'player_shot_lower_left_pop_enabled'====== Args={'value': True, 'prev_value': 0, 'change': 1, 'player_num': 1}
2024-11-05 19:59:40,962 : INFO : EventManager : Event: ======'player_shot_upper_left_pop_enabled'====== Args={'value': True, 'prev_value': 0, 'change': 1, 'player_num': 1}
2024-11-05 19:59:40,963 : INFO : EventManager : Event: ======'player_shot_10pt_enabled'====== Args={'value': True, 'prev_value': 0, 'change': 1, 'player_num': 1}
2024-11-05 19:59:40,963 : INFO : EventManager : Event: ======'player_shot_upper_1_enabled'====== Args={'value': True, 'prev_value': 0, 'change': 1, 'player_num': 1}
2024-11-05 19:59:40,964 : INFO : EventManager : Event: ======'player_shot_upper_2_enabled'====== Args={'value': True, 'prev_value': 0, 'change': 1, 'player_num': 1}
2024-11-05 19:59:40,964 : INFO : EventManager : Event: ======'player_shot_upper_3_enabled'====== Args={'value': True, 'prev_value': 0, 'change': 1, 'player_num': 1}
2024-11-05 19:59:40,964 : INFO : EventManager : Event: ======'player_shot_upper_4_enabled'====== Args={'value': True, 'prev_value': 0, 'change': 1, 'player_num': 1}
2024-11-05 19:59:40,965 : INFO : EventManager : Event: ======'player_shot_upper_1_drop_enabled'====== Args={'value': True, 'prev_value': 0, 'change': 1, 'player_num': 1}
2024-11-05 19:59:40,965 : INFO : EventManager : Event: ======'player_shot_upper_2_drop_enabled'====== Args={'value': True, 'prev_value': 0, 'change': 1, 'player_num': 1}
2024-11-05 19:59:40,965 : INFO : EventManager : Event: ======'player_shot_upper_3_drop_enabled'====== Args={'value': True, 'prev_value': 0, 'change': 1, 'player_num': 1}
2024-11-05 19:59:40,965 : INFO : EventManager : Event: ======'player_shot_upper_4_drop_enabled'====== Args={'value': True, 'prev_value': 0, 'change': 1, 'player_num': 1}
2024-11-05 19:59:40,966 : INFO : EventManager : Event: ======'player_shot_lower_1_drop_enabled'====== Args={'value': True, 'prev_value': 0, 'change': 1, 'player_num': 1}
2024-11-05 19:59:40,966 : INFO : EventManager : Event: ======'player_shot_lower_2_drop_enabled'====== Args={'value': True, 'prev_value': 0, 'change': 1, 'player_num': 1}
2024-11-05 19:59:40,966 : INFO : EventManager : Event: ======'player_shot_lower_3_drop_enabled'====== Args={'value': True, 'prev_value': 0, 'change': 1, 'player_num': 1}
2024-11-05 19:59:40,966 : INFO : EventManager : Event: ======'player_shot_lower_4_drop_enabled'====== Args={'value': True, 'prev_value': 0, 'change': 1, 'player_num': 1}
2024-11-05 19:59:40,966 : INFO : EventManager : Event: ======'player_shot_lower_5_drop_enabled'====== Args={'value': True, 'prev_value': 0, 'change': 1, 'player_num': 1}
2024-11-05 19:59:40,967 : INFO : EventManager : Event: ======'player_shot_lower_hole_enabled'====== Args={'value': True, 'prev_value': 0, 'change': 1, 'player_num': 1}
2024-11-05 19:59:40,967 : INFO : EventManager : Event: ======'player_shot_lower_left_enabled'====== Args={'value': True, 'prev_value': 0, 'change': 1, 'player_num': 1}
2024-11-05 19:59:40,967 : INFO : EventManager : Event: ======'player_shot_lower_right_enabled'====== Args={'value': True, 'prev_value': 0, 'change': 1, 'player_num': 1}
2024-11-05 19:59:40,967 : INFO : EventManager : Event: ======'player_shot_lower_pop_enabled'====== Args={'value': True, 'prev_value': 0, 'change': 1, 'player_num': 1}
2024-11-05 19:59:40,968 : INFO : EventManager : Event: ======'player_shot_lower_10pt_lower_enabled'====== Args={'value': True, 'prev_value': 0, 'change': 1, 'player_num': 1}
2024-11-05 19:59:40,968 : INFO : EventManager : Event: ======'player_shot_lower_10pt_drops_enabled'====== Args={'value': True, 'prev_value': 0, 'change': 1, 'player_num': 1}
2024-11-05 19:59:40,968 : INFO : EventManager : Event: ======'player_shot_lower_10pt_upper_enabled'====== Args={'value': True, 'prev_value': 0, 'change': 1, 'player_num': 1}
2024-11-05 19:59:40,968 : INFO : EventManager : Event: ======'player_shot_lower_slingshot_enabled'====== Args={'value': True, 'prev_value': 0, 'change': 1, 'player_num': 1}
2024-11-05 19:59:40,968 : INFO : EventManager : Event: ======'player_shot_lower_kick_target_enabled'====== Args={'value': True, 'prev_value': 0, 'change': 1, 'player_num': 1}
2024-11-05 19:59:40,969 : INFO : EventManager : Event: ======'player_shot_lower_rollover_enabled'====== Args={'value': True, 'prev_value': 0, 'change': 1, 'player_num': 1}
2024-11-05 19:59:40,969 : INFO : EventManager : Event: ======'player_shot_main_1_enabled'====== Args={'value': True, 'prev_value': 0, 'change': 1, 'player_num': 1}
2024-11-05 19:59:40,969 : INFO : EventManager : Event: ======'player_shot_main_2_enabled'====== Args={'value': True, 'prev_value': 0, 'change': 1, 'player_num': 1}
2024-11-05 19:59:40,969 : INFO : EventManager : Event: ======'player_shot_main_3_enabled'====== Args={'value': True, 'prev_value': 0, 'change': 1, 'player_num': 1}
2024-11-05 19:59:40,970 : INFO : EventManager : Event: ======'player_shot_main_4_enabled'====== Args={'value': True, 'prev_value': 0, 'change': 1, 'player_num': 1}
2024-11-05 19:59:40,970 : INFO : EventManager : Event: ======'player_shot_main_5_enabled'====== Args={'value': True, 'prev_value': 0, 'change': 1, 'player_num': 1}
2024-11-05 19:59:40,970 : INFO : EventManager : Event: ======'player_shot_main_slingshot_enabled'====== Args={'value': True, 'prev_value': 0, 'change': 1, 'player_num': 1}
2024-11-05 19:59:40,970 : INFO : EventManager : Event: ======'player_shot_right_outlane_enabled'====== Args={'value': True, 'prev_value': 0, 'change': 1, 'player_num': 1}
2024-11-05 19:59:40,970 : INFO : EventManager : Event: ======'player_shot_right_inlane_enabled'====== Args={'value': True, 'prev_value': 0, 'change': 1, 'player_num': 1}
2024-11-05 19:59:40,971 : INFO : EventManager : Event: ======'player_shot_left_inlane_enabled'====== Args={'value': True, 'prev_value': 0, 'change': 1, 'player_num': 1}
2024-11-05 19:59:40,971 : INFO : EventManager : Event: ======'player_shot_left_outlane_enabled'====== Args={'value': True, 'prev_value': 0, 'change': 1, 'player_num': 1}
2024-11-05 19:59:40,971 : INFO : EventManager : Event: ======'player_shot_standup_right_enabled'====== Args={'value': True, 'prev_value': 0, 'change': 1, 'player_num': 1}
2024-11-05 19:59:40,971 : INFO : EventManager : Event: ======'player_shot_right_kickout_enabled'====== Args={'value': True, 'prev_value': 0, 'change': 1, 'player_num': 1}
2024-11-05 19:59:40,971 : INFO : EventManager : Event: ======'player_shot_rollunder_enabled'====== Args={'value': True, 'prev_value': 0, 'change': 1, 'player_num': 1}
2024-11-05 19:59:40,973 : INFO : EventManager : Event: ======'mode_base_starting'====== Args={'queue': <QueuedEvent>, 'player': 1, 'ball': 1, 'balls_remaining': 2, 'is_extra_ball': False}
2024-11-05 19:59:40,973 : INFO : drop_target_bank.upper : All targets are already up. Will not reset bank.
2024-11-05 19:59:40,973 : INFO : drop_target_bank.lower : All targets are already up. Will not reset bank.
2024-11-05 19:59:40,973 : INFO : Mode.base : Started. Priority: 100
2024-11-05 19:59:40,973 : INFO : EventManager : Event: ======'modes_active_modes_changed'====== Args={}
2024-11-05 19:59:40,973 : INFO : EventManager : Event: ======'mode_base_started'====== Args={'queue': <QueuedEvent>, 'player': 1, 'ball': 1, 'balls_remaining': 2, 'is_extra_ball': False}
2024-11-05 19:59:40,973 : INFO : EventManager : Event: ======'balls_in_play'====== Args={'balls': 1}
2024-11-05 19:59:40,974 : INFO : EventManager : Event: ======'ball_started'====== Args={'player': 1, 'ball': 1, 'balls_remaining': 2, 'is_extra_ball': False}
2024-11-05 19:59:40,977 : INFO : EventManager : Event: ======'single_player_ball_started'====== Args={}
2024-11-05 19:59:40,977 : INFO : EventManager : Event: ======'ball_start_target'====== Args={'target': 'playfield'}
2024-11-05 19:59:40,977 : INFO : ball_device.bd_drain : Setting up player-controlled eject. Balls: 1, Target: <playfield.playfield>, player_controlled_eject_event: None
2024-11-05 19:59:40,977 : INFO : ball_device.bd_drain : Adding 1 ball(s) to the eject_queue with target <playfield.playfield>.
2024-11-05 19:59:40,977 : INFO : EventManager : Event: ======'balldevice_balls_available'====== Args={}
2024-11-05 19:59:40,978 : INFO : ball_device.bd_drain : State: waiting_for_target_ready
2024-11-05 19:59:40,978 : INFO : EventManager : Event: ======'balldevice_bd_drain_ball_eject_attempt'====== Args={'balls': 1, 'target': <playfield.playfield>, 'source': <ball_device.bd_drain>, 'mechanical_eject': False, 'num_attempts': 0}
2024-11-05 19:59:40,978 : INFO : ball_device.bd_drain : State: ejecting
2024-11-05 19:59:40,978 : INFO : ball_device.bd_drain : Ejecting ball to <playfield.playfield>
2024-11-05 19:59:40,978 : INFO : EventManager : Event: ======'balldevice_bd_drain_ejecting_ball'====== Args={'balls': 1, 'target': <playfield.playfield>, 'source': <ball_device.bd_drain>, 'mechanical_eject': False, 'num_attempts': 0}
2024-11-05 19:59:40,979 : INFO : ball_device.bd_drain : Wait for ball to leave device
2024-11-05 19:59:40,979 : INFO : coil.c_main_outhole : Pulsing Driver for 60ms (1.0 pulse_power)
2024-11-05 19:59:40,998 : INFO : EventManager : Event: ======'slide_base_created'====== Args={'_from_bcp': True}
2024-11-05 19:59:40,998 : INFO : EventManager : Event: ======'slide_attract_inactive'====== Args={'is_removing': True, '_from_bcp': True}
2024-11-05 19:59:40,999 : INFO : EventManager : Event: ======'slide_base_active'====== Args={'original_context': 'base', 'original_calling_context': 'mode_base_started', 'priority': 100.0, 'queue': '<QueuedEvent>', 'player': 1.0, 'ball': 1.0, 'balls_remaining': 2.0, 'is_extra_ball': False, 'cmd': 'slides_play', '_from_bcp': True}
2024-11-05 19:59:40,999 : INFO : EventManager : Event: ======'slide_attract_removed'====== Args={'_from_bcp': True}
2024-11-05 19:59:45,720 : INFO : SwitchController : <<<<<<< 's_main_pop_bottom' active >>>>>>>
2024-11-05 19:59:45,720 : INFO : EventManager : Event: ======'playfield_active'====== Args={'source': 'lower_left_pop'}
2024-11-05 19:59:45,720 : INFO : EventManager : Event: ======'s_main_pop_bottom_active'====== Args={}
2024-11-05 19:59:45,720 : INFO : EventManager : Event: ======'playfield_active'====== Args={'source': 'main_pop_bottom'}
2024-11-05 19:59:45,720 : INFO : EventManager : Event: ======'machine_var_audits_switches_s_main_pop_bottom'====== Args={'value': 196, 'prev_value': 195, 'change': 1}
2024-11-05 19:59:45,721 : INFO : EventManager : Event: ======'player_shot_lower_left_pop'====== Args={'value': 1, 'prev_value': 0, 'change': 1, 'player_num': 1}
2024-11-05 19:59:45,725 : INFO : EventManager : Event: ======'machine_var_audits_shots_lower_left_pop'====== Args={'value': 168, 'prev_value': 167, 'change': 1}
2024-11-05 19:59:45,726 : INFO : EventManager : Event: ======'lower_left_pop_hit'====== Args={'profile': 'default', 'state': 'unlit', 'advancing': True}
2024-11-05 19:59:45,726 : INFO : EventManager : Event: ======'lower_left_pop_default_hit'====== Args={'profile': 'default', 'state': 'unlit', 'advancing': True}
2024-11-05 19:59:45,726 : INFO : EventManager : Event: ======'lower_left_pop_default_unlit_hit'====== Args={'profile': 'default', 'state': 'unlit', 'advancing': True}
2024-11-05 19:59:45,726 : INFO : EventManager : Event: ======'lower_left_pop_unlit_hit'====== Args={'profile': 'default', 'state': 'unlit', 'advancing': True}
2024-11-05 19:59:45,726 : INFO : EventManager : Event: ======'player_score'====== Args={'value': 1000, 'prev_value': 0, 'change': 1000, 'player_num': 1, 'source': 'base'}
2024-11-05 19:59:45,824 : INFO : SwitchController : <<<<<<< 's_main_pop_bottom' inactive >>>>>>>
2024-11-05 19:59:46,136 : INFO : SwitchController : <<<<<<< 's_main_pop_bottom' active >>>>>>>
2024-11-05 19:59:46,136 : INFO : EventManager : Event: ======'playfield_active'====== Args={'source': 'lower_left_pop'}
2024-11-05 19:59:46,136 : INFO : EventManager : Event: ======'s_main_pop_bottom_active'====== Args={}
2024-11-05 19:59:46,136 : INFO : EventManager : Event: ======'playfield_active'====== Args={'source': 'main_pop_bottom'}
2024-11-05 19:59:46,136 : INFO : EventManager : Event: ======'machine_var_audits_switches_s_main_pop_bottom'====== Args={'value': 197, 'prev_value': 196, 'change': 1}
2024-11-05 19:59:46,137 : INFO : EventManager : Event: ======'machine_var_audits_shots_lower_left_pop'====== Args={'value': 169, 'prev_value': 168, 'change': 1}
2024-11-05 19:59:46,137 : INFO : EventManager : Event: ======'lower_left_pop_hit'====== Args={'profile': 'default', 'state': 'lit', 'advancing': False}
2024-11-05 19:59:46,137 : INFO : EventManager : Event: ======'lower_left_pop_default_hit'====== Args={'profile': 'default', 'state': 'lit', 'advancing': False}
2024-11-05 19:59:46,137 : INFO : EventManager : Event: ======'lower_left_pop_default_lit_hit'====== Args={'profile': 'default', 'state': 'lit', 'advancing': False}
2024-11-05 19:59:46,137 : INFO : EventManager : Event: ======'lower_left_pop_lit_hit'====== Args={'profile': 'default', 'state': 'lit', 'advancing': False}
2024-11-05 19:59:46,137 : INFO : EventManager : Event: ======'player_score'====== Args={'value': 2000, 'prev_value': 1000, 'change': 1000, 'player_num': 1, 'source': 'base'}
2024-11-05 19:59:46,256 : INFO : SwitchController : <<<<<<< 's_main_pop_bottom' inactive >>>>>>>
2024-11-05 19:59:46,400 : INFO : SwitchController : <<<<<<< 's_main_pop_bottom' active >>>>>>>
2024-11-05 19:59:46,400 : INFO : EventManager : Event: ======'playfield_active'====== Args={'source': 'lower_left_pop'}
2024-11-05 19:59:46,400 : INFO : EventManager : Event: ======'s_main_pop_bottom_active'====== Args={}
2024-11-05 19:59:46,400 : INFO : EventManager : Event: ======'playfield_active'====== Args={'source': 'main_pop_bottom'}
2024-11-05 19:59:46,400 : INFO : EventManager : Event: ======'machine_var_audits_switches_s_main_pop_bottom'====== Args={'value': 198, 'prev_value': 197, 'change': 1}
2024-11-05 19:59:46,401 : INFO : EventManager : Event: ======'machine_var_audits_shots_lower_left_pop'====== Args={'value': 170, 'prev_value': 169, 'change': 1}
2024-11-05 19:59:46,401 : INFO : EventManager : Event: ======'lower_left_pop_hit'====== Args={'profile': 'default', 'state': 'lit', 'advancing': False}
2024-11-05 19:59:46,401 : INFO : EventManager : Event: ======'lower_left_pop_default_hit'====== Args={'profile': 'default', 'state': 'lit', 'advancing': False}
2024-11-05 19:59:46,401 : INFO : EventManager : Event: ======'lower_left_pop_default_lit_hit'====== Args={'profile': 'default', 'state': 'lit', 'advancing': False}
2024-11-05 19:59:46,401 : INFO : EventManager : Event: ======'lower_left_pop_lit_hit'====== Args={'profile': 'default', 'state': 'lit', 'advancing': False}
2024-11-05 19:59:46,401 : INFO : EventManager : Event: ======'player_score'====== Args={'value': 3000, 'prev_value': 2000, 'change': 1000, 'player_num': 1, 'source': 'base'}
2024-11-05 19:59:46,496 : INFO : SwitchController : <<<<<<< 's_main_pop_bottom' inactive >>>>>>>
2024-11-05 19:59:46,600 : INFO : SwitchController : <<<<<<< 's_main_pop_bottom' active >>>>>>>
2024-11-05 19:59:46,600 : INFO : EventManager : Event: ======'playfield_active'====== Args={'source': 'lower_left_pop'}
2024-11-05 19:59:46,600 : INFO : EventManager : Event: ======'s_main_pop_bottom_active'====== Args={}
2024-11-05 19:59:46,600 : INFO : EventManager : Event: ======'playfield_active'====== Args={'source': 'main_pop_bottom'}
2024-11-05 19:59:46,600 : INFO : EventManager : Event: ======'machine_var_audits_switches_s_main_pop_bottom'====== Args={'value': 199, 'prev_value': 198, 'change': 1}
2024-11-05 19:59:46,601 : INFO : EventManager : Event: ======'machine_var_audits_shots_lower_left_pop'====== Args={'value': 171, 'prev_value': 170, 'change': 1}
2024-11-05 19:59:46,601 : INFO : EventManager : Event: ======'lower_left_pop_hit'====== Args={'profile': 'default', 'state': 'lit', 'advancing': False}
2024-11-05 19:59:46,601 : INFO : EventManager : Event: ======'lower_left_pop_default_hit'====== Args={'profile': 'default', 'state': 'lit', 'advancing': False}
2024-11-05 19:59:46,601 : INFO : EventManager : Event: ======'lower_left_pop_default_lit_hit'====== Args={'profile': 'default', 'state': 'lit', 'advancing': False}
2024-11-05 19:59:46,601 : INFO : EventManager : Event: ======'lower_left_pop_lit_hit'====== Args={'profile': 'default', 'state': 'lit', 'advancing': False}
2024-11-05 19:59:46,601 : INFO : EventManager : Event: ======'player_score'====== Args={'value': 4000, 'prev_value': 3000, 'change': 1000, 'player_num': 1, 'source': 'base'}
2024-11-05 19:59:46,680 : INFO : SwitchController : <<<<<<< 's_main_pop_bottom' inactive >>>>>>>
2024-11-05 19:59:50,979 : INFO : EventManager : Event: ======'balldevice_bd_drain_ball_eject_failed'====== Args={'target': <playfield.playfield>, 'balls': 1, 'retry': True, 'num_attempts': 1}
2024-11-05 19:59:50,980 : INFO : ball_device.bd_drain : State: waiting_for_target_ready
2024-11-05 19:59:50,980 : INFO : EventManager : Event: ======'balldevice_bd_drain_ball_eject_attempt'====== Args={'balls': 1, 'target': <playfield.playfield>, 'source': <ball_device.bd_drain>, 'mechanical_eject': False, 'num_attempts': 1}
2024-11-05 19:59:50,980 : INFO : ball_device.bd_drain : State: ejecting
2024-11-05 19:59:50,981 : INFO : ball_device.bd_drain : Ejecting ball to <playfield.playfield>
2024-11-05 19:59:50,981 : INFO : EventManager : Event: ======'balldevice_bd_drain_ejecting_ball'====== Args={'balls': 1, 'target': <playfield.playfield>, 'source': <ball_device.bd_drain>, 'mechanical_eject': False, 'num_attempts': 1}
2024-11-05 19:59:50,981 : INFO : ball_device.bd_drain : Wait for ball to leave device
2024-11-05 19:59:50,981 : INFO : coil.c_main_outhole : Pulsing Driver for 60ms (1.0 pulse_power)
2024-11-05 19:59:57,801 : INFO : SwitchController : <<<<<<< 's_main_outhole' inactive >>>>>>>
2024-11-05 19:59:57,802 : INFO : ball_device.bd_drain : State: ball_left
2024-11-05 19:59:57,802 : INFO : ball_device.bd_drain : Ball left
2024-11-05 19:59:57,802 : INFO : ball_device.bd_drain : Wait for confirm with timeout 10.0
2024-11-05 19:59:57,906 : INFO : SwitchController : <<<<<<< 's_main_outhole' active >>>>>>>
2024-11-05 19:59:57,907 : INFO : EventManager : Event: ======'machine_var_audits_switches_s_main_outhole'====== Args={'value': 409, 'prev_value': 408, 'change': 1}
2024-11-05 19:59:58,761 : INFO : SwitchController : <<<<<<< 's_main_outhole' inactive >>>>>>>
2024-11-05 20:00:00,450 : INFO : SwitchController : <<<<<<< 's_main_outhole' active >>>>>>>
2024-11-05 20:00:00,450 : INFO : EventManager : Event: ======'machine_var_audits_switches_s_main_outhole'====== Args={'value': 410, 'prev_value': 409, 'change': 1}
2024-11-05 20:00:02,810 : INFO : SwitchController : <<<<<<< 's_main_outhole' inactive >>>>>>>
2024-11-05 20:00:07,074 : INFO : SwitchController : <<<<<<< 's_lower_kickout_special' active >>>>>>>
2024-11-05 20:00:07,075 : INFO : EventManager : Event: ======'playfield_active'====== Args={'source': 'lower_hole'}
2024-11-05 20:00:07,075 : INFO : EventManager : Event: ======'s_lower_kickout_special_active'====== Args={}
2024-11-05 20:00:07,075 : INFO : EventManager : Event: ======'machine_var_audits_switches_s_lower_kickout_special'====== Args={'value': 18, 'prev_value': 17, 'change': 1}
2024-11-05 20:00:07,075 : INFO : EventManager : Event: ======'player_shot_lower_hole'====== Args={'value': 1, 'prev_value': 0, 'change': 1, 'player_num': 1}
2024-11-05 20:00:07,076 : INFO : EventManager : Event: ======'machine_var_audits_shots_lower_hole'====== Args={'value': 18, 'prev_value': 17, 'change': 1}
2024-11-05 20:00:07,076 : INFO : EventManager : Event: ======'lower_hole_hit'====== Args={'profile': 'default', 'state': 'unlit', 'advancing': True}
2024-11-05 20:00:07,077 : INFO : EventManager : Event: ======'lower_hole_default_hit'====== Args={'profile': 'default', 'state': 'unlit', 'advancing': True}
2024-11-05 20:00:07,077 : INFO : EventManager : Event: ======'lower_hole_default_unlit_hit'====== Args={'profile': 'default', 'state': 'unlit', 'advancing': True}
2024-11-05 20:00:07,077 : INFO : EventManager : Event: ======'lower_hole_unlit_hit'====== Args={'profile': 'default', 'state': 'unlit', 'advancing': True}
2024-11-05 20:00:07,077 : INFO : EventManager : Event: ======'player_score'====== Args={'value': 9000, 'prev_value': 4000, 'change': 5000, 'player_num': 1, 'source': 'base'}
2024-11-05 20:00:07,082 : INFO : ball_device.bd_drain : Got eject confirm
2024-11-05 20:00:07,082 : INFO : ball_device.bd_drain : Eject successful
2024-11-05 20:00:07,082 : INFO : EventManager : Event: ======'balldevice_bd_drain_ball_eject_success'====== Args={'balls': 1, 'target': <playfield.playfield>}
2024-11-05 20:00:07,083 : INFO : EventManager : Event: ======'balldevice_playfield_ball_enter'====== Args={'new_balls': 1, 'unclaimed_balls': 1, 'device': <playfield.playfield>}
2024-11-05 20:00:07,083 : INFO : EventManager : Event: ======'playfield_ball_count_change'====== Args={'balls': 1, 'change': 1}
2024-11-05 20:00:07,083 : INFO : EventManager : Event: ======'balldevice_bd_drain_ball_count_changed'====== Args={'balls': 0}
2024-11-05 20:00:07,083 : INFO : ball_device.bd_drain : State: idle
2024-11-05 20:00:07,178 : INFO : SwitchController : <<<<<<< 's_lower_kickout_special' inactive >>>>>>>
2024-11-05 20:00:07,835 : INFO : SwitchController : <<<<<<< 's_lower_kickout_special' active >>>>>>>
2024-11-05 20:00:07,835 : INFO : EventManager : Event: ======'s_lower_kickout_special_active'====== Args={}
2024-11-05 20:00:07,835 : INFO : EventManager : Event: ======'machine_var_audits_switches_s_lower_kickout_special'====== Args={'value': 19, 'prev_value': 18, 'change': 1}
2024-11-05 20:00:07,836 : INFO : EventManager : Event: ======'machine_var_audits_shots_lower_hole'====== Args={'value': 19, 'prev_value': 18, 'change': 1}
2024-11-05 20:00:07,836 : INFO : EventManager : Event: ======'lower_hole_hit'====== Args={'profile': 'default', 'state': 'lit', 'advancing': False}
2024-11-05 20:00:07,836 : INFO : EventManager : Event: ======'lower_hole_default_hit'====== Args={'profile': 'default', 'state': 'lit', 'advancing': False}
2024-11-05 20:00:07,836 : INFO : EventManager : Event: ======'lower_hole_default_lit_hit'====== Args={'profile': 'default', 'state': 'lit', 'advancing': False}
2024-11-05 20:00:07,837 : INFO : EventManager : Event: ======'lower_hole_lit_hit'====== Args={'profile': 'default', 'state': 'lit', 'advancing': False}
2024-11-05 20:00:07,837 : INFO : EventManager : Event: ======'player_score'====== Args={'value': 14000, 'prev_value': 9000, 'change': 5000, 'player_num': 1, 'source': 'base'}
2024-11-05 20:00:07,962 : INFO : SwitchController : <<<<<<< 's_lower_kickout_special' inactive >>>>>>>
2024-11-05 20:00:08,451 : INFO : SwitchController : <<<<<<< 's_lower_kickout_special' active >>>>>>>
2024-11-05 20:00:08,451 : INFO : EventManager : Event: ======'s_lower_kickout_special_active'====== Args={}
2024-11-05 20:00:08,451 : INFO : EventManager : Event: ======'machine_var_audits_switches_s_lower_kickout_special'====== Args={'value': 20, 'prev_value': 19, 'change': 1}
2024-11-05 20:00:08,451 : INFO : EventManager : Event: ======'machine_var_audits_shots_lower_hole'====== Args={'value': 20, 'prev_value': 19, 'change': 1}
2024-11-05 20:00:08,451 : INFO : EventManager : Event: ======'lower_hole_hit'====== Args={'profile': 'default', 'state': 'lit', 'advancing': False}
2024-11-05 20:00:08,452 : INFO : EventManager : Event: ======'lower_hole_default_hit'====== Args={'profile': 'default', 'state': 'lit', 'advancing': False}
2024-11-05 20:00:08,452 : INFO : EventManager : Event: ======'lower_hole_default_lit_hit'====== Args={'profile': 'default', 'state': 'lit', 'advancing': False}
2024-11-05 20:00:08,452 : INFO : EventManager : Event: ======'lower_hole_lit_hit'====== Args={'profile': 'default', 'state': 'lit', 'advancing': False}
2024-11-05 20:00:08,452 : INFO : EventManager : Event: ======'player_score'====== Args={'value': 19000, 'prev_value': 14000, 'change': 5000, 'player_num': 1, 'source': 'base'}
2024-11-05 20:00:08,539 : INFO : SwitchController : <<<<<<< 's_lower_kickout_special' inactive >>>>>>>
2024-11-05 20:00:08,835 : INFO : SwitchController : <<<<<<< 's_lower_kickout_special' active >>>>>>>
2024-11-05 20:00:08,835 : INFO : EventManager : Event: ======'s_lower_kickout_special_active'====== Args={}
2024-11-05 20:00:08,835 : INFO : EventManager : Event: ======'machine_var_audits_switches_s_lower_kickout_special'====== Args={'value': 21, 'prev_value': 20, 'change': 1}
2024-11-05 20:00:08,835 : INFO : EventManager : Event: ======'machine_var_audits_shots_lower_hole'====== Args={'value': 21, 'prev_value': 20, 'change': 1}
2024-11-05 20:00:08,836 : INFO : EventManager : Event: ======'lower_hole_hit'====== Args={'profile': 'default', 'state': 'lit', 'advancing': False}
2024-11-05 20:00:08,836 : INFO : EventManager : Event: ======'lower_hole_default_hit'====== Args={'profile': 'default', 'state': 'lit', 'advancing': False}
2024-11-05 20:00:08,836 : INFO : EventManager : Event: ======'lower_hole_default_lit_hit'====== Args={'profile': 'default', 'state': 'lit', 'advancing': False}
2024-11-05 20:00:08,836 : INFO : EventManager : Event: ======'lower_hole_lit_hit'====== Args={'profile': 'default', 'state': 'lit', 'advancing': False}
2024-11-05 20:00:08,836 : INFO : EventManager : Event: ======'player_score'====== Args={'value': 24000, 'prev_value': 19000, 'change': 5000, 'player_num': 1, 'source': 'base'}
2024-11-05 20:00:08,947 : INFO : SwitchController : <<<<<<< 's_lower_kickout_special' inactive >>>>>>>
2024-11-05 20:00:12,820 : INFO : SwitchController : <<<<<<< 's_main_2_target' active >>>>>>>
2024-11-05 20:00:12,820 : INFO : EventManager : Event: ======'s_main_2_target_active'====== Args={}
2024-11-05 20:00:12,820 : INFO : EventManager : Event: ======'machine_var_audits_switches_s_main_2_target'====== Args={'value': 51, 'prev_value': 50, 'change': 1}
2024-11-05 20:00:12,821 : INFO : EventManager : Event: ======'player_shot_main_2'====== Args={'value': 1, 'prev_value': 0, 'change': 1, 'player_num': 1}
2024-11-05 20:00:12,825 : INFO : EventManager : Event: ======'machine_var_audits_shots_main_2'====== Args={'value': 28, 'prev_value': 27, 'change': 1}
2024-11-05 20:00:12,825 : INFO : EventManager : Event: ======'main_2_hit'====== Args={'profile': 'default', 'state': 'unlit', 'advancing': True}
2024-11-05 20:00:12,826 : INFO : EventManager : Event: ======'main_2_default_hit'====== Args={'profile': 'default', 'state': 'unlit', 'advancing': True}
2024-11-05 20:00:12,826 : INFO : EventManager : Event: ======'main_2_default_unlit_hit'====== Args={'profile': 'default', 'state': 'unlit', 'advancing': True}
2024-11-05 20:00:12,826 : INFO : EventManager : Event: ======'main_2_unlit_hit'====== Args={'profile': 'default', 'state': 'unlit', 'advancing': True}
2024-11-05 20:00:12,826 : INFO : EventManager : Event: ======'player_score'====== Args={'value': 24500, 'prev_value': 24000, 'change': 500, 'player_num': 1, 'source': 'base'}
2024-11-05 20:00:12,947 : INFO : SwitchController : <<<<<<< 's_main_2_target' inactive >>>>>>>
2024-11-05 20:00:16,148 : INFO : SwitchController : <<<<<<< 's_main_1_target' active >>>>>>>
2024-11-05 20:00:16,148 : INFO : EventManager : Event: ======'s_main_1_target_active'====== Args={}
2024-11-05 20:00:16,148 : INFO : EventManager : Event: ======'machine_var_audits_switches_s_main_1_target'====== Args={'value': 53, 'prev_value': 52, 'change': 1}
2024-11-05 20:00:16,148 : INFO : EventManager : Event: ======'player_shot_main_1'====== Args={'value': 1, 'prev_value': 0, 'change': 1, 'player_num': 1}
2024-11-05 20:00:16,153 : INFO : EventManager : Event: ======'machine_var_audits_shots_main_1'====== Args={'value': 26, 'prev_value': 25, 'change': 1}
2024-11-05 20:00:16,153 : INFO : EventManager : Event: ======'main_1_hit'====== Args={'profile': 'default', 'state': 'unlit', 'advancing': True}
2024-11-05 20:00:16,153 : INFO : EventManager : Event: ======'main_1_default_hit'====== Args={'profile': 'default', 'state': 'unlit', 'advancing': True}
2024-11-05 20:00:16,154 : INFO : EventManager : Event: ======'main_1_default_unlit_hit'====== Args={'profile': 'default', 'state': 'unlit', 'advancing': True}
2024-11-05 20:00:16,154 : INFO : EventManager : Event: ======'main_1_unlit_hit'====== Args={'profile': 'default', 'state': 'unlit', 'advancing': True}
2024-11-05 20:00:16,154 : INFO : EventManager : Event: ======'player_score'====== Args={'value': 25000, 'prev_value': 24500, 'change': 500, 'player_num': 1, 'source': 'base'}
2024-11-05 20:00:16,243 : INFO : SwitchController : <<<<<<< 's_main_1_target' inactive >>>>>>>
2024-11-05 20:00:17,532 : INFO : SwitchController : <<<<<<< 's_main_10pt_left' active >>>>>>>
2024-11-05 20:00:17,532 : INFO : EventManager : Event: ======'s_main_10pt_left_active'====== Args={}
2024-11-05 20:00:17,532 : INFO : EventManager : Event: ======'sw_playfield_active'====== Args={}
2024-11-05 20:00:17,532 : INFO : EventManager : Event: ======'machine_var_audits_switches_s_main_10pt_left'====== Args={'value': 22, 'prev_value': 21, 'change': 1}
2024-11-05 20:00:17,533 : INFO : EventManager : Event: ======'player_shot_10pt'====== Args={'value': 1, 'prev_value': 0, 'change': 1, 'player_num': 1}
2024-11-05 20:00:17,533 : INFO : EventManager : Event: ======'machine_var_audits_shots_10pt'====== Args={'value': 217, 'prev_value': 216, 'change': 1}
2024-11-05 20:00:17,534 : INFO : EventManager : Event: ======'10pt_hit'====== Args={'profile': 'default', 'state': 'unlit', 'advancing': True}
2024-11-05 20:00:17,534 : INFO : EventManager : Event: ======'10pt_default_hit'====== Args={'profile': 'default', 'state': 'unlit', 'advancing': True}
2024-11-05 20:00:17,534 : INFO : EventManager : Event: ======'10pt_default_unlit_hit'====== Args={'profile': 'default', 'state': 'unlit', 'advancing': True}
2024-11-05 20:00:17,534 : INFO : EventManager : Event: ======'10pt_unlit_hit'====== Args={'profile': 'default', 'state': 'unlit', 'advancing': True}
2024-11-05 20:00:17,534 : INFO : EventManager : Event: ======'player_score'====== Args={'value': 25030, 'prev_value': 25000, 'change': 30, 'player_num': 1, 'source': 'base'}
2024-11-05 20:00:17,652 : INFO : SwitchController : <<<<<<< 's_main_10pt_left' inactive >>>>>>>
2024-11-05 20:00:18,276 : INFO : SwitchController : <<<<<<< 's_main_10pt_left' active >>>>>>>
2024-11-05 20:00:18,276 : INFO : EventManager : Event: ======'s_main_10pt_left_active'====== Args={}
2024-11-05 20:00:18,276 : INFO : EventManager : Event: ======'sw_playfield_active'====== Args={}
2024-11-05 20:00:18,276 : INFO : EventManager : Event: ======'machine_var_audits_switches_s_main_10pt_left'====== Args={'value': 23, 'prev_value': 22, 'change': 1}
2024-11-05 20:00:18,276 : INFO : EventManager : Event: ======'machine_var_audits_shots_10pt'====== Args={'value': 218, 'prev_value': 217, 'change': 1}
2024-11-05 20:00:18,277 : INFO : EventManager : Event: ======'10pt_hit'====== Args={'profile': 'default', 'state': 'lit', 'advancing': False}
2024-11-05 20:00:18,277 : INFO : EventManager : Event: ======'10pt_default_hit'====== Args={'profile': 'default', 'state': 'lit', 'advancing': False}
2024-11-05 20:00:18,277 : INFO : EventManager : Event: ======'10pt_default_lit_hit'====== Args={'profile': 'default', 'state': 'lit', 'advancing': False}
2024-11-05 20:00:18,277 : INFO : EventManager : Event: ======'10pt_lit_hit'====== Args={'profile': 'default', 'state': 'lit', 'advancing': False}
2024-11-05 20:00:18,277 : INFO : EventManager : Event: ======'player_score'====== Args={'value': 25060, 'prev_value': 25030, 'change': 30, 'player_num': 1, 'source': 'base'}
2024-11-05 20:00:18,348 : INFO : SwitchController : <<<<<<< 's_main_10pt_left' inactive >>>>>>>
2024-11-05 20:00:18,532 : INFO : SwitchController : <<<<<<< 's_main_10pt_left' active >>>>>>>
2024-11-05 20:00:18,532 : INFO : EventManager : Event: ======'s_main_10pt_left_active'====== Args={}
2024-11-05 20:00:18,532 : INFO : EventManager : Event: ======'sw_playfield_active'====== Args={}
2024-11-05 20:00:18,532 : INFO : EventManager : Event: ======'machine_var_audits_switches_s_main_10pt_left'====== Args={'value': 24, 'prev_value': 23, 'change': 1}
2024-11-05 20:00:18,533 : INFO : EventManager : Event: ======'machine_var_audits_shots_10pt'====== Args={'value': 219, 'prev_value': 218, 'change': 1}
2024-11-05 20:00:18,533 : INFO : EventManager : Event: ======'10pt_hit'====== Args={'profile': 'default', 'state': 'lit', 'advancing': False}
2024-11-05 20:00:18,533 : INFO : EventManager : Event: ======'10pt_default_hit'====== Args={'profile': 'default', 'state': 'lit', 'advancing': False}
2024-11-05 20:00:18,533 : INFO : EventManager : Event: ======'10pt_default_lit_hit'====== Args={'profile': 'default', 'state': 'lit', 'advancing': False}
2024-11-05 20:00:18,533 : INFO : EventManager : Event: ======'10pt_lit_hit'====== Args={'profile': 'default', 'state': 'lit', 'advancing': False}
2024-11-05 20:00:18,533 : INFO : EventManager : Event: ======'player_score'====== Args={'value': 25090, 'prev_value': 25060, 'change': 30, 'player_num': 1, 'source': 'base'}
2024-11-05 20:00:18,612 : INFO : SwitchController : <<<<<<< 's_main_10pt_left' inactive >>>>>>>
2024-11-05 20:00:18,788 : INFO : SwitchController : <<<<<<< 's_main_10pt_left' active >>>>>>>
2024-11-05 20:00:18,788 : INFO : EventManager : Event: ======'s_main_10pt_left_active'====== Args={}
2024-11-05 20:00:18,788 : INFO : EventManager : Event: ======'sw_playfield_active'====== Args={}
2024-11-05 20:00:18,788 : INFO : EventManager : Event: ======'machine_var_audits_switches_s_main_10pt_left'====== Args={'value': 25, 'prev_value': 24, 'change': 1}
2024-11-05 20:00:18,789 : INFO : EventManager : Event: ======'machine_var_audits_shots_10pt'====== Args={'value': 220, 'prev_value': 219, 'change': 1}
2024-11-05 20:00:18,789 : INFO : EventManager : Event: ======'10pt_hit'====== Args={'profile': 'default', 'state': 'lit', 'advancing': False}
2024-11-05 20:00:18,789 : INFO : EventManager : Event: ======'10pt_default_hit'====== Args={'profile': 'default', 'state': 'lit', 'advancing': False}
2024-11-05 20:00:18,789 : INFO : EventManager : Event: ======'10pt_default_lit_hit'====== Args={'profile': 'default', 'state': 'lit', 'advancing': False}
2024-11-05 20:00:18,789 : INFO : EventManager : Event: ======'10pt_lit_hit'====== Args={'profile': 'default', 'state': 'lit', 'advancing': False}
2024-11-05 20:00:18,789 : INFO : EventManager : Event: ======'player_score'====== Args={'value': 25120, 'prev_value': 25090, 'change': 30, 'player_num': 1, 'source': 'base'}
2024-11-05 20:00:18,860 : INFO : SwitchController : <<<<<<< 's_main_10pt_left' inactive >>>>>>>
2024-11-05 20:00:23,718 : INFO : SwitchController : <<<<<<< 's_main_outhole' active >>>>>>>
2024-11-05 20:00:23,718 : INFO : EventManager : Event: ======'machine_var_audits_switches_s_main_outhole'====== Args={'value': 411, 'prev_value': 410, 'change': 1}
2024-11-05 20:00:24,219 : INFO : EventManager : Event: ======'balldevice_bd_drain_ball_count_changed'====== Args={'balls': 1}
2024-11-05 20:00:24,219 : INFO : ball_device.bd_drain : Received unexpected ball
2024-11-05 20:00:24,219 : INFO : EventManager : Event: ======'balldevice_captured_from_playfield'====== Args={'balls': 1}
2024-11-05 20:00:24,219 : INFO : EventManager : Event: ======'sw_playfield_active'====== Args={'balls': 1}
2024-11-05 20:00:24,219 : INFO : EventManager : Event: ======'playfield_ball_count_change'====== Args={'balls': 0, 'change': -1}
2024-11-05 20:00:24,219 : INFO : EventManager : Event: ======'balldevice_bd_drain_ball_enter'====== Args={'new_balls': 1, 'unclaimed_balls': 1, 'new_available_balls': 1, 'device': <ball_device.bd_drain>}
2024-11-05 20:00:24,220 : INFO : EventManager : Event: ======'ball_drain'====== Args={'device': <ball_device.bd_drain>, 'balls': 1}
2024-11-05 20:00:24,220 : INFO : EventManager : Event: ======'ball_will_end'====== Args={}
2024-11-05 20:00:24,220 : INFO : EventManager : Event: ======'balldevice_balls_available'====== Args={}
2024-11-05 20:00:24,220 : INFO : EventManager : Event: ======'balldevice_bd_drain_ball_entered'====== Args={'new_balls': 1, 'device': <ball_device.bd_drain>}
2024-11-05 20:00:24,222 : INFO : EventManager : Event: ======'ball_ending'====== Args={}
2024-11-05 20:00:24,222 : INFO : EventManager : Event: ======'mode_base_will_stop'====== Args={}
2024-11-05 20:00:24,222 : INFO : EventManager : Event: ======'mode_base_stopping'====== Args={}
2024-11-05 20:00:24,222 : INFO : Mode.base : Stopped.
2024-11-05 20:00:24,222 : INFO : EventManager : Event: ======'modes_active_modes_changed'====== Args={}
2024-11-05 20:00:24,223 : INFO : EventManager : Event: ======'mode_base_stopped'====== Args={}
2024-11-05 20:00:24,223 : INFO : EventManager : Event: ======'clear'====== Args={'key': 'base'}
2024-11-05 20:00:24,224 : INFO : EventManager : Event: ======'ball_ended'====== Args={}
2024-11-05 20:00:24,226 : INFO : EventManager : Event: ======'player_turn_will_end'====== Args={'player': <Player 1>, 'number': 1}
2024-11-05 20:00:24,226 : INFO : EventManager : Event: ======'player_turn_ending'====== Args={'player': <Player 1>, 'number': 1}
2024-11-05 20:00:24,226 : INFO : EventManager : Event: ======'player_turn_ended'====== Args={'player': <Player 1>, 'number': 1}
2024-11-05 20:00:24,226 : INFO : EventManager : Event: ======'player_turn_will_start'====== Args={'player': <Player 1>, 'number': 1}
2024-11-05 20:00:24,226 : INFO : EventManager : Event: ======'player_turn_starting'====== Args={'player': <Player 1>, 'number': 1}
2024-11-05 20:00:24,226 : INFO : EventManager : Event: ======'player_ball'====== Args={'value': 2, 'prev_value': 1, 'change': 1, 'player_num': 1}
2024-11-05 20:00:24,227 : INFO : EventManager : Event: ======'player_turn_started'====== Args={'player': <Player 1>, 'number': 1}
2024-11-05 20:00:24,228 : INFO : EventManager : Event: ======'ball_will_start'====== Args={'player': 1, 'ball': 2, 'balls_remaining': 1, 'is_extra_ball': False}
2024-11-05 20:00:24,228 : INFO : EventManager : Event: ======'ball_starting'====== Args={'player': 1, 'ball': 2, 'balls_remaining': 1, 'is_extra_ball': False}
2024-11-05 20:00:24,228 : INFO : EventManager : Event: ======'mode_base_will_start'====== Args={'queue': <QueuedEvent>, 'player': 1, 'ball': 2, 'balls_remaining': 1, 'is_extra_ball': False}
2024-11-05 20:00:24,233 : INFO : EventManager : Event: ======'mode_base_starting'====== Args={'queue': <QueuedEvent>, 'player': 1, 'ball': 2, 'balls_remaining': 1, 'is_extra_ball': False}
2024-11-05 20:00:24,233 : INFO : drop_target_bank.upper : All targets are already up. Will not reset bank.
2024-11-05 20:00:24,233 : INFO : drop_target_bank.lower : All targets are already up. Will not reset bank.
2024-11-05 20:00:24,233 : INFO : Mode.base : Started. Priority: 100
2024-11-05 20:00:24,233 : INFO : EventManager : Event: ======'modes_active_modes_changed'====== Args={}
2024-11-05 20:00:24,233 : INFO : EventManager : Event: ======'mode_base_started'====== Args={'queue': <QueuedEvent>, 'player': 1, 'ball': 2, 'balls_remaining': 1, 'is_extra_ball': False}
2024-11-05 20:00:24,233 : INFO : EventManager : Event: ======'balls_in_play'====== Args={'balls': 1}
2024-11-05 20:00:24,234 : INFO : EventManager : Event: ======'ball_started'====== Args={'player': 1, 'ball': 2, 'balls_remaining': 1, 'is_extra_ball': False}
2024-11-05 20:00:24,237 : INFO : EventManager : Event: ======'single_player_ball_started'====== Args={}
2024-11-05 20:00:24,237 : INFO : EventManager : Event: ======'ball_start_target'====== Args={'target': 'playfield'}
2024-11-05 20:00:24,237 : INFO : ball_device.bd_drain : Setting up player-controlled eject. Balls: 1, Target: <playfield.playfield>, player_controlled_eject_event: None
2024-11-05 20:00:24,237 : INFO : ball_device.bd_drain : Adding 1 ball(s) to the eject_queue with target <playfield.playfield>.
2024-11-05 20:00:24,237 : INFO : EventManager : Event: ======'balldevice_balls_available'====== Args={}
2024-11-05 20:00:24,237 : INFO : ball_device.bd_drain : State: waiting_for_target_ready
2024-11-05 20:00:24,237 : INFO : EventManager : Event: ======'balldevice_bd_drain_ball_eject_attempt'====== Args={'balls': 1, 'target': <playfield.playfield>, 'source': <ball_device.bd_drain>, 'mechanical_eject': False, 'num_attempts': 0}
2024-11-05 20:00:24,238 : INFO : ball_device.bd_drain : State: ejecting
2024-11-05 20:00:24,238 : INFO : ball_device.bd_drain : Ejecting ball to <playfield.playfield>
2024-11-05 20:00:24,238 : INFO : EventManager : Event: ======'balldevice_bd_drain_ejecting_ball'====== Args={'balls': 1, 'target': <playfield.playfield>, 'source': <ball_device.bd_drain>, 'mechanical_eject': False, 'num_attempts': 0}
2024-11-05 20:00:24,238 : INFO : ball_device.bd_drain : Wait for ball to leave device
2024-11-05 20:00:24,238 : INFO : coil.c_main_outhole : Pulsing Driver for 60ms (1.0 pulse_power)
2024-11-05 20:00:24,252 : INFO : EventManager : Event: ======'slide_base_created'====== Args={'_from_bcp': True}
2024-11-05 20:00:24,252 : INFO : EventManager : Event: ======'slide_base_inactive'====== Args={'is_removing': True, '_from_bcp': True}
2024-11-05 20:00:24,252 : INFO : EventManager : Event: ======'slide_base_active'====== Args={'original_context': 'base', 'original_calling_context': 'mode_base_started', 'priority': 100.0, 'queue': '<QueuedEvent>', 'player': 1.0, 'ball': 2.0, 'balls_remaining': 1.0, 'is_extra_ball': False, 'cmd': 'slides_play', '_from_bcp': True}
2024-11-05 20:00:24,253 : INFO : EventManager : Event: ======'slide_base_removed'====== Args={'_from_bcp': True}
2024-11-05 20:00:26,117 : INFO : SwitchController : <<<<<<< 's_main_outhole' inactive >>>>>>>
2024-11-05 20:00:26,118 : INFO : ball_device.bd_drain : State: ball_left
2024-11-05 20:00:26,118 : INFO : ball_device.bd_drain : Ball left
2024-11-05 20:00:26,118 : INFO : ball_device.bd_drain : Wait for confirm with timeout 10.0
2024-11-05 20:00:28,869 : INFO : SwitchController : <<<<<<< 's_main_5_target' active >>>>>>>
2024-11-05 20:00:28,869 : INFO : EventManager : Event: ======'playfield_active'====== Args={'source': 'main_5'}
2024-11-05 20:00:28,869 : INFO : EventManager : Event: ======'s_main_5_target_active'====== Args={}
2024-11-05 20:00:28,869 : INFO : EventManager : Event: ======'playfield_active'====== Args={'source': 'main_5_target'}
2024-11-05 20:00:28,870 : INFO : EventManager : Event: ======'machine_var_audits_switches_s_main_5_target'====== Args={'value': 53, 'prev_value': 52, 'change': 1}
2024-11-05 20:00:28,870 : INFO : EventManager : Event: ======'player_shot_main_5'====== Args={'value': 1, 'prev_value': 0, 'change': 1, 'player_num': 1}
2024-11-05 20:00:28,870 : INFO : EventManager : Event: ======'machine_var_audits_shots_main_5'====== Args={'value': 19, 'prev_value': 18, 'change': 1}
2024-11-05 20:00:28,871 : INFO : EventManager : Event: ======'main_5_hit'====== Args={'profile': 'default', 'state': 'unlit', 'advancing': True}
2024-11-05 20:00:28,874 : INFO : EventManager : Event: ======'main_5_default_hit'====== Args={'profile': 'default', 'state': 'unlit', 'advancing': True}
2024-11-05 20:00:28,875 : INFO : EventManager : Event: ======'main_5_default_unlit_hit'====== Args={'profile': 'default', 'state': 'unlit', 'advancing': True}
2024-11-05 20:00:28,875 : INFO : EventManager : Event: ======'main_5_unlit_hit'====== Args={'profile': 'default', 'state': 'unlit', 'advancing': True}
2024-11-05 20:00:28,875 : INFO : EventManager : Event: ======'player_score'====== Args={'value': 25620, 'prev_value': 25120, 'change': 500, 'player_num': 1, 'source': 'base'}
2024-11-05 20:00:28,877 : INFO : ball_device.bd_drain : Got eject confirm
2024-11-05 20:00:28,877 : INFO : ball_device.bd_drain : Eject successful
2024-11-05 20:00:28,877 : INFO : EventManager : Event: ======'balldevice_bd_drain_ball_eject_success'====== Args={'balls': 1, 'target': <playfield.playfield>}
2024-11-05 20:00:28,877 : INFO : EventManager : Event: ======'balldevice_playfield_ball_enter'====== Args={'new_balls': 1, 'unclaimed_balls': 1, 'device': <playfield.playfield>}
2024-11-05 20:00:28,877 : INFO : EventManager : Event: ======'playfield_ball_count_change'====== Args={'balls': 1, 'change': 1}
2024-11-05 20:00:28,877 : INFO : EventManager : Event: ======'balldevice_bd_drain_ball_count_changed'====== Args={'balls': 0}
2024-11-05 20:00:28,877 : INFO : ball_device.bd_drain : State: idle
2024-11-05 20:00:28,989 : INFO : SwitchController : <<<<<<< 's_main_5_target' inactive >>>>>>>
2024-11-05 20:00:29,821 : INFO : SwitchController : <<<<<<< 's_main_5_target' active >>>>>>>
2024-11-05 20:00:29,821 : INFO : EventManager : Event: ======'s_main_5_target_active'====== Args={}
2024-11-05 20:00:29,821 : INFO : EventManager : Event: ======'machine_var_audits_switches_s_main_5_target'====== Args={'value': 54, 'prev_value': 53, 'change': 1}
2024-11-05 20:00:29,822 : INFO : EventManager : Event: ======'machine_var_audits_shots_main_5'====== Args={'value': 20, 'prev_value': 19, 'change': 1}
2024-11-05 20:00:29,822 : INFO : EventManager : Event: ======'main_5_hit'====== Args={'profile': 'default', 'state': 'lit', 'advancing': False}
2024-11-05 20:00:29,822 : INFO : EventManager : Event: ======'main_5_default_hit'====== Args={'profile': 'default', 'state': 'lit', 'advancing': False}
2024-11-05 20:00:29,823 : INFO : EventManager : Event: ======'main_5_default_lit_hit'====== Args={'profile': 'default', 'state': 'lit', 'advancing': False}
2024-11-05 20:00:29,823 : INFO : EventManager : Event: ======'main_5_lit_hit'====== Args={'profile': 'default', 'state': 'lit', 'advancing': False}
2024-11-05 20:00:29,823 : INFO : EventManager : Event: ======'player_score'====== Args={'value': 26120, 'prev_value': 25620, 'change': 500, 'player_num': 1, 'source': 'base'}
2024-11-05 20:00:29,925 : INFO : SwitchController : <<<<<<< 's_main_5_target' inactive >>>>>>>
2024-11-05 20:00:30,109 : INFO : SwitchController : <<<<<<< 's_main_5_target' active >>>>>>>
2024-11-05 20:00:30,109 : INFO : EventManager : Event: ======'s_main_5_target_active'====== Args={}
2024-11-05 20:00:30,109 : INFO : EventManager : Event: ======'machine_var_audits_switches_s_main_5_target'====== Args={'value': 55, 'prev_value': 54, 'change': 1}
2024-11-05 20:00:30,110 : INFO : EventManager : Event: ======'machine_var_audits_shots_main_5'====== Args={'value': 21, 'prev_value': 20, 'change': 1}
2024-11-05 20:00:30,110 : INFO : EventManager : Event: ======'main_5_hit'====== Args={'profile': 'default', 'state': 'lit', 'advancing': False}
2024-11-05 20:00:30,110 : INFO : EventManager : Event: ======'main_5_default_hit'====== Args={'profile': 'default', 'state': 'lit', 'advancing': False}
2024-11-05 20:00:30,110 : INFO : EventManager : Event: ======'main_5_default_lit_hit'====== Args={'profile': 'default', 'state': 'lit', 'advancing': False}
2024-11-05 20:00:30,111 : INFO : EventManager : Event: ======'main_5_lit_hit'====== Args={'profile': 'default', 'state': 'lit', 'advancing': False}
2024-11-05 20:00:30,111 : INFO : EventManager : Event: ======'player_score'====== Args={'value': 26620, 'prev_value': 26120, 'change': 500, 'player_num': 1, 'source': 'base'}
2024-11-05 20:00:30,189 : INFO : SwitchController : <<<<<<< 's_main_5_target' inactive >>>>>>>
2024-11-05 20:00:43,364 : INFO : Machine : Shutting down...
2024-11-05 20:00:43,364 : INFO : EventManager : Event: ======'shutdown'====== Args={}
2024-11-05 20:00:43,365 : INFO : EventManager : Event: ======'mode_game_will_stop'====== Args={}
2024-11-05 20:00:43,365 : INFO : EventManager : Event: ======'mode_game_stopping'====== Args={}
2024-11-05 20:00:43,365 : INFO : EventManager : Event: ======'mode_base_will_stop'====== Args={}
2024-11-05 20:00:43,365 : INFO : EventManager : Event: ======'mode_base_stopping'====== Args={}
2024-11-05 20:00:43,365 : INFO : Mode.base : Stopped.
2024-11-05 20:00:43,365 : INFO : EventManager : Event: ======'modes_active_modes_changed'====== Args={}
2024-11-05 20:00:43,365 : INFO : EventManager : Event: ======'mode_base_stopped'====== Args={}
2024-11-05 20:00:43,365 : INFO : EventManager : Event: ======'clear'====== Args={'key': 'base'}
2024-11-05 20:00:43,367 : INFO : Mode.game : Stopped.
2024-11-05 20:00:43,367 : INFO : EventManager : Event: ======'modes_active_modes_changed'====== Args={}
2024-11-05 20:00:43,367 : INFO : EventManager : Event: ======'mode_game_stopped'====== Args={}
2024-11-05 20:00:43,367 : INFO : EventManager : Event: ======'clear'====== Args={'key': 'game'}
2024-11-05 20:00:43,381 : INFO : root : MPF run loop ended.
