2024-11-03 10:14:49,881 : INFO : root : Loading config.
2024-11-03 10:14:49,882 : INFO : YamlMultifileConfigLoader : Machine config file #1: config.yaml
2024-11-03 10:14:49,883 : INFO : ConfigProcessor : Loading config from cache: /tmp/248da7825a7099821037453685569d45.mpf_cache
2024-11-03 10:14:49,907 : INFO : ConfigProcessor : Loading config from cache: /tmp/95514865456cf95aac1ab02b2b9c91d4.mpf_cache
2024-11-03 10:14:49,908 : INFO : ConfigProcessor : Loading config from cache: /tmp/03ef85df1864fb5ef5b7e38cbf9eb8a8.mpf_cache
2024-11-03 10:14:49,908 : INFO : ConfigProcessor : Loading config from cache: /tmp/6dcc9600f5dbf9a99f5346cc5ca34ea9.mpf_cache
2024-11-03 10:14:49,908 : INFO : ConfigProcessor : Loading config from cache: /tmp/95514865456cf95aac1ab02b2b9c91d4.mpf_cache
2024-11-03 10:14:49,908 : INFO : ConfigProcessor : Loading config from cache: /tmp/2e5ac6493c6686883ff244e5da957f67.mpf_cache
2024-11-03 10:14:49,908 : INFO : Machine : Mission Pinball Framework Core Engine v0.80.0.dev5
2024-11-03 10:14:49,908 : INFO : Machine : Command line arguments: {'no_load_cache': False, 'create_config_cache': True, 'bcp': True, 'configfile': ['config.yaml'], 'force_assets_load': False, 'platform_integration_test': False, 'jsonlogging': False, 'logfile': 'logs/2024-11-03-10-14-49-mpf-caw-System-Product-Name.log', 'pause': False, 'production': False, 'text_ui': True, 'loglevel': 15, 'consoleloglevel': 20, 'force_platform': None, 'syslog_address': None, 'full_logfile_path': '/home/caw/pinball/hauntedhouse/logs/2024-11-03-10-14-49-mpf-caw-System-Product-Name.log'}
2024-11-03 10:14:49,908 : INFO : Machine : MPF path: /home/caw/miniconda3/envs/envp311/lib/python3.11/site-packages/mpf
2024-11-03 10:14:49,909 : INFO : Machine : Machine path: /home/caw/pinball/hauntedhouse
2024-11-03 10:14:49,909 : INFO : Machine : Platform: linux
2024-11-03 10:14:49,909 : INFO : Machine : Python executable location: /home/caw/miniconda3/envs/envp311/bin/python
2024-11-03 10:14:49,909 : INFO : Machine : Python version: 3.11.10 (64-bit)
2024-11-03 10:14:49,909 : INFO : Machine : Initializing MPF...
2024-11-03 10:14:49,936 : INFO : P-Roc : Connecting to P-ROC
2024-11-03 10:14:50,023 : INFO : P-Roc : Successfully connected to P-ROC/P3-ROC. Firmware Version: 2. Firmware Revision: 6. Hardware Board ID: 1
2024-11-03 10:14:50,023 : WARNING : P-Roc : Consider upgrading the firmware of your P/P3-Roc to at least 2.14. Your version contains known bugs. See: https://missionpinball.org/logs
2024-11-03 10:14:50,030 : INFO : EventManager : Event: ======'machine_var_p_roc_version'====== Args={'value': 2, 'prev_value': None, 'change': True}
2024-11-03 10:14:50,030 : INFO : EventManager : Event: ======'machine_var_p_roc_revision'====== Args={'value': 6, 'prev_value': None, 'change': True}
2024-11-03 10:14:50,030 : INFO : EventManager : Event: ======'machine_var_p_roc_hardware_version'====== Args={'value': 1, 'prev_value': None, 'change': True}
2024-11-03 10:14:50,030 : INFO : EventManager : Event: ======'machine_var_credits_string'====== Args={'value': 'FREE PLAY', 'prev_value': None, 'change': True}
2024-11-03 10:14:50,040 : INFO : EventManager : Event: ======'machine_var_player1_score'====== Args={'value': 75800, 'prev_value': None, 'change': True}
2024-11-03 10:14:50,040 : INFO : EventManager : Event: ======'machine_var_master_volume'====== Args={'value': 0.5, 'prev_value': None, 'change': True}
2024-11-03 10:14:50,040 : INFO : EventManager : Event: ======'machine_var_mpf_version'====== Args={'value': 'Mission Pinball Framework v0.80.0.dev5', 'prev_value': None, 'change': True}
2024-11-03 10:14:50,040 : INFO : EventManager : Event: ======'machine_var_mpf_extended_version'====== Args={'value': 'Mission Pinball Framework v0.80.0.dev5, Config version:6, Show version: 6, BCP version:1.1', 'prev_value': None, 'change': True}
2024-11-03 10:14:50,040 : INFO : EventManager : Event: ======'machine_var_python_version'====== Args={'value': '3.11.10', 'prev_value': None, 'change': True}
2024-11-03 10:14:50,042 : INFO : EventManager : Event: ======'machine_var_platform'====== Args={'value': 'Linux-6.8.0-48-generic-x86_64-with-glibc2.39', 'prev_value': None, 'change': True}
2024-11-03 10:14:50,042 : INFO : EventManager : Event: ======'machine_var_platform_system'====== Args={'value': 'Linux', 'prev_value': None, 'change': True}
2024-11-03 10:14:50,042 : INFO : EventManager : Event: ======'machine_var_platform_release'====== Args={'value': '6.8.0-48-generic', 'prev_value': None, 'change': True}
2024-11-03 10:14:50,042 : INFO : EventManager : Event: ======'machine_var_platform_version'====== Args={'value': '#48-Ubuntu SMP PREEMPT_DYNAMIC Fri Sep 27 14:04:52 UTC 2024', 'prev_value': None, 'change': True}
2024-11-03 10:14:50,042 : INFO : EventManager : Event: ======'machine_var_platform_machine'====== Args={'value': 'x86_64', 'prev_value': None, 'change': True}
2024-11-03 10:14:50,042 : INFO : EventManager : Event: ======'machine_var_log_file_path'====== Args={'value': '/home/caw/pinball/hauntedhouse/logs/2024-11-03-10-14-49-mpf-caw-System-Product-Name.log', 'prev_value': None, 'change': True}
2024-11-03 10:14:50,042 : INFO : EventManager : Event: ======'init_phase_1'====== Args={}
2024-11-03 10:14:50,075 : INFO : EventManager : Event: ======'drop_target_bank_upper_up'====== Args={}
2024-11-03 10:14:50,075 : INFO : EventManager : Event: ======'drop_target_bank_lower_up'====== Args={}
2024-11-03 10:14:50,075 : INFO : EventManager : Event: ======'init_phase_2'====== Args={}
2024-11-03 10:14:50,095 : INFO : EventManager : Event: ======'bcp_connection_attempt'====== Args={'name': 'local_display', 'host': 'localhost', 'port': 5050}
2024-11-03 10:14:50,096 : INFO : BCPClientSocket : Connecting BCP to 'local_display' at localhost:5050...
2024-11-03 10:15:49,617 : INFO : Machine : Starting the main run loop with active modes: []
2024-11-03 10:15:49,618 : WARNING : Machine : Attract mode is not active, game will not be playable. Please check your attract mode configuration.
2024-11-03 10:15:49,618 : INFO : Machine : Shutting down...
2024-11-03 10:15:49,618 : INFO : EventManager : Event: ======'shutdown'====== Args={}
2024-11-03 10:15:50,620 : INFO : root : MPF run loop ended.
